<?xml version="1.0"?>
<soapenv:Envelope xmlns:soapenv="http://schemas.xmlsoap.org/soap/envelope/" xmlns:wsse="http://docs.oasis-open.org/wss/2004/01/oasis-200401-wss-wssecurity-secext-1.0.xsd" xmlns:wsu="http://docs.oasis-open.org/wss/2004/01/oasis-200401-wss-wssecurity-utility-1.0.xsd">
  <soapenv:Header>
    <MessageAddressing xmlns="http://sys.svc.tennet.nl/MMCHub/Header/v1">
      <technicalMessageId>1b85e0c0-fb12-47e9-8eb7-2e4c2bf55a9c</technicalMessageId>
      <correlationId>1b85e0c0-fb12-47e9-8eb7-2e4c2bf55a9c</correlationId>
      <senderId>8719333027500</senderId>
      <receiverId>8716867999983</receiverId>
      <carrierId>8719333027500</carrierId>
      <contentType>ACTIVATED_FCR</contentType>
    </MessageAddressing>
  <wsse:Security soapenv:mustUnderstand="1"><wsse:BinarySecurityToken EncodingType="http://docs.oasis-open.org/wss/2004/01/oasis-200401-wss-soap-message-security-1.0#Base64Binary" wsu:Id="pfxdef6212c-c2f2-4823-d2ea-62c366313a0d" ValueType="http://docs.oasis-open.org/wss/2004/01/oasis-200401-wss-x509-token-profile-1.0#X509v3">MIIGNjCCBB6gAwIBAgIQAjudA9L/gOg5IBSTwOERjjANBgkqhkiG9w0BAQsFADBiMQswCQYDVQQGEwJVUzEXMBUGA1UEChMORGlnaUNlcnQsIEluYy4xOjA4BgNVBAMTMURpZ2lDZXJ0IEFzc3VyZWQgRzIgU01JTUUgUlNBNDA5NiBTSEEzODQgMjAyNCBDQTEwHhcNMjUwMTMwMDAwMDAwWhcNMjgwMTI5MjM1OTU5WjBsMRcwFQYDVQRhEw5OVFJOTC03MzEwMjQzMTELMAkGA1UEBhMCTkwxDzANBgNVBAcTBlZlZ2hlbDEUMBIGA1UEChMLQ292b2x0IEIuVi4xHTAbBgNVBAMMFHNlcnZpY2UtbmxAY292b2x0LmV1MIIBIjANBgkqhkiG9w0BAQEFAAOCAQ8AMIIBCgKCAQEA3668ejzvq08G4a4Qv1b0RqkGeKYa44ZAby9hr4n4xUkDo2THUjFku68YBLpqnl3FgA8utdQWX+YAYArsJzZ2cMolIDWw1A9ykItXwE+rNt1npVVlPonFSd7WPm0+20m9xwd3P16gSVHbjiUq/8J1en5zCGkTCgK6x7tyEbceMEwnRWHgxlqaRT2zYcDb3YkeC2pNyPKWXQvhV82br7+ZT2tVZ0Jz7PDPysR8ndIg5yjhNkaG+SHC4nzd/uLvkWGxkRafeqBWMS5NLPhxE4DQQUFWMOxTnwWy3KEr+qkOFhgMZEBmV1K06aZR1Au1Ih8ymW31r4RfcMi2ZxMvYFPTdwIDAQABo4IB3DCCAdgwHwYDVR0jBBgwFoAU95uiTtOXxfQ0D0MOgYXOkZMyr/kwHQYDVR0OBBYEFLgTYirHqTnZxKHMXW3GD6Hz8IvEMB8GA1UdEQQYMBaBFHNlcnZpY2UtbmxAY292b2x0LmV1MBQGA1UdIAQNMAswCQYHZ4EMAQUDATAOBgNVHQ8BAf8EBAMCB4AwEwYDVR0lBAwwCgYIKwYBBQUHAwQwgakGA1UdHwSBoTCBnjBNoEugSYZHaHR0cDovL2NybDMuZGlnaWNlcnQuY29tL0RpZ2lDZXJ0QXNzdXJlZEcyU01JTUVSU0E0MDk2U0hBMzg0MjAyNENBMS5jcmwwTaBLoEmGR2h0dHA6Ly9jcmw0LmRpZ2ljZXJ0LmNvbS9EaWdpQ2VydEFzc3VyZWRHMlNNSU1FUlNBNDA5NlNIQTM4NDIwMjRDQTEuY3JsMIGNBggrBgEFBQcBAQSBgDB+MCQGCCsGAQUFBzABhhhodHRwOi8vb2NzcC5kaWdpY2VydC5jb20wVgYIKwYBBQUHMAKGSmh0dHA6Ly9jYWNlcnRzLmRpZ2ljZXJ0LmNvbS9EaWdpQ2VydEFzc3VyZWRHMlNNSU1FUlNBNDA5NlNIQTM4NDIwMjRDQTEuY3J0MA0GCSqGSIb3DQEBCwUAA4ICAQAU0bQs5wwskLLuJwD5f0Cgn2Rgolk1p6ZqeGpZNpUcgDvR7ZRdtOc+jGPVqHTX+mpxw0HTUMVw29xTTd76kQkvFnZB4V9oGuyB8sRhMMYKC4fcucD7dZT4KuPaiK3amomF7Em92SMIE0qQxGish2NaEyctNqpCoPj22nJDvGTz6jyjNb8z7tn+FXTuIScIUnQyoKrWyvsknK6FV8ApaHpcDAWRrTAqTVjik9JOKkb6uzPAt+V60I+DTBjMqhimpEpwbGV6ksW3BJV58gBkICRxMT2AJM8wB8ZWRogG/AYV+csPeLNhi6CTbfe6rWaNw4sYYaDQnF2IgdCtZB4S8ktDXMWs3W4nY6wJM3fcWOTag3WiG/WetPobSSK2Vl4RPp57Po+eMW7QaiB83W2FVaVDUstS8DfBym7AgIxThT/v/B+W9T1nOfwSd9HTMcprYghMHxsBe50nTOUimSeOQxbWfH9u8O7TVMkVlu3nj49Xrc1Bw74FJ+pYSeuSUwiJkDqjay44za3m4zfncgwfN7cWbI2WCOqSH2wggy8LNmXg65m1r1axVjzTU0iwDQ6UO4smO6bv9VuLic9wP/dPmG3qERvE+kIYcT4UjpyRyMX+MYcw+xbcm/+q4QSNIVvWR8j+L1rkT63sm9j7XgfC/N7ZIuY+Slptf8QMqc8zt5l1Yg==</wsse:BinarySecurityToken><ds:Signature xmlns:ds="http://www.w3.org/2000/09/xmldsig#">
  <ds:SignedInfo><ds:CanonicalizationMethod Algorithm="http://www.w3.org/2001/10/xml-exc-c14n#"/>
    <ds:SignatureMethod Algorithm="http://www.w3.org/2001/04/xmldsig-more#rsa-sha256"/>
  <ds:Reference URI="#pfx3dc77f3d-842c-aea0-c5c4-89189c7ff384"><ds:Transforms><ds:Transform Algorithm="http://www.w3.org/2001/10/xml-exc-c14n#"/></ds:Transforms><ds:DigestMethod Algorithm="http://www.w3.org/2000/09/xmldsig#sha1"/><ds:DigestValue>9SP7ZbH+TML0t559RwAaLi1b0uA=</ds:DigestValue></ds:Reference></ds:SignedInfo><ds:SignatureValue>A5rrbLIlCk5XwkkbHO1HNNIxu8wSqaw0wodlUvbxLWXG4vHsTjzraNaQH12jJYxanbuYzfmC1q9SbDlG8XTytXYNuW16loYSHHPE3pBsZcB/TbvoQOrKU1mQ+8e2YHKyOoUTPE/gKAQWA1U7wDTbMEQHFtLbLlnWro3w0mI+Pv92DrLxQ8A+liUOzFnSIlv2vLUqtOj5zsKc5udDhKVBXI/CDFaYVQgbjir1ql3ejs78BIraZAdOT6ui6PkFh06GNleYqJeWTuDVh+L+DjPl2g9yyxLoAA/sUiu6v49BccVRGAcOfqrXlwgy3tZx9iaRohKwmPJ99uVRqoD12l4j2A==</ds:SignatureValue>
<ds:KeyInfo><wsse:SecurityTokenReference><wsse:Reference ValueType="http://docs.oasis-open.org/wss/2004/01/oasis-200401-wss-x509-token-profile-1.0#X509v3" URI="#pfxdef6212c-c2f2-4823-d2ea-62c366313a0d"/></wsse:SecurityTokenReference></ds:KeyInfo></ds:Signature></wsse:Security></soapenv:Header>
  <soapenv:Body wsu:Id="pfx3dc77f3d-842c-aea0-c5c4-89189c7ff384"><EnergyAccount_MarketDocument xmlns="urn:iec62325.351:tc57wg16:451-4:energyaccountdocument:4:0"><mRID>DOC-FCR-19062025-5A-0002</mRID><revisionNumber>1</revisionNumber><type>A45</type><docStatus><value>A07</value></docStatus><process.processType>A28</process.processType><process.classificationType>A02</process.classificationType><sender_MarketParticipant.mRID codingScheme="A10">8719333027500</sender_MarketParticipant.mRID><sender_MarketParticipant.marketRole.type>A12</sender_MarketParticipant.marketRole.type><receiver_MarketParticipant.mRID codingScheme="A10">8716867999983</receiver_MarketParticipant.mRID><receiver_MarketParticipant.marketRole.type>A04</receiver_MarketParticipant.marketRole.type><createdDateTime>2025-06-19T05:00:00Z</createdDateTime><period.timeInterval><start>2025-06-17T22:00Z</start><end>2025-06-18T22:00Z</end></period.timeInterval><TimeSeries><mRID>TS-20250618-01</mRID><businessType>A11</businessType><product>8716867000016</product><objectAggregation>A02</objectAggregation><area_Domain.mRID codingScheme="A01">10YNL----------L</area_Domain.mRID><measure_Unit.name>MAW</measure_Unit.name><currency_Unit.name>EUR</currency_Unit.name><marketEvaluationPoint.mRID codingScheme="A01">871687910000500037</marketEvaluationPoint.mRID><Period><timeInterval><start>2025-06-17T22:00Z</start><end>2025-06-18T02:00Z</end></timeInterval><resolution>PT1S</resolution><Point><position>1</position><in_Quantity.quantity>0.000000</in_Quantity.quantity><out_Quantity.quantity>130.408039</out_Quantity.quantity></Point><Point><position>2</position><in_Quantity.quantity>0.000000</in_Quantity.quantity><out_Quantity.quantity>256.052613</out_Quantity.quantity></Point><Point><position>3</position><in_Quantity.quantity>0.000000</in_Quantity.quantity><out_Quantity.quantity>794.082165</out_Quantity.quantity></Point><Point><position>4</position><in_Quantity.quantity>0.000000</in_Quantity.quantity><out_Quantity.quantity>741.201228</out_Quantity.quantity></Point><Point><position>5</position><in_Quantity.quantity>0.000000</in_Quantity.quantity><out_Quantity.quantity>870.654842</out_Quantity.quantity></Point><Point><position>6</position><in_Quantity.quantity>0.000000</in_Quantity.quantity><out_Quantity.quantity>853.063625</out_Quantity.quantity></Point><Point><position>7</position><in_Quantity.quantity>0.000000</in_Quantity.quantity><out_Quantity.quantity>579.776307</out_Quantity.quantity></Point><Point><position>8</position><in_Quantity.quantity>0.000000</in_Quantity.quantity><out_Quantity.quantity>558.433559</out_Quantity.quantity></Point><Point><position>9</position><in_Quantity.quantity>0.000000</in_Quantity.quantity><out_Quantity.quantity>84.339143</out_Quantity.quantity></Point><Point><position>10</position><in_Quantity.quantity>0.000000</in_Quantity.quantity><out_Quantity.quantity>507.885195</out_Quantity.quantity></Point><Point><position>11</position><in_Quantity.quantity>0.000000</in_Quantity.quantity><out_Quantity.quantity>177.733313</out_Quantity.quantity></Point><Point><position>12</position><in_Quantity.quantity>0.000000</in_Quantity.quantity><out_Quantity.quantity>188.038929</out_Quantity.quantity></Point><Point><position>13</position><in_Quantity.quantity>0.000000</in_Quantity.quantity><out_Quantity.quantity>751.723550</out_Quantity.quantity></Point><Point><position>14</position><in_Quantity.quantity>0.000000</in_Quantity.quantity><out_Quantity.quantity>86.929025</out_Quantity.quantity></Point><Point><position>15</position><in_Quantity.quantity>0.000000</in_Quantity.quantity><out_Quantity.quantity>548.793863</out_Quantity.quantity></Point><Point><position>16</position><in_Quantity.quantity>0.000000</in_Quantity.quantity><out_Quantity.quantity>41.998757</out_Quantity.quantity></Point><Point><position>17</position><in_Quantity.quantity>0.000000</in_Quantity.quantity><out_Quantity.quantity>311.908359</out_Quantity.quantity></Point><Point><position>18</position><in_Quantity.quantity>0.000000</in_Quantity.quantity><out_Quantity.quantity>445.698193</out_Quantity.quantity></Point><Point><position>19</position><in_Quantity.quantity>0.000000</in_Quantity.quantity><out_Quantity.quantity>214.205663</out_Quantity.quantity></Point><Point><position>20</position><in_Quantity.quantity>0.000000</in_Quantity.quantity><out_Quantity.quantity>340.521374</out_Quantity.quantity></Point><Point><position>21</position><in_Quantity.quantity>0.000000</in_Quantity.quantity><out_Quantity.quantity>745.693809</out_Quantity.quantity></Point><Point><position>22</position><in_Quantity.quantity>0.000000</in_Quantity.quantity><out_Quantity.quantity>457.450449</out_Quantity.quantity></Point><Point><position>23</position><in_Quantity.quantity>0.000000</in_Quantity.quantity><out_Quantity.quantity>562.463454</out_Quantity.quantity></Point><Point><position>24</position><in_Quantity.quantity>0.000000</in_Quantity.quantity><out_Quantity.quantity>876.066994</out_Quantity.quantity></Point><Point><position>25</position><in_Quantity.quantity>0.000000</in_Quantity.quantity><out_Quantity.quantity>957.250499</out_Quantity.quantity></Point><Point><position>26</position><in_Quantity.quantity>0.000000</in_Quantity.quantity><out_Quantity.quantity>489.912295</out_Quantity.quantity></Point><Point><position>27</position><in_Quantity.quantity>0.000000</in_Quantity.quantity><out_Quantity.quantity>444.945235</out_Quantity.quantity></Point><Point><position>28</position><in_Quantity.quantity>0.000000</in_Quantity.quantity><out_Quantity.quantity>224.010509</out_Quantity.quantity></Point><Point><position>29</position><in_Quantity.quantity>0.000000</in_Quantity.quantity><out_Quantity.quantity>968.549120</out_Quantity.quantity></Point><Point><position>30</position><in_Quantity.quantity>0.000000</in_Quantity.quantity><out_Quantity.quantity>440.786290</out_Quantity.quantity></Point><Point><position>31</position><in_Quantity.quantity>0.000000</in_Quantity.quantity><out_Quantity.quantity>716.678212</out_Quantity.quantity></Point><Point><position>32</position><in_Quantity.quantity>0.000000</in_Quantity.quantity><out_Quantity.quantity>455.030841</out_Quantity.quantity></Point><Point><position>33</position><in_Quantity.quantity>0.000000</in_Quantity.quantity><out_Quantity.quantity>484.920521</out_Quantity.quantity></Point><Point><position>34</position><in_Quantity.quantity>0.000000</in_Quantity.quantity><out_Quantity.quantity>530.202307</out_Quantity.quantity></Point><Point><position>35</position><in_Quantity.quantity>0.000000</in_Quantity.quantity><out_Quantity.quantity>263.605902</out_Quantity.quantity></Point><Point><position>36</position><in_Quantity.quantity>0.000000</in_Quantity.quantity><out_Quantity.quantity>335.615317</out_Quantity.quantity></Point><Point><position>37</position><in_Quantity.quantity>0.000000</in_Quantity.quantity><out_Quantity.quantity>641.944381</out_Quantity.quantity></Point><Point><position>38</position><in_Quantity.quantity>0.000000</in_Quantity.quantity><out_Quantity.quantity>621.678355</out_Quantity.quantity></Point><Point><position>39</position><in_Quantity.quantity>0.000000</in_Quantity.quantity><out_Quantity.quantity>85.238395</out_Quantity.quantity></Point><Point><position>40</position><in_Quantity.quantity>0.000000</in_Quantity.quantity><out_Quantity.quantity>262.206427</out_Quantity.quantity></Point><Point><position>41</position><in_Quantity.quantity>0.000000</in_Quantity.quantity><out_Quantity.quantity>203.360296</out_Quantity.quantity></Point><Point><position>42</position><in_Quantity.quantity>0.000000</in_Quantity.quantity><out_Quantity.quantity>881.039870</out_Quantity.quantity></Point><Point><position>43</position><in_Quantity.quantity>0.000000</in_Quantity.quantity><out_Quantity.quantity>40.819453</out_Quantity.quantity></Point><Point><position>44</position><in_Quantity.quantity>0.000000</in_Quantity.quantity><out_Quantity.quantity>198.233161</out_Quantity.quantity></Point><Point><position>45</position><in_Quantity.quantity>0.000000</in_Quantity.quantity><out_Quantity.quantity>986.159945</out_Quantity.quantity></Point><Point><position>46</position><in_Quantity.quantity>0.000000</in_Quantity.quantity><out_Quantity.quantity>832.587469</out_Quantity.quantity></Point><Point><position>47</position><in_Quantity.quantity>0.000000</in_Quantity.quantity><out_Quantity.quantity>737.016913</out_Quantity.quantity></Point><Point><position>48</position><in_Quantity.quantity>0.000000</in_Quantity.quantity><out_Quantity.quantity>449.027722</out_Quantity.quantity></Point><Point><position>49</position><in_Quantity.quantity>0.000000</in_Quantity.quantity><out_Quantity.quantity>410.577622</out_Quantity.quantity></Point><Point><position>50</position><in_Quantity.quantity>0.000000</in_Quantity.quantity><out_Quantity.quantity>169.329896</out_Quantity.quantity></Point><Point><position>51</position><in_Quantity.quantity>0.000000</in_Quantity.quantity><out_Quantity.quantity>320.160754</out_Quantity.quantity></Point><Point><position>52</position><in_Quantity.quantity>0.000000</in_Quantity.quantity><out_Quantity.quantity>168.513926</out_Quantity.quantity></Point><Point><position>53</position><in_Quantity.quantity>0.000000</in_Quantity.quantity><out_Quantity.quantity>504.590616</out_Quantity.quantity></Point><Point><position>54</position><in_Quantity.quantity>0.000000</in_Quantity.quantity><out_Quantity.quantity>729.531614</out_Quantity.quantity></Point><Point><position>55</position><in_Quantity.quantity>0.000000</in_Quantity.quantity><out_Quantity.quantity>532.499815</out_Quantity.quantity></Point><Point><position>56</position><in_Quantity.quantity>0.000000</in_Quantity.quantity><out_Quantity.quantity>495.119005</out_Quantity.quantity></Point><Point><position>57</position><in_Quantity.quantity>0.000000</in_Quantity.quantity><out_Quantity.quantity>713.108516</out_Quantity.quantity></Point><Point><position>58</position><in_Quantity.quantity>0.000000</in_Quantity.quantity><out_Quantity.quantity>728.042680</out_Quantity.quantity></Point><Point><position>59</position><in_Quantity.quantity>0.000000</in_Quantity.quantity><out_Quantity.quantity>477.126973</out_Quantity.quantity></Point><Point><position>60</position><in_Quantity.quantity>0.000000</in_Quantity.quantity><out_Quantity.quantity>109.426840</out_Quantity.quantity></Point><Point><position>61</position><in_Quantity.quantity>0.000000</in_Quantity.quantity><out_Quantity.quantity>755.484768</out_Quantity.quantity></Point><Point><position>62</position><in_Quantity.quantity>0.000000</in_Quantity.quantity><out_Quantity.quantity>537.929317</out_Quantity.quantity></Point><Point><position>63</position><in_Quantity.quantity>0.000000</in_Quantity.quantity><out_Quantity.quantity>988.382294</out_Quantity.quantity></Point><Point><position>64</position><in_Quantity.quantity>0.000000</in_Quantity.quantity><out_Quantity.quantity>6.678433</out_Quantity.quantity></Point><Point><position>65</position><in_Quantity.quantity>0.000000</in_Quantity.quantity><out_Quantity.quantity>881.618893</out_Quantity.quantity></Point><Point><position>66</position><in_Quantity.quantity>0.000000</in_Quantity.quantity><out_Quantity.quantity>309.289838</out_Quantity.quantity></Point><Point><position>67</position><in_Quantity.quantity>0.000000</in_Quantity.quantity><out_Quantity.quantity>712.336344</out_Quantity.quantity></Point><Point><position>68</position><in_Quantity.quantity>0.000000</in_Quantity.quantity><out_Quantity.quantity>147.866143</out_Quantity.quantity></Point><Point><position>69</position><in_Quantity.quantity>0.000000</in_Quantity.quantity><out_Quantity.quantity>548.784289</out_Quantity.quantity></Point><Point><position>70</position><in_Quantity.quantity>0.000000</in_Quantity.quantity><out_Quantity.quantity>972.102208</out_Quantity.quantity></Point><Point><position>71</position><in_Quantity.quantity>0.000000</in_Quantity.quantity><out_Quantity.quantity>107.871625</out_Quantity.quantity></Point><Point><position>72</position><in_Quantity.quantity>0.000000</in_Quantity.quantity><out_Quantity.quantity>980.161527</out_Quantity.quantity></Point><Point><position>73</position><in_Quantity.quantity>0.000000</in_Quantity.quantity><out_Quantity.quantity>126.422166</out_Quantity.quantity></Point><Point><position>74</position><in_Quantity.quantity>0.000000</in_Quantity.quantity><out_Quantity.quantity>232.538850</out_Quantity.quantity></Point><Point><position>75</position><in_Quantity.quantity>0.000000</in_Quantity.quantity><out_Quantity.quantity>803.654565</out_Quantity.quantity></Point><Point><position>76</position><in_Quantity.quantity>0.000000</in_Quantity.quantity><out_Quantity.quantity>225.299542</out_Quantity.quantity></Point><Point><position>77</position><in_Quantity.quantity>0.000000</in_Quantity.quantity><out_Quantity.quantity>239.142831</out_Quantity.quantity></Point><Point><position>78</position><in_Quantity.quantity>0.000000</in_Quantity.quantity><out_Quantity.quantity>860.598171</out_Quantity.quantity></Point><Point><position>79</position><in_Quantity.quantity>0.000000</in_Quantity.quantity><out_Quantity.quantity>938.916916</out_Quantity.quantity></Point><Point><position>80</position><in_Quantity.quantity>0.000000</in_Quantity.quantity><out_Quantity.quantity>700.921168</out_Quantity.quantity></Point><Point><position>81</position><in_Quantity.quantity>0.000000</in_Quantity.quantity><out_Quantity.quantity>436.577199</out_Quantity.quantity></Point><Point><position>82</position><in_Quantity.quantity>0.000000</in_Quantity.quantity><out_Quantity.quantity>830.058984</out_Quantity.quantity></Point><Point><position>83</position><in_Quantity.quantity>0.000000</in_Quantity.quantity><out_Quantity.quantity>498.789680</out_Quantity.quantity></Point><Point><position>84</position><in_Quantity.quantity>0.000000</in_Quantity.quantity><out_Quantity.quantity>6.276553</out_Quantity.quantity></Point><Point><position>85</position><in_Quantity.quantity>0.000000</in_Quantity.quantity><out_Quantity.quantity>520.460409</out_Quantity.quantity></Point><Point><position>86</position><in_Quantity.quantity>0.000000</in_Quantity.quantity><out_Quantity.quantity>198.388450</out_Quantity.quantity></Point><Point><position>87</position><in_Quantity.quantity>0.000000</in_Quantity.quantity><out_Quantity.quantity>338.765590</out_Quantity.quantity></Point><Point><position>88</position><in_Quantity.quantity>0.000000</in_Quantity.quantity><out_Quantity.quantity>814.104052</out_Quantity.quantity></Point><Point><position>89</position><in_Quantity.quantity>0.000000</in_Quantity.quantity><out_Quantity.quantity>732.935332</out_Quantity.quantity></Point><Point><position>90</position><in_Quantity.quantity>0.000000</in_Quantity.quantity><out_Quantity.quantity>126.994841</out_Quantity.quantity></Point><Point><position>91</position><in_Quantity.quantity>0.000000</in_Quantity.quantity><out_Quantity.quantity>615.465530</out_Quantity.quantity></Point><Point><position>92</position><in_Quantity.quantity>0.000000</in_Quantity.quantity><out_Quantity.quantity>301.862340</out_Quantity.quantity></Point><Point><position>93</position><in_Quantity.quantity>0.000000</in_Quantity.quantity><out_Quantity.quantity>304.708627</out_Quantity.quantity></Point><Point><position>94</position><in_Quantity.quantity>0.000000</in_Quantity.quantity><out_Quantity.quantity>917.883809</out_Quantity.quantity></Point><Point><position>95</position><in_Quantity.quantity>0.000000</in_Quantity.quantity><out_Quantity.quantity>465.765912</out_Quantity.quantity></Point><Point><position>96</position><in_Quantity.quantity>0.000000</in_Quantity.quantity><out_Quantity.quantity>579.411472</out_Quantity.quantity></Point><Point><position>97</position><in_Quantity.quantity>0.000000</in_Quantity.quantity><out_Quantity.quantity>292.644975</out_Quantity.quantity></Point><Point><position>98</position><in_Quantity.quantity>0.000000</in_Quantity.quantity><out_Quantity.quantity>68.120330</out_Quantity.quantity></Point><Point><position>99</position><in_Quantity.quantity>0.000000</in_Quantity.quantity><out_Quantity.quantity>645.918915</out_Quantity.quantity></Point><Point><position>100</position><in_Quantity.quantity>0.000000</in_Quantity.quantity><out_Quantity.quantity>861.382818</out_Quantity.quantity></Point><Point><position>101</position><in_Quantity.quantity>0.000000</in_Quantity.quantity><out_Quantity.quantity>269.930148</out_Quantity.quantity></Point><Point><position>102</position><in_Quantity.quantity>0.000000</in_Quantity.quantity><out_Quantity.quantity>177.640076</out_Quantity.quantity></Point><Point><position>103</position><in_Quantity.quantity>0.000000</in_Quantity.quantity><out_Quantity.quantity>417.605448</out_Quantity.quantity></Point><Point><position>104</position><in_Quantity.quantity>0.000000</in_Quantity.quantity><out_Quantity.quantity>459.682555</out_Quantity.quantity></Point><Point><position>105</position><in_Quantity.quantity>0.000000</in_Quantity.quantity><out_Quantity.quantity>456.173764</out_Quantity.quantity></Point><Point><position>106</position><in_Quantity.quantity>0.000000</in_Quantity.quantity><out_Quantity.quantity>467.144101</out_Quantity.quantity></Point><Point><position>107</position><in_Quantity.quantity>0.000000</in_Quantity.quantity><out_Quantity.quantity>949.641634</out_Quantity.quantity></Point><Point><position>108</position><in_Quantity.quantity>0.000000</in_Quantity.quantity><out_Quantity.quantity>816.335334</out_Quantity.quantity></Point><Point><position>109</position><in_Quantity.quantity>0.000000</in_Quantity.quantity><out_Quantity.quantity>318.012249</out_Quantity.quantity></Point><Point><position>110</position><in_Quantity.quantity>0.000000</in_Quantity.quantity><out_Quantity.quantity>554.007493</out_Quantity.quantity></Point><Point><position>111</position><in_Quantity.quantity>0.000000</in_Quantity.quantity><out_Quantity.quantity>772.794799</out_Quantity.quantity></Point><Point><position>112</position><in_Quantity.quantity>0.000000</in_Quantity.quantity><out_Quantity.quantity>912.383345</out_Quantity.quantity></Point><Point><position>113</position><in_Quantity.quantity>0.000000</in_Quantity.quantity><out_Quantity.quantity>723.455524</out_Quantity.quantity></Point><Point><position>114</position><in_Quantity.quantity>0.000000</in_Quantity.quantity><out_Quantity.quantity>16.323151</out_Quantity.quantity></Point><Point><position>115</position><in_Quantity.quantity>0.000000</in_Quantity.quantity><out_Quantity.quantity>976.904171</out_Quantity.quantity></Point><Point><position>116</position><in_Quantity.quantity>0.000000</in_Quantity.quantity><out_Quantity.quantity>968.790936</out_Quantity.quantity></Point><Point><position>117</position><in_Quantity.quantity>0.000000</in_Quantity.quantity><out_Quantity.quantity>445.938699</out_Quantity.quantity></Point><Point><position>118</position><in_Quantity.quantity>0.000000</in_Quantity.quantity><out_Quantity.quantity>22.415330</out_Quantity.quantity></Point><Point><position>119</position><in_Quantity.quantity>0.000000</in_Quantity.quantity><out_Quantity.quantity>252.219943</out_Quantity.quantity></Point><Point><position>120</position><in_Quantity.quantity>0.000000</in_Quantity.quantity><out_Quantity.quantity>204.667092</out_Quantity.quantity></Point><Point><position>121</position><in_Quantity.quantity>0.000000</in_Quantity.quantity><out_Quantity.quantity>238.636470</out_Quantity.quantity></Point><Point><position>122</position><in_Quantity.quantity>0.000000</in_Quantity.quantity><out_Quantity.quantity>164.027924</out_Quantity.quantity></Point><Point><position>123</position><in_Quantity.quantity>0.000000</in_Quantity.quantity><out_Quantity.quantity>846.727834</out_Quantity.quantity></Point><Point><position>124</position><in_Quantity.quantity>0.000000</in_Quantity.quantity><out_Quantity.quantity>822.944909</out_Quantity.quantity></Point><Point><position>125</position><in_Quantity.quantity>0.000000</in_Quantity.quantity><out_Quantity.quantity>953.791224</out_Quantity.quantity></Point><Point><position>126</position><in_Quantity.quantity>0.000000</in_Quantity.quantity><out_Quantity.quantity>649.357613</out_Quantity.quantity></Point><Point><position>127</position><in_Quantity.quantity>0.000000</in_Quantity.quantity><out_Quantity.quantity>265.941995</out_Quantity.quantity></Point><Point><position>128</position><in_Quantity.quantity>0.000000</in_Quantity.quantity><out_Quantity.quantity>161.360726</out_Quantity.quantity></Point><Point><position>129</position><in_Quantity.quantity>0.000000</in_Quantity.quantity><out_Quantity.quantity>778.309721</out_Quantity.quantity></Point><Point><position>130</position><in_Quantity.quantity>0.000000</in_Quantity.quantity><out_Quantity.quantity>800.174492</out_Quantity.quantity></Point><Point><position>131</position><in_Quantity.quantity>0.000000</in_Quantity.quantity><out_Quantity.quantity>315.242896</out_Quantity.quantity></Point><Point><position>132</position><in_Quantity.quantity>0.000000</in_Quantity.quantity><out_Quantity.quantity>36.173028</out_Quantity.quantity></Point><Point><position>133</position><in_Quantity.quantity>0.000000</in_Quantity.quantity><out_Quantity.quantity>618.282933</out_Quantity.quantity></Point><Point><position>134</position><in_Quantity.quantity>0.000000</in_Quantity.quantity><out_Quantity.quantity>136.687149</out_Quantity.quantity></Point><Point><position>135</position><in_Quantity.quantity>0.000000</in_Quantity.quantity><out_Quantity.quantity>563.745452</out_Quantity.quantity></Point><Point><position>136</position><in_Quantity.quantity>0.000000</in_Quantity.quantity><out_Quantity.quantity>916.343782</out_Quantity.quantity></Point><Point><position>137</position><in_Quantity.quantity>0.000000</in_Quantity.quantity><out_Quantity.quantity>235.043121</out_Quantity.quantity></Point><Point><position>138</position><in_Quantity.quantity>0.000000</in_Quantity.quantity><out_Quantity.quantity>557.368194</out_Quantity.quantity></Point><Point><position>139</position><in_Quantity.quantity>0.000000</in_Quantity.quantity><out_Quantity.quantity>850.248394</out_Quantity.quantity></Point><Point><position>140</position><in_Quantity.quantity>0.000000</in_Quantity.quantity><out_Quantity.quantity>540.820967</out_Quantity.quantity></Point><Point><position>141</position><in_Quantity.quantity>0.000000</in_Quantity.quantity><out_Quantity.quantity>738.750784</out_Quantity.quantity></Point><Point><position>142</position><in_Quantity.quantity>0.000000</in_Quantity.quantity><out_Quantity.quantity>732.010823</out_Quantity.quantity></Point><Point><position>143</position><in_Quantity.quantity>0.000000</in_Quantity.quantity><out_Quantity.quantity>43.311266</out_Quantity.quantity></Point><Point><position>144</position><in_Quantity.quantity>0.000000</in_Quantity.quantity><out_Quantity.quantity>396.449571</out_Quantity.quantity></Point><Point><position>145</position><in_Quantity.quantity>0.000000</in_Quantity.quantity><out_Quantity.quantity>716.627774</out_Quantity.quantity></Point><Point><position>146</position><in_Quantity.quantity>0.000000</in_Quantity.quantity><out_Quantity.quantity>430.261554</out_Quantity.quantity></Point><Point><position>147</position><in_Quantity.quantity>0.000000</in_Quantity.quantity><out_Quantity.quantity>885.504259</out_Quantity.quantity></Point><Point><position>148</position><in_Quantity.quantity>0.000000</in_Quantity.quantity><out_Quantity.quantity>775.855492</out_Quantity.quantity></Point><Point><position>149</position><in_Quantity.quantity>0.000000</in_Quantity.quantity><out_Quantity.quantity>809.129521</out_Quantity.quantity></Point><Point><position>150</position><in_Quantity.quantity>0.000000</in_Quantity.quantity><out_Quantity.quantity>569.526756</out_Quantity.quantity></Point><Point><position>151</position><in_Quantity.quantity>0.000000</in_Quantity.quantity><out_Quantity.quantity>491.043882</out_Quantity.quantity></Point><Point><position>152</position><in_Quantity.quantity>0.000000</in_Quantity.quantity><out_Quantity.quantity>976.850999</out_Quantity.quantity></Point><Point><position>153</position><in_Quantity.quantity>0.000000</in_Quantity.quantity><out_Quantity.quantity>912.297884</out_Quantity.quantity></Point><Point><position>154</position><in_Quantity.quantity>0.000000</in_Quantity.quantity><out_Quantity.quantity>237.748419</out_Quantity.quantity></Point><Point><position>155</position><in_Quantity.quantity>0.000000</in_Quantity.quantity><out_Quantity.quantity>738.650248</out_Quantity.quantity></Point><Point><position>156</position><in_Quantity.quantity>0.000000</in_Quantity.quantity><out_Quantity.quantity>71.066451</out_Quantity.quantity></Point><Point><position>157</position><in_Quantity.quantity>0.000000</in_Quantity.quantity><out_Quantity.quantity>149.632728</out_Quantity.quantity></Point><Point><position>158</position><in_Quantity.quantity>0.000000</in_Quantity.quantity><out_Quantity.quantity>636.782735</out_Quantity.quantity></Point><Point><position>159</position><in_Quantity.quantity>0.000000</in_Quantity.quantity><out_Quantity.quantity>146.702038</out_Quantity.quantity></Point><Point><position>160</position><in_Quantity.quantity>0.000000</in_Quantity.quantity><out_Quantity.quantity>799.491272</out_Quantity.quantity></Point><Point><position>161</position><in_Quantity.quantity>0.000000</in_Quantity.quantity><out_Quantity.quantity>337.428750</out_Quantity.quantity></Point><Point><position>162</position><in_Quantity.quantity>0.000000</in_Quantity.quantity><out_Quantity.quantity>147.263612</out_Quantity.quantity></Point><Point><position>163</position><in_Quantity.quantity>0.000000</in_Quantity.quantity><out_Quantity.quantity>347.672881</out_Quantity.quantity></Point><Point><position>164</position><in_Quantity.quantity>0.000000</in_Quantity.quantity><out_Quantity.quantity>65.626164</out_Quantity.quantity></Point><Point><position>165</position><in_Quantity.quantity>0.000000</in_Quantity.quantity><out_Quantity.quantity>789.608037</out_Quantity.quantity></Point><Point><position>166</position><in_Quantity.quantity>0.000000</in_Quantity.quantity><out_Quantity.quantity>671.169508</out_Quantity.quantity></Point><Point><position>167</position><in_Quantity.quantity>0.000000</in_Quantity.quantity><out_Quantity.quantity>406.154991</out_Quantity.quantity></Point><Point><position>168</position><in_Quantity.quantity>0.000000</in_Quantity.quantity><out_Quantity.quantity>238.221544</out_Quantity.quantity></Point><Point><position>169</position><in_Quantity.quantity>0.000000</in_Quantity.quantity><out_Quantity.quantity>616.630300</out_Quantity.quantity></Point><Point><position>170</position><in_Quantity.quantity>0.000000</in_Quantity.quantity><out_Quantity.quantity>213.014358</out_Quantity.quantity></Point><Point><position>171</position><in_Quantity.quantity>0.000000</in_Quantity.quantity><out_Quantity.quantity>88.556994</out_Quantity.quantity></Point><Point><position>172</position><in_Quantity.quantity>0.000000</in_Quantity.quantity><out_Quantity.quantity>320.493983</out_Quantity.quantity></Point><Point><position>173</position><in_Quantity.quantity>0.000000</in_Quantity.quantity><out_Quantity.quantity>54.693230</out_Quantity.quantity></Point><Point><position>174</position><in_Quantity.quantity>0.000000</in_Quantity.quantity><out_Quantity.quantity>577.168864</out_Quantity.quantity></Point><Point><position>175</position><in_Quantity.quantity>0.000000</in_Quantity.quantity><out_Quantity.quantity>597.380604</out_Quantity.quantity></Point><Point><position>176</position><in_Quantity.quantity>0.000000</in_Quantity.quantity><out_Quantity.quantity>706.857924</out_Quantity.quantity></Point><Point><position>177</position><in_Quantity.quantity>0.000000</in_Quantity.quantity><out_Quantity.quantity>214.507184</out_Quantity.quantity></Point><Point><position>178</position><in_Quantity.quantity>0.000000</in_Quantity.quantity><out_Quantity.quantity>875.247632</out_Quantity.quantity></Point><Point><position>179</position><in_Quantity.quantity>0.000000</in_Quantity.quantity><out_Quantity.quantity>826.563084</out_Quantity.quantity></Point><Point><position>180</position><in_Quantity.quantity>0.000000</in_Quantity.quantity><out_Quantity.quantity>39.850829</out_Quantity.quantity></Point><Point><position>181</position><in_Quantity.quantity>0.000000</in_Quantity.quantity><out_Quantity.quantity>16.755051</out_Quantity.quantity></Point><Point><position>182</position><in_Quantity.quantity>0.000000</in_Quantity.quantity><out_Quantity.quantity>864.885110</out_Quantity.quantity></Point><Point><position>183</position><in_Quantity.quantity>0.000000</in_Quantity.quantity><out_Quantity.quantity>587.057368</out_Quantity.quantity></Point><Point><position>184</position><in_Quantity.quantity>0.000000</in_Quantity.quantity><out_Quantity.quantity>340.389671</out_Quantity.quantity></Point><Point><position>185</position><in_Quantity.quantity>0.000000</in_Quantity.quantity><out_Quantity.quantity>351.999466</out_Quantity.quantity></Point><Point><position>186</position><in_Quantity.quantity>0.000000</in_Quantity.quantity><out_Quantity.quantity>231.490658</out_Quantity.quantity></Point><Point><position>187</position><in_Quantity.quantity>0.000000</in_Quantity.quantity><out_Quantity.quantity>296.715907</out_Quantity.quantity></Point><Point><position>188</position><in_Quantity.quantity>0.000000</in_Quantity.quantity><out_Quantity.quantity>514.588367</out_Quantity.quantity></Point><Point><position>189</position><in_Quantity.quantity>0.000000</in_Quantity.quantity><out_Quantity.quantity>466.890091</out_Quantity.quantity></Point><Point><position>190</position><in_Quantity.quantity>0.000000</in_Quantity.quantity><out_Quantity.quantity>670.769370</out_Quantity.quantity></Point><Point><position>191</position><in_Quantity.quantity>0.000000</in_Quantity.quantity><out_Quantity.quantity>176.539139</out_Quantity.quantity></Point><Point><position>192</position><in_Quantity.quantity>0.000000</in_Quantity.quantity><out_Quantity.quantity>112.054274</out_Quantity.quantity></Point><Point><position>193</position><in_Quantity.quantity>0.000000</in_Quantity.quantity><out_Quantity.quantity>806.441936</out_Quantity.quantity></Point><Point><position>194</position><in_Quantity.quantity>0.000000</in_Quantity.quantity><out_Quantity.quantity>305.617137</out_Quantity.quantity></Point><Point><position>195</position><in_Quantity.quantity>0.000000</in_Quantity.quantity><out_Quantity.quantity>425.777646</out_Quantity.quantity></Point><Point><position>196</position><in_Quantity.quantity>0.000000</in_Quantity.quantity><out_Quantity.quantity>22.250310</out_Quantity.quantity></Point><Point><position>197</position><in_Quantity.quantity>0.000000</in_Quantity.quantity><out_Quantity.quantity>739.476133</out_Quantity.quantity></Point><Point><position>198</position><in_Quantity.quantity>0.000000</in_Quantity.quantity><out_Quantity.quantity>251.284815</out_Quantity.quantity></Point><Point><position>199</position><in_Quantity.quantity>0.000000</in_Quantity.quantity><out_Quantity.quantity>552.060849</out_Quantity.quantity></Point><Point><position>200</position><in_Quantity.quantity>0.000000</in_Quantity.quantity><out_Quantity.quantity>517.621146</out_Quantity.quantity></Point><Point><position>201</position><in_Quantity.quantity>0.000000</in_Quantity.quantity><out_Quantity.quantity>963.625478</out_Quantity.quantity></Point><Point><position>202</position><in_Quantity.quantity>0.000000</in_Quantity.quantity><out_Quantity.quantity>300.561326</out_Quantity.quantity></Point><Point><position>203</position><in_Quantity.quantity>0.000000</in_Quantity.quantity><out_Quantity.quantity>711.045176</out_Quantity.quantity></Point><Point><position>204</position><in_Quantity.quantity>0.000000</in_Quantity.quantity><out_Quantity.quantity>411.436822</out_Quantity.quantity></Point><Point><position>205</position><in_Quantity.quantity>0.000000</in_Quantity.quantity><out_Quantity.quantity>248.398051</out_Quantity.quantity></Point><Point><position>206</position><in_Quantity.quantity>0.000000</in_Quantity.quantity><out_Quantity.quantity>809.656184</out_Quantity.quantity></Point><Point><position>207</position><in_Quantity.quantity>0.000000</in_Quantity.quantity><out_Quantity.quantity>582.809698</out_Quantity.quantity></Point><Point><position>208</position><in_Quantity.quantity>0.000000</in_Quantity.quantity><out_Quantity.quantity>262.215790</out_Quantity.quantity></Point><Point><position>209</position><in_Quantity.quantity>0.000000</in_Quantity.quantity><out_Quantity.quantity>112.158831</out_Quantity.quantity></Point><Point><position>210</position><in_Quantity.quantity>0.000000</in_Quantity.quantity><out_Quantity.quantity>851.094870</out_Quantity.quantity></Point><Point><position>211</position><in_Quantity.quantity>0.000000</in_Quantity.quantity><out_Quantity.quantity>574.929786</out_Quantity.quantity></Point><Point><position>212</position><in_Quantity.quantity>0.000000</in_Quantity.quantity><out_Quantity.quantity>476.947971</out_Quantity.quantity></Point><Point><position>213</position><in_Quantity.quantity>0.000000</in_Quantity.quantity><out_Quantity.quantity>103.889520</out_Quantity.quantity></Point><Point><position>214</position><in_Quantity.quantity>0.000000</in_Quantity.quantity><out_Quantity.quantity>216.284617</out_Quantity.quantity></Point><Point><position>215</position><in_Quantity.quantity>0.000000</in_Quantity.quantity><out_Quantity.quantity>662.530888</out_Quantity.quantity></Point><Point><position>216</position><in_Quantity.quantity>0.000000</in_Quantity.quantity><out_Quantity.quantity>453.778248</out_Quantity.quantity></Point><Point><position>217</position><in_Quantity.quantity>0.000000</in_Quantity.quantity><out_Quantity.quantity>379.077677</out_Quantity.quantity></Point><Point><position>218</position><in_Quantity.quantity>0.000000</in_Quantity.quantity><out_Quantity.quantity>803.017181</out_Quantity.quantity></Point><Point><position>219</position><in_Quantity.quantity>0.000000</in_Quantity.quantity><out_Quantity.quantity>673.579489</out_Quantity.quantity></Point><Point><position>220</position><in_Quantity.quantity>0.000000</in_Quantity.quantity><out_Quantity.quantity>818.204727</out_Quantity.quantity></Point><Point><position>221</position><in_Quantity.quantity>0.000000</in_Quantity.quantity><out_Quantity.quantity>265.038239</out_Quantity.quantity></Point><Point><position>222</position><in_Quantity.quantity>0.000000</in_Quantity.quantity><out_Quantity.quantity>956.292282</out_Quantity.quantity></Point><Point><position>223</position><in_Quantity.quantity>0.000000</in_Quantity.quantity><out_Quantity.quantity>534.269500</out_Quantity.quantity></Point><Point><position>224</position><in_Quantity.quantity>0.000000</in_Quantity.quantity><out_Quantity.quantity>232.893659</out_Quantity.quantity></Point><Point><position>225</position><in_Quantity.quantity>0.000000</in_Quantity.quantity><out_Quantity.quantity>131.017257</out_Quantity.quantity></Point><Point><position>226</position><in_Quantity.quantity>0.000000</in_Quantity.quantity><out_Quantity.quantity>233.183169</out_Quantity.quantity></Point><Point><position>227</position><in_Quantity.quantity>0.000000</in_Quantity.quantity><out_Quantity.quantity>350.285578</out_Quantity.quantity></Point><Point><position>228</position><in_Quantity.quantity>0.000000</in_Quantity.quantity><out_Quantity.quantity>501.682248</out_Quantity.quantity></Point><Point><position>229</position><in_Quantity.quantity>0.000000</in_Quantity.quantity><out_Quantity.quantity>809.038582</out_Quantity.quantity></Point><Point><position>230</position><in_Quantity.quantity>0.000000</in_Quantity.quantity><out_Quantity.quantity>180.161016</out_Quantity.quantity></Point><Point><position>231</position><in_Quantity.quantity>0.000000</in_Quantity.quantity><out_Quantity.quantity>96.036260</out_Quantity.quantity></Point><Point><position>232</position><in_Quantity.quantity>0.000000</in_Quantity.quantity><out_Quantity.quantity>404.525562</out_Quantity.quantity></Point><Point><position>233</position><in_Quantity.quantity>0.000000</in_Quantity.quantity><out_Quantity.quantity>725.731288</out_Quantity.quantity></Point><Point><position>234</position><in_Quantity.quantity>0.000000</in_Quantity.quantity><out_Quantity.quantity>177.215829</out_Quantity.quantity></Point><Point><position>235</position><in_Quantity.quantity>0.000000</in_Quantity.quantity><out_Quantity.quantity>317.481608</out_Quantity.quantity></Point><Point><position>236</position><in_Quantity.quantity>0.000000</in_Quantity.quantity><out_Quantity.quantity>405.074048</out_Quantity.quantity></Point><Point><position>237</position><in_Quantity.quantity>0.000000</in_Quantity.quantity><out_Quantity.quantity>352.374142</out_Quantity.quantity></Point><Point><position>238</position><in_Quantity.quantity>0.000000</in_Quantity.quantity><out_Quantity.quantity>26.844955</out_Quantity.quantity></Point><Point><position>239</position><in_Quantity.quantity>0.000000</in_Quantity.quantity><out_Quantity.quantity>996.278343</out_Quantity.quantity></Point><Point><position>240</position><in_Quantity.quantity>0.000000</in_Quantity.quantity><out_Quantity.quantity>789.393161</out_Quantity.quantity></Point><Point><position>241</position><in_Quantity.quantity>0.000000</in_Quantity.quantity><out_Quantity.quantity>345.780198</out_Quantity.quantity></Point><Point><position>242</position><in_Quantity.quantity>0.000000</in_Quantity.quantity><out_Quantity.quantity>465.611366</out_Quantity.quantity></Point><Point><position>243</position><in_Quantity.quantity>0.000000</in_Quantity.quantity><out_Quantity.quantity>260.646015</out_Quantity.quantity></Point><Point><position>244</position><in_Quantity.quantity>0.000000</in_Quantity.quantity><out_Quantity.quantity>279.963505</out_Quantity.quantity></Point><Point><position>245</position><in_Quantity.quantity>0.000000</in_Quantity.quantity><out_Quantity.quantity>821.336132</out_Quantity.quantity></Point><Point><position>246</position><in_Quantity.quantity>0.000000</in_Quantity.quantity><out_Quantity.quantity>71.197668</out_Quantity.quantity></Point><Point><position>247</position><in_Quantity.quantity>0.000000</in_Quantity.quantity><out_Quantity.quantity>86.477709</out_Quantity.quantity></Point><Point><position>248</position><in_Quantity.quantity>0.000000</in_Quantity.quantity><out_Quantity.quantity>79.415751</out_Quantity.quantity></Point><Point><position>249</position><in_Quantity.quantity>0.000000</in_Quantity.quantity><out_Quantity.quantity>752.324022</out_Quantity.quantity></Point><Point><position>250</position><in_Quantity.quantity>0.000000</in_Quantity.quantity><out_Quantity.quantity>406.455930</out_Quantity.quantity></Point><Point><position>251</position><in_Quantity.quantity>0.000000</in_Quantity.quantity><out_Quantity.quantity>391.940044</out_Quantity.quantity></Point><Point><position>252</position><in_Quantity.quantity>0.000000</in_Quantity.quantity><out_Quantity.quantity>276.298784</out_Quantity.quantity></Point><Point><position>253</position><in_Quantity.quantity>0.000000</in_Quantity.quantity><out_Quantity.quantity>541.475869</out_Quantity.quantity></Point><Point><position>254</position><in_Quantity.quantity>0.000000</in_Quantity.quantity><out_Quantity.quantity>873.123629</out_Quantity.quantity></Point><Point><position>255</position><in_Quantity.quantity>0.000000</in_Quantity.quantity><out_Quantity.quantity>920.823580</out_Quantity.quantity></Point><Point><position>256</position><in_Quantity.quantity>0.000000</in_Quantity.quantity><out_Quantity.quantity>250.648058</out_Quantity.quantity></Point><Point><position>257</position><in_Quantity.quantity>0.000000</in_Quantity.quantity><out_Quantity.quantity>795.282188</out_Quantity.quantity></Point><Point><position>258</position><in_Quantity.quantity>0.000000</in_Quantity.quantity><out_Quantity.quantity>200.618169</out_Quantity.quantity></Point><Point><position>259</position><in_Quantity.quantity>0.000000</in_Quantity.quantity><out_Quantity.quantity>796.253123</out_Quantity.quantity></Point><Point><position>260</position><in_Quantity.quantity>0.000000</in_Quantity.quantity><out_Quantity.quantity>996.755238</out_Quantity.quantity></Point><Point><position>261</position><in_Quantity.quantity>0.000000</in_Quantity.quantity><out_Quantity.quantity>384.030864</out_Quantity.quantity></Point><Point><position>262</position><in_Quantity.quantity>0.000000</in_Quantity.quantity><out_Quantity.quantity>17.966901</out_Quantity.quantity></Point><Point><position>263</position><in_Quantity.quantity>0.000000</in_Quantity.quantity><out_Quantity.quantity>848.226052</out_Quantity.quantity></Point><Point><position>264</position><in_Quantity.quantity>0.000000</in_Quantity.quantity><out_Quantity.quantity>761.841692</out_Quantity.quantity></Point><Point><position>265</position><in_Quantity.quantity>0.000000</in_Quantity.quantity><out_Quantity.quantity>491.110161</out_Quantity.quantity></Point><Point><position>266</position><in_Quantity.quantity>0.000000</in_Quantity.quantity><out_Quantity.quantity>753.092100</out_Quantity.quantity></Point><Point><position>267</position><in_Quantity.quantity>0.000000</in_Quantity.quantity><out_Quantity.quantity>210.683793</out_Quantity.quantity></Point><Point><position>268</position><in_Quantity.quantity>0.000000</in_Quantity.quantity><out_Quantity.quantity>402.546497</out_Quantity.quantity></Point><Point><position>269</position><in_Quantity.quantity>0.000000</in_Quantity.quantity><out_Quantity.quantity>786.615630</out_Quantity.quantity></Point><Point><position>270</position><in_Quantity.quantity>0.000000</in_Quantity.quantity><out_Quantity.quantity>974.143879</out_Quantity.quantity></Point><Point><position>271</position><in_Quantity.quantity>0.000000</in_Quantity.quantity><out_Quantity.quantity>222.833006</out_Quantity.quantity></Point><Point><position>272</position><in_Quantity.quantity>0.000000</in_Quantity.quantity><out_Quantity.quantity>759.326990</out_Quantity.quantity></Point><Point><position>273</position><in_Quantity.quantity>0.000000</in_Quantity.quantity><out_Quantity.quantity>55.432248</out_Quantity.quantity></Point><Point><position>274</position><in_Quantity.quantity>0.000000</in_Quantity.quantity><out_Quantity.quantity>397.446745</out_Quantity.quantity></Point><Point><position>275</position><in_Quantity.quantity>0.000000</in_Quantity.quantity><out_Quantity.quantity>984.234388</out_Quantity.quantity></Point><Point><position>276</position><in_Quantity.quantity>0.000000</in_Quantity.quantity><out_Quantity.quantity>400.844239</out_Quantity.quantity></Point><Point><position>277</position><in_Quantity.quantity>0.000000</in_Quantity.quantity><out_Quantity.quantity>338.005120</out_Quantity.quantity></Point><Point><position>278</position><in_Quantity.quantity>0.000000</in_Quantity.quantity><out_Quantity.quantity>195.670159</out_Quantity.quantity></Point><Point><position>279</position><in_Quantity.quantity>0.000000</in_Quantity.quantity><out_Quantity.quantity>477.801311</out_Quantity.quantity></Point><Point><position>280</position><in_Quantity.quantity>0.000000</in_Quantity.quantity><out_Quantity.quantity>783.318497</out_Quantity.quantity></Point><Point><position>281</position><in_Quantity.quantity>0.000000</in_Quantity.quantity><out_Quantity.quantity>88.646766</out_Quantity.quantity></Point><Point><position>282</position><in_Quantity.quantity>0.000000</in_Quantity.quantity><out_Quantity.quantity>785.956100</out_Quantity.quantity></Point><Point><position>283</position><in_Quantity.quantity>0.000000</in_Quantity.quantity><out_Quantity.quantity>721.459599</out_Quantity.quantity></Point><Point><position>284</position><in_Quantity.quantity>0.000000</in_Quantity.quantity><out_Quantity.quantity>688.456726</out_Quantity.quantity></Point><Point><position>285</position><in_Quantity.quantity>0.000000</in_Quantity.quantity><out_Quantity.quantity>831.974262</out_Quantity.quantity></Point><Point><position>286</position><in_Quantity.quantity>0.000000</in_Quantity.quantity><out_Quantity.quantity>565.019368</out_Quantity.quantity></Point><Point><position>287</position><in_Quantity.quantity>0.000000</in_Quantity.quantity><out_Quantity.quantity>718.895479</out_Quantity.quantity></Point><Point><position>288</position><in_Quantity.quantity>0.000000</in_Quantity.quantity><out_Quantity.quantity>89.771215</out_Quantity.quantity></Point><Point><position>289</position><in_Quantity.quantity>0.000000</in_Quantity.quantity><out_Quantity.quantity>241.538575</out_Quantity.quantity></Point><Point><position>290</position><in_Quantity.quantity>0.000000</in_Quantity.quantity><out_Quantity.quantity>151.694691</out_Quantity.quantity></Point><Point><position>291</position><in_Quantity.quantity>0.000000</in_Quantity.quantity><out_Quantity.quantity>589.488078</out_Quantity.quantity></Point><Point><position>292</position><in_Quantity.quantity>0.000000</in_Quantity.quantity><out_Quantity.quantity>998.235153</out_Quantity.quantity></Point><Point><position>293</position><in_Quantity.quantity>0.000000</in_Quantity.quantity><out_Quantity.quantity>961.589875</out_Quantity.quantity></Point><Point><position>294</position><in_Quantity.quantity>0.000000</in_Quantity.quantity><out_Quantity.quantity>912.753114</out_Quantity.quantity></Point><Point><position>295</position><in_Quantity.quantity>0.000000</in_Quantity.quantity><out_Quantity.quantity>635.674281</out_Quantity.quantity></Point><Point><position>296</position><in_Quantity.quantity>0.000000</in_Quantity.quantity><out_Quantity.quantity>806.071677</out_Quantity.quantity></Point><Point><position>297</position><in_Quantity.quantity>0.000000</in_Quantity.quantity><out_Quantity.quantity>159.951459</out_Quantity.quantity></Point><Point><position>298</position><in_Quantity.quantity>0.000000</in_Quantity.quantity><out_Quantity.quantity>442.860544</out_Quantity.quantity></Point><Point><position>299</position><in_Quantity.quantity>0.000000</in_Quantity.quantity><out_Quantity.quantity>82.391877</out_Quantity.quantity></Point><Point><position>300</position><in_Quantity.quantity>0.000000</in_Quantity.quantity><out_Quantity.quantity>518.506683</out_Quantity.quantity></Point><Point><position>301</position><in_Quantity.quantity>0.000000</in_Quantity.quantity><out_Quantity.quantity>540.031782</out_Quantity.quantity></Point><Point><position>302</position><in_Quantity.quantity>0.000000</in_Quantity.quantity><out_Quantity.quantity>113.227304</out_Quantity.quantity></Point><Point><position>303</position><in_Quantity.quantity>0.000000</in_Quantity.quantity><out_Quantity.quantity>934.783565</out_Quantity.quantity></Point><Point><position>304</position><in_Quantity.quantity>0.000000</in_Quantity.quantity><out_Quantity.quantity>121.831893</out_Quantity.quantity></Point><Point><position>305</position><in_Quantity.quantity>0.000000</in_Quantity.quantity><out_Quantity.quantity>747.968042</out_Quantity.quantity></Point><Point><position>306</position><in_Quantity.quantity>0.000000</in_Quantity.quantity><out_Quantity.quantity>288.634775</out_Quantity.quantity></Point><Point><position>307</position><in_Quantity.quantity>0.000000</in_Quantity.quantity><out_Quantity.quantity>817.226768</out_Quantity.quantity></Point><Point><position>308</position><in_Quantity.quantity>0.000000</in_Quantity.quantity><out_Quantity.quantity>998.941901</out_Quantity.quantity></Point><Point><position>309</position><in_Quantity.quantity>0.000000</in_Quantity.quantity><out_Quantity.quantity>896.882998</out_Quantity.quantity></Point><Point><position>310</position><in_Quantity.quantity>0.000000</in_Quantity.quantity><out_Quantity.quantity>324.782293</out_Quantity.quantity></Point><Point><position>311</position><in_Quantity.quantity>0.000000</in_Quantity.quantity><out_Quantity.quantity>155.778290</out_Quantity.quantity></Point><Point><position>312</position><in_Quantity.quantity>0.000000</in_Quantity.quantity><out_Quantity.quantity>11.560069</out_Quantity.quantity></Point><Point><position>313</position><in_Quantity.quantity>0.000000</in_Quantity.quantity><out_Quantity.quantity>869.423642</out_Quantity.quantity></Point><Point><position>314</position><in_Quantity.quantity>0.000000</in_Quantity.quantity><out_Quantity.quantity>928.729332</out_Quantity.quantity></Point><Point><position>315</position><in_Quantity.quantity>0.000000</in_Quantity.quantity><out_Quantity.quantity>554.903536</out_Quantity.quantity></Point><Point><position>316</position><in_Quantity.quantity>0.000000</in_Quantity.quantity><out_Quantity.quantity>9.302336</out_Quantity.quantity></Point><Point><position>317</position><in_Quantity.quantity>0.000000</in_Quantity.quantity><out_Quantity.quantity>484.653284</out_Quantity.quantity></Point><Point><position>318</position><in_Quantity.quantity>0.000000</in_Quantity.quantity><out_Quantity.quantity>342.351490</out_Quantity.quantity></Point><Point><position>319</position><in_Quantity.quantity>0.000000</in_Quantity.quantity><out_Quantity.quantity>535.875607</out_Quantity.quantity></Point><Point><position>320</position><in_Quantity.quantity>0.000000</in_Quantity.quantity><out_Quantity.quantity>977.276528</out_Quantity.quantity></Point><Point><position>321</position><in_Quantity.quantity>0.000000</in_Quantity.quantity><out_Quantity.quantity>313.045874</out_Quantity.quantity></Point><Point><position>322</position><in_Quantity.quantity>0.000000</in_Quantity.quantity><out_Quantity.quantity>95.280391</out_Quantity.quantity></Point><Point><position>323</position><in_Quantity.quantity>0.000000</in_Quantity.quantity><out_Quantity.quantity>44.005326</out_Quantity.quantity></Point><Point><position>324</position><in_Quantity.quantity>0.000000</in_Quantity.quantity><out_Quantity.quantity>986.836394</out_Quantity.quantity></Point><Point><position>325</position><in_Quantity.quantity>0.000000</in_Quantity.quantity><out_Quantity.quantity>484.376208</out_Quantity.quantity></Point><Point><position>326</position><in_Quantity.quantity>0.000000</in_Quantity.quantity><out_Quantity.quantity>990.060367</out_Quantity.quantity></Point><Point><position>327</position><in_Quantity.quantity>0.000000</in_Quantity.quantity><out_Quantity.quantity>68.403945</out_Quantity.quantity></Point><Point><position>328</position><in_Quantity.quantity>0.000000</in_Quantity.quantity><out_Quantity.quantity>473.918971</out_Quantity.quantity></Point><Point><position>329</position><in_Quantity.quantity>0.000000</in_Quantity.quantity><out_Quantity.quantity>588.044969</out_Quantity.quantity></Point><Point><position>330</position><in_Quantity.quantity>0.000000</in_Quantity.quantity><out_Quantity.quantity>639.598195</out_Quantity.quantity></Point><Point><position>331</position><in_Quantity.quantity>0.000000</in_Quantity.quantity><out_Quantity.quantity>693.631915</out_Quantity.quantity></Point><Point><position>332</position><in_Quantity.quantity>0.000000</in_Quantity.quantity><out_Quantity.quantity>684.940117</out_Quantity.quantity></Point><Point><position>333</position><in_Quantity.quantity>0.000000</in_Quantity.quantity><out_Quantity.quantity>226.729426</out_Quantity.quantity></Point><Point><position>334</position><in_Quantity.quantity>0.000000</in_Quantity.quantity><out_Quantity.quantity>637.092063</out_Quantity.quantity></Point><Point><position>335</position><in_Quantity.quantity>0.000000</in_Quantity.quantity><out_Quantity.quantity>917.001606</out_Quantity.quantity></Point><Point><position>336</position><in_Quantity.quantity>0.000000</in_Quantity.quantity><out_Quantity.quantity>546.793111</out_Quantity.quantity></Point><Point><position>337</position><in_Quantity.quantity>0.000000</in_Quantity.quantity><out_Quantity.quantity>754.352446</out_Quantity.quantity></Point><Point><position>338</position><in_Quantity.quantity>0.000000</in_Quantity.quantity><out_Quantity.quantity>397.831744</out_Quantity.quantity></Point><Point><position>339</position><in_Quantity.quantity>0.000000</in_Quantity.quantity><out_Quantity.quantity>484.983890</out_Quantity.quantity></Point><Point><position>340</position><in_Quantity.quantity>0.000000</in_Quantity.quantity><out_Quantity.quantity>949.629256</out_Quantity.quantity></Point><Point><position>341</position><in_Quantity.quantity>0.000000</in_Quantity.quantity><out_Quantity.quantity>106.233312</out_Quantity.quantity></Point><Point><position>342</position><in_Quantity.quantity>0.000000</in_Quantity.quantity><out_Quantity.quantity>35.568433</out_Quantity.quantity></Point><Point><position>343</position><in_Quantity.quantity>0.000000</in_Quantity.quantity><out_Quantity.quantity>595.603454</out_Quantity.quantity></Point><Point><position>344</position><in_Quantity.quantity>0.000000</in_Quantity.quantity><out_Quantity.quantity>837.117901</out_Quantity.quantity></Point><Point><position>345</position><in_Quantity.quantity>0.000000</in_Quantity.quantity><out_Quantity.quantity>763.442322</out_Quantity.quantity></Point><Point><position>346</position><in_Quantity.quantity>0.000000</in_Quantity.quantity><out_Quantity.quantity>122.293751</out_Quantity.quantity></Point><Point><position>347</position><in_Quantity.quantity>0.000000</in_Quantity.quantity><out_Quantity.quantity>236.004104</out_Quantity.quantity></Point><Point><position>348</position><in_Quantity.quantity>0.000000</in_Quantity.quantity><out_Quantity.quantity>675.357147</out_Quantity.quantity></Point><Point><position>349</position><in_Quantity.quantity>0.000000</in_Quantity.quantity><out_Quantity.quantity>419.749703</out_Quantity.quantity></Point><Point><position>350</position><in_Quantity.quantity>0.000000</in_Quantity.quantity><out_Quantity.quantity>641.314942</out_Quantity.quantity></Point><Point><position>351</position><in_Quantity.quantity>0.000000</in_Quantity.quantity><out_Quantity.quantity>520.180440</out_Quantity.quantity></Point><Point><position>352</position><in_Quantity.quantity>0.000000</in_Quantity.quantity><out_Quantity.quantity>823.801938</out_Quantity.quantity></Point><Point><position>353</position><in_Quantity.quantity>0.000000</in_Quantity.quantity><out_Quantity.quantity>577.849652</out_Quantity.quantity></Point><Point><position>354</position><in_Quantity.quantity>0.000000</in_Quantity.quantity><out_Quantity.quantity>833.636765</out_Quantity.quantity></Point><Point><position>355</position><in_Quantity.quantity>0.000000</in_Quantity.quantity><out_Quantity.quantity>292.847873</out_Quantity.quantity></Point><Point><position>356</position><in_Quantity.quantity>0.000000</in_Quantity.quantity><out_Quantity.quantity>567.486893</out_Quantity.quantity></Point><Point><position>357</position><in_Quantity.quantity>0.000000</in_Quantity.quantity><out_Quantity.quantity>387.739104</out_Quantity.quantity></Point><Point><position>358</position><in_Quantity.quantity>0.000000</in_Quantity.quantity><out_Quantity.quantity>886.706919</out_Quantity.quantity></Point><Point><position>359</position><in_Quantity.quantity>0.000000</in_Quantity.quantity><out_Quantity.quantity>11.824167</out_Quantity.quantity></Point><Point><position>360</position><in_Quantity.quantity>0.000000</in_Quantity.quantity><out_Quantity.quantity>59.453938</out_Quantity.quantity></Point><Point><position>361</position><in_Quantity.quantity>0.000000</in_Quantity.quantity><out_Quantity.quantity>758.865846</out_Quantity.quantity></Point><Point><position>362</position><in_Quantity.quantity>0.000000</in_Quantity.quantity><out_Quantity.quantity>123.778696</out_Quantity.quantity></Point><Point><position>363</position><in_Quantity.quantity>0.000000</in_Quantity.quantity><out_Quantity.quantity>554.629418</out_Quantity.quantity></Point><Point><position>364</position><in_Quantity.quantity>0.000000</in_Quantity.quantity><out_Quantity.quantity>52.617158</out_Quantity.quantity></Point><Point><position>365</position><in_Quantity.quantity>0.000000</in_Quantity.quantity><out_Quantity.quantity>684.271950</out_Quantity.quantity></Point><Point><position>366</position><in_Quantity.quantity>0.000000</in_Quantity.quantity><out_Quantity.quantity>444.167980</out_Quantity.quantity></Point><Point><position>367</position><in_Quantity.quantity>0.000000</in_Quantity.quantity><out_Quantity.quantity>997.054058</out_Quantity.quantity></Point><Point><position>368</position><in_Quantity.quantity>0.000000</in_Quantity.quantity><out_Quantity.quantity>871.003078</out_Quantity.quantity></Point><Point><position>369</position><in_Quantity.quantity>0.000000</in_Quantity.quantity><out_Quantity.quantity>353.443444</out_Quantity.quantity></Point><Point><position>370</position><in_Quantity.quantity>0.000000</in_Quantity.quantity><out_Quantity.quantity>830.264211</out_Quantity.quantity></Point><Point><position>371</position><in_Quantity.quantity>0.000000</in_Quantity.quantity><out_Quantity.quantity>252.061023</out_Quantity.quantity></Point><Point><position>372</position><in_Quantity.quantity>0.000000</in_Quantity.quantity><out_Quantity.quantity>805.084425</out_Quantity.quantity></Point><Point><position>373</position><in_Quantity.quantity>0.000000</in_Quantity.quantity><out_Quantity.quantity>844.292926</out_Quantity.quantity></Point><Point><position>374</position><in_Quantity.quantity>0.000000</in_Quantity.quantity><out_Quantity.quantity>201.671396</out_Quantity.quantity></Point><Point><position>375</position><in_Quantity.quantity>0.000000</in_Quantity.quantity><out_Quantity.quantity>588.862791</out_Quantity.quantity></Point><Point><position>376</position><in_Quantity.quantity>0.000000</in_Quantity.quantity><out_Quantity.quantity>904.969601</out_Quantity.quantity></Point><Point><position>377</position><in_Quantity.quantity>0.000000</in_Quantity.quantity><out_Quantity.quantity>505.059333</out_Quantity.quantity></Point><Point><position>378</position><in_Quantity.quantity>0.000000</in_Quantity.quantity><out_Quantity.quantity>18.069483</out_Quantity.quantity></Point><Point><position>379</position><in_Quantity.quantity>0.000000</in_Quantity.quantity><out_Quantity.quantity>352.222190</out_Quantity.quantity></Point><Point><position>380</position><in_Quantity.quantity>0.000000</in_Quantity.quantity><out_Quantity.quantity>175.503434</out_Quantity.quantity></Point><Point><position>381</position><in_Quantity.quantity>0.000000</in_Quantity.quantity><out_Quantity.quantity>677.706579</out_Quantity.quantity></Point><Point><position>382</position><in_Quantity.quantity>0.000000</in_Quantity.quantity><out_Quantity.quantity>129.104951</out_Quantity.quantity></Point><Point><position>383</position><in_Quantity.quantity>0.000000</in_Quantity.quantity><out_Quantity.quantity>649.482983</out_Quantity.quantity></Point><Point><position>384</position><in_Quantity.quantity>0.000000</in_Quantity.quantity><out_Quantity.quantity>929.354664</out_Quantity.quantity></Point><Point><position>385</position><in_Quantity.quantity>0.000000</in_Quantity.quantity><out_Quantity.quantity>869.434489</out_Quantity.quantity></Point><Point><position>386</position><in_Quantity.quantity>0.000000</in_Quantity.quantity><out_Quantity.quantity>866.127255</out_Quantity.quantity></Point><Point><position>387</position><in_Quantity.quantity>0.000000</in_Quantity.quantity><out_Quantity.quantity>961.282522</out_Quantity.quantity></Point><Point><position>388</position><in_Quantity.quantity>0.000000</in_Quantity.quantity><out_Quantity.quantity>607.631662</out_Quantity.quantity></Point><Point><position>389</position><in_Quantity.quantity>0.000000</in_Quantity.quantity><out_Quantity.quantity>912.721682</out_Quantity.quantity></Point><Point><position>390</position><in_Quantity.quantity>0.000000</in_Quantity.quantity><out_Quantity.quantity>174.937594</out_Quantity.quantity></Point><Point><position>391</position><in_Quantity.quantity>0.000000</in_Quantity.quantity><out_Quantity.quantity>580.214655</out_Quantity.quantity></Point><Point><position>392</position><in_Quantity.quantity>0.000000</in_Quantity.quantity><out_Quantity.quantity>473.867777</out_Quantity.quantity></Point><Point><position>393</position><in_Quantity.quantity>0.000000</in_Quantity.quantity><out_Quantity.quantity>579.308450</out_Quantity.quantity></Point><Point><position>394</position><in_Quantity.quantity>0.000000</in_Quantity.quantity><out_Quantity.quantity>471.530047</out_Quantity.quantity></Point><Point><position>395</position><in_Quantity.quantity>0.000000</in_Quantity.quantity><out_Quantity.quantity>178.604596</out_Quantity.quantity></Point><Point><position>396</position><in_Quantity.quantity>0.000000</in_Quantity.quantity><out_Quantity.quantity>58.567699</out_Quantity.quantity></Point><Point><position>397</position><in_Quantity.quantity>0.000000</in_Quantity.quantity><out_Quantity.quantity>998.041063</out_Quantity.quantity></Point><Point><position>398</position><in_Quantity.quantity>0.000000</in_Quantity.quantity><out_Quantity.quantity>473.088125</out_Quantity.quantity></Point><Point><position>399</position><in_Quantity.quantity>0.000000</in_Quantity.quantity><out_Quantity.quantity>9.432593</out_Quantity.quantity></Point><Point><position>400</position><in_Quantity.quantity>0.000000</in_Quantity.quantity><out_Quantity.quantity>638.911520</out_Quantity.quantity></Point><Point><position>401</position><in_Quantity.quantity>0.000000</in_Quantity.quantity><out_Quantity.quantity>806.822535</out_Quantity.quantity></Point><Point><position>402</position><in_Quantity.quantity>0.000000</in_Quantity.quantity><out_Quantity.quantity>653.043951</out_Quantity.quantity></Point><Point><position>403</position><in_Quantity.quantity>0.000000</in_Quantity.quantity><out_Quantity.quantity>445.945701</out_Quantity.quantity></Point><Point><position>404</position><in_Quantity.quantity>0.000000</in_Quantity.quantity><out_Quantity.quantity>543.246377</out_Quantity.quantity></Point><Point><position>405</position><in_Quantity.quantity>0.000000</in_Quantity.quantity><out_Quantity.quantity>330.504722</out_Quantity.quantity></Point><Point><position>406</position><in_Quantity.quantity>0.000000</in_Quantity.quantity><out_Quantity.quantity>811.436032</out_Quantity.quantity></Point><Point><position>407</position><in_Quantity.quantity>0.000000</in_Quantity.quantity><out_Quantity.quantity>236.923161</out_Quantity.quantity></Point><Point><position>408</position><in_Quantity.quantity>0.000000</in_Quantity.quantity><out_Quantity.quantity>315.785798</out_Quantity.quantity></Point><Point><position>409</position><in_Quantity.quantity>0.000000</in_Quantity.quantity><out_Quantity.quantity>417.143806</out_Quantity.quantity></Point><Point><position>410</position><in_Quantity.quantity>0.000000</in_Quantity.quantity><out_Quantity.quantity>972.567364</out_Quantity.quantity></Point><Point><position>411</position><in_Quantity.quantity>0.000000</in_Quantity.quantity><out_Quantity.quantity>685.995087</out_Quantity.quantity></Point><Point><position>412</position><in_Quantity.quantity>0.000000</in_Quantity.quantity><out_Quantity.quantity>236.821833</out_Quantity.quantity></Point><Point><position>413</position><in_Quantity.quantity>0.000000</in_Quantity.quantity><out_Quantity.quantity>84.395966</out_Quantity.quantity></Point><Point><position>414</position><in_Quantity.quantity>0.000000</in_Quantity.quantity><out_Quantity.quantity>66.395284</out_Quantity.quantity></Point><Point><position>415</position><in_Quantity.quantity>0.000000</in_Quantity.quantity><out_Quantity.quantity>557.808928</out_Quantity.quantity></Point><Point><position>416</position><in_Quantity.quantity>0.000000</in_Quantity.quantity><out_Quantity.quantity>703.336560</out_Quantity.quantity></Point><Point><position>417</position><in_Quantity.quantity>0.000000</in_Quantity.quantity><out_Quantity.quantity>546.498060</out_Quantity.quantity></Point><Point><position>418</position><in_Quantity.quantity>0.000000</in_Quantity.quantity><out_Quantity.quantity>434.605212</out_Quantity.quantity></Point><Point><position>419</position><in_Quantity.quantity>0.000000</in_Quantity.quantity><out_Quantity.quantity>630.280695</out_Quantity.quantity></Point><Point><position>420</position><in_Quantity.quantity>0.000000</in_Quantity.quantity><out_Quantity.quantity>646.566747</out_Quantity.quantity></Point><Point><position>421</position><in_Quantity.quantity>0.000000</in_Quantity.quantity><out_Quantity.quantity>860.008751</out_Quantity.quantity></Point><Point><position>422</position><in_Quantity.quantity>0.000000</in_Quantity.quantity><out_Quantity.quantity>314.495759</out_Quantity.quantity></Point><Point><position>423</position><in_Quantity.quantity>0.000000</in_Quantity.quantity><out_Quantity.quantity>134.934067</out_Quantity.quantity></Point><Point><position>424</position><in_Quantity.quantity>0.000000</in_Quantity.quantity><out_Quantity.quantity>632.447000</out_Quantity.quantity></Point><Point><position>425</position><in_Quantity.quantity>0.000000</in_Quantity.quantity><out_Quantity.quantity>486.049829</out_Quantity.quantity></Point><Point><position>426</position><in_Quantity.quantity>0.000000</in_Quantity.quantity><out_Quantity.quantity>384.202024</out_Quantity.quantity></Point><Point><position>427</position><in_Quantity.quantity>0.000000</in_Quantity.quantity><out_Quantity.quantity>595.040644</out_Quantity.quantity></Point><Point><position>428</position><in_Quantity.quantity>0.000000</in_Quantity.quantity><out_Quantity.quantity>587.530944</out_Quantity.quantity></Point><Point><position>429</position><in_Quantity.quantity>0.000000</in_Quantity.quantity><out_Quantity.quantity>531.359308</out_Quantity.quantity></Point><Point><position>430</position><in_Quantity.quantity>0.000000</in_Quantity.quantity><out_Quantity.quantity>936.803331</out_Quantity.quantity></Point><Point><position>431</position><in_Quantity.quantity>0.000000</in_Quantity.quantity><out_Quantity.quantity>792.909589</out_Quantity.quantity></Point><Point><position>432</position><in_Quantity.quantity>0.000000</in_Quantity.quantity><out_Quantity.quantity>602.586581</out_Quantity.quantity></Point><Point><position>433</position><in_Quantity.quantity>0.000000</in_Quantity.quantity><out_Quantity.quantity>994.225473</out_Quantity.quantity></Point><Point><position>434</position><in_Quantity.quantity>0.000000</in_Quantity.quantity><out_Quantity.quantity>846.225174</out_Quantity.quantity></Point><Point><position>435</position><in_Quantity.quantity>0.000000</in_Quantity.quantity><out_Quantity.quantity>732.843575</out_Quantity.quantity></Point><Point><position>436</position><in_Quantity.quantity>0.000000</in_Quantity.quantity><out_Quantity.quantity>713.479758</out_Quantity.quantity></Point><Point><position>437</position><in_Quantity.quantity>0.000000</in_Quantity.quantity><out_Quantity.quantity>761.605727</out_Quantity.quantity></Point><Point><position>438</position><in_Quantity.quantity>0.000000</in_Quantity.quantity><out_Quantity.quantity>994.965234</out_Quantity.quantity></Point><Point><position>439</position><in_Quantity.quantity>0.000000</in_Quantity.quantity><out_Quantity.quantity>869.040930</out_Quantity.quantity></Point><Point><position>440</position><in_Quantity.quantity>0.000000</in_Quantity.quantity><out_Quantity.quantity>286.128812</out_Quantity.quantity></Point><Point><position>441</position><in_Quantity.quantity>0.000000</in_Quantity.quantity><out_Quantity.quantity>707.639592</out_Quantity.quantity></Point><Point><position>442</position><in_Quantity.quantity>0.000000</in_Quantity.quantity><out_Quantity.quantity>244.045408</out_Quantity.quantity></Point><Point><position>443</position><in_Quantity.quantity>0.000000</in_Quantity.quantity><out_Quantity.quantity>690.535078</out_Quantity.quantity></Point><Point><position>444</position><in_Quantity.quantity>0.000000</in_Quantity.quantity><out_Quantity.quantity>841.859140</out_Quantity.quantity></Point><Point><position>445</position><in_Quantity.quantity>0.000000</in_Quantity.quantity><out_Quantity.quantity>987.701271</out_Quantity.quantity></Point><Point><position>446</position><in_Quantity.quantity>0.000000</in_Quantity.quantity><out_Quantity.quantity>641.722224</out_Quantity.quantity></Point><Point><position>447</position><in_Quantity.quantity>0.000000</in_Quantity.quantity><out_Quantity.quantity>184.640761</out_Quantity.quantity></Point><Point><position>448</position><in_Quantity.quantity>0.000000</in_Quantity.quantity><out_Quantity.quantity>55.429817</out_Quantity.quantity></Point><Point><position>449</position><in_Quantity.quantity>0.000000</in_Quantity.quantity><out_Quantity.quantity>296.166153</out_Quantity.quantity></Point><Point><position>450</position><in_Quantity.quantity>0.000000</in_Quantity.quantity><out_Quantity.quantity>94.471708</out_Quantity.quantity></Point><Point><position>451</position><in_Quantity.quantity>0.000000</in_Quantity.quantity><out_Quantity.quantity>702.386168</out_Quantity.quantity></Point><Point><position>452</position><in_Quantity.quantity>0.000000</in_Quantity.quantity><out_Quantity.quantity>238.721991</out_Quantity.quantity></Point><Point><position>453</position><in_Quantity.quantity>0.000000</in_Quantity.quantity><out_Quantity.quantity>794.362835</out_Quantity.quantity></Point><Point><position>454</position><in_Quantity.quantity>0.000000</in_Quantity.quantity><out_Quantity.quantity>983.803327</out_Quantity.quantity></Point><Point><position>455</position><in_Quantity.quantity>0.000000</in_Quantity.quantity><out_Quantity.quantity>825.445390</out_Quantity.quantity></Point><Point><position>456</position><in_Quantity.quantity>0.000000</in_Quantity.quantity><out_Quantity.quantity>102.893338</out_Quantity.quantity></Point><Point><position>457</position><in_Quantity.quantity>0.000000</in_Quantity.quantity><out_Quantity.quantity>551.667622</out_Quantity.quantity></Point><Point><position>458</position><in_Quantity.quantity>0.000000</in_Quantity.quantity><out_Quantity.quantity>838.216498</out_Quantity.quantity></Point><Point><position>459</position><in_Quantity.quantity>0.000000</in_Quantity.quantity><out_Quantity.quantity>841.952802</out_Quantity.quantity></Point><Point><position>460</position><in_Quantity.quantity>0.000000</in_Quantity.quantity><out_Quantity.quantity>86.432623</out_Quantity.quantity></Point><Point><position>461</position><in_Quantity.quantity>0.000000</in_Quantity.quantity><out_Quantity.quantity>282.361256</out_Quantity.quantity></Point><Point><position>462</position><in_Quantity.quantity>0.000000</in_Quantity.quantity><out_Quantity.quantity>104.600551</out_Quantity.quantity></Point><Point><position>463</position><in_Quantity.quantity>0.000000</in_Quantity.quantity><out_Quantity.quantity>220.087093</out_Quantity.quantity></Point><Point><position>464</position><in_Quantity.quantity>0.000000</in_Quantity.quantity><out_Quantity.quantity>692.734014</out_Quantity.quantity></Point><Point><position>465</position><in_Quantity.quantity>0.000000</in_Quantity.quantity><out_Quantity.quantity>180.605893</out_Quantity.quantity></Point><Point><position>466</position><in_Quantity.quantity>0.000000</in_Quantity.quantity><out_Quantity.quantity>981.478601</out_Quantity.quantity></Point><Point><position>467</position><in_Quantity.quantity>0.000000</in_Quantity.quantity><out_Quantity.quantity>70.777323</out_Quantity.quantity></Point><Point><position>468</position><in_Quantity.quantity>0.000000</in_Quantity.quantity><out_Quantity.quantity>656.317805</out_Quantity.quantity></Point><Point><position>469</position><in_Quantity.quantity>0.000000</in_Quantity.quantity><out_Quantity.quantity>296.183344</out_Quantity.quantity></Point><Point><position>470</position><in_Quantity.quantity>0.000000</in_Quantity.quantity><out_Quantity.quantity>672.756590</out_Quantity.quantity></Point><Point><position>471</position><in_Quantity.quantity>0.000000</in_Quantity.quantity><out_Quantity.quantity>52.992473</out_Quantity.quantity></Point><Point><position>472</position><in_Quantity.quantity>0.000000</in_Quantity.quantity><out_Quantity.quantity>732.174500</out_Quantity.quantity></Point><Point><position>473</position><in_Quantity.quantity>0.000000</in_Quantity.quantity><out_Quantity.quantity>755.293251</out_Quantity.quantity></Point><Point><position>474</position><in_Quantity.quantity>0.000000</in_Quantity.quantity><out_Quantity.quantity>931.948924</out_Quantity.quantity></Point><Point><position>475</position><in_Quantity.quantity>0.000000</in_Quantity.quantity><out_Quantity.quantity>975.889681</out_Quantity.quantity></Point><Point><position>476</position><in_Quantity.quantity>0.000000</in_Quantity.quantity><out_Quantity.quantity>804.718044</out_Quantity.quantity></Point><Point><position>477</position><in_Quantity.quantity>0.000000</in_Quantity.quantity><out_Quantity.quantity>886.417591</out_Quantity.quantity></Point><Point><position>478</position><in_Quantity.quantity>0.000000</in_Quantity.quantity><out_Quantity.quantity>844.386472</out_Quantity.quantity></Point><Point><position>479</position><in_Quantity.quantity>0.000000</in_Quantity.quantity><out_Quantity.quantity>619.679810</out_Quantity.quantity></Point><Point><position>480</position><in_Quantity.quantity>0.000000</in_Quantity.quantity><out_Quantity.quantity>465.059598</out_Quantity.quantity></Point><Point><position>481</position><in_Quantity.quantity>0.000000</in_Quantity.quantity><out_Quantity.quantity>367.209996</out_Quantity.quantity></Point><Point><position>482</position><in_Quantity.quantity>0.000000</in_Quantity.quantity><out_Quantity.quantity>397.953834</out_Quantity.quantity></Point><Point><position>483</position><in_Quantity.quantity>0.000000</in_Quantity.quantity><out_Quantity.quantity>184.284442</out_Quantity.quantity></Point><Point><position>484</position><in_Quantity.quantity>0.000000</in_Quantity.quantity><out_Quantity.quantity>412.589739</out_Quantity.quantity></Point><Point><position>485</position><in_Quantity.quantity>0.000000</in_Quantity.quantity><out_Quantity.quantity>479.624517</out_Quantity.quantity></Point><Point><position>486</position><in_Quantity.quantity>0.000000</in_Quantity.quantity><out_Quantity.quantity>261.618968</out_Quantity.quantity></Point><Point><position>487</position><in_Quantity.quantity>0.000000</in_Quantity.quantity><out_Quantity.quantity>217.515121</out_Quantity.quantity></Point><Point><position>488</position><in_Quantity.quantity>0.000000</in_Quantity.quantity><out_Quantity.quantity>990.740541</out_Quantity.quantity></Point><Point><position>489</position><in_Quantity.quantity>0.000000</in_Quantity.quantity><out_Quantity.quantity>538.155439</out_Quantity.quantity></Point><Point><position>490</position><in_Quantity.quantity>0.000000</in_Quantity.quantity><out_Quantity.quantity>430.827318</out_Quantity.quantity></Point><Point><position>491</position><in_Quantity.quantity>0.000000</in_Quantity.quantity><out_Quantity.quantity>783.722652</out_Quantity.quantity></Point><Point><position>492</position><in_Quantity.quantity>0.000000</in_Quantity.quantity><out_Quantity.quantity>38.123953</out_Quantity.quantity></Point><Point><position>493</position><in_Quantity.quantity>0.000000</in_Quantity.quantity><out_Quantity.quantity>895.870305</out_Quantity.quantity></Point><Point><position>494</position><in_Quantity.quantity>0.000000</in_Quantity.quantity><out_Quantity.quantity>675.695063</out_Quantity.quantity></Point><Point><position>495</position><in_Quantity.quantity>0.000000</in_Quantity.quantity><out_Quantity.quantity>687.254851</out_Quantity.quantity></Point><Point><position>496</position><in_Quantity.quantity>0.000000</in_Quantity.quantity><out_Quantity.quantity>483.113518</out_Quantity.quantity></Point><Point><position>497</position><in_Quantity.quantity>0.000000</in_Quantity.quantity><out_Quantity.quantity>928.092392</out_Quantity.quantity></Point><Point><position>498</position><in_Quantity.quantity>0.000000</in_Quantity.quantity><out_Quantity.quantity>150.406542</out_Quantity.quantity></Point><Point><position>499</position><in_Quantity.quantity>0.000000</in_Quantity.quantity><out_Quantity.quantity>63.140698</out_Quantity.quantity></Point><Point><position>500</position><in_Quantity.quantity>0.000000</in_Quantity.quantity><out_Quantity.quantity>911.291146</out_Quantity.quantity></Point><Point><position>501</position><in_Quantity.quantity>0.000000</in_Quantity.quantity><out_Quantity.quantity>996.820625</out_Quantity.quantity></Point><Point><position>502</position><in_Quantity.quantity>0.000000</in_Quantity.quantity><out_Quantity.quantity>714.147773</out_Quantity.quantity></Point><Point><position>503</position><in_Quantity.quantity>0.000000</in_Quantity.quantity><out_Quantity.quantity>969.994584</out_Quantity.quantity></Point><Point><position>504</position><in_Quantity.quantity>0.000000</in_Quantity.quantity><out_Quantity.quantity>818.748542</out_Quantity.quantity></Point><Point><position>505</position><in_Quantity.quantity>0.000000</in_Quantity.quantity><out_Quantity.quantity>933.576119</out_Quantity.quantity></Point><Point><position>506</position><in_Quantity.quantity>0.000000</in_Quantity.quantity><out_Quantity.quantity>208.222111</out_Quantity.quantity></Point><Point><position>507</position><in_Quantity.quantity>0.000000</in_Quantity.quantity><out_Quantity.quantity>619.692648</out_Quantity.quantity></Point><Point><position>508</position><in_Quantity.quantity>0.000000</in_Quantity.quantity><out_Quantity.quantity>366.650292</out_Quantity.quantity></Point><Point><position>509</position><in_Quantity.quantity>0.000000</in_Quantity.quantity><out_Quantity.quantity>590.347435</out_Quantity.quantity></Point><Point><position>510</position><in_Quantity.quantity>0.000000</in_Quantity.quantity><out_Quantity.quantity>73.319359</out_Quantity.quantity></Point><Point><position>511</position><in_Quantity.quantity>0.000000</in_Quantity.quantity><out_Quantity.quantity>493.225747</out_Quantity.quantity></Point><Point><position>512</position><in_Quantity.quantity>0.000000</in_Quantity.quantity><out_Quantity.quantity>423.701175</out_Quantity.quantity></Point><Point><position>513</position><in_Quantity.quantity>0.000000</in_Quantity.quantity><out_Quantity.quantity>682.807213</out_Quantity.quantity></Point><Point><position>514</position><in_Quantity.quantity>0.000000</in_Quantity.quantity><out_Quantity.quantity>438.258154</out_Quantity.quantity></Point><Point><position>515</position><in_Quantity.quantity>0.000000</in_Quantity.quantity><out_Quantity.quantity>506.544042</out_Quantity.quantity></Point><Point><position>516</position><in_Quantity.quantity>0.000000</in_Quantity.quantity><out_Quantity.quantity>145.447415</out_Quantity.quantity></Point><Point><position>517</position><in_Quantity.quantity>0.000000</in_Quantity.quantity><out_Quantity.quantity>957.754527</out_Quantity.quantity></Point><Point><position>518</position><in_Quantity.quantity>0.000000</in_Quantity.quantity><out_Quantity.quantity>535.247401</out_Quantity.quantity></Point><Point><position>519</position><in_Quantity.quantity>0.000000</in_Quantity.quantity><out_Quantity.quantity>163.135981</out_Quantity.quantity></Point><Point><position>520</position><in_Quantity.quantity>0.000000</in_Quantity.quantity><out_Quantity.quantity>109.120105</out_Quantity.quantity></Point><Point><position>521</position><in_Quantity.quantity>0.000000</in_Quantity.quantity><out_Quantity.quantity>299.652400</out_Quantity.quantity></Point><Point><position>522</position><in_Quantity.quantity>0.000000</in_Quantity.quantity><out_Quantity.quantity>823.430102</out_Quantity.quantity></Point><Point><position>523</position><in_Quantity.quantity>0.000000</in_Quantity.quantity><out_Quantity.quantity>476.630228</out_Quantity.quantity></Point><Point><position>524</position><in_Quantity.quantity>0.000000</in_Quantity.quantity><out_Quantity.quantity>885.790047</out_Quantity.quantity></Point><Point><position>525</position><in_Quantity.quantity>0.000000</in_Quantity.quantity><out_Quantity.quantity>786.953862</out_Quantity.quantity></Point><Point><position>526</position><in_Quantity.quantity>0.000000</in_Quantity.quantity><out_Quantity.quantity>308.658582</out_Quantity.quantity></Point><Point><position>527</position><in_Quantity.quantity>0.000000</in_Quantity.quantity><out_Quantity.quantity>930.734575</out_Quantity.quantity></Point><Point><position>528</position><in_Quantity.quantity>0.000000</in_Quantity.quantity><out_Quantity.quantity>965.723971</out_Quantity.quantity></Point><Point><position>529</position><in_Quantity.quantity>0.000000</in_Quantity.quantity><out_Quantity.quantity>468.600484</out_Quantity.quantity></Point><Point><position>530</position><in_Quantity.quantity>0.000000</in_Quantity.quantity><out_Quantity.quantity>854.512638</out_Quantity.quantity></Point><Point><position>531</position><in_Quantity.quantity>0.000000</in_Quantity.quantity><out_Quantity.quantity>597.066524</out_Quantity.quantity></Point><Point><position>532</position><in_Quantity.quantity>0.000000</in_Quantity.quantity><out_Quantity.quantity>92.581720</out_Quantity.quantity></Point><Point><position>533</position><in_Quantity.quantity>0.000000</in_Quantity.quantity><out_Quantity.quantity>327.075589</out_Quantity.quantity></Point><Point><position>534</position><in_Quantity.quantity>0.000000</in_Quantity.quantity><out_Quantity.quantity>675.883618</out_Quantity.quantity></Point><Point><position>535</position><in_Quantity.quantity>0.000000</in_Quantity.quantity><out_Quantity.quantity>365.768464</out_Quantity.quantity></Point><Point><position>536</position><in_Quantity.quantity>0.000000</in_Quantity.quantity><out_Quantity.quantity>642.799753</out_Quantity.quantity></Point><Point><position>537</position><in_Quantity.quantity>0.000000</in_Quantity.quantity><out_Quantity.quantity>763.275942</out_Quantity.quantity></Point><Point><position>538</position><in_Quantity.quantity>0.000000</in_Quantity.quantity><out_Quantity.quantity>256.074779</out_Quantity.quantity></Point><Point><position>539</position><in_Quantity.quantity>0.000000</in_Quantity.quantity><out_Quantity.quantity>251.450193</out_Quantity.quantity></Point><Point><position>540</position><in_Quantity.quantity>0.000000</in_Quantity.quantity><out_Quantity.quantity>916.629945</out_Quantity.quantity></Point><Point><position>541</position><in_Quantity.quantity>0.000000</in_Quantity.quantity><out_Quantity.quantity>275.276152</out_Quantity.quantity></Point><Point><position>542</position><in_Quantity.quantity>0.000000</in_Quantity.quantity><out_Quantity.quantity>224.457157</out_Quantity.quantity></Point><Point><position>543</position><in_Quantity.quantity>0.000000</in_Quantity.quantity><out_Quantity.quantity>974.272492</out_Quantity.quantity></Point><Point><position>544</position><in_Quantity.quantity>0.000000</in_Quantity.quantity><out_Quantity.quantity>36.314495</out_Quantity.quantity></Point><Point><position>545</position><in_Quantity.quantity>0.000000</in_Quantity.quantity><out_Quantity.quantity>345.762682</out_Quantity.quantity></Point><Point><position>546</position><in_Quantity.quantity>0.000000</in_Quantity.quantity><out_Quantity.quantity>3.686548</out_Quantity.quantity></Point><Point><position>547</position><in_Quantity.quantity>0.000000</in_Quantity.quantity><out_Quantity.quantity>654.639899</out_Quantity.quantity></Point><Point><position>548</position><in_Quantity.quantity>0.000000</in_Quantity.quantity><out_Quantity.quantity>589.659398</out_Quantity.quantity></Point><Point><position>549</position><in_Quantity.quantity>0.000000</in_Quantity.quantity><out_Quantity.quantity>307.118239</out_Quantity.quantity></Point><Point><position>550</position><in_Quantity.quantity>0.000000</in_Quantity.quantity><out_Quantity.quantity>959.860165</out_Quantity.quantity></Point><Point><position>551</position><in_Quantity.quantity>0.000000</in_Quantity.quantity><out_Quantity.quantity>801.226436</out_Quantity.quantity></Point><Point><position>552</position><in_Quantity.quantity>0.000000</in_Quantity.quantity><out_Quantity.quantity>111.474978</out_Quantity.quantity></Point><Point><position>553</position><in_Quantity.quantity>0.000000</in_Quantity.quantity><out_Quantity.quantity>910.636101</out_Quantity.quantity></Point><Point><position>554</position><in_Quantity.quantity>0.000000</in_Quantity.quantity><out_Quantity.quantity>755.036002</out_Quantity.quantity></Point><Point><position>555</position><in_Quantity.quantity>0.000000</in_Quantity.quantity><out_Quantity.quantity>356.264518</out_Quantity.quantity></Point><Point><position>556</position><in_Quantity.quantity>0.000000</in_Quantity.quantity><out_Quantity.quantity>544.707498</out_Quantity.quantity></Point><Point><position>557</position><in_Quantity.quantity>0.000000</in_Quantity.quantity><out_Quantity.quantity>366.321123</out_Quantity.quantity></Point><Point><position>558</position><in_Quantity.quantity>0.000000</in_Quantity.quantity><out_Quantity.quantity>764.449591</out_Quantity.quantity></Point><Point><position>559</position><in_Quantity.quantity>0.000000</in_Quantity.quantity><out_Quantity.quantity>436.588578</out_Quantity.quantity></Point><Point><position>560</position><in_Quantity.quantity>0.000000</in_Quantity.quantity><out_Quantity.quantity>982.491697</out_Quantity.quantity></Point><Point><position>561</position><in_Quantity.quantity>0.000000</in_Quantity.quantity><out_Quantity.quantity>253.664703</out_Quantity.quantity></Point><Point><position>562</position><in_Quantity.quantity>0.000000</in_Quantity.quantity><out_Quantity.quantity>930.962848</out_Quantity.quantity></Point><Point><position>563</position><in_Quantity.quantity>0.000000</in_Quantity.quantity><out_Quantity.quantity>579.440912</out_Quantity.quantity></Point><Point><position>564</position><in_Quantity.quantity>0.000000</in_Quantity.quantity><out_Quantity.quantity>514.431902</out_Quantity.quantity></Point><Point><position>565</position><in_Quantity.quantity>0.000000</in_Quantity.quantity><out_Quantity.quantity>306.875440</out_Quantity.quantity></Point><Point><position>566</position><in_Quantity.quantity>0.000000</in_Quantity.quantity><out_Quantity.quantity>556.536445</out_Quantity.quantity></Point><Point><position>567</position><in_Quantity.quantity>0.000000</in_Quantity.quantity><out_Quantity.quantity>781.893243</out_Quantity.quantity></Point><Point><position>568</position><in_Quantity.quantity>0.000000</in_Quantity.quantity><out_Quantity.quantity>82.079585</out_Quantity.quantity></Point><Point><position>569</position><in_Quantity.quantity>0.000000</in_Quantity.quantity><out_Quantity.quantity>714.616068</out_Quantity.quantity></Point><Point><position>570</position><in_Quantity.quantity>0.000000</in_Quantity.quantity><out_Quantity.quantity>249.196154</out_Quantity.quantity></Point><Point><position>571</position><in_Quantity.quantity>0.000000</in_Quantity.quantity><out_Quantity.quantity>570.551747</out_Quantity.quantity></Point><Point><position>572</position><in_Quantity.quantity>0.000000</in_Quantity.quantity><out_Quantity.quantity>707.796879</out_Quantity.quantity></Point><Point><position>573</position><in_Quantity.quantity>0.000000</in_Quantity.quantity><out_Quantity.quantity>719.355188</out_Quantity.quantity></Point><Point><position>574</position><in_Quantity.quantity>0.000000</in_Quantity.quantity><out_Quantity.quantity>998.975273</out_Quantity.quantity></Point><Point><position>575</position><in_Quantity.quantity>0.000000</in_Quantity.quantity><out_Quantity.quantity>578.483253</out_Quantity.quantity></Point><Point><position>576</position><in_Quantity.quantity>0.000000</in_Quantity.quantity><out_Quantity.quantity>302.234534</out_Quantity.quantity></Point><Point><position>577</position><in_Quantity.quantity>0.000000</in_Quantity.quantity><out_Quantity.quantity>290.053398</out_Quantity.quantity></Point><Point><position>578</position><in_Quantity.quantity>0.000000</in_Quantity.quantity><out_Quantity.quantity>396.297692</out_Quantity.quantity></Point><Point><position>579</position><in_Quantity.quantity>0.000000</in_Quantity.quantity><out_Quantity.quantity>648.323630</out_Quantity.quantity></Point><Point><position>580</position><in_Quantity.quantity>0.000000</in_Quantity.quantity><out_Quantity.quantity>405.926728</out_Quantity.quantity></Point><Point><position>581</position><in_Quantity.quantity>0.000000</in_Quantity.quantity><out_Quantity.quantity>650.126177</out_Quantity.quantity></Point><Point><position>582</position><in_Quantity.quantity>0.000000</in_Quantity.quantity><out_Quantity.quantity>734.209346</out_Quantity.quantity></Point><Point><position>583</position><in_Quantity.quantity>0.000000</in_Quantity.quantity><out_Quantity.quantity>36.797084</out_Quantity.quantity></Point><Point><position>584</position><in_Quantity.quantity>0.000000</in_Quantity.quantity><out_Quantity.quantity>646.169352</out_Quantity.quantity></Point><Point><position>585</position><in_Quantity.quantity>0.000000</in_Quantity.quantity><out_Quantity.quantity>75.027791</out_Quantity.quantity></Point><Point><position>586</position><in_Quantity.quantity>0.000000</in_Quantity.quantity><out_Quantity.quantity>786.634452</out_Quantity.quantity></Point><Point><position>587</position><in_Quantity.quantity>0.000000</in_Quantity.quantity><out_Quantity.quantity>336.843166</out_Quantity.quantity></Point><Point><position>588</position><in_Quantity.quantity>0.000000</in_Quantity.quantity><out_Quantity.quantity>538.888413</out_Quantity.quantity></Point><Point><position>589</position><in_Quantity.quantity>0.000000</in_Quantity.quantity><out_Quantity.quantity>345.295005</out_Quantity.quantity></Point><Point><position>590</position><in_Quantity.quantity>0.000000</in_Quantity.quantity><out_Quantity.quantity>100.490461</out_Quantity.quantity></Point><Point><position>591</position><in_Quantity.quantity>0.000000</in_Quantity.quantity><out_Quantity.quantity>179.452853</out_Quantity.quantity></Point><Point><position>592</position><in_Quantity.quantity>0.000000</in_Quantity.quantity><out_Quantity.quantity>618.529839</out_Quantity.quantity></Point><Point><position>593</position><in_Quantity.quantity>0.000000</in_Quantity.quantity><out_Quantity.quantity>776.366390</out_Quantity.quantity></Point><Point><position>594</position><in_Quantity.quantity>0.000000</in_Quantity.quantity><out_Quantity.quantity>697.924388</out_Quantity.quantity></Point><Point><position>595</position><in_Quantity.quantity>0.000000</in_Quantity.quantity><out_Quantity.quantity>699.114504</out_Quantity.quantity></Point><Point><position>596</position><in_Quantity.quantity>0.000000</in_Quantity.quantity><out_Quantity.quantity>483.494269</out_Quantity.quantity></Point><Point><position>597</position><in_Quantity.quantity>0.000000</in_Quantity.quantity><out_Quantity.quantity>675.996307</out_Quantity.quantity></Point><Point><position>598</position><in_Quantity.quantity>0.000000</in_Quantity.quantity><out_Quantity.quantity>57.917546</out_Quantity.quantity></Point><Point><position>599</position><in_Quantity.quantity>0.000000</in_Quantity.quantity><out_Quantity.quantity>354.216322</out_Quantity.quantity></Point><Point><position>600</position><in_Quantity.quantity>0.000000</in_Quantity.quantity><out_Quantity.quantity>656.721112</out_Quantity.quantity></Point><Point><position>601</position><in_Quantity.quantity>0.000000</in_Quantity.quantity><out_Quantity.quantity>145.791158</out_Quantity.quantity></Point><Point><position>602</position><in_Quantity.quantity>0.000000</in_Quantity.quantity><out_Quantity.quantity>26.988037</out_Quantity.quantity></Point><Point><position>603</position><in_Quantity.quantity>0.000000</in_Quantity.quantity><out_Quantity.quantity>508.211856</out_Quantity.quantity></Point><Point><position>604</position><in_Quantity.quantity>0.000000</in_Quantity.quantity><out_Quantity.quantity>527.922147</out_Quantity.quantity></Point><Point><position>605</position><in_Quantity.quantity>0.000000</in_Quantity.quantity><out_Quantity.quantity>602.645612</out_Quantity.quantity></Point><Point><position>606</position><in_Quantity.quantity>0.000000</in_Quantity.quantity><out_Quantity.quantity>936.818694</out_Quantity.quantity></Point><Point><position>607</position><in_Quantity.quantity>0.000000</in_Quantity.quantity><out_Quantity.quantity>227.980206</out_Quantity.quantity></Point><Point><position>608</position><in_Quantity.quantity>0.000000</in_Quantity.quantity><out_Quantity.quantity>276.977041</out_Quantity.quantity></Point><Point><position>609</position><in_Quantity.quantity>0.000000</in_Quantity.quantity><out_Quantity.quantity>333.109693</out_Quantity.quantity></Point><Point><position>610</position><in_Quantity.quantity>0.000000</in_Quantity.quantity><out_Quantity.quantity>981.991215</out_Quantity.quantity></Point><Point><position>611</position><in_Quantity.quantity>0.000000</in_Quantity.quantity><out_Quantity.quantity>51.983985</out_Quantity.quantity></Point><Point><position>612</position><in_Quantity.quantity>0.000000</in_Quantity.quantity><out_Quantity.quantity>236.984326</out_Quantity.quantity></Point><Point><position>613</position><in_Quantity.quantity>0.000000</in_Quantity.quantity><out_Quantity.quantity>657.005296</out_Quantity.quantity></Point><Point><position>614</position><in_Quantity.quantity>0.000000</in_Quantity.quantity><out_Quantity.quantity>95.982379</out_Quantity.quantity></Point><Point><position>615</position><in_Quantity.quantity>0.000000</in_Quantity.quantity><out_Quantity.quantity>933.449658</out_Quantity.quantity></Point><Point><position>616</position><in_Quantity.quantity>0.000000</in_Quantity.quantity><out_Quantity.quantity>895.927575</out_Quantity.quantity></Point><Point><position>617</position><in_Quantity.quantity>0.000000</in_Quantity.quantity><out_Quantity.quantity>255.047251</out_Quantity.quantity></Point><Point><position>618</position><in_Quantity.quantity>0.000000</in_Quantity.quantity><out_Quantity.quantity>364.809819</out_Quantity.quantity></Point><Point><position>619</position><in_Quantity.quantity>0.000000</in_Quantity.quantity><out_Quantity.quantity>304.835224</out_Quantity.quantity></Point><Point><position>620</position><in_Quantity.quantity>0.000000</in_Quantity.quantity><out_Quantity.quantity>87.210001</out_Quantity.quantity></Point><Point><position>621</position><in_Quantity.quantity>0.000000</in_Quantity.quantity><out_Quantity.quantity>696.110612</out_Quantity.quantity></Point><Point><position>622</position><in_Quantity.quantity>0.000000</in_Quantity.quantity><out_Quantity.quantity>313.721477</out_Quantity.quantity></Point><Point><position>623</position><in_Quantity.quantity>0.000000</in_Quantity.quantity><out_Quantity.quantity>231.782083</out_Quantity.quantity></Point><Point><position>624</position><in_Quantity.quantity>0.000000</in_Quantity.quantity><out_Quantity.quantity>482.275010</out_Quantity.quantity></Point><Point><position>625</position><in_Quantity.quantity>0.000000</in_Quantity.quantity><out_Quantity.quantity>940.013226</out_Quantity.quantity></Point><Point><position>626</position><in_Quantity.quantity>0.000000</in_Quantity.quantity><out_Quantity.quantity>911.882359</out_Quantity.quantity></Point><Point><position>627</position><in_Quantity.quantity>0.000000</in_Quantity.quantity><out_Quantity.quantity>424.362562</out_Quantity.quantity></Point><Point><position>628</position><in_Quantity.quantity>0.000000</in_Quantity.quantity><out_Quantity.quantity>202.691868</out_Quantity.quantity></Point><Point><position>629</position><in_Quantity.quantity>0.000000</in_Quantity.quantity><out_Quantity.quantity>149.378876</out_Quantity.quantity></Point><Point><position>630</position><in_Quantity.quantity>0.000000</in_Quantity.quantity><out_Quantity.quantity>615.076027</out_Quantity.quantity></Point><Point><position>631</position><in_Quantity.quantity>0.000000</in_Quantity.quantity><out_Quantity.quantity>335.043812</out_Quantity.quantity></Point><Point><position>632</position><in_Quantity.quantity>0.000000</in_Quantity.quantity><out_Quantity.quantity>313.496475</out_Quantity.quantity></Point><Point><position>633</position><in_Quantity.quantity>0.000000</in_Quantity.quantity><out_Quantity.quantity>698.902423</out_Quantity.quantity></Point><Point><position>634</position><in_Quantity.quantity>0.000000</in_Quantity.quantity><out_Quantity.quantity>647.614199</out_Quantity.quantity></Point><Point><position>635</position><in_Quantity.quantity>0.000000</in_Quantity.quantity><out_Quantity.quantity>448.280607</out_Quantity.quantity></Point><Point><position>636</position><in_Quantity.quantity>0.000000</in_Quantity.quantity><out_Quantity.quantity>59.423133</out_Quantity.quantity></Point><Point><position>637</position><in_Quantity.quantity>0.000000</in_Quantity.quantity><out_Quantity.quantity>343.385849</out_Quantity.quantity></Point><Point><position>638</position><in_Quantity.quantity>0.000000</in_Quantity.quantity><out_Quantity.quantity>911.177167</out_Quantity.quantity></Point><Point><position>639</position><in_Quantity.quantity>0.000000</in_Quantity.quantity><out_Quantity.quantity>404.515543</out_Quantity.quantity></Point><Point><position>640</position><in_Quantity.quantity>0.000000</in_Quantity.quantity><out_Quantity.quantity>527.577602</out_Quantity.quantity></Point><Point><position>641</position><in_Quantity.quantity>0.000000</in_Quantity.quantity><out_Quantity.quantity>118.983934</out_Quantity.quantity></Point><Point><position>642</position><in_Quantity.quantity>0.000000</in_Quantity.quantity><out_Quantity.quantity>359.009705</out_Quantity.quantity></Point><Point><position>643</position><in_Quantity.quantity>0.000000</in_Quantity.quantity><out_Quantity.quantity>593.435763</out_Quantity.quantity></Point><Point><position>644</position><in_Quantity.quantity>0.000000</in_Quantity.quantity><out_Quantity.quantity>708.492622</out_Quantity.quantity></Point><Point><position>645</position><in_Quantity.quantity>0.000000</in_Quantity.quantity><out_Quantity.quantity>302.983822</out_Quantity.quantity></Point><Point><position>646</position><in_Quantity.quantity>0.000000</in_Quantity.quantity><out_Quantity.quantity>248.352291</out_Quantity.quantity></Point><Point><position>647</position><in_Quantity.quantity>0.000000</in_Quantity.quantity><out_Quantity.quantity>896.958962</out_Quantity.quantity></Point><Point><position>648</position><in_Quantity.quantity>0.000000</in_Quantity.quantity><out_Quantity.quantity>247.845591</out_Quantity.quantity></Point><Point><position>649</position><in_Quantity.quantity>0.000000</in_Quantity.quantity><out_Quantity.quantity>782.145738</out_Quantity.quantity></Point><Point><position>650</position><in_Quantity.quantity>0.000000</in_Quantity.quantity><out_Quantity.quantity>920.782468</out_Quantity.quantity></Point><Point><position>651</position><in_Quantity.quantity>0.000000</in_Quantity.quantity><out_Quantity.quantity>381.041352</out_Quantity.quantity></Point><Point><position>652</position><in_Quantity.quantity>0.000000</in_Quantity.quantity><out_Quantity.quantity>868.241994</out_Quantity.quantity></Point><Point><position>653</position><in_Quantity.quantity>0.000000</in_Quantity.quantity><out_Quantity.quantity>314.917103</out_Quantity.quantity></Point><Point><position>654</position><in_Quantity.quantity>0.000000</in_Quantity.quantity><out_Quantity.quantity>89.315138</out_Quantity.quantity></Point><Point><position>655</position><in_Quantity.quantity>0.000000</in_Quantity.quantity><out_Quantity.quantity>481.315328</out_Quantity.quantity></Point><Point><position>656</position><in_Quantity.quantity>0.000000</in_Quantity.quantity><out_Quantity.quantity>469.480449</out_Quantity.quantity></Point><Point><position>657</position><in_Quantity.quantity>0.000000</in_Quantity.quantity><out_Quantity.quantity>760.458655</out_Quantity.quantity></Point><Point><position>658</position><in_Quantity.quantity>0.000000</in_Quantity.quantity><out_Quantity.quantity>780.695318</out_Quantity.quantity></Point><Point><position>659</position><in_Quantity.quantity>0.000000</in_Quantity.quantity><out_Quantity.quantity>256.869542</out_Quantity.quantity></Point><Point><position>660</position><in_Quantity.quantity>0.000000</in_Quantity.quantity><out_Quantity.quantity>960.581998</out_Quantity.quantity></Point><Point><position>661</position><in_Quantity.quantity>0.000000</in_Quantity.quantity><out_Quantity.quantity>230.023864</out_Quantity.quantity></Point><Point><position>662</position><in_Quantity.quantity>0.000000</in_Quantity.quantity><out_Quantity.quantity>872.088728</out_Quantity.quantity></Point><Point><position>663</position><in_Quantity.quantity>0.000000</in_Quantity.quantity><out_Quantity.quantity>3.749919</out_Quantity.quantity></Point><Point><position>664</position><in_Quantity.quantity>0.000000</in_Quantity.quantity><out_Quantity.quantity>391.404375</out_Quantity.quantity></Point><Point><position>665</position><in_Quantity.quantity>0.000000</in_Quantity.quantity><out_Quantity.quantity>953.176048</out_Quantity.quantity></Point><Point><position>666</position><in_Quantity.quantity>0.000000</in_Quantity.quantity><out_Quantity.quantity>589.263984</out_Quantity.quantity></Point><Point><position>667</position><in_Quantity.quantity>0.000000</in_Quantity.quantity><out_Quantity.quantity>97.803719</out_Quantity.quantity></Point><Point><position>668</position><in_Quantity.quantity>0.000000</in_Quantity.quantity><out_Quantity.quantity>996.931719</out_Quantity.quantity></Point><Point><position>669</position><in_Quantity.quantity>0.000000</in_Quantity.quantity><out_Quantity.quantity>203.189641</out_Quantity.quantity></Point><Point><position>670</position><in_Quantity.quantity>0.000000</in_Quantity.quantity><out_Quantity.quantity>433.924503</out_Quantity.quantity></Point><Point><position>671</position><in_Quantity.quantity>0.000000</in_Quantity.quantity><out_Quantity.quantity>875.036560</out_Quantity.quantity></Point><Point><position>672</position><in_Quantity.quantity>0.000000</in_Quantity.quantity><out_Quantity.quantity>135.424076</out_Quantity.quantity></Point><Point><position>673</position><in_Quantity.quantity>0.000000</in_Quantity.quantity><out_Quantity.quantity>82.427769</out_Quantity.quantity></Point><Point><position>674</position><in_Quantity.quantity>0.000000</in_Quantity.quantity><out_Quantity.quantity>295.185396</out_Quantity.quantity></Point><Point><position>675</position><in_Quantity.quantity>0.000000</in_Quantity.quantity><out_Quantity.quantity>237.752224</out_Quantity.quantity></Point><Point><position>676</position><in_Quantity.quantity>0.000000</in_Quantity.quantity><out_Quantity.quantity>373.669077</out_Quantity.quantity></Point><Point><position>677</position><in_Quantity.quantity>0.000000</in_Quantity.quantity><out_Quantity.quantity>549.415229</out_Quantity.quantity></Point><Point><position>678</position><in_Quantity.quantity>0.000000</in_Quantity.quantity><out_Quantity.quantity>950.039784</out_Quantity.quantity></Point><Point><position>679</position><in_Quantity.quantity>0.000000</in_Quantity.quantity><out_Quantity.quantity>864.312987</out_Quantity.quantity></Point><Point><position>680</position><in_Quantity.quantity>0.000000</in_Quantity.quantity><out_Quantity.quantity>303.684179</out_Quantity.quantity></Point><Point><position>681</position><in_Quantity.quantity>0.000000</in_Quantity.quantity><out_Quantity.quantity>282.986951</out_Quantity.quantity></Point><Point><position>682</position><in_Quantity.quantity>0.000000</in_Quantity.quantity><out_Quantity.quantity>809.313559</out_Quantity.quantity></Point><Point><position>683</position><in_Quantity.quantity>0.000000</in_Quantity.quantity><out_Quantity.quantity>959.958415</out_Quantity.quantity></Point><Point><position>684</position><in_Quantity.quantity>0.000000</in_Quantity.quantity><out_Quantity.quantity>966.751980</out_Quantity.quantity></Point><Point><position>685</position><in_Quantity.quantity>0.000000</in_Quantity.quantity><out_Quantity.quantity>421.309029</out_Quantity.quantity></Point><Point><position>686</position><in_Quantity.quantity>0.000000</in_Quantity.quantity><out_Quantity.quantity>289.574868</out_Quantity.quantity></Point><Point><position>687</position><in_Quantity.quantity>0.000000</in_Quantity.quantity><out_Quantity.quantity>118.287529</out_Quantity.quantity></Point><Point><position>688</position><in_Quantity.quantity>0.000000</in_Quantity.quantity><out_Quantity.quantity>624.764573</out_Quantity.quantity></Point><Point><position>689</position><in_Quantity.quantity>0.000000</in_Quantity.quantity><out_Quantity.quantity>977.730426</out_Quantity.quantity></Point><Point><position>690</position><in_Quantity.quantity>0.000000</in_Quantity.quantity><out_Quantity.quantity>910.124663</out_Quantity.quantity></Point><Point><position>691</position><in_Quantity.quantity>0.000000</in_Quantity.quantity><out_Quantity.quantity>138.090469</out_Quantity.quantity></Point><Point><position>692</position><in_Quantity.quantity>0.000000</in_Quantity.quantity><out_Quantity.quantity>433.496314</out_Quantity.quantity></Point><Point><position>693</position><in_Quantity.quantity>0.000000</in_Quantity.quantity><out_Quantity.quantity>434.966811</out_Quantity.quantity></Point><Point><position>694</position><in_Quantity.quantity>0.000000</in_Quantity.quantity><out_Quantity.quantity>551.423096</out_Quantity.quantity></Point><Point><position>695</position><in_Quantity.quantity>0.000000</in_Quantity.quantity><out_Quantity.quantity>165.224592</out_Quantity.quantity></Point><Point><position>696</position><in_Quantity.quantity>0.000000</in_Quantity.quantity><out_Quantity.quantity>268.548003</out_Quantity.quantity></Point><Point><position>697</position><in_Quantity.quantity>0.000000</in_Quantity.quantity><out_Quantity.quantity>781.546400</out_Quantity.quantity></Point><Point><position>698</position><in_Quantity.quantity>0.000000</in_Quantity.quantity><out_Quantity.quantity>612.841207</out_Quantity.quantity></Point><Point><position>699</position><in_Quantity.quantity>0.000000</in_Quantity.quantity><out_Quantity.quantity>273.278410</out_Quantity.quantity></Point><Point><position>700</position><in_Quantity.quantity>0.000000</in_Quantity.quantity><out_Quantity.quantity>927.549105</out_Quantity.quantity></Point><Point><position>701</position><in_Quantity.quantity>0.000000</in_Quantity.quantity><out_Quantity.quantity>55.524164</out_Quantity.quantity></Point><Point><position>702</position><in_Quantity.quantity>0.000000</in_Quantity.quantity><out_Quantity.quantity>605.089517</out_Quantity.quantity></Point><Point><position>703</position><in_Quantity.quantity>0.000000</in_Quantity.quantity><out_Quantity.quantity>658.016888</out_Quantity.quantity></Point><Point><position>704</position><in_Quantity.quantity>0.000000</in_Quantity.quantity><out_Quantity.quantity>378.036761</out_Quantity.quantity></Point><Point><position>705</position><in_Quantity.quantity>0.000000</in_Quantity.quantity><out_Quantity.quantity>899.105260</out_Quantity.quantity></Point><Point><position>706</position><in_Quantity.quantity>0.000000</in_Quantity.quantity><out_Quantity.quantity>945.335854</out_Quantity.quantity></Point><Point><position>707</position><in_Quantity.quantity>0.000000</in_Quantity.quantity><out_Quantity.quantity>742.644664</out_Quantity.quantity></Point><Point><position>708</position><in_Quantity.quantity>0.000000</in_Quantity.quantity><out_Quantity.quantity>669.727565</out_Quantity.quantity></Point><Point><position>709</position><in_Quantity.quantity>0.000000</in_Quantity.quantity><out_Quantity.quantity>46.086593</out_Quantity.quantity></Point><Point><position>710</position><in_Quantity.quantity>0.000000</in_Quantity.quantity><out_Quantity.quantity>587.469618</out_Quantity.quantity></Point><Point><position>711</position><in_Quantity.quantity>0.000000</in_Quantity.quantity><out_Quantity.quantity>520.031579</out_Quantity.quantity></Point><Point><position>712</position><in_Quantity.quantity>0.000000</in_Quantity.quantity><out_Quantity.quantity>622.069983</out_Quantity.quantity></Point><Point><position>713</position><in_Quantity.quantity>0.000000</in_Quantity.quantity><out_Quantity.quantity>993.721511</out_Quantity.quantity></Point><Point><position>714</position><in_Quantity.quantity>0.000000</in_Quantity.quantity><out_Quantity.quantity>369.146264</out_Quantity.quantity></Point><Point><position>715</position><in_Quantity.quantity>0.000000</in_Quantity.quantity><out_Quantity.quantity>306.548361</out_Quantity.quantity></Point><Point><position>716</position><in_Quantity.quantity>0.000000</in_Quantity.quantity><out_Quantity.quantity>58.181322</out_Quantity.quantity></Point><Point><position>717</position><in_Quantity.quantity>0.000000</in_Quantity.quantity><out_Quantity.quantity>746.124694</out_Quantity.quantity></Point><Point><position>718</position><in_Quantity.quantity>0.000000</in_Quantity.quantity><out_Quantity.quantity>656.022484</out_Quantity.quantity></Point><Point><position>719</position><in_Quantity.quantity>0.000000</in_Quantity.quantity><out_Quantity.quantity>864.601331</out_Quantity.quantity></Point><Point><position>720</position><in_Quantity.quantity>0.000000</in_Quantity.quantity><out_Quantity.quantity>662.300535</out_Quantity.quantity></Point><Point><position>721</position><in_Quantity.quantity>0.000000</in_Quantity.quantity><out_Quantity.quantity>903.691887</out_Quantity.quantity></Point><Point><position>722</position><in_Quantity.quantity>0.000000</in_Quantity.quantity><out_Quantity.quantity>617.883618</out_Quantity.quantity></Point><Point><position>723</position><in_Quantity.quantity>0.000000</in_Quantity.quantity><out_Quantity.quantity>397.726611</out_Quantity.quantity></Point><Point><position>724</position><in_Quantity.quantity>0.000000</in_Quantity.quantity><out_Quantity.quantity>160.722526</out_Quantity.quantity></Point><Point><position>725</position><in_Quantity.quantity>0.000000</in_Quantity.quantity><out_Quantity.quantity>374.633173</out_Quantity.quantity></Point><Point><position>726</position><in_Quantity.quantity>0.000000</in_Quantity.quantity><out_Quantity.quantity>76.290127</out_Quantity.quantity></Point><Point><position>727</position><in_Quantity.quantity>0.000000</in_Quantity.quantity><out_Quantity.quantity>552.946385</out_Quantity.quantity></Point><Point><position>728</position><in_Quantity.quantity>0.000000</in_Quantity.quantity><out_Quantity.quantity>40.128069</out_Quantity.quantity></Point><Point><position>729</position><in_Quantity.quantity>0.000000</in_Quantity.quantity><out_Quantity.quantity>428.425878</out_Quantity.quantity></Point><Point><position>730</position><in_Quantity.quantity>0.000000</in_Quantity.quantity><out_Quantity.quantity>440.774261</out_Quantity.quantity></Point><Point><position>731</position><in_Quantity.quantity>0.000000</in_Quantity.quantity><out_Quantity.quantity>348.790000</out_Quantity.quantity></Point><Point><position>732</position><in_Quantity.quantity>0.000000</in_Quantity.quantity><out_Quantity.quantity>93.533476</out_Quantity.quantity></Point><Point><position>733</position><in_Quantity.quantity>0.000000</in_Quantity.quantity><out_Quantity.quantity>360.732780</out_Quantity.quantity></Point><Point><position>734</position><in_Quantity.quantity>0.000000</in_Quantity.quantity><out_Quantity.quantity>717.567586</out_Quantity.quantity></Point><Point><position>735</position><in_Quantity.quantity>0.000000</in_Quantity.quantity><out_Quantity.quantity>633.754382</out_Quantity.quantity></Point><Point><position>736</position><in_Quantity.quantity>0.000000</in_Quantity.quantity><out_Quantity.quantity>775.325074</out_Quantity.quantity></Point><Point><position>737</position><in_Quantity.quantity>0.000000</in_Quantity.quantity><out_Quantity.quantity>5.747274</out_Quantity.quantity></Point><Point><position>738</position><in_Quantity.quantity>0.000000</in_Quantity.quantity><out_Quantity.quantity>186.086349</out_Quantity.quantity></Point><Point><position>739</position><in_Quantity.quantity>0.000000</in_Quantity.quantity><out_Quantity.quantity>723.481902</out_Quantity.quantity></Point><Point><position>740</position><in_Quantity.quantity>0.000000</in_Quantity.quantity><out_Quantity.quantity>838.836516</out_Quantity.quantity></Point><Point><position>741</position><in_Quantity.quantity>0.000000</in_Quantity.quantity><out_Quantity.quantity>283.326629</out_Quantity.quantity></Point><Point><position>742</position><in_Quantity.quantity>0.000000</in_Quantity.quantity><out_Quantity.quantity>980.050026</out_Quantity.quantity></Point><Point><position>743</position><in_Quantity.quantity>0.000000</in_Quantity.quantity><out_Quantity.quantity>937.128445</out_Quantity.quantity></Point><Point><position>744</position><in_Quantity.quantity>0.000000</in_Quantity.quantity><out_Quantity.quantity>411.306595</out_Quantity.quantity></Point><Point><position>745</position><in_Quantity.quantity>0.000000</in_Quantity.quantity><out_Quantity.quantity>314.159626</out_Quantity.quantity></Point><Point><position>746</position><in_Quantity.quantity>0.000000</in_Quantity.quantity><out_Quantity.quantity>628.884987</out_Quantity.quantity></Point><Point><position>747</position><in_Quantity.quantity>0.000000</in_Quantity.quantity><out_Quantity.quantity>689.415389</out_Quantity.quantity></Point><Point><position>748</position><in_Quantity.quantity>0.000000</in_Quantity.quantity><out_Quantity.quantity>313.699811</out_Quantity.quantity></Point><Point><position>749</position><in_Quantity.quantity>0.000000</in_Quantity.quantity><out_Quantity.quantity>445.609551</out_Quantity.quantity></Point><Point><position>750</position><in_Quantity.quantity>0.000000</in_Quantity.quantity><out_Quantity.quantity>872.394172</out_Quantity.quantity></Point><Point><position>751</position><in_Quantity.quantity>0.000000</in_Quantity.quantity><out_Quantity.quantity>953.944591</out_Quantity.quantity></Point><Point><position>752</position><in_Quantity.quantity>0.000000</in_Quantity.quantity><out_Quantity.quantity>901.969727</out_Quantity.quantity></Point><Point><position>753</position><in_Quantity.quantity>0.000000</in_Quantity.quantity><out_Quantity.quantity>647.234250</out_Quantity.quantity></Point><Point><position>754</position><in_Quantity.quantity>0.000000</in_Quantity.quantity><out_Quantity.quantity>833.368112</out_Quantity.quantity></Point><Point><position>755</position><in_Quantity.quantity>0.000000</in_Quantity.quantity><out_Quantity.quantity>167.878952</out_Quantity.quantity></Point><Point><position>756</position><in_Quantity.quantity>0.000000</in_Quantity.quantity><out_Quantity.quantity>822.326309</out_Quantity.quantity></Point><Point><position>757</position><in_Quantity.quantity>0.000000</in_Quantity.quantity><out_Quantity.quantity>427.444383</out_Quantity.quantity></Point><Point><position>758</position><in_Quantity.quantity>0.000000</in_Quantity.quantity><out_Quantity.quantity>506.632635</out_Quantity.quantity></Point><Point><position>759</position><in_Quantity.quantity>0.000000</in_Quantity.quantity><out_Quantity.quantity>206.259893</out_Quantity.quantity></Point><Point><position>760</position><in_Quantity.quantity>0.000000</in_Quantity.quantity><out_Quantity.quantity>290.448054</out_Quantity.quantity></Point><Point><position>761</position><in_Quantity.quantity>0.000000</in_Quantity.quantity><out_Quantity.quantity>116.364620</out_Quantity.quantity></Point><Point><position>762</position><in_Quantity.quantity>0.000000</in_Quantity.quantity><out_Quantity.quantity>185.274590</out_Quantity.quantity></Point><Point><position>763</position><in_Quantity.quantity>0.000000</in_Quantity.quantity><out_Quantity.quantity>875.788543</out_Quantity.quantity></Point><Point><position>764</position><in_Quantity.quantity>0.000000</in_Quantity.quantity><out_Quantity.quantity>81.643608</out_Quantity.quantity></Point><Point><position>765</position><in_Quantity.quantity>0.000000</in_Quantity.quantity><out_Quantity.quantity>987.720102</out_Quantity.quantity></Point><Point><position>766</position><in_Quantity.quantity>0.000000</in_Quantity.quantity><out_Quantity.quantity>857.999846</out_Quantity.quantity></Point><Point><position>767</position><in_Quantity.quantity>0.000000</in_Quantity.quantity><out_Quantity.quantity>175.759919</out_Quantity.quantity></Point><Point><position>768</position><in_Quantity.quantity>0.000000</in_Quantity.quantity><out_Quantity.quantity>368.676364</out_Quantity.quantity></Point><Point><position>769</position><in_Quantity.quantity>0.000000</in_Quantity.quantity><out_Quantity.quantity>212.559853</out_Quantity.quantity></Point><Point><position>770</position><in_Quantity.quantity>0.000000</in_Quantity.quantity><out_Quantity.quantity>521.222105</out_Quantity.quantity></Point><Point><position>771</position><in_Quantity.quantity>0.000000</in_Quantity.quantity><out_Quantity.quantity>400.618818</out_Quantity.quantity></Point><Point><position>772</position><in_Quantity.quantity>0.000000</in_Quantity.quantity><out_Quantity.quantity>765.883398</out_Quantity.quantity></Point><Point><position>773</position><in_Quantity.quantity>0.000000</in_Quantity.quantity><out_Quantity.quantity>674.576521</out_Quantity.quantity></Point><Point><position>774</position><in_Quantity.quantity>0.000000</in_Quantity.quantity><out_Quantity.quantity>912.041950</out_Quantity.quantity></Point><Point><position>775</position><in_Quantity.quantity>0.000000</in_Quantity.quantity><out_Quantity.quantity>40.265240</out_Quantity.quantity></Point><Point><position>776</position><in_Quantity.quantity>0.000000</in_Quantity.quantity><out_Quantity.quantity>107.556816</out_Quantity.quantity></Point><Point><position>777</position><in_Quantity.quantity>0.000000</in_Quantity.quantity><out_Quantity.quantity>803.893331</out_Quantity.quantity></Point><Point><position>778</position><in_Quantity.quantity>0.000000</in_Quantity.quantity><out_Quantity.quantity>879.918995</out_Quantity.quantity></Point><Point><position>779</position><in_Quantity.quantity>0.000000</in_Quantity.quantity><out_Quantity.quantity>113.525925</out_Quantity.quantity></Point><Point><position>780</position><in_Quantity.quantity>0.000000</in_Quantity.quantity><out_Quantity.quantity>13.127576</out_Quantity.quantity></Point><Point><position>781</position><in_Quantity.quantity>0.000000</in_Quantity.quantity><out_Quantity.quantity>16.425733</out_Quantity.quantity></Point><Point><position>782</position><in_Quantity.quantity>0.000000</in_Quantity.quantity><out_Quantity.quantity>572.106919</out_Quantity.quantity></Point><Point><position>783</position><in_Quantity.quantity>0.000000</in_Quantity.quantity><out_Quantity.quantity>673.877131</out_Quantity.quantity></Point><Point><position>784</position><in_Quantity.quantity>0.000000</in_Quantity.quantity><out_Quantity.quantity>475.494281</out_Quantity.quantity></Point><Point><position>785</position><in_Quantity.quantity>0.000000</in_Quantity.quantity><out_Quantity.quantity>380.787070</out_Quantity.quantity></Point><Point><position>786</position><in_Quantity.quantity>0.000000</in_Quantity.quantity><out_Quantity.quantity>769.291728</out_Quantity.quantity></Point><Point><position>787</position><in_Quantity.quantity>0.000000</in_Quantity.quantity><out_Quantity.quantity>746.188190</out_Quantity.quantity></Point><Point><position>788</position><in_Quantity.quantity>0.000000</in_Quantity.quantity><out_Quantity.quantity>901.841823</out_Quantity.quantity></Point><Point><position>789</position><in_Quantity.quantity>0.000000</in_Quantity.quantity><out_Quantity.quantity>630.157905</out_Quantity.quantity></Point><Point><position>790</position><in_Quantity.quantity>0.000000</in_Quantity.quantity><out_Quantity.quantity>236.525070</out_Quantity.quantity></Point><Point><position>791</position><in_Quantity.quantity>0.000000</in_Quantity.quantity><out_Quantity.quantity>49.418494</out_Quantity.quantity></Point><Point><position>792</position><in_Quantity.quantity>0.000000</in_Quantity.quantity><out_Quantity.quantity>43.408186</out_Quantity.quantity></Point><Point><position>793</position><in_Quantity.quantity>0.000000</in_Quantity.quantity><out_Quantity.quantity>624.234647</out_Quantity.quantity></Point><Point><position>794</position><in_Quantity.quantity>0.000000</in_Quantity.quantity><out_Quantity.quantity>203.029931</out_Quantity.quantity></Point><Point><position>795</position><in_Quantity.quantity>0.000000</in_Quantity.quantity><out_Quantity.quantity>424.341373</out_Quantity.quantity></Point><Point><position>796</position><in_Quantity.quantity>0.000000</in_Quantity.quantity><out_Quantity.quantity>102.333409</out_Quantity.quantity></Point><Point><position>797</position><in_Quantity.quantity>0.000000</in_Quantity.quantity><out_Quantity.quantity>381.178767</out_Quantity.quantity></Point><Point><position>798</position><in_Quantity.quantity>0.000000</in_Quantity.quantity><out_Quantity.quantity>471.235310</out_Quantity.quantity></Point><Point><position>799</position><in_Quantity.quantity>0.000000</in_Quantity.quantity><out_Quantity.quantity>421.458301</out_Quantity.quantity></Point><Point><position>800</position><in_Quantity.quantity>0.000000</in_Quantity.quantity><out_Quantity.quantity>586.579891</out_Quantity.quantity></Point><Point><position>801</position><in_Quantity.quantity>0.000000</in_Quantity.quantity><out_Quantity.quantity>719.102556</out_Quantity.quantity></Point><Point><position>802</position><in_Quantity.quantity>0.000000</in_Quantity.quantity><out_Quantity.quantity>725.336975</out_Quantity.quantity></Point><Point><position>803</position><in_Quantity.quantity>0.000000</in_Quantity.quantity><out_Quantity.quantity>501.617945</out_Quantity.quantity></Point><Point><position>804</position><in_Quantity.quantity>0.000000</in_Quantity.quantity><out_Quantity.quantity>590.296043</out_Quantity.quantity></Point><Point><position>805</position><in_Quantity.quantity>0.000000</in_Quantity.quantity><out_Quantity.quantity>803.377654</out_Quantity.quantity></Point><Point><position>806</position><in_Quantity.quantity>0.000000</in_Quantity.quantity><out_Quantity.quantity>27.843083</out_Quantity.quantity></Point><Point><position>807</position><in_Quantity.quantity>0.000000</in_Quantity.quantity><out_Quantity.quantity>492.727408</out_Quantity.quantity></Point><Point><position>808</position><in_Quantity.quantity>0.000000</in_Quantity.quantity><out_Quantity.quantity>174.295702</out_Quantity.quantity></Point><Point><position>809</position><in_Quantity.quantity>0.000000</in_Quantity.quantity><out_Quantity.quantity>899.875029</out_Quantity.quantity></Point><Point><position>810</position><in_Quantity.quantity>0.000000</in_Quantity.quantity><out_Quantity.quantity>85.377669</out_Quantity.quantity></Point><Point><position>811</position><in_Quantity.quantity>0.000000</in_Quantity.quantity><out_Quantity.quantity>84.798753</out_Quantity.quantity></Point><Point><position>812</position><in_Quantity.quantity>0.000000</in_Quantity.quantity><out_Quantity.quantity>16.057125</out_Quantity.quantity></Point><Point><position>813</position><in_Quantity.quantity>0.000000</in_Quantity.quantity><out_Quantity.quantity>343.333298</out_Quantity.quantity></Point><Point><position>814</position><in_Quantity.quantity>0.000000</in_Quantity.quantity><out_Quantity.quantity>934.004936</out_Quantity.quantity></Point><Point><position>815</position><in_Quantity.quantity>0.000000</in_Quantity.quantity><out_Quantity.quantity>224.074401</out_Quantity.quantity></Point><Point><position>816</position><in_Quantity.quantity>0.000000</in_Quantity.quantity><out_Quantity.quantity>169.918413</out_Quantity.quantity></Point><Point><position>817</position><in_Quantity.quantity>0.000000</in_Quantity.quantity><out_Quantity.quantity>873.279909</out_Quantity.quantity></Point><Point><position>818</position><in_Quantity.quantity>0.000000</in_Quantity.quantity><out_Quantity.quantity>465.850505</out_Quantity.quantity></Point><Point><position>819</position><in_Quantity.quantity>0.000000</in_Quantity.quantity><out_Quantity.quantity>118.051630</out_Quantity.quantity></Point><Point><position>820</position><in_Quantity.quantity>0.000000</in_Quantity.quantity><out_Quantity.quantity>608.113827</out_Quantity.quantity></Point><Point><position>821</position><in_Quantity.quantity>0.000000</in_Quantity.quantity><out_Quantity.quantity>555.286387</out_Quantity.quantity></Point><Point><position>822</position><in_Quantity.quantity>0.000000</in_Quantity.quantity><out_Quantity.quantity>71.974434</out_Quantity.quantity></Point><Point><position>823</position><in_Quantity.quantity>0.000000</in_Quantity.quantity><out_Quantity.quantity>806.930296</out_Quantity.quantity></Point><Point><position>824</position><in_Quantity.quantity>0.000000</in_Quantity.quantity><out_Quantity.quantity>158.606071</out_Quantity.quantity></Point><Point><position>825</position><in_Quantity.quantity>0.000000</in_Quantity.quantity><out_Quantity.quantity>412.359120</out_Quantity.quantity></Point><Point><position>826</position><in_Quantity.quantity>0.000000</in_Quantity.quantity><out_Quantity.quantity>244.683314</out_Quantity.quantity></Point><Point><position>827</position><in_Quantity.quantity>0.000000</in_Quantity.quantity><out_Quantity.quantity>577.408625</out_Quantity.quantity></Point><Point><position>828</position><in_Quantity.quantity>0.000000</in_Quantity.quantity><out_Quantity.quantity>361.161420</out_Quantity.quantity></Point><Point><position>829</position><in_Quantity.quantity>0.000000</in_Quantity.quantity><out_Quantity.quantity>236.251119</out_Quantity.quantity></Point><Point><position>830</position><in_Quantity.quantity>0.000000</in_Quantity.quantity><out_Quantity.quantity>152.861889</out_Quantity.quantity></Point><Point><position>831</position><in_Quantity.quantity>0.000000</in_Quantity.quantity><out_Quantity.quantity>338.352766</out_Quantity.quantity></Point><Point><position>832</position><in_Quantity.quantity>0.000000</in_Quantity.quantity><out_Quantity.quantity>85.958487</out_Quantity.quantity></Point><Point><position>833</position><in_Quantity.quantity>0.000000</in_Quantity.quantity><out_Quantity.quantity>563.891270</out_Quantity.quantity></Point><Point><position>834</position><in_Quantity.quantity>0.000000</in_Quantity.quantity><out_Quantity.quantity>398.228367</out_Quantity.quantity></Point><Point><position>835</position><in_Quantity.quantity>0.000000</in_Quantity.quantity><out_Quantity.quantity>675.171107</out_Quantity.quantity></Point><Point><position>836</position><in_Quantity.quantity>0.000000</in_Quantity.quantity><out_Quantity.quantity>7.883350</out_Quantity.quantity></Point><Point><position>837</position><in_Quantity.quantity>0.000000</in_Quantity.quantity><out_Quantity.quantity>734.404399</out_Quantity.quantity></Point><Point><position>838</position><in_Quantity.quantity>0.000000</in_Quantity.quantity><out_Quantity.quantity>897.486448</out_Quantity.quantity></Point><Point><position>839</position><in_Quantity.quantity>0.000000</in_Quantity.quantity><out_Quantity.quantity>847.072874</out_Quantity.quantity></Point><Point><position>840</position><in_Quantity.quantity>0.000000</in_Quantity.quantity><out_Quantity.quantity>62.421126</out_Quantity.quantity></Point><Point><position>841</position><in_Quantity.quantity>0.000000</in_Quantity.quantity><out_Quantity.quantity>194.176389</out_Quantity.quantity></Point><Point><position>842</position><in_Quantity.quantity>0.000000</in_Quantity.quantity><out_Quantity.quantity>123.732583</out_Quantity.quantity></Point><Point><position>843</position><in_Quantity.quantity>0.000000</in_Quantity.quantity><out_Quantity.quantity>497.701046</out_Quantity.quantity></Point><Point><position>844</position><in_Quantity.quantity>0.000000</in_Quantity.quantity><out_Quantity.quantity>136.396374</out_Quantity.quantity></Point><Point><position>845</position><in_Quantity.quantity>0.000000</in_Quantity.quantity><out_Quantity.quantity>896.766341</out_Quantity.quantity></Point><Point><position>846</position><in_Quantity.quantity>0.000000</in_Quantity.quantity><out_Quantity.quantity>85.446029</out_Quantity.quantity></Point><Point><position>847</position><in_Quantity.quantity>0.000000</in_Quantity.quantity><out_Quantity.quantity>801.399403</out_Quantity.quantity></Point><Point><position>848</position><in_Quantity.quantity>0.000000</in_Quantity.quantity><out_Quantity.quantity>483.808394</out_Quantity.quantity></Point><Point><position>849</position><in_Quantity.quantity>0.000000</in_Quantity.quantity><out_Quantity.quantity>446.746342</out_Quantity.quantity></Point><Point><position>850</position><in_Quantity.quantity>0.000000</in_Quantity.quantity><out_Quantity.quantity>901.823041</out_Quantity.quantity></Point><Point><position>851</position><in_Quantity.quantity>0.000000</in_Quantity.quantity><out_Quantity.quantity>742.115528</out_Quantity.quantity></Point><Point><position>852</position><in_Quantity.quantity>0.000000</in_Quantity.quantity><out_Quantity.quantity>5.433423</out_Quantity.quantity></Point><Point><position>853</position><in_Quantity.quantity>0.000000</in_Quantity.quantity><out_Quantity.quantity>233.132969</out_Quantity.quantity></Point><Point><position>854</position><in_Quantity.quantity>0.000000</in_Quantity.quantity><out_Quantity.quantity>819.960918</out_Quantity.quantity></Point><Point><position>855</position><in_Quantity.quantity>0.000000</in_Quantity.quantity><out_Quantity.quantity>502.822171</out_Quantity.quantity></Point><Point><position>856</position><in_Quantity.quantity>0.000000</in_Quantity.quantity><out_Quantity.quantity>382.787210</out_Quantity.quantity></Point><Point><position>857</position><in_Quantity.quantity>0.000000</in_Quantity.quantity><out_Quantity.quantity>414.436876</out_Quantity.quantity></Point><Point><position>858</position><in_Quantity.quantity>0.000000</in_Quantity.quantity><out_Quantity.quantity>165.195417</out_Quantity.quantity></Point><Point><position>859</position><in_Quantity.quantity>0.000000</in_Quantity.quantity><out_Quantity.quantity>787.980995</out_Quantity.quantity></Point><Point><position>860</position><in_Quantity.quantity>0.000000</in_Quantity.quantity><out_Quantity.quantity>675.022116</out_Quantity.quantity></Point><Point><position>861</position><in_Quantity.quantity>0.000000</in_Quantity.quantity><out_Quantity.quantity>21.335873</out_Quantity.quantity></Point><Point><position>862</position><in_Quantity.quantity>0.000000</in_Quantity.quantity><out_Quantity.quantity>634.468312</out_Quantity.quantity></Point><Point><position>863</position><in_Quantity.quantity>0.000000</in_Quantity.quantity><out_Quantity.quantity>620.334604</out_Quantity.quantity></Point><Point><position>864</position><in_Quantity.quantity>0.000000</in_Quantity.quantity><out_Quantity.quantity>819.886404</out_Quantity.quantity></Point><Point><position>865</position><in_Quantity.quantity>0.000000</in_Quantity.quantity><out_Quantity.quantity>1.102162</out_Quantity.quantity></Point><Point><position>866</position><in_Quantity.quantity>0.000000</in_Quantity.quantity><out_Quantity.quantity>82.222791</out_Quantity.quantity></Point><Point><position>867</position><in_Quantity.quantity>0.000000</in_Quantity.quantity><out_Quantity.quantity>525.059765</out_Quantity.quantity></Point><Point><position>868</position><in_Quantity.quantity>0.000000</in_Quantity.quantity><out_Quantity.quantity>856.666765</out_Quantity.quantity></Point><Point><position>869</position><in_Quantity.quantity>0.000000</in_Quantity.quantity><out_Quantity.quantity>731.055747</out_Quantity.quantity></Point><Point><position>870</position><in_Quantity.quantity>0.000000</in_Quantity.quantity><out_Quantity.quantity>192.265197</out_Quantity.quantity></Point><Point><position>871</position><in_Quantity.quantity>0.000000</in_Quantity.quantity><out_Quantity.quantity>74.223091</out_Quantity.quantity></Point><Point><position>872</position><in_Quantity.quantity>0.000000</in_Quantity.quantity><out_Quantity.quantity>617.517650</out_Quantity.quantity></Point><Point><position>873</position><in_Quantity.quantity>0.000000</in_Quantity.quantity><out_Quantity.quantity>873.868709</out_Quantity.quantity></Point><Point><position>874</position><in_Quantity.quantity>0.000000</in_Quantity.quantity><out_Quantity.quantity>661.136103</out_Quantity.quantity></Point><Point><position>875</position><in_Quantity.quantity>0.000000</in_Quantity.quantity><out_Quantity.quantity>762.206159</out_Quantity.quantity></Point><Point><position>876</position><in_Quantity.quantity>0.000000</in_Quantity.quantity><out_Quantity.quantity>943.361952</out_Quantity.quantity></Point><Point><position>877</position><in_Quantity.quantity>0.000000</in_Quantity.quantity><out_Quantity.quantity>817.711450</out_Quantity.quantity></Point><Point><position>878</position><in_Quantity.quantity>0.000000</in_Quantity.quantity><out_Quantity.quantity>276.847788</out_Quantity.quantity></Point><Point><position>879</position><in_Quantity.quantity>0.000000</in_Quantity.quantity><out_Quantity.quantity>60.037470</out_Quantity.quantity></Point><Point><position>880</position><in_Quantity.quantity>0.000000</in_Quantity.quantity><out_Quantity.quantity>851.138268</out_Quantity.quantity></Point><Point><position>881</position><in_Quantity.quantity>0.000000</in_Quantity.quantity><out_Quantity.quantity>736.904344</out_Quantity.quantity></Point><Point><position>882</position><in_Quantity.quantity>0.000000</in_Quantity.quantity><out_Quantity.quantity>215.820439</out_Quantity.quantity></Point><Point><position>883</position><in_Quantity.quantity>0.000000</in_Quantity.quantity><out_Quantity.quantity>770.871917</out_Quantity.quantity></Point><Point><position>884</position><in_Quantity.quantity>0.000000</in_Quantity.quantity><out_Quantity.quantity>826.114447</out_Quantity.quantity></Point><Point><position>885</position><in_Quantity.quantity>0.000000</in_Quantity.quantity><out_Quantity.quantity>645.706046</out_Quantity.quantity></Point><Point><position>886</position><in_Quantity.quantity>0.000000</in_Quantity.quantity><out_Quantity.quantity>644.108121</out_Quantity.quantity></Point><Point><position>887</position><in_Quantity.quantity>0.000000</in_Quantity.quantity><out_Quantity.quantity>936.662396</out_Quantity.quantity></Point><Point><position>888</position><in_Quantity.quantity>0.000000</in_Quantity.quantity><out_Quantity.quantity>33.653716</out_Quantity.quantity></Point><Point><position>889</position><in_Quantity.quantity>0.000000</in_Quantity.quantity><out_Quantity.quantity>288.020861</out_Quantity.quantity></Point><Point><position>890</position><in_Quantity.quantity>0.000000</in_Quantity.quantity><out_Quantity.quantity>204.390705</out_Quantity.quantity></Point><Point><position>891</position><in_Quantity.quantity>0.000000</in_Quantity.quantity><out_Quantity.quantity>204.696679</out_Quantity.quantity></Point><Point><position>892</position><in_Quantity.quantity>0.000000</in_Quantity.quantity><out_Quantity.quantity>34.224359</out_Quantity.quantity></Point><Point><position>893</position><in_Quantity.quantity>0.000000</in_Quantity.quantity><out_Quantity.quantity>338.775237</out_Quantity.quantity></Point><Point><position>894</position><in_Quantity.quantity>0.000000</in_Quantity.quantity><out_Quantity.quantity>261.645346</out_Quantity.quantity></Point><Point><position>895</position><in_Quantity.quantity>0.000000</in_Quantity.quantity><out_Quantity.quantity>489.450960</out_Quantity.quantity></Point><Point><position>896</position><in_Quantity.quantity>0.000000</in_Quantity.quantity><out_Quantity.quantity>482.060035</out_Quantity.quantity></Point><Point><position>897</position><in_Quantity.quantity>0.000000</in_Quantity.quantity><out_Quantity.quantity>894.152864</out_Quantity.quantity></Point><Point><position>898</position><in_Quantity.quantity>0.000000</in_Quantity.quantity><out_Quantity.quantity>531.094946</out_Quantity.quantity></Point><Point><position>899</position><in_Quantity.quantity>0.000000</in_Quantity.quantity><out_Quantity.quantity>518.441175</out_Quantity.quantity></Point><Point><position>900</position><in_Quantity.quantity>0.000000</in_Quantity.quantity><out_Quantity.quantity>112.550281</out_Quantity.quantity></Point><Point><position>901</position><in_Quantity.quantity>0.000000</in_Quantity.quantity><out_Quantity.quantity>524.439799</out_Quantity.quantity></Point><Point><position>902</position><in_Quantity.quantity>0.000000</in_Quantity.quantity><out_Quantity.quantity>771.539921</out_Quantity.quantity></Point><Point><position>903</position><in_Quantity.quantity>0.000000</in_Quantity.quantity><out_Quantity.quantity>145.544771</out_Quantity.quantity></Point><Point><position>904</position><in_Quantity.quantity>0.000000</in_Quantity.quantity><out_Quantity.quantity>207.568849</out_Quantity.quantity></Point><Point><position>905</position><in_Quantity.quantity>0.000000</in_Quantity.quantity><out_Quantity.quantity>996.149805</out_Quantity.quantity></Point><Point><position>906</position><in_Quantity.quantity>0.000000</in_Quantity.quantity><out_Quantity.quantity>157.858469</out_Quantity.quantity></Point><Point><position>907</position><in_Quantity.quantity>0.000000</in_Quantity.quantity><out_Quantity.quantity>412.083488</out_Quantity.quantity></Point><Point><position>908</position><in_Quantity.quantity>0.000000</in_Quantity.quantity><out_Quantity.quantity>749.517478</out_Quantity.quantity></Point><Point><position>909</position><in_Quantity.quantity>0.000000</in_Quantity.quantity><out_Quantity.quantity>545.670635</out_Quantity.quantity></Point><Point><position>910</position><in_Quantity.quantity>0.000000</in_Quantity.quantity><out_Quantity.quantity>788.752787</out_Quantity.quantity></Point><Point><position>911</position><in_Quantity.quantity>0.000000</in_Quantity.quantity><out_Quantity.quantity>868.584167</out_Quantity.quantity></Point><Point><position>912</position><in_Quantity.quantity>0.000000</in_Quantity.quantity><out_Quantity.quantity>693.663726</out_Quantity.quantity></Point><Point><position>913</position><in_Quantity.quantity>0.000000</in_Quantity.quantity><out_Quantity.quantity>594.906353</out_Quantity.quantity></Point><Point><position>914</position><in_Quantity.quantity>0.000000</in_Quantity.quantity><out_Quantity.quantity>961.766852</out_Quantity.quantity></Point><Point><position>915</position><in_Quantity.quantity>0.000000</in_Quantity.quantity><out_Quantity.quantity>987.719762</out_Quantity.quantity></Point><Point><position>916</position><in_Quantity.quantity>0.000000</in_Quantity.quantity><out_Quantity.quantity>952.381851</out_Quantity.quantity></Point><Point><position>917</position><in_Quantity.quantity>0.000000</in_Quantity.quantity><out_Quantity.quantity>696.352711</out_Quantity.quantity></Point><Point><position>918</position><in_Quantity.quantity>0.000000</in_Quantity.quantity><out_Quantity.quantity>551.587460</out_Quantity.quantity></Point><Point><position>919</position><in_Quantity.quantity>0.000000</in_Quantity.quantity><out_Quantity.quantity>547.001874</out_Quantity.quantity></Point><Point><position>920</position><in_Quantity.quantity>0.000000</in_Quantity.quantity><out_Quantity.quantity>107.686784</out_Quantity.quantity></Point><Point><position>921</position><in_Quantity.quantity>0.000000</in_Quantity.quantity><out_Quantity.quantity>934.681831</out_Quantity.quantity></Point><Point><position>922</position><in_Quantity.quantity>0.000000</in_Quantity.quantity><out_Quantity.quantity>750.174070</out_Quantity.quantity></Point><Point><position>923</position><in_Quantity.quantity>0.000000</in_Quantity.quantity><out_Quantity.quantity>185.437767</out_Quantity.quantity></Point><Point><position>924</position><in_Quantity.quantity>0.000000</in_Quantity.quantity><out_Quantity.quantity>337.169015</out_Quantity.quantity></Point><Point><position>925</position><in_Quantity.quantity>0.000000</in_Quantity.quantity><out_Quantity.quantity>211.113285</out_Quantity.quantity></Point><Point><position>926</position><in_Quantity.quantity>0.000000</in_Quantity.quantity><out_Quantity.quantity>871.239889</out_Quantity.quantity></Point><Point><position>927</position><in_Quantity.quantity>0.000000</in_Quantity.quantity><out_Quantity.quantity>259.736545</out_Quantity.quantity></Point><Point><position>928</position><in_Quantity.quantity>0.000000</in_Quantity.quantity><out_Quantity.quantity>528.289100</out_Quantity.quantity></Point><Point><position>929</position><in_Quantity.quantity>0.000000</in_Quantity.quantity><out_Quantity.quantity>549.934695</out_Quantity.quantity></Point><Point><position>930</position><in_Quantity.quantity>0.000000</in_Quantity.quantity><out_Quantity.quantity>856.945597</out_Quantity.quantity></Point><Point><position>931</position><in_Quantity.quantity>0.000000</in_Quantity.quantity><out_Quantity.quantity>947.856558</out_Quantity.quantity></Point><Point><position>932</position><in_Quantity.quantity>0.000000</in_Quantity.quantity><out_Quantity.quantity>6.435102</out_Quantity.quantity></Point><Point><position>933</position><in_Quantity.quantity>0.000000</in_Quantity.quantity><out_Quantity.quantity>186.409761</out_Quantity.quantity></Point><Point><position>934</position><in_Quantity.quantity>0.000000</in_Quantity.quantity><out_Quantity.quantity>934.293612</out_Quantity.quantity></Point><Point><position>935</position><in_Quantity.quantity>0.000000</in_Quantity.quantity><out_Quantity.quantity>274.454558</out_Quantity.quantity></Point><Point><position>936</position><in_Quantity.quantity>0.000000</in_Quantity.quantity><out_Quantity.quantity>968.459646</out_Quantity.quantity></Point><Point><position>937</position><in_Quantity.quantity>0.000000</in_Quantity.quantity><out_Quantity.quantity>911.857707</out_Quantity.quantity></Point><Point><position>938</position><in_Quantity.quantity>0.000000</in_Quantity.quantity><out_Quantity.quantity>506.839046</out_Quantity.quantity></Point><Point><position>939</position><in_Quantity.quantity>0.000000</in_Quantity.quantity><out_Quantity.quantity>528.113176</out_Quantity.quantity></Point><Point><position>940</position><in_Quantity.quantity>0.000000</in_Quantity.quantity><out_Quantity.quantity>918.023989</out_Quantity.quantity></Point><Point><position>941</position><in_Quantity.quantity>0.000000</in_Quantity.quantity><out_Quantity.quantity>815.533558</out_Quantity.quantity></Point><Point><position>942</position><in_Quantity.quantity>0.000000</in_Quantity.quantity><out_Quantity.quantity>417.353389</out_Quantity.quantity></Point><Point><position>943</position><in_Quantity.quantity>0.000000</in_Quantity.quantity><out_Quantity.quantity>625.686341</out_Quantity.quantity></Point><Point><position>944</position><in_Quantity.quantity>0.000000</in_Quantity.quantity><out_Quantity.quantity>323.763310</out_Quantity.quantity></Point><Point><position>945</position><in_Quantity.quantity>0.000000</in_Quantity.quantity><out_Quantity.quantity>40.383165</out_Quantity.quantity></Point><Point><position>946</position><in_Quantity.quantity>0.000000</in_Quantity.quantity><out_Quantity.quantity>214.180453</out_Quantity.quantity></Point><Point><position>947</position><in_Quantity.quantity>0.000000</in_Quantity.quantity><out_Quantity.quantity>958.962474</out_Quantity.quantity></Point><Point><position>948</position><in_Quantity.quantity>0.000000</in_Quantity.quantity><out_Quantity.quantity>859.254351</out_Quantity.quantity></Point><Point><position>949</position><in_Quantity.quantity>0.000000</in_Quantity.quantity><out_Quantity.quantity>292.486046</out_Quantity.quantity></Point><Point><position>950</position><in_Quantity.quantity>0.000000</in_Quantity.quantity><out_Quantity.quantity>456.017730</out_Quantity.quantity></Point><Point><position>951</position><in_Quantity.quantity>0.000000</in_Quantity.quantity><out_Quantity.quantity>266.692377</out_Quantity.quantity></Point><Point><position>952</position><in_Quantity.quantity>0.000000</in_Quantity.quantity><out_Quantity.quantity>444.391455</out_Quantity.quantity></Point><Point><position>953</position><in_Quantity.quantity>0.000000</in_Quantity.quantity><out_Quantity.quantity>557.736519</out_Quantity.quantity></Point><Point><position>954</position><in_Quantity.quantity>0.000000</in_Quantity.quantity><out_Quantity.quantity>961.058012</out_Quantity.quantity></Point><Point><position>955</position><in_Quantity.quantity>0.000000</in_Quantity.quantity><out_Quantity.quantity>259.268674</out_Quantity.quantity></Point><Point><position>956</position><in_Quantity.quantity>0.000000</in_Quantity.quantity><out_Quantity.quantity>69.514316</out_Quantity.quantity></Point><Point><position>957</position><in_Quantity.quantity>0.000000</in_Quantity.quantity><out_Quantity.quantity>170.109784</out_Quantity.quantity></Point><Point><position>958</position><in_Quantity.quantity>0.000000</in_Quantity.quantity><out_Quantity.quantity>564.591822</out_Quantity.quantity></Point><Point><position>959</position><in_Quantity.quantity>0.000000</in_Quantity.quantity><out_Quantity.quantity>416.984150</out_Quantity.quantity></Point><Point><position>960</position><in_Quantity.quantity>0.000000</in_Quantity.quantity><out_Quantity.quantity>796.109419</out_Quantity.quantity></Point><Point><position>961</position><in_Quantity.quantity>0.000000</in_Quantity.quantity><out_Quantity.quantity>176.869962</out_Quantity.quantity></Point><Point><position>962</position><in_Quantity.quantity>0.000000</in_Quantity.quantity><out_Quantity.quantity>683.136099</out_Quantity.quantity></Point><Point><position>963</position><in_Quantity.quantity>0.000000</in_Quantity.quantity><out_Quantity.quantity>153.555978</out_Quantity.quantity></Point><Point><position>964</position><in_Quantity.quantity>0.000000</in_Quantity.quantity><out_Quantity.quantity>799.297822</out_Quantity.quantity></Point><Point><position>965</position><in_Quantity.quantity>0.000000</in_Quantity.quantity><out_Quantity.quantity>673.639061</out_Quantity.quantity></Point><Point><position>966</position><in_Quantity.quantity>0.000000</in_Quantity.quantity><out_Quantity.quantity>866.495861</out_Quantity.quantity></Point><Point><position>967</position><in_Quantity.quantity>0.000000</in_Quantity.quantity><out_Quantity.quantity>631.113746</out_Quantity.quantity></Point><Point><position>968</position><in_Quantity.quantity>0.000000</in_Quantity.quantity><out_Quantity.quantity>185.985856</out_Quantity.quantity></Point><Point><position>969</position><in_Quantity.quantity>0.000000</in_Quantity.quantity><out_Quantity.quantity>387.475833</out_Quantity.quantity></Point><Point><position>970</position><in_Quantity.quantity>0.000000</in_Quantity.quantity><out_Quantity.quantity>741.323359</out_Quantity.quantity></Point><Point><position>971</position><in_Quantity.quantity>0.000000</in_Quantity.quantity><out_Quantity.quantity>854.516474</out_Quantity.quantity></Point><Point><position>972</position><in_Quantity.quantity>0.000000</in_Quantity.quantity><out_Quantity.quantity>58.761363</out_Quantity.quantity></Point><Point><position>973</position><in_Quantity.quantity>0.000000</in_Quantity.quantity><out_Quantity.quantity>845.337045</out_Quantity.quantity></Point><Point><position>974</position><in_Quantity.quantity>0.000000</in_Quantity.quantity><out_Quantity.quantity>906.924669</out_Quantity.quantity></Point><Point><position>975</position><in_Quantity.quantity>0.000000</in_Quantity.quantity><out_Quantity.quantity>873.995947</out_Quantity.quantity></Point><Point><position>976</position><in_Quantity.quantity>0.000000</in_Quantity.quantity><out_Quantity.quantity>812.405935</out_Quantity.quantity></Point><Point><position>977</position><in_Quantity.quantity>0.000000</in_Quantity.quantity><out_Quantity.quantity>944.529467</out_Quantity.quantity></Point><Point><position>978</position><in_Quantity.quantity>0.000000</in_Quantity.quantity><out_Quantity.quantity>967.314078</out_Quantity.quantity></Point><Point><position>979</position><in_Quantity.quantity>0.000000</in_Quantity.quantity><out_Quantity.quantity>950.064806</out_Quantity.quantity></Point><Point><position>980</position><in_Quantity.quantity>0.000000</in_Quantity.quantity><out_Quantity.quantity>675.158608</out_Quantity.quantity></Point><Point><position>981</position><in_Quantity.quantity>0.000000</in_Quantity.quantity><out_Quantity.quantity>202.820080</out_Quantity.quantity></Point><Point><position>982</position><in_Quantity.quantity>0.000000</in_Quantity.quantity><out_Quantity.quantity>431.255169</out_Quantity.quantity></Point><Point><position>983</position><in_Quantity.quantity>0.000000</in_Quantity.quantity><out_Quantity.quantity>23.095908</out_Quantity.quantity></Point><Point><position>984</position><in_Quantity.quantity>0.000000</in_Quantity.quantity><out_Quantity.quantity>25.727058</out_Quantity.quantity></Point><Point><position>985</position><in_Quantity.quantity>0.000000</in_Quantity.quantity><out_Quantity.quantity>671.378166</out_Quantity.quantity></Point><Point><position>986</position><in_Quantity.quantity>0.000000</in_Quantity.quantity><out_Quantity.quantity>818.198479</out_Quantity.quantity></Point><Point><position>987</position><in_Quantity.quantity>0.000000</in_Quantity.quantity><out_Quantity.quantity>417.587174</out_Quantity.quantity></Point><Point><position>988</position><in_Quantity.quantity>0.000000</in_Quantity.quantity><out_Quantity.quantity>652.837944</out_Quantity.quantity></Point><Point><position>989</position><in_Quantity.quantity>0.000000</in_Quantity.quantity><out_Quantity.quantity>300.764817</out_Quantity.quantity></Point><Point><position>990</position><in_Quantity.quantity>0.000000</in_Quantity.quantity><out_Quantity.quantity>582.259999</out_Quantity.quantity></Point><Point><position>991</position><in_Quantity.quantity>0.000000</in_Quantity.quantity><out_Quantity.quantity>3.762059</out_Quantity.quantity></Point><Point><position>992</position><in_Quantity.quantity>0.000000</in_Quantity.quantity><out_Quantity.quantity>299.297758</out_Quantity.quantity></Point><Point><position>993</position><in_Quantity.quantity>0.000000</in_Quantity.quantity><out_Quantity.quantity>368.096114</out_Quantity.quantity></Point><Point><position>994</position><in_Quantity.quantity>0.000000</in_Quantity.quantity><out_Quantity.quantity>572.267557</out_Quantity.quantity></Point><Point><position>995</position><in_Quantity.quantity>0.000000</in_Quantity.quantity><out_Quantity.quantity>32.344770</out_Quantity.quantity></Point><Point><position>996</position><in_Quantity.quantity>0.000000</in_Quantity.quantity><out_Quantity.quantity>672.410907</out_Quantity.quantity></Point><Point><position>997</position><in_Quantity.quantity>0.000000</in_Quantity.quantity><out_Quantity.quantity>999.557721</out_Quantity.quantity></Point><Point><position>998</position><in_Quantity.quantity>0.000000</in_Quantity.quantity><out_Quantity.quantity>106.522077</out_Quantity.quantity></Point><Point><position>999</position><in_Quantity.quantity>0.000000</in_Quantity.quantity><out_Quantity.quantity>281.545425</out_Quantity.quantity></Point><Point><position>1000</position><in_Quantity.quantity>0.000000</in_Quantity.quantity><out_Quantity.quantity>93.756797</out_Quantity.quantity></Point><Point><position>1001</position><in_Quantity.quantity>0.000000</in_Quantity.quantity><out_Quantity.quantity>770.445756</out_Quantity.quantity></Point><Point><position>1002</position><in_Quantity.quantity>0.000000</in_Quantity.quantity><out_Quantity.quantity>867.323565</out_Quantity.quantity></Point><Point><position>1003</position><in_Quantity.quantity>0.000000</in_Quantity.quantity><out_Quantity.quantity>762.647144</out_Quantity.quantity></Point><Point><position>1004</position><in_Quantity.quantity>0.000000</in_Quantity.quantity><out_Quantity.quantity>307.590719</out_Quantity.quantity></Point><Point><position>1005</position><in_Quantity.quantity>0.000000</in_Quantity.quantity><out_Quantity.quantity>1.724724</out_Quantity.quantity></Point><Point><position>1006</position><in_Quantity.quantity>0.000000</in_Quantity.quantity><out_Quantity.quantity>905.531350</out_Quantity.quantity></Point><Point><position>1007</position><in_Quantity.quantity>0.000000</in_Quantity.quantity><out_Quantity.quantity>49.647331</out_Quantity.quantity></Point><Point><position>1008</position><in_Quantity.quantity>0.000000</in_Quantity.quantity><out_Quantity.quantity>327.286581</out_Quantity.quantity></Point><Point><position>1009</position><in_Quantity.quantity>0.000000</in_Quantity.quantity><out_Quantity.quantity>854.418197</out_Quantity.quantity></Point><Point><position>1010</position><in_Quantity.quantity>0.000000</in_Quantity.quantity><out_Quantity.quantity>563.293644</out_Quantity.quantity></Point><Point><position>1011</position><in_Quantity.quantity>0.000000</in_Quantity.quantity><out_Quantity.quantity>111.496164</out_Quantity.quantity></Point><Point><position>1012</position><in_Quantity.quantity>0.000000</in_Quantity.quantity><out_Quantity.quantity>574.382729</out_Quantity.quantity></Point><Point><position>1013</position><in_Quantity.quantity>0.000000</in_Quantity.quantity><out_Quantity.quantity>422.026711</out_Quantity.quantity></Point><Point><position>1014</position><in_Quantity.quantity>0.000000</in_Quantity.quantity><out_Quantity.quantity>496.473718</out_Quantity.quantity></Point><Point><position>1015</position><in_Quantity.quantity>0.000000</in_Quantity.quantity><out_Quantity.quantity>272.339384</out_Quantity.quantity></Point><Point><position>1016</position><in_Quantity.quantity>0.000000</in_Quantity.quantity><out_Quantity.quantity>144.245115</out_Quantity.quantity></Point><Point><position>1017</position><in_Quantity.quantity>0.000000</in_Quantity.quantity><out_Quantity.quantity>543.285928</out_Quantity.quantity></Point><Point><position>1018</position><in_Quantity.quantity>0.000000</in_Quantity.quantity><out_Quantity.quantity>587.551126</out_Quantity.quantity></Point><Point><position>1019</position><in_Quantity.quantity>0.000000</in_Quantity.quantity><out_Quantity.quantity>82.504889</out_Quantity.quantity></Point><Point><position>1020</position><in_Quantity.quantity>0.000000</in_Quantity.quantity><out_Quantity.quantity>63.559088</out_Quantity.quantity></Point><Point><position>1021</position><in_Quantity.quantity>0.000000</in_Quantity.quantity><out_Quantity.quantity>255.602532</out_Quantity.quantity></Point><Point><position>1022</position><in_Quantity.quantity>0.000000</in_Quantity.quantity><out_Quantity.quantity>123.970513</out_Quantity.quantity></Point><Point><position>1023</position><in_Quantity.quantity>0.000000</in_Quantity.quantity><out_Quantity.quantity>910.886034</out_Quantity.quantity></Point><Point><position>1024</position><in_Quantity.quantity>0.000000</in_Quantity.quantity><out_Quantity.quantity>581.037303</out_Quantity.quantity></Point><Point><position>1025</position><in_Quantity.quantity>0.000000</in_Quantity.quantity><out_Quantity.quantity>48.441900</out_Quantity.quantity></Point><Point><position>1026</position><in_Quantity.quantity>0.000000</in_Quantity.quantity><out_Quantity.quantity>867.280604</out_Quantity.quantity></Point><Point><position>1027</position><in_Quantity.quantity>0.000000</in_Quantity.quantity><out_Quantity.quantity>264.063183</out_Quantity.quantity></Point><Point><position>1028</position><in_Quantity.quantity>0.000000</in_Quantity.quantity><out_Quantity.quantity>444.346524</out_Quantity.quantity></Point><Point><position>1029</position><in_Quantity.quantity>0.000000</in_Quantity.quantity><out_Quantity.quantity>198.576610</out_Quantity.quantity></Point><Point><position>1030</position><in_Quantity.quantity>0.000000</in_Quantity.quantity><out_Quantity.quantity>810.929166</out_Quantity.quantity></Point><Point><position>1031</position><in_Quantity.quantity>0.000000</in_Quantity.quantity><out_Quantity.quantity>129.751435</out_Quantity.quantity></Point><Point><position>1032</position><in_Quantity.quantity>0.000000</in_Quantity.quantity><out_Quantity.quantity>130.801030</out_Quantity.quantity></Point><Point><position>1033</position><in_Quantity.quantity>0.000000</in_Quantity.quantity><out_Quantity.quantity>830.591670</out_Quantity.quantity></Point><Point><position>1034</position><in_Quantity.quantity>0.000000</in_Quantity.quantity><out_Quantity.quantity>512.305288</out_Quantity.quantity></Point><Point><position>1035</position><in_Quantity.quantity>0.000000</in_Quantity.quantity><out_Quantity.quantity>860.126217</out_Quantity.quantity></Point><Point><position>1036</position><in_Quantity.quantity>0.000000</in_Quantity.quantity><out_Quantity.quantity>569.866143</out_Quantity.quantity></Point><Point><position>1037</position><in_Quantity.quantity>0.000000</in_Quantity.quantity><out_Quantity.quantity>635.147817</out_Quantity.quantity></Point><Point><position>1038</position><in_Quantity.quantity>0.000000</in_Quantity.quantity><out_Quantity.quantity>386.878397</out_Quantity.quantity></Point><Point><position>1039</position><in_Quantity.quantity>0.000000</in_Quantity.quantity><out_Quantity.quantity>329.306277</out_Quantity.quantity></Point><Point><position>1040</position><in_Quantity.quantity>0.000000</in_Quantity.quantity><out_Quantity.quantity>470.256672</out_Quantity.quantity></Point><Point><position>1041</position><in_Quantity.quantity>0.000000</in_Quantity.quantity><out_Quantity.quantity>609.996455</out_Quantity.quantity></Point><Point><position>1042</position><in_Quantity.quantity>0.000000</in_Quantity.quantity><out_Quantity.quantity>850.998266</out_Quantity.quantity></Point><Point><position>1043</position><in_Quantity.quantity>0.000000</in_Quantity.quantity><out_Quantity.quantity>881.235956</out_Quantity.quantity></Point><Point><position>1044</position><in_Quantity.quantity>0.000000</in_Quantity.quantity><out_Quantity.quantity>412.919776</out_Quantity.quantity></Point><Point><position>1045</position><in_Quantity.quantity>0.000000</in_Quantity.quantity><out_Quantity.quantity>230.732117</out_Quantity.quantity></Point><Point><position>1046</position><in_Quantity.quantity>0.000000</in_Quantity.quantity><out_Quantity.quantity>383.829041</out_Quantity.quantity></Point><Point><position>1047</position><in_Quantity.quantity>0.000000</in_Quantity.quantity><out_Quantity.quantity>669.008471</out_Quantity.quantity></Point><Point><position>1048</position><in_Quantity.quantity>0.000000</in_Quantity.quantity><out_Quantity.quantity>230.505942</out_Quantity.quantity></Point><Point><position>1049</position><in_Quantity.quantity>0.000000</in_Quantity.quantity><out_Quantity.quantity>912.202563</out_Quantity.quantity></Point><Point><position>1050</position><in_Quantity.quantity>0.000000</in_Quantity.quantity><out_Quantity.quantity>232.425547</out_Quantity.quantity></Point><Point><position>1051</position><in_Quantity.quantity>0.000000</in_Quantity.quantity><out_Quantity.quantity>207.025001</out_Quantity.quantity></Point><Point><position>1052</position><in_Quantity.quantity>0.000000</in_Quantity.quantity><out_Quantity.quantity>477.676199</out_Quantity.quantity></Point><Point><position>1053</position><in_Quantity.quantity>0.000000</in_Quantity.quantity><out_Quantity.quantity>897.273837</out_Quantity.quantity></Point><Point><position>1054</position><in_Quantity.quantity>0.000000</in_Quantity.quantity><out_Quantity.quantity>337.226719</out_Quantity.quantity></Point><Point><position>1055</position><in_Quantity.quantity>0.000000</in_Quantity.quantity><out_Quantity.quantity>831.013313</out_Quantity.quantity></Point><Point><position>1056</position><in_Quantity.quantity>0.000000</in_Quantity.quantity><out_Quantity.quantity>949.867904</out_Quantity.quantity></Point><Point><position>1057</position><in_Quantity.quantity>0.000000</in_Quantity.quantity><out_Quantity.quantity>348.597957</out_Quantity.quantity></Point><Point><position>1058</position><in_Quantity.quantity>0.000000</in_Quantity.quantity><out_Quantity.quantity>549.316465</out_Quantity.quantity></Point><Point><position>1059</position><in_Quantity.quantity>0.000000</in_Quantity.quantity><out_Quantity.quantity>304.416713</out_Quantity.quantity></Point><Point><position>1060</position><in_Quantity.quantity>0.000000</in_Quantity.quantity><out_Quantity.quantity>673.180488</out_Quantity.quantity></Point><Point><position>1061</position><in_Quantity.quantity>0.000000</in_Quantity.quantity><out_Quantity.quantity>43.686757</out_Quantity.quantity></Point><Point><position>1062</position><in_Quantity.quantity>0.000000</in_Quantity.quantity><out_Quantity.quantity>7.864714</out_Quantity.quantity></Point><Point><position>1063</position><in_Quantity.quantity>0.000000</in_Quantity.quantity><out_Quantity.quantity>85.865554</out_Quantity.quantity></Point><Point><position>1064</position><in_Quantity.quantity>0.000000</in_Quantity.quantity><out_Quantity.quantity>120.267821</out_Quantity.quantity></Point><Point><position>1065</position><in_Quantity.quantity>0.000000</in_Quantity.quantity><out_Quantity.quantity>980.648676</out_Quantity.quantity></Point><Point><position>1066</position><in_Quantity.quantity>0.000000</in_Quantity.quantity><out_Quantity.quantity>238.430971</out_Quantity.quantity></Point><Point><position>1067</position><in_Quantity.quantity>0.000000</in_Quantity.quantity><out_Quantity.quantity>393.345752</out_Quantity.quantity></Point><Point><position>1068</position><in_Quantity.quantity>0.000000</in_Quantity.quantity><out_Quantity.quantity>637.829941</out_Quantity.quantity></Point><Point><position>1069</position><in_Quantity.quantity>0.000000</in_Quantity.quantity><out_Quantity.quantity>933.356278</out_Quantity.quantity></Point><Point><position>1070</position><in_Quantity.quantity>0.000000</in_Quantity.quantity><out_Quantity.quantity>912.820087</out_Quantity.quantity></Point><Point><position>1071</position><in_Quantity.quantity>0.000000</in_Quantity.quantity><out_Quantity.quantity>759.935619</out_Quantity.quantity></Point><Point><position>1072</position><in_Quantity.quantity>0.000000</in_Quantity.quantity><out_Quantity.quantity>518.197838</out_Quantity.quantity></Point><Point><position>1073</position><in_Quantity.quantity>0.000000</in_Quantity.quantity><out_Quantity.quantity>328.478127</out_Quantity.quantity></Point><Point><position>1074</position><in_Quantity.quantity>0.000000</in_Quantity.quantity><out_Quantity.quantity>658.969302</out_Quantity.quantity></Point><Point><position>1075</position><in_Quantity.quantity>0.000000</in_Quantity.quantity><out_Quantity.quantity>879.266245</out_Quantity.quantity></Point><Point><position>1076</position><in_Quantity.quantity>0.000000</in_Quantity.quantity><out_Quantity.quantity>693.360992</out_Quantity.quantity></Point><Point><position>1077</position><in_Quantity.quantity>0.000000</in_Quantity.quantity><out_Quantity.quantity>636.788041</out_Quantity.quantity></Point><Point><position>1078</position><in_Quantity.quantity>0.000000</in_Quantity.quantity><out_Quantity.quantity>394.068068</out_Quantity.quantity></Point><Point><position>1079</position><in_Quantity.quantity>0.000000</in_Quantity.quantity><out_Quantity.quantity>309.208183</out_Quantity.quantity></Point><Point><position>1080</position><in_Quantity.quantity>0.000000</in_Quantity.quantity><out_Quantity.quantity>446.766554</out_Quantity.quantity></Point><Point><position>1081</position><in_Quantity.quantity>0.000000</in_Quantity.quantity><out_Quantity.quantity>96.335585</out_Quantity.quantity></Point><Point><position>1082</position><in_Quantity.quantity>0.000000</in_Quantity.quantity><out_Quantity.quantity>198.283408</out_Quantity.quantity></Point><Point><position>1083</position><in_Quantity.quantity>0.000000</in_Quantity.quantity><out_Quantity.quantity>433.455005</out_Quantity.quantity></Point><Point><position>1084</position><in_Quantity.quantity>0.000000</in_Quantity.quantity><out_Quantity.quantity>433.720173</out_Quantity.quantity></Point><Point><position>1085</position><in_Quantity.quantity>0.000000</in_Quantity.quantity><out_Quantity.quantity>378.696656</out_Quantity.quantity></Point><Point><position>1086</position><in_Quantity.quantity>0.000000</in_Quantity.quantity><out_Quantity.quantity>503.482743</out_Quantity.quantity></Point><Point><position>1087</position><in_Quantity.quantity>0.000000</in_Quantity.quantity><out_Quantity.quantity>196.506720</out_Quantity.quantity></Point><Point><position>1088</position><in_Quantity.quantity>0.000000</in_Quantity.quantity><out_Quantity.quantity>142.465639</out_Quantity.quantity></Point><Point><position>1089</position><in_Quantity.quantity>0.000000</in_Quantity.quantity><out_Quantity.quantity>479.948833</out_Quantity.quantity></Point><Point><position>1090</position><in_Quantity.quantity>0.000000</in_Quantity.quantity><out_Quantity.quantity>275.814897</out_Quantity.quantity></Point><Point><position>1091</position><in_Quantity.quantity>0.000000</in_Quantity.quantity><out_Quantity.quantity>826.484561</out_Quantity.quantity></Point><Point><position>1092</position><in_Quantity.quantity>0.000000</in_Quantity.quantity><out_Quantity.quantity>332.636715</out_Quantity.quantity></Point><Point><position>1093</position><in_Quantity.quantity>0.000000</in_Quantity.quantity><out_Quantity.quantity>518.560014</out_Quantity.quantity></Point><Point><position>1094</position><in_Quantity.quantity>0.000000</in_Quantity.quantity><out_Quantity.quantity>188.556636</out_Quantity.quantity></Point><Point><position>1095</position><in_Quantity.quantity>0.000000</in_Quantity.quantity><out_Quantity.quantity>569.955248</out_Quantity.quantity></Point><Point><position>1096</position><in_Quantity.quantity>0.000000</in_Quantity.quantity><out_Quantity.quantity>60.565126</out_Quantity.quantity></Point><Point><position>1097</position><in_Quantity.quantity>0.000000</in_Quantity.quantity><out_Quantity.quantity>497.904866</out_Quantity.quantity></Point><Point><position>1098</position><in_Quantity.quantity>0.000000</in_Quantity.quantity><out_Quantity.quantity>278.187570</out_Quantity.quantity></Point><Point><position>1099</position><in_Quantity.quantity>0.000000</in_Quantity.quantity><out_Quantity.quantity>212.808440</out_Quantity.quantity></Point><Point><position>1100</position><in_Quantity.quantity>0.000000</in_Quantity.quantity><out_Quantity.quantity>692.970861</out_Quantity.quantity></Point><Point><position>1101</position><in_Quantity.quantity>0.000000</in_Quantity.quantity><out_Quantity.quantity>771.291644</out_Quantity.quantity></Point><Point><position>1102</position><in_Quantity.quantity>0.000000</in_Quantity.quantity><out_Quantity.quantity>376.309282</out_Quantity.quantity></Point><Point><position>1103</position><in_Quantity.quantity>0.000000</in_Quantity.quantity><out_Quantity.quantity>240.684625</out_Quantity.quantity></Point><Point><position>1104</position><in_Quantity.quantity>0.000000</in_Quantity.quantity><out_Quantity.quantity>746.212732</out_Quantity.quantity></Point><Point><position>1105</position><in_Quantity.quantity>0.000000</in_Quantity.quantity><out_Quantity.quantity>64.312473</out_Quantity.quantity></Point><Point><position>1106</position><in_Quantity.quantity>0.000000</in_Quantity.quantity><out_Quantity.quantity>252.706573</out_Quantity.quantity></Point><Point><position>1107</position><in_Quantity.quantity>0.000000</in_Quantity.quantity><out_Quantity.quantity>121.998562</out_Quantity.quantity></Point><Point><position>1108</position><in_Quantity.quantity>0.000000</in_Quantity.quantity><out_Quantity.quantity>501.080047</out_Quantity.quantity></Point><Point><position>1109</position><in_Quantity.quantity>0.000000</in_Quantity.quantity><out_Quantity.quantity>660.201954</out_Quantity.quantity></Point><Point><position>1110</position><in_Quantity.quantity>0.000000</in_Quantity.quantity><out_Quantity.quantity>67.873019</out_Quantity.quantity></Point><Point><position>1111</position><in_Quantity.quantity>0.000000</in_Quantity.quantity><out_Quantity.quantity>798.704804</out_Quantity.quantity></Point><Point><position>1112</position><in_Quantity.quantity>0.000000</in_Quantity.quantity><out_Quantity.quantity>928.585569</out_Quantity.quantity></Point><Point><position>1113</position><in_Quantity.quantity>0.000000</in_Quantity.quantity><out_Quantity.quantity>6.934845</out_Quantity.quantity></Point><Point><position>1114</position><in_Quantity.quantity>0.000000</in_Quantity.quantity><out_Quantity.quantity>781.942969</out_Quantity.quantity></Point><Point><position>1115</position><in_Quantity.quantity>0.000000</in_Quantity.quantity><out_Quantity.quantity>664.948639</out_Quantity.quantity></Point><Point><position>1116</position><in_Quantity.quantity>0.000000</in_Quantity.quantity><out_Quantity.quantity>761.545413</out_Quantity.quantity></Point><Point><position>1117</position><in_Quantity.quantity>0.000000</in_Quantity.quantity><out_Quantity.quantity>619.474837</out_Quantity.quantity></Point><Point><position>1118</position><in_Quantity.quantity>0.000000</in_Quantity.quantity><out_Quantity.quantity>426.380706</out_Quantity.quantity></Point><Point><position>1119</position><in_Quantity.quantity>0.000000</in_Quantity.quantity><out_Quantity.quantity>524.599764</out_Quantity.quantity></Point><Point><position>1120</position><in_Quantity.quantity>0.000000</in_Quantity.quantity><out_Quantity.quantity>839.508045</out_Quantity.quantity></Point><Point><position>1121</position><in_Quantity.quantity>0.000000</in_Quantity.quantity><out_Quantity.quantity>76.884995</out_Quantity.quantity></Point><Point><position>1122</position><in_Quantity.quantity>0.000000</in_Quantity.quantity><out_Quantity.quantity>772.526194</out_Quantity.quantity></Point><Point><position>1123</position><in_Quantity.quantity>0.000000</in_Quantity.quantity><out_Quantity.quantity>978.747881</out_Quantity.quantity></Point><Point><position>1124</position><in_Quantity.quantity>0.000000</in_Quantity.quantity><out_Quantity.quantity>392.727705</out_Quantity.quantity></Point><Point><position>1125</position><in_Quantity.quantity>0.000000</in_Quantity.quantity><out_Quantity.quantity>602.348433</out_Quantity.quantity></Point><Point><position>1126</position><in_Quantity.quantity>0.000000</in_Quantity.quantity><out_Quantity.quantity>572.256518</out_Quantity.quantity></Point><Point><position>1127</position><in_Quantity.quantity>0.000000</in_Quantity.quantity><out_Quantity.quantity>319.893226</out_Quantity.quantity></Point><Point><position>1128</position><in_Quantity.quantity>0.000000</in_Quantity.quantity><out_Quantity.quantity>203.842901</out_Quantity.quantity></Point><Point><position>1129</position><in_Quantity.quantity>0.000000</in_Quantity.quantity><out_Quantity.quantity>428.309268</out_Quantity.quantity></Point><Point><position>1130</position><in_Quantity.quantity>0.000000</in_Quantity.quantity><out_Quantity.quantity>643.559350</out_Quantity.quantity></Point><Point><position>1131</position><in_Quantity.quantity>0.000000</in_Quantity.quantity><out_Quantity.quantity>592.988588</out_Quantity.quantity></Point><Point><position>1132</position><in_Quantity.quantity>0.000000</in_Quantity.quantity><out_Quantity.quantity>837.616087</out_Quantity.quantity></Point><Point><position>1133</position><in_Quantity.quantity>0.000000</in_Quantity.quantity><out_Quantity.quantity>232.593567</out_Quantity.quantity></Point><Point><position>1134</position><in_Quantity.quantity>0.000000</in_Quantity.quantity><out_Quantity.quantity>801.232331</out_Quantity.quantity></Point><Point><position>1135</position><in_Quantity.quantity>0.000000</in_Quantity.quantity><out_Quantity.quantity>361.405585</out_Quantity.quantity></Point><Point><position>1136</position><in_Quantity.quantity>0.000000</in_Quantity.quantity><out_Quantity.quantity>9.647120</out_Quantity.quantity></Point><Point><position>1137</position><in_Quantity.quantity>0.000000</in_Quantity.quantity><out_Quantity.quantity>953.155061</out_Quantity.quantity></Point><Point><position>1138</position><in_Quantity.quantity>0.000000</in_Quantity.quantity><out_Quantity.quantity>523.274123</out_Quantity.quantity></Point><Point><position>1139</position><in_Quantity.quantity>0.000000</in_Quantity.quantity><out_Quantity.quantity>793.721106</out_Quantity.quantity></Point><Point><position>1140</position><in_Quantity.quantity>0.000000</in_Quantity.quantity><out_Quantity.quantity>332.344180</out_Quantity.quantity></Point><Point><position>1141</position><in_Quantity.quantity>0.000000</in_Quantity.quantity><out_Quantity.quantity>801.024544</out_Quantity.quantity></Point><Point><position>1142</position><in_Quantity.quantity>0.000000</in_Quantity.quantity><out_Quantity.quantity>489.096876</out_Quantity.quantity></Point><Point><position>1143</position><in_Quantity.quantity>0.000000</in_Quantity.quantity><out_Quantity.quantity>450.114682</out_Quantity.quantity></Point><Point><position>1144</position><in_Quantity.quantity>0.000000</in_Quantity.quantity><out_Quantity.quantity>597.084839</out_Quantity.quantity></Point><Point><position>1145</position><in_Quantity.quantity>0.000000</in_Quantity.quantity><out_Quantity.quantity>261.479658</out_Quantity.quantity></Point><Point><position>1146</position><in_Quantity.quantity>0.000000</in_Quantity.quantity><out_Quantity.quantity>409.078315</out_Quantity.quantity></Point><Point><position>1147</position><in_Quantity.quantity>0.000000</in_Quantity.quantity><out_Quantity.quantity>839.648795</out_Quantity.quantity></Point><Point><position>1148</position><in_Quantity.quantity>0.000000</in_Quantity.quantity><out_Quantity.quantity>3.104199</out_Quantity.quantity></Point><Point><position>1149</position><in_Quantity.quantity>0.000000</in_Quantity.quantity><out_Quantity.quantity>683.022164</out_Quantity.quantity></Point><Point><position>1150</position><in_Quantity.quantity>0.000000</in_Quantity.quantity><out_Quantity.quantity>183.899466</out_Quantity.quantity></Point><Point><position>1151</position><in_Quantity.quantity>0.000000</in_Quantity.quantity><out_Quantity.quantity>192.744730</out_Quantity.quantity></Point><Point><position>1152</position><in_Quantity.quantity>0.000000</in_Quantity.quantity><out_Quantity.quantity>779.470632</out_Quantity.quantity></Point><Point><position>1153</position><in_Quantity.quantity>0.000000</in_Quantity.quantity><out_Quantity.quantity>339.246853</out_Quantity.quantity></Point><Point><position>1154</position><in_Quantity.quantity>0.000000</in_Quantity.quantity><out_Quantity.quantity>830.633834</out_Quantity.quantity></Point><Point><position>1155</position><in_Quantity.quantity>0.000000</in_Quantity.quantity><out_Quantity.quantity>226.790731</out_Quantity.quantity></Point><Point><position>1156</position><in_Quantity.quantity>0.000000</in_Quantity.quantity><out_Quantity.quantity>39.795054</out_Quantity.quantity></Point><Point><position>1157</position><in_Quantity.quantity>0.000000</in_Quantity.quantity><out_Quantity.quantity>76.054167</out_Quantity.quantity></Point><Point><position>1158</position><in_Quantity.quantity>0.000000</in_Quantity.quantity><out_Quantity.quantity>862.266577</out_Quantity.quantity></Point><Point><position>1159</position><in_Quantity.quantity>0.000000</in_Quantity.quantity><out_Quantity.quantity>377.245599</out_Quantity.quantity></Point><Point><position>1160</position><in_Quantity.quantity>0.000000</in_Quantity.quantity><out_Quantity.quantity>491.954013</out_Quantity.quantity></Point><Point><position>1161</position><in_Quantity.quantity>0.000000</in_Quantity.quantity><out_Quantity.quantity>440.055067</out_Quantity.quantity></Point><Point><position>1162</position><in_Quantity.quantity>0.000000</in_Quantity.quantity><out_Quantity.quantity>34.260736</out_Quantity.quantity></Point><Point><position>1163</position><in_Quantity.quantity>0.000000</in_Quantity.quantity><out_Quantity.quantity>477.250548</out_Quantity.quantity></Point><Point><position>1164</position><in_Quantity.quantity>0.000000</in_Quantity.quantity><out_Quantity.quantity>445.852356</out_Quantity.quantity></Point><Point><position>1165</position><in_Quantity.quantity>0.000000</in_Quantity.quantity><out_Quantity.quantity>677.770525</out_Quantity.quantity></Point><Point><position>1166</position><in_Quantity.quantity>0.000000</in_Quantity.quantity><out_Quantity.quantity>989.674021</out_Quantity.quantity></Point><Point><position>1167</position><in_Quantity.quantity>0.000000</in_Quantity.quantity><out_Quantity.quantity>729.768870</out_Quantity.quantity></Point><Point><position>1168</position><in_Quantity.quantity>0.000000</in_Quantity.quantity><out_Quantity.quantity>360.813350</out_Quantity.quantity></Point><Point><position>1169</position><in_Quantity.quantity>0.000000</in_Quantity.quantity><out_Quantity.quantity>557.211557</out_Quantity.quantity></Point><Point><position>1170</position><in_Quantity.quantity>0.000000</in_Quantity.quantity><out_Quantity.quantity>847.515843</out_Quantity.quantity></Point><Point><position>1171</position><in_Quantity.quantity>0.000000</in_Quantity.quantity><out_Quantity.quantity>318.843998</out_Quantity.quantity></Point><Point><position>1172</position><in_Quantity.quantity>0.000000</in_Quantity.quantity><out_Quantity.quantity>258.915633</out_Quantity.quantity></Point><Point><position>1173</position><in_Quantity.quantity>0.000000</in_Quantity.quantity><out_Quantity.quantity>361.290130</out_Quantity.quantity></Point><Point><position>1174</position><in_Quantity.quantity>0.000000</in_Quantity.quantity><out_Quantity.quantity>486.377672</out_Quantity.quantity></Point><Point><position>1175</position><in_Quantity.quantity>0.000000</in_Quantity.quantity><out_Quantity.quantity>641.739798</out_Quantity.quantity></Point><Point><position>1176</position><in_Quantity.quantity>0.000000</in_Quantity.quantity><out_Quantity.quantity>232.703307</out_Quantity.quantity></Point><Point><position>1177</position><in_Quantity.quantity>0.000000</in_Quantity.quantity><out_Quantity.quantity>14.561089</out_Quantity.quantity></Point><Point><position>1178</position><in_Quantity.quantity>0.000000</in_Quantity.quantity><out_Quantity.quantity>234.328239</out_Quantity.quantity></Point><Point><position>1179</position><in_Quantity.quantity>0.000000</in_Quantity.quantity><out_Quantity.quantity>31.276003</out_Quantity.quantity></Point><Point><position>1180</position><in_Quantity.quantity>0.000000</in_Quantity.quantity><out_Quantity.quantity>379.570920</out_Quantity.quantity></Point><Point><position>1181</position><in_Quantity.quantity>0.000000</in_Quantity.quantity><out_Quantity.quantity>266.443879</out_Quantity.quantity></Point><Point><position>1182</position><in_Quantity.quantity>0.000000</in_Quantity.quantity><out_Quantity.quantity>620.317815</out_Quantity.quantity></Point><Point><position>1183</position><in_Quantity.quantity>0.000000</in_Quantity.quantity><out_Quantity.quantity>488.528343</out_Quantity.quantity></Point><Point><position>1184</position><in_Quantity.quantity>0.000000</in_Quantity.quantity><out_Quantity.quantity>852.611418</out_Quantity.quantity></Point><Point><position>1185</position><in_Quantity.quantity>0.000000</in_Quantity.quantity><out_Quantity.quantity>533.875814</out_Quantity.quantity></Point><Point><position>1186</position><in_Quantity.quantity>0.000000</in_Quantity.quantity><out_Quantity.quantity>665.828492</out_Quantity.quantity></Point><Point><position>1187</position><in_Quantity.quantity>0.000000</in_Quantity.quantity><out_Quantity.quantity>865.757316</out_Quantity.quantity></Point><Point><position>1188</position><in_Quantity.quantity>0.000000</in_Quantity.quantity><out_Quantity.quantity>255.341749</out_Quantity.quantity></Point><Point><position>1189</position><in_Quantity.quantity>0.000000</in_Quantity.quantity><out_Quantity.quantity>404.228069</out_Quantity.quantity></Point><Point><position>1190</position><in_Quantity.quantity>0.000000</in_Quantity.quantity><out_Quantity.quantity>739.911206</out_Quantity.quantity></Point><Point><position>1191</position><in_Quantity.quantity>0.000000</in_Quantity.quantity><out_Quantity.quantity>514.046472</out_Quantity.quantity></Point><Point><position>1192</position><in_Quantity.quantity>0.000000</in_Quantity.quantity><out_Quantity.quantity>187.160622</out_Quantity.quantity></Point><Point><position>1193</position><in_Quantity.quantity>0.000000</in_Quantity.quantity><out_Quantity.quantity>932.964806</out_Quantity.quantity></Point><Point><position>1194</position><in_Quantity.quantity>0.000000</in_Quantity.quantity><out_Quantity.quantity>734.135398</out_Quantity.quantity></Point><Point><position>1195</position><in_Quantity.quantity>0.000000</in_Quantity.quantity><out_Quantity.quantity>829.526886</out_Quantity.quantity></Point><Point><position>1196</position><in_Quantity.quantity>0.000000</in_Quantity.quantity><out_Quantity.quantity>729.048192</out_Quantity.quantity></Point><Point><position>1197</position><in_Quantity.quantity>0.000000</in_Quantity.quantity><out_Quantity.quantity>917.996380</out_Quantity.quantity></Point><Point><position>1198</position><in_Quantity.quantity>0.000000</in_Quantity.quantity><out_Quantity.quantity>792.186587</out_Quantity.quantity></Point><Point><position>1199</position><in_Quantity.quantity>0.000000</in_Quantity.quantity><out_Quantity.quantity>936.938721</out_Quantity.quantity></Point><Point><position>1200</position><in_Quantity.quantity>0.000000</in_Quantity.quantity><out_Quantity.quantity>416.036880</out_Quantity.quantity></Point><Point><position>1201</position><in_Quantity.quantity>0.000000</in_Quantity.quantity><out_Quantity.quantity>172.044496</out_Quantity.quantity></Point><Point><position>1202</position><in_Quantity.quantity>0.000000</in_Quantity.quantity><out_Quantity.quantity>722.025510</out_Quantity.quantity></Point><Point><position>1203</position><in_Quantity.quantity>0.000000</in_Quantity.quantity><out_Quantity.quantity>33.380697</out_Quantity.quantity></Point><Point><position>1204</position><in_Quantity.quantity>0.000000</in_Quantity.quantity><out_Quantity.quantity>247.032347</out_Quantity.quantity></Point><Point><position>1205</position><in_Quantity.quantity>0.000000</in_Quantity.quantity><out_Quantity.quantity>587.917823</out_Quantity.quantity></Point><Point><position>1206</position><in_Quantity.quantity>0.000000</in_Quantity.quantity><out_Quantity.quantity>424.219004</out_Quantity.quantity></Point><Point><position>1207</position><in_Quantity.quantity>0.000000</in_Quantity.quantity><out_Quantity.quantity>44.750196</out_Quantity.quantity></Point><Point><position>1208</position><in_Quantity.quantity>0.000000</in_Quantity.quantity><out_Quantity.quantity>346.904318</out_Quantity.quantity></Point><Point><position>1209</position><in_Quantity.quantity>0.000000</in_Quantity.quantity><out_Quantity.quantity>985.008448</out_Quantity.quantity></Point><Point><position>1210</position><in_Quantity.quantity>0.000000</in_Quantity.quantity><out_Quantity.quantity>525.958805</out_Quantity.quantity></Point><Point><position>1211</position><in_Quantity.quantity>0.000000</in_Quantity.quantity><out_Quantity.quantity>433.338730</out_Quantity.quantity></Point><Point><position>1212</position><in_Quantity.quantity>0.000000</in_Quantity.quantity><out_Quantity.quantity>261.873406</out_Quantity.quantity></Point><Point><position>1213</position><in_Quantity.quantity>0.000000</in_Quantity.quantity><out_Quantity.quantity>310.952844</out_Quantity.quantity></Point><Point><position>1214</position><in_Quantity.quantity>0.000000</in_Quantity.quantity><out_Quantity.quantity>703.748106</out_Quantity.quantity></Point><Point><position>1215</position><in_Quantity.quantity>0.000000</in_Quantity.quantity><out_Quantity.quantity>993.837065</out_Quantity.quantity></Point><Point><position>1216</position><in_Quantity.quantity>0.000000</in_Quantity.quantity><out_Quantity.quantity>173.215779</out_Quantity.quantity></Point><Point><position>1217</position><in_Quantity.quantity>0.000000</in_Quantity.quantity><out_Quantity.quantity>874.246276</out_Quantity.quantity></Point><Point><position>1218</position><in_Quantity.quantity>0.000000</in_Quantity.quantity><out_Quantity.quantity>346.788577</out_Quantity.quantity></Point><Point><position>1219</position><in_Quantity.quantity>0.000000</in_Quantity.quantity><out_Quantity.quantity>645.416538</out_Quantity.quantity></Point><Point><position>1220</position><in_Quantity.quantity>0.000000</in_Quantity.quantity><out_Quantity.quantity>375.949244</out_Quantity.quantity></Point><Point><position>1221</position><in_Quantity.quantity>0.000000</in_Quantity.quantity><out_Quantity.quantity>376.354365</out_Quantity.quantity></Point><Point><position>1222</position><in_Quantity.quantity>0.000000</in_Quantity.quantity><out_Quantity.quantity>264.899450</out_Quantity.quantity></Point><Point><position>1223</position><in_Quantity.quantity>0.000000</in_Quantity.quantity><out_Quantity.quantity>668.264402</out_Quantity.quantity></Point><Point><position>1224</position><in_Quantity.quantity>0.000000</in_Quantity.quantity><out_Quantity.quantity>291.535536</out_Quantity.quantity></Point><Point><position>1225</position><in_Quantity.quantity>0.000000</in_Quantity.quantity><out_Quantity.quantity>250.799001</out_Quantity.quantity></Point><Point><position>1226</position><in_Quantity.quantity>0.000000</in_Quantity.quantity><out_Quantity.quantity>367.290767</out_Quantity.quantity></Point><Point><position>1227</position><in_Quantity.quantity>0.000000</in_Quantity.quantity><out_Quantity.quantity>398.017202</out_Quantity.quantity></Point><Point><position>1228</position><in_Quantity.quantity>0.000000</in_Quantity.quantity><out_Quantity.quantity>572.762744</out_Quantity.quantity></Point><Point><position>1229</position><in_Quantity.quantity>0.000000</in_Quantity.quantity><out_Quantity.quantity>900.031512</out_Quantity.quantity></Point><Point><position>1230</position><in_Quantity.quantity>0.000000</in_Quantity.quantity><out_Quantity.quantity>281.478741</out_Quantity.quantity></Point><Point><position>1231</position><in_Quantity.quantity>0.000000</in_Quantity.quantity><out_Quantity.quantity>68.586778</out_Quantity.quantity></Point><Point><position>1232</position><in_Quantity.quantity>0.000000</in_Quantity.quantity><out_Quantity.quantity>419.642863</out_Quantity.quantity></Point><Point><position>1233</position><in_Quantity.quantity>0.000000</in_Quantity.quantity><out_Quantity.quantity>804.430071</out_Quantity.quantity></Point><Point><position>1234</position><in_Quantity.quantity>0.000000</in_Quantity.quantity><out_Quantity.quantity>698.483604</out_Quantity.quantity></Point><Point><position>1235</position><in_Quantity.quantity>0.000000</in_Quantity.quantity><out_Quantity.quantity>296.298084</out_Quantity.quantity></Point><Point><position>1236</position><in_Quantity.quantity>0.000000</in_Quantity.quantity><out_Quantity.quantity>630.336154</out_Quantity.quantity></Point><Point><position>1237</position><in_Quantity.quantity>0.000000</in_Quantity.quantity><out_Quantity.quantity>718.210997</out_Quantity.quantity></Point><Point><position>1238</position><in_Quantity.quantity>0.000000</in_Quantity.quantity><out_Quantity.quantity>12.292000</out_Quantity.quantity></Point><Point><position>1239</position><in_Quantity.quantity>0.000000</in_Quantity.quantity><out_Quantity.quantity>466.883938</out_Quantity.quantity></Point><Point><position>1240</position><in_Quantity.quantity>0.000000</in_Quantity.quantity><out_Quantity.quantity>732.441362</out_Quantity.quantity></Point><Point><position>1241</position><in_Quantity.quantity>0.000000</in_Quantity.quantity><out_Quantity.quantity>679.661054</out_Quantity.quantity></Point><Point><position>1242</position><in_Quantity.quantity>0.000000</in_Quantity.quantity><out_Quantity.quantity>955.527365</out_Quantity.quantity></Point><Point><position>1243</position><in_Quantity.quantity>0.000000</in_Quantity.quantity><out_Quantity.quantity>448.962799</out_Quantity.quantity></Point><Point><position>1244</position><in_Quantity.quantity>0.000000</in_Quantity.quantity><out_Quantity.quantity>611.424298</out_Quantity.quantity></Point><Point><position>1245</position><in_Quantity.quantity>0.000000</in_Quantity.quantity><out_Quantity.quantity>731.776284</out_Quantity.quantity></Point><Point><position>1246</position><in_Quantity.quantity>0.000000</in_Quantity.quantity><out_Quantity.quantity>674.731265</out_Quantity.quantity></Point><Point><position>1247</position><in_Quantity.quantity>0.000000</in_Quantity.quantity><out_Quantity.quantity>943.265458</out_Quantity.quantity></Point><Point><position>1248</position><in_Quantity.quantity>0.000000</in_Quantity.quantity><out_Quantity.quantity>941.638782</out_Quantity.quantity></Point><Point><position>1249</position><in_Quantity.quantity>0.000000</in_Quantity.quantity><out_Quantity.quantity>591.619693</out_Quantity.quantity></Point><Point><position>1250</position><in_Quantity.quantity>0.000000</in_Quantity.quantity><out_Quantity.quantity>489.960716</out_Quantity.quantity></Point><Point><position>1251</position><in_Quantity.quantity>0.000000</in_Quantity.quantity><out_Quantity.quantity>738.155325</out_Quantity.quantity></Point><Point><position>1252</position><in_Quantity.quantity>0.000000</in_Quantity.quantity><out_Quantity.quantity>820.738658</out_Quantity.quantity></Point><Point><position>1253</position><in_Quantity.quantity>0.000000</in_Quantity.quantity><out_Quantity.quantity>853.543888</out_Quantity.quantity></Point><Point><position>1254</position><in_Quantity.quantity>0.000000</in_Quantity.quantity><out_Quantity.quantity>803.766430</out_Quantity.quantity></Point><Point><position>1255</position><in_Quantity.quantity>0.000000</in_Quantity.quantity><out_Quantity.quantity>468.474817</out_Quantity.quantity></Point><Point><position>1256</position><in_Quantity.quantity>0.000000</in_Quantity.quantity><out_Quantity.quantity>201.504438</out_Quantity.quantity></Point><Point><position>1257</position><in_Quantity.quantity>0.000000</in_Quantity.quantity><out_Quantity.quantity>636.851176</out_Quantity.quantity></Point><Point><position>1258</position><in_Quantity.quantity>0.000000</in_Quantity.quantity><out_Quantity.quantity>499.112424</out_Quantity.quantity></Point><Point><position>1259</position><in_Quantity.quantity>0.000000</in_Quantity.quantity><out_Quantity.quantity>278.118999</out_Quantity.quantity></Point><Point><position>1260</position><in_Quantity.quantity>0.000000</in_Quantity.quantity><out_Quantity.quantity>268.986101</out_Quantity.quantity></Point><Point><position>1261</position><in_Quantity.quantity>0.000000</in_Quantity.quantity><out_Quantity.quantity>750.146933</out_Quantity.quantity></Point><Point><position>1262</position><in_Quantity.quantity>0.000000</in_Quantity.quantity><out_Quantity.quantity>83.361758</out_Quantity.quantity></Point><Point><position>1263</position><in_Quantity.quantity>0.000000</in_Quantity.quantity><out_Quantity.quantity>192.376578</out_Quantity.quantity></Point><Point><position>1264</position><in_Quantity.quantity>0.000000</in_Quantity.quantity><out_Quantity.quantity>742.502935</out_Quantity.quantity></Point><Point><position>1265</position><in_Quantity.quantity>0.000000</in_Quantity.quantity><out_Quantity.quantity>172.451605</out_Quantity.quantity></Point><Point><position>1266</position><in_Quantity.quantity>0.000000</in_Quantity.quantity><out_Quantity.quantity>295.093386</out_Quantity.quantity></Point><Point><position>1267</position><in_Quantity.quantity>0.000000</in_Quantity.quantity><out_Quantity.quantity>657.552668</out_Quantity.quantity></Point><Point><position>1268</position><in_Quantity.quantity>0.000000</in_Quantity.quantity><out_Quantity.quantity>813.372043</out_Quantity.quantity></Point><Point><position>1269</position><in_Quantity.quantity>0.000000</in_Quantity.quantity><out_Quantity.quantity>434.099464</out_Quantity.quantity></Point><Point><position>1270</position><in_Quantity.quantity>0.000000</in_Quantity.quantity><out_Quantity.quantity>22.075984</out_Quantity.quantity></Point><Point><position>1271</position><in_Quantity.quantity>0.000000</in_Quantity.quantity><out_Quantity.quantity>926.836875</out_Quantity.quantity></Point><Point><position>1272</position><in_Quantity.quantity>0.000000</in_Quantity.quantity><out_Quantity.quantity>487.454448</out_Quantity.quantity></Point><Point><position>1273</position><in_Quantity.quantity>0.000000</in_Quantity.quantity><out_Quantity.quantity>125.514945</out_Quantity.quantity></Point><Point><position>1274</position><in_Quantity.quantity>0.000000</in_Quantity.quantity><out_Quantity.quantity>208.556462</out_Quantity.quantity></Point><Point><position>1275</position><in_Quantity.quantity>0.000000</in_Quantity.quantity><out_Quantity.quantity>951.749545</out_Quantity.quantity></Point><Point><position>1276</position><in_Quantity.quantity>0.000000</in_Quantity.quantity><out_Quantity.quantity>899.377654</out_Quantity.quantity></Point><Point><position>1277</position><in_Quantity.quantity>0.000000</in_Quantity.quantity><out_Quantity.quantity>916.257196</out_Quantity.quantity></Point><Point><position>1278</position><in_Quantity.quantity>0.000000</in_Quantity.quantity><out_Quantity.quantity>803.313236</out_Quantity.quantity></Point><Point><position>1279</position><in_Quantity.quantity>0.000000</in_Quantity.quantity><out_Quantity.quantity>727.904078</out_Quantity.quantity></Point><Point><position>1280</position><in_Quantity.quantity>0.000000</in_Quantity.quantity><out_Quantity.quantity>622.026198</out_Quantity.quantity></Point><Point><position>1281</position><in_Quantity.quantity>0.000000</in_Quantity.quantity><out_Quantity.quantity>834.770337</out_Quantity.quantity></Point><Point><position>1282</position><in_Quantity.quantity>0.000000</in_Quantity.quantity><out_Quantity.quantity>980.225483</out_Quantity.quantity></Point><Point><position>1283</position><in_Quantity.quantity>0.000000</in_Quantity.quantity><out_Quantity.quantity>767.790411</out_Quantity.quantity></Point><Point><position>1284</position><in_Quantity.quantity>0.000000</in_Quantity.quantity><out_Quantity.quantity>424.498735</out_Quantity.quantity></Point><Point><position>1285</position><in_Quantity.quantity>0.000000</in_Quantity.quantity><out_Quantity.quantity>883.186854</out_Quantity.quantity></Point><Point><position>1286</position><in_Quantity.quantity>0.000000</in_Quantity.quantity><out_Quantity.quantity>553.092860</out_Quantity.quantity></Point><Point><position>1287</position><in_Quantity.quantity>0.000000</in_Quantity.quantity><out_Quantity.quantity>437.303049</out_Quantity.quantity></Point><Point><position>1288</position><in_Quantity.quantity>0.000000</in_Quantity.quantity><out_Quantity.quantity>338.416757</out_Quantity.quantity></Point><Point><position>1289</position><in_Quantity.quantity>0.000000</in_Quantity.quantity><out_Quantity.quantity>8.070300</out_Quantity.quantity></Point><Point><position>1290</position><in_Quantity.quantity>0.000000</in_Quantity.quantity><out_Quantity.quantity>215.589935</out_Quantity.quantity></Point><Point><position>1291</position><in_Quantity.quantity>0.000000</in_Quantity.quantity><out_Quantity.quantity>488.968489</out_Quantity.quantity></Point><Point><position>1292</position><in_Quantity.quantity>0.000000</in_Quantity.quantity><out_Quantity.quantity>343.313628</out_Quantity.quantity></Point><Point><position>1293</position><in_Quantity.quantity>0.000000</in_Quantity.quantity><out_Quantity.quantity>890.134569</out_Quantity.quantity></Point><Point><position>1294</position><in_Quantity.quantity>0.000000</in_Quantity.quantity><out_Quantity.quantity>101.027825</out_Quantity.quantity></Point><Point><position>1295</position><in_Quantity.quantity>0.000000</in_Quantity.quantity><out_Quantity.quantity>889.742988</out_Quantity.quantity></Point><Point><position>1296</position><in_Quantity.quantity>0.000000</in_Quantity.quantity><out_Quantity.quantity>416.316739</out_Quantity.quantity></Point><Point><position>1297</position><in_Quantity.quantity>0.000000</in_Quantity.quantity><out_Quantity.quantity>739.270429</out_Quantity.quantity></Point><Point><position>1298</position><in_Quantity.quantity>0.000000</in_Quantity.quantity><out_Quantity.quantity>431.170112</out_Quantity.quantity></Point><Point><position>1299</position><in_Quantity.quantity>0.000000</in_Quantity.quantity><out_Quantity.quantity>95.789968</out_Quantity.quantity></Point><Point><position>1300</position><in_Quantity.quantity>0.000000</in_Quantity.quantity><out_Quantity.quantity>968.467055</out_Quantity.quantity></Point><Point><position>1301</position><in_Quantity.quantity>0.000000</in_Quantity.quantity><out_Quantity.quantity>114.978607</out_Quantity.quantity></Point><Point><position>1302</position><in_Quantity.quantity>0.000000</in_Quantity.quantity><out_Quantity.quantity>763.194672</out_Quantity.quantity></Point><Point><position>1303</position><in_Quantity.quantity>0.000000</in_Quantity.quantity><out_Quantity.quantity>585.189361</out_Quantity.quantity></Point><Point><position>1304</position><in_Quantity.quantity>0.000000</in_Quantity.quantity><out_Quantity.quantity>85.432224</out_Quantity.quantity></Point><Point><position>1305</position><in_Quantity.quantity>0.000000</in_Quantity.quantity><out_Quantity.quantity>756.354579</out_Quantity.quantity></Point><Point><position>1306</position><in_Quantity.quantity>0.000000</in_Quantity.quantity><out_Quantity.quantity>938.427440</out_Quantity.quantity></Point><Point><position>1307</position><in_Quantity.quantity>0.000000</in_Quantity.quantity><out_Quantity.quantity>132.838600</out_Quantity.quantity></Point><Point><position>1308</position><in_Quantity.quantity>0.000000</in_Quantity.quantity><out_Quantity.quantity>29.022426</out_Quantity.quantity></Point><Point><position>1309</position><in_Quantity.quantity>0.000000</in_Quantity.quantity><out_Quantity.quantity>56.270006</out_Quantity.quantity></Point><Point><position>1310</position><in_Quantity.quantity>0.000000</in_Quantity.quantity><out_Quantity.quantity>674.516670</out_Quantity.quantity></Point><Point><position>1311</position><in_Quantity.quantity>0.000000</in_Quantity.quantity><out_Quantity.quantity>679.162242</out_Quantity.quantity></Point><Point><position>1312</position><in_Quantity.quantity>0.000000</in_Quantity.quantity><out_Quantity.quantity>788.736093</out_Quantity.quantity></Point><Point><position>1313</position><in_Quantity.quantity>0.000000</in_Quantity.quantity><out_Quantity.quantity>74.455861</out_Quantity.quantity></Point><Point><position>1314</position><in_Quantity.quantity>0.000000</in_Quantity.quantity><out_Quantity.quantity>256.980524</out_Quantity.quantity></Point><Point><position>1315</position><in_Quantity.quantity>0.000000</in_Quantity.quantity><out_Quantity.quantity>903.100190</out_Quantity.quantity></Point><Point><position>1316</position><in_Quantity.quantity>0.000000</in_Quantity.quantity><out_Quantity.quantity>532.622470</out_Quantity.quantity></Point><Point><position>1317</position><in_Quantity.quantity>0.000000</in_Quantity.quantity><out_Quantity.quantity>589.440746</out_Quantity.quantity></Point><Point><position>1318</position><in_Quantity.quantity>0.000000</in_Quantity.quantity><out_Quantity.quantity>643.436043</out_Quantity.quantity></Point><Point><position>1319</position><in_Quantity.quantity>0.000000</in_Quantity.quantity><out_Quantity.quantity>401.852432</out_Quantity.quantity></Point><Point><position>1320</position><in_Quantity.quantity>0.000000</in_Quantity.quantity><out_Quantity.quantity>777.372249</out_Quantity.quantity></Point><Point><position>1321</position><in_Quantity.quantity>0.000000</in_Quantity.quantity><out_Quantity.quantity>522.066288</out_Quantity.quantity></Point><Point><position>1322</position><in_Quantity.quantity>0.000000</in_Quantity.quantity><out_Quantity.quantity>500.469127</out_Quantity.quantity></Point><Point><position>1323</position><in_Quantity.quantity>0.000000</in_Quantity.quantity><out_Quantity.quantity>431.054570</out_Quantity.quantity></Point><Point><position>1324</position><in_Quantity.quantity>0.000000</in_Quantity.quantity><out_Quantity.quantity>195.543940</out_Quantity.quantity></Point><Point><position>1325</position><in_Quantity.quantity>0.000000</in_Quantity.quantity><out_Quantity.quantity>127.626208</out_Quantity.quantity></Point><Point><position>1326</position><in_Quantity.quantity>0.000000</in_Quantity.quantity><out_Quantity.quantity>962.122520</out_Quantity.quantity></Point><Point><position>1327</position><in_Quantity.quantity>0.000000</in_Quantity.quantity><out_Quantity.quantity>500.695000</out_Quantity.quantity></Point><Point><position>1328</position><in_Quantity.quantity>0.000000</in_Quantity.quantity><out_Quantity.quantity>355.335960</out_Quantity.quantity></Point><Point><position>1329</position><in_Quantity.quantity>0.000000</in_Quantity.quantity><out_Quantity.quantity>503.233199</out_Quantity.quantity></Point><Point><position>1330</position><in_Quantity.quantity>0.000000</in_Quantity.quantity><out_Quantity.quantity>572.316033</out_Quantity.quantity></Point><Point><position>1331</position><in_Quantity.quantity>0.000000</in_Quantity.quantity><out_Quantity.quantity>397.572013</out_Quantity.quantity></Point><Point><position>1332</position><in_Quantity.quantity>0.000000</in_Quantity.quantity><out_Quantity.quantity>841.295826</out_Quantity.quantity></Point><Point><position>1333</position><in_Quantity.quantity>0.000000</in_Quantity.quantity><out_Quantity.quantity>953.680755</out_Quantity.quantity></Point><Point><position>1334</position><in_Quantity.quantity>0.000000</in_Quantity.quantity><out_Quantity.quantity>109.146768</out_Quantity.quantity></Point><Point><position>1335</position><in_Quantity.quantity>0.000000</in_Quantity.quantity><out_Quantity.quantity>781.392649</out_Quantity.quantity></Point><Point><position>1336</position><in_Quantity.quantity>0.000000</in_Quantity.quantity><out_Quantity.quantity>877.009167</out_Quantity.quantity></Point><Point><position>1337</position><in_Quantity.quantity>0.000000</in_Quantity.quantity><out_Quantity.quantity>627.606846</out_Quantity.quantity></Point><Point><position>1338</position><in_Quantity.quantity>0.000000</in_Quantity.quantity><out_Quantity.quantity>978.326933</out_Quantity.quantity></Point><Point><position>1339</position><in_Quantity.quantity>0.000000</in_Quantity.quantity><out_Quantity.quantity>811.840017</out_Quantity.quantity></Point><Point><position>1340</position><in_Quantity.quantity>0.000000</in_Quantity.quantity><out_Quantity.quantity>624.480995</out_Quantity.quantity></Point><Point><position>1341</position><in_Quantity.quantity>0.000000</in_Quantity.quantity><out_Quantity.quantity>560.632598</out_Quantity.quantity></Point><Point><position>1342</position><in_Quantity.quantity>0.000000</in_Quantity.quantity><out_Quantity.quantity>886.189038</out_Quantity.quantity></Point><Point><position>1343</position><in_Quantity.quantity>0.000000</in_Quantity.quantity><out_Quantity.quantity>939.576284</out_Quantity.quantity></Point><Point><position>1344</position><in_Quantity.quantity>0.000000</in_Quantity.quantity><out_Quantity.quantity>783.572380</out_Quantity.quantity></Point><Point><position>1345</position><in_Quantity.quantity>0.000000</in_Quantity.quantity><out_Quantity.quantity>566.965996</out_Quantity.quantity></Point><Point><position>1346</position><in_Quantity.quantity>0.000000</in_Quantity.quantity><out_Quantity.quantity>552.657057</out_Quantity.quantity></Point><Point><position>1347</position><in_Quantity.quantity>0.000000</in_Quantity.quantity><out_Quantity.quantity>893.506164</out_Quantity.quantity></Point><Point><position>1348</position><in_Quantity.quantity>0.000000</in_Quantity.quantity><out_Quantity.quantity>426.790574</out_Quantity.quantity></Point><Point><position>1349</position><in_Quantity.quantity>0.000000</in_Quantity.quantity><out_Quantity.quantity>436.636282</out_Quantity.quantity></Point><Point><position>1350</position><in_Quantity.quantity>0.000000</in_Quantity.quantity><out_Quantity.quantity>753.216265</out_Quantity.quantity></Point><Point><position>1351</position><in_Quantity.quantity>0.000000</in_Quantity.quantity><out_Quantity.quantity>746.520813</out_Quantity.quantity></Point><Point><position>1352</position><in_Quantity.quantity>0.000000</in_Quantity.quantity><out_Quantity.quantity>418.204926</out_Quantity.quantity></Point><Point><position>1353</position><in_Quantity.quantity>0.000000</in_Quantity.quantity><out_Quantity.quantity>240.715283</out_Quantity.quantity></Point><Point><position>1354</position><in_Quantity.quantity>0.000000</in_Quantity.quantity><out_Quantity.quantity>345.819557</out_Quantity.quantity></Point><Point><position>1355</position><in_Quantity.quantity>0.000000</in_Quantity.quantity><out_Quantity.quantity>454.155820</out_Quantity.quantity></Point><Point><position>1356</position><in_Quantity.quantity>0.000000</in_Quantity.quantity><out_Quantity.quantity>858.838429</out_Quantity.quantity></Point><Point><position>1357</position><in_Quantity.quantity>0.000000</in_Quantity.quantity><out_Quantity.quantity>544.459009</out_Quantity.quantity></Point><Point><position>1358</position><in_Quantity.quantity>0.000000</in_Quantity.quantity><out_Quantity.quantity>404.104903</out_Quantity.quantity></Point><Point><position>1359</position><in_Quantity.quantity>0.000000</in_Quantity.quantity><out_Quantity.quantity>456.574508</out_Quantity.quantity></Point><Point><position>1360</position><in_Quantity.quantity>0.000000</in_Quantity.quantity><out_Quantity.quantity>880.664127</out_Quantity.quantity></Point><Point><position>1361</position><in_Quantity.quantity>0.000000</in_Quantity.quantity><out_Quantity.quantity>882.459838</out_Quantity.quantity></Point><Point><position>1362</position><in_Quantity.quantity>0.000000</in_Quantity.quantity><out_Quantity.quantity>636.123178</out_Quantity.quantity></Point><Point><position>1363</position><in_Quantity.quantity>0.000000</in_Quantity.quantity><out_Quantity.quantity>365.488845</out_Quantity.quantity></Point><Point><position>1364</position><in_Quantity.quantity>0.000000</in_Quantity.quantity><out_Quantity.quantity>761.220356</out_Quantity.quantity></Point><Point><position>1365</position><in_Quantity.quantity>0.000000</in_Quantity.quantity><out_Quantity.quantity>957.148098</out_Quantity.quantity></Point><Point><position>1366</position><in_Quantity.quantity>0.000000</in_Quantity.quantity><out_Quantity.quantity>425.749016</out_Quantity.quantity></Point><Point><position>1367</position><in_Quantity.quantity>0.000000</in_Quantity.quantity><out_Quantity.quantity>953.573376</out_Quantity.quantity></Point><Point><position>1368</position><in_Quantity.quantity>0.000000</in_Quantity.quantity><out_Quantity.quantity>991.895579</out_Quantity.quantity></Point><Point><position>1369</position><in_Quantity.quantity>0.000000</in_Quantity.quantity><out_Quantity.quantity>324.459792</out_Quantity.quantity></Point><Point><position>1370</position><in_Quantity.quantity>0.000000</in_Quantity.quantity><out_Quantity.quantity>534.746575</out_Quantity.quantity></Point><Point><position>1371</position><in_Quantity.quantity>0.000000</in_Quantity.quantity><out_Quantity.quantity>918.025730</out_Quantity.quantity></Point><Point><position>1372</position><in_Quantity.quantity>0.000000</in_Quantity.quantity><out_Quantity.quantity>326.526200</out_Quantity.quantity></Point><Point><position>1373</position><in_Quantity.quantity>0.000000</in_Quantity.quantity><out_Quantity.quantity>120.984717</out_Quantity.quantity></Point><Point><position>1374</position><in_Quantity.quantity>0.000000</in_Quantity.quantity><out_Quantity.quantity>863.718928</out_Quantity.quantity></Point><Point><position>1375</position><in_Quantity.quantity>0.000000</in_Quantity.quantity><out_Quantity.quantity>848.351252</out_Quantity.quantity></Point><Point><position>1376</position><in_Quantity.quantity>0.000000</in_Quantity.quantity><out_Quantity.quantity>438.328924</out_Quantity.quantity></Point><Point><position>1377</position><in_Quantity.quantity>0.000000</in_Quantity.quantity><out_Quantity.quantity>173.031319</out_Quantity.quantity></Point><Point><position>1378</position><in_Quantity.quantity>0.000000</in_Quantity.quantity><out_Quantity.quantity>623.076762</out_Quantity.quantity></Point><Point><position>1379</position><in_Quantity.quantity>0.000000</in_Quantity.quantity><out_Quantity.quantity>953.490870</out_Quantity.quantity></Point><Point><position>1380</position><in_Quantity.quantity>0.000000</in_Quantity.quantity><out_Quantity.quantity>295.152077</out_Quantity.quantity></Point><Point><position>1381</position><in_Quantity.quantity>0.000000</in_Quantity.quantity><out_Quantity.quantity>319.508471</out_Quantity.quantity></Point><Point><position>1382</position><in_Quantity.quantity>0.000000</in_Quantity.quantity><out_Quantity.quantity>858.210162</out_Quantity.quantity></Point><Point><position>1383</position><in_Quantity.quantity>0.000000</in_Quantity.quantity><out_Quantity.quantity>606.286986</out_Quantity.quantity></Point><Point><position>1384</position><in_Quantity.quantity>0.000000</in_Quantity.quantity><out_Quantity.quantity>921.263091</out_Quantity.quantity></Point><Point><position>1385</position><in_Quantity.quantity>0.000000</in_Quantity.quantity><out_Quantity.quantity>373.541398</out_Quantity.quantity></Point><Point><position>1386</position><in_Quantity.quantity>0.000000</in_Quantity.quantity><out_Quantity.quantity>666.514618</out_Quantity.quantity></Point><Point><position>1387</position><in_Quantity.quantity>0.000000</in_Quantity.quantity><out_Quantity.quantity>490.762845</out_Quantity.quantity></Point><Point><position>1388</position><in_Quantity.quantity>0.000000</in_Quantity.quantity><out_Quantity.quantity>619.209720</out_Quantity.quantity></Point><Point><position>1389</position><in_Quantity.quantity>0.000000</in_Quantity.quantity><out_Quantity.quantity>639.835051</out_Quantity.quantity></Point><Point><position>1390</position><in_Quantity.quantity>0.000000</in_Quantity.quantity><out_Quantity.quantity>935.786678</out_Quantity.quantity></Point><Point><position>1391</position><in_Quantity.quantity>0.000000</in_Quantity.quantity><out_Quantity.quantity>703.032463</out_Quantity.quantity></Point><Point><position>1392</position><in_Quantity.quantity>0.000000</in_Quantity.quantity><out_Quantity.quantity>838.185670</out_Quantity.quantity></Point><Point><position>1393</position><in_Quantity.quantity>0.000000</in_Quantity.quantity><out_Quantity.quantity>727.838723</out_Quantity.quantity></Point><Point><position>1394</position><in_Quantity.quantity>0.000000</in_Quantity.quantity><out_Quantity.quantity>635.193508</out_Quantity.quantity></Point><Point><position>1395</position><in_Quantity.quantity>0.000000</in_Quantity.quantity><out_Quantity.quantity>275.116425</out_Quantity.quantity></Point><Point><position>1396</position><in_Quantity.quantity>0.000000</in_Quantity.quantity><out_Quantity.quantity>393.558786</out_Quantity.quantity></Point><Point><position>1397</position><in_Quantity.quantity>0.000000</in_Quantity.quantity><out_Quantity.quantity>622.192583</out_Quantity.quantity></Point><Point><position>1398</position><in_Quantity.quantity>0.000000</in_Quantity.quantity><out_Quantity.quantity>884.857042</out_Quantity.quantity></Point><Point><position>1399</position><in_Quantity.quantity>0.000000</in_Quantity.quantity><out_Quantity.quantity>215.201682</out_Quantity.quantity></Point><Point><position>1400</position><in_Quantity.quantity>0.000000</in_Quantity.quantity><out_Quantity.quantity>598.660600</out_Quantity.quantity></Point><Point><position>1401</position><in_Quantity.quantity>0.000000</in_Quantity.quantity><out_Quantity.quantity>135.179878</out_Quantity.quantity></Point><Point><position>1402</position><in_Quantity.quantity>0.000000</in_Quantity.quantity><out_Quantity.quantity>362.016788</out_Quantity.quantity></Point><Point><position>1403</position><in_Quantity.quantity>0.000000</in_Quantity.quantity><out_Quantity.quantity>218.905224</out_Quantity.quantity></Point><Point><position>1404</position><in_Quantity.quantity>0.000000</in_Quantity.quantity><out_Quantity.quantity>98.986271</out_Quantity.quantity></Point><Point><position>1405</position><in_Quantity.quantity>0.000000</in_Quantity.quantity><out_Quantity.quantity>33.605923</out_Quantity.quantity></Point><Point><position>1406</position><in_Quantity.quantity>0.000000</in_Quantity.quantity><out_Quantity.quantity>20.621655</out_Quantity.quantity></Point><Point><position>1407</position><in_Quantity.quantity>0.000000</in_Quantity.quantity><out_Quantity.quantity>975.214408</out_Quantity.quantity></Point><Point><position>1408</position><in_Quantity.quantity>0.000000</in_Quantity.quantity><out_Quantity.quantity>585.205928</out_Quantity.quantity></Point><Point><position>1409</position><in_Quantity.quantity>0.000000</in_Quantity.quantity><out_Quantity.quantity>905.003160</out_Quantity.quantity></Point><Point><position>1410</position><in_Quantity.quantity>0.000000</in_Quantity.quantity><out_Quantity.quantity>233.722515</out_Quantity.quantity></Point><Point><position>1411</position><in_Quantity.quantity>0.000000</in_Quantity.quantity><out_Quantity.quantity>312.965822</out_Quantity.quantity></Point><Point><position>1412</position><in_Quantity.quantity>0.000000</in_Quantity.quantity><out_Quantity.quantity>771.043542</out_Quantity.quantity></Point><Point><position>1413</position><in_Quantity.quantity>0.000000</in_Quantity.quantity><out_Quantity.quantity>514.222781</out_Quantity.quantity></Point><Point><position>1414</position><in_Quantity.quantity>0.000000</in_Quantity.quantity><out_Quantity.quantity>656.399730</out_Quantity.quantity></Point><Point><position>1415</position><in_Quantity.quantity>0.000000</in_Quantity.quantity><out_Quantity.quantity>501.781507</out_Quantity.quantity></Point><Point><position>1416</position><in_Quantity.quantity>0.000000</in_Quantity.quantity><out_Quantity.quantity>835.033724</out_Quantity.quantity></Point><Point><position>1417</position><in_Quantity.quantity>0.000000</in_Quantity.quantity><out_Quantity.quantity>520.501626</out_Quantity.quantity></Point><Point><position>1418</position><in_Quantity.quantity>0.000000</in_Quantity.quantity><out_Quantity.quantity>113.753609</out_Quantity.quantity></Point><Point><position>1419</position><in_Quantity.quantity>0.000000</in_Quantity.quantity><out_Quantity.quantity>105.753855</out_Quantity.quantity></Point><Point><position>1420</position><in_Quantity.quantity>0.000000</in_Quantity.quantity><out_Quantity.quantity>30.056549</out_Quantity.quantity></Point><Point><position>1421</position><in_Quantity.quantity>0.000000</in_Quantity.quantity><out_Quantity.quantity>331.492611</out_Quantity.quantity></Point><Point><position>1422</position><in_Quantity.quantity>0.000000</in_Quantity.quantity><out_Quantity.quantity>296.717332</out_Quantity.quantity></Point><Point><position>1423</position><in_Quantity.quantity>0.000000</in_Quantity.quantity><out_Quantity.quantity>468.580614</out_Quantity.quantity></Point><Point><position>1424</position><in_Quantity.quantity>0.000000</in_Quantity.quantity><out_Quantity.quantity>691.258994</out_Quantity.quantity></Point><Point><position>1425</position><in_Quantity.quantity>0.000000</in_Quantity.quantity><out_Quantity.quantity>443.472426</out_Quantity.quantity></Point><Point><position>1426</position><in_Quantity.quantity>0.000000</in_Quantity.quantity><out_Quantity.quantity>94.967609</out_Quantity.quantity></Point><Point><position>1427</position><in_Quantity.quantity>0.000000</in_Quantity.quantity><out_Quantity.quantity>887.813627</out_Quantity.quantity></Point><Point><position>1428</position><in_Quantity.quantity>0.000000</in_Quantity.quantity><out_Quantity.quantity>816.558513</out_Quantity.quantity></Point><Point><position>1429</position><in_Quantity.quantity>0.000000</in_Quantity.quantity><out_Quantity.quantity>393.600010</out_Quantity.quantity></Point><Point><position>1430</position><in_Quantity.quantity>0.000000</in_Quantity.quantity><out_Quantity.quantity>374.587636</out_Quantity.quantity></Point><Point><position>1431</position><in_Quantity.quantity>0.000000</in_Quantity.quantity><out_Quantity.quantity>100.989166</out_Quantity.quantity></Point><Point><position>1432</position><in_Quantity.quantity>0.000000</in_Quantity.quantity><out_Quantity.quantity>841.716760</out_Quantity.quantity></Point><Point><position>1433</position><in_Quantity.quantity>0.000000</in_Quantity.quantity><out_Quantity.quantity>848.069543</out_Quantity.quantity></Point><Point><position>1434</position><in_Quantity.quantity>0.000000</in_Quantity.quantity><out_Quantity.quantity>4.201531</out_Quantity.quantity></Point><Point><position>1435</position><in_Quantity.quantity>0.000000</in_Quantity.quantity><out_Quantity.quantity>258.787556</out_Quantity.quantity></Point><Point><position>1436</position><in_Quantity.quantity>0.000000</in_Quantity.quantity><out_Quantity.quantity>10.431306</out_Quantity.quantity></Point><Point><position>1437</position><in_Quantity.quantity>0.000000</in_Quantity.quantity><out_Quantity.quantity>75.067467</out_Quantity.quantity></Point><Point><position>1438</position><in_Quantity.quantity>0.000000</in_Quantity.quantity><out_Quantity.quantity>92.335479</out_Quantity.quantity></Point><Point><position>1439</position><in_Quantity.quantity>0.000000</in_Quantity.quantity><out_Quantity.quantity>963.562317</out_Quantity.quantity></Point><Point><position>1440</position><in_Quantity.quantity>0.000000</in_Quantity.quantity><out_Quantity.quantity>743.629237</out_Quantity.quantity></Point><Point><position>1441</position><in_Quantity.quantity>0.000000</in_Quantity.quantity><out_Quantity.quantity>91.181961</out_Quantity.quantity></Point><Point><position>1442</position><in_Quantity.quantity>0.000000</in_Quantity.quantity><out_Quantity.quantity>249.958626</out_Quantity.quantity></Point><Point><position>1443</position><in_Quantity.quantity>0.000000</in_Quantity.quantity><out_Quantity.quantity>904.505185</out_Quantity.quantity></Point><Point><position>1444</position><in_Quantity.quantity>0.000000</in_Quantity.quantity><out_Quantity.quantity>342.301381</out_Quantity.quantity></Point><Point><position>1445</position><in_Quantity.quantity>0.000000</in_Quantity.quantity><out_Quantity.quantity>664.380516</out_Quantity.quantity></Point><Point><position>1446</position><in_Quantity.quantity>0.000000</in_Quantity.quantity><out_Quantity.quantity>983.146614</out_Quantity.quantity></Point><Point><position>1447</position><in_Quantity.quantity>0.000000</in_Quantity.quantity><out_Quantity.quantity>533.468759</out_Quantity.quantity></Point><Point><position>1448</position><in_Quantity.quantity>0.000000</in_Quantity.quantity><out_Quantity.quantity>664.422917</out_Quantity.quantity></Point><Point><position>1449</position><in_Quantity.quantity>0.000000</in_Quantity.quantity><out_Quantity.quantity>610.871315</out_Quantity.quantity></Point><Point><position>1450</position><in_Quantity.quantity>0.000000</in_Quantity.quantity><out_Quantity.quantity>237.905556</out_Quantity.quantity></Point><Point><position>1451</position><in_Quantity.quantity>0.000000</in_Quantity.quantity><out_Quantity.quantity>513.262651</out_Quantity.quantity></Point><Point><position>1452</position><in_Quantity.quantity>0.000000</in_Quantity.quantity><out_Quantity.quantity>208.064933</out_Quantity.quantity></Point><Point><position>1453</position><in_Quantity.quantity>0.000000</in_Quantity.quantity><out_Quantity.quantity>157.503493</out_Quantity.quantity></Point><Point><position>1454</position><in_Quantity.quantity>0.000000</in_Quantity.quantity><out_Quantity.quantity>292.741457</out_Quantity.quantity></Point><Point><position>1455</position><in_Quantity.quantity>0.000000</in_Quantity.quantity><out_Quantity.quantity>702.113770</out_Quantity.quantity></Point><Point><position>1456</position><in_Quantity.quantity>0.000000</in_Quantity.quantity><out_Quantity.quantity>807.180464</out_Quantity.quantity></Point><Point><position>1457</position><in_Quantity.quantity>0.000000</in_Quantity.quantity><out_Quantity.quantity>40.989763</out_Quantity.quantity></Point><Point><position>1458</position><in_Quantity.quantity>0.000000</in_Quantity.quantity><out_Quantity.quantity>614.869562</out_Quantity.quantity></Point><Point><position>1459</position><in_Quantity.quantity>0.000000</in_Quantity.quantity><out_Quantity.quantity>393.130044</out_Quantity.quantity></Point><Point><position>1460</position><in_Quantity.quantity>0.000000</in_Quantity.quantity><out_Quantity.quantity>687.921118</out_Quantity.quantity></Point><Point><position>1461</position><in_Quantity.quantity>0.000000</in_Quantity.quantity><out_Quantity.quantity>355.566940</out_Quantity.quantity></Point><Point><position>1462</position><in_Quantity.quantity>0.000000</in_Quantity.quantity><out_Quantity.quantity>198.967883</out_Quantity.quantity></Point><Point><position>1463</position><in_Quantity.quantity>0.000000</in_Quantity.quantity><out_Quantity.quantity>141.347748</out_Quantity.quantity></Point><Point><position>1464</position><in_Quantity.quantity>0.000000</in_Quantity.quantity><out_Quantity.quantity>846.123280</out_Quantity.quantity></Point><Point><position>1465</position><in_Quantity.quantity>0.000000</in_Quantity.quantity><out_Quantity.quantity>113.879593</out_Quantity.quantity></Point><Point><position>1466</position><in_Quantity.quantity>0.000000</in_Quantity.quantity><out_Quantity.quantity>343.052611</out_Quantity.quantity></Point><Point><position>1467</position><in_Quantity.quantity>0.000000</in_Quantity.quantity><out_Quantity.quantity>632.126808</out_Quantity.quantity></Point><Point><position>1468</position><in_Quantity.quantity>0.000000</in_Quantity.quantity><out_Quantity.quantity>552.709230</out_Quantity.quantity></Point><Point><position>1469</position><in_Quantity.quantity>0.000000</in_Quantity.quantity><out_Quantity.quantity>115.255406</out_Quantity.quantity></Point><Point><position>1470</position><in_Quantity.quantity>0.000000</in_Quantity.quantity><out_Quantity.quantity>830.198906</out_Quantity.quantity></Point><Point><position>1471</position><in_Quantity.quantity>0.000000</in_Quantity.quantity><out_Quantity.quantity>591.466055</out_Quantity.quantity></Point><Point><position>1472</position><in_Quantity.quantity>0.000000</in_Quantity.quantity><out_Quantity.quantity>135.897145</out_Quantity.quantity></Point><Point><position>1473</position><in_Quantity.quantity>0.000000</in_Quantity.quantity><out_Quantity.quantity>829.399670</out_Quantity.quantity></Point><Point><position>1474</position><in_Quantity.quantity>0.000000</in_Quantity.quantity><out_Quantity.quantity>651.818882</out_Quantity.quantity></Point><Point><position>1475</position><in_Quantity.quantity>0.000000</in_Quantity.quantity><out_Quantity.quantity>185.695389</out_Quantity.quantity></Point><Point><position>1476</position><in_Quantity.quantity>0.000000</in_Quantity.quantity><out_Quantity.quantity>635.840013</out_Quantity.quantity></Point><Point><position>1477</position><in_Quantity.quantity>0.000000</in_Quantity.quantity><out_Quantity.quantity>905.480446</out_Quantity.quantity></Point><Point><position>1478</position><in_Quantity.quantity>0.000000</in_Quantity.quantity><out_Quantity.quantity>280.165256</out_Quantity.quantity></Point><Point><position>1479</position><in_Quantity.quantity>0.000000</in_Quantity.quantity><out_Quantity.quantity>112.885587</out_Quantity.quantity></Point><Point><position>1480</position><in_Quantity.quantity>0.000000</in_Quantity.quantity><out_Quantity.quantity>952.342923</out_Quantity.quantity></Point><Point><position>1481</position><in_Quantity.quantity>0.000000</in_Quantity.quantity><out_Quantity.quantity>889.200003</out_Quantity.quantity></Point><Point><position>1482</position><in_Quantity.quantity>0.000000</in_Quantity.quantity><out_Quantity.quantity>481.555155</out_Quantity.quantity></Point><Point><position>1483</position><in_Quantity.quantity>0.000000</in_Quantity.quantity><out_Quantity.quantity>274.782813</out_Quantity.quantity></Point><Point><position>1484</position><in_Quantity.quantity>0.000000</in_Quantity.quantity><out_Quantity.quantity>268.318301</out_Quantity.quantity></Point><Point><position>1485</position><in_Quantity.quantity>0.000000</in_Quantity.quantity><out_Quantity.quantity>308.688656</out_Quantity.quantity></Point><Point><position>1486</position><in_Quantity.quantity>0.000000</in_Quantity.quantity><out_Quantity.quantity>661.197087</out_Quantity.quantity></Point><Point><position>1487</position><in_Quantity.quantity>0.000000</in_Quantity.quantity><out_Quantity.quantity>707.229635</out_Quantity.quantity></Point><Point><position>1488</position><in_Quantity.quantity>0.000000</in_Quantity.quantity><out_Quantity.quantity>941.395497</out_Quantity.quantity></Point><Point><position>1489</position><in_Quantity.quantity>0.000000</in_Quantity.quantity><out_Quantity.quantity>127.900351</out_Quantity.quantity></Point><Point><position>1490</position><in_Quantity.quantity>0.000000</in_Quantity.quantity><out_Quantity.quantity>795.049685</out_Quantity.quantity></Point><Point><position>1491</position><in_Quantity.quantity>0.000000</in_Quantity.quantity><out_Quantity.quantity>567.902652</out_Quantity.quantity></Point><Point><position>1492</position><in_Quantity.quantity>0.000000</in_Quantity.quantity><out_Quantity.quantity>681.835392</out_Quantity.quantity></Point><Point><position>1493</position><in_Quantity.quantity>0.000000</in_Quantity.quantity><out_Quantity.quantity>645.426551</out_Quantity.quantity></Point><Point><position>1494</position><in_Quantity.quantity>0.000000</in_Quantity.quantity><out_Quantity.quantity>768.776747</out_Quantity.quantity></Point><Point><position>1495</position><in_Quantity.quantity>0.000000</in_Quantity.quantity><out_Quantity.quantity>583.507029</out_Quantity.quantity></Point><Point><position>1496</position><in_Quantity.quantity>0.000000</in_Quantity.quantity><out_Quantity.quantity>471.338803</out_Quantity.quantity></Point><Point><position>1497</position><in_Quantity.quantity>0.000000</in_Quantity.quantity><out_Quantity.quantity>468.785615</out_Quantity.quantity></Point><Point><position>1498</position><in_Quantity.quantity>0.000000</in_Quantity.quantity><out_Quantity.quantity>736.216482</out_Quantity.quantity></Point><Point><position>1499</position><in_Quantity.quantity>0.000000</in_Quantity.quantity><out_Quantity.quantity>115.960285</out_Quantity.quantity></Point><Point><position>1500</position><in_Quantity.quantity>0.000000</in_Quantity.quantity><out_Quantity.quantity>45.202282</out_Quantity.quantity></Point><Point><position>1501</position><in_Quantity.quantity>0.000000</in_Quantity.quantity><out_Quantity.quantity>788.092315</out_Quantity.quantity></Point><Point><position>1502</position><in_Quantity.quantity>0.000000</in_Quantity.quantity><out_Quantity.quantity>685.502491</out_Quantity.quantity></Point><Point><position>1503</position><in_Quantity.quantity>0.000000</in_Quantity.quantity><out_Quantity.quantity>557.750874</out_Quantity.quantity></Point><Point><position>1504</position><in_Quantity.quantity>0.000000</in_Quantity.quantity><out_Quantity.quantity>162.725467</out_Quantity.quantity></Point><Point><position>1505</position><in_Quantity.quantity>0.000000</in_Quantity.quantity><out_Quantity.quantity>59.220487</out_Quantity.quantity></Point><Point><position>1506</position><in_Quantity.quantity>0.000000</in_Quantity.quantity><out_Quantity.quantity>66.972403</out_Quantity.quantity></Point><Point><position>1507</position><in_Quantity.quantity>0.000000</in_Quantity.quantity><out_Quantity.quantity>37.961713</out_Quantity.quantity></Point><Point><position>1508</position><in_Quantity.quantity>0.000000</in_Quantity.quantity><out_Quantity.quantity>470.566053</out_Quantity.quantity></Point><Point><position>1509</position><in_Quantity.quantity>0.000000</in_Quantity.quantity><out_Quantity.quantity>747.016896</out_Quantity.quantity></Point><Point><position>1510</position><in_Quantity.quantity>0.000000</in_Quantity.quantity><out_Quantity.quantity>505.712207</out_Quantity.quantity></Point><Point><position>1511</position><in_Quantity.quantity>0.000000</in_Quantity.quantity><out_Quantity.quantity>928.949231</out_Quantity.quantity></Point><Point><position>1512</position><in_Quantity.quantity>0.000000</in_Quantity.quantity><out_Quantity.quantity>184.940529</out_Quantity.quantity></Point><Point><position>1513</position><in_Quantity.quantity>0.000000</in_Quantity.quantity><out_Quantity.quantity>580.985879</out_Quantity.quantity></Point><Point><position>1514</position><in_Quantity.quantity>0.000000</in_Quantity.quantity><out_Quantity.quantity>147.892135</out_Quantity.quantity></Point><Point><position>1515</position><in_Quantity.quantity>0.000000</in_Quantity.quantity><out_Quantity.quantity>46.769116</out_Quantity.quantity></Point><Point><position>1516</position><in_Quantity.quantity>0.000000</in_Quantity.quantity><out_Quantity.quantity>139.312875</out_Quantity.quantity></Point><Point><position>1517</position><in_Quantity.quantity>0.000000</in_Quantity.quantity><out_Quantity.quantity>402.363188</out_Quantity.quantity></Point><Point><position>1518</position><in_Quantity.quantity>0.000000</in_Quantity.quantity><out_Quantity.quantity>557.969076</out_Quantity.quantity></Point><Point><position>1519</position><in_Quantity.quantity>0.000000</in_Quantity.quantity><out_Quantity.quantity>455.933447</out_Quantity.quantity></Point><Point><position>1520</position><in_Quantity.quantity>0.000000</in_Quantity.quantity><out_Quantity.quantity>680.182500</out_Quantity.quantity></Point><Point><position>1521</position><in_Quantity.quantity>0.000000</in_Quantity.quantity><out_Quantity.quantity>466.491449</out_Quantity.quantity></Point><Point><position>1522</position><in_Quantity.quantity>0.000000</in_Quantity.quantity><out_Quantity.quantity>111.358667</out_Quantity.quantity></Point><Point><position>1523</position><in_Quantity.quantity>0.000000</in_Quantity.quantity><out_Quantity.quantity>516.416197</out_Quantity.quantity></Point><Point><position>1524</position><in_Quantity.quantity>0.000000</in_Quantity.quantity><out_Quantity.quantity>2.710292</out_Quantity.quantity></Point><Point><position>1525</position><in_Quantity.quantity>0.000000</in_Quantity.quantity><out_Quantity.quantity>672.422759</out_Quantity.quantity></Point><Point><position>1526</position><in_Quantity.quantity>0.000000</in_Quantity.quantity><out_Quantity.quantity>659.771835</out_Quantity.quantity></Point><Point><position>1527</position><in_Quantity.quantity>0.000000</in_Quantity.quantity><out_Quantity.quantity>435.599773</out_Quantity.quantity></Point><Point><position>1528</position><in_Quantity.quantity>0.000000</in_Quantity.quantity><out_Quantity.quantity>725.203191</out_Quantity.quantity></Point><Point><position>1529</position><in_Quantity.quantity>0.000000</in_Quantity.quantity><out_Quantity.quantity>671.473309</out_Quantity.quantity></Point><Point><position>1530</position><in_Quantity.quantity>0.000000</in_Quantity.quantity><out_Quantity.quantity>12.176716</out_Quantity.quantity></Point><Point><position>1531</position><in_Quantity.quantity>0.000000</in_Quantity.quantity><out_Quantity.quantity>48.552215</out_Quantity.quantity></Point><Point><position>1532</position><in_Quantity.quantity>0.000000</in_Quantity.quantity><out_Quantity.quantity>266.985657</out_Quantity.quantity></Point><Point><position>1533</position><in_Quantity.quantity>0.000000</in_Quantity.quantity><out_Quantity.quantity>168.977058</out_Quantity.quantity></Point><Point><position>1534</position><in_Quantity.quantity>0.000000</in_Quantity.quantity><out_Quantity.quantity>888.431505</out_Quantity.quantity></Point><Point><position>1535</position><in_Quantity.quantity>0.000000</in_Quantity.quantity><out_Quantity.quantity>683.562520</out_Quantity.quantity></Point><Point><position>1536</position><in_Quantity.quantity>0.000000</in_Quantity.quantity><out_Quantity.quantity>365.470162</out_Quantity.quantity></Point><Point><position>1537</position><in_Quantity.quantity>0.000000</in_Quantity.quantity><out_Quantity.quantity>66.101196</out_Quantity.quantity></Point><Point><position>1538</position><in_Quantity.quantity>0.000000</in_Quantity.quantity><out_Quantity.quantity>19.204883</out_Quantity.quantity></Point><Point><position>1539</position><in_Quantity.quantity>0.000000</in_Quantity.quantity><out_Quantity.quantity>549.804352</out_Quantity.quantity></Point><Point><position>1540</position><in_Quantity.quantity>0.000000</in_Quantity.quantity><out_Quantity.quantity>410.004375</out_Quantity.quantity></Point><Point><position>1541</position><in_Quantity.quantity>0.000000</in_Quantity.quantity><out_Quantity.quantity>307.533906</out_Quantity.quantity></Point><Point><position>1542</position><in_Quantity.quantity>0.000000</in_Quantity.quantity><out_Quantity.quantity>454.429073</out_Quantity.quantity></Point><Point><position>1543</position><in_Quantity.quantity>0.000000</in_Quantity.quantity><out_Quantity.quantity>903.972346</out_Quantity.quantity></Point><Point><position>1544</position><in_Quantity.quantity>0.000000</in_Quantity.quantity><out_Quantity.quantity>546.086135</out_Quantity.quantity></Point><Point><position>1545</position><in_Quantity.quantity>0.000000</in_Quantity.quantity><out_Quantity.quantity>36.946593</out_Quantity.quantity></Point><Point><position>1546</position><in_Quantity.quantity>0.000000</in_Quantity.quantity><out_Quantity.quantity>473.012842</out_Quantity.quantity></Point><Point><position>1547</position><in_Quantity.quantity>0.000000</in_Quantity.quantity><out_Quantity.quantity>268.392483</out_Quantity.quantity></Point><Point><position>1548</position><in_Quantity.quantity>0.000000</in_Quantity.quantity><out_Quantity.quantity>719.710935</out_Quantity.quantity></Point><Point><position>1549</position><in_Quantity.quantity>0.000000</in_Quantity.quantity><out_Quantity.quantity>41.073872</out_Quantity.quantity></Point><Point><position>1550</position><in_Quantity.quantity>0.000000</in_Quantity.quantity><out_Quantity.quantity>49.971937</out_Quantity.quantity></Point><Point><position>1551</position><in_Quantity.quantity>0.000000</in_Quantity.quantity><out_Quantity.quantity>354.844309</out_Quantity.quantity></Point><Point><position>1552</position><in_Quantity.quantity>0.000000</in_Quantity.quantity><out_Quantity.quantity>322.947279</out_Quantity.quantity></Point><Point><position>1553</position><in_Quantity.quantity>0.000000</in_Quantity.quantity><out_Quantity.quantity>471.433440</out_Quantity.quantity></Point><Point><position>1554</position><in_Quantity.quantity>0.000000</in_Quantity.quantity><out_Quantity.quantity>331.703021</out_Quantity.quantity></Point><Point><position>1555</position><in_Quantity.quantity>0.000000</in_Quantity.quantity><out_Quantity.quantity>896.025726</out_Quantity.quantity></Point><Point><position>1556</position><in_Quantity.quantity>0.000000</in_Quantity.quantity><out_Quantity.quantity>690.997795</out_Quantity.quantity></Point><Point><position>1557</position><in_Quantity.quantity>0.000000</in_Quantity.quantity><out_Quantity.quantity>586.615583</out_Quantity.quantity></Point><Point><position>1558</position><in_Quantity.quantity>0.000000</in_Quantity.quantity><out_Quantity.quantity>988.805417</out_Quantity.quantity></Point><Point><position>1559</position><in_Quantity.quantity>0.000000</in_Quantity.quantity><out_Quantity.quantity>165.656412</out_Quantity.quantity></Point><Point><position>1560</position><in_Quantity.quantity>0.000000</in_Quantity.quantity><out_Quantity.quantity>852.030286</out_Quantity.quantity></Point><Point><position>1561</position><in_Quantity.quantity>0.000000</in_Quantity.quantity><out_Quantity.quantity>878.892312</out_Quantity.quantity></Point><Point><position>1562</position><in_Quantity.quantity>0.000000</in_Quantity.quantity><out_Quantity.quantity>556.119239</out_Quantity.quantity></Point><Point><position>1563</position><in_Quantity.quantity>0.000000</in_Quantity.quantity><out_Quantity.quantity>824.898912</out_Quantity.quantity></Point><Point><position>1564</position><in_Quantity.quantity>0.000000</in_Quantity.quantity><out_Quantity.quantity>767.821238</out_Quantity.quantity></Point><Point><position>1565</position><in_Quantity.quantity>0.000000</in_Quantity.quantity><out_Quantity.quantity>102.205944</out_Quantity.quantity></Point><Point><position>1566</position><in_Quantity.quantity>0.000000</in_Quantity.quantity><out_Quantity.quantity>188.796622</out_Quantity.quantity></Point><Point><position>1567</position><in_Quantity.quantity>0.000000</in_Quantity.quantity><out_Quantity.quantity>451.955499</out_Quantity.quantity></Point><Point><position>1568</position><in_Quantity.quantity>0.000000</in_Quantity.quantity><out_Quantity.quantity>403.107003</out_Quantity.quantity></Point><Point><position>1569</position><in_Quantity.quantity>0.000000</in_Quantity.quantity><out_Quantity.quantity>115.092796</out_Quantity.quantity></Point><Point><position>1570</position><in_Quantity.quantity>0.000000</in_Quantity.quantity><out_Quantity.quantity>214.152273</out_Quantity.quantity></Point><Point><position>1571</position><in_Quantity.quantity>0.000000</in_Quantity.quantity><out_Quantity.quantity>706.465901</out_Quantity.quantity></Point><Point><position>1572</position><in_Quantity.quantity>0.000000</in_Quantity.quantity><out_Quantity.quantity>194.373314</out_Quantity.quantity></Point><Point><position>1573</position><in_Quantity.quantity>0.000000</in_Quantity.quantity><out_Quantity.quantity>35.106698</out_Quantity.quantity></Point><Point><position>1574</position><in_Quantity.quantity>0.000000</in_Quantity.quantity><out_Quantity.quantity>455.478256</out_Quantity.quantity></Point><Point><position>1575</position><in_Quantity.quantity>0.000000</in_Quantity.quantity><out_Quantity.quantity>745.809592</out_Quantity.quantity></Point><Point><position>1576</position><in_Quantity.quantity>0.000000</in_Quantity.quantity><out_Quantity.quantity>104.238375</out_Quantity.quantity></Point><Point><position>1577</position><in_Quantity.quantity>0.000000</in_Quantity.quantity><out_Quantity.quantity>417.133054</out_Quantity.quantity></Point><Point><position>1578</position><in_Quantity.quantity>0.000000</in_Quantity.quantity><out_Quantity.quantity>328.737599</out_Quantity.quantity></Point><Point><position>1579</position><in_Quantity.quantity>0.000000</in_Quantity.quantity><out_Quantity.quantity>470.844654</out_Quantity.quantity></Point><Point><position>1580</position><in_Quantity.quantity>0.000000</in_Quantity.quantity><out_Quantity.quantity>800.702262</out_Quantity.quantity></Point><Point><position>1581</position><in_Quantity.quantity>0.000000</in_Quantity.quantity><out_Quantity.quantity>158.840044</out_Quantity.quantity></Point><Point><position>1582</position><in_Quantity.quantity>0.000000</in_Quantity.quantity><out_Quantity.quantity>694.880059</out_Quantity.quantity></Point><Point><position>1583</position><in_Quantity.quantity>0.000000</in_Quantity.quantity><out_Quantity.quantity>831.096473</out_Quantity.quantity></Point><Point><position>1584</position><in_Quantity.quantity>0.000000</in_Quantity.quantity><out_Quantity.quantity>45.142105</out_Quantity.quantity></Point><Point><position>1585</position><in_Quantity.quantity>0.000000</in_Quantity.quantity><out_Quantity.quantity>73.106228</out_Quantity.quantity></Point><Point><position>1586</position><in_Quantity.quantity>0.000000</in_Quantity.quantity><out_Quantity.quantity>493.398035</out_Quantity.quantity></Point><Point><position>1587</position><in_Quantity.quantity>0.000000</in_Quantity.quantity><out_Quantity.quantity>828.261243</out_Quantity.quantity></Point><Point><position>1588</position><in_Quantity.quantity>0.000000</in_Quantity.quantity><out_Quantity.quantity>883.285825</out_Quantity.quantity></Point><Point><position>1589</position><in_Quantity.quantity>0.000000</in_Quantity.quantity><out_Quantity.quantity>603.726605</out_Quantity.quantity></Point><Point><position>1590</position><in_Quantity.quantity>0.000000</in_Quantity.quantity><out_Quantity.quantity>380.078255</out_Quantity.quantity></Point><Point><position>1591</position><in_Quantity.quantity>0.000000</in_Quantity.quantity><out_Quantity.quantity>145.083575</out_Quantity.quantity></Point><Point><position>1592</position><in_Quantity.quantity>0.000000</in_Quantity.quantity><out_Quantity.quantity>152.287648</out_Quantity.quantity></Point><Point><position>1593</position><in_Quantity.quantity>0.000000</in_Quantity.quantity><out_Quantity.quantity>281.367466</out_Quantity.quantity></Point><Point><position>1594</position><in_Quantity.quantity>0.000000</in_Quantity.quantity><out_Quantity.quantity>157.114783</out_Quantity.quantity></Point><Point><position>1595</position><in_Quantity.quantity>0.000000</in_Quantity.quantity><out_Quantity.quantity>714.063389</out_Quantity.quantity></Point><Point><position>1596</position><in_Quantity.quantity>0.000000</in_Quantity.quantity><out_Quantity.quantity>572.408253</out_Quantity.quantity></Point><Point><position>1597</position><in_Quantity.quantity>0.000000</in_Quantity.quantity><out_Quantity.quantity>508.357180</out_Quantity.quantity></Point><Point><position>1598</position><in_Quantity.quantity>0.000000</in_Quantity.quantity><out_Quantity.quantity>843.093551</out_Quantity.quantity></Point><Point><position>1599</position><in_Quantity.quantity>0.000000</in_Quantity.quantity><out_Quantity.quantity>970.619363</out_Quantity.quantity></Point><Point><position>1600</position><in_Quantity.quantity>0.000000</in_Quantity.quantity><out_Quantity.quantity>702.151836</out_Quantity.quantity></Point><Point><position>1601</position><in_Quantity.quantity>0.000000</in_Quantity.quantity><out_Quantity.quantity>59.322260</out_Quantity.quantity></Point><Point><position>1602</position><in_Quantity.quantity>0.000000</in_Quantity.quantity><out_Quantity.quantity>72.004810</out_Quantity.quantity></Point><Point><position>1603</position><in_Quantity.quantity>0.000000</in_Quantity.quantity><out_Quantity.quantity>860.660934</out_Quantity.quantity></Point><Point><position>1604</position><in_Quantity.quantity>0.000000</in_Quantity.quantity><out_Quantity.quantity>158.566159</out_Quantity.quantity></Point><Point><position>1605</position><in_Quantity.quantity>0.000000</in_Quantity.quantity><out_Quantity.quantity>246.000505</out_Quantity.quantity></Point><Point><position>1606</position><in_Quantity.quantity>0.000000</in_Quantity.quantity><out_Quantity.quantity>136.530199</out_Quantity.quantity></Point><Point><position>1607</position><in_Quantity.quantity>0.000000</in_Quantity.quantity><out_Quantity.quantity>857.436184</out_Quantity.quantity></Point><Point><position>1608</position><in_Quantity.quantity>0.000000</in_Quantity.quantity><out_Quantity.quantity>396.472360</out_Quantity.quantity></Point><Point><position>1609</position><in_Quantity.quantity>0.000000</in_Quantity.quantity><out_Quantity.quantity>832.232204</out_Quantity.quantity></Point><Point><position>1610</position><in_Quantity.quantity>0.000000</in_Quantity.quantity><out_Quantity.quantity>482.940775</out_Quantity.quantity></Point><Point><position>1611</position><in_Quantity.quantity>0.000000</in_Quantity.quantity><out_Quantity.quantity>177.198320</out_Quantity.quantity></Point><Point><position>1612</position><in_Quantity.quantity>0.000000</in_Quantity.quantity><out_Quantity.quantity>654.468369</out_Quantity.quantity></Point><Point><position>1613</position><in_Quantity.quantity>0.000000</in_Quantity.quantity><out_Quantity.quantity>548.404893</out_Quantity.quantity></Point><Point><position>1614</position><in_Quantity.quantity>0.000000</in_Quantity.quantity><out_Quantity.quantity>106.146254</out_Quantity.quantity></Point><Point><position>1615</position><in_Quantity.quantity>0.000000</in_Quantity.quantity><out_Quantity.quantity>968.663120</out_Quantity.quantity></Point><Point><position>1616</position><in_Quantity.quantity>0.000000</in_Quantity.quantity><out_Quantity.quantity>833.238775</out_Quantity.quantity></Point><Point><position>1617</position><in_Quantity.quantity>0.000000</in_Quantity.quantity><out_Quantity.quantity>221.857500</out_Quantity.quantity></Point><Point><position>1618</position><in_Quantity.quantity>0.000000</in_Quantity.quantity><out_Quantity.quantity>140.380944</out_Quantity.quantity></Point><Point><position>1619</position><in_Quantity.quantity>0.000000</in_Quantity.quantity><out_Quantity.quantity>291.300143</out_Quantity.quantity></Point><Point><position>1620</position><in_Quantity.quantity>0.000000</in_Quantity.quantity><out_Quantity.quantity>562.383022</out_Quantity.quantity></Point><Point><position>1621</position><in_Quantity.quantity>0.000000</in_Quantity.quantity><out_Quantity.quantity>233.629633</out_Quantity.quantity></Point><Point><position>1622</position><in_Quantity.quantity>0.000000</in_Quantity.quantity><out_Quantity.quantity>652.561380</out_Quantity.quantity></Point><Point><position>1623</position><in_Quantity.quantity>0.000000</in_Quantity.quantity><out_Quantity.quantity>650.797779</out_Quantity.quantity></Point><Point><position>1624</position><in_Quantity.quantity>0.000000</in_Quantity.quantity><out_Quantity.quantity>713.720763</out_Quantity.quantity></Point><Point><position>1625</position><in_Quantity.quantity>0.000000</in_Quantity.quantity><out_Quantity.quantity>719.647688</out_Quantity.quantity></Point><Point><position>1626</position><in_Quantity.quantity>0.000000</in_Quantity.quantity><out_Quantity.quantity>282.649693</out_Quantity.quantity></Point><Point><position>1627</position><in_Quantity.quantity>0.000000</in_Quantity.quantity><out_Quantity.quantity>150.039958</out_Quantity.quantity></Point><Point><position>1628</position><in_Quantity.quantity>0.000000</in_Quantity.quantity><out_Quantity.quantity>598.860102</out_Quantity.quantity></Point><Point><position>1629</position><in_Quantity.quantity>0.000000</in_Quantity.quantity><out_Quantity.quantity>936.931006</out_Quantity.quantity></Point><Point><position>1630</position><in_Quantity.quantity>0.000000</in_Quantity.quantity><out_Quantity.quantity>325.382386</out_Quantity.quantity></Point><Point><position>1631</position><in_Quantity.quantity>0.000000</in_Quantity.quantity><out_Quantity.quantity>964.472030</out_Quantity.quantity></Point><Point><position>1632</position><in_Quantity.quantity>0.000000</in_Quantity.quantity><out_Quantity.quantity>150.134928</out_Quantity.quantity></Point><Point><position>1633</position><in_Quantity.quantity>0.000000</in_Quantity.quantity><out_Quantity.quantity>278.281486</out_Quantity.quantity></Point><Point><position>1634</position><in_Quantity.quantity>0.000000</in_Quantity.quantity><out_Quantity.quantity>997.456753</out_Quantity.quantity></Point><Point><position>1635</position><in_Quantity.quantity>0.000000</in_Quantity.quantity><out_Quantity.quantity>435.757217</out_Quantity.quantity></Point><Point><position>1636</position><in_Quantity.quantity>0.000000</in_Quantity.quantity><out_Quantity.quantity>254.726970</out_Quantity.quantity></Point><Point><position>1637</position><in_Quantity.quantity>0.000000</in_Quantity.quantity><out_Quantity.quantity>143.924659</out_Quantity.quantity></Point><Point><position>1638</position><in_Quantity.quantity>0.000000</in_Quantity.quantity><out_Quantity.quantity>815.772570</out_Quantity.quantity></Point><Point><position>1639</position><in_Quantity.quantity>0.000000</in_Quantity.quantity><out_Quantity.quantity>839.222191</out_Quantity.quantity></Point><Point><position>1640</position><in_Quantity.quantity>0.000000</in_Quantity.quantity><out_Quantity.quantity>233.455521</out_Quantity.quantity></Point><Point><position>1641</position><in_Quantity.quantity>0.000000</in_Quantity.quantity><out_Quantity.quantity>727.967126</out_Quantity.quantity></Point><Point><position>1642</position><in_Quantity.quantity>0.000000</in_Quantity.quantity><out_Quantity.quantity>385.266898</out_Quantity.quantity></Point><Point><position>1643</position><in_Quantity.quantity>0.000000</in_Quantity.quantity><out_Quantity.quantity>505.180718</out_Quantity.quantity></Point><Point><position>1644</position><in_Quantity.quantity>0.000000</in_Quantity.quantity><out_Quantity.quantity>0.616151</out_Quantity.quantity></Point><Point><position>1645</position><in_Quantity.quantity>0.000000</in_Quantity.quantity><out_Quantity.quantity>106.350747</out_Quantity.quantity></Point><Point><position>1646</position><in_Quantity.quantity>0.000000</in_Quantity.quantity><out_Quantity.quantity>635.417704</out_Quantity.quantity></Point><Point><position>1647</position><in_Quantity.quantity>0.000000</in_Quantity.quantity><out_Quantity.quantity>622.134090</out_Quantity.quantity></Point><Point><position>1648</position><in_Quantity.quantity>0.000000</in_Quantity.quantity><out_Quantity.quantity>241.533336</out_Quantity.quantity></Point><Point><position>1649</position><in_Quantity.quantity>0.000000</in_Quantity.quantity><out_Quantity.quantity>242.681984</out_Quantity.quantity></Point><Point><position>1650</position><in_Quantity.quantity>0.000000</in_Quantity.quantity><out_Quantity.quantity>325.293919</out_Quantity.quantity></Point><Point><position>1651</position><in_Quantity.quantity>0.000000</in_Quantity.quantity><out_Quantity.quantity>57.611066</out_Quantity.quantity></Point><Point><position>1652</position><in_Quantity.quantity>0.000000</in_Quantity.quantity><out_Quantity.quantity>217.476994</out_Quantity.quantity></Point><Point><position>1653</position><in_Quantity.quantity>0.000000</in_Quantity.quantity><out_Quantity.quantity>131.408522</out_Quantity.quantity></Point><Point><position>1654</position><in_Quantity.quantity>0.000000</in_Quantity.quantity><out_Quantity.quantity>781.760866</out_Quantity.quantity></Point><Point><position>1655</position><in_Quantity.quantity>0.000000</in_Quantity.quantity><out_Quantity.quantity>650.537718</out_Quantity.quantity></Point><Point><position>1656</position><in_Quantity.quantity>0.000000</in_Quantity.quantity><out_Quantity.quantity>541.143762</out_Quantity.quantity></Point><Point><position>1657</position><in_Quantity.quantity>0.000000</in_Quantity.quantity><out_Quantity.quantity>472.229308</out_Quantity.quantity></Point><Point><position>1658</position><in_Quantity.quantity>0.000000</in_Quantity.quantity><out_Quantity.quantity>880.911293</out_Quantity.quantity></Point><Point><position>1659</position><in_Quantity.quantity>0.000000</in_Quantity.quantity><out_Quantity.quantity>615.843797</out_Quantity.quantity></Point><Point><position>1660</position><in_Quantity.quantity>0.000000</in_Quantity.quantity><out_Quantity.quantity>959.614678</out_Quantity.quantity></Point><Point><position>1661</position><in_Quantity.quantity>0.000000</in_Quantity.quantity><out_Quantity.quantity>98.417540</out_Quantity.quantity></Point><Point><position>1662</position><in_Quantity.quantity>0.000000</in_Quantity.quantity><out_Quantity.quantity>718.586530</out_Quantity.quantity></Point><Point><position>1663</position><in_Quantity.quantity>0.000000</in_Quantity.quantity><out_Quantity.quantity>547.415036</out_Quantity.quantity></Point><Point><position>1664</position><in_Quantity.quantity>0.000000</in_Quantity.quantity><out_Quantity.quantity>967.463488</out_Quantity.quantity></Point><Point><position>1665</position><in_Quantity.quantity>0.000000</in_Quantity.quantity><out_Quantity.quantity>24.318996</out_Quantity.quantity></Point><Point><position>1666</position><in_Quantity.quantity>0.000000</in_Quantity.quantity><out_Quantity.quantity>65.263470</out_Quantity.quantity></Point><Point><position>1667</position><in_Quantity.quantity>0.000000</in_Quantity.quantity><out_Quantity.quantity>459.136782</out_Quantity.quantity></Point><Point><position>1668</position><in_Quantity.quantity>0.000000</in_Quantity.quantity><out_Quantity.quantity>759.174982</out_Quantity.quantity></Point><Point><position>1669</position><in_Quantity.quantity>0.000000</in_Quantity.quantity><out_Quantity.quantity>534.438448</out_Quantity.quantity></Point><Point><position>1670</position><in_Quantity.quantity>0.000000</in_Quantity.quantity><out_Quantity.quantity>405.754921</out_Quantity.quantity></Point><Point><position>1671</position><in_Quantity.quantity>0.000000</in_Quantity.quantity><out_Quantity.quantity>619.893052</out_Quantity.quantity></Point><Point><position>1672</position><in_Quantity.quantity>0.000000</in_Quantity.quantity><out_Quantity.quantity>433.438164</out_Quantity.quantity></Point><Point><position>1673</position><in_Quantity.quantity>0.000000</in_Quantity.quantity><out_Quantity.quantity>948.990088</out_Quantity.quantity></Point><Point><position>1674</position><in_Quantity.quantity>0.000000</in_Quantity.quantity><out_Quantity.quantity>231.124122</out_Quantity.quantity></Point><Point><position>1675</position><in_Quantity.quantity>0.000000</in_Quantity.quantity><out_Quantity.quantity>283.207309</out_Quantity.quantity></Point><Point><position>1676</position><in_Quantity.quantity>0.000000</in_Quantity.quantity><out_Quantity.quantity>420.564855</out_Quantity.quantity></Point><Point><position>1677</position><in_Quantity.quantity>0.000000</in_Quantity.quantity><out_Quantity.quantity>572.659933</out_Quantity.quantity></Point><Point><position>1678</position><in_Quantity.quantity>0.000000</in_Quantity.quantity><out_Quantity.quantity>567.826560</out_Quantity.quantity></Point><Point><position>1679</position><in_Quantity.quantity>0.000000</in_Quantity.quantity><out_Quantity.quantity>422.621434</out_Quantity.quantity></Point><Point><position>1680</position><in_Quantity.quantity>0.000000</in_Quantity.quantity><out_Quantity.quantity>244.733082</out_Quantity.quantity></Point><Point><position>1681</position><in_Quantity.quantity>0.000000</in_Quantity.quantity><out_Quantity.quantity>285.078276</out_Quantity.quantity></Point><Point><position>1682</position><in_Quantity.quantity>0.000000</in_Quantity.quantity><out_Quantity.quantity>688.918014</out_Quantity.quantity></Point><Point><position>1683</position><in_Quantity.quantity>0.000000</in_Quantity.quantity><out_Quantity.quantity>356.035119</out_Quantity.quantity></Point><Point><position>1684</position><in_Quantity.quantity>0.000000</in_Quantity.quantity><out_Quantity.quantity>37.075044</out_Quantity.quantity></Point><Point><position>1685</position><in_Quantity.quantity>0.000000</in_Quantity.quantity><out_Quantity.quantity>862.953970</out_Quantity.quantity></Point><Point><position>1686</position><in_Quantity.quantity>0.000000</in_Quantity.quantity><out_Quantity.quantity>0.378654</out_Quantity.quantity></Point><Point><position>1687</position><in_Quantity.quantity>0.000000</in_Quantity.quantity><out_Quantity.quantity>427.278002</out_Quantity.quantity></Point><Point><position>1688</position><in_Quantity.quantity>0.000000</in_Quantity.quantity><out_Quantity.quantity>320.688470</out_Quantity.quantity></Point><Point><position>1689</position><in_Quantity.quantity>0.000000</in_Quantity.quantity><out_Quantity.quantity>371.637185</out_Quantity.quantity></Point><Point><position>1690</position><in_Quantity.quantity>0.000000</in_Quantity.quantity><out_Quantity.quantity>628.966881</out_Quantity.quantity></Point><Point><position>1691</position><in_Quantity.quantity>0.000000</in_Quantity.quantity><out_Quantity.quantity>345.996955</out_Quantity.quantity></Point><Point><position>1692</position><in_Quantity.quantity>0.000000</in_Quantity.quantity><out_Quantity.quantity>254.371491</out_Quantity.quantity></Point><Point><position>1693</position><in_Quantity.quantity>0.000000</in_Quantity.quantity><out_Quantity.quantity>232.313188</out_Quantity.quantity></Point><Point><position>1694</position><in_Quantity.quantity>0.000000</in_Quantity.quantity><out_Quantity.quantity>811.202373</out_Quantity.quantity></Point><Point><position>1695</position><in_Quantity.quantity>0.000000</in_Quantity.quantity><out_Quantity.quantity>947.507520</out_Quantity.quantity></Point><Point><position>1696</position><in_Quantity.quantity>0.000000</in_Quantity.quantity><out_Quantity.quantity>720.611608</out_Quantity.quantity></Point><Point><position>1697</position><in_Quantity.quantity>0.000000</in_Quantity.quantity><out_Quantity.quantity>966.365892</out_Quantity.quantity></Point><Point><position>1698</position><in_Quantity.quantity>0.000000</in_Quantity.quantity><out_Quantity.quantity>590.642918</out_Quantity.quantity></Point><Point><position>1699</position><in_Quantity.quantity>0.000000</in_Quantity.quantity><out_Quantity.quantity>246.772664</out_Quantity.quantity></Point><Point><position>1700</position><in_Quantity.quantity>0.000000</in_Quantity.quantity><out_Quantity.quantity>448.078161</out_Quantity.quantity></Point><Point><position>1701</position><in_Quantity.quantity>0.000000</in_Quantity.quantity><out_Quantity.quantity>608.839361</out_Quantity.quantity></Point><Point><position>1702</position><in_Quantity.quantity>0.000000</in_Quantity.quantity><out_Quantity.quantity>559.820154</out_Quantity.quantity></Point><Point><position>1703</position><in_Quantity.quantity>0.000000</in_Quantity.quantity><out_Quantity.quantity>287.947272</out_Quantity.quantity></Point><Point><position>1704</position><in_Quantity.quantity>0.000000</in_Quantity.quantity><out_Quantity.quantity>70.861204</out_Quantity.quantity></Point><Point><position>1705</position><in_Quantity.quantity>0.000000</in_Quantity.quantity><out_Quantity.quantity>571.180835</out_Quantity.quantity></Point><Point><position>1706</position><in_Quantity.quantity>0.000000</in_Quantity.quantity><out_Quantity.quantity>773.248184</out_Quantity.quantity></Point><Point><position>1707</position><in_Quantity.quantity>0.000000</in_Quantity.quantity><out_Quantity.quantity>814.268369</out_Quantity.quantity></Point><Point><position>1708</position><in_Quantity.quantity>0.000000</in_Quantity.quantity><out_Quantity.quantity>517.790411</out_Quantity.quantity></Point><Point><position>1709</position><in_Quantity.quantity>0.000000</in_Quantity.quantity><out_Quantity.quantity>749.919512</out_Quantity.quantity></Point><Point><position>1710</position><in_Quantity.quantity>0.000000</in_Quantity.quantity><out_Quantity.quantity>633.978790</out_Quantity.quantity></Point><Point><position>1711</position><in_Quantity.quantity>0.000000</in_Quantity.quantity><out_Quantity.quantity>972.768023</out_Quantity.quantity></Point><Point><position>1712</position><in_Quantity.quantity>0.000000</in_Quantity.quantity><out_Quantity.quantity>2.424180</out_Quantity.quantity></Point><Point><position>1713</position><in_Quantity.quantity>0.000000</in_Quantity.quantity><out_Quantity.quantity>583.612340</out_Quantity.quantity></Point><Point><position>1714</position><in_Quantity.quantity>0.000000</in_Quantity.quantity><out_Quantity.quantity>402.106123</out_Quantity.quantity></Point><Point><position>1715</position><in_Quantity.quantity>0.000000</in_Quantity.quantity><out_Quantity.quantity>854.417168</out_Quantity.quantity></Point><Point><position>1716</position><in_Quantity.quantity>0.000000</in_Quantity.quantity><out_Quantity.quantity>214.696591</out_Quantity.quantity></Point><Point><position>1717</position><in_Quantity.quantity>0.000000</in_Quantity.quantity><out_Quantity.quantity>744.772275</out_Quantity.quantity></Point><Point><position>1718</position><in_Quantity.quantity>0.000000</in_Quantity.quantity><out_Quantity.quantity>840.035544</out_Quantity.quantity></Point><Point><position>1719</position><in_Quantity.quantity>0.000000</in_Quantity.quantity><out_Quantity.quantity>289.128177</out_Quantity.quantity></Point><Point><position>1720</position><in_Quantity.quantity>0.000000</in_Quantity.quantity><out_Quantity.quantity>517.328123</out_Quantity.quantity></Point><Point><position>1721</position><in_Quantity.quantity>0.000000</in_Quantity.quantity><out_Quantity.quantity>218.903787</out_Quantity.quantity></Point><Point><position>1722</position><in_Quantity.quantity>0.000000</in_Quantity.quantity><out_Quantity.quantity>52.666523</out_Quantity.quantity></Point><Point><position>1723</position><in_Quantity.quantity>0.000000</in_Quantity.quantity><out_Quantity.quantity>849.112511</out_Quantity.quantity></Point><Point><position>1724</position><in_Quantity.quantity>0.000000</in_Quantity.quantity><out_Quantity.quantity>473.339992</out_Quantity.quantity></Point><Point><position>1725</position><in_Quantity.quantity>0.000000</in_Quantity.quantity><out_Quantity.quantity>75.648617</out_Quantity.quantity></Point><Point><position>1726</position><in_Quantity.quantity>0.000000</in_Quantity.quantity><out_Quantity.quantity>621.536254</out_Quantity.quantity></Point><Point><position>1727</position><in_Quantity.quantity>0.000000</in_Quantity.quantity><out_Quantity.quantity>476.513669</out_Quantity.quantity></Point><Point><position>1728</position><in_Quantity.quantity>0.000000</in_Quantity.quantity><out_Quantity.quantity>580.333425</out_Quantity.quantity></Point><Point><position>1729</position><in_Quantity.quantity>0.000000</in_Quantity.quantity><out_Quantity.quantity>498.538484</out_Quantity.quantity></Point><Point><position>1730</position><in_Quantity.quantity>0.000000</in_Quantity.quantity><out_Quantity.quantity>189.814652</out_Quantity.quantity></Point><Point><position>1731</position><in_Quantity.quantity>0.000000</in_Quantity.quantity><out_Quantity.quantity>742.055523</out_Quantity.quantity></Point><Point><position>1732</position><in_Quantity.quantity>0.000000</in_Quantity.quantity><out_Quantity.quantity>239.870801</out_Quantity.quantity></Point><Point><position>1733</position><in_Quantity.quantity>0.000000</in_Quantity.quantity><out_Quantity.quantity>747.833283</out_Quantity.quantity></Point><Point><position>1734</position><in_Quantity.quantity>0.000000</in_Quantity.quantity><out_Quantity.quantity>579.886312</out_Quantity.quantity></Point><Point><position>1735</position><in_Quantity.quantity>0.000000</in_Quantity.quantity><out_Quantity.quantity>665.178489</out_Quantity.quantity></Point><Point><position>1736</position><in_Quantity.quantity>0.000000</in_Quantity.quantity><out_Quantity.quantity>789.237620</out_Quantity.quantity></Point><Point><position>1737</position><in_Quantity.quantity>0.000000</in_Quantity.quantity><out_Quantity.quantity>579.358829</out_Quantity.quantity></Point><Point><position>1738</position><in_Quantity.quantity>0.000000</in_Quantity.quantity><out_Quantity.quantity>455.312325</out_Quantity.quantity></Point><Point><position>1739</position><in_Quantity.quantity>0.000000</in_Quantity.quantity><out_Quantity.quantity>428.329518</out_Quantity.quantity></Point><Point><position>1740</position><in_Quantity.quantity>0.000000</in_Quantity.quantity><out_Quantity.quantity>199.683621</out_Quantity.quantity></Point><Point><position>1741</position><in_Quantity.quantity>0.000000</in_Quantity.quantity><out_Quantity.quantity>77.655337</out_Quantity.quantity></Point><Point><position>1742</position><in_Quantity.quantity>0.000000</in_Quantity.quantity><out_Quantity.quantity>211.886530</out_Quantity.quantity></Point><Point><position>1743</position><in_Quantity.quantity>0.000000</in_Quantity.quantity><out_Quantity.quantity>53.403954</out_Quantity.quantity></Point><Point><position>1744</position><in_Quantity.quantity>0.000000</in_Quantity.quantity><out_Quantity.quantity>109.795146</out_Quantity.quantity></Point><Point><position>1745</position><in_Quantity.quantity>0.000000</in_Quantity.quantity><out_Quantity.quantity>867.719535</out_Quantity.quantity></Point><Point><position>1746</position><in_Quantity.quantity>0.000000</in_Quantity.quantity><out_Quantity.quantity>473.541959</out_Quantity.quantity></Point><Point><position>1747</position><in_Quantity.quantity>0.000000</in_Quantity.quantity><out_Quantity.quantity>40.485341</out_Quantity.quantity></Point><Point><position>1748</position><in_Quantity.quantity>0.000000</in_Quantity.quantity><out_Quantity.quantity>53.559120</out_Quantity.quantity></Point><Point><position>1749</position><in_Quantity.quantity>0.000000</in_Quantity.quantity><out_Quantity.quantity>549.085494</out_Quantity.quantity></Point><Point><position>1750</position><in_Quantity.quantity>0.000000</in_Quantity.quantity><out_Quantity.quantity>889.761114</out_Quantity.quantity></Point><Point><position>1751</position><in_Quantity.quantity>0.000000</in_Quantity.quantity><out_Quantity.quantity>187.176522</out_Quantity.quantity></Point><Point><position>1752</position><in_Quantity.quantity>0.000000</in_Quantity.quantity><out_Quantity.quantity>392.949366</out_Quantity.quantity></Point><Point><position>1753</position><in_Quantity.quantity>0.000000</in_Quantity.quantity><out_Quantity.quantity>552.973424</out_Quantity.quantity></Point><Point><position>1754</position><in_Quantity.quantity>0.000000</in_Quantity.quantity><out_Quantity.quantity>153.676329</out_Quantity.quantity></Point><Point><position>1755</position><in_Quantity.quantity>0.000000</in_Quantity.quantity><out_Quantity.quantity>293.287387</out_Quantity.quantity></Point><Point><position>1756</position><in_Quantity.quantity>0.000000</in_Quantity.quantity><out_Quantity.quantity>660.698254</out_Quantity.quantity></Point><Point><position>1757</position><in_Quantity.quantity>0.000000</in_Quantity.quantity><out_Quantity.quantity>483.747035</out_Quantity.quantity></Point><Point><position>1758</position><in_Quantity.quantity>0.000000</in_Quantity.quantity><out_Quantity.quantity>60.239951</out_Quantity.quantity></Point><Point><position>1759</position><in_Quantity.quantity>0.000000</in_Quantity.quantity><out_Quantity.quantity>917.884112</out_Quantity.quantity></Point><Point><position>1760</position><in_Quantity.quantity>0.000000</in_Quantity.quantity><out_Quantity.quantity>392.780713</out_Quantity.quantity></Point><Point><position>1761</position><in_Quantity.quantity>0.000000</in_Quantity.quantity><out_Quantity.quantity>61.406658</out_Quantity.quantity></Point><Point><position>1762</position><in_Quantity.quantity>0.000000</in_Quantity.quantity><out_Quantity.quantity>217.783449</out_Quantity.quantity></Point><Point><position>1763</position><in_Quantity.quantity>0.000000</in_Quantity.quantity><out_Quantity.quantity>262.675146</out_Quantity.quantity></Point><Point><position>1764</position><in_Quantity.quantity>0.000000</in_Quantity.quantity><out_Quantity.quantity>901.907391</out_Quantity.quantity></Point><Point><position>1765</position><in_Quantity.quantity>0.000000</in_Quantity.quantity><out_Quantity.quantity>469.212828</out_Quantity.quantity></Point><Point><position>1766</position><in_Quantity.quantity>0.000000</in_Quantity.quantity><out_Quantity.quantity>0.353609</out_Quantity.quantity></Point><Point><position>1767</position><in_Quantity.quantity>0.000000</in_Quantity.quantity><out_Quantity.quantity>581.211065</out_Quantity.quantity></Point><Point><position>1768</position><in_Quantity.quantity>0.000000</in_Quantity.quantity><out_Quantity.quantity>820.377182</out_Quantity.quantity></Point><Point><position>1769</position><in_Quantity.quantity>0.000000</in_Quantity.quantity><out_Quantity.quantity>81.743050</out_Quantity.quantity></Point><Point><position>1770</position><in_Quantity.quantity>0.000000</in_Quantity.quantity><out_Quantity.quantity>376.397226</out_Quantity.quantity></Point><Point><position>1771</position><in_Quantity.quantity>0.000000</in_Quantity.quantity><out_Quantity.quantity>628.269868</out_Quantity.quantity></Point><Point><position>1772</position><in_Quantity.quantity>0.000000</in_Quantity.quantity><out_Quantity.quantity>770.466554</out_Quantity.quantity></Point><Point><position>1773</position><in_Quantity.quantity>0.000000</in_Quantity.quantity><out_Quantity.quantity>523.145994</out_Quantity.quantity></Point><Point><position>1774</position><in_Quantity.quantity>0.000000</in_Quantity.quantity><out_Quantity.quantity>366.580920</out_Quantity.quantity></Point><Point><position>1775</position><in_Quantity.quantity>0.000000</in_Quantity.quantity><out_Quantity.quantity>604.738778</out_Quantity.quantity></Point><Point><position>1776</position><in_Quantity.quantity>0.000000</in_Quantity.quantity><out_Quantity.quantity>709.897198</out_Quantity.quantity></Point><Point><position>1777</position><in_Quantity.quantity>0.000000</in_Quantity.quantity><out_Quantity.quantity>681.766305</out_Quantity.quantity></Point><Point><position>1778</position><in_Quantity.quantity>0.000000</in_Quantity.quantity><out_Quantity.quantity>832.598735</out_Quantity.quantity></Point><Point><position>1779</position><in_Quantity.quantity>0.000000</in_Quantity.quantity><out_Quantity.quantity>937.527209</out_Quantity.quantity></Point><Point><position>1780</position><in_Quantity.quantity>0.000000</in_Quantity.quantity><out_Quantity.quantity>759.497361</out_Quantity.quantity></Point><Point><position>1781</position><in_Quantity.quantity>0.000000</in_Quantity.quantity><out_Quantity.quantity>812.617919</out_Quantity.quantity></Point><Point><position>1782</position><in_Quantity.quantity>0.000000</in_Quantity.quantity><out_Quantity.quantity>145.129101</out_Quantity.quantity></Point><Point><position>1783</position><in_Quantity.quantity>0.000000</in_Quantity.quantity><out_Quantity.quantity>418.475251</out_Quantity.quantity></Point><Point><position>1784</position><in_Quantity.quantity>0.000000</in_Quantity.quantity><out_Quantity.quantity>718.308051</out_Quantity.quantity></Point><Point><position>1785</position><in_Quantity.quantity>0.000000</in_Quantity.quantity><out_Quantity.quantity>892.178139</out_Quantity.quantity></Point><Point><position>1786</position><in_Quantity.quantity>0.000000</in_Quantity.quantity><out_Quantity.quantity>3.217945</out_Quantity.quantity></Point><Point><position>1787</position><in_Quantity.quantity>0.000000</in_Quantity.quantity><out_Quantity.quantity>926.487427</out_Quantity.quantity></Point><Point><position>1788</position><in_Quantity.quantity>0.000000</in_Quantity.quantity><out_Quantity.quantity>82.122540</out_Quantity.quantity></Point><Point><position>1789</position><in_Quantity.quantity>0.000000</in_Quantity.quantity><out_Quantity.quantity>590.315032</out_Quantity.quantity></Point><Point><position>1790</position><in_Quantity.quantity>0.000000</in_Quantity.quantity><out_Quantity.quantity>256.367725</out_Quantity.quantity></Point><Point><position>1791</position><in_Quantity.quantity>0.000000</in_Quantity.quantity><out_Quantity.quantity>293.780724</out_Quantity.quantity></Point><Point><position>1792</position><in_Quantity.quantity>0.000000</in_Quantity.quantity><out_Quantity.quantity>983.630205</out_Quantity.quantity></Point><Point><position>1793</position><in_Quantity.quantity>0.000000</in_Quantity.quantity><out_Quantity.quantity>461.315829</out_Quantity.quantity></Point><Point><position>1794</position><in_Quantity.quantity>0.000000</in_Quantity.quantity><out_Quantity.quantity>285.873049</out_Quantity.quantity></Point><Point><position>1795</position><in_Quantity.quantity>0.000000</in_Quantity.quantity><out_Quantity.quantity>346.294466</out_Quantity.quantity></Point><Point><position>1796</position><in_Quantity.quantity>0.000000</in_Quantity.quantity><out_Quantity.quantity>289.904743</out_Quantity.quantity></Point><Point><position>1797</position><in_Quantity.quantity>0.000000</in_Quantity.quantity><out_Quantity.quantity>941.235173</out_Quantity.quantity></Point><Point><position>1798</position><in_Quantity.quantity>0.000000</in_Quantity.quantity><out_Quantity.quantity>590.458661</out_Quantity.quantity></Point><Point><position>1799</position><in_Quantity.quantity>0.000000</in_Quantity.quantity><out_Quantity.quantity>840.965322</out_Quantity.quantity></Point><Point><position>1800</position><in_Quantity.quantity>0.000000</in_Quantity.quantity><out_Quantity.quantity>970.707919</out_Quantity.quantity></Point><Point><position>1801</position><in_Quantity.quantity>0.000000</in_Quantity.quantity><out_Quantity.quantity>511.807526</out_Quantity.quantity></Point><Point><position>1802</position><in_Quantity.quantity>0.000000</in_Quantity.quantity><out_Quantity.quantity>515.677727</out_Quantity.quantity></Point><Point><position>1803</position><in_Quantity.quantity>0.000000</in_Quantity.quantity><out_Quantity.quantity>102.702383</out_Quantity.quantity></Point><Point><position>1804</position><in_Quantity.quantity>0.000000</in_Quantity.quantity><out_Quantity.quantity>135.830972</out_Quantity.quantity></Point><Point><position>1805</position><in_Quantity.quantity>0.000000</in_Quantity.quantity><out_Quantity.quantity>561.062601</out_Quantity.quantity></Point><Point><position>1806</position><in_Quantity.quantity>0.000000</in_Quantity.quantity><out_Quantity.quantity>180.255810</out_Quantity.quantity></Point><Point><position>1807</position><in_Quantity.quantity>0.000000</in_Quantity.quantity><out_Quantity.quantity>849.094094</out_Quantity.quantity></Point><Point><position>1808</position><in_Quantity.quantity>0.000000</in_Quantity.quantity><out_Quantity.quantity>420.619369</out_Quantity.quantity></Point><Point><position>1809</position><in_Quantity.quantity>0.000000</in_Quantity.quantity><out_Quantity.quantity>382.821080</out_Quantity.quantity></Point><Point><position>1810</position><in_Quantity.quantity>0.000000</in_Quantity.quantity><out_Quantity.quantity>282.336440</out_Quantity.quantity></Point><Point><position>1811</position><in_Quantity.quantity>0.000000</in_Quantity.quantity><out_Quantity.quantity>866.136339</out_Quantity.quantity></Point><Point><position>1812</position><in_Quantity.quantity>0.000000</in_Quantity.quantity><out_Quantity.quantity>533.835841</out_Quantity.quantity></Point><Point><position>1813</position><in_Quantity.quantity>0.000000</in_Quantity.quantity><out_Quantity.quantity>520.487841</out_Quantity.quantity></Point><Point><position>1814</position><in_Quantity.quantity>0.000000</in_Quantity.quantity><out_Quantity.quantity>390.450465</out_Quantity.quantity></Point><Point><position>1815</position><in_Quantity.quantity>0.000000</in_Quantity.quantity><out_Quantity.quantity>397.451885</out_Quantity.quantity></Point><Point><position>1816</position><in_Quantity.quantity>0.000000</in_Quantity.quantity><out_Quantity.quantity>606.165631</out_Quantity.quantity></Point><Point><position>1817</position><in_Quantity.quantity>0.000000</in_Quantity.quantity><out_Quantity.quantity>431.967976</out_Quantity.quantity></Point><Point><position>1818</position><in_Quantity.quantity>0.000000</in_Quantity.quantity><out_Quantity.quantity>755.786839</out_Quantity.quantity></Point><Point><position>1819</position><in_Quantity.quantity>0.000000</in_Quantity.quantity><out_Quantity.quantity>96.399822</out_Quantity.quantity></Point><Point><position>1820</position><in_Quantity.quantity>0.000000</in_Quantity.quantity><out_Quantity.quantity>633.337339</out_Quantity.quantity></Point><Point><position>1821</position><in_Quantity.quantity>0.000000</in_Quantity.quantity><out_Quantity.quantity>83.667698</out_Quantity.quantity></Point><Point><position>1822</position><in_Quantity.quantity>0.000000</in_Quantity.quantity><out_Quantity.quantity>335.101072</out_Quantity.quantity></Point><Point><position>1823</position><in_Quantity.quantity>0.000000</in_Quantity.quantity><out_Quantity.quantity>207.474797</out_Quantity.quantity></Point><Point><position>1824</position><in_Quantity.quantity>0.000000</in_Quantity.quantity><out_Quantity.quantity>838.186994</out_Quantity.quantity></Point><Point><position>1825</position><in_Quantity.quantity>0.000000</in_Quantity.quantity><out_Quantity.quantity>522.990636</out_Quantity.quantity></Point><Point><position>1826</position><in_Quantity.quantity>0.000000</in_Quantity.quantity><out_Quantity.quantity>970.527116</out_Quantity.quantity></Point><Point><position>1827</position><in_Quantity.quantity>0.000000</in_Quantity.quantity><out_Quantity.quantity>404.637940</out_Quantity.quantity></Point><Point><position>1828</position><in_Quantity.quantity>0.000000</in_Quantity.quantity><out_Quantity.quantity>573.994475</out_Quantity.quantity></Point><Point><position>1829</position><in_Quantity.quantity>0.000000</in_Quantity.quantity><out_Quantity.quantity>149.136023</out_Quantity.quantity></Point><Point><position>1830</position><in_Quantity.quantity>0.000000</in_Quantity.quantity><out_Quantity.quantity>346.288246</out_Quantity.quantity></Point><Point><position>1831</position><in_Quantity.quantity>0.000000</in_Quantity.quantity><out_Quantity.quantity>743.902877</out_Quantity.quantity></Point><Point><position>1832</position><in_Quantity.quantity>0.000000</in_Quantity.quantity><out_Quantity.quantity>901.924603</out_Quantity.quantity></Point><Point><position>1833</position><in_Quantity.quantity>0.000000</in_Quantity.quantity><out_Quantity.quantity>507.148585</out_Quantity.quantity></Point><Point><position>1834</position><in_Quantity.quantity>0.000000</in_Quantity.quantity><out_Quantity.quantity>604.689979</out_Quantity.quantity></Point><Point><position>1835</position><in_Quantity.quantity>0.000000</in_Quantity.quantity><out_Quantity.quantity>213.981753</out_Quantity.quantity></Point><Point><position>1836</position><in_Quantity.quantity>0.000000</in_Quantity.quantity><out_Quantity.quantity>690.213194</out_Quantity.quantity></Point><Point><position>1837</position><in_Quantity.quantity>0.000000</in_Quantity.quantity><out_Quantity.quantity>875.204857</out_Quantity.quantity></Point><Point><position>1838</position><in_Quantity.quantity>0.000000</in_Quantity.quantity><out_Quantity.quantity>42.461648</out_Quantity.quantity></Point><Point><position>1839</position><in_Quantity.quantity>0.000000</in_Quantity.quantity><out_Quantity.quantity>336.996487</out_Quantity.quantity></Point><Point><position>1840</position><in_Quantity.quantity>0.000000</in_Quantity.quantity><out_Quantity.quantity>915.839381</out_Quantity.quantity></Point><Point><position>1841</position><in_Quantity.quantity>0.000000</in_Quantity.quantity><out_Quantity.quantity>722.600064</out_Quantity.quantity></Point><Point><position>1842</position><in_Quantity.quantity>0.000000</in_Quantity.quantity><out_Quantity.quantity>918.935634</out_Quantity.quantity></Point><Point><position>1843</position><in_Quantity.quantity>0.000000</in_Quantity.quantity><out_Quantity.quantity>7.607968</out_Quantity.quantity></Point><Point><position>1844</position><in_Quantity.quantity>0.000000</in_Quantity.quantity><out_Quantity.quantity>967.922510</out_Quantity.quantity></Point><Point><position>1845</position><in_Quantity.quantity>0.000000</in_Quantity.quantity><out_Quantity.quantity>584.766130</out_Quantity.quantity></Point><Point><position>1846</position><in_Quantity.quantity>0.000000</in_Quantity.quantity><out_Quantity.quantity>959.590706</out_Quantity.quantity></Point><Point><position>1847</position><in_Quantity.quantity>0.000000</in_Quantity.quantity><out_Quantity.quantity>801.128040</out_Quantity.quantity></Point><Point><position>1848</position><in_Quantity.quantity>0.000000</in_Quantity.quantity><out_Quantity.quantity>99.014952</out_Quantity.quantity></Point><Point><position>1849</position><in_Quantity.quantity>0.000000</in_Quantity.quantity><out_Quantity.quantity>475.080203</out_Quantity.quantity></Point><Point><position>1850</position><in_Quantity.quantity>0.000000</in_Quantity.quantity><out_Quantity.quantity>236.823457</out_Quantity.quantity></Point><Point><position>1851</position><in_Quantity.quantity>0.000000</in_Quantity.quantity><out_Quantity.quantity>314.304937</out_Quantity.quantity></Point><Point><position>1852</position><in_Quantity.quantity>0.000000</in_Quantity.quantity><out_Quantity.quantity>918.111149</out_Quantity.quantity></Point><Point><position>1853</position><in_Quantity.quantity>0.000000</in_Quantity.quantity><out_Quantity.quantity>274.821327</out_Quantity.quantity></Point><Point><position>1854</position><in_Quantity.quantity>0.000000</in_Quantity.quantity><out_Quantity.quantity>986.863415</out_Quantity.quantity></Point><Point><position>1855</position><in_Quantity.quantity>0.000000</in_Quantity.quantity><out_Quantity.quantity>635.755542</out_Quantity.quantity></Point><Point><position>1856</position><in_Quantity.quantity>0.000000</in_Quantity.quantity><out_Quantity.quantity>435.211017</out_Quantity.quantity></Point><Point><position>1857</position><in_Quantity.quantity>0.000000</in_Quantity.quantity><out_Quantity.quantity>663.344575</out_Quantity.quantity></Point><Point><position>1858</position><in_Quantity.quantity>0.000000</in_Quantity.quantity><out_Quantity.quantity>15.898208</out_Quantity.quantity></Point><Point><position>1859</position><in_Quantity.quantity>0.000000</in_Quantity.quantity><out_Quantity.quantity>61.529362</out_Quantity.quantity></Point><Point><position>1860</position><in_Quantity.quantity>0.000000</in_Quantity.quantity><out_Quantity.quantity>451.807964</out_Quantity.quantity></Point><Point><position>1861</position><in_Quantity.quantity>0.000000</in_Quantity.quantity><out_Quantity.quantity>74.329308</out_Quantity.quantity></Point><Point><position>1862</position><in_Quantity.quantity>0.000000</in_Quantity.quantity><out_Quantity.quantity>903.153844</out_Quantity.quantity></Point><Point><position>1863</position><in_Quantity.quantity>0.000000</in_Quantity.quantity><out_Quantity.quantity>290.304442</out_Quantity.quantity></Point><Point><position>1864</position><in_Quantity.quantity>0.000000</in_Quantity.quantity><out_Quantity.quantity>331.291492</out_Quantity.quantity></Point><Point><position>1865</position><in_Quantity.quantity>0.000000</in_Quantity.quantity><out_Quantity.quantity>291.169270</out_Quantity.quantity></Point><Point><position>1866</position><in_Quantity.quantity>0.000000</in_Quantity.quantity><out_Quantity.quantity>668.070511</out_Quantity.quantity></Point><Point><position>1867</position><in_Quantity.quantity>0.000000</in_Quantity.quantity><out_Quantity.quantity>811.217821</out_Quantity.quantity></Point><Point><position>1868</position><in_Quantity.quantity>0.000000</in_Quantity.quantity><out_Quantity.quantity>126.318635</out_Quantity.quantity></Point><Point><position>1869</position><in_Quantity.quantity>0.000000</in_Quantity.quantity><out_Quantity.quantity>64.180887</out_Quantity.quantity></Point><Point><position>1870</position><in_Quantity.quantity>0.000000</in_Quantity.quantity><out_Quantity.quantity>602.161599</out_Quantity.quantity></Point><Point><position>1871</position><in_Quantity.quantity>0.000000</in_Quantity.quantity><out_Quantity.quantity>485.220554</out_Quantity.quantity></Point><Point><position>1872</position><in_Quantity.quantity>0.000000</in_Quantity.quantity><out_Quantity.quantity>404.181413</out_Quantity.quantity></Point><Point><position>1873</position><in_Quantity.quantity>0.000000</in_Quantity.quantity><out_Quantity.quantity>627.758500</out_Quantity.quantity></Point><Point><position>1874</position><in_Quantity.quantity>0.000000</in_Quantity.quantity><out_Quantity.quantity>768.820637</out_Quantity.quantity></Point><Point><position>1875</position><in_Quantity.quantity>0.000000</in_Quantity.quantity><out_Quantity.quantity>768.199818</out_Quantity.quantity></Point><Point><position>1876</position><in_Quantity.quantity>0.000000</in_Quantity.quantity><out_Quantity.quantity>197.604634</out_Quantity.quantity></Point><Point><position>1877</position><in_Quantity.quantity>0.000000</in_Quantity.quantity><out_Quantity.quantity>872.288404</out_Quantity.quantity></Point><Point><position>1878</position><in_Quantity.quantity>0.000000</in_Quantity.quantity><out_Quantity.quantity>156.031279</out_Quantity.quantity></Point><Point><position>1879</position><in_Quantity.quantity>0.000000</in_Quantity.quantity><out_Quantity.quantity>457.706549</out_Quantity.quantity></Point><Point><position>1880</position><in_Quantity.quantity>0.000000</in_Quantity.quantity><out_Quantity.quantity>281.691934</out_Quantity.quantity></Point><Point><position>1881</position><in_Quantity.quantity>0.000000</in_Quantity.quantity><out_Quantity.quantity>842.775331</out_Quantity.quantity></Point><Point><position>1882</position><in_Quantity.quantity>0.000000</in_Quantity.quantity><out_Quantity.quantity>25.010613</out_Quantity.quantity></Point><Point><position>1883</position><in_Quantity.quantity>0.000000</in_Quantity.quantity><out_Quantity.quantity>446.379936</out_Quantity.quantity></Point><Point><position>1884</position><in_Quantity.quantity>0.000000</in_Quantity.quantity><out_Quantity.quantity>107.770597</out_Quantity.quantity></Point><Point><position>1885</position><in_Quantity.quantity>0.000000</in_Quantity.quantity><out_Quantity.quantity>820.140496</out_Quantity.quantity></Point><Point><position>1886</position><in_Quantity.quantity>0.000000</in_Quantity.quantity><out_Quantity.quantity>214.027214</out_Quantity.quantity></Point><Point><position>1887</position><in_Quantity.quantity>0.000000</in_Quantity.quantity><out_Quantity.quantity>771.828545</out_Quantity.quantity></Point><Point><position>1888</position><in_Quantity.quantity>0.000000</in_Quantity.quantity><out_Quantity.quantity>814.629990</out_Quantity.quantity></Point><Point><position>1889</position><in_Quantity.quantity>0.000000</in_Quantity.quantity><out_Quantity.quantity>102.755962</out_Quantity.quantity></Point><Point><position>1890</position><in_Quantity.quantity>0.000000</in_Quantity.quantity><out_Quantity.quantity>125.327505</out_Quantity.quantity></Point><Point><position>1891</position><in_Quantity.quantity>0.000000</in_Quantity.quantity><out_Quantity.quantity>558.942438</out_Quantity.quantity></Point><Point><position>1892</position><in_Quantity.quantity>0.000000</in_Quantity.quantity><out_Quantity.quantity>733.059464</out_Quantity.quantity></Point><Point><position>1893</position><in_Quantity.quantity>0.000000</in_Quantity.quantity><out_Quantity.quantity>891.360005</out_Quantity.quantity></Point><Point><position>1894</position><in_Quantity.quantity>0.000000</in_Quantity.quantity><out_Quantity.quantity>665.007755</out_Quantity.quantity></Point><Point><position>1895</position><in_Quantity.quantity>0.000000</in_Quantity.quantity><out_Quantity.quantity>856.893249</out_Quantity.quantity></Point><Point><position>1896</position><in_Quantity.quantity>0.000000</in_Quantity.quantity><out_Quantity.quantity>74.941892</out_Quantity.quantity></Point><Point><position>1897</position><in_Quantity.quantity>0.000000</in_Quantity.quantity><out_Quantity.quantity>324.293754</out_Quantity.quantity></Point><Point><position>1898</position><in_Quantity.quantity>0.000000</in_Quantity.quantity><out_Quantity.quantity>944.160949</out_Quantity.quantity></Point><Point><position>1899</position><in_Quantity.quantity>0.000000</in_Quantity.quantity><out_Quantity.quantity>80.157348</out_Quantity.quantity></Point><Point><position>1900</position><in_Quantity.quantity>0.000000</in_Quantity.quantity><out_Quantity.quantity>921.513926</out_Quantity.quantity></Point><Point><position>1901</position><in_Quantity.quantity>0.000000</in_Quantity.quantity><out_Quantity.quantity>610.048269</out_Quantity.quantity></Point><Point><position>1902</position><in_Quantity.quantity>0.000000</in_Quantity.quantity><out_Quantity.quantity>789.987695</out_Quantity.quantity></Point><Point><position>1903</position><in_Quantity.quantity>0.000000</in_Quantity.quantity><out_Quantity.quantity>148.032924</out_Quantity.quantity></Point><Point><position>1904</position><in_Quantity.quantity>0.000000</in_Quantity.quantity><out_Quantity.quantity>110.735659</out_Quantity.quantity></Point><Point><position>1905</position><in_Quantity.quantity>0.000000</in_Quantity.quantity><out_Quantity.quantity>863.378638</out_Quantity.quantity></Point><Point><position>1906</position><in_Quantity.quantity>0.000000</in_Quantity.quantity><out_Quantity.quantity>708.578608</out_Quantity.quantity></Point><Point><position>1907</position><in_Quantity.quantity>0.000000</in_Quantity.quantity><out_Quantity.quantity>322.450114</out_Quantity.quantity></Point><Point><position>1908</position><in_Quantity.quantity>0.000000</in_Quantity.quantity><out_Quantity.quantity>797.278939</out_Quantity.quantity></Point><Point><position>1909</position><in_Quantity.quantity>0.000000</in_Quantity.quantity><out_Quantity.quantity>886.733554</out_Quantity.quantity></Point><Point><position>1910</position><in_Quantity.quantity>0.000000</in_Quantity.quantity><out_Quantity.quantity>701.691952</out_Quantity.quantity></Point><Point><position>1911</position><in_Quantity.quantity>0.000000</in_Quantity.quantity><out_Quantity.quantity>885.730893</out_Quantity.quantity></Point><Point><position>1912</position><in_Quantity.quantity>0.000000</in_Quantity.quantity><out_Quantity.quantity>915.558801</out_Quantity.quantity></Point><Point><position>1913</position><in_Quantity.quantity>0.000000</in_Quantity.quantity><out_Quantity.quantity>262.405945</out_Quantity.quantity></Point><Point><position>1914</position><in_Quantity.quantity>0.000000</in_Quantity.quantity><out_Quantity.quantity>573.436512</out_Quantity.quantity></Point><Point><position>1915</position><in_Quantity.quantity>0.000000</in_Quantity.quantity><out_Quantity.quantity>786.844318</out_Quantity.quantity></Point><Point><position>1916</position><in_Quantity.quantity>0.000000</in_Quantity.quantity><out_Quantity.quantity>69.841055</out_Quantity.quantity></Point><Point><position>1917</position><in_Quantity.quantity>0.000000</in_Quantity.quantity><out_Quantity.quantity>360.447058</out_Quantity.quantity></Point><Point><position>1918</position><in_Quantity.quantity>0.000000</in_Quantity.quantity><out_Quantity.quantity>177.929102</out_Quantity.quantity></Point><Point><position>1919</position><in_Quantity.quantity>0.000000</in_Quantity.quantity><out_Quantity.quantity>579.882209</out_Quantity.quantity></Point><Point><position>1920</position><in_Quantity.quantity>0.000000</in_Quantity.quantity><out_Quantity.quantity>153.007618</out_Quantity.quantity></Point><Point><position>1921</position><in_Quantity.quantity>0.000000</in_Quantity.quantity><out_Quantity.quantity>47.156652</out_Quantity.quantity></Point><Point><position>1922</position><in_Quantity.quantity>0.000000</in_Quantity.quantity><out_Quantity.quantity>603.712456</out_Quantity.quantity></Point><Point><position>1923</position><in_Quantity.quantity>0.000000</in_Quantity.quantity><out_Quantity.quantity>353.956735</out_Quantity.quantity></Point><Point><position>1924</position><in_Quantity.quantity>0.000000</in_Quantity.quantity><out_Quantity.quantity>398.621707</out_Quantity.quantity></Point><Point><position>1925</position><in_Quantity.quantity>0.000000</in_Quantity.quantity><out_Quantity.quantity>798.772778</out_Quantity.quantity></Point><Point><position>1926</position><in_Quantity.quantity>0.000000</in_Quantity.quantity><out_Quantity.quantity>101.556893</out_Quantity.quantity></Point><Point><position>1927</position><in_Quantity.quantity>0.000000</in_Quantity.quantity><out_Quantity.quantity>615.393383</out_Quantity.quantity></Point><Point><position>1928</position><in_Quantity.quantity>0.000000</in_Quantity.quantity><out_Quantity.quantity>414.589594</out_Quantity.quantity></Point><Point><position>1929</position><in_Quantity.quantity>0.000000</in_Quantity.quantity><out_Quantity.quantity>950.304288</out_Quantity.quantity></Point><Point><position>1930</position><in_Quantity.quantity>0.000000</in_Quantity.quantity><out_Quantity.quantity>767.811652</out_Quantity.quantity></Point><Point><position>1931</position><in_Quantity.quantity>0.000000</in_Quantity.quantity><out_Quantity.quantity>912.439717</out_Quantity.quantity></Point><Point><position>1932</position><in_Quantity.quantity>0.000000</in_Quantity.quantity><out_Quantity.quantity>504.928856</out_Quantity.quantity></Point><Point><position>1933</position><in_Quantity.quantity>0.000000</in_Quantity.quantity><out_Quantity.quantity>846.964449</out_Quantity.quantity></Point><Point><position>1934</position><in_Quantity.quantity>0.000000</in_Quantity.quantity><out_Quantity.quantity>242.627727</out_Quantity.quantity></Point><Point><position>1935</position><in_Quantity.quantity>0.000000</in_Quantity.quantity><out_Quantity.quantity>812.615681</out_Quantity.quantity></Point><Point><position>1936</position><in_Quantity.quantity>0.000000</in_Quantity.quantity><out_Quantity.quantity>550.291624</out_Quantity.quantity></Point><Point><position>1937</position><in_Quantity.quantity>0.000000</in_Quantity.quantity><out_Quantity.quantity>241.885724</out_Quantity.quantity></Point><Point><position>1938</position><in_Quantity.quantity>0.000000</in_Quantity.quantity><out_Quantity.quantity>869.068966</out_Quantity.quantity></Point><Point><position>1939</position><in_Quantity.quantity>0.000000</in_Quantity.quantity><out_Quantity.quantity>886.357576</out_Quantity.quantity></Point><Point><position>1940</position><in_Quantity.quantity>0.000000</in_Quantity.quantity><out_Quantity.quantity>584.821582</out_Quantity.quantity></Point><Point><position>1941</position><in_Quantity.quantity>0.000000</in_Quantity.quantity><out_Quantity.quantity>583.187532</out_Quantity.quantity></Point><Point><position>1942</position><in_Quantity.quantity>0.000000</in_Quantity.quantity><out_Quantity.quantity>935.204512</out_Quantity.quantity></Point><Point><position>1943</position><in_Quantity.quantity>0.000000</in_Quantity.quantity><out_Quantity.quantity>27.716640</out_Quantity.quantity></Point><Point><position>1944</position><in_Quantity.quantity>0.000000</in_Quantity.quantity><out_Quantity.quantity>466.342992</out_Quantity.quantity></Point><Point><position>1945</position><in_Quantity.quantity>0.000000</in_Quantity.quantity><out_Quantity.quantity>253.332507</out_Quantity.quantity></Point><Point><position>1946</position><in_Quantity.quantity>0.000000</in_Quantity.quantity><out_Quantity.quantity>414.960292</out_Quantity.quantity></Point><Point><position>1947</position><in_Quantity.quantity>0.000000</in_Quantity.quantity><out_Quantity.quantity>761.251729</out_Quantity.quantity></Point><Point><position>1948</position><in_Quantity.quantity>0.000000</in_Quantity.quantity><out_Quantity.quantity>604.300613</out_Quantity.quantity></Point><Point><position>1949</position><in_Quantity.quantity>0.000000</in_Quantity.quantity><out_Quantity.quantity>282.439118</out_Quantity.quantity></Point><Point><position>1950</position><in_Quantity.quantity>0.000000</in_Quantity.quantity><out_Quantity.quantity>403.678206</out_Quantity.quantity></Point><Point><position>1951</position><in_Quantity.quantity>0.000000</in_Quantity.quantity><out_Quantity.quantity>969.939320</out_Quantity.quantity></Point><Point><position>1952</position><in_Quantity.quantity>0.000000</in_Quantity.quantity><out_Quantity.quantity>241.399943</out_Quantity.quantity></Point><Point><position>1953</position><in_Quantity.quantity>0.000000</in_Quantity.quantity><out_Quantity.quantity>675.529162</out_Quantity.quantity></Point><Point><position>1954</position><in_Quantity.quantity>0.000000</in_Quantity.quantity><out_Quantity.quantity>687.736702</out_Quantity.quantity></Point><Point><position>1955</position><in_Quantity.quantity>0.000000</in_Quantity.quantity><out_Quantity.quantity>147.962491</out_Quantity.quantity></Point><Point><position>1956</position><in_Quantity.quantity>0.000000</in_Quantity.quantity><out_Quantity.quantity>910.910491</out_Quantity.quantity></Point><Point><position>1957</position><in_Quantity.quantity>0.000000</in_Quantity.quantity><out_Quantity.quantity>641.923386</out_Quantity.quantity></Point><Point><position>1958</position><in_Quantity.quantity>0.000000</in_Quantity.quantity><out_Quantity.quantity>585.539859</out_Quantity.quantity></Point><Point><position>1959</position><in_Quantity.quantity>0.000000</in_Quantity.quantity><out_Quantity.quantity>353.194542</out_Quantity.quantity></Point><Point><position>1960</position><in_Quantity.quantity>0.000000</in_Quantity.quantity><out_Quantity.quantity>539.452719</out_Quantity.quantity></Point><Point><position>1961</position><in_Quantity.quantity>0.000000</in_Quantity.quantity><out_Quantity.quantity>360.864499</out_Quantity.quantity></Point><Point><position>1962</position><in_Quantity.quantity>0.000000</in_Quantity.quantity><out_Quantity.quantity>66.935023</out_Quantity.quantity></Point><Point><position>1963</position><in_Quantity.quantity>0.000000</in_Quantity.quantity><out_Quantity.quantity>144.284639</out_Quantity.quantity></Point><Point><position>1964</position><in_Quantity.quantity>0.000000</in_Quantity.quantity><out_Quantity.quantity>657.008753</out_Quantity.quantity></Point><Point><position>1965</position><in_Quantity.quantity>0.000000</in_Quantity.quantity><out_Quantity.quantity>605.682272</out_Quantity.quantity></Point><Point><position>1966</position><in_Quantity.quantity>0.000000</in_Quantity.quantity><out_Quantity.quantity>206.164654</out_Quantity.quantity></Point><Point><position>1967</position><in_Quantity.quantity>0.000000</in_Quantity.quantity><out_Quantity.quantity>45.622128</out_Quantity.quantity></Point><Point><position>1968</position><in_Quantity.quantity>0.000000</in_Quantity.quantity><out_Quantity.quantity>105.666441</out_Quantity.quantity></Point><Point><position>1969</position><in_Quantity.quantity>0.000000</in_Quantity.quantity><out_Quantity.quantity>772.413496</out_Quantity.quantity></Point><Point><position>1970</position><in_Quantity.quantity>0.000000</in_Quantity.quantity><out_Quantity.quantity>915.336025</out_Quantity.quantity></Point><Point><position>1971</position><in_Quantity.quantity>0.000000</in_Quantity.quantity><out_Quantity.quantity>344.607303</out_Quantity.quantity></Point><Point><position>1972</position><in_Quantity.quantity>0.000000</in_Quantity.quantity><out_Quantity.quantity>238.921118</out_Quantity.quantity></Point><Point><position>1973</position><in_Quantity.quantity>0.000000</in_Quantity.quantity><out_Quantity.quantity>736.232675</out_Quantity.quantity></Point><Point><position>1974</position><in_Quantity.quantity>0.000000</in_Quantity.quantity><out_Quantity.quantity>225.442155</out_Quantity.quantity></Point><Point><position>1975</position><in_Quantity.quantity>0.000000</in_Quantity.quantity><out_Quantity.quantity>610.938106</out_Quantity.quantity></Point><Point><position>1976</position><in_Quantity.quantity>0.000000</in_Quantity.quantity><out_Quantity.quantity>306.907375</out_Quantity.quantity></Point><Point><position>1977</position><in_Quantity.quantity>0.000000</in_Quantity.quantity><out_Quantity.quantity>512.482503</out_Quantity.quantity></Point><Point><position>1978</position><in_Quantity.quantity>0.000000</in_Quantity.quantity><out_Quantity.quantity>466.366916</out_Quantity.quantity></Point><Point><position>1979</position><in_Quantity.quantity>0.000000</in_Quantity.quantity><out_Quantity.quantity>939.559224</out_Quantity.quantity></Point><Point><position>1980</position><in_Quantity.quantity>0.000000</in_Quantity.quantity><out_Quantity.quantity>761.489574</out_Quantity.quantity></Point><Point><position>1981</position><in_Quantity.quantity>0.000000</in_Quantity.quantity><out_Quantity.quantity>412.173774</out_Quantity.quantity></Point><Point><position>1982</position><in_Quantity.quantity>0.000000</in_Quantity.quantity><out_Quantity.quantity>926.628791</out_Quantity.quantity></Point><Point><position>1983</position><in_Quantity.quantity>0.000000</in_Quantity.quantity><out_Quantity.quantity>772.552513</out_Quantity.quantity></Point><Point><position>1984</position><in_Quantity.quantity>0.000000</in_Quantity.quantity><out_Quantity.quantity>354.596021</out_Quantity.quantity></Point><Point><position>1985</position><in_Quantity.quantity>0.000000</in_Quantity.quantity><out_Quantity.quantity>533.545270</out_Quantity.quantity></Point><Point><position>1986</position><in_Quantity.quantity>0.000000</in_Quantity.quantity><out_Quantity.quantity>46.638235</out_Quantity.quantity></Point><Point><position>1987</position><in_Quantity.quantity>0.000000</in_Quantity.quantity><out_Quantity.quantity>850.002844</out_Quantity.quantity></Point><Point><position>1988</position><in_Quantity.quantity>0.000000</in_Quantity.quantity><out_Quantity.quantity>866.773492</out_Quantity.quantity></Point><Point><position>1989</position><in_Quantity.quantity>0.000000</in_Quantity.quantity><out_Quantity.quantity>507.117400</out_Quantity.quantity></Point><Point><position>1990</position><in_Quantity.quantity>0.000000</in_Quantity.quantity><out_Quantity.quantity>221.973739</out_Quantity.quantity></Point><Point><position>1991</position><in_Quantity.quantity>0.000000</in_Quantity.quantity><out_Quantity.quantity>696.079230</out_Quantity.quantity></Point><Point><position>1992</position><in_Quantity.quantity>0.000000</in_Quantity.quantity><out_Quantity.quantity>807.454854</out_Quantity.quantity></Point><Point><position>1993</position><in_Quantity.quantity>0.000000</in_Quantity.quantity><out_Quantity.quantity>500.741989</out_Quantity.quantity></Point><Point><position>1994</position><in_Quantity.quantity>0.000000</in_Quantity.quantity><out_Quantity.quantity>882.758290</out_Quantity.quantity></Point><Point><position>1995</position><in_Quantity.quantity>0.000000</in_Quantity.quantity><out_Quantity.quantity>876.431418</out_Quantity.quantity></Point><Point><position>1996</position><in_Quantity.quantity>0.000000</in_Quantity.quantity><out_Quantity.quantity>715.866592</out_Quantity.quantity></Point><Point><position>1997</position><in_Quantity.quantity>0.000000</in_Quantity.quantity><out_Quantity.quantity>548.310841</out_Quantity.quantity></Point><Point><position>1998</position><in_Quantity.quantity>0.000000</in_Quantity.quantity><out_Quantity.quantity>785.110899</out_Quantity.quantity></Point><Point><position>1999</position><in_Quantity.quantity>0.000000</in_Quantity.quantity><out_Quantity.quantity>93.496716</out_Quantity.quantity></Point><Point><position>2000</position><in_Quantity.quantity>0.000000</in_Quantity.quantity><out_Quantity.quantity>185.708816</out_Quantity.quantity></Point><Point><position>2001</position><in_Quantity.quantity>0.000000</in_Quantity.quantity><out_Quantity.quantity>114.437077</out_Quantity.quantity></Point><Point><position>2002</position><in_Quantity.quantity>0.000000</in_Quantity.quantity><out_Quantity.quantity>585.495637</out_Quantity.quantity></Point><Point><position>2003</position><in_Quantity.quantity>0.000000</in_Quantity.quantity><out_Quantity.quantity>884.803498</out_Quantity.quantity></Point><Point><position>2004</position><in_Quantity.quantity>0.000000</in_Quantity.quantity><out_Quantity.quantity>633.354956</out_Quantity.quantity></Point><Point><position>2005</position><in_Quantity.quantity>0.000000</in_Quantity.quantity><out_Quantity.quantity>453.914858</out_Quantity.quantity></Point><Point><position>2006</position><in_Quantity.quantity>0.000000</in_Quantity.quantity><out_Quantity.quantity>440.137890</out_Quantity.quantity></Point><Point><position>2007</position><in_Quantity.quantity>0.000000</in_Quantity.quantity><out_Quantity.quantity>127.558590</out_Quantity.quantity></Point><Point><position>2008</position><in_Quantity.quantity>0.000000</in_Quantity.quantity><out_Quantity.quantity>56.712151</out_Quantity.quantity></Point><Point><position>2009</position><in_Quantity.quantity>0.000000</in_Quantity.quantity><out_Quantity.quantity>809.607066</out_Quantity.quantity></Point><Point><position>2010</position><in_Quantity.quantity>0.000000</in_Quantity.quantity><out_Quantity.quantity>780.099415</out_Quantity.quantity></Point><Point><position>2011</position><in_Quantity.quantity>0.000000</in_Quantity.quantity><out_Quantity.quantity>596.612386</out_Quantity.quantity></Point><Point><position>2012</position><in_Quantity.quantity>0.000000</in_Quantity.quantity><out_Quantity.quantity>369.430472</out_Quantity.quantity></Point><Point><position>2013</position><in_Quantity.quantity>0.000000</in_Quantity.quantity><out_Quantity.quantity>880.632951</out_Quantity.quantity></Point><Point><position>2014</position><in_Quantity.quantity>0.000000</in_Quantity.quantity><out_Quantity.quantity>677.082314</out_Quantity.quantity></Point><Point><position>2015</position><in_Quantity.quantity>0.000000</in_Quantity.quantity><out_Quantity.quantity>653.357430</out_Quantity.quantity></Point><Point><position>2016</position><in_Quantity.quantity>0.000000</in_Quantity.quantity><out_Quantity.quantity>354.827726</out_Quantity.quantity></Point><Point><position>2017</position><in_Quantity.quantity>0.000000</in_Quantity.quantity><out_Quantity.quantity>765.075145</out_Quantity.quantity></Point><Point><position>2018</position><in_Quantity.quantity>0.000000</in_Quantity.quantity><out_Quantity.quantity>184.864630</out_Quantity.quantity></Point><Point><position>2019</position><in_Quantity.quantity>0.000000</in_Quantity.quantity><out_Quantity.quantity>654.769803</out_Quantity.quantity></Point><Point><position>2020</position><in_Quantity.quantity>0.000000</in_Quantity.quantity><out_Quantity.quantity>815.747472</out_Quantity.quantity></Point><Point><position>2021</position><in_Quantity.quantity>0.000000</in_Quantity.quantity><out_Quantity.quantity>614.050334</out_Quantity.quantity></Point><Point><position>2022</position><in_Quantity.quantity>0.000000</in_Quantity.quantity><out_Quantity.quantity>459.344205</out_Quantity.quantity></Point><Point><position>2023</position><in_Quantity.quantity>0.000000</in_Quantity.quantity><out_Quantity.quantity>479.198206</out_Quantity.quantity></Point><Point><position>2024</position><in_Quantity.quantity>0.000000</in_Quantity.quantity><out_Quantity.quantity>83.267568</out_Quantity.quantity></Point><Point><position>2025</position><in_Quantity.quantity>0.000000</in_Quantity.quantity><out_Quantity.quantity>872.076837</out_Quantity.quantity></Point><Point><position>2026</position><in_Quantity.quantity>0.000000</in_Quantity.quantity><out_Quantity.quantity>664.955664</out_Quantity.quantity></Point><Point><position>2027</position><in_Quantity.quantity>0.000000</in_Quantity.quantity><out_Quantity.quantity>525.408815</out_Quantity.quantity></Point><Point><position>2028</position><in_Quantity.quantity>0.000000</in_Quantity.quantity><out_Quantity.quantity>989.205744</out_Quantity.quantity></Point><Point><position>2029</position><in_Quantity.quantity>0.000000</in_Quantity.quantity><out_Quantity.quantity>784.455728</out_Quantity.quantity></Point><Point><position>2030</position><in_Quantity.quantity>0.000000</in_Quantity.quantity><out_Quantity.quantity>277.580812</out_Quantity.quantity></Point><Point><position>2031</position><in_Quantity.quantity>0.000000</in_Quantity.quantity><out_Quantity.quantity>742.577597</out_Quantity.quantity></Point><Point><position>2032</position><in_Quantity.quantity>0.000000</in_Quantity.quantity><out_Quantity.quantity>296.364682</out_Quantity.quantity></Point><Point><position>2033</position><in_Quantity.quantity>0.000000</in_Quantity.quantity><out_Quantity.quantity>851.374194</out_Quantity.quantity></Point><Point><position>2034</position><in_Quantity.quantity>0.000000</in_Quantity.quantity><out_Quantity.quantity>735.913771</out_Quantity.quantity></Point><Point><position>2035</position><in_Quantity.quantity>0.000000</in_Quantity.quantity><out_Quantity.quantity>736.958324</out_Quantity.quantity></Point><Point><position>2036</position><in_Quantity.quantity>0.000000</in_Quantity.quantity><out_Quantity.quantity>844.606779</out_Quantity.quantity></Point><Point><position>2037</position><in_Quantity.quantity>0.000000</in_Quantity.quantity><out_Quantity.quantity>193.825965</out_Quantity.quantity></Point><Point><position>2038</position><in_Quantity.quantity>0.000000</in_Quantity.quantity><out_Quantity.quantity>257.225871</out_Quantity.quantity></Point><Point><position>2039</position><in_Quantity.quantity>0.000000</in_Quantity.quantity><out_Quantity.quantity>237.198646</out_Quantity.quantity></Point><Point><position>2040</position><in_Quantity.quantity>0.000000</in_Quantity.quantity><out_Quantity.quantity>392.075415</out_Quantity.quantity></Point><Point><position>2041</position><in_Quantity.quantity>0.000000</in_Quantity.quantity><out_Quantity.quantity>798.972977</out_Quantity.quantity></Point><Point><position>2042</position><in_Quantity.quantity>0.000000</in_Quantity.quantity><out_Quantity.quantity>128.668553</out_Quantity.quantity></Point><Point><position>2043</position><in_Quantity.quantity>0.000000</in_Quantity.quantity><out_Quantity.quantity>18.200243</out_Quantity.quantity></Point><Point><position>2044</position><in_Quantity.quantity>0.000000</in_Quantity.quantity><out_Quantity.quantity>265.219233</out_Quantity.quantity></Point><Point><position>2045</position><in_Quantity.quantity>0.000000</in_Quantity.quantity><out_Quantity.quantity>202.724414</out_Quantity.quantity></Point><Point><position>2046</position><in_Quantity.quantity>0.000000</in_Quantity.quantity><out_Quantity.quantity>113.006133</out_Quantity.quantity></Point><Point><position>2047</position><in_Quantity.quantity>0.000000</in_Quantity.quantity><out_Quantity.quantity>924.483929</out_Quantity.quantity></Point><Point><position>2048</position><in_Quantity.quantity>0.000000</in_Quantity.quantity><out_Quantity.quantity>877.266939</out_Quantity.quantity></Point><Point><position>2049</position><in_Quantity.quantity>0.000000</in_Quantity.quantity><out_Quantity.quantity>266.870622</out_Quantity.quantity></Point><Point><position>2050</position><in_Quantity.quantity>0.000000</in_Quantity.quantity><out_Quantity.quantity>190.752979</out_Quantity.quantity></Point><Point><position>2051</position><in_Quantity.quantity>0.000000</in_Quantity.quantity><out_Quantity.quantity>117.278406</out_Quantity.quantity></Point><Point><position>2052</position><in_Quantity.quantity>0.000000</in_Quantity.quantity><out_Quantity.quantity>486.153271</out_Quantity.quantity></Point><Point><position>2053</position><in_Quantity.quantity>0.000000</in_Quantity.quantity><out_Quantity.quantity>86.354097</out_Quantity.quantity></Point><Point><position>2054</position><in_Quantity.quantity>0.000000</in_Quantity.quantity><out_Quantity.quantity>476.004508</out_Quantity.quantity></Point><Point><position>2055</position><in_Quantity.quantity>0.000000</in_Quantity.quantity><out_Quantity.quantity>92.939029</out_Quantity.quantity></Point><Point><position>2056</position><in_Quantity.quantity>0.000000</in_Quantity.quantity><out_Quantity.quantity>524.228040</out_Quantity.quantity></Point><Point><position>2057</position><in_Quantity.quantity>0.000000</in_Quantity.quantity><out_Quantity.quantity>778.170538</out_Quantity.quantity></Point><Point><position>2058</position><in_Quantity.quantity>0.000000</in_Quantity.quantity><out_Quantity.quantity>885.031737</out_Quantity.quantity></Point><Point><position>2059</position><in_Quantity.quantity>0.000000</in_Quantity.quantity><out_Quantity.quantity>368.697950</out_Quantity.quantity></Point><Point><position>2060</position><in_Quantity.quantity>0.000000</in_Quantity.quantity><out_Quantity.quantity>153.866300</out_Quantity.quantity></Point><Point><position>2061</position><in_Quantity.quantity>0.000000</in_Quantity.quantity><out_Quantity.quantity>962.399159</out_Quantity.quantity></Point><Point><position>2062</position><in_Quantity.quantity>0.000000</in_Quantity.quantity><out_Quantity.quantity>770.665249</out_Quantity.quantity></Point><Point><position>2063</position><in_Quantity.quantity>0.000000</in_Quantity.quantity><out_Quantity.quantity>757.689187</out_Quantity.quantity></Point><Point><position>2064</position><in_Quantity.quantity>0.000000</in_Quantity.quantity><out_Quantity.quantity>795.028938</out_Quantity.quantity></Point><Point><position>2065</position><in_Quantity.quantity>0.000000</in_Quantity.quantity><out_Quantity.quantity>96.695167</out_Quantity.quantity></Point><Point><position>2066</position><in_Quantity.quantity>0.000000</in_Quantity.quantity><out_Quantity.quantity>423.917741</out_Quantity.quantity></Point><Point><position>2067</position><in_Quantity.quantity>0.000000</in_Quantity.quantity><out_Quantity.quantity>69.130906</out_Quantity.quantity></Point><Point><position>2068</position><in_Quantity.quantity>0.000000</in_Quantity.quantity><out_Quantity.quantity>349.956785</out_Quantity.quantity></Point><Point><position>2069</position><in_Quantity.quantity>0.000000</in_Quantity.quantity><out_Quantity.quantity>674.176785</out_Quantity.quantity></Point><Point><position>2070</position><in_Quantity.quantity>0.000000</in_Quantity.quantity><out_Quantity.quantity>999.803634</out_Quantity.quantity></Point><Point><position>2071</position><in_Quantity.quantity>0.000000</in_Quantity.quantity><out_Quantity.quantity>958.962882</out_Quantity.quantity></Point><Point><position>2072</position><in_Quantity.quantity>0.000000</in_Quantity.quantity><out_Quantity.quantity>67.758883</out_Quantity.quantity></Point><Point><position>2073</position><in_Quantity.quantity>0.000000</in_Quantity.quantity><out_Quantity.quantity>271.414227</out_Quantity.quantity></Point><Point><position>2074</position><in_Quantity.quantity>0.000000</in_Quantity.quantity><out_Quantity.quantity>21.846299</out_Quantity.quantity></Point><Point><position>2075</position><in_Quantity.quantity>0.000000</in_Quantity.quantity><out_Quantity.quantity>880.130787</out_Quantity.quantity></Point><Point><position>2076</position><in_Quantity.quantity>0.000000</in_Quantity.quantity><out_Quantity.quantity>301.911909</out_Quantity.quantity></Point><Point><position>2077</position><in_Quantity.quantity>0.000000</in_Quantity.quantity><out_Quantity.quantity>759.310368</out_Quantity.quantity></Point><Point><position>2078</position><in_Quantity.quantity>0.000000</in_Quantity.quantity><out_Quantity.quantity>26.195244</out_Quantity.quantity></Point><Point><position>2079</position><in_Quantity.quantity>0.000000</in_Quantity.quantity><out_Quantity.quantity>81.019365</out_Quantity.quantity></Point><Point><position>2080</position><in_Quantity.quantity>0.000000</in_Quantity.quantity><out_Quantity.quantity>241.765637</out_Quantity.quantity></Point><Point><position>2081</position><in_Quantity.quantity>0.000000</in_Quantity.quantity><out_Quantity.quantity>283.452026</out_Quantity.quantity></Point><Point><position>2082</position><in_Quantity.quantity>0.000000</in_Quantity.quantity><out_Quantity.quantity>506.322792</out_Quantity.quantity></Point><Point><position>2083</position><in_Quantity.quantity>0.000000</in_Quantity.quantity><out_Quantity.quantity>509.780981</out_Quantity.quantity></Point><Point><position>2084</position><in_Quantity.quantity>0.000000</in_Quantity.quantity><out_Quantity.quantity>917.280930</out_Quantity.quantity></Point><Point><position>2085</position><in_Quantity.quantity>0.000000</in_Quantity.quantity><out_Quantity.quantity>986.271855</out_Quantity.quantity></Point><Point><position>2086</position><in_Quantity.quantity>0.000000</in_Quantity.quantity><out_Quantity.quantity>366.116805</out_Quantity.quantity></Point><Point><position>2087</position><in_Quantity.quantity>0.000000</in_Quantity.quantity><out_Quantity.quantity>865.262316</out_Quantity.quantity></Point><Point><position>2088</position><in_Quantity.quantity>0.000000</in_Quantity.quantity><out_Quantity.quantity>900.512422</out_Quantity.quantity></Point><Point><position>2089</position><in_Quantity.quantity>0.000000</in_Quantity.quantity><out_Quantity.quantity>917.510731</out_Quantity.quantity></Point><Point><position>2090</position><in_Quantity.quantity>0.000000</in_Quantity.quantity><out_Quantity.quantity>447.042289</out_Quantity.quantity></Point><Point><position>2091</position><in_Quantity.quantity>0.000000</in_Quantity.quantity><out_Quantity.quantity>694.851645</out_Quantity.quantity></Point><Point><position>2092</position><in_Quantity.quantity>0.000000</in_Quantity.quantity><out_Quantity.quantity>148.498443</out_Quantity.quantity></Point><Point><position>2093</position><in_Quantity.quantity>0.000000</in_Quantity.quantity><out_Quantity.quantity>850.855842</out_Quantity.quantity></Point><Point><position>2094</position><in_Quantity.quantity>0.000000</in_Quantity.quantity><out_Quantity.quantity>272.852385</out_Quantity.quantity></Point><Point><position>2095</position><in_Quantity.quantity>0.000000</in_Quantity.quantity><out_Quantity.quantity>795.732800</out_Quantity.quantity></Point><Point><position>2096</position><in_Quantity.quantity>0.000000</in_Quantity.quantity><out_Quantity.quantity>631.152602</out_Quantity.quantity></Point><Point><position>2097</position><in_Quantity.quantity>0.000000</in_Quantity.quantity><out_Quantity.quantity>285.660846</out_Quantity.quantity></Point><Point><position>2098</position><in_Quantity.quantity>0.000000</in_Quantity.quantity><out_Quantity.quantity>91.431802</out_Quantity.quantity></Point><Point><position>2099</position><in_Quantity.quantity>0.000000</in_Quantity.quantity><out_Quantity.quantity>830.134351</out_Quantity.quantity></Point><Point><position>2100</position><in_Quantity.quantity>0.000000</in_Quantity.quantity><out_Quantity.quantity>272.089574</out_Quantity.quantity></Point><Point><position>2101</position><in_Quantity.quantity>0.000000</in_Quantity.quantity><out_Quantity.quantity>607.631043</out_Quantity.quantity></Point><Point><position>2102</position><in_Quantity.quantity>0.000000</in_Quantity.quantity><out_Quantity.quantity>90.545920</out_Quantity.quantity></Point><Point><position>2103</position><in_Quantity.quantity>0.000000</in_Quantity.quantity><out_Quantity.quantity>358.916865</out_Quantity.quantity></Point><Point><position>2104</position><in_Quantity.quantity>0.000000</in_Quantity.quantity><out_Quantity.quantity>19.571406</out_Quantity.quantity></Point><Point><position>2105</position><in_Quantity.quantity>0.000000</in_Quantity.quantity><out_Quantity.quantity>141.423258</out_Quantity.quantity></Point><Point><position>2106</position><in_Quantity.quantity>0.000000</in_Quantity.quantity><out_Quantity.quantity>204.129495</out_Quantity.quantity></Point><Point><position>2107</position><in_Quantity.quantity>0.000000</in_Quantity.quantity><out_Quantity.quantity>150.670038</out_Quantity.quantity></Point><Point><position>2108</position><in_Quantity.quantity>0.000000</in_Quantity.quantity><out_Quantity.quantity>119.909479</out_Quantity.quantity></Point><Point><position>2109</position><in_Quantity.quantity>0.000000</in_Quantity.quantity><out_Quantity.quantity>25.656761</out_Quantity.quantity></Point><Point><position>2110</position><in_Quantity.quantity>0.000000</in_Quantity.quantity><out_Quantity.quantity>229.498971</out_Quantity.quantity></Point><Point><position>2111</position><in_Quantity.quantity>0.000000</in_Quantity.quantity><out_Quantity.quantity>255.970377</out_Quantity.quantity></Point><Point><position>2112</position><in_Quantity.quantity>0.000000</in_Quantity.quantity><out_Quantity.quantity>474.477010</out_Quantity.quantity></Point><Point><position>2113</position><in_Quantity.quantity>0.000000</in_Quantity.quantity><out_Quantity.quantity>284.709755</out_Quantity.quantity></Point><Point><position>2114</position><in_Quantity.quantity>0.000000</in_Quantity.quantity><out_Quantity.quantity>286.270187</out_Quantity.quantity></Point><Point><position>2115</position><in_Quantity.quantity>0.000000</in_Quantity.quantity><out_Quantity.quantity>183.888191</out_Quantity.quantity></Point><Point><position>2116</position><in_Quantity.quantity>0.000000</in_Quantity.quantity><out_Quantity.quantity>354.160612</out_Quantity.quantity></Point><Point><position>2117</position><in_Quantity.quantity>0.000000</in_Quantity.quantity><out_Quantity.quantity>188.205621</out_Quantity.quantity></Point><Point><position>2118</position><in_Quantity.quantity>0.000000</in_Quantity.quantity><out_Quantity.quantity>307.080198</out_Quantity.quantity></Point><Point><position>2119</position><in_Quantity.quantity>0.000000</in_Quantity.quantity><out_Quantity.quantity>472.941932</out_Quantity.quantity></Point><Point><position>2120</position><in_Quantity.quantity>0.000000</in_Quantity.quantity><out_Quantity.quantity>25.376682</out_Quantity.quantity></Point><Point><position>2121</position><in_Quantity.quantity>0.000000</in_Quantity.quantity><out_Quantity.quantity>269.719280</out_Quantity.quantity></Point><Point><position>2122</position><in_Quantity.quantity>0.000000</in_Quantity.quantity><out_Quantity.quantity>484.717696</out_Quantity.quantity></Point><Point><position>2123</position><in_Quantity.quantity>0.000000</in_Quantity.quantity><out_Quantity.quantity>369.153331</out_Quantity.quantity></Point><Point><position>2124</position><in_Quantity.quantity>0.000000</in_Quantity.quantity><out_Quantity.quantity>10.937181</out_Quantity.quantity></Point><Point><position>2125</position><in_Quantity.quantity>0.000000</in_Quantity.quantity><out_Quantity.quantity>366.226017</out_Quantity.quantity></Point><Point><position>2126</position><in_Quantity.quantity>0.000000</in_Quantity.quantity><out_Quantity.quantity>217.187808</out_Quantity.quantity></Point><Point><position>2127</position><in_Quantity.quantity>0.000000</in_Quantity.quantity><out_Quantity.quantity>825.782139</out_Quantity.quantity></Point><Point><position>2128</position><in_Quantity.quantity>0.000000</in_Quantity.quantity><out_Quantity.quantity>228.608144</out_Quantity.quantity></Point><Point><position>2129</position><in_Quantity.quantity>0.000000</in_Quantity.quantity><out_Quantity.quantity>53.630291</out_Quantity.quantity></Point><Point><position>2130</position><in_Quantity.quantity>0.000000</in_Quantity.quantity><out_Quantity.quantity>19.421627</out_Quantity.quantity></Point><Point><position>2131</position><in_Quantity.quantity>0.000000</in_Quantity.quantity><out_Quantity.quantity>832.144703</out_Quantity.quantity></Point><Point><position>2132</position><in_Quantity.quantity>0.000000</in_Quantity.quantity><out_Quantity.quantity>377.524235</out_Quantity.quantity></Point><Point><position>2133</position><in_Quantity.quantity>0.000000</in_Quantity.quantity><out_Quantity.quantity>636.961621</out_Quantity.quantity></Point><Point><position>2134</position><in_Quantity.quantity>0.000000</in_Quantity.quantity><out_Quantity.quantity>341.473442</out_Quantity.quantity></Point><Point><position>2135</position><in_Quantity.quantity>0.000000</in_Quantity.quantity><out_Quantity.quantity>233.626722</out_Quantity.quantity></Point><Point><position>2136</position><in_Quantity.quantity>0.000000</in_Quantity.quantity><out_Quantity.quantity>566.635116</out_Quantity.quantity></Point><Point><position>2137</position><in_Quantity.quantity>0.000000</in_Quantity.quantity><out_Quantity.quantity>752.791161</out_Quantity.quantity></Point><Point><position>2138</position><in_Quantity.quantity>0.000000</in_Quantity.quantity><out_Quantity.quantity>198.942038</out_Quantity.quantity></Point><Point><position>2139</position><in_Quantity.quantity>0.000000</in_Quantity.quantity><out_Quantity.quantity>853.400221</out_Quantity.quantity></Point><Point><position>2140</position><in_Quantity.quantity>0.000000</in_Quantity.quantity><out_Quantity.quantity>935.444874</out_Quantity.quantity></Point><Point><position>2141</position><in_Quantity.quantity>0.000000</in_Quantity.quantity><out_Quantity.quantity>744.826225</out_Quantity.quantity></Point><Point><position>2142</position><in_Quantity.quantity>0.000000</in_Quantity.quantity><out_Quantity.quantity>100.984448</out_Quantity.quantity></Point><Point><position>2143</position><in_Quantity.quantity>0.000000</in_Quantity.quantity><out_Quantity.quantity>695.276551</out_Quantity.quantity></Point><Point><position>2144</position><in_Quantity.quantity>0.000000</in_Quantity.quantity><out_Quantity.quantity>579.391981</out_Quantity.quantity></Point><Point><position>2145</position><in_Quantity.quantity>0.000000</in_Quantity.quantity><out_Quantity.quantity>92.973724</out_Quantity.quantity></Point><Point><position>2146</position><in_Quantity.quantity>0.000000</in_Quantity.quantity><out_Quantity.quantity>796.297233</out_Quantity.quantity></Point><Point><position>2147</position><in_Quantity.quantity>0.000000</in_Quantity.quantity><out_Quantity.quantity>573.351395</out_Quantity.quantity></Point><Point><position>2148</position><in_Quantity.quantity>0.000000</in_Quantity.quantity><out_Quantity.quantity>845.985128</out_Quantity.quantity></Point><Point><position>2149</position><in_Quantity.quantity>0.000000</in_Quantity.quantity><out_Quantity.quantity>745.080302</out_Quantity.quantity></Point><Point><position>2150</position><in_Quantity.quantity>0.000000</in_Quantity.quantity><out_Quantity.quantity>448.710856</out_Quantity.quantity></Point><Point><position>2151</position><in_Quantity.quantity>0.000000</in_Quantity.quantity><out_Quantity.quantity>332.948485</out_Quantity.quantity></Point><Point><position>2152</position><in_Quantity.quantity>0.000000</in_Quantity.quantity><out_Quantity.quantity>840.865678</out_Quantity.quantity></Point><Point><position>2153</position><in_Quantity.quantity>0.000000</in_Quantity.quantity><out_Quantity.quantity>574.344430</out_Quantity.quantity></Point><Point><position>2154</position><in_Quantity.quantity>0.000000</in_Quantity.quantity><out_Quantity.quantity>779.474826</out_Quantity.quantity></Point><Point><position>2155</position><in_Quantity.quantity>0.000000</in_Quantity.quantity><out_Quantity.quantity>160.507580</out_Quantity.quantity></Point><Point><position>2156</position><in_Quantity.quantity>0.000000</in_Quantity.quantity><out_Quantity.quantity>424.212229</out_Quantity.quantity></Point><Point><position>2157</position><in_Quantity.quantity>0.000000</in_Quantity.quantity><out_Quantity.quantity>341.334178</out_Quantity.quantity></Point><Point><position>2158</position><in_Quantity.quantity>0.000000</in_Quantity.quantity><out_Quantity.quantity>872.200549</out_Quantity.quantity></Point><Point><position>2159</position><in_Quantity.quantity>0.000000</in_Quantity.quantity><out_Quantity.quantity>236.963964</out_Quantity.quantity></Point><Point><position>2160</position><in_Quantity.quantity>0.000000</in_Quantity.quantity><out_Quantity.quantity>501.880064</out_Quantity.quantity></Point><Point><position>2161</position><in_Quantity.quantity>0.000000</in_Quantity.quantity><out_Quantity.quantity>919.668289</out_Quantity.quantity></Point><Point><position>2162</position><in_Quantity.quantity>0.000000</in_Quantity.quantity><out_Quantity.quantity>805.566758</out_Quantity.quantity></Point><Point><position>2163</position><in_Quantity.quantity>0.000000</in_Quantity.quantity><out_Quantity.quantity>816.398231</out_Quantity.quantity></Point><Point><position>2164</position><in_Quantity.quantity>0.000000</in_Quantity.quantity><out_Quantity.quantity>873.771894</out_Quantity.quantity></Point><Point><position>2165</position><in_Quantity.quantity>0.000000</in_Quantity.quantity><out_Quantity.quantity>996.358465</out_Quantity.quantity></Point><Point><position>2166</position><in_Quantity.quantity>0.000000</in_Quantity.quantity><out_Quantity.quantity>64.332015</out_Quantity.quantity></Point><Point><position>2167</position><in_Quantity.quantity>0.000000</in_Quantity.quantity><out_Quantity.quantity>405.198306</out_Quantity.quantity></Point><Point><position>2168</position><in_Quantity.quantity>0.000000</in_Quantity.quantity><out_Quantity.quantity>30.673447</out_Quantity.quantity></Point><Point><position>2169</position><in_Quantity.quantity>0.000000</in_Quantity.quantity><out_Quantity.quantity>508.067925</out_Quantity.quantity></Point><Point><position>2170</position><in_Quantity.quantity>0.000000</in_Quantity.quantity><out_Quantity.quantity>872.681928</out_Quantity.quantity></Point><Point><position>2171</position><in_Quantity.quantity>0.000000</in_Quantity.quantity><out_Quantity.quantity>714.352040</out_Quantity.quantity></Point><Point><position>2172</position><in_Quantity.quantity>0.000000</in_Quantity.quantity><out_Quantity.quantity>49.481425</out_Quantity.quantity></Point><Point><position>2173</position><in_Quantity.quantity>0.000000</in_Quantity.quantity><out_Quantity.quantity>330.293241</out_Quantity.quantity></Point><Point><position>2174</position><in_Quantity.quantity>0.000000</in_Quantity.quantity><out_Quantity.quantity>708.103066</out_Quantity.quantity></Point><Point><position>2175</position><in_Quantity.quantity>0.000000</in_Quantity.quantity><out_Quantity.quantity>803.617292</out_Quantity.quantity></Point><Point><position>2176</position><in_Quantity.quantity>0.000000</in_Quantity.quantity><out_Quantity.quantity>545.252982</out_Quantity.quantity></Point><Point><position>2177</position><in_Quantity.quantity>0.000000</in_Quantity.quantity><out_Quantity.quantity>482.887674</out_Quantity.quantity></Point><Point><position>2178</position><in_Quantity.quantity>0.000000</in_Quantity.quantity><out_Quantity.quantity>980.753283</out_Quantity.quantity></Point><Point><position>2179</position><in_Quantity.quantity>0.000000</in_Quantity.quantity><out_Quantity.quantity>104.535699</out_Quantity.quantity></Point><Point><position>2180</position><in_Quantity.quantity>0.000000</in_Quantity.quantity><out_Quantity.quantity>196.697041</out_Quantity.quantity></Point><Point><position>2181</position><in_Quantity.quantity>0.000000</in_Quantity.quantity><out_Quantity.quantity>264.732016</out_Quantity.quantity></Point><Point><position>2182</position><in_Quantity.quantity>0.000000</in_Quantity.quantity><out_Quantity.quantity>414.304594</out_Quantity.quantity></Point><Point><position>2183</position><in_Quantity.quantity>0.000000</in_Quantity.quantity><out_Quantity.quantity>825.978311</out_Quantity.quantity></Point><Point><position>2184</position><in_Quantity.quantity>0.000000</in_Quantity.quantity><out_Quantity.quantity>377.487547</out_Quantity.quantity></Point><Point><position>2185</position><in_Quantity.quantity>0.000000</in_Quantity.quantity><out_Quantity.quantity>496.413977</out_Quantity.quantity></Point><Point><position>2186</position><in_Quantity.quantity>0.000000</in_Quantity.quantity><out_Quantity.quantity>631.209932</out_Quantity.quantity></Point><Point><position>2187</position><in_Quantity.quantity>0.000000</in_Quantity.quantity><out_Quantity.quantity>924.219280</out_Quantity.quantity></Point><Point><position>2188</position><in_Quantity.quantity>0.000000</in_Quantity.quantity><out_Quantity.quantity>230.668495</out_Quantity.quantity></Point><Point><position>2189</position><in_Quantity.quantity>0.000000</in_Quantity.quantity><out_Quantity.quantity>650.538234</out_Quantity.quantity></Point><Point><position>2190</position><in_Quantity.quantity>0.000000</in_Quantity.quantity><out_Quantity.quantity>154.360862</out_Quantity.quantity></Point><Point><position>2191</position><in_Quantity.quantity>0.000000</in_Quantity.quantity><out_Quantity.quantity>490.743628</out_Quantity.quantity></Point><Point><position>2192</position><in_Quantity.quantity>0.000000</in_Quantity.quantity><out_Quantity.quantity>332.696215</out_Quantity.quantity></Point><Point><position>2193</position><in_Quantity.quantity>0.000000</in_Quantity.quantity><out_Quantity.quantity>717.762895</out_Quantity.quantity></Point><Point><position>2194</position><in_Quantity.quantity>0.000000</in_Quantity.quantity><out_Quantity.quantity>576.632365</out_Quantity.quantity></Point><Point><position>2195</position><in_Quantity.quantity>0.000000</in_Quantity.quantity><out_Quantity.quantity>175.400808</out_Quantity.quantity></Point><Point><position>2196</position><in_Quantity.quantity>0.000000</in_Quantity.quantity><out_Quantity.quantity>792.819263</out_Quantity.quantity></Point><Point><position>2197</position><in_Quantity.quantity>0.000000</in_Quantity.quantity><out_Quantity.quantity>991.435610</out_Quantity.quantity></Point><Point><position>2198</position><in_Quantity.quantity>0.000000</in_Quantity.quantity><out_Quantity.quantity>486.656430</out_Quantity.quantity></Point><Point><position>2199</position><in_Quantity.quantity>0.000000</in_Quantity.quantity><out_Quantity.quantity>452.336934</out_Quantity.quantity></Point><Point><position>2200</position><in_Quantity.quantity>0.000000</in_Quantity.quantity><out_Quantity.quantity>576.270473</out_Quantity.quantity></Point><Point><position>2201</position><in_Quantity.quantity>0.000000</in_Quantity.quantity><out_Quantity.quantity>751.965141</out_Quantity.quantity></Point><Point><position>2202</position><in_Quantity.quantity>0.000000</in_Quantity.quantity><out_Quantity.quantity>19.847037</out_Quantity.quantity></Point><Point><position>2203</position><in_Quantity.quantity>0.000000</in_Quantity.quantity><out_Quantity.quantity>162.543019</out_Quantity.quantity></Point><Point><position>2204</position><in_Quantity.quantity>0.000000</in_Quantity.quantity><out_Quantity.quantity>938.275209</out_Quantity.quantity></Point><Point><position>2205</position><in_Quantity.quantity>0.000000</in_Quantity.quantity><out_Quantity.quantity>775.265241</out_Quantity.quantity></Point><Point><position>2206</position><in_Quantity.quantity>0.000000</in_Quantity.quantity><out_Quantity.quantity>540.650548</out_Quantity.quantity></Point><Point><position>2207</position><in_Quantity.quantity>0.000000</in_Quantity.quantity><out_Quantity.quantity>477.608533</out_Quantity.quantity></Point><Point><position>2208</position><in_Quantity.quantity>0.000000</in_Quantity.quantity><out_Quantity.quantity>932.846886</out_Quantity.quantity></Point><Point><position>2209</position><in_Quantity.quantity>0.000000</in_Quantity.quantity><out_Quantity.quantity>664.164730</out_Quantity.quantity></Point><Point><position>2210</position><in_Quantity.quantity>0.000000</in_Quantity.quantity><out_Quantity.quantity>622.423103</out_Quantity.quantity></Point><Point><position>2211</position><in_Quantity.quantity>0.000000</in_Quantity.quantity><out_Quantity.quantity>291.007243</out_Quantity.quantity></Point><Point><position>2212</position><in_Quantity.quantity>0.000000</in_Quantity.quantity><out_Quantity.quantity>748.708612</out_Quantity.quantity></Point><Point><position>2213</position><in_Quantity.quantity>0.000000</in_Quantity.quantity><out_Quantity.quantity>115.405613</out_Quantity.quantity></Point><Point><position>2214</position><in_Quantity.quantity>0.000000</in_Quantity.quantity><out_Quantity.quantity>788.695571</out_Quantity.quantity></Point><Point><position>2215</position><in_Quantity.quantity>0.000000</in_Quantity.quantity><out_Quantity.quantity>106.160977</out_Quantity.quantity></Point><Point><position>2216</position><in_Quantity.quantity>0.000000</in_Quantity.quantity><out_Quantity.quantity>205.984870</out_Quantity.quantity></Point><Point><position>2217</position><in_Quantity.quantity>0.000000</in_Quantity.quantity><out_Quantity.quantity>629.088385</out_Quantity.quantity></Point><Point><position>2218</position><in_Quantity.quantity>0.000000</in_Quantity.quantity><out_Quantity.quantity>427.977653</out_Quantity.quantity></Point><Point><position>2219</position><in_Quantity.quantity>0.000000</in_Quantity.quantity><out_Quantity.quantity>44.243191</out_Quantity.quantity></Point><Point><position>2220</position><in_Quantity.quantity>0.000000</in_Quantity.quantity><out_Quantity.quantity>530.024529</out_Quantity.quantity></Point><Point><position>2221</position><in_Quantity.quantity>0.000000</in_Quantity.quantity><out_Quantity.quantity>441.857960</out_Quantity.quantity></Point><Point><position>2222</position><in_Quantity.quantity>0.000000</in_Quantity.quantity><out_Quantity.quantity>67.482165</out_Quantity.quantity></Point><Point><position>2223</position><in_Quantity.quantity>0.000000</in_Quantity.quantity><out_Quantity.quantity>307.539335</out_Quantity.quantity></Point><Point><position>2224</position><in_Quantity.quantity>0.000000</in_Quantity.quantity><out_Quantity.quantity>348.935541</out_Quantity.quantity></Point><Point><position>2225</position><in_Quantity.quantity>0.000000</in_Quantity.quantity><out_Quantity.quantity>460.457940</out_Quantity.quantity></Point><Point><position>2226</position><in_Quantity.quantity>0.000000</in_Quantity.quantity><out_Quantity.quantity>702.454901</out_Quantity.quantity></Point><Point><position>2227</position><in_Quantity.quantity>0.000000</in_Quantity.quantity><out_Quantity.quantity>202.939542</out_Quantity.quantity></Point><Point><position>2228</position><in_Quantity.quantity>0.000000</in_Quantity.quantity><out_Quantity.quantity>684.745196</out_Quantity.quantity></Point><Point><position>2229</position><in_Quantity.quantity>0.000000</in_Quantity.quantity><out_Quantity.quantity>941.728604</out_Quantity.quantity></Point><Point><position>2230</position><in_Quantity.quantity>0.000000</in_Quantity.quantity><out_Quantity.quantity>272.038945</out_Quantity.quantity></Point><Point><position>2231</position><in_Quantity.quantity>0.000000</in_Quantity.quantity><out_Quantity.quantity>170.551659</out_Quantity.quantity></Point><Point><position>2232</position><in_Quantity.quantity>0.000000</in_Quantity.quantity><out_Quantity.quantity>921.396819</out_Quantity.quantity></Point><Point><position>2233</position><in_Quantity.quantity>0.000000</in_Quantity.quantity><out_Quantity.quantity>777.593864</out_Quantity.quantity></Point><Point><position>2234</position><in_Quantity.quantity>0.000000</in_Quantity.quantity><out_Quantity.quantity>572.324170</out_Quantity.quantity></Point><Point><position>2235</position><in_Quantity.quantity>0.000000</in_Quantity.quantity><out_Quantity.quantity>203.648814</out_Quantity.quantity></Point><Point><position>2236</position><in_Quantity.quantity>0.000000</in_Quantity.quantity><out_Quantity.quantity>419.473717</out_Quantity.quantity></Point><Point><position>2237</position><in_Quantity.quantity>0.000000</in_Quantity.quantity><out_Quantity.quantity>269.764583</out_Quantity.quantity></Point><Point><position>2238</position><in_Quantity.quantity>0.000000</in_Quantity.quantity><out_Quantity.quantity>31.017664</out_Quantity.quantity></Point><Point><position>2239</position><in_Quantity.quantity>0.000000</in_Quantity.quantity><out_Quantity.quantity>916.975685</out_Quantity.quantity></Point><Point><position>2240</position><in_Quantity.quantity>0.000000</in_Quantity.quantity><out_Quantity.quantity>271.473685</out_Quantity.quantity></Point><Point><position>2241</position><in_Quantity.quantity>0.000000</in_Quantity.quantity><out_Quantity.quantity>596.389944</out_Quantity.quantity></Point><Point><position>2242</position><in_Quantity.quantity>0.000000</in_Quantity.quantity><out_Quantity.quantity>337.335492</out_Quantity.quantity></Point><Point><position>2243</position><in_Quantity.quantity>0.000000</in_Quantity.quantity><out_Quantity.quantity>157.787195</out_Quantity.quantity></Point><Point><position>2244</position><in_Quantity.quantity>0.000000</in_Quantity.quantity><out_Quantity.quantity>636.322230</out_Quantity.quantity></Point><Point><position>2245</position><in_Quantity.quantity>0.000000</in_Quantity.quantity><out_Quantity.quantity>480.731364</out_Quantity.quantity></Point><Point><position>2246</position><in_Quantity.quantity>0.000000</in_Quantity.quantity><out_Quantity.quantity>697.207765</out_Quantity.quantity></Point><Point><position>2247</position><in_Quantity.quantity>0.000000</in_Quantity.quantity><out_Quantity.quantity>974.382956</out_Quantity.quantity></Point><Point><position>2248</position><in_Quantity.quantity>0.000000</in_Quantity.quantity><out_Quantity.quantity>651.233166</out_Quantity.quantity></Point><Point><position>2249</position><in_Quantity.quantity>0.000000</in_Quantity.quantity><out_Quantity.quantity>320.199792</out_Quantity.quantity></Point><Point><position>2250</position><in_Quantity.quantity>0.000000</in_Quantity.quantity><out_Quantity.quantity>25.598575</out_Quantity.quantity></Point><Point><position>2251</position><in_Quantity.quantity>0.000000</in_Quantity.quantity><out_Quantity.quantity>572.572988</out_Quantity.quantity></Point><Point><position>2252</position><in_Quantity.quantity>0.000000</in_Quantity.quantity><out_Quantity.quantity>146.013949</out_Quantity.quantity></Point><Point><position>2253</position><in_Quantity.quantity>0.000000</in_Quantity.quantity><out_Quantity.quantity>991.482156</out_Quantity.quantity></Point><Point><position>2254</position><in_Quantity.quantity>0.000000</in_Quantity.quantity><out_Quantity.quantity>12.379768</out_Quantity.quantity></Point><Point><position>2255</position><in_Quantity.quantity>0.000000</in_Quantity.quantity><out_Quantity.quantity>480.132775</out_Quantity.quantity></Point><Point><position>2256</position><in_Quantity.quantity>0.000000</in_Quantity.quantity><out_Quantity.quantity>752.063229</out_Quantity.quantity></Point><Point><position>2257</position><in_Quantity.quantity>0.000000</in_Quantity.quantity><out_Quantity.quantity>461.534265</out_Quantity.quantity></Point><Point><position>2258</position><in_Quantity.quantity>0.000000</in_Quantity.quantity><out_Quantity.quantity>761.949659</out_Quantity.quantity></Point><Point><position>2259</position><in_Quantity.quantity>0.000000</in_Quantity.quantity><out_Quantity.quantity>165.307870</out_Quantity.quantity></Point><Point><position>2260</position><in_Quantity.quantity>0.000000</in_Quantity.quantity><out_Quantity.quantity>594.280233</out_Quantity.quantity></Point><Point><position>2261</position><in_Quantity.quantity>0.000000</in_Quantity.quantity><out_Quantity.quantity>296.554664</out_Quantity.quantity></Point><Point><position>2262</position><in_Quantity.quantity>0.000000</in_Quantity.quantity><out_Quantity.quantity>56.137892</out_Quantity.quantity></Point><Point><position>2263</position><in_Quantity.quantity>0.000000</in_Quantity.quantity><out_Quantity.quantity>748.914044</out_Quantity.quantity></Point><Point><position>2264</position><in_Quantity.quantity>0.000000</in_Quantity.quantity><out_Quantity.quantity>701.505590</out_Quantity.quantity></Point><Point><position>2265</position><in_Quantity.quantity>0.000000</in_Quantity.quantity><out_Quantity.quantity>954.004582</out_Quantity.quantity></Point><Point><position>2266</position><in_Quantity.quantity>0.000000</in_Quantity.quantity><out_Quantity.quantity>890.664940</out_Quantity.quantity></Point><Point><position>2267</position><in_Quantity.quantity>0.000000</in_Quantity.quantity><out_Quantity.quantity>591.126948</out_Quantity.quantity></Point><Point><position>2268</position><in_Quantity.quantity>0.000000</in_Quantity.quantity><out_Quantity.quantity>612.206623</out_Quantity.quantity></Point><Point><position>2269</position><in_Quantity.quantity>0.000000</in_Quantity.quantity><out_Quantity.quantity>95.316674</out_Quantity.quantity></Point><Point><position>2270</position><in_Quantity.quantity>0.000000</in_Quantity.quantity><out_Quantity.quantity>900.019015</out_Quantity.quantity></Point><Point><position>2271</position><in_Quantity.quantity>0.000000</in_Quantity.quantity><out_Quantity.quantity>991.059672</out_Quantity.quantity></Point><Point><position>2272</position><in_Quantity.quantity>0.000000</in_Quantity.quantity><out_Quantity.quantity>21.014319</out_Quantity.quantity></Point><Point><position>2273</position><in_Quantity.quantity>0.000000</in_Quantity.quantity><out_Quantity.quantity>19.672095</out_Quantity.quantity></Point><Point><position>2274</position><in_Quantity.quantity>0.000000</in_Quantity.quantity><out_Quantity.quantity>154.767221</out_Quantity.quantity></Point><Point><position>2275</position><in_Quantity.quantity>0.000000</in_Quantity.quantity><out_Quantity.quantity>130.453754</out_Quantity.quantity></Point><Point><position>2276</position><in_Quantity.quantity>0.000000</in_Quantity.quantity><out_Quantity.quantity>762.905485</out_Quantity.quantity></Point><Point><position>2277</position><in_Quantity.quantity>0.000000</in_Quantity.quantity><out_Quantity.quantity>1.477477</out_Quantity.quantity></Point><Point><position>2278</position><in_Quantity.quantity>0.000000</in_Quantity.quantity><out_Quantity.quantity>452.693123</out_Quantity.quantity></Point><Point><position>2279</position><in_Quantity.quantity>0.000000</in_Quantity.quantity><out_Quantity.quantity>893.835774</out_Quantity.quantity></Point><Point><position>2280</position><in_Quantity.quantity>0.000000</in_Quantity.quantity><out_Quantity.quantity>667.704305</out_Quantity.quantity></Point><Point><position>2281</position><in_Quantity.quantity>0.000000</in_Quantity.quantity><out_Quantity.quantity>349.945834</out_Quantity.quantity></Point><Point><position>2282</position><in_Quantity.quantity>0.000000</in_Quantity.quantity><out_Quantity.quantity>570.194234</out_Quantity.quantity></Point><Point><position>2283</position><in_Quantity.quantity>0.000000</in_Quantity.quantity><out_Quantity.quantity>968.127985</out_Quantity.quantity></Point><Point><position>2284</position><in_Quantity.quantity>0.000000</in_Quantity.quantity><out_Quantity.quantity>469.577414</out_Quantity.quantity></Point><Point><position>2285</position><in_Quantity.quantity>0.000000</in_Quantity.quantity><out_Quantity.quantity>821.212534</out_Quantity.quantity></Point><Point><position>2286</position><in_Quantity.quantity>0.000000</in_Quantity.quantity><out_Quantity.quantity>231.790633</out_Quantity.quantity></Point><Point><position>2287</position><in_Quantity.quantity>0.000000</in_Quantity.quantity><out_Quantity.quantity>517.987333</out_Quantity.quantity></Point><Point><position>2288</position><in_Quantity.quantity>0.000000</in_Quantity.quantity><out_Quantity.quantity>50.375199</out_Quantity.quantity></Point><Point><position>2289</position><in_Quantity.quantity>0.000000</in_Quantity.quantity><out_Quantity.quantity>140.525202</out_Quantity.quantity></Point><Point><position>2290</position><in_Quantity.quantity>0.000000</in_Quantity.quantity><out_Quantity.quantity>229.618062</out_Quantity.quantity></Point><Point><position>2291</position><in_Quantity.quantity>0.000000</in_Quantity.quantity><out_Quantity.quantity>969.449723</out_Quantity.quantity></Point><Point><position>2292</position><in_Quantity.quantity>0.000000</in_Quantity.quantity><out_Quantity.quantity>702.665130</out_Quantity.quantity></Point><Point><position>2293</position><in_Quantity.quantity>0.000000</in_Quantity.quantity><out_Quantity.quantity>245.136291</out_Quantity.quantity></Point><Point><position>2294</position><in_Quantity.quantity>0.000000</in_Quantity.quantity><out_Quantity.quantity>587.423061</out_Quantity.quantity></Point><Point><position>2295</position><in_Quantity.quantity>0.000000</in_Quantity.quantity><out_Quantity.quantity>226.603084</out_Quantity.quantity></Point><Point><position>2296</position><in_Quantity.quantity>0.000000</in_Quantity.quantity><out_Quantity.quantity>962.485972</out_Quantity.quantity></Point><Point><position>2297</position><in_Quantity.quantity>0.000000</in_Quantity.quantity><out_Quantity.quantity>633.394431</out_Quantity.quantity></Point><Point><position>2298</position><in_Quantity.quantity>0.000000</in_Quantity.quantity><out_Quantity.quantity>113.492724</out_Quantity.quantity></Point><Point><position>2299</position><in_Quantity.quantity>0.000000</in_Quantity.quantity><out_Quantity.quantity>594.062001</out_Quantity.quantity></Point><Point><position>2300</position><in_Quantity.quantity>0.000000</in_Quantity.quantity><out_Quantity.quantity>889.191400</out_Quantity.quantity></Point><Point><position>2301</position><in_Quantity.quantity>0.000000</in_Quantity.quantity><out_Quantity.quantity>740.452547</out_Quantity.quantity></Point><Point><position>2302</position><in_Quantity.quantity>0.000000</in_Quantity.quantity><out_Quantity.quantity>736.760765</out_Quantity.quantity></Point><Point><position>2303</position><in_Quantity.quantity>0.000000</in_Quantity.quantity><out_Quantity.quantity>467.205277</out_Quantity.quantity></Point><Point><position>2304</position><in_Quantity.quantity>0.000000</in_Quantity.quantity><out_Quantity.quantity>39.344599</out_Quantity.quantity></Point><Point><position>2305</position><in_Quantity.quantity>0.000000</in_Quantity.quantity><out_Quantity.quantity>14.493816</out_Quantity.quantity></Point><Point><position>2306</position><in_Quantity.quantity>0.000000</in_Quantity.quantity><out_Quantity.quantity>107.478890</out_Quantity.quantity></Point><Point><position>2307</position><in_Quantity.quantity>0.000000</in_Quantity.quantity><out_Quantity.quantity>874.554043</out_Quantity.quantity></Point><Point><position>2308</position><in_Quantity.quantity>0.000000</in_Quantity.quantity><out_Quantity.quantity>302.423940</out_Quantity.quantity></Point><Point><position>2309</position><in_Quantity.quantity>0.000000</in_Quantity.quantity><out_Quantity.quantity>973.752522</out_Quantity.quantity></Point><Point><position>2310</position><in_Quantity.quantity>0.000000</in_Quantity.quantity><out_Quantity.quantity>402.922608</out_Quantity.quantity></Point><Point><position>2311</position><in_Quantity.quantity>0.000000</in_Quantity.quantity><out_Quantity.quantity>256.301719</out_Quantity.quantity></Point><Point><position>2312</position><in_Quantity.quantity>0.000000</in_Quantity.quantity><out_Quantity.quantity>177.394797</out_Quantity.quantity></Point><Point><position>2313</position><in_Quantity.quantity>0.000000</in_Quantity.quantity><out_Quantity.quantity>507.482506</out_Quantity.quantity></Point><Point><position>2314</position><in_Quantity.quantity>0.000000</in_Quantity.quantity><out_Quantity.quantity>958.814168</out_Quantity.quantity></Point><Point><position>2315</position><in_Quantity.quantity>0.000000</in_Quantity.quantity><out_Quantity.quantity>962.294995</out_Quantity.quantity></Point><Point><position>2316</position><in_Quantity.quantity>0.000000</in_Quantity.quantity><out_Quantity.quantity>189.384744</out_Quantity.quantity></Point><Point><position>2317</position><in_Quantity.quantity>0.000000</in_Quantity.quantity><out_Quantity.quantity>689.429919</out_Quantity.quantity></Point><Point><position>2318</position><in_Quantity.quantity>0.000000</in_Quantity.quantity><out_Quantity.quantity>453.963693</out_Quantity.quantity></Point><Point><position>2319</position><in_Quantity.quantity>0.000000</in_Quantity.quantity><out_Quantity.quantity>284.178681</out_Quantity.quantity></Point><Point><position>2320</position><in_Quantity.quantity>0.000000</in_Quantity.quantity><out_Quantity.quantity>761.535055</out_Quantity.quantity></Point><Point><position>2321</position><in_Quantity.quantity>0.000000</in_Quantity.quantity><out_Quantity.quantity>740.605477</out_Quantity.quantity></Point><Point><position>2322</position><in_Quantity.quantity>0.000000</in_Quantity.quantity><out_Quantity.quantity>165.033882</out_Quantity.quantity></Point><Point><position>2323</position><in_Quantity.quantity>0.000000</in_Quantity.quantity><out_Quantity.quantity>702.521909</out_Quantity.quantity></Point><Point><position>2324</position><in_Quantity.quantity>0.000000</in_Quantity.quantity><out_Quantity.quantity>179.616847</out_Quantity.quantity></Point><Point><position>2325</position><in_Quantity.quantity>0.000000</in_Quantity.quantity><out_Quantity.quantity>537.590115</out_Quantity.quantity></Point><Point><position>2326</position><in_Quantity.quantity>0.000000</in_Quantity.quantity><out_Quantity.quantity>903.977296</out_Quantity.quantity></Point><Point><position>2327</position><in_Quantity.quantity>0.000000</in_Quantity.quantity><out_Quantity.quantity>329.983163</out_Quantity.quantity></Point><Point><position>2328</position><in_Quantity.quantity>0.000000</in_Quantity.quantity><out_Quantity.quantity>763.925286</out_Quantity.quantity></Point><Point><position>2329</position><in_Quantity.quantity>0.000000</in_Quantity.quantity><out_Quantity.quantity>609.477839</out_Quantity.quantity></Point><Point><position>2330</position><in_Quantity.quantity>0.000000</in_Quantity.quantity><out_Quantity.quantity>378.580300</out_Quantity.quantity></Point><Point><position>2331</position><in_Quantity.quantity>0.000000</in_Quantity.quantity><out_Quantity.quantity>746.258229</out_Quantity.quantity></Point><Point><position>2332</position><in_Quantity.quantity>0.000000</in_Quantity.quantity><out_Quantity.quantity>550.827172</out_Quantity.quantity></Point><Point><position>2333</position><in_Quantity.quantity>0.000000</in_Quantity.quantity><out_Quantity.quantity>981.077070</out_Quantity.quantity></Point><Point><position>2334</position><in_Quantity.quantity>0.000000</in_Quantity.quantity><out_Quantity.quantity>63.983106</out_Quantity.quantity></Point><Point><position>2335</position><in_Quantity.quantity>0.000000</in_Quantity.quantity><out_Quantity.quantity>779.025636</out_Quantity.quantity></Point><Point><position>2336</position><in_Quantity.quantity>0.000000</in_Quantity.quantity><out_Quantity.quantity>488.472842</out_Quantity.quantity></Point><Point><position>2337</position><in_Quantity.quantity>0.000000</in_Quantity.quantity><out_Quantity.quantity>659.304482</out_Quantity.quantity></Point><Point><position>2338</position><in_Quantity.quantity>0.000000</in_Quantity.quantity><out_Quantity.quantity>872.354333</out_Quantity.quantity></Point><Point><position>2339</position><in_Quantity.quantity>0.000000</in_Quantity.quantity><out_Quantity.quantity>19.618785</out_Quantity.quantity></Point><Point><position>2340</position><in_Quantity.quantity>0.000000</in_Quantity.quantity><out_Quantity.quantity>803.921310</out_Quantity.quantity></Point><Point><position>2341</position><in_Quantity.quantity>0.000000</in_Quantity.quantity><out_Quantity.quantity>574.649597</out_Quantity.quantity></Point><Point><position>2342</position><in_Quantity.quantity>0.000000</in_Quantity.quantity><out_Quantity.quantity>395.123959</out_Quantity.quantity></Point><Point><position>2343</position><in_Quantity.quantity>0.000000</in_Quantity.quantity><out_Quantity.quantity>503.859190</out_Quantity.quantity></Point><Point><position>2344</position><in_Quantity.quantity>0.000000</in_Quantity.quantity><out_Quantity.quantity>416.162575</out_Quantity.quantity></Point><Point><position>2345</position><in_Quantity.quantity>0.000000</in_Quantity.quantity><out_Quantity.quantity>349.942098</out_Quantity.quantity></Point><Point><position>2346</position><in_Quantity.quantity>0.000000</in_Quantity.quantity><out_Quantity.quantity>892.911296</out_Quantity.quantity></Point><Point><position>2347</position><in_Quantity.quantity>0.000000</in_Quantity.quantity><out_Quantity.quantity>704.133744</out_Quantity.quantity></Point><Point><position>2348</position><in_Quantity.quantity>0.000000</in_Quantity.quantity><out_Quantity.quantity>313.908576</out_Quantity.quantity></Point><Point><position>2349</position><in_Quantity.quantity>0.000000</in_Quantity.quantity><out_Quantity.quantity>189.757449</out_Quantity.quantity></Point><Point><position>2350</position><in_Quantity.quantity>0.000000</in_Quantity.quantity><out_Quantity.quantity>238.740226</out_Quantity.quantity></Point><Point><position>2351</position><in_Quantity.quantity>0.000000</in_Quantity.quantity><out_Quantity.quantity>208.942545</out_Quantity.quantity></Point><Point><position>2352</position><in_Quantity.quantity>0.000000</in_Quantity.quantity><out_Quantity.quantity>354.990197</out_Quantity.quantity></Point><Point><position>2353</position><in_Quantity.quantity>0.000000</in_Quantity.quantity><out_Quantity.quantity>766.522374</out_Quantity.quantity></Point><Point><position>2354</position><in_Quantity.quantity>0.000000</in_Quantity.quantity><out_Quantity.quantity>917.624738</out_Quantity.quantity></Point><Point><position>2355</position><in_Quantity.quantity>0.000000</in_Quantity.quantity><out_Quantity.quantity>587.912550</out_Quantity.quantity></Point><Point><position>2356</position><in_Quantity.quantity>0.000000</in_Quantity.quantity><out_Quantity.quantity>880.146690</out_Quantity.quantity></Point><Point><position>2357</position><in_Quantity.quantity>0.000000</in_Quantity.quantity><out_Quantity.quantity>123.569771</out_Quantity.quantity></Point><Point><position>2358</position><in_Quantity.quantity>0.000000</in_Quantity.quantity><out_Quantity.quantity>906.402327</out_Quantity.quantity></Point><Point><position>2359</position><in_Quantity.quantity>0.000000</in_Quantity.quantity><out_Quantity.quantity>167.646079</out_Quantity.quantity></Point><Point><position>2360</position><in_Quantity.quantity>0.000000</in_Quantity.quantity><out_Quantity.quantity>296.391441</out_Quantity.quantity></Point><Point><position>2361</position><in_Quantity.quantity>0.000000</in_Quantity.quantity><out_Quantity.quantity>850.746683</out_Quantity.quantity></Point><Point><position>2362</position><in_Quantity.quantity>0.000000</in_Quantity.quantity><out_Quantity.quantity>596.522336</out_Quantity.quantity></Point><Point><position>2363</position><in_Quantity.quantity>0.000000</in_Quantity.quantity><out_Quantity.quantity>807.096117</out_Quantity.quantity></Point><Point><position>2364</position><in_Quantity.quantity>0.000000</in_Quantity.quantity><out_Quantity.quantity>673.108448</out_Quantity.quantity></Point><Point><position>2365</position><in_Quantity.quantity>0.000000</in_Quantity.quantity><out_Quantity.quantity>239.650915</out_Quantity.quantity></Point><Point><position>2366</position><in_Quantity.quantity>0.000000</in_Quantity.quantity><out_Quantity.quantity>683.811062</out_Quantity.quantity></Point><Point><position>2367</position><in_Quantity.quantity>0.000000</in_Quantity.quantity><out_Quantity.quantity>57.835369</out_Quantity.quantity></Point><Point><position>2368</position><in_Quantity.quantity>0.000000</in_Quantity.quantity><out_Quantity.quantity>589.032204</out_Quantity.quantity></Point><Point><position>2369</position><in_Quantity.quantity>0.000000</in_Quantity.quantity><out_Quantity.quantity>388.327651</out_Quantity.quantity></Point><Point><position>2370</position><in_Quantity.quantity>0.000000</in_Quantity.quantity><out_Quantity.quantity>150.153717</out_Quantity.quantity></Point><Point><position>2371</position><in_Quantity.quantity>0.000000</in_Quantity.quantity><out_Quantity.quantity>284.446655</out_Quantity.quantity></Point><Point><position>2372</position><in_Quantity.quantity>0.000000</in_Quantity.quantity><out_Quantity.quantity>463.178437</out_Quantity.quantity></Point><Point><position>2373</position><in_Quantity.quantity>0.000000</in_Quantity.quantity><out_Quantity.quantity>188.371435</out_Quantity.quantity></Point><Point><position>2374</position><in_Quantity.quantity>0.000000</in_Quantity.quantity><out_Quantity.quantity>442.670871</out_Quantity.quantity></Point><Point><position>2375</position><in_Quantity.quantity>0.000000</in_Quantity.quantity><out_Quantity.quantity>585.723845</out_Quantity.quantity></Point><Point><position>2376</position><in_Quantity.quantity>0.000000</in_Quantity.quantity><out_Quantity.quantity>764.941803</out_Quantity.quantity></Point><Point><position>2377</position><in_Quantity.quantity>0.000000</in_Quantity.quantity><out_Quantity.quantity>374.917361</out_Quantity.quantity></Point><Point><position>2378</position><in_Quantity.quantity>0.000000</in_Quantity.quantity><out_Quantity.quantity>989.225139</out_Quantity.quantity></Point><Point><position>2379</position><in_Quantity.quantity>0.000000</in_Quantity.quantity><out_Quantity.quantity>888.646318</out_Quantity.quantity></Point><Point><position>2380</position><in_Quantity.quantity>0.000000</in_Quantity.quantity><out_Quantity.quantity>59.290352</out_Quantity.quantity></Point><Point><position>2381</position><in_Quantity.quantity>0.000000</in_Quantity.quantity><out_Quantity.quantity>974.394835</out_Quantity.quantity></Point><Point><position>2382</position><in_Quantity.quantity>0.000000</in_Quantity.quantity><out_Quantity.quantity>132.480702</out_Quantity.quantity></Point><Point><position>2383</position><in_Quantity.quantity>0.000000</in_Quantity.quantity><out_Quantity.quantity>297.388164</out_Quantity.quantity></Point><Point><position>2384</position><in_Quantity.quantity>0.000000</in_Quantity.quantity><out_Quantity.quantity>714.507170</out_Quantity.quantity></Point><Point><position>2385</position><in_Quantity.quantity>0.000000</in_Quantity.quantity><out_Quantity.quantity>69.733455</out_Quantity.quantity></Point><Point><position>2386</position><in_Quantity.quantity>0.000000</in_Quantity.quantity><out_Quantity.quantity>52.212656</out_Quantity.quantity></Point><Point><position>2387</position><in_Quantity.quantity>0.000000</in_Quantity.quantity><out_Quantity.quantity>48.534438</out_Quantity.quantity></Point><Point><position>2388</position><in_Quantity.quantity>0.000000</in_Quantity.quantity><out_Quantity.quantity>756.108949</out_Quantity.quantity></Point><Point><position>2389</position><in_Quantity.quantity>0.000000</in_Quantity.quantity><out_Quantity.quantity>587.578335</out_Quantity.quantity></Point><Point><position>2390</position><in_Quantity.quantity>0.000000</in_Quantity.quantity><out_Quantity.quantity>778.273815</out_Quantity.quantity></Point><Point><position>2391</position><in_Quantity.quantity>0.000000</in_Quantity.quantity><out_Quantity.quantity>979.456727</out_Quantity.quantity></Point><Point><position>2392</position><in_Quantity.quantity>0.000000</in_Quantity.quantity><out_Quantity.quantity>21.719705</out_Quantity.quantity></Point><Point><position>2393</position><in_Quantity.quantity>0.000000</in_Quantity.quantity><out_Quantity.quantity>356.950966</out_Quantity.quantity></Point><Point><position>2394</position><in_Quantity.quantity>0.000000</in_Quantity.quantity><out_Quantity.quantity>468.971525</out_Quantity.quantity></Point><Point><position>2395</position><in_Quantity.quantity>0.000000</in_Quantity.quantity><out_Quantity.quantity>606.461767</out_Quantity.quantity></Point><Point><position>2396</position><in_Quantity.quantity>0.000000</in_Quantity.quantity><out_Quantity.quantity>833.399164</out_Quantity.quantity></Point><Point><position>2397</position><in_Quantity.quantity>0.000000</in_Quantity.quantity><out_Quantity.quantity>18.359800</out_Quantity.quantity></Point><Point><position>2398</position><in_Quantity.quantity>0.000000</in_Quantity.quantity><out_Quantity.quantity>938.939202</out_Quantity.quantity></Point><Point><position>2399</position><in_Quantity.quantity>0.000000</in_Quantity.quantity><out_Quantity.quantity>997.399762</out_Quantity.quantity></Point><Point><position>2400</position><in_Quantity.quantity>0.000000</in_Quantity.quantity><out_Quantity.quantity>74.768951</out_Quantity.quantity></Point><Point><position>2401</position><in_Quantity.quantity>0.000000</in_Quantity.quantity><out_Quantity.quantity>913.041367</out_Quantity.quantity></Point><Point><position>2402</position><in_Quantity.quantity>0.000000</in_Quantity.quantity><out_Quantity.quantity>988.802892</out_Quantity.quantity></Point><Point><position>2403</position><in_Quantity.quantity>0.000000</in_Quantity.quantity><out_Quantity.quantity>934.157064</out_Quantity.quantity></Point><Point><position>2404</position><in_Quantity.quantity>0.000000</in_Quantity.quantity><out_Quantity.quantity>108.679860</out_Quantity.quantity></Point><Point><position>2405</position><in_Quantity.quantity>0.000000</in_Quantity.quantity><out_Quantity.quantity>848.515689</out_Quantity.quantity></Point><Point><position>2406</position><in_Quantity.quantity>0.000000</in_Quantity.quantity><out_Quantity.quantity>282.573870</out_Quantity.quantity></Point><Point><position>2407</position><in_Quantity.quantity>0.000000</in_Quantity.quantity><out_Quantity.quantity>176.027238</out_Quantity.quantity></Point><Point><position>2408</position><in_Quantity.quantity>0.000000</in_Quantity.quantity><out_Quantity.quantity>76.848679</out_Quantity.quantity></Point><Point><position>2409</position><in_Quantity.quantity>0.000000</in_Quantity.quantity><out_Quantity.quantity>468.565491</out_Quantity.quantity></Point><Point><position>2410</position><in_Quantity.quantity>0.000000</in_Quantity.quantity><out_Quantity.quantity>191.416323</out_Quantity.quantity></Point><Point><position>2411</position><in_Quantity.quantity>0.000000</in_Quantity.quantity><out_Quantity.quantity>882.616753</out_Quantity.quantity></Point><Point><position>2412</position><in_Quantity.quantity>0.000000</in_Quantity.quantity><out_Quantity.quantity>414.664954</out_Quantity.quantity></Point><Point><position>2413</position><in_Quantity.quantity>0.000000</in_Quantity.quantity><out_Quantity.quantity>670.392938</out_Quantity.quantity></Point><Point><position>2414</position><in_Quantity.quantity>0.000000</in_Quantity.quantity><out_Quantity.quantity>405.714566</out_Quantity.quantity></Point><Point><position>2415</position><in_Quantity.quantity>0.000000</in_Quantity.quantity><out_Quantity.quantity>537.846987</out_Quantity.quantity></Point><Point><position>2416</position><in_Quantity.quantity>0.000000</in_Quantity.quantity><out_Quantity.quantity>407.901940</out_Quantity.quantity></Point><Point><position>2417</position><in_Quantity.quantity>0.000000</in_Quantity.quantity><out_Quantity.quantity>471.948674</out_Quantity.quantity></Point><Point><position>2418</position><in_Quantity.quantity>0.000000</in_Quantity.quantity><out_Quantity.quantity>575.424002</out_Quantity.quantity></Point><Point><position>2419</position><in_Quantity.quantity>0.000000</in_Quantity.quantity><out_Quantity.quantity>608.978933</out_Quantity.quantity></Point><Point><position>2420</position><in_Quantity.quantity>0.000000</in_Quantity.quantity><out_Quantity.quantity>932.433927</out_Quantity.quantity></Point><Point><position>2421</position><in_Quantity.quantity>0.000000</in_Quantity.quantity><out_Quantity.quantity>182.645417</out_Quantity.quantity></Point><Point><position>2422</position><in_Quantity.quantity>0.000000</in_Quantity.quantity><out_Quantity.quantity>310.998826</out_Quantity.quantity></Point><Point><position>2423</position><in_Quantity.quantity>0.000000</in_Quantity.quantity><out_Quantity.quantity>141.096835</out_Quantity.quantity></Point><Point><position>2424</position><in_Quantity.quantity>0.000000</in_Quantity.quantity><out_Quantity.quantity>11.665662</out_Quantity.quantity></Point><Point><position>2425</position><in_Quantity.quantity>0.000000</in_Quantity.quantity><out_Quantity.quantity>332.282988</out_Quantity.quantity></Point><Point><position>2426</position><in_Quantity.quantity>0.000000</in_Quantity.quantity><out_Quantity.quantity>328.683187</out_Quantity.quantity></Point><Point><position>2427</position><in_Quantity.quantity>0.000000</in_Quantity.quantity><out_Quantity.quantity>397.074769</out_Quantity.quantity></Point><Point><position>2428</position><in_Quantity.quantity>0.000000</in_Quantity.quantity><out_Quantity.quantity>432.771534</out_Quantity.quantity></Point><Point><position>2429</position><in_Quantity.quantity>0.000000</in_Quantity.quantity><out_Quantity.quantity>849.694588</out_Quantity.quantity></Point><Point><position>2430</position><in_Quantity.quantity>0.000000</in_Quantity.quantity><out_Quantity.quantity>83.689861</out_Quantity.quantity></Point><Point><position>2431</position><in_Quantity.quantity>0.000000</in_Quantity.quantity><out_Quantity.quantity>940.696131</out_Quantity.quantity></Point><Point><position>2432</position><in_Quantity.quantity>0.000000</in_Quantity.quantity><out_Quantity.quantity>749.338951</out_Quantity.quantity></Point><Point><position>2433</position><in_Quantity.quantity>0.000000</in_Quantity.quantity><out_Quantity.quantity>50.111214</out_Quantity.quantity></Point><Point><position>2434</position><in_Quantity.quantity>0.000000</in_Quantity.quantity><out_Quantity.quantity>669.331774</out_Quantity.quantity></Point><Point><position>2435</position><in_Quantity.quantity>0.000000</in_Quantity.quantity><out_Quantity.quantity>532.332944</out_Quantity.quantity></Point><Point><position>2436</position><in_Quantity.quantity>0.000000</in_Quantity.quantity><out_Quantity.quantity>875.541905</out_Quantity.quantity></Point><Point><position>2437</position><in_Quantity.quantity>0.000000</in_Quantity.quantity><out_Quantity.quantity>656.257656</out_Quantity.quantity></Point><Point><position>2438</position><in_Quantity.quantity>0.000000</in_Quantity.quantity><out_Quantity.quantity>65.405716</out_Quantity.quantity></Point><Point><position>2439</position><in_Quantity.quantity>0.000000</in_Quantity.quantity><out_Quantity.quantity>742.247533</out_Quantity.quantity></Point><Point><position>2440</position><in_Quantity.quantity>0.000000</in_Quantity.quantity><out_Quantity.quantity>627.165582</out_Quantity.quantity></Point><Point><position>2441</position><in_Quantity.quantity>0.000000</in_Quantity.quantity><out_Quantity.quantity>891.226631</out_Quantity.quantity></Point><Point><position>2442</position><in_Quantity.quantity>0.000000</in_Quantity.quantity><out_Quantity.quantity>820.874590</out_Quantity.quantity></Point><Point><position>2443</position><in_Quantity.quantity>0.000000</in_Quantity.quantity><out_Quantity.quantity>188.993110</out_Quantity.quantity></Point><Point><position>2444</position><in_Quantity.quantity>0.000000</in_Quantity.quantity><out_Quantity.quantity>148.308671</out_Quantity.quantity></Point><Point><position>2445</position><in_Quantity.quantity>0.000000</in_Quantity.quantity><out_Quantity.quantity>874.231104</out_Quantity.quantity></Point><Point><position>2446</position><in_Quantity.quantity>0.000000</in_Quantity.quantity><out_Quantity.quantity>683.868844</out_Quantity.quantity></Point><Point><position>2447</position><in_Quantity.quantity>0.000000</in_Quantity.quantity><out_Quantity.quantity>910.375879</out_Quantity.quantity></Point><Point><position>2448</position><in_Quantity.quantity>0.000000</in_Quantity.quantity><out_Quantity.quantity>782.069189</out_Quantity.quantity></Point><Point><position>2449</position><in_Quantity.quantity>0.000000</in_Quantity.quantity><out_Quantity.quantity>498.792365</out_Quantity.quantity></Point><Point><position>2450</position><in_Quantity.quantity>0.000000</in_Quantity.quantity><out_Quantity.quantity>503.743857</out_Quantity.quantity></Point><Point><position>2451</position><in_Quantity.quantity>0.000000</in_Quantity.quantity><out_Quantity.quantity>636.486973</out_Quantity.quantity></Point><Point><position>2452</position><in_Quantity.quantity>0.000000</in_Quantity.quantity><out_Quantity.quantity>13.660494</out_Quantity.quantity></Point><Point><position>2453</position><in_Quantity.quantity>0.000000</in_Quantity.quantity><out_Quantity.quantity>835.687257</out_Quantity.quantity></Point><Point><position>2454</position><in_Quantity.quantity>0.000000</in_Quantity.quantity><out_Quantity.quantity>305.309590</out_Quantity.quantity></Point><Point><position>2455</position><in_Quantity.quantity>0.000000</in_Quantity.quantity><out_Quantity.quantity>94.453529</out_Quantity.quantity></Point><Point><position>2456</position><in_Quantity.quantity>0.000000</in_Quantity.quantity><out_Quantity.quantity>668.756384</out_Quantity.quantity></Point><Point><position>2457</position><in_Quantity.quantity>0.000000</in_Quantity.quantity><out_Quantity.quantity>486.111063</out_Quantity.quantity></Point><Point><position>2458</position><in_Quantity.quantity>0.000000</in_Quantity.quantity><out_Quantity.quantity>898.040749</out_Quantity.quantity></Point><Point><position>2459</position><in_Quantity.quantity>0.000000</in_Quantity.quantity><out_Quantity.quantity>266.630103</out_Quantity.quantity></Point><Point><position>2460</position><in_Quantity.quantity>0.000000</in_Quantity.quantity><out_Quantity.quantity>788.867072</out_Quantity.quantity></Point><Point><position>2461</position><in_Quantity.quantity>0.000000</in_Quantity.quantity><out_Quantity.quantity>968.698996</out_Quantity.quantity></Point><Point><position>2462</position><in_Quantity.quantity>0.000000</in_Quantity.quantity><out_Quantity.quantity>188.365502</out_Quantity.quantity></Point><Point><position>2463</position><in_Quantity.quantity>0.000000</in_Quantity.quantity><out_Quantity.quantity>962.412144</out_Quantity.quantity></Point><Point><position>2464</position><in_Quantity.quantity>0.000000</in_Quantity.quantity><out_Quantity.quantity>913.228189</out_Quantity.quantity></Point><Point><position>2465</position><in_Quantity.quantity>0.000000</in_Quantity.quantity><out_Quantity.quantity>44.204556</out_Quantity.quantity></Point><Point><position>2466</position><in_Quantity.quantity>0.000000</in_Quantity.quantity><out_Quantity.quantity>362.579253</out_Quantity.quantity></Point><Point><position>2467</position><in_Quantity.quantity>0.000000</in_Quantity.quantity><out_Quantity.quantity>644.614005</out_Quantity.quantity></Point><Point><position>2468</position><in_Quantity.quantity>0.000000</in_Quantity.quantity><out_Quantity.quantity>249.872116</out_Quantity.quantity></Point><Point><position>2469</position><in_Quantity.quantity>0.000000</in_Quantity.quantity><out_Quantity.quantity>101.818359</out_Quantity.quantity></Point><Point><position>2470</position><in_Quantity.quantity>0.000000</in_Quantity.quantity><out_Quantity.quantity>292.111080</out_Quantity.quantity></Point><Point><position>2471</position><in_Quantity.quantity>0.000000</in_Quantity.quantity><out_Quantity.quantity>272.218014</out_Quantity.quantity></Point><Point><position>2472</position><in_Quantity.quantity>0.000000</in_Quantity.quantity><out_Quantity.quantity>275.731880</out_Quantity.quantity></Point><Point><position>2473</position><in_Quantity.quantity>0.000000</in_Quantity.quantity><out_Quantity.quantity>938.703048</out_Quantity.quantity></Point><Point><position>2474</position><in_Quantity.quantity>0.000000</in_Quantity.quantity><out_Quantity.quantity>913.471563</out_Quantity.quantity></Point><Point><position>2475</position><in_Quantity.quantity>0.000000</in_Quantity.quantity><out_Quantity.quantity>712.563168</out_Quantity.quantity></Point><Point><position>2476</position><in_Quantity.quantity>0.000000</in_Quantity.quantity><out_Quantity.quantity>632.989687</out_Quantity.quantity></Point><Point><position>2477</position><in_Quantity.quantity>0.000000</in_Quantity.quantity><out_Quantity.quantity>387.011654</out_Quantity.quantity></Point><Point><position>2478</position><in_Quantity.quantity>0.000000</in_Quantity.quantity><out_Quantity.quantity>261.042825</out_Quantity.quantity></Point><Point><position>2479</position><in_Quantity.quantity>0.000000</in_Quantity.quantity><out_Quantity.quantity>865.726089</out_Quantity.quantity></Point><Point><position>2480</position><in_Quantity.quantity>0.000000</in_Quantity.quantity><out_Quantity.quantity>166.340470</out_Quantity.quantity></Point><Point><position>2481</position><in_Quantity.quantity>0.000000</in_Quantity.quantity><out_Quantity.quantity>130.436579</out_Quantity.quantity></Point><Point><position>2482</position><in_Quantity.quantity>0.000000</in_Quantity.quantity><out_Quantity.quantity>917.486983</out_Quantity.quantity></Point><Point><position>2483</position><in_Quantity.quantity>0.000000</in_Quantity.quantity><out_Quantity.quantity>173.597733</out_Quantity.quantity></Point><Point><position>2484</position><in_Quantity.quantity>0.000000</in_Quantity.quantity><out_Quantity.quantity>116.639250</out_Quantity.quantity></Point><Point><position>2485</position><in_Quantity.quantity>0.000000</in_Quantity.quantity><out_Quantity.quantity>939.710071</out_Quantity.quantity></Point><Point><position>2486</position><in_Quantity.quantity>0.000000</in_Quantity.quantity><out_Quantity.quantity>466.666620</out_Quantity.quantity></Point><Point><position>2487</position><in_Quantity.quantity>0.000000</in_Quantity.quantity><out_Quantity.quantity>398.960876</out_Quantity.quantity></Point><Point><position>2488</position><in_Quantity.quantity>0.000000</in_Quantity.quantity><out_Quantity.quantity>684.672551</out_Quantity.quantity></Point><Point><position>2489</position><in_Quantity.quantity>0.000000</in_Quantity.quantity><out_Quantity.quantity>676.217840</out_Quantity.quantity></Point><Point><position>2490</position><in_Quantity.quantity>0.000000</in_Quantity.quantity><out_Quantity.quantity>355.142155</out_Quantity.quantity></Point><Point><position>2491</position><in_Quantity.quantity>0.000000</in_Quantity.quantity><out_Quantity.quantity>832.049669</out_Quantity.quantity></Point><Point><position>2492</position><in_Quantity.quantity>0.000000</in_Quantity.quantity><out_Quantity.quantity>182.526673</out_Quantity.quantity></Point><Point><position>2493</position><in_Quantity.quantity>0.000000</in_Quantity.quantity><out_Quantity.quantity>253.190459</out_Quantity.quantity></Point><Point><position>2494</position><in_Quantity.quantity>0.000000</in_Quantity.quantity><out_Quantity.quantity>156.533955</out_Quantity.quantity></Point><Point><position>2495</position><in_Quantity.quantity>0.000000</in_Quantity.quantity><out_Quantity.quantity>859.140934</out_Quantity.quantity></Point><Point><position>2496</position><in_Quantity.quantity>0.000000</in_Quantity.quantity><out_Quantity.quantity>602.682487</out_Quantity.quantity></Point><Point><position>2497</position><in_Quantity.quantity>0.000000</in_Quantity.quantity><out_Quantity.quantity>484.765128</out_Quantity.quantity></Point><Point><position>2498</position><in_Quantity.quantity>0.000000</in_Quantity.quantity><out_Quantity.quantity>648.155897</out_Quantity.quantity></Point><Point><position>2499</position><in_Quantity.quantity>0.000000</in_Quantity.quantity><out_Quantity.quantity>87.193569</out_Quantity.quantity></Point><Point><position>2500</position><in_Quantity.quantity>0.000000</in_Quantity.quantity><out_Quantity.quantity>116.388840</out_Quantity.quantity></Point><Point><position>2501</position><in_Quantity.quantity>0.000000</in_Quantity.quantity><out_Quantity.quantity>10.269443</out_Quantity.quantity></Point><Point><position>2502</position><in_Quantity.quantity>0.000000</in_Quantity.quantity><out_Quantity.quantity>870.519436</out_Quantity.quantity></Point><Point><position>2503</position><in_Quantity.quantity>0.000000</in_Quantity.quantity><out_Quantity.quantity>207.233633</out_Quantity.quantity></Point><Point><position>2504</position><in_Quantity.quantity>0.000000</in_Quantity.quantity><out_Quantity.quantity>207.555556</out_Quantity.quantity></Point><Point><position>2505</position><in_Quantity.quantity>0.000000</in_Quantity.quantity><out_Quantity.quantity>51.122125</out_Quantity.quantity></Point><Point><position>2506</position><in_Quantity.quantity>0.000000</in_Quantity.quantity><out_Quantity.quantity>329.142627</out_Quantity.quantity></Point><Point><position>2507</position><in_Quantity.quantity>0.000000</in_Quantity.quantity><out_Quantity.quantity>973.616072</out_Quantity.quantity></Point><Point><position>2508</position><in_Quantity.quantity>0.000000</in_Quantity.quantity><out_Quantity.quantity>707.096010</out_Quantity.quantity></Point><Point><position>2509</position><in_Quantity.quantity>0.000000</in_Quantity.quantity><out_Quantity.quantity>688.846395</out_Quantity.quantity></Point><Point><position>2510</position><in_Quantity.quantity>0.000000</in_Quantity.quantity><out_Quantity.quantity>224.499016</out_Quantity.quantity></Point><Point><position>2511</position><in_Quantity.quantity>0.000000</in_Quantity.quantity><out_Quantity.quantity>890.092269</out_Quantity.quantity></Point><Point><position>2512</position><in_Quantity.quantity>0.000000</in_Quantity.quantity><out_Quantity.quantity>41.008677</out_Quantity.quantity></Point><Point><position>2513</position><in_Quantity.quantity>0.000000</in_Quantity.quantity><out_Quantity.quantity>614.977302</out_Quantity.quantity></Point><Point><position>2514</position><in_Quantity.quantity>0.000000</in_Quantity.quantity><out_Quantity.quantity>955.837009</out_Quantity.quantity></Point><Point><position>2515</position><in_Quantity.quantity>0.000000</in_Quantity.quantity><out_Quantity.quantity>182.840271</out_Quantity.quantity></Point><Point><position>2516</position><in_Quantity.quantity>0.000000</in_Quantity.quantity><out_Quantity.quantity>627.621626</out_Quantity.quantity></Point><Point><position>2517</position><in_Quantity.quantity>0.000000</in_Quantity.quantity><out_Quantity.quantity>936.661694</out_Quantity.quantity></Point><Point><position>2518</position><in_Quantity.quantity>0.000000</in_Quantity.quantity><out_Quantity.quantity>670.128873</out_Quantity.quantity></Point><Point><position>2519</position><in_Quantity.quantity>0.000000</in_Quantity.quantity><out_Quantity.quantity>370.281382</out_Quantity.quantity></Point><Point><position>2520</position><in_Quantity.quantity>0.000000</in_Quantity.quantity><out_Quantity.quantity>540.860335</out_Quantity.quantity></Point><Point><position>2521</position><in_Quantity.quantity>0.000000</in_Quantity.quantity><out_Quantity.quantity>747.584774</out_Quantity.quantity></Point><Point><position>2522</position><in_Quantity.quantity>0.000000</in_Quantity.quantity><out_Quantity.quantity>201.115634</out_Quantity.quantity></Point><Point><position>2523</position><in_Quantity.quantity>0.000000</in_Quantity.quantity><out_Quantity.quantity>318.431154</out_Quantity.quantity></Point><Point><position>2524</position><in_Quantity.quantity>0.000000</in_Quantity.quantity><out_Quantity.quantity>785.836136</out_Quantity.quantity></Point><Point><position>2525</position><in_Quantity.quantity>0.000000</in_Quantity.quantity><out_Quantity.quantity>958.762688</out_Quantity.quantity></Point><Point><position>2526</position><in_Quantity.quantity>0.000000</in_Quantity.quantity><out_Quantity.quantity>735.177513</out_Quantity.quantity></Point><Point><position>2527</position><in_Quantity.quantity>0.000000</in_Quantity.quantity><out_Quantity.quantity>573.685085</out_Quantity.quantity></Point><Point><position>2528</position><in_Quantity.quantity>0.000000</in_Quantity.quantity><out_Quantity.quantity>392.573633</out_Quantity.quantity></Point><Point><position>2529</position><in_Quantity.quantity>0.000000</in_Quantity.quantity><out_Quantity.quantity>575.095205</out_Quantity.quantity></Point><Point><position>2530</position><in_Quantity.quantity>0.000000</in_Quantity.quantity><out_Quantity.quantity>871.900343</out_Quantity.quantity></Point><Point><position>2531</position><in_Quantity.quantity>0.000000</in_Quantity.quantity><out_Quantity.quantity>640.716969</out_Quantity.quantity></Point><Point><position>2532</position><in_Quantity.quantity>0.000000</in_Quantity.quantity><out_Quantity.quantity>706.183845</out_Quantity.quantity></Point><Point><position>2533</position><in_Quantity.quantity>0.000000</in_Quantity.quantity><out_Quantity.quantity>23.250060</out_Quantity.quantity></Point><Point><position>2534</position><in_Quantity.quantity>0.000000</in_Quantity.quantity><out_Quantity.quantity>414.266763</out_Quantity.quantity></Point><Point><position>2535</position><in_Quantity.quantity>0.000000</in_Quantity.quantity><out_Quantity.quantity>601.567060</out_Quantity.quantity></Point><Point><position>2536</position><in_Quantity.quantity>0.000000</in_Quantity.quantity><out_Quantity.quantity>102.788875</out_Quantity.quantity></Point><Point><position>2537</position><in_Quantity.quantity>0.000000</in_Quantity.quantity><out_Quantity.quantity>905.111349</out_Quantity.quantity></Point><Point><position>2538</position><in_Quantity.quantity>0.000000</in_Quantity.quantity><out_Quantity.quantity>647.436266</out_Quantity.quantity></Point><Point><position>2539</position><in_Quantity.quantity>0.000000</in_Quantity.quantity><out_Quantity.quantity>192.280791</out_Quantity.quantity></Point><Point><position>2540</position><in_Quantity.quantity>0.000000</in_Quantity.quantity><out_Quantity.quantity>238.124588</out_Quantity.quantity></Point><Point><position>2541</position><in_Quantity.quantity>0.000000</in_Quantity.quantity><out_Quantity.quantity>80.543916</out_Quantity.quantity></Point><Point><position>2542</position><in_Quantity.quantity>0.000000</in_Quantity.quantity><out_Quantity.quantity>499.150606</out_Quantity.quantity></Point><Point><position>2543</position><in_Quantity.quantity>0.000000</in_Quantity.quantity><out_Quantity.quantity>209.785387</out_Quantity.quantity></Point><Point><position>2544</position><in_Quantity.quantity>0.000000</in_Quantity.quantity><out_Quantity.quantity>658.036048</out_Quantity.quantity></Point><Point><position>2545</position><in_Quantity.quantity>0.000000</in_Quantity.quantity><out_Quantity.quantity>873.106519</out_Quantity.quantity></Point><Point><position>2546</position><in_Quantity.quantity>0.000000</in_Quantity.quantity><out_Quantity.quantity>256.790344</out_Quantity.quantity></Point><Point><position>2547</position><in_Quantity.quantity>0.000000</in_Quantity.quantity><out_Quantity.quantity>840.466125</out_Quantity.quantity></Point><Point><position>2548</position><in_Quantity.quantity>0.000000</in_Quantity.quantity><out_Quantity.quantity>962.315296</out_Quantity.quantity></Point><Point><position>2549</position><in_Quantity.quantity>0.000000</in_Quantity.quantity><out_Quantity.quantity>344.513011</out_Quantity.quantity></Point><Point><position>2550</position><in_Quantity.quantity>0.000000</in_Quantity.quantity><out_Quantity.quantity>606.470878</out_Quantity.quantity></Point><Point><position>2551</position><in_Quantity.quantity>0.000000</in_Quantity.quantity><out_Quantity.quantity>430.610450</out_Quantity.quantity></Point><Point><position>2552</position><in_Quantity.quantity>0.000000</in_Quantity.quantity><out_Quantity.quantity>619.649951</out_Quantity.quantity></Point><Point><position>2553</position><in_Quantity.quantity>0.000000</in_Quantity.quantity><out_Quantity.quantity>267.478745</out_Quantity.quantity></Point><Point><position>2554</position><in_Quantity.quantity>0.000000</in_Quantity.quantity><out_Quantity.quantity>50.695015</out_Quantity.quantity></Point><Point><position>2555</position><in_Quantity.quantity>0.000000</in_Quantity.quantity><out_Quantity.quantity>563.960310</out_Quantity.quantity></Point><Point><position>2556</position><in_Quantity.quantity>0.000000</in_Quantity.quantity><out_Quantity.quantity>794.034428</out_Quantity.quantity></Point><Point><position>2557</position><in_Quantity.quantity>0.000000</in_Quantity.quantity><out_Quantity.quantity>817.781928</out_Quantity.quantity></Point><Point><position>2558</position><in_Quantity.quantity>0.000000</in_Quantity.quantity><out_Quantity.quantity>645.646641</out_Quantity.quantity></Point><Point><position>2559</position><in_Quantity.quantity>0.000000</in_Quantity.quantity><out_Quantity.quantity>590.826818</out_Quantity.quantity></Point><Point><position>2560</position><in_Quantity.quantity>0.000000</in_Quantity.quantity><out_Quantity.quantity>368.818693</out_Quantity.quantity></Point><Point><position>2561</position><in_Quantity.quantity>0.000000</in_Quantity.quantity><out_Quantity.quantity>241.611095</out_Quantity.quantity></Point><Point><position>2562</position><in_Quantity.quantity>0.000000</in_Quantity.quantity><out_Quantity.quantity>794.247114</out_Quantity.quantity></Point><Point><position>2563</position><in_Quantity.quantity>0.000000</in_Quantity.quantity><out_Quantity.quantity>446.007938</out_Quantity.quantity></Point><Point><position>2564</position><in_Quantity.quantity>0.000000</in_Quantity.quantity><out_Quantity.quantity>901.694053</out_Quantity.quantity></Point><Point><position>2565</position><in_Quantity.quantity>0.000000</in_Quantity.quantity><out_Quantity.quantity>41.299754</out_Quantity.quantity></Point><Point><position>2566</position><in_Quantity.quantity>0.000000</in_Quantity.quantity><out_Quantity.quantity>233.284710</out_Quantity.quantity></Point><Point><position>2567</position><in_Quantity.quantity>0.000000</in_Quantity.quantity><out_Quantity.quantity>979.997520</out_Quantity.quantity></Point><Point><position>2568</position><in_Quantity.quantity>0.000000</in_Quantity.quantity><out_Quantity.quantity>899.687274</out_Quantity.quantity></Point><Point><position>2569</position><in_Quantity.quantity>0.000000</in_Quantity.quantity><out_Quantity.quantity>794.019763</out_Quantity.quantity></Point><Point><position>2570</position><in_Quantity.quantity>0.000000</in_Quantity.quantity><out_Quantity.quantity>44.030157</out_Quantity.quantity></Point><Point><position>2571</position><in_Quantity.quantity>0.000000</in_Quantity.quantity><out_Quantity.quantity>958.839434</out_Quantity.quantity></Point><Point><position>2572</position><in_Quantity.quantity>0.000000</in_Quantity.quantity><out_Quantity.quantity>730.679927</out_Quantity.quantity></Point><Point><position>2573</position><in_Quantity.quantity>0.000000</in_Quantity.quantity><out_Quantity.quantity>198.054312</out_Quantity.quantity></Point><Point><position>2574</position><in_Quantity.quantity>0.000000</in_Quantity.quantity><out_Quantity.quantity>43.493936</out_Quantity.quantity></Point><Point><position>2575</position><in_Quantity.quantity>0.000000</in_Quantity.quantity><out_Quantity.quantity>409.300701</out_Quantity.quantity></Point><Point><position>2576</position><in_Quantity.quantity>0.000000</in_Quantity.quantity><out_Quantity.quantity>662.096353</out_Quantity.quantity></Point><Point><position>2577</position><in_Quantity.quantity>0.000000</in_Quantity.quantity><out_Quantity.quantity>889.609617</out_Quantity.quantity></Point><Point><position>2578</position><in_Quantity.quantity>0.000000</in_Quantity.quantity><out_Quantity.quantity>185.190364</out_Quantity.quantity></Point><Point><position>2579</position><in_Quantity.quantity>0.000000</in_Quantity.quantity><out_Quantity.quantity>871.052747</out_Quantity.quantity></Point><Point><position>2580</position><in_Quantity.quantity>0.000000</in_Quantity.quantity><out_Quantity.quantity>454.788241</out_Quantity.quantity></Point><Point><position>2581</position><in_Quantity.quantity>0.000000</in_Quantity.quantity><out_Quantity.quantity>236.749862</out_Quantity.quantity></Point><Point><position>2582</position><in_Quantity.quantity>0.000000</in_Quantity.quantity><out_Quantity.quantity>187.360918</out_Quantity.quantity></Point><Point><position>2583</position><in_Quantity.quantity>0.000000</in_Quantity.quantity><out_Quantity.quantity>800.474911</out_Quantity.quantity></Point><Point><position>2584</position><in_Quantity.quantity>0.000000</in_Quantity.quantity><out_Quantity.quantity>561.354305</out_Quantity.quantity></Point><Point><position>2585</position><in_Quantity.quantity>0.000000</in_Quantity.quantity><out_Quantity.quantity>401.337993</out_Quantity.quantity></Point><Point><position>2586</position><in_Quantity.quantity>0.000000</in_Quantity.quantity><out_Quantity.quantity>855.088752</out_Quantity.quantity></Point><Point><position>2587</position><in_Quantity.quantity>0.000000</in_Quantity.quantity><out_Quantity.quantity>687.888959</out_Quantity.quantity></Point><Point><position>2588</position><in_Quantity.quantity>0.000000</in_Quantity.quantity><out_Quantity.quantity>759.907065</out_Quantity.quantity></Point><Point><position>2589</position><in_Quantity.quantity>0.000000</in_Quantity.quantity><out_Quantity.quantity>50.945531</out_Quantity.quantity></Point><Point><position>2590</position><in_Quantity.quantity>0.000000</in_Quantity.quantity><out_Quantity.quantity>296.114341</out_Quantity.quantity></Point><Point><position>2591</position><in_Quantity.quantity>0.000000</in_Quantity.quantity><out_Quantity.quantity>595.319376</out_Quantity.quantity></Point><Point><position>2592</position><in_Quantity.quantity>0.000000</in_Quantity.quantity><out_Quantity.quantity>337.103732</out_Quantity.quantity></Point><Point><position>2593</position><in_Quantity.quantity>0.000000</in_Quantity.quantity><out_Quantity.quantity>641.516474</out_Quantity.quantity></Point><Point><position>2594</position><in_Quantity.quantity>0.000000</in_Quantity.quantity><out_Quantity.quantity>379.267884</out_Quantity.quantity></Point><Point><position>2595</position><in_Quantity.quantity>0.000000</in_Quantity.quantity><out_Quantity.quantity>614.917078</out_Quantity.quantity></Point><Point><position>2596</position><in_Quantity.quantity>0.000000</in_Quantity.quantity><out_Quantity.quantity>173.310551</out_Quantity.quantity></Point><Point><position>2597</position><in_Quantity.quantity>0.000000</in_Quantity.quantity><out_Quantity.quantity>961.406671</out_Quantity.quantity></Point><Point><position>2598</position><in_Quantity.quantity>0.000000</in_Quantity.quantity><out_Quantity.quantity>65.607404</out_Quantity.quantity></Point><Point><position>2599</position><in_Quantity.quantity>0.000000</in_Quantity.quantity><out_Quantity.quantity>879.250987</out_Quantity.quantity></Point><Point><position>2600</position><in_Quantity.quantity>0.000000</in_Quantity.quantity><out_Quantity.quantity>23.930030</out_Quantity.quantity></Point><Point><position>2601</position><in_Quantity.quantity>0.000000</in_Quantity.quantity><out_Quantity.quantity>816.961742</out_Quantity.quantity></Point><Point><position>2602</position><in_Quantity.quantity>0.000000</in_Quantity.quantity><out_Quantity.quantity>610.967945</out_Quantity.quantity></Point><Point><position>2603</position><in_Quantity.quantity>0.000000</in_Quantity.quantity><out_Quantity.quantity>818.479603</out_Quantity.quantity></Point><Point><position>2604</position><in_Quantity.quantity>0.000000</in_Quantity.quantity><out_Quantity.quantity>570.527744</out_Quantity.quantity></Point><Point><position>2605</position><in_Quantity.quantity>0.000000</in_Quantity.quantity><out_Quantity.quantity>379.221205</out_Quantity.quantity></Point><Point><position>2606</position><in_Quantity.quantity>0.000000</in_Quantity.quantity><out_Quantity.quantity>514.310176</out_Quantity.quantity></Point><Point><position>2607</position><in_Quantity.quantity>0.000000</in_Quantity.quantity><out_Quantity.quantity>585.464451</out_Quantity.quantity></Point><Point><position>2608</position><in_Quantity.quantity>0.000000</in_Quantity.quantity><out_Quantity.quantity>262.147609</out_Quantity.quantity></Point><Point><position>2609</position><in_Quantity.quantity>0.000000</in_Quantity.quantity><out_Quantity.quantity>735.651879</out_Quantity.quantity></Point><Point><position>2610</position><in_Quantity.quantity>0.000000</in_Quantity.quantity><out_Quantity.quantity>796.007414</out_Quantity.quantity></Point><Point><position>2611</position><in_Quantity.quantity>0.000000</in_Quantity.quantity><out_Quantity.quantity>555.502951</out_Quantity.quantity></Point><Point><position>2612</position><in_Quantity.quantity>0.000000</in_Quantity.quantity><out_Quantity.quantity>222.603644</out_Quantity.quantity></Point><Point><position>2613</position><in_Quantity.quantity>0.000000</in_Quantity.quantity><out_Quantity.quantity>248.585291</out_Quantity.quantity></Point><Point><position>2614</position><in_Quantity.quantity>0.000000</in_Quantity.quantity><out_Quantity.quantity>482.369818</out_Quantity.quantity></Point><Point><position>2615</position><in_Quantity.quantity>0.000000</in_Quantity.quantity><out_Quantity.quantity>978.055556</out_Quantity.quantity></Point><Point><position>2616</position><in_Quantity.quantity>0.000000</in_Quantity.quantity><out_Quantity.quantity>727.083539</out_Quantity.quantity></Point><Point><position>2617</position><in_Quantity.quantity>0.000000</in_Quantity.quantity><out_Quantity.quantity>776.833544</out_Quantity.quantity></Point><Point><position>2618</position><in_Quantity.quantity>0.000000</in_Quantity.quantity><out_Quantity.quantity>830.568650</out_Quantity.quantity></Point><Point><position>2619</position><in_Quantity.quantity>0.000000</in_Quantity.quantity><out_Quantity.quantity>949.291205</out_Quantity.quantity></Point><Point><position>2620</position><in_Quantity.quantity>0.000000</in_Quantity.quantity><out_Quantity.quantity>221.702893</out_Quantity.quantity></Point><Point><position>2621</position><in_Quantity.quantity>0.000000</in_Quantity.quantity><out_Quantity.quantity>553.743049</out_Quantity.quantity></Point><Point><position>2622</position><in_Quantity.quantity>0.000000</in_Quantity.quantity><out_Quantity.quantity>124.588425</out_Quantity.quantity></Point><Point><position>2623</position><in_Quantity.quantity>0.000000</in_Quantity.quantity><out_Quantity.quantity>411.384857</out_Quantity.quantity></Point><Point><position>2624</position><in_Quantity.quantity>0.000000</in_Quantity.quantity><out_Quantity.quantity>405.972373</out_Quantity.quantity></Point><Point><position>2625</position><in_Quantity.quantity>0.000000</in_Quantity.quantity><out_Quantity.quantity>775.823249</out_Quantity.quantity></Point><Point><position>2626</position><in_Quantity.quantity>0.000000</in_Quantity.quantity><out_Quantity.quantity>5.267937</out_Quantity.quantity></Point><Point><position>2627</position><in_Quantity.quantity>0.000000</in_Quantity.quantity><out_Quantity.quantity>908.402931</out_Quantity.quantity></Point><Point><position>2628</position><in_Quantity.quantity>0.000000</in_Quantity.quantity><out_Quantity.quantity>254.978872</out_Quantity.quantity></Point><Point><position>2629</position><in_Quantity.quantity>0.000000</in_Quantity.quantity><out_Quantity.quantity>556.396735</out_Quantity.quantity></Point><Point><position>2630</position><in_Quantity.quantity>0.000000</in_Quantity.quantity><out_Quantity.quantity>194.349293</out_Quantity.quantity></Point><Point><position>2631</position><in_Quantity.quantity>0.000000</in_Quantity.quantity><out_Quantity.quantity>218.251986</out_Quantity.quantity></Point><Point><position>2632</position><in_Quantity.quantity>0.000000</in_Quantity.quantity><out_Quantity.quantity>426.810288</out_Quantity.quantity></Point><Point><position>2633</position><in_Quantity.quantity>0.000000</in_Quantity.quantity><out_Quantity.quantity>594.501229</out_Quantity.quantity></Point><Point><position>2634</position><in_Quantity.quantity>0.000000</in_Quantity.quantity><out_Quantity.quantity>366.074122</out_Quantity.quantity></Point><Point><position>2635</position><in_Quantity.quantity>0.000000</in_Quantity.quantity><out_Quantity.quantity>280.393913</out_Quantity.quantity></Point><Point><position>2636</position><in_Quantity.quantity>0.000000</in_Quantity.quantity><out_Quantity.quantity>615.335901</out_Quantity.quantity></Point><Point><position>2637</position><in_Quantity.quantity>0.000000</in_Quantity.quantity><out_Quantity.quantity>788.446769</out_Quantity.quantity></Point><Point><position>2638</position><in_Quantity.quantity>0.000000</in_Quantity.quantity><out_Quantity.quantity>735.749067</out_Quantity.quantity></Point><Point><position>2639</position><in_Quantity.quantity>0.000000</in_Quantity.quantity><out_Quantity.quantity>584.585787</out_Quantity.quantity></Point><Point><position>2640</position><in_Quantity.quantity>0.000000</in_Quantity.quantity><out_Quantity.quantity>376.766495</out_Quantity.quantity></Point><Point><position>2641</position><in_Quantity.quantity>0.000000</in_Quantity.quantity><out_Quantity.quantity>45.774761</out_Quantity.quantity></Point><Point><position>2642</position><in_Quantity.quantity>0.000000</in_Quantity.quantity><out_Quantity.quantity>88.214140</out_Quantity.quantity></Point><Point><position>2643</position><in_Quantity.quantity>0.000000</in_Quantity.quantity><out_Quantity.quantity>703.706357</out_Quantity.quantity></Point><Point><position>2644</position><in_Quantity.quantity>0.000000</in_Quantity.quantity><out_Quantity.quantity>861.205343</out_Quantity.quantity></Point><Point><position>2645</position><in_Quantity.quantity>0.000000</in_Quantity.quantity><out_Quantity.quantity>164.220919</out_Quantity.quantity></Point><Point><position>2646</position><in_Quantity.quantity>0.000000</in_Quantity.quantity><out_Quantity.quantity>746.338545</out_Quantity.quantity></Point><Point><position>2647</position><in_Quantity.quantity>0.000000</in_Quantity.quantity><out_Quantity.quantity>751.989915</out_Quantity.quantity></Point><Point><position>2648</position><in_Quantity.quantity>0.000000</in_Quantity.quantity><out_Quantity.quantity>383.303128</out_Quantity.quantity></Point><Point><position>2649</position><in_Quantity.quantity>0.000000</in_Quantity.quantity><out_Quantity.quantity>633.936502</out_Quantity.quantity></Point><Point><position>2650</position><in_Quantity.quantity>0.000000</in_Quantity.quantity><out_Quantity.quantity>808.736847</out_Quantity.quantity></Point><Point><position>2651</position><in_Quantity.quantity>0.000000</in_Quantity.quantity><out_Quantity.quantity>125.180930</out_Quantity.quantity></Point><Point><position>2652</position><in_Quantity.quantity>0.000000</in_Quantity.quantity><out_Quantity.quantity>951.369696</out_Quantity.quantity></Point><Point><position>2653</position><in_Quantity.quantity>0.000000</in_Quantity.quantity><out_Quantity.quantity>471.720423</out_Quantity.quantity></Point><Point><position>2654</position><in_Quantity.quantity>0.000000</in_Quantity.quantity><out_Quantity.quantity>345.373479</out_Quantity.quantity></Point><Point><position>2655</position><in_Quantity.quantity>0.000000</in_Quantity.quantity><out_Quantity.quantity>578.151319</out_Quantity.quantity></Point><Point><position>2656</position><in_Quantity.quantity>0.000000</in_Quantity.quantity><out_Quantity.quantity>831.476625</out_Quantity.quantity></Point><Point><position>2657</position><in_Quantity.quantity>0.000000</in_Quantity.quantity><out_Quantity.quantity>128.980032</out_Quantity.quantity></Point><Point><position>2658</position><in_Quantity.quantity>0.000000</in_Quantity.quantity><out_Quantity.quantity>119.667466</out_Quantity.quantity></Point><Point><position>2659</position><in_Quantity.quantity>0.000000</in_Quantity.quantity><out_Quantity.quantity>285.158247</out_Quantity.quantity></Point><Point><position>2660</position><in_Quantity.quantity>0.000000</in_Quantity.quantity><out_Quantity.quantity>187.822049</out_Quantity.quantity></Point><Point><position>2661</position><in_Quantity.quantity>0.000000</in_Quantity.quantity><out_Quantity.quantity>107.088280</out_Quantity.quantity></Point><Point><position>2662</position><in_Quantity.quantity>0.000000</in_Quantity.quantity><out_Quantity.quantity>582.715597</out_Quantity.quantity></Point><Point><position>2663</position><in_Quantity.quantity>0.000000</in_Quantity.quantity><out_Quantity.quantity>625.676677</out_Quantity.quantity></Point><Point><position>2664</position><in_Quantity.quantity>0.000000</in_Quantity.quantity><out_Quantity.quantity>377.385415</out_Quantity.quantity></Point><Point><position>2665</position><in_Quantity.quantity>0.000000</in_Quantity.quantity><out_Quantity.quantity>343.482592</out_Quantity.quantity></Point><Point><position>2666</position><in_Quantity.quantity>0.000000</in_Quantity.quantity><out_Quantity.quantity>462.493909</out_Quantity.quantity></Point><Point><position>2667</position><in_Quantity.quantity>0.000000</in_Quantity.quantity><out_Quantity.quantity>949.831305</out_Quantity.quantity></Point><Point><position>2668</position><in_Quantity.quantity>0.000000</in_Quantity.quantity><out_Quantity.quantity>685.613493</out_Quantity.quantity></Point><Point><position>2669</position><in_Quantity.quantity>0.000000</in_Quantity.quantity><out_Quantity.quantity>730.940638</out_Quantity.quantity></Point><Point><position>2670</position><in_Quantity.quantity>0.000000</in_Quantity.quantity><out_Quantity.quantity>413.767659</out_Quantity.quantity></Point><Point><position>2671</position><in_Quantity.quantity>0.000000</in_Quantity.quantity><out_Quantity.quantity>193.278657</out_Quantity.quantity></Point><Point><position>2672</position><in_Quantity.quantity>0.000000</in_Quantity.quantity><out_Quantity.quantity>631.412908</out_Quantity.quantity></Point><Point><position>2673</position><in_Quantity.quantity>0.000000</in_Quantity.quantity><out_Quantity.quantity>990.305025</out_Quantity.quantity></Point><Point><position>2674</position><in_Quantity.quantity>0.000000</in_Quantity.quantity><out_Quantity.quantity>557.926723</out_Quantity.quantity></Point><Point><position>2675</position><in_Quantity.quantity>0.000000</in_Quantity.quantity><out_Quantity.quantity>621.689999</out_Quantity.quantity></Point><Point><position>2676</position><in_Quantity.quantity>0.000000</in_Quantity.quantity><out_Quantity.quantity>541.228548</out_Quantity.quantity></Point><Point><position>2677</position><in_Quantity.quantity>0.000000</in_Quantity.quantity><out_Quantity.quantity>570.685079</out_Quantity.quantity></Point><Point><position>2678</position><in_Quantity.quantity>0.000000</in_Quantity.quantity><out_Quantity.quantity>31.706711</out_Quantity.quantity></Point><Point><position>2679</position><in_Quantity.quantity>0.000000</in_Quantity.quantity><out_Quantity.quantity>593.596796</out_Quantity.quantity></Point><Point><position>2680</position><in_Quantity.quantity>0.000000</in_Quantity.quantity><out_Quantity.quantity>224.192274</out_Quantity.quantity></Point><Point><position>2681</position><in_Quantity.quantity>0.000000</in_Quantity.quantity><out_Quantity.quantity>897.455521</out_Quantity.quantity></Point><Point><position>2682</position><in_Quantity.quantity>0.000000</in_Quantity.quantity><out_Quantity.quantity>537.874399</out_Quantity.quantity></Point><Point><position>2683</position><in_Quantity.quantity>0.000000</in_Quantity.quantity><out_Quantity.quantity>985.370049</out_Quantity.quantity></Point><Point><position>2684</position><in_Quantity.quantity>0.000000</in_Quantity.quantity><out_Quantity.quantity>731.592325</out_Quantity.quantity></Point><Point><position>2685</position><in_Quantity.quantity>0.000000</in_Quantity.quantity><out_Quantity.quantity>832.448840</out_Quantity.quantity></Point><Point><position>2686</position><in_Quantity.quantity>0.000000</in_Quantity.quantity><out_Quantity.quantity>428.476128</out_Quantity.quantity></Point><Point><position>2687</position><in_Quantity.quantity>0.000000</in_Quantity.quantity><out_Quantity.quantity>688.104082</out_Quantity.quantity></Point><Point><position>2688</position><in_Quantity.quantity>0.000000</in_Quantity.quantity><out_Quantity.quantity>230.996893</out_Quantity.quantity></Point><Point><position>2689</position><in_Quantity.quantity>0.000000</in_Quantity.quantity><out_Quantity.quantity>561.074502</out_Quantity.quantity></Point><Point><position>2690</position><in_Quantity.quantity>0.000000</in_Quantity.quantity><out_Quantity.quantity>441.629286</out_Quantity.quantity></Point><Point><position>2691</position><in_Quantity.quantity>0.000000</in_Quantity.quantity><out_Quantity.quantity>82.879105</out_Quantity.quantity></Point><Point><position>2692</position><in_Quantity.quantity>0.000000</in_Quantity.quantity><out_Quantity.quantity>88.181370</out_Quantity.quantity></Point><Point><position>2693</position><in_Quantity.quantity>0.000000</in_Quantity.quantity><out_Quantity.quantity>317.267752</out_Quantity.quantity></Point><Point><position>2694</position><in_Quantity.quantity>0.000000</in_Quantity.quantity><out_Quantity.quantity>734.493542</out_Quantity.quantity></Point><Point><position>2695</position><in_Quantity.quantity>0.000000</in_Quantity.quantity><out_Quantity.quantity>204.442970</out_Quantity.quantity></Point><Point><position>2696</position><in_Quantity.quantity>0.000000</in_Quantity.quantity><out_Quantity.quantity>10.746454</out_Quantity.quantity></Point><Point><position>2697</position><in_Quantity.quantity>0.000000</in_Quantity.quantity><out_Quantity.quantity>774.611778</out_Quantity.quantity></Point><Point><position>2698</position><in_Quantity.quantity>0.000000</in_Quantity.quantity><out_Quantity.quantity>264.021625</out_Quantity.quantity></Point><Point><position>2699</position><in_Quantity.quantity>0.000000</in_Quantity.quantity><out_Quantity.quantity>989.273548</out_Quantity.quantity></Point><Point><position>2700</position><in_Quantity.quantity>0.000000</in_Quantity.quantity><out_Quantity.quantity>339.802259</out_Quantity.quantity></Point><Point><position>2701</position><in_Quantity.quantity>0.000000</in_Quantity.quantity><out_Quantity.quantity>436.151875</out_Quantity.quantity></Point><Point><position>2702</position><in_Quantity.quantity>0.000000</in_Quantity.quantity><out_Quantity.quantity>809.576739</out_Quantity.quantity></Point><Point><position>2703</position><in_Quantity.quantity>0.000000</in_Quantity.quantity><out_Quantity.quantity>919.724479</out_Quantity.quantity></Point><Point><position>2704</position><in_Quantity.quantity>0.000000</in_Quantity.quantity><out_Quantity.quantity>74.525016</out_Quantity.quantity></Point><Point><position>2705</position><in_Quantity.quantity>0.000000</in_Quantity.quantity><out_Quantity.quantity>79.418554</out_Quantity.quantity></Point><Point><position>2706</position><in_Quantity.quantity>0.000000</in_Quantity.quantity><out_Quantity.quantity>104.157975</out_Quantity.quantity></Point><Point><position>2707</position><in_Quantity.quantity>0.000000</in_Quantity.quantity><out_Quantity.quantity>732.031677</out_Quantity.quantity></Point><Point><position>2708</position><in_Quantity.quantity>0.000000</in_Quantity.quantity><out_Quantity.quantity>846.205242</out_Quantity.quantity></Point><Point><position>2709</position><in_Quantity.quantity>0.000000</in_Quantity.quantity><out_Quantity.quantity>911.494939</out_Quantity.quantity></Point><Point><position>2710</position><in_Quantity.quantity>0.000000</in_Quantity.quantity><out_Quantity.quantity>557.169459</out_Quantity.quantity></Point><Point><position>2711</position><in_Quantity.quantity>0.000000</in_Quantity.quantity><out_Quantity.quantity>669.775405</out_Quantity.quantity></Point><Point><position>2712</position><in_Quantity.quantity>0.000000</in_Quantity.quantity><out_Quantity.quantity>984.884494</out_Quantity.quantity></Point><Point><position>2713</position><in_Quantity.quantity>0.000000</in_Quantity.quantity><out_Quantity.quantity>208.020771</out_Quantity.quantity></Point><Point><position>2714</position><in_Quantity.quantity>0.000000</in_Quantity.quantity><out_Quantity.quantity>324.692055</out_Quantity.quantity></Point><Point><position>2715</position><in_Quantity.quantity>0.000000</in_Quantity.quantity><out_Quantity.quantity>502.384521</out_Quantity.quantity></Point><Point><position>2716</position><in_Quantity.quantity>0.000000</in_Quantity.quantity><out_Quantity.quantity>994.383021</out_Quantity.quantity></Point><Point><position>2717</position><in_Quantity.quantity>0.000000</in_Quantity.quantity><out_Quantity.quantity>108.508363</out_Quantity.quantity></Point><Point><position>2718</position><in_Quantity.quantity>0.000000</in_Quantity.quantity><out_Quantity.quantity>422.468633</out_Quantity.quantity></Point><Point><position>2719</position><in_Quantity.quantity>0.000000</in_Quantity.quantity><out_Quantity.quantity>548.955931</out_Quantity.quantity></Point><Point><position>2720</position><in_Quantity.quantity>0.000000</in_Quantity.quantity><out_Quantity.quantity>577.896649</out_Quantity.quantity></Point><Point><position>2721</position><in_Quantity.quantity>0.000000</in_Quantity.quantity><out_Quantity.quantity>534.501489</out_Quantity.quantity></Point><Point><position>2722</position><in_Quantity.quantity>0.000000</in_Quantity.quantity><out_Quantity.quantity>548.219789</out_Quantity.quantity></Point><Point><position>2723</position><in_Quantity.quantity>0.000000</in_Quantity.quantity><out_Quantity.quantity>775.840789</out_Quantity.quantity></Point><Point><position>2724</position><in_Quantity.quantity>0.000000</in_Quantity.quantity><out_Quantity.quantity>620.198970</out_Quantity.quantity></Point><Point><position>2725</position><in_Quantity.quantity>0.000000</in_Quantity.quantity><out_Quantity.quantity>631.073839</out_Quantity.quantity></Point><Point><position>2726</position><in_Quantity.quantity>0.000000</in_Quantity.quantity><out_Quantity.quantity>217.103891</out_Quantity.quantity></Point><Point><position>2727</position><in_Quantity.quantity>0.000000</in_Quantity.quantity><out_Quantity.quantity>813.793058</out_Quantity.quantity></Point><Point><position>2728</position><in_Quantity.quantity>0.000000</in_Quantity.quantity><out_Quantity.quantity>254.219194</out_Quantity.quantity></Point><Point><position>2729</position><in_Quantity.quantity>0.000000</in_Quantity.quantity><out_Quantity.quantity>433.081551</out_Quantity.quantity></Point><Point><position>2730</position><in_Quantity.quantity>0.000000</in_Quantity.quantity><out_Quantity.quantity>938.307469</out_Quantity.quantity></Point><Point><position>2731</position><in_Quantity.quantity>0.000000</in_Quantity.quantity><out_Quantity.quantity>476.342194</out_Quantity.quantity></Point><Point><position>2732</position><in_Quantity.quantity>0.000000</in_Quantity.quantity><out_Quantity.quantity>3.260152</out_Quantity.quantity></Point><Point><position>2733</position><in_Quantity.quantity>0.000000</in_Quantity.quantity><out_Quantity.quantity>998.823309</out_Quantity.quantity></Point><Point><position>2734</position><in_Quantity.quantity>0.000000</in_Quantity.quantity><out_Quantity.quantity>739.754139</out_Quantity.quantity></Point><Point><position>2735</position><in_Quantity.quantity>0.000000</in_Quantity.quantity><out_Quantity.quantity>115.548452</out_Quantity.quantity></Point><Point><position>2736</position><in_Quantity.quantity>0.000000</in_Quantity.quantity><out_Quantity.quantity>660.965776</out_Quantity.quantity></Point><Point><position>2737</position><in_Quantity.quantity>0.000000</in_Quantity.quantity><out_Quantity.quantity>243.797567</out_Quantity.quantity></Point><Point><position>2738</position><in_Quantity.quantity>0.000000</in_Quantity.quantity><out_Quantity.quantity>588.609293</out_Quantity.quantity></Point><Point><position>2739</position><in_Quantity.quantity>0.000000</in_Quantity.quantity><out_Quantity.quantity>239.228479</out_Quantity.quantity></Point><Point><position>2740</position><in_Quantity.quantity>0.000000</in_Quantity.quantity><out_Quantity.quantity>806.556812</out_Quantity.quantity></Point><Point><position>2741</position><in_Quantity.quantity>0.000000</in_Quantity.quantity><out_Quantity.quantity>110.448282</out_Quantity.quantity></Point><Point><position>2742</position><in_Quantity.quantity>0.000000</in_Quantity.quantity><out_Quantity.quantity>425.376316</out_Quantity.quantity></Point><Point><position>2743</position><in_Quantity.quantity>0.000000</in_Quantity.quantity><out_Quantity.quantity>366.633075</out_Quantity.quantity></Point><Point><position>2744</position><in_Quantity.quantity>0.000000</in_Quantity.quantity><out_Quantity.quantity>9.575741</out_Quantity.quantity></Point><Point><position>2745</position><in_Quantity.quantity>0.000000</in_Quantity.quantity><out_Quantity.quantity>94.729007</out_Quantity.quantity></Point><Point><position>2746</position><in_Quantity.quantity>0.000000</in_Quantity.quantity><out_Quantity.quantity>145.110867</out_Quantity.quantity></Point><Point><position>2747</position><in_Quantity.quantity>0.000000</in_Quantity.quantity><out_Quantity.quantity>4.626874</out_Quantity.quantity></Point><Point><position>2748</position><in_Quantity.quantity>0.000000</in_Quantity.quantity><out_Quantity.quantity>104.311617</out_Quantity.quantity></Point><Point><position>2749</position><in_Quantity.quantity>0.000000</in_Quantity.quantity><out_Quantity.quantity>584.355002</out_Quantity.quantity></Point><Point><position>2750</position><in_Quantity.quantity>0.000000</in_Quantity.quantity><out_Quantity.quantity>487.947223</out_Quantity.quantity></Point><Point><position>2751</position><in_Quantity.quantity>0.000000</in_Quantity.quantity><out_Quantity.quantity>201.737525</out_Quantity.quantity></Point><Point><position>2752</position><in_Quantity.quantity>0.000000</in_Quantity.quantity><out_Quantity.quantity>351.803768</out_Quantity.quantity></Point><Point><position>2753</position><in_Quantity.quantity>0.000000</in_Quantity.quantity><out_Quantity.quantity>112.758195</out_Quantity.quantity></Point><Point><position>2754</position><in_Quantity.quantity>0.000000</in_Quantity.quantity><out_Quantity.quantity>536.287170</out_Quantity.quantity></Point><Point><position>2755</position><in_Quantity.quantity>0.000000</in_Quantity.quantity><out_Quantity.quantity>11.804605</out_Quantity.quantity></Point><Point><position>2756</position><in_Quantity.quantity>0.000000</in_Quantity.quantity><out_Quantity.quantity>587.193214</out_Quantity.quantity></Point><Point><position>2757</position><in_Quantity.quantity>0.000000</in_Quantity.quantity><out_Quantity.quantity>878.976206</out_Quantity.quantity></Point><Point><position>2758</position><in_Quantity.quantity>0.000000</in_Quantity.quantity><out_Quantity.quantity>806.306848</out_Quantity.quantity></Point><Point><position>2759</position><in_Quantity.quantity>0.000000</in_Quantity.quantity><out_Quantity.quantity>499.818093</out_Quantity.quantity></Point><Point><position>2760</position><in_Quantity.quantity>0.000000</in_Quantity.quantity><out_Quantity.quantity>46.312138</out_Quantity.quantity></Point><Point><position>2761</position><in_Quantity.quantity>0.000000</in_Quantity.quantity><out_Quantity.quantity>788.624338</out_Quantity.quantity></Point><Point><position>2762</position><in_Quantity.quantity>0.000000</in_Quantity.quantity><out_Quantity.quantity>918.581741</out_Quantity.quantity></Point><Point><position>2763</position><in_Quantity.quantity>0.000000</in_Quantity.quantity><out_Quantity.quantity>439.949252</out_Quantity.quantity></Point><Point><position>2764</position><in_Quantity.quantity>0.000000</in_Quantity.quantity><out_Quantity.quantity>803.302453</out_Quantity.quantity></Point><Point><position>2765</position><in_Quantity.quantity>0.000000</in_Quantity.quantity><out_Quantity.quantity>556.533341</out_Quantity.quantity></Point><Point><position>2766</position><in_Quantity.quantity>0.000000</in_Quantity.quantity><out_Quantity.quantity>692.023736</out_Quantity.quantity></Point><Point><position>2767</position><in_Quantity.quantity>0.000000</in_Quantity.quantity><out_Quantity.quantity>163.149652</out_Quantity.quantity></Point><Point><position>2768</position><in_Quantity.quantity>0.000000</in_Quantity.quantity><out_Quantity.quantity>589.546859</out_Quantity.quantity></Point><Point><position>2769</position><in_Quantity.quantity>0.000000</in_Quantity.quantity><out_Quantity.quantity>282.706105</out_Quantity.quantity></Point><Point><position>2770</position><in_Quantity.quantity>0.000000</in_Quantity.quantity><out_Quantity.quantity>918.051919</out_Quantity.quantity></Point><Point><position>2771</position><in_Quantity.quantity>0.000000</in_Quantity.quantity><out_Quantity.quantity>162.326725</out_Quantity.quantity></Point><Point><position>2772</position><in_Quantity.quantity>0.000000</in_Quantity.quantity><out_Quantity.quantity>27.464915</out_Quantity.quantity></Point><Point><position>2773</position><in_Quantity.quantity>0.000000</in_Quantity.quantity><out_Quantity.quantity>381.532070</out_Quantity.quantity></Point><Point><position>2774</position><in_Quantity.quantity>0.000000</in_Quantity.quantity><out_Quantity.quantity>832.162465</out_Quantity.quantity></Point><Point><position>2775</position><in_Quantity.quantity>0.000000</in_Quantity.quantity><out_Quantity.quantity>641.341048</out_Quantity.quantity></Point><Point><position>2776</position><in_Quantity.quantity>0.000000</in_Quantity.quantity><out_Quantity.quantity>564.346448</out_Quantity.quantity></Point><Point><position>2777</position><in_Quantity.quantity>0.000000</in_Quantity.quantity><out_Quantity.quantity>556.062281</out_Quantity.quantity></Point><Point><position>2778</position><in_Quantity.quantity>0.000000</in_Quantity.quantity><out_Quantity.quantity>114.318371</out_Quantity.quantity></Point><Point><position>2779</position><in_Quantity.quantity>0.000000</in_Quantity.quantity><out_Quantity.quantity>645.791751</out_Quantity.quantity></Point><Point><position>2780</position><in_Quantity.quantity>0.000000</in_Quantity.quantity><out_Quantity.quantity>710.215653</out_Quantity.quantity></Point><Point><position>2781</position><in_Quantity.quantity>0.000000</in_Quantity.quantity><out_Quantity.quantity>385.104681</out_Quantity.quantity></Point><Point><position>2782</position><in_Quantity.quantity>0.000000</in_Quantity.quantity><out_Quantity.quantity>373.413845</out_Quantity.quantity></Point><Point><position>2783</position><in_Quantity.quantity>0.000000</in_Quantity.quantity><out_Quantity.quantity>53.617695</out_Quantity.quantity></Point><Point><position>2784</position><in_Quantity.quantity>0.000000</in_Quantity.quantity><out_Quantity.quantity>406.073753</out_Quantity.quantity></Point><Point><position>2785</position><in_Quantity.quantity>0.000000</in_Quantity.quantity><out_Quantity.quantity>372.583154</out_Quantity.quantity></Point><Point><position>2786</position><in_Quantity.quantity>0.000000</in_Quantity.quantity><out_Quantity.quantity>798.467244</out_Quantity.quantity></Point><Point><position>2787</position><in_Quantity.quantity>0.000000</in_Quantity.quantity><out_Quantity.quantity>881.275107</out_Quantity.quantity></Point><Point><position>2788</position><in_Quantity.quantity>0.000000</in_Quantity.quantity><out_Quantity.quantity>768.041337</out_Quantity.quantity></Point><Point><position>2789</position><in_Quantity.quantity>0.000000</in_Quantity.quantity><out_Quantity.quantity>798.702896</out_Quantity.quantity></Point><Point><position>2790</position><in_Quantity.quantity>0.000000</in_Quantity.quantity><out_Quantity.quantity>803.077910</out_Quantity.quantity></Point><Point><position>2791</position><in_Quantity.quantity>0.000000</in_Quantity.quantity><out_Quantity.quantity>220.208540</out_Quantity.quantity></Point><Point><position>2792</position><in_Quantity.quantity>0.000000</in_Quantity.quantity><out_Quantity.quantity>821.399793</out_Quantity.quantity></Point><Point><position>2793</position><in_Quantity.quantity>0.000000</in_Quantity.quantity><out_Quantity.quantity>306.856606</out_Quantity.quantity></Point><Point><position>2794</position><in_Quantity.quantity>0.000000</in_Quantity.quantity><out_Quantity.quantity>90.498088</out_Quantity.quantity></Point><Point><position>2795</position><in_Quantity.quantity>0.000000</in_Quantity.quantity><out_Quantity.quantity>308.084274</out_Quantity.quantity></Point><Point><position>2796</position><in_Quantity.quantity>0.000000</in_Quantity.quantity><out_Quantity.quantity>253.218080</out_Quantity.quantity></Point><Point><position>2797</position><in_Quantity.quantity>0.000000</in_Quantity.quantity><out_Quantity.quantity>878.954498</out_Quantity.quantity></Point><Point><position>2798</position><in_Quantity.quantity>0.000000</in_Quantity.quantity><out_Quantity.quantity>387.427361</out_Quantity.quantity></Point><Point><position>2799</position><in_Quantity.quantity>0.000000</in_Quantity.quantity><out_Quantity.quantity>657.070193</out_Quantity.quantity></Point><Point><position>2800</position><in_Quantity.quantity>0.000000</in_Quantity.quantity><out_Quantity.quantity>348.684011</out_Quantity.quantity></Point><Point><position>2801</position><in_Quantity.quantity>0.000000</in_Quantity.quantity><out_Quantity.quantity>258.503827</out_Quantity.quantity></Point><Point><position>2802</position><in_Quantity.quantity>0.000000</in_Quantity.quantity><out_Quantity.quantity>499.875858</out_Quantity.quantity></Point><Point><position>2803</position><in_Quantity.quantity>0.000000</in_Quantity.quantity><out_Quantity.quantity>519.548038</out_Quantity.quantity></Point><Point><position>2804</position><in_Quantity.quantity>0.000000</in_Quantity.quantity><out_Quantity.quantity>770.430822</out_Quantity.quantity></Point><Point><position>2805</position><in_Quantity.quantity>0.000000</in_Quantity.quantity><out_Quantity.quantity>524.081503</out_Quantity.quantity></Point><Point><position>2806</position><in_Quantity.quantity>0.000000</in_Quantity.quantity><out_Quantity.quantity>770.740635</out_Quantity.quantity></Point><Point><position>2807</position><in_Quantity.quantity>0.000000</in_Quantity.quantity><out_Quantity.quantity>692.734057</out_Quantity.quantity></Point><Point><position>2808</position><in_Quantity.quantity>0.000000</in_Quantity.quantity><out_Quantity.quantity>577.238098</out_Quantity.quantity></Point><Point><position>2809</position><in_Quantity.quantity>0.000000</in_Quantity.quantity><out_Quantity.quantity>36.423526</out_Quantity.quantity></Point><Point><position>2810</position><in_Quantity.quantity>0.000000</in_Quantity.quantity><out_Quantity.quantity>781.124177</out_Quantity.quantity></Point><Point><position>2811</position><in_Quantity.quantity>0.000000</in_Quantity.quantity><out_Quantity.quantity>922.199484</out_Quantity.quantity></Point><Point><position>2812</position><in_Quantity.quantity>0.000000</in_Quantity.quantity><out_Quantity.quantity>847.948307</out_Quantity.quantity></Point><Point><position>2813</position><in_Quantity.quantity>0.000000</in_Quantity.quantity><out_Quantity.quantity>560.910019</out_Quantity.quantity></Point><Point><position>2814</position><in_Quantity.quantity>0.000000</in_Quantity.quantity><out_Quantity.quantity>440.764454</out_Quantity.quantity></Point><Point><position>2815</position><in_Quantity.quantity>0.000000</in_Quantity.quantity><out_Quantity.quantity>872.272048</out_Quantity.quantity></Point><Point><position>2816</position><in_Quantity.quantity>0.000000</in_Quantity.quantity><out_Quantity.quantity>520.255440</out_Quantity.quantity></Point><Point><position>2817</position><in_Quantity.quantity>0.000000</in_Quantity.quantity><out_Quantity.quantity>331.492036</out_Quantity.quantity></Point><Point><position>2818</position><in_Quantity.quantity>0.000000</in_Quantity.quantity><out_Quantity.quantity>778.713173</out_Quantity.quantity></Point><Point><position>2819</position><in_Quantity.quantity>0.000000</in_Quantity.quantity><out_Quantity.quantity>47.783813</out_Quantity.quantity></Point><Point><position>2820</position><in_Quantity.quantity>0.000000</in_Quantity.quantity><out_Quantity.quantity>536.229310</out_Quantity.quantity></Point><Point><position>2821</position><in_Quantity.quantity>0.000000</in_Quantity.quantity><out_Quantity.quantity>210.813029</out_Quantity.quantity></Point><Point><position>2822</position><in_Quantity.quantity>0.000000</in_Quantity.quantity><out_Quantity.quantity>670.254888</out_Quantity.quantity></Point><Point><position>2823</position><in_Quantity.quantity>0.000000</in_Quantity.quantity><out_Quantity.quantity>580.227657</out_Quantity.quantity></Point><Point><position>2824</position><in_Quantity.quantity>0.000000</in_Quantity.quantity><out_Quantity.quantity>921.697165</out_Quantity.quantity></Point><Point><position>2825</position><in_Quantity.quantity>0.000000</in_Quantity.quantity><out_Quantity.quantity>574.174372</out_Quantity.quantity></Point><Point><position>2826</position><in_Quantity.quantity>0.000000</in_Quantity.quantity><out_Quantity.quantity>933.589091</out_Quantity.quantity></Point><Point><position>2827</position><in_Quantity.quantity>0.000000</in_Quantity.quantity><out_Quantity.quantity>850.478812</out_Quantity.quantity></Point><Point><position>2828</position><in_Quantity.quantity>0.000000</in_Quantity.quantity><out_Quantity.quantity>300.096291</out_Quantity.quantity></Point><Point><position>2829</position><in_Quantity.quantity>0.000000</in_Quantity.quantity><out_Quantity.quantity>224.910149</out_Quantity.quantity></Point><Point><position>2830</position><in_Quantity.quantity>0.000000</in_Quantity.quantity><out_Quantity.quantity>307.798544</out_Quantity.quantity></Point><Point><position>2831</position><in_Quantity.quantity>0.000000</in_Quantity.quantity><out_Quantity.quantity>127.122589</out_Quantity.quantity></Point><Point><position>2832</position><in_Quantity.quantity>0.000000</in_Quantity.quantity><out_Quantity.quantity>309.443007</out_Quantity.quantity></Point><Point><position>2833</position><in_Quantity.quantity>0.000000</in_Quantity.quantity><out_Quantity.quantity>431.982591</out_Quantity.quantity></Point><Point><position>2834</position><in_Quantity.quantity>0.000000</in_Quantity.quantity><out_Quantity.quantity>341.682148</out_Quantity.quantity></Point><Point><position>2835</position><in_Quantity.quantity>0.000000</in_Quantity.quantity><out_Quantity.quantity>681.323878</out_Quantity.quantity></Point><Point><position>2836</position><in_Quantity.quantity>0.000000</in_Quantity.quantity><out_Quantity.quantity>209.615231</out_Quantity.quantity></Point><Point><position>2837</position><in_Quantity.quantity>0.000000</in_Quantity.quantity><out_Quantity.quantity>793.382581</out_Quantity.quantity></Point><Point><position>2838</position><in_Quantity.quantity>0.000000</in_Quantity.quantity><out_Quantity.quantity>286.054134</out_Quantity.quantity></Point><Point><position>2839</position><in_Quantity.quantity>0.000000</in_Quantity.quantity><out_Quantity.quantity>586.376081</out_Quantity.quantity></Point><Point><position>2840</position><in_Quantity.quantity>0.000000</in_Quantity.quantity><out_Quantity.quantity>820.656814</out_Quantity.quantity></Point><Point><position>2841</position><in_Quantity.quantity>0.000000</in_Quantity.quantity><out_Quantity.quantity>539.688528</out_Quantity.quantity></Point><Point><position>2842</position><in_Quantity.quantity>0.000000</in_Quantity.quantity><out_Quantity.quantity>415.903489</out_Quantity.quantity></Point><Point><position>2843</position><in_Quantity.quantity>0.000000</in_Quantity.quantity><out_Quantity.quantity>52.002564</out_Quantity.quantity></Point><Point><position>2844</position><in_Quantity.quantity>0.000000</in_Quantity.quantity><out_Quantity.quantity>963.818272</out_Quantity.quantity></Point><Point><position>2845</position><in_Quantity.quantity>0.000000</in_Quantity.quantity><out_Quantity.quantity>193.860035</out_Quantity.quantity></Point><Point><position>2846</position><in_Quantity.quantity>0.000000</in_Quantity.quantity><out_Quantity.quantity>874.166300</out_Quantity.quantity></Point><Point><position>2847</position><in_Quantity.quantity>0.000000</in_Quantity.quantity><out_Quantity.quantity>445.626999</out_Quantity.quantity></Point><Point><position>2848</position><in_Quantity.quantity>0.000000</in_Quantity.quantity><out_Quantity.quantity>28.417808</out_Quantity.quantity></Point><Point><position>2849</position><in_Quantity.quantity>0.000000</in_Quantity.quantity><out_Quantity.quantity>229.086786</out_Quantity.quantity></Point><Point><position>2850</position><in_Quantity.quantity>0.000000</in_Quantity.quantity><out_Quantity.quantity>625.240504</out_Quantity.quantity></Point><Point><position>2851</position><in_Quantity.quantity>0.000000</in_Quantity.quantity><out_Quantity.quantity>686.648649</out_Quantity.quantity></Point><Point><position>2852</position><in_Quantity.quantity>0.000000</in_Quantity.quantity><out_Quantity.quantity>427.661488</out_Quantity.quantity></Point><Point><position>2853</position><in_Quantity.quantity>0.000000</in_Quantity.quantity><out_Quantity.quantity>456.935837</out_Quantity.quantity></Point><Point><position>2854</position><in_Quantity.quantity>0.000000</in_Quantity.quantity><out_Quantity.quantity>751.368114</out_Quantity.quantity></Point><Point><position>2855</position><in_Quantity.quantity>0.000000</in_Quantity.quantity><out_Quantity.quantity>870.477360</out_Quantity.quantity></Point><Point><position>2856</position><in_Quantity.quantity>0.000000</in_Quantity.quantity><out_Quantity.quantity>375.173638</out_Quantity.quantity></Point><Point><position>2857</position><in_Quantity.quantity>0.000000</in_Quantity.quantity><out_Quantity.quantity>771.125214</out_Quantity.quantity></Point><Point><position>2858</position><in_Quantity.quantity>0.000000</in_Quantity.quantity><out_Quantity.quantity>957.659757</out_Quantity.quantity></Point><Point><position>2859</position><in_Quantity.quantity>0.000000</in_Quantity.quantity><out_Quantity.quantity>55.240985</out_Quantity.quantity></Point><Point><position>2860</position><in_Quantity.quantity>0.000000</in_Quantity.quantity><out_Quantity.quantity>309.123563</out_Quantity.quantity></Point><Point><position>2861</position><in_Quantity.quantity>0.000000</in_Quantity.quantity><out_Quantity.quantity>784.038079</out_Quantity.quantity></Point><Point><position>2862</position><in_Quantity.quantity>0.000000</in_Quantity.quantity><out_Quantity.quantity>453.258875</out_Quantity.quantity></Point><Point><position>2863</position><in_Quantity.quantity>0.000000</in_Quantity.quantity><out_Quantity.quantity>939.515773</out_Quantity.quantity></Point><Point><position>2864</position><in_Quantity.quantity>0.000000</in_Quantity.quantity><out_Quantity.quantity>127.935018</out_Quantity.quantity></Point><Point><position>2865</position><in_Quantity.quantity>0.000000</in_Quantity.quantity><out_Quantity.quantity>937.168507</out_Quantity.quantity></Point><Point><position>2866</position><in_Quantity.quantity>0.000000</in_Quantity.quantity><out_Quantity.quantity>862.080700</out_Quantity.quantity></Point><Point><position>2867</position><in_Quantity.quantity>0.000000</in_Quantity.quantity><out_Quantity.quantity>816.312329</out_Quantity.quantity></Point><Point><position>2868</position><in_Quantity.quantity>0.000000</in_Quantity.quantity><out_Quantity.quantity>533.761495</out_Quantity.quantity></Point><Point><position>2869</position><in_Quantity.quantity>0.000000</in_Quantity.quantity><out_Quantity.quantity>965.677379</out_Quantity.quantity></Point><Point><position>2870</position><in_Quantity.quantity>0.000000</in_Quantity.quantity><out_Quantity.quantity>105.630290</out_Quantity.quantity></Point><Point><position>2871</position><in_Quantity.quantity>0.000000</in_Quantity.quantity><out_Quantity.quantity>558.121754</out_Quantity.quantity></Point><Point><position>2872</position><in_Quantity.quantity>0.000000</in_Quantity.quantity><out_Quantity.quantity>877.247021</out_Quantity.quantity></Point><Point><position>2873</position><in_Quantity.quantity>0.000000</in_Quantity.quantity><out_Quantity.quantity>338.829588</out_Quantity.quantity></Point><Point><position>2874</position><in_Quantity.quantity>0.000000</in_Quantity.quantity><out_Quantity.quantity>898.547245</out_Quantity.quantity></Point><Point><position>2875</position><in_Quantity.quantity>0.000000</in_Quantity.quantity><out_Quantity.quantity>366.923698</out_Quantity.quantity></Point><Point><position>2876</position><in_Quantity.quantity>0.000000</in_Quantity.quantity><out_Quantity.quantity>104.021784</out_Quantity.quantity></Point><Point><position>2877</position><in_Quantity.quantity>0.000000</in_Quantity.quantity><out_Quantity.quantity>446.439979</out_Quantity.quantity></Point><Point><position>2878</position><in_Quantity.quantity>0.000000</in_Quantity.quantity><out_Quantity.quantity>38.293395</out_Quantity.quantity></Point><Point><position>2879</position><in_Quantity.quantity>0.000000</in_Quantity.quantity><out_Quantity.quantity>331.879433</out_Quantity.quantity></Point><Point><position>2880</position><in_Quantity.quantity>0.000000</in_Quantity.quantity><out_Quantity.quantity>846.032192</out_Quantity.quantity></Point><Point><position>2881</position><in_Quantity.quantity>0.000000</in_Quantity.quantity><out_Quantity.quantity>666.541758</out_Quantity.quantity></Point><Point><position>2882</position><in_Quantity.quantity>0.000000</in_Quantity.quantity><out_Quantity.quantity>306.438146</out_Quantity.quantity></Point><Point><position>2883</position><in_Quantity.quantity>0.000000</in_Quantity.quantity><out_Quantity.quantity>86.135552</out_Quantity.quantity></Point><Point><position>2884</position><in_Quantity.quantity>0.000000</in_Quantity.quantity><out_Quantity.quantity>465.062888</out_Quantity.quantity></Point><Point><position>2885</position><in_Quantity.quantity>0.000000</in_Quantity.quantity><out_Quantity.quantity>551.130320</out_Quantity.quantity></Point><Point><position>2886</position><in_Quantity.quantity>0.000000</in_Quantity.quantity><out_Quantity.quantity>472.505932</out_Quantity.quantity></Point><Point><position>2887</position><in_Quantity.quantity>0.000000</in_Quantity.quantity><out_Quantity.quantity>191.517823</out_Quantity.quantity></Point><Point><position>2888</position><in_Quantity.quantity>0.000000</in_Quantity.quantity><out_Quantity.quantity>805.729252</out_Quantity.quantity></Point><Point><position>2889</position><in_Quantity.quantity>0.000000</in_Quantity.quantity><out_Quantity.quantity>407.288374</out_Quantity.quantity></Point><Point><position>2890</position><in_Quantity.quantity>0.000000</in_Quantity.quantity><out_Quantity.quantity>368.965828</out_Quantity.quantity></Point><Point><position>2891</position><in_Quantity.quantity>0.000000</in_Quantity.quantity><out_Quantity.quantity>822.230799</out_Quantity.quantity></Point><Point><position>2892</position><in_Quantity.quantity>0.000000</in_Quantity.quantity><out_Quantity.quantity>205.807354</out_Quantity.quantity></Point><Point><position>2893</position><in_Quantity.quantity>0.000000</in_Quantity.quantity><out_Quantity.quantity>514.489761</out_Quantity.quantity></Point><Point><position>2894</position><in_Quantity.quantity>0.000000</in_Quantity.quantity><out_Quantity.quantity>591.022662</out_Quantity.quantity></Point><Point><position>2895</position><in_Quantity.quantity>0.000000</in_Quantity.quantity><out_Quantity.quantity>513.998950</out_Quantity.quantity></Point><Point><position>2896</position><in_Quantity.quantity>0.000000</in_Quantity.quantity><out_Quantity.quantity>263.716823</out_Quantity.quantity></Point><Point><position>2897</position><in_Quantity.quantity>0.000000</in_Quantity.quantity><out_Quantity.quantity>812.992663</out_Quantity.quantity></Point><Point><position>2898</position><in_Quantity.quantity>0.000000</in_Quantity.quantity><out_Quantity.quantity>481.930804</out_Quantity.quantity></Point><Point><position>2899</position><in_Quantity.quantity>0.000000</in_Quantity.quantity><out_Quantity.quantity>541.077919</out_Quantity.quantity></Point><Point><position>2900</position><in_Quantity.quantity>0.000000</in_Quantity.quantity><out_Quantity.quantity>1.289059</out_Quantity.quantity></Point><Point><position>2901</position><in_Quantity.quantity>0.000000</in_Quantity.quantity><out_Quantity.quantity>64.933589</out_Quantity.quantity></Point><Point><position>2902</position><in_Quantity.quantity>0.000000</in_Quantity.quantity><out_Quantity.quantity>282.094084</out_Quantity.quantity></Point><Point><position>2903</position><in_Quantity.quantity>0.000000</in_Quantity.quantity><out_Quantity.quantity>961.401073</out_Quantity.quantity></Point><Point><position>2904</position><in_Quantity.quantity>0.000000</in_Quantity.quantity><out_Quantity.quantity>413.492272</out_Quantity.quantity></Point><Point><position>2905</position><in_Quantity.quantity>0.000000</in_Quantity.quantity><out_Quantity.quantity>451.894235</out_Quantity.quantity></Point><Point><position>2906</position><in_Quantity.quantity>0.000000</in_Quantity.quantity><out_Quantity.quantity>109.430576</out_Quantity.quantity></Point><Point><position>2907</position><in_Quantity.quantity>0.000000</in_Quantity.quantity><out_Quantity.quantity>153.030079</out_Quantity.quantity></Point><Point><position>2908</position><in_Quantity.quantity>0.000000</in_Quantity.quantity><out_Quantity.quantity>561.687032</out_Quantity.quantity></Point><Point><position>2909</position><in_Quantity.quantity>0.000000</in_Quantity.quantity><out_Quantity.quantity>533.064803</out_Quantity.quantity></Point><Point><position>2910</position><in_Quantity.quantity>0.000000</in_Quantity.quantity><out_Quantity.quantity>22.882103</out_Quantity.quantity></Point><Point><position>2911</position><in_Quantity.quantity>0.000000</in_Quantity.quantity><out_Quantity.quantity>201.152723</out_Quantity.quantity></Point><Point><position>2912</position><in_Quantity.quantity>0.000000</in_Quantity.quantity><out_Quantity.quantity>110.965793</out_Quantity.quantity></Point><Point><position>2913</position><in_Quantity.quantity>0.000000</in_Quantity.quantity><out_Quantity.quantity>595.846552</out_Quantity.quantity></Point><Point><position>2914</position><in_Quantity.quantity>0.000000</in_Quantity.quantity><out_Quantity.quantity>805.158075</out_Quantity.quantity></Point><Point><position>2915</position><in_Quantity.quantity>0.000000</in_Quantity.quantity><out_Quantity.quantity>233.387134</out_Quantity.quantity></Point><Point><position>2916</position><in_Quantity.quantity>0.000000</in_Quantity.quantity><out_Quantity.quantity>732.601445</out_Quantity.quantity></Point><Point><position>2917</position><in_Quantity.quantity>0.000000</in_Quantity.quantity><out_Quantity.quantity>298.308092</out_Quantity.quantity></Point><Point><position>2918</position><in_Quantity.quantity>0.000000</in_Quantity.quantity><out_Quantity.quantity>531.346273</out_Quantity.quantity></Point><Point><position>2919</position><in_Quantity.quantity>0.000000</in_Quantity.quantity><out_Quantity.quantity>995.619276</out_Quantity.quantity></Point><Point><position>2920</position><in_Quantity.quantity>0.000000</in_Quantity.quantity><out_Quantity.quantity>288.673657</out_Quantity.quantity></Point><Point><position>2921</position><in_Quantity.quantity>0.000000</in_Quantity.quantity><out_Quantity.quantity>982.525402</out_Quantity.quantity></Point><Point><position>2922</position><in_Quantity.quantity>0.000000</in_Quantity.quantity><out_Quantity.quantity>979.673532</out_Quantity.quantity></Point><Point><position>2923</position><in_Quantity.quantity>0.000000</in_Quantity.quantity><out_Quantity.quantity>588.383548</out_Quantity.quantity></Point><Point><position>2924</position><in_Quantity.quantity>0.000000</in_Quantity.quantity><out_Quantity.quantity>994.034937</out_Quantity.quantity></Point><Point><position>2925</position><in_Quantity.quantity>0.000000</in_Quantity.quantity><out_Quantity.quantity>489.518975</out_Quantity.quantity></Point><Point><position>2926</position><in_Quantity.quantity>0.000000</in_Quantity.quantity><out_Quantity.quantity>970.010110</out_Quantity.quantity></Point><Point><position>2927</position><in_Quantity.quantity>0.000000</in_Quantity.quantity><out_Quantity.quantity>571.624372</out_Quantity.quantity></Point><Point><position>2928</position><in_Quantity.quantity>0.000000</in_Quantity.quantity><out_Quantity.quantity>893.008210</out_Quantity.quantity></Point><Point><position>2929</position><in_Quantity.quantity>0.000000</in_Quantity.quantity><out_Quantity.quantity>779.986699</out_Quantity.quantity></Point><Point><position>2930</position><in_Quantity.quantity>0.000000</in_Quantity.quantity><out_Quantity.quantity>357.998825</out_Quantity.quantity></Point><Point><position>2931</position><in_Quantity.quantity>0.000000</in_Quantity.quantity><out_Quantity.quantity>717.026741</out_Quantity.quantity></Point><Point><position>2932</position><in_Quantity.quantity>0.000000</in_Quantity.quantity><out_Quantity.quantity>587.178535</out_Quantity.quantity></Point><Point><position>2933</position><in_Quantity.quantity>0.000000</in_Quantity.quantity><out_Quantity.quantity>705.779257</out_Quantity.quantity></Point><Point><position>2934</position><in_Quantity.quantity>0.000000</in_Quantity.quantity><out_Quantity.quantity>611.834058</out_Quantity.quantity></Point><Point><position>2935</position><in_Quantity.quantity>0.000000</in_Quantity.quantity><out_Quantity.quantity>696.021384</out_Quantity.quantity></Point><Point><position>2936</position><in_Quantity.quantity>0.000000</in_Quantity.quantity><out_Quantity.quantity>713.187029</out_Quantity.quantity></Point><Point><position>2937</position><in_Quantity.quantity>0.000000</in_Quantity.quantity><out_Quantity.quantity>431.472595</out_Quantity.quantity></Point><Point><position>2938</position><in_Quantity.quantity>0.000000</in_Quantity.quantity><out_Quantity.quantity>14.045669</out_Quantity.quantity></Point><Point><position>2939</position><in_Quantity.quantity>0.000000</in_Quantity.quantity><out_Quantity.quantity>415.227051</out_Quantity.quantity></Point><Point><position>2940</position><in_Quantity.quantity>0.000000</in_Quantity.quantity><out_Quantity.quantity>697.969553</out_Quantity.quantity></Point><Point><position>2941</position><in_Quantity.quantity>0.000000</in_Quantity.quantity><out_Quantity.quantity>484.500848</out_Quantity.quantity></Point><Point><position>2942</position><in_Quantity.quantity>0.000000</in_Quantity.quantity><out_Quantity.quantity>59.549380</out_Quantity.quantity></Point><Point><position>2943</position><in_Quantity.quantity>0.000000</in_Quantity.quantity><out_Quantity.quantity>418.451799</out_Quantity.quantity></Point><Point><position>2944</position><in_Quantity.quantity>0.000000</in_Quantity.quantity><out_Quantity.quantity>37.953421</out_Quantity.quantity></Point><Point><position>2945</position><in_Quantity.quantity>0.000000</in_Quantity.quantity><out_Quantity.quantity>433.195217</out_Quantity.quantity></Point><Point><position>2946</position><in_Quantity.quantity>0.000000</in_Quantity.quantity><out_Quantity.quantity>913.295515</out_Quantity.quantity></Point><Point><position>2947</position><in_Quantity.quantity>0.000000</in_Quantity.quantity><out_Quantity.quantity>910.667950</out_Quantity.quantity></Point><Point><position>2948</position><in_Quantity.quantity>0.000000</in_Quantity.quantity><out_Quantity.quantity>684.312390</out_Quantity.quantity></Point><Point><position>2949</position><in_Quantity.quantity>0.000000</in_Quantity.quantity><out_Quantity.quantity>760.741264</out_Quantity.quantity></Point><Point><position>2950</position><in_Quantity.quantity>0.000000</in_Quantity.quantity><out_Quantity.quantity>663.025808</out_Quantity.quantity></Point><Point><position>2951</position><in_Quantity.quantity>0.000000</in_Quantity.quantity><out_Quantity.quantity>101.410391</out_Quantity.quantity></Point><Point><position>2952</position><in_Quantity.quantity>0.000000</in_Quantity.quantity><out_Quantity.quantity>638.998040</out_Quantity.quantity></Point><Point><position>2953</position><in_Quantity.quantity>0.000000</in_Quantity.quantity><out_Quantity.quantity>767.442149</out_Quantity.quantity></Point><Point><position>2954</position><in_Quantity.quantity>0.000000</in_Quantity.quantity><out_Quantity.quantity>317.795155</out_Quantity.quantity></Point><Point><position>2955</position><in_Quantity.quantity>0.000000</in_Quantity.quantity><out_Quantity.quantity>277.984327</out_Quantity.quantity></Point><Point><position>2956</position><in_Quantity.quantity>0.000000</in_Quantity.quantity><out_Quantity.quantity>548.956061</out_Quantity.quantity></Point><Point><position>2957</position><in_Quantity.quantity>0.000000</in_Quantity.quantity><out_Quantity.quantity>253.023291</out_Quantity.quantity></Point><Point><position>2958</position><in_Quantity.quantity>0.000000</in_Quantity.quantity><out_Quantity.quantity>769.373485</out_Quantity.quantity></Point><Point><position>2959</position><in_Quantity.quantity>0.000000</in_Quantity.quantity><out_Quantity.quantity>688.486976</out_Quantity.quantity></Point><Point><position>2960</position><in_Quantity.quantity>0.000000</in_Quantity.quantity><out_Quantity.quantity>997.433198</out_Quantity.quantity></Point><Point><position>2961</position><in_Quantity.quantity>0.000000</in_Quantity.quantity><out_Quantity.quantity>257.800262</out_Quantity.quantity></Point><Point><position>2962</position><in_Quantity.quantity>0.000000</in_Quantity.quantity><out_Quantity.quantity>235.286985</out_Quantity.quantity></Point><Point><position>2963</position><in_Quantity.quantity>0.000000</in_Quantity.quantity><out_Quantity.quantity>426.931845</out_Quantity.quantity></Point><Point><position>2964</position><in_Quantity.quantity>0.000000</in_Quantity.quantity><out_Quantity.quantity>782.398123</out_Quantity.quantity></Point><Point><position>2965</position><in_Quantity.quantity>0.000000</in_Quantity.quantity><out_Quantity.quantity>823.351312</out_Quantity.quantity></Point><Point><position>2966</position><in_Quantity.quantity>0.000000</in_Quantity.quantity><out_Quantity.quantity>322.671661</out_Quantity.quantity></Point><Point><position>2967</position><in_Quantity.quantity>0.000000</in_Quantity.quantity><out_Quantity.quantity>62.439293</out_Quantity.quantity></Point><Point><position>2968</position><in_Quantity.quantity>0.000000</in_Quantity.quantity><out_Quantity.quantity>671.617912</out_Quantity.quantity></Point><Point><position>2969</position><in_Quantity.quantity>0.000000</in_Quantity.quantity><out_Quantity.quantity>838.469332</out_Quantity.quantity></Point><Point><position>2970</position><in_Quantity.quantity>0.000000</in_Quantity.quantity><out_Quantity.quantity>279.608621</out_Quantity.quantity></Point><Point><position>2971</position><in_Quantity.quantity>0.000000</in_Quantity.quantity><out_Quantity.quantity>110.279006</out_Quantity.quantity></Point><Point><position>2972</position><in_Quantity.quantity>0.000000</in_Quantity.quantity><out_Quantity.quantity>214.904249</out_Quantity.quantity></Point><Point><position>2973</position><in_Quantity.quantity>0.000000</in_Quantity.quantity><out_Quantity.quantity>93.250228</out_Quantity.quantity></Point><Point><position>2974</position><in_Quantity.quantity>0.000000</in_Quantity.quantity><out_Quantity.quantity>131.805783</out_Quantity.quantity></Point><Point><position>2975</position><in_Quantity.quantity>0.000000</in_Quantity.quantity><out_Quantity.quantity>978.430631</out_Quantity.quantity></Point><Point><position>2976</position><in_Quantity.quantity>0.000000</in_Quantity.quantity><out_Quantity.quantity>561.327312</out_Quantity.quantity></Point><Point><position>2977</position><in_Quantity.quantity>0.000000</in_Quantity.quantity><out_Quantity.quantity>592.714199</out_Quantity.quantity></Point><Point><position>2978</position><in_Quantity.quantity>0.000000</in_Quantity.quantity><out_Quantity.quantity>637.163643</out_Quantity.quantity></Point><Point><position>2979</position><in_Quantity.quantity>0.000000</in_Quantity.quantity><out_Quantity.quantity>149.804921</out_Quantity.quantity></Point><Point><position>2980</position><in_Quantity.quantity>0.000000</in_Quantity.quantity><out_Quantity.quantity>950.716033</out_Quantity.quantity></Point><Point><position>2981</position><in_Quantity.quantity>0.000000</in_Quantity.quantity><out_Quantity.quantity>249.158324</out_Quantity.quantity></Point><Point><position>2982</position><in_Quantity.quantity>0.000000</in_Quantity.quantity><out_Quantity.quantity>386.411643</out_Quantity.quantity></Point><Point><position>2983</position><in_Quantity.quantity>0.000000</in_Quantity.quantity><out_Quantity.quantity>94.139260</out_Quantity.quantity></Point><Point><position>2984</position><in_Quantity.quantity>0.000000</in_Quantity.quantity><out_Quantity.quantity>889.587941</out_Quantity.quantity></Point><Point><position>2985</position><in_Quantity.quantity>0.000000</in_Quantity.quantity><out_Quantity.quantity>855.356518</out_Quantity.quantity></Point><Point><position>2986</position><in_Quantity.quantity>0.000000</in_Quantity.quantity><out_Quantity.quantity>296.474449</out_Quantity.quantity></Point><Point><position>2987</position><in_Quantity.quantity>0.000000</in_Quantity.quantity><out_Quantity.quantity>822.754508</out_Quantity.quantity></Point><Point><position>2988</position><in_Quantity.quantity>0.000000</in_Quantity.quantity><out_Quantity.quantity>70.147463</out_Quantity.quantity></Point><Point><position>2989</position><in_Quantity.quantity>0.000000</in_Quantity.quantity><out_Quantity.quantity>141.750254</out_Quantity.quantity></Point><Point><position>2990</position><in_Quantity.quantity>0.000000</in_Quantity.quantity><out_Quantity.quantity>296.666450</out_Quantity.quantity></Point><Point><position>2991</position><in_Quantity.quantity>0.000000</in_Quantity.quantity><out_Quantity.quantity>925.255761</out_Quantity.quantity></Point><Point><position>2992</position><in_Quantity.quantity>0.000000</in_Quantity.quantity><out_Quantity.quantity>603.998753</out_Quantity.quantity></Point><Point><position>2993</position><in_Quantity.quantity>0.000000</in_Quantity.quantity><out_Quantity.quantity>188.066705</out_Quantity.quantity></Point><Point><position>2994</position><in_Quantity.quantity>0.000000</in_Quantity.quantity><out_Quantity.quantity>315.966418</out_Quantity.quantity></Point><Point><position>2995</position><in_Quantity.quantity>0.000000</in_Quantity.quantity><out_Quantity.quantity>252.095114</out_Quantity.quantity></Point><Point><position>2996</position><in_Quantity.quantity>0.000000</in_Quantity.quantity><out_Quantity.quantity>486.147978</out_Quantity.quantity></Point><Point><position>2997</position><in_Quantity.quantity>0.000000</in_Quantity.quantity><out_Quantity.quantity>314.825872</out_Quantity.quantity></Point><Point><position>2998</position><in_Quantity.quantity>0.000000</in_Quantity.quantity><out_Quantity.quantity>678.464465</out_Quantity.quantity></Point><Point><position>2999</position><in_Quantity.quantity>0.000000</in_Quantity.quantity><out_Quantity.quantity>13.533669</out_Quantity.quantity></Point><Point><position>3000</position><in_Quantity.quantity>0.000000</in_Quantity.quantity><out_Quantity.quantity>582.233260</out_Quantity.quantity></Point><Point><position>3001</position><in_Quantity.quantity>0.000000</in_Quantity.quantity><out_Quantity.quantity>524.124190</out_Quantity.quantity></Point><Point><position>3002</position><in_Quantity.quantity>0.000000</in_Quantity.quantity><out_Quantity.quantity>600.088684</out_Quantity.quantity></Point><Point><position>3003</position><in_Quantity.quantity>0.000000</in_Quantity.quantity><out_Quantity.quantity>384.061257</out_Quantity.quantity></Point><Point><position>3004</position><in_Quantity.quantity>0.000000</in_Quantity.quantity><out_Quantity.quantity>299.621139</out_Quantity.quantity></Point><Point><position>3005</position><in_Quantity.quantity>0.000000</in_Quantity.quantity><out_Quantity.quantity>22.757879</out_Quantity.quantity></Point><Point><position>3006</position><in_Quantity.quantity>0.000000</in_Quantity.quantity><out_Quantity.quantity>909.704556</out_Quantity.quantity></Point><Point><position>3007</position><in_Quantity.quantity>0.000000</in_Quantity.quantity><out_Quantity.quantity>827.407226</out_Quantity.quantity></Point><Point><position>3008</position><in_Quantity.quantity>0.000000</in_Quantity.quantity><out_Quantity.quantity>631.317988</out_Quantity.quantity></Point><Point><position>3009</position><in_Quantity.quantity>0.000000</in_Quantity.quantity><out_Quantity.quantity>107.501918</out_Quantity.quantity></Point><Point><position>3010</position><in_Quantity.quantity>0.000000</in_Quantity.quantity><out_Quantity.quantity>224.709544</out_Quantity.quantity></Point><Point><position>3011</position><in_Quantity.quantity>0.000000</in_Quantity.quantity><out_Quantity.quantity>449.226525</out_Quantity.quantity></Point><Point><position>3012</position><in_Quantity.quantity>0.000000</in_Quantity.quantity><out_Quantity.quantity>91.709784</out_Quantity.quantity></Point><Point><position>3013</position><in_Quantity.quantity>0.000000</in_Quantity.quantity><out_Quantity.quantity>220.707202</out_Quantity.quantity></Point><Point><position>3014</position><in_Quantity.quantity>0.000000</in_Quantity.quantity><out_Quantity.quantity>18.995794</out_Quantity.quantity></Point><Point><position>3015</position><in_Quantity.quantity>0.000000</in_Quantity.quantity><out_Quantity.quantity>11.970201</out_Quantity.quantity></Point><Point><position>3016</position><in_Quantity.quantity>0.000000</in_Quantity.quantity><out_Quantity.quantity>939.183312</out_Quantity.quantity></Point><Point><position>3017</position><in_Quantity.quantity>0.000000</in_Quantity.quantity><out_Quantity.quantity>552.492168</out_Quantity.quantity></Point><Point><position>3018</position><in_Quantity.quantity>0.000000</in_Quantity.quantity><out_Quantity.quantity>454.551848</out_Quantity.quantity></Point><Point><position>3019</position><in_Quantity.quantity>0.000000</in_Quantity.quantity><out_Quantity.quantity>494.050545</out_Quantity.quantity></Point><Point><position>3020</position><in_Quantity.quantity>0.000000</in_Quantity.quantity><out_Quantity.quantity>884.270487</out_Quantity.quantity></Point><Point><position>3021</position><in_Quantity.quantity>0.000000</in_Quantity.quantity><out_Quantity.quantity>139.091280</out_Quantity.quantity></Point><Point><position>3022</position><in_Quantity.quantity>0.000000</in_Quantity.quantity><out_Quantity.quantity>335.978259</out_Quantity.quantity></Point><Point><position>3023</position><in_Quantity.quantity>0.000000</in_Quantity.quantity><out_Quantity.quantity>763.406825</out_Quantity.quantity></Point><Point><position>3024</position><in_Quantity.quantity>0.000000</in_Quantity.quantity><out_Quantity.quantity>465.947561</out_Quantity.quantity></Point><Point><position>3025</position><in_Quantity.quantity>0.000000</in_Quantity.quantity><out_Quantity.quantity>546.281181</out_Quantity.quantity></Point><Point><position>3026</position><in_Quantity.quantity>0.000000</in_Quantity.quantity><out_Quantity.quantity>807.843788</out_Quantity.quantity></Point><Point><position>3027</position><in_Quantity.quantity>0.000000</in_Quantity.quantity><out_Quantity.quantity>745.938028</out_Quantity.quantity></Point><Point><position>3028</position><in_Quantity.quantity>0.000000</in_Quantity.quantity><out_Quantity.quantity>284.302331</out_Quantity.quantity></Point><Point><position>3029</position><in_Quantity.quantity>0.000000</in_Quantity.quantity><out_Quantity.quantity>595.897015</out_Quantity.quantity></Point><Point><position>3030</position><in_Quantity.quantity>0.000000</in_Quantity.quantity><out_Quantity.quantity>253.271847</out_Quantity.quantity></Point><Point><position>3031</position><in_Quantity.quantity>0.000000</in_Quantity.quantity><out_Quantity.quantity>266.459553</out_Quantity.quantity></Point><Point><position>3032</position><in_Quantity.quantity>0.000000</in_Quantity.quantity><out_Quantity.quantity>638.585604</out_Quantity.quantity></Point><Point><position>3033</position><in_Quantity.quantity>0.000000</in_Quantity.quantity><out_Quantity.quantity>527.932782</out_Quantity.quantity></Point><Point><position>3034</position><in_Quantity.quantity>0.000000</in_Quantity.quantity><out_Quantity.quantity>167.203872</out_Quantity.quantity></Point><Point><position>3035</position><in_Quantity.quantity>0.000000</in_Quantity.quantity><out_Quantity.quantity>212.826557</out_Quantity.quantity></Point><Point><position>3036</position><in_Quantity.quantity>0.000000</in_Quantity.quantity><out_Quantity.quantity>775.898529</out_Quantity.quantity></Point><Point><position>3037</position><in_Quantity.quantity>0.000000</in_Quantity.quantity><out_Quantity.quantity>721.051259</out_Quantity.quantity></Point><Point><position>3038</position><in_Quantity.quantity>0.000000</in_Quantity.quantity><out_Quantity.quantity>419.123321</out_Quantity.quantity></Point><Point><position>3039</position><in_Quantity.quantity>0.000000</in_Quantity.quantity><out_Quantity.quantity>312.277942</out_Quantity.quantity></Point><Point><position>3040</position><in_Quantity.quantity>0.000000</in_Quantity.quantity><out_Quantity.quantity>460.466134</out_Quantity.quantity></Point><Point><position>3041</position><in_Quantity.quantity>0.000000</in_Quantity.quantity><out_Quantity.quantity>214.898778</out_Quantity.quantity></Point><Point><position>3042</position><in_Quantity.quantity>0.000000</in_Quantity.quantity><out_Quantity.quantity>273.487377</out_Quantity.quantity></Point><Point><position>3043</position><in_Quantity.quantity>0.000000</in_Quantity.quantity><out_Quantity.quantity>283.143965</out_Quantity.quantity></Point><Point><position>3044</position><in_Quantity.quantity>0.000000</in_Quantity.quantity><out_Quantity.quantity>739.186551</out_Quantity.quantity></Point><Point><position>3045</position><in_Quantity.quantity>0.000000</in_Quantity.quantity><out_Quantity.quantity>331.212858</out_Quantity.quantity></Point><Point><position>3046</position><in_Quantity.quantity>0.000000</in_Quantity.quantity><out_Quantity.quantity>684.229001</out_Quantity.quantity></Point><Point><position>3047</position><in_Quantity.quantity>0.000000</in_Quantity.quantity><out_Quantity.quantity>410.210153</out_Quantity.quantity></Point><Point><position>3048</position><in_Quantity.quantity>0.000000</in_Quantity.quantity><out_Quantity.quantity>486.998181</out_Quantity.quantity></Point><Point><position>3049</position><in_Quantity.quantity>0.000000</in_Quantity.quantity><out_Quantity.quantity>356.196318</out_Quantity.quantity></Point><Point><position>3050</position><in_Quantity.quantity>0.000000</in_Quantity.quantity><out_Quantity.quantity>84.374368</out_Quantity.quantity></Point><Point><position>3051</position><in_Quantity.quantity>0.000000</in_Quantity.quantity><out_Quantity.quantity>274.192357</out_Quantity.quantity></Point><Point><position>3052</position><in_Quantity.quantity>0.000000</in_Quantity.quantity><out_Quantity.quantity>238.454429</out_Quantity.quantity></Point><Point><position>3053</position><in_Quantity.quantity>0.000000</in_Quantity.quantity><out_Quantity.quantity>460.175910</out_Quantity.quantity></Point><Point><position>3054</position><in_Quantity.quantity>0.000000</in_Quantity.quantity><out_Quantity.quantity>831.001448</out_Quantity.quantity></Point><Point><position>3055</position><in_Quantity.quantity>0.000000</in_Quantity.quantity><out_Quantity.quantity>455.648550</out_Quantity.quantity></Point><Point><position>3056</position><in_Quantity.quantity>0.000000</in_Quantity.quantity><out_Quantity.quantity>352.891643</out_Quantity.quantity></Point><Point><position>3057</position><in_Quantity.quantity>0.000000</in_Quantity.quantity><out_Quantity.quantity>594.076088</out_Quantity.quantity></Point><Point><position>3058</position><in_Quantity.quantity>0.000000</in_Quantity.quantity><out_Quantity.quantity>232.015283</out_Quantity.quantity></Point><Point><position>3059</position><in_Quantity.quantity>0.000000</in_Quantity.quantity><out_Quantity.quantity>658.088990</out_Quantity.quantity></Point><Point><position>3060</position><in_Quantity.quantity>0.000000</in_Quantity.quantity><out_Quantity.quantity>880.009379</out_Quantity.quantity></Point><Point><position>3061</position><in_Quantity.quantity>0.000000</in_Quantity.quantity><out_Quantity.quantity>175.553509</out_Quantity.quantity></Point><Point><position>3062</position><in_Quantity.quantity>0.000000</in_Quantity.quantity><out_Quantity.quantity>128.452332</out_Quantity.quantity></Point><Point><position>3063</position><in_Quantity.quantity>0.000000</in_Quantity.quantity><out_Quantity.quantity>804.782533</out_Quantity.quantity></Point><Point><position>3064</position><in_Quantity.quantity>0.000000</in_Quantity.quantity><out_Quantity.quantity>546.756321</out_Quantity.quantity></Point><Point><position>3065</position><in_Quantity.quantity>0.000000</in_Quantity.quantity><out_Quantity.quantity>16.586702</out_Quantity.quantity></Point><Point><position>3066</position><in_Quantity.quantity>0.000000</in_Quantity.quantity><out_Quantity.quantity>281.665396</out_Quantity.quantity></Point><Point><position>3067</position><in_Quantity.quantity>0.000000</in_Quantity.quantity><out_Quantity.quantity>409.654645</out_Quantity.quantity></Point><Point><position>3068</position><in_Quantity.quantity>0.000000</in_Quantity.quantity><out_Quantity.quantity>19.759959</out_Quantity.quantity></Point><Point><position>3069</position><in_Quantity.quantity>0.000000</in_Quantity.quantity><out_Quantity.quantity>378.962486</out_Quantity.quantity></Point><Point><position>3070</position><in_Quantity.quantity>0.000000</in_Quantity.quantity><out_Quantity.quantity>300.083073</out_Quantity.quantity></Point><Point><position>3071</position><in_Quantity.quantity>0.000000</in_Quantity.quantity><out_Quantity.quantity>621.013919</out_Quantity.quantity></Point><Point><position>3072</position><in_Quantity.quantity>0.000000</in_Quantity.quantity><out_Quantity.quantity>326.039392</out_Quantity.quantity></Point><Point><position>3073</position><in_Quantity.quantity>0.000000</in_Quantity.quantity><out_Quantity.quantity>474.095725</out_Quantity.quantity></Point><Point><position>3074</position><in_Quantity.quantity>0.000000</in_Quantity.quantity><out_Quantity.quantity>165.896610</out_Quantity.quantity></Point><Point><position>3075</position><in_Quantity.quantity>0.000000</in_Quantity.quantity><out_Quantity.quantity>251.499415</out_Quantity.quantity></Point><Point><position>3076</position><in_Quantity.quantity>0.000000</in_Quantity.quantity><out_Quantity.quantity>851.647075</out_Quantity.quantity></Point><Point><position>3077</position><in_Quantity.quantity>0.000000</in_Quantity.quantity><out_Quantity.quantity>243.993883</out_Quantity.quantity></Point><Point><position>3078</position><in_Quantity.quantity>0.000000</in_Quantity.quantity><out_Quantity.quantity>178.938973</out_Quantity.quantity></Point><Point><position>3079</position><in_Quantity.quantity>0.000000</in_Quantity.quantity><out_Quantity.quantity>863.615192</out_Quantity.quantity></Point><Point><position>3080</position><in_Quantity.quantity>0.000000</in_Quantity.quantity><out_Quantity.quantity>284.085896</out_Quantity.quantity></Point><Point><position>3081</position><in_Quantity.quantity>0.000000</in_Quantity.quantity><out_Quantity.quantity>962.953692</out_Quantity.quantity></Point><Point><position>3082</position><in_Quantity.quantity>0.000000</in_Quantity.quantity><out_Quantity.quantity>731.854073</out_Quantity.quantity></Point><Point><position>3083</position><in_Quantity.quantity>0.000000</in_Quantity.quantity><out_Quantity.quantity>280.501260</out_Quantity.quantity></Point><Point><position>3084</position><in_Quantity.quantity>0.000000</in_Quantity.quantity><out_Quantity.quantity>139.619665</out_Quantity.quantity></Point><Point><position>3085</position><in_Quantity.quantity>0.000000</in_Quantity.quantity><out_Quantity.quantity>587.886847</out_Quantity.quantity></Point><Point><position>3086</position><in_Quantity.quantity>0.000000</in_Quantity.quantity><out_Quantity.quantity>902.359780</out_Quantity.quantity></Point><Point><position>3087</position><in_Quantity.quantity>0.000000</in_Quantity.quantity><out_Quantity.quantity>804.522971</out_Quantity.quantity></Point><Point><position>3088</position><in_Quantity.quantity>0.000000</in_Quantity.quantity><out_Quantity.quantity>984.985983</out_Quantity.quantity></Point><Point><position>3089</position><in_Quantity.quantity>0.000000</in_Quantity.quantity><out_Quantity.quantity>822.331818</out_Quantity.quantity></Point><Point><position>3090</position><in_Quantity.quantity>0.000000</in_Quantity.quantity><out_Quantity.quantity>677.431236</out_Quantity.quantity></Point><Point><position>3091</position><in_Quantity.quantity>0.000000</in_Quantity.quantity><out_Quantity.quantity>808.915031</out_Quantity.quantity></Point><Point><position>3092</position><in_Quantity.quantity>0.000000</in_Quantity.quantity><out_Quantity.quantity>942.949539</out_Quantity.quantity></Point><Point><position>3093</position><in_Quantity.quantity>0.000000</in_Quantity.quantity><out_Quantity.quantity>654.584728</out_Quantity.quantity></Point><Point><position>3094</position><in_Quantity.quantity>0.000000</in_Quantity.quantity><out_Quantity.quantity>356.294257</out_Quantity.quantity></Point><Point><position>3095</position><in_Quantity.quantity>0.000000</in_Quantity.quantity><out_Quantity.quantity>630.116662</out_Quantity.quantity></Point><Point><position>3096</position><in_Quantity.quantity>0.000000</in_Quantity.quantity><out_Quantity.quantity>551.385577</out_Quantity.quantity></Point><Point><position>3097</position><in_Quantity.quantity>0.000000</in_Quantity.quantity><out_Quantity.quantity>140.637081</out_Quantity.quantity></Point><Point><position>3098</position><in_Quantity.quantity>0.000000</in_Quantity.quantity><out_Quantity.quantity>458.639417</out_Quantity.quantity></Point><Point><position>3099</position><in_Quantity.quantity>0.000000</in_Quantity.quantity><out_Quantity.quantity>279.492747</out_Quantity.quantity></Point><Point><position>3100</position><in_Quantity.quantity>0.000000</in_Quantity.quantity><out_Quantity.quantity>207.624059</out_Quantity.quantity></Point><Point><position>3101</position><in_Quantity.quantity>0.000000</in_Quantity.quantity><out_Quantity.quantity>737.692257</out_Quantity.quantity></Point><Point><position>3102</position><in_Quantity.quantity>0.000000</in_Quantity.quantity><out_Quantity.quantity>766.565029</out_Quantity.quantity></Point><Point><position>3103</position><in_Quantity.quantity>0.000000</in_Quantity.quantity><out_Quantity.quantity>430.828272</out_Quantity.quantity></Point><Point><position>3104</position><in_Quantity.quantity>0.000000</in_Quantity.quantity><out_Quantity.quantity>487.664535</out_Quantity.quantity></Point><Point><position>3105</position><in_Quantity.quantity>0.000000</in_Quantity.quantity><out_Quantity.quantity>723.890242</out_Quantity.quantity></Point><Point><position>3106</position><in_Quantity.quantity>0.000000</in_Quantity.quantity><out_Quantity.quantity>598.754709</out_Quantity.quantity></Point><Point><position>3107</position><in_Quantity.quantity>0.000000</in_Quantity.quantity><out_Quantity.quantity>326.459081</out_Quantity.quantity></Point><Point><position>3108</position><in_Quantity.quantity>0.000000</in_Quantity.quantity><out_Quantity.quantity>370.147297</out_Quantity.quantity></Point><Point><position>3109</position><in_Quantity.quantity>0.000000</in_Quantity.quantity><out_Quantity.quantity>174.710966</out_Quantity.quantity></Point><Point><position>3110</position><in_Quantity.quantity>0.000000</in_Quantity.quantity><out_Quantity.quantity>96.222275</out_Quantity.quantity></Point><Point><position>3111</position><in_Quantity.quantity>0.000000</in_Quantity.quantity><out_Quantity.quantity>164.311974</out_Quantity.quantity></Point><Point><position>3112</position><in_Quantity.quantity>0.000000</in_Quantity.quantity><out_Quantity.quantity>928.115792</out_Quantity.quantity></Point><Point><position>3113</position><in_Quantity.quantity>0.000000</in_Quantity.quantity><out_Quantity.quantity>963.523404</out_Quantity.quantity></Point><Point><position>3114</position><in_Quantity.quantity>0.000000</in_Quantity.quantity><out_Quantity.quantity>937.095394</out_Quantity.quantity></Point><Point><position>3115</position><in_Quantity.quantity>0.000000</in_Quantity.quantity><out_Quantity.quantity>218.971970</out_Quantity.quantity></Point><Point><position>3116</position><in_Quantity.quantity>0.000000</in_Quantity.quantity><out_Quantity.quantity>330.170482</out_Quantity.quantity></Point><Point><position>3117</position><in_Quantity.quantity>0.000000</in_Quantity.quantity><out_Quantity.quantity>164.688277</out_Quantity.quantity></Point><Point><position>3118</position><in_Quantity.quantity>0.000000</in_Quantity.quantity><out_Quantity.quantity>31.892463</out_Quantity.quantity></Point><Point><position>3119</position><in_Quantity.quantity>0.000000</in_Quantity.quantity><out_Quantity.quantity>736.257088</out_Quantity.quantity></Point><Point><position>3120</position><in_Quantity.quantity>0.000000</in_Quantity.quantity><out_Quantity.quantity>185.229058</out_Quantity.quantity></Point><Point><position>3121</position><in_Quantity.quantity>0.000000</in_Quantity.quantity><out_Quantity.quantity>366.451254</out_Quantity.quantity></Point><Point><position>3122</position><in_Quantity.quantity>0.000000</in_Quantity.quantity><out_Quantity.quantity>843.629988</out_Quantity.quantity></Point><Point><position>3123</position><in_Quantity.quantity>0.000000</in_Quantity.quantity><out_Quantity.quantity>142.975900</out_Quantity.quantity></Point><Point><position>3124</position><in_Quantity.quantity>0.000000</in_Quantity.quantity><out_Quantity.quantity>55.645184</out_Quantity.quantity></Point><Point><position>3125</position><in_Quantity.quantity>0.000000</in_Quantity.quantity><out_Quantity.quantity>262.091497</out_Quantity.quantity></Point><Point><position>3126</position><in_Quantity.quantity>0.000000</in_Quantity.quantity><out_Quantity.quantity>244.257548</out_Quantity.quantity></Point><Point><position>3127</position><in_Quantity.quantity>0.000000</in_Quantity.quantity><out_Quantity.quantity>733.245949</out_Quantity.quantity></Point><Point><position>3128</position><in_Quantity.quantity>0.000000</in_Quantity.quantity><out_Quantity.quantity>644.441129</out_Quantity.quantity></Point><Point><position>3129</position><in_Quantity.quantity>0.000000</in_Quantity.quantity><out_Quantity.quantity>32.928296</out_Quantity.quantity></Point><Point><position>3130</position><in_Quantity.quantity>0.000000</in_Quantity.quantity><out_Quantity.quantity>123.298880</out_Quantity.quantity></Point><Point><position>3131</position><in_Quantity.quantity>0.000000</in_Quantity.quantity><out_Quantity.quantity>254.797335</out_Quantity.quantity></Point><Point><position>3132</position><in_Quantity.quantity>0.000000</in_Quantity.quantity><out_Quantity.quantity>175.472103</out_Quantity.quantity></Point><Point><position>3133</position><in_Quantity.quantity>0.000000</in_Quantity.quantity><out_Quantity.quantity>779.786047</out_Quantity.quantity></Point><Point><position>3134</position><in_Quantity.quantity>0.000000</in_Quantity.quantity><out_Quantity.quantity>457.188461</out_Quantity.quantity></Point><Point><position>3135</position><in_Quantity.quantity>0.000000</in_Quantity.quantity><out_Quantity.quantity>146.408772</out_Quantity.quantity></Point><Point><position>3136</position><in_Quantity.quantity>0.000000</in_Quantity.quantity><out_Quantity.quantity>399.057422</out_Quantity.quantity></Point><Point><position>3137</position><in_Quantity.quantity>0.000000</in_Quantity.quantity><out_Quantity.quantity>609.624358</out_Quantity.quantity></Point><Point><position>3138</position><in_Quantity.quantity>0.000000</in_Quantity.quantity><out_Quantity.quantity>684.050608</out_Quantity.quantity></Point><Point><position>3139</position><in_Quantity.quantity>0.000000</in_Quantity.quantity><out_Quantity.quantity>701.455421</out_Quantity.quantity></Point><Point><position>3140</position><in_Quantity.quantity>0.000000</in_Quantity.quantity><out_Quantity.quantity>786.529430</out_Quantity.quantity></Point><Point><position>3141</position><in_Quantity.quantity>0.000000</in_Quantity.quantity><out_Quantity.quantity>719.916735</out_Quantity.quantity></Point><Point><position>3142</position><in_Quantity.quantity>0.000000</in_Quantity.quantity><out_Quantity.quantity>649.860700</out_Quantity.quantity></Point><Point><position>3143</position><in_Quantity.quantity>0.000000</in_Quantity.quantity><out_Quantity.quantity>274.813982</out_Quantity.quantity></Point><Point><position>3144</position><in_Quantity.quantity>0.000000</in_Quantity.quantity><out_Quantity.quantity>342.704596</out_Quantity.quantity></Point><Point><position>3145</position><in_Quantity.quantity>0.000000</in_Quantity.quantity><out_Quantity.quantity>392.851952</out_Quantity.quantity></Point><Point><position>3146</position><in_Quantity.quantity>0.000000</in_Quantity.quantity><out_Quantity.quantity>223.148474</out_Quantity.quantity></Point><Point><position>3147</position><in_Quantity.quantity>0.000000</in_Quantity.quantity><out_Quantity.quantity>584.783485</out_Quantity.quantity></Point><Point><position>3148</position><in_Quantity.quantity>0.000000</in_Quantity.quantity><out_Quantity.quantity>246.564809</out_Quantity.quantity></Point><Point><position>3149</position><in_Quantity.quantity>0.000000</in_Quantity.quantity><out_Quantity.quantity>316.018518</out_Quantity.quantity></Point><Point><position>3150</position><in_Quantity.quantity>0.000000</in_Quantity.quantity><out_Quantity.quantity>443.816384</out_Quantity.quantity></Point><Point><position>3151</position><in_Quantity.quantity>0.000000</in_Quantity.quantity><out_Quantity.quantity>358.664433</out_Quantity.quantity></Point><Point><position>3152</position><in_Quantity.quantity>0.000000</in_Quantity.quantity><out_Quantity.quantity>402.399078</out_Quantity.quantity></Point><Point><position>3153</position><in_Quantity.quantity>0.000000</in_Quantity.quantity><out_Quantity.quantity>544.010543</out_Quantity.quantity></Point><Point><position>3154</position><in_Quantity.quantity>0.000000</in_Quantity.quantity><out_Quantity.quantity>796.214502</out_Quantity.quantity></Point><Point><position>3155</position><in_Quantity.quantity>0.000000</in_Quantity.quantity><out_Quantity.quantity>101.845551</out_Quantity.quantity></Point><Point><position>3156</position><in_Quantity.quantity>0.000000</in_Quantity.quantity><out_Quantity.quantity>861.924281</out_Quantity.quantity></Point><Point><position>3157</position><in_Quantity.quantity>0.000000</in_Quantity.quantity><out_Quantity.quantity>212.371577</out_Quantity.quantity></Point><Point><position>3158</position><in_Quantity.quantity>0.000000</in_Quantity.quantity><out_Quantity.quantity>559.659550</out_Quantity.quantity></Point><Point><position>3159</position><in_Quantity.quantity>0.000000</in_Quantity.quantity><out_Quantity.quantity>289.315187</out_Quantity.quantity></Point><Point><position>3160</position><in_Quantity.quantity>0.000000</in_Quantity.quantity><out_Quantity.quantity>168.004104</out_Quantity.quantity></Point><Point><position>3161</position><in_Quantity.quantity>0.000000</in_Quantity.quantity><out_Quantity.quantity>474.465210</out_Quantity.quantity></Point><Point><position>3162</position><in_Quantity.quantity>0.000000</in_Quantity.quantity><out_Quantity.quantity>727.235199</out_Quantity.quantity></Point><Point><position>3163</position><in_Quantity.quantity>0.000000</in_Quantity.quantity><out_Quantity.quantity>842.617481</out_Quantity.quantity></Point><Point><position>3164</position><in_Quantity.quantity>0.000000</in_Quantity.quantity><out_Quantity.quantity>263.261732</out_Quantity.quantity></Point><Point><position>3165</position><in_Quantity.quantity>0.000000</in_Quantity.quantity><out_Quantity.quantity>932.406436</out_Quantity.quantity></Point><Point><position>3166</position><in_Quantity.quantity>0.000000</in_Quantity.quantity><out_Quantity.quantity>896.802375</out_Quantity.quantity></Point><Point><position>3167</position><in_Quantity.quantity>0.000000</in_Quantity.quantity><out_Quantity.quantity>888.942796</out_Quantity.quantity></Point><Point><position>3168</position><in_Quantity.quantity>0.000000</in_Quantity.quantity><out_Quantity.quantity>562.608727</out_Quantity.quantity></Point><Point><position>3169</position><in_Quantity.quantity>0.000000</in_Quantity.quantity><out_Quantity.quantity>807.690351</out_Quantity.quantity></Point><Point><position>3170</position><in_Quantity.quantity>0.000000</in_Quantity.quantity><out_Quantity.quantity>613.365821</out_Quantity.quantity></Point><Point><position>3171</position><in_Quantity.quantity>0.000000</in_Quantity.quantity><out_Quantity.quantity>73.201024</out_Quantity.quantity></Point><Point><position>3172</position><in_Quantity.quantity>0.000000</in_Quantity.quantity><out_Quantity.quantity>220.014161</out_Quantity.quantity></Point><Point><position>3173</position><in_Quantity.quantity>0.000000</in_Quantity.quantity><out_Quantity.quantity>333.910512</out_Quantity.quantity></Point><Point><position>3174</position><in_Quantity.quantity>0.000000</in_Quantity.quantity><out_Quantity.quantity>567.452102</out_Quantity.quantity></Point><Point><position>3175</position><in_Quantity.quantity>0.000000</in_Quantity.quantity><out_Quantity.quantity>840.922506</out_Quantity.quantity></Point><Point><position>3176</position><in_Quantity.quantity>0.000000</in_Quantity.quantity><out_Quantity.quantity>886.766216</out_Quantity.quantity></Point><Point><position>3177</position><in_Quantity.quantity>0.000000</in_Quantity.quantity><out_Quantity.quantity>925.235088</out_Quantity.quantity></Point><Point><position>3178</position><in_Quantity.quantity>0.000000</in_Quantity.quantity><out_Quantity.quantity>337.219780</out_Quantity.quantity></Point><Point><position>3179</position><in_Quantity.quantity>0.000000</in_Quantity.quantity><out_Quantity.quantity>149.874785</out_Quantity.quantity></Point><Point><position>3180</position><in_Quantity.quantity>0.000000</in_Quantity.quantity><out_Quantity.quantity>838.193607</out_Quantity.quantity></Point><Point><position>3181</position><in_Quantity.quantity>0.000000</in_Quantity.quantity><out_Quantity.quantity>617.783219</out_Quantity.quantity></Point><Point><position>3182</position><in_Quantity.quantity>0.000000</in_Quantity.quantity><out_Quantity.quantity>282.143723</out_Quantity.quantity></Point><Point><position>3183</position><in_Quantity.quantity>0.000000</in_Quantity.quantity><out_Quantity.quantity>253.077199</out_Quantity.quantity></Point><Point><position>3184</position><in_Quantity.quantity>0.000000</in_Quantity.quantity><out_Quantity.quantity>863.733371</out_Quantity.quantity></Point><Point><position>3185</position><in_Quantity.quantity>0.000000</in_Quantity.quantity><out_Quantity.quantity>976.683685</out_Quantity.quantity></Point><Point><position>3186</position><in_Quantity.quantity>0.000000</in_Quantity.quantity><out_Quantity.quantity>276.303437</out_Quantity.quantity></Point><Point><position>3187</position><in_Quantity.quantity>0.000000</in_Quantity.quantity><out_Quantity.quantity>240.355152</out_Quantity.quantity></Point><Point><position>3188</position><in_Quantity.quantity>0.000000</in_Quantity.quantity><out_Quantity.quantity>342.461136</out_Quantity.quantity></Point><Point><position>3189</position><in_Quantity.quantity>0.000000</in_Quantity.quantity><out_Quantity.quantity>95.983799</out_Quantity.quantity></Point><Point><position>3190</position><in_Quantity.quantity>0.000000</in_Quantity.quantity><out_Quantity.quantity>193.051970</out_Quantity.quantity></Point><Point><position>3191</position><in_Quantity.quantity>0.000000</in_Quantity.quantity><out_Quantity.quantity>695.800906</out_Quantity.quantity></Point><Point><position>3192</position><in_Quantity.quantity>0.000000</in_Quantity.quantity><out_Quantity.quantity>272.705561</out_Quantity.quantity></Point><Point><position>3193</position><in_Quantity.quantity>0.000000</in_Quantity.quantity><out_Quantity.quantity>660.146932</out_Quantity.quantity></Point><Point><position>3194</position><in_Quantity.quantity>0.000000</in_Quantity.quantity><out_Quantity.quantity>211.216772</out_Quantity.quantity></Point><Point><position>3195</position><in_Quantity.quantity>0.000000</in_Quantity.quantity><out_Quantity.quantity>276.237979</out_Quantity.quantity></Point><Point><position>3196</position><in_Quantity.quantity>0.000000</in_Quantity.quantity><out_Quantity.quantity>785.827250</out_Quantity.quantity></Point><Point><position>3197</position><in_Quantity.quantity>0.000000</in_Quantity.quantity><out_Quantity.quantity>542.197783</out_Quantity.quantity></Point><Point><position>3198</position><in_Quantity.quantity>0.000000</in_Quantity.quantity><out_Quantity.quantity>846.651928</out_Quantity.quantity></Point><Point><position>3199</position><in_Quantity.quantity>0.000000</in_Quantity.quantity><out_Quantity.quantity>165.911394</out_Quantity.quantity></Point><Point><position>3200</position><in_Quantity.quantity>0.000000</in_Quantity.quantity><out_Quantity.quantity>811.513972</out_Quantity.quantity></Point><Point><position>3201</position><in_Quantity.quantity>0.000000</in_Quantity.quantity><out_Quantity.quantity>946.372941</out_Quantity.quantity></Point><Point><position>3202</position><in_Quantity.quantity>0.000000</in_Quantity.quantity><out_Quantity.quantity>491.090470</out_Quantity.quantity></Point><Point><position>3203</position><in_Quantity.quantity>0.000000</in_Quantity.quantity><out_Quantity.quantity>389.619905</out_Quantity.quantity></Point><Point><position>3204</position><in_Quantity.quantity>0.000000</in_Quantity.quantity><out_Quantity.quantity>634.472360</out_Quantity.quantity></Point><Point><position>3205</position><in_Quantity.quantity>0.000000</in_Quantity.quantity><out_Quantity.quantity>887.400437</out_Quantity.quantity></Point><Point><position>3206</position><in_Quantity.quantity>0.000000</in_Quantity.quantity><out_Quantity.quantity>45.241553</out_Quantity.quantity></Point><Point><position>3207</position><in_Quantity.quantity>0.000000</in_Quantity.quantity><out_Quantity.quantity>393.196904</out_Quantity.quantity></Point><Point><position>3208</position><in_Quantity.quantity>0.000000</in_Quantity.quantity><out_Quantity.quantity>207.925440</out_Quantity.quantity></Point><Point><position>3209</position><in_Quantity.quantity>0.000000</in_Quantity.quantity><out_Quantity.quantity>107.244732</out_Quantity.quantity></Point><Point><position>3210</position><in_Quantity.quantity>0.000000</in_Quantity.quantity><out_Quantity.quantity>720.783012</out_Quantity.quantity></Point><Point><position>3211</position><in_Quantity.quantity>0.000000</in_Quantity.quantity><out_Quantity.quantity>549.157289</out_Quantity.quantity></Point><Point><position>3212</position><in_Quantity.quantity>0.000000</in_Quantity.quantity><out_Quantity.quantity>899.268522</out_Quantity.quantity></Point><Point><position>3213</position><in_Quantity.quantity>0.000000</in_Quantity.quantity><out_Quantity.quantity>515.082760</out_Quantity.quantity></Point><Point><position>3214</position><in_Quantity.quantity>0.000000</in_Quantity.quantity><out_Quantity.quantity>206.032940</out_Quantity.quantity></Point><Point><position>3215</position><in_Quantity.quantity>0.000000</in_Quantity.quantity><out_Quantity.quantity>671.313057</out_Quantity.quantity></Point><Point><position>3216</position><in_Quantity.quantity>0.000000</in_Quantity.quantity><out_Quantity.quantity>606.883353</out_Quantity.quantity></Point><Point><position>3217</position><in_Quantity.quantity>0.000000</in_Quantity.quantity><out_Quantity.quantity>428.089419</out_Quantity.quantity></Point><Point><position>3218</position><in_Quantity.quantity>0.000000</in_Quantity.quantity><out_Quantity.quantity>595.012517</out_Quantity.quantity></Point><Point><position>3219</position><in_Quantity.quantity>0.000000</in_Quantity.quantity><out_Quantity.quantity>334.678729</out_Quantity.quantity></Point><Point><position>3220</position><in_Quantity.quantity>0.000000</in_Quantity.quantity><out_Quantity.quantity>568.168776</out_Quantity.quantity></Point><Point><position>3221</position><in_Quantity.quantity>0.000000</in_Quantity.quantity><out_Quantity.quantity>175.272691</out_Quantity.quantity></Point><Point><position>3222</position><in_Quantity.quantity>0.000000</in_Quantity.quantity><out_Quantity.quantity>218.024869</out_Quantity.quantity></Point><Point><position>3223</position><in_Quantity.quantity>0.000000</in_Quantity.quantity><out_Quantity.quantity>886.365420</out_Quantity.quantity></Point><Point><position>3224</position><in_Quantity.quantity>0.000000</in_Quantity.quantity><out_Quantity.quantity>119.119632</out_Quantity.quantity></Point><Point><position>3225</position><in_Quantity.quantity>0.000000</in_Quantity.quantity><out_Quantity.quantity>342.613790</out_Quantity.quantity></Point><Point><position>3226</position><in_Quantity.quantity>0.000000</in_Quantity.quantity><out_Quantity.quantity>798.423517</out_Quantity.quantity></Point><Point><position>3227</position><in_Quantity.quantity>0.000000</in_Quantity.quantity><out_Quantity.quantity>211.216762</out_Quantity.quantity></Point><Point><position>3228</position><in_Quantity.quantity>0.000000</in_Quantity.quantity><out_Quantity.quantity>697.195021</out_Quantity.quantity></Point><Point><position>3229</position><in_Quantity.quantity>0.000000</in_Quantity.quantity><out_Quantity.quantity>350.424204</out_Quantity.quantity></Point><Point><position>3230</position><in_Quantity.quantity>0.000000</in_Quantity.quantity><out_Quantity.quantity>726.499745</out_Quantity.quantity></Point><Point><position>3231</position><in_Quantity.quantity>0.000000</in_Quantity.quantity><out_Quantity.quantity>532.961165</out_Quantity.quantity></Point><Point><position>3232</position><in_Quantity.quantity>0.000000</in_Quantity.quantity><out_Quantity.quantity>166.535872</out_Quantity.quantity></Point><Point><position>3233</position><in_Quantity.quantity>0.000000</in_Quantity.quantity><out_Quantity.quantity>695.075529</out_Quantity.quantity></Point><Point><position>3234</position><in_Quantity.quantity>0.000000</in_Quantity.quantity><out_Quantity.quantity>472.238216</out_Quantity.quantity></Point><Point><position>3235</position><in_Quantity.quantity>0.000000</in_Quantity.quantity><out_Quantity.quantity>995.775000</out_Quantity.quantity></Point><Point><position>3236</position><in_Quantity.quantity>0.000000</in_Quantity.quantity><out_Quantity.quantity>430.848461</out_Quantity.quantity></Point><Point><position>3237</position><in_Quantity.quantity>0.000000</in_Quantity.quantity><out_Quantity.quantity>661.063158</out_Quantity.quantity></Point><Point><position>3238</position><in_Quantity.quantity>0.000000</in_Quantity.quantity><out_Quantity.quantity>369.354860</out_Quantity.quantity></Point><Point><position>3239</position><in_Quantity.quantity>0.000000</in_Quantity.quantity><out_Quantity.quantity>827.800704</out_Quantity.quantity></Point><Point><position>3240</position><in_Quantity.quantity>0.000000</in_Quantity.quantity><out_Quantity.quantity>783.182225</out_Quantity.quantity></Point><Point><position>3241</position><in_Quantity.quantity>0.000000</in_Quantity.quantity><out_Quantity.quantity>884.556942</out_Quantity.quantity></Point><Point><position>3242</position><in_Quantity.quantity>0.000000</in_Quantity.quantity><out_Quantity.quantity>877.836438</out_Quantity.quantity></Point><Point><position>3243</position><in_Quantity.quantity>0.000000</in_Quantity.quantity><out_Quantity.quantity>711.209926</out_Quantity.quantity></Point><Point><position>3244</position><in_Quantity.quantity>0.000000</in_Quantity.quantity><out_Quantity.quantity>197.393218</out_Quantity.quantity></Point><Point><position>3245</position><in_Quantity.quantity>0.000000</in_Quantity.quantity><out_Quantity.quantity>945.726952</out_Quantity.quantity></Point><Point><position>3246</position><in_Quantity.quantity>0.000000</in_Quantity.quantity><out_Quantity.quantity>279.886920</out_Quantity.quantity></Point><Point><position>3247</position><in_Quantity.quantity>0.000000</in_Quantity.quantity><out_Quantity.quantity>422.486639</out_Quantity.quantity></Point><Point><position>3248</position><in_Quantity.quantity>0.000000</in_Quantity.quantity><out_Quantity.quantity>213.333573</out_Quantity.quantity></Point><Point><position>3249</position><in_Quantity.quantity>0.000000</in_Quantity.quantity><out_Quantity.quantity>166.130050</out_Quantity.quantity></Point><Point><position>3250</position><in_Quantity.quantity>0.000000</in_Quantity.quantity><out_Quantity.quantity>682.050608</out_Quantity.quantity></Point><Point><position>3251</position><in_Quantity.quantity>0.000000</in_Quantity.quantity><out_Quantity.quantity>156.918996</out_Quantity.quantity></Point><Point><position>3252</position><in_Quantity.quantity>0.000000</in_Quantity.quantity><out_Quantity.quantity>655.295713</out_Quantity.quantity></Point><Point><position>3253</position><in_Quantity.quantity>0.000000</in_Quantity.quantity><out_Quantity.quantity>532.946066</out_Quantity.quantity></Point><Point><position>3254</position><in_Quantity.quantity>0.000000</in_Quantity.quantity><out_Quantity.quantity>957.609456</out_Quantity.quantity></Point><Point><position>3255</position><in_Quantity.quantity>0.000000</in_Quantity.quantity><out_Quantity.quantity>899.877619</out_Quantity.quantity></Point><Point><position>3256</position><in_Quantity.quantity>0.000000</in_Quantity.quantity><out_Quantity.quantity>107.365485</out_Quantity.quantity></Point><Point><position>3257</position><in_Quantity.quantity>0.000000</in_Quantity.quantity><out_Quantity.quantity>571.496659</out_Quantity.quantity></Point><Point><position>3258</position><in_Quantity.quantity>0.000000</in_Quantity.quantity><out_Quantity.quantity>610.460851</out_Quantity.quantity></Point><Point><position>3259</position><in_Quantity.quantity>0.000000</in_Quantity.quantity><out_Quantity.quantity>827.906682</out_Quantity.quantity></Point><Point><position>3260</position><in_Quantity.quantity>0.000000</in_Quantity.quantity><out_Quantity.quantity>974.634342</out_Quantity.quantity></Point><Point><position>3261</position><in_Quantity.quantity>0.000000</in_Quantity.quantity><out_Quantity.quantity>564.422370</out_Quantity.quantity></Point><Point><position>3262</position><in_Quantity.quantity>0.000000</in_Quantity.quantity><out_Quantity.quantity>383.573209</out_Quantity.quantity></Point><Point><position>3263</position><in_Quantity.quantity>0.000000</in_Quantity.quantity><out_Quantity.quantity>738.764758</out_Quantity.quantity></Point><Point><position>3264</position><in_Quantity.quantity>0.000000</in_Quantity.quantity><out_Quantity.quantity>618.290834</out_Quantity.quantity></Point><Point><position>3265</position><in_Quantity.quantity>0.000000</in_Quantity.quantity><out_Quantity.quantity>472.028575</out_Quantity.quantity></Point><Point><position>3266</position><in_Quantity.quantity>0.000000</in_Quantity.quantity><out_Quantity.quantity>771.231498</out_Quantity.quantity></Point><Point><position>3267</position><in_Quantity.quantity>0.000000</in_Quantity.quantity><out_Quantity.quantity>578.422413</out_Quantity.quantity></Point><Point><position>3268</position><in_Quantity.quantity>0.000000</in_Quantity.quantity><out_Quantity.quantity>656.965602</out_Quantity.quantity></Point><Point><position>3269</position><in_Quantity.quantity>0.000000</in_Quantity.quantity><out_Quantity.quantity>981.545777</out_Quantity.quantity></Point><Point><position>3270</position><in_Quantity.quantity>0.000000</in_Quantity.quantity><out_Quantity.quantity>300.414658</out_Quantity.quantity></Point><Point><position>3271</position><in_Quantity.quantity>0.000000</in_Quantity.quantity><out_Quantity.quantity>764.386771</out_Quantity.quantity></Point><Point><position>3272</position><in_Quantity.quantity>0.000000</in_Quantity.quantity><out_Quantity.quantity>604.209700</out_Quantity.quantity></Point><Point><position>3273</position><in_Quantity.quantity>0.000000</in_Quantity.quantity><out_Quantity.quantity>775.025505</out_Quantity.quantity></Point><Point><position>3274</position><in_Quantity.quantity>0.000000</in_Quantity.quantity><out_Quantity.quantity>390.850790</out_Quantity.quantity></Point><Point><position>3275</position><in_Quantity.quantity>0.000000</in_Quantity.quantity><out_Quantity.quantity>433.883156</out_Quantity.quantity></Point><Point><position>3276</position><in_Quantity.quantity>0.000000</in_Quantity.quantity><out_Quantity.quantity>806.206315</out_Quantity.quantity></Point><Point><position>3277</position><in_Quantity.quantity>0.000000</in_Quantity.quantity><out_Quantity.quantity>171.386607</out_Quantity.quantity></Point><Point><position>3278</position><in_Quantity.quantity>0.000000</in_Quantity.quantity><out_Quantity.quantity>602.076394</out_Quantity.quantity></Point><Point><position>3279</position><in_Quantity.quantity>0.000000</in_Quantity.quantity><out_Quantity.quantity>546.662340</out_Quantity.quantity></Point><Point><position>3280</position><in_Quantity.quantity>0.000000</in_Quantity.quantity><out_Quantity.quantity>93.012171</out_Quantity.quantity></Point><Point><position>3281</position><in_Quantity.quantity>0.000000</in_Quantity.quantity><out_Quantity.quantity>521.668172</out_Quantity.quantity></Point><Point><position>3282</position><in_Quantity.quantity>0.000000</in_Quantity.quantity><out_Quantity.quantity>118.134605</out_Quantity.quantity></Point><Point><position>3283</position><in_Quantity.quantity>0.000000</in_Quantity.quantity><out_Quantity.quantity>696.252014</out_Quantity.quantity></Point><Point><position>3284</position><in_Quantity.quantity>0.000000</in_Quantity.quantity><out_Quantity.quantity>783.770802</out_Quantity.quantity></Point><Point><position>3285</position><in_Quantity.quantity>0.000000</in_Quantity.quantity><out_Quantity.quantity>142.006000</out_Quantity.quantity></Point><Point><position>3286</position><in_Quantity.quantity>0.000000</in_Quantity.quantity><out_Quantity.quantity>835.940815</out_Quantity.quantity></Point><Point><position>3287</position><in_Quantity.quantity>0.000000</in_Quantity.quantity><out_Quantity.quantity>893.949194</out_Quantity.quantity></Point><Point><position>3288</position><in_Quantity.quantity>0.000000</in_Quantity.quantity><out_Quantity.quantity>930.170532</out_Quantity.quantity></Point><Point><position>3289</position><in_Quantity.quantity>0.000000</in_Quantity.quantity><out_Quantity.quantity>236.231031</out_Quantity.quantity></Point><Point><position>3290</position><in_Quantity.quantity>0.000000</in_Quantity.quantity><out_Quantity.quantity>962.700992</out_Quantity.quantity></Point><Point><position>3291</position><in_Quantity.quantity>0.000000</in_Quantity.quantity><out_Quantity.quantity>116.555366</out_Quantity.quantity></Point><Point><position>3292</position><in_Quantity.quantity>0.000000</in_Quantity.quantity><out_Quantity.quantity>937.755772</out_Quantity.quantity></Point><Point><position>3293</position><in_Quantity.quantity>0.000000</in_Quantity.quantity><out_Quantity.quantity>581.571662</out_Quantity.quantity></Point><Point><position>3294</position><in_Quantity.quantity>0.000000</in_Quantity.quantity><out_Quantity.quantity>308.500394</out_Quantity.quantity></Point><Point><position>3295</position><in_Quantity.quantity>0.000000</in_Quantity.quantity><out_Quantity.quantity>196.581961</out_Quantity.quantity></Point><Point><position>3296</position><in_Quantity.quantity>0.000000</in_Quantity.quantity><out_Quantity.quantity>261.334607</out_Quantity.quantity></Point><Point><position>3297</position><in_Quantity.quantity>0.000000</in_Quantity.quantity><out_Quantity.quantity>713.668313</out_Quantity.quantity></Point><Point><position>3298</position><in_Quantity.quantity>0.000000</in_Quantity.quantity><out_Quantity.quantity>137.522886</out_Quantity.quantity></Point><Point><position>3299</position><in_Quantity.quantity>0.000000</in_Quantity.quantity><out_Quantity.quantity>908.987484</out_Quantity.quantity></Point><Point><position>3300</position><in_Quantity.quantity>0.000000</in_Quantity.quantity><out_Quantity.quantity>190.637734</out_Quantity.quantity></Point><Point><position>3301</position><in_Quantity.quantity>0.000000</in_Quantity.quantity><out_Quantity.quantity>725.311885</out_Quantity.quantity></Point><Point><position>3302</position><in_Quantity.quantity>0.000000</in_Quantity.quantity><out_Quantity.quantity>158.963796</out_Quantity.quantity></Point><Point><position>3303</position><in_Quantity.quantity>0.000000</in_Quantity.quantity><out_Quantity.quantity>487.334918</out_Quantity.quantity></Point><Point><position>3304</position><in_Quantity.quantity>0.000000</in_Quantity.quantity><out_Quantity.quantity>386.149726</out_Quantity.quantity></Point><Point><position>3305</position><in_Quantity.quantity>0.000000</in_Quantity.quantity><out_Quantity.quantity>274.123989</out_Quantity.quantity></Point><Point><position>3306</position><in_Quantity.quantity>0.000000</in_Quantity.quantity><out_Quantity.quantity>4.233487</out_Quantity.quantity></Point><Point><position>3307</position><in_Quantity.quantity>0.000000</in_Quantity.quantity><out_Quantity.quantity>123.516587</out_Quantity.quantity></Point><Point><position>3308</position><in_Quantity.quantity>0.000000</in_Quantity.quantity><out_Quantity.quantity>26.642503</out_Quantity.quantity></Point><Point><position>3309</position><in_Quantity.quantity>0.000000</in_Quantity.quantity><out_Quantity.quantity>444.713587</out_Quantity.quantity></Point><Point><position>3310</position><in_Quantity.quantity>0.000000</in_Quantity.quantity><out_Quantity.quantity>130.353350</out_Quantity.quantity></Point><Point><position>3311</position><in_Quantity.quantity>0.000000</in_Quantity.quantity><out_Quantity.quantity>939.525571</out_Quantity.quantity></Point><Point><position>3312</position><in_Quantity.quantity>0.000000</in_Quantity.quantity><out_Quantity.quantity>406.973062</out_Quantity.quantity></Point><Point><position>3313</position><in_Quantity.quantity>0.000000</in_Quantity.quantity><out_Quantity.quantity>608.463283</out_Quantity.quantity></Point><Point><position>3314</position><in_Quantity.quantity>0.000000</in_Quantity.quantity><out_Quantity.quantity>701.327825</out_Quantity.quantity></Point><Point><position>3315</position><in_Quantity.quantity>0.000000</in_Quantity.quantity><out_Quantity.quantity>117.808571</out_Quantity.quantity></Point><Point><position>3316</position><in_Quantity.quantity>0.000000</in_Quantity.quantity><out_Quantity.quantity>268.324643</out_Quantity.quantity></Point><Point><position>3317</position><in_Quantity.quantity>0.000000</in_Quantity.quantity><out_Quantity.quantity>241.223530</out_Quantity.quantity></Point><Point><position>3318</position><in_Quantity.quantity>0.000000</in_Quantity.quantity><out_Quantity.quantity>585.692403</out_Quantity.quantity></Point><Point><position>3319</position><in_Quantity.quantity>0.000000</in_Quantity.quantity><out_Quantity.quantity>474.293017</out_Quantity.quantity></Point><Point><position>3320</position><in_Quantity.quantity>0.000000</in_Quantity.quantity><out_Quantity.quantity>578.318253</out_Quantity.quantity></Point><Point><position>3321</position><in_Quantity.quantity>0.000000</in_Quantity.quantity><out_Quantity.quantity>300.573171</out_Quantity.quantity></Point><Point><position>3322</position><in_Quantity.quantity>0.000000</in_Quantity.quantity><out_Quantity.quantity>2.644368</out_Quantity.quantity></Point><Point><position>3323</position><in_Quantity.quantity>0.000000</in_Quantity.quantity><out_Quantity.quantity>587.029614</out_Quantity.quantity></Point><Point><position>3324</position><in_Quantity.quantity>0.000000</in_Quantity.quantity><out_Quantity.quantity>129.237393</out_Quantity.quantity></Point><Point><position>3325</position><in_Quantity.quantity>0.000000</in_Quantity.quantity><out_Quantity.quantity>771.167560</out_Quantity.quantity></Point><Point><position>3326</position><in_Quantity.quantity>0.000000</in_Quantity.quantity><out_Quantity.quantity>397.955229</out_Quantity.quantity></Point><Point><position>3327</position><in_Quantity.quantity>0.000000</in_Quantity.quantity><out_Quantity.quantity>922.826742</out_Quantity.quantity></Point><Point><position>3328</position><in_Quantity.quantity>0.000000</in_Quantity.quantity><out_Quantity.quantity>519.748274</out_Quantity.quantity></Point><Point><position>3329</position><in_Quantity.quantity>0.000000</in_Quantity.quantity><out_Quantity.quantity>895.877749</out_Quantity.quantity></Point><Point><position>3330</position><in_Quantity.quantity>0.000000</in_Quantity.quantity><out_Quantity.quantity>190.754299</out_Quantity.quantity></Point><Point><position>3331</position><in_Quantity.quantity>0.000000</in_Quantity.quantity><out_Quantity.quantity>615.497077</out_Quantity.quantity></Point><Point><position>3332</position><in_Quantity.quantity>0.000000</in_Quantity.quantity><out_Quantity.quantity>225.365593</out_Quantity.quantity></Point><Point><position>3333</position><in_Quantity.quantity>0.000000</in_Quantity.quantity><out_Quantity.quantity>822.640886</out_Quantity.quantity></Point><Point><position>3334</position><in_Quantity.quantity>0.000000</in_Quantity.quantity><out_Quantity.quantity>925.009298</out_Quantity.quantity></Point><Point><position>3335</position><in_Quantity.quantity>0.000000</in_Quantity.quantity><out_Quantity.quantity>150.854100</out_Quantity.quantity></Point><Point><position>3336</position><in_Quantity.quantity>0.000000</in_Quantity.quantity><out_Quantity.quantity>637.001941</out_Quantity.quantity></Point><Point><position>3337</position><in_Quantity.quantity>0.000000</in_Quantity.quantity><out_Quantity.quantity>915.533253</out_Quantity.quantity></Point><Point><position>3338</position><in_Quantity.quantity>0.000000</in_Quantity.quantity><out_Quantity.quantity>753.637147</out_Quantity.quantity></Point><Point><position>3339</position><in_Quantity.quantity>0.000000</in_Quantity.quantity><out_Quantity.quantity>249.612516</out_Quantity.quantity></Point><Point><position>3340</position><in_Quantity.quantity>0.000000</in_Quantity.quantity><out_Quantity.quantity>150.629693</out_Quantity.quantity></Point><Point><position>3341</position><in_Quantity.quantity>0.000000</in_Quantity.quantity><out_Quantity.quantity>875.538388</out_Quantity.quantity></Point><Point><position>3342</position><in_Quantity.quantity>0.000000</in_Quantity.quantity><out_Quantity.quantity>816.075555</out_Quantity.quantity></Point><Point><position>3343</position><in_Quantity.quantity>0.000000</in_Quantity.quantity><out_Quantity.quantity>360.069525</out_Quantity.quantity></Point><Point><position>3344</position><in_Quantity.quantity>0.000000</in_Quantity.quantity><out_Quantity.quantity>331.709463</out_Quantity.quantity></Point><Point><position>3345</position><in_Quantity.quantity>0.000000</in_Quantity.quantity><out_Quantity.quantity>32.105497</out_Quantity.quantity></Point><Point><position>3346</position><in_Quantity.quantity>0.000000</in_Quantity.quantity><out_Quantity.quantity>853.419514</out_Quantity.quantity></Point><Point><position>3347</position><in_Quantity.quantity>0.000000</in_Quantity.quantity><out_Quantity.quantity>444.238670</out_Quantity.quantity></Point><Point><position>3348</position><in_Quantity.quantity>0.000000</in_Quantity.quantity><out_Quantity.quantity>386.692588</out_Quantity.quantity></Point><Point><position>3349</position><in_Quantity.quantity>0.000000</in_Quantity.quantity><out_Quantity.quantity>123.856922</out_Quantity.quantity></Point><Point><position>3350</position><in_Quantity.quantity>0.000000</in_Quantity.quantity><out_Quantity.quantity>939.962013</out_Quantity.quantity></Point><Point><position>3351</position><in_Quantity.quantity>0.000000</in_Quantity.quantity><out_Quantity.quantity>560.085234</out_Quantity.quantity></Point><Point><position>3352</position><in_Quantity.quantity>0.000000</in_Quantity.quantity><out_Quantity.quantity>988.426733</out_Quantity.quantity></Point><Point><position>3353</position><in_Quantity.quantity>0.000000</in_Quantity.quantity><out_Quantity.quantity>786.046036</out_Quantity.quantity></Point><Point><position>3354</position><in_Quantity.quantity>0.000000</in_Quantity.quantity><out_Quantity.quantity>39.225350</out_Quantity.quantity></Point><Point><position>3355</position><in_Quantity.quantity>0.000000</in_Quantity.quantity><out_Quantity.quantity>726.402802</out_Quantity.quantity></Point><Point><position>3356</position><in_Quantity.quantity>0.000000</in_Quantity.quantity><out_Quantity.quantity>349.010422</out_Quantity.quantity></Point><Point><position>3357</position><in_Quantity.quantity>0.000000</in_Quantity.quantity><out_Quantity.quantity>411.948608</out_Quantity.quantity></Point><Point><position>3358</position><in_Quantity.quantity>0.000000</in_Quantity.quantity><out_Quantity.quantity>956.131285</out_Quantity.quantity></Point><Point><position>3359</position><in_Quantity.quantity>0.000000</in_Quantity.quantity><out_Quantity.quantity>580.647212</out_Quantity.quantity></Point><Point><position>3360</position><in_Quantity.quantity>0.000000</in_Quantity.quantity><out_Quantity.quantity>250.545908</out_Quantity.quantity></Point><Point><position>3361</position><in_Quantity.quantity>0.000000</in_Quantity.quantity><out_Quantity.quantity>554.488995</out_Quantity.quantity></Point><Point><position>3362</position><in_Quantity.quantity>0.000000</in_Quantity.quantity><out_Quantity.quantity>748.169921</out_Quantity.quantity></Point><Point><position>3363</position><in_Quantity.quantity>0.000000</in_Quantity.quantity><out_Quantity.quantity>317.964303</out_Quantity.quantity></Point><Point><position>3364</position><in_Quantity.quantity>0.000000</in_Quantity.quantity><out_Quantity.quantity>742.306604</out_Quantity.quantity></Point><Point><position>3365</position><in_Quantity.quantity>0.000000</in_Quantity.quantity><out_Quantity.quantity>416.107234</out_Quantity.quantity></Point><Point><position>3366</position><in_Quantity.quantity>0.000000</in_Quantity.quantity><out_Quantity.quantity>162.733050</out_Quantity.quantity></Point><Point><position>3367</position><in_Quantity.quantity>0.000000</in_Quantity.quantity><out_Quantity.quantity>29.978716</out_Quantity.quantity></Point><Point><position>3368</position><in_Quantity.quantity>0.000000</in_Quantity.quantity><out_Quantity.quantity>125.497412</out_Quantity.quantity></Point><Point><position>3369</position><in_Quantity.quantity>0.000000</in_Quantity.quantity><out_Quantity.quantity>263.237926</out_Quantity.quantity></Point><Point><position>3370</position><in_Quantity.quantity>0.000000</in_Quantity.quantity><out_Quantity.quantity>920.983548</out_Quantity.quantity></Point><Point><position>3371</position><in_Quantity.quantity>0.000000</in_Quantity.quantity><out_Quantity.quantity>191.511821</out_Quantity.quantity></Point><Point><position>3372</position><in_Quantity.quantity>0.000000</in_Quantity.quantity><out_Quantity.quantity>671.209005</out_Quantity.quantity></Point><Point><position>3373</position><in_Quantity.quantity>0.000000</in_Quantity.quantity><out_Quantity.quantity>932.400074</out_Quantity.quantity></Point><Point><position>3374</position><in_Quantity.quantity>0.000000</in_Quantity.quantity><out_Quantity.quantity>532.592935</out_Quantity.quantity></Point><Point><position>3375</position><in_Quantity.quantity>0.000000</in_Quantity.quantity><out_Quantity.quantity>458.401193</out_Quantity.quantity></Point><Point><position>3376</position><in_Quantity.quantity>0.000000</in_Quantity.quantity><out_Quantity.quantity>761.514104</out_Quantity.quantity></Point><Point><position>3377</position><in_Quantity.quantity>0.000000</in_Quantity.quantity><out_Quantity.quantity>955.648890</out_Quantity.quantity></Point><Point><position>3378</position><in_Quantity.quantity>0.000000</in_Quantity.quantity><out_Quantity.quantity>450.538612</out_Quantity.quantity></Point><Point><position>3379</position><in_Quantity.quantity>0.000000</in_Quantity.quantity><out_Quantity.quantity>25.465394</out_Quantity.quantity></Point><Point><position>3380</position><in_Quantity.quantity>0.000000</in_Quantity.quantity><out_Quantity.quantity>566.085181</out_Quantity.quantity></Point><Point><position>3381</position><in_Quantity.quantity>0.000000</in_Quantity.quantity><out_Quantity.quantity>922.558488</out_Quantity.quantity></Point><Point><position>3382</position><in_Quantity.quantity>0.000000</in_Quantity.quantity><out_Quantity.quantity>273.095995</out_Quantity.quantity></Point><Point><position>3383</position><in_Quantity.quantity>0.000000</in_Quantity.quantity><out_Quantity.quantity>81.903735</out_Quantity.quantity></Point><Point><position>3384</position><in_Quantity.quantity>0.000000</in_Quantity.quantity><out_Quantity.quantity>132.092305</out_Quantity.quantity></Point><Point><position>3385</position><in_Quantity.quantity>0.000000</in_Quantity.quantity><out_Quantity.quantity>862.746665</out_Quantity.quantity></Point><Point><position>3386</position><in_Quantity.quantity>0.000000</in_Quantity.quantity><out_Quantity.quantity>411.811748</out_Quantity.quantity></Point><Point><position>3387</position><in_Quantity.quantity>0.000000</in_Quantity.quantity><out_Quantity.quantity>991.562903</out_Quantity.quantity></Point><Point><position>3388</position><in_Quantity.quantity>0.000000</in_Quantity.quantity><out_Quantity.quantity>816.560348</out_Quantity.quantity></Point><Point><position>3389</position><in_Quantity.quantity>0.000000</in_Quantity.quantity><out_Quantity.quantity>611.556122</out_Quantity.quantity></Point><Point><position>3390</position><in_Quantity.quantity>0.000000</in_Quantity.quantity><out_Quantity.quantity>147.816913</out_Quantity.quantity></Point><Point><position>3391</position><in_Quantity.quantity>0.000000</in_Quantity.quantity><out_Quantity.quantity>371.368747</out_Quantity.quantity></Point><Point><position>3392</position><in_Quantity.quantity>0.000000</in_Quantity.quantity><out_Quantity.quantity>140.044646</out_Quantity.quantity></Point><Point><position>3393</position><in_Quantity.quantity>0.000000</in_Quantity.quantity><out_Quantity.quantity>126.441615</out_Quantity.quantity></Point><Point><position>3394</position><in_Quantity.quantity>0.000000</in_Quantity.quantity><out_Quantity.quantity>788.069302</out_Quantity.quantity></Point><Point><position>3395</position><in_Quantity.quantity>0.000000</in_Quantity.quantity><out_Quantity.quantity>493.034901</out_Quantity.quantity></Point><Point><position>3396</position><in_Quantity.quantity>0.000000</in_Quantity.quantity><out_Quantity.quantity>667.514011</out_Quantity.quantity></Point><Point><position>3397</position><in_Quantity.quantity>0.000000</in_Quantity.quantity><out_Quantity.quantity>140.985150</out_Quantity.quantity></Point><Point><position>3398</position><in_Quantity.quantity>0.000000</in_Quantity.quantity><out_Quantity.quantity>941.383498</out_Quantity.quantity></Point><Point><position>3399</position><in_Quantity.quantity>0.000000</in_Quantity.quantity><out_Quantity.quantity>113.652081</out_Quantity.quantity></Point><Point><position>3400</position><in_Quantity.quantity>0.000000</in_Quantity.quantity><out_Quantity.quantity>945.875188</out_Quantity.quantity></Point><Point><position>3401</position><in_Quantity.quantity>0.000000</in_Quantity.quantity><out_Quantity.quantity>839.143932</out_Quantity.quantity></Point><Point><position>3402</position><in_Quantity.quantity>0.000000</in_Quantity.quantity><out_Quantity.quantity>78.428397</out_Quantity.quantity></Point><Point><position>3403</position><in_Quantity.quantity>0.000000</in_Quantity.quantity><out_Quantity.quantity>377.423626</out_Quantity.quantity></Point><Point><position>3404</position><in_Quantity.quantity>0.000000</in_Quantity.quantity><out_Quantity.quantity>17.753588</out_Quantity.quantity></Point><Point><position>3405</position><in_Quantity.quantity>0.000000</in_Quantity.quantity><out_Quantity.quantity>272.584415</out_Quantity.quantity></Point><Point><position>3406</position><in_Quantity.quantity>0.000000</in_Quantity.quantity><out_Quantity.quantity>530.233619</out_Quantity.quantity></Point><Point><position>3407</position><in_Quantity.quantity>0.000000</in_Quantity.quantity><out_Quantity.quantity>383.770078</out_Quantity.quantity></Point><Point><position>3408</position><in_Quantity.quantity>0.000000</in_Quantity.quantity><out_Quantity.quantity>112.115144</out_Quantity.quantity></Point><Point><position>3409</position><in_Quantity.quantity>0.000000</in_Quantity.quantity><out_Quantity.quantity>537.750928</out_Quantity.quantity></Point><Point><position>3410</position><in_Quantity.quantity>0.000000</in_Quantity.quantity><out_Quantity.quantity>829.768466</out_Quantity.quantity></Point><Point><position>3411</position><in_Quantity.quantity>0.000000</in_Quantity.quantity><out_Quantity.quantity>945.868334</out_Quantity.quantity></Point><Point><position>3412</position><in_Quantity.quantity>0.000000</in_Quantity.quantity><out_Quantity.quantity>909.563453</out_Quantity.quantity></Point><Point><position>3413</position><in_Quantity.quantity>0.000000</in_Quantity.quantity><out_Quantity.quantity>110.206267</out_Quantity.quantity></Point><Point><position>3414</position><in_Quantity.quantity>0.000000</in_Quantity.quantity><out_Quantity.quantity>194.483178</out_Quantity.quantity></Point><Point><position>3415</position><in_Quantity.quantity>0.000000</in_Quantity.quantity><out_Quantity.quantity>492.520343</out_Quantity.quantity></Point><Point><position>3416</position><in_Quantity.quantity>0.000000</in_Quantity.quantity><out_Quantity.quantity>609.303544</out_Quantity.quantity></Point><Point><position>3417</position><in_Quantity.quantity>0.000000</in_Quantity.quantity><out_Quantity.quantity>28.110880</out_Quantity.quantity></Point><Point><position>3418</position><in_Quantity.quantity>0.000000</in_Quantity.quantity><out_Quantity.quantity>901.455191</out_Quantity.quantity></Point><Point><position>3419</position><in_Quantity.quantity>0.000000</in_Quantity.quantity><out_Quantity.quantity>659.039149</out_Quantity.quantity></Point><Point><position>3420</position><in_Quantity.quantity>0.000000</in_Quantity.quantity><out_Quantity.quantity>675.660450</out_Quantity.quantity></Point><Point><position>3421</position><in_Quantity.quantity>0.000000</in_Quantity.quantity><out_Quantity.quantity>972.271688</out_Quantity.quantity></Point><Point><position>3422</position><in_Quantity.quantity>0.000000</in_Quantity.quantity><out_Quantity.quantity>82.832722</out_Quantity.quantity></Point><Point><position>3423</position><in_Quantity.quantity>0.000000</in_Quantity.quantity><out_Quantity.quantity>28.275835</out_Quantity.quantity></Point><Point><position>3424</position><in_Quantity.quantity>0.000000</in_Quantity.quantity><out_Quantity.quantity>83.412586</out_Quantity.quantity></Point><Point><position>3425</position><in_Quantity.quantity>0.000000</in_Quantity.quantity><out_Quantity.quantity>8.421505</out_Quantity.quantity></Point><Point><position>3426</position><in_Quantity.quantity>0.000000</in_Quantity.quantity><out_Quantity.quantity>990.698631</out_Quantity.quantity></Point><Point><position>3427</position><in_Quantity.quantity>0.000000</in_Quantity.quantity><out_Quantity.quantity>574.382651</out_Quantity.quantity></Point><Point><position>3428</position><in_Quantity.quantity>0.000000</in_Quantity.quantity><out_Quantity.quantity>27.435927</out_Quantity.quantity></Point><Point><position>3429</position><in_Quantity.quantity>0.000000</in_Quantity.quantity><out_Quantity.quantity>83.827841</out_Quantity.quantity></Point><Point><position>3430</position><in_Quantity.quantity>0.000000</in_Quantity.quantity><out_Quantity.quantity>18.503216</out_Quantity.quantity></Point><Point><position>3431</position><in_Quantity.quantity>0.000000</in_Quantity.quantity><out_Quantity.quantity>207.324936</out_Quantity.quantity></Point><Point><position>3432</position><in_Quantity.quantity>0.000000</in_Quantity.quantity><out_Quantity.quantity>31.139089</out_Quantity.quantity></Point><Point><position>3433</position><in_Quantity.quantity>0.000000</in_Quantity.quantity><out_Quantity.quantity>212.748524</out_Quantity.quantity></Point><Point><position>3434</position><in_Quantity.quantity>0.000000</in_Quantity.quantity><out_Quantity.quantity>28.821215</out_Quantity.quantity></Point><Point><position>3435</position><in_Quantity.quantity>0.000000</in_Quantity.quantity><out_Quantity.quantity>189.791388</out_Quantity.quantity></Point><Point><position>3436</position><in_Quantity.quantity>0.000000</in_Quantity.quantity><out_Quantity.quantity>876.188740</out_Quantity.quantity></Point><Point><position>3437</position><in_Quantity.quantity>0.000000</in_Quantity.quantity><out_Quantity.quantity>589.999466</out_Quantity.quantity></Point><Point><position>3438</position><in_Quantity.quantity>0.000000</in_Quantity.quantity><out_Quantity.quantity>877.439101</out_Quantity.quantity></Point><Point><position>3439</position><in_Quantity.quantity>0.000000</in_Quantity.quantity><out_Quantity.quantity>870.086786</out_Quantity.quantity></Point><Point><position>3440</position><in_Quantity.quantity>0.000000</in_Quantity.quantity><out_Quantity.quantity>922.669243</out_Quantity.quantity></Point><Point><position>3441</position><in_Quantity.quantity>0.000000</in_Quantity.quantity><out_Quantity.quantity>496.972507</out_Quantity.quantity></Point><Point><position>3442</position><in_Quantity.quantity>0.000000</in_Quantity.quantity><out_Quantity.quantity>723.343563</out_Quantity.quantity></Point><Point><position>3443</position><in_Quantity.quantity>0.000000</in_Quantity.quantity><out_Quantity.quantity>199.053909</out_Quantity.quantity></Point><Point><position>3444</position><in_Quantity.quantity>0.000000</in_Quantity.quantity><out_Quantity.quantity>930.182436</out_Quantity.quantity></Point><Point><position>3445</position><in_Quantity.quantity>0.000000</in_Quantity.quantity><out_Quantity.quantity>776.754218</out_Quantity.quantity></Point><Point><position>3446</position><in_Quantity.quantity>0.000000</in_Quantity.quantity><out_Quantity.quantity>970.358394</out_Quantity.quantity></Point><Point><position>3447</position><in_Quantity.quantity>0.000000</in_Quantity.quantity><out_Quantity.quantity>689.852863</out_Quantity.quantity></Point><Point><position>3448</position><in_Quantity.quantity>0.000000</in_Quantity.quantity><out_Quantity.quantity>992.182636</out_Quantity.quantity></Point><Point><position>3449</position><in_Quantity.quantity>0.000000</in_Quantity.quantity><out_Quantity.quantity>943.599529</out_Quantity.quantity></Point><Point><position>3450</position><in_Quantity.quantity>0.000000</in_Quantity.quantity><out_Quantity.quantity>276.862220</out_Quantity.quantity></Point><Point><position>3451</position><in_Quantity.quantity>0.000000</in_Quantity.quantity><out_Quantity.quantity>125.837198</out_Quantity.quantity></Point><Point><position>3452</position><in_Quantity.quantity>0.000000</in_Quantity.quantity><out_Quantity.quantity>633.011504</out_Quantity.quantity></Point><Point><position>3453</position><in_Quantity.quantity>0.000000</in_Quantity.quantity><out_Quantity.quantity>335.175653</out_Quantity.quantity></Point><Point><position>3454</position><in_Quantity.quantity>0.000000</in_Quantity.quantity><out_Quantity.quantity>781.193025</out_Quantity.quantity></Point><Point><position>3455</position><in_Quantity.quantity>0.000000</in_Quantity.quantity><out_Quantity.quantity>612.569128</out_Quantity.quantity></Point><Point><position>3456</position><in_Quantity.quantity>0.000000</in_Quantity.quantity><out_Quantity.quantity>538.304364</out_Quantity.quantity></Point><Point><position>3457</position><in_Quantity.quantity>0.000000</in_Quantity.quantity><out_Quantity.quantity>868.009656</out_Quantity.quantity></Point><Point><position>3458</position><in_Quantity.quantity>0.000000</in_Quantity.quantity><out_Quantity.quantity>913.972372</out_Quantity.quantity></Point><Point><position>3459</position><in_Quantity.quantity>0.000000</in_Quantity.quantity><out_Quantity.quantity>468.675612</out_Quantity.quantity></Point><Point><position>3460</position><in_Quantity.quantity>0.000000</in_Quantity.quantity><out_Quantity.quantity>473.763565</out_Quantity.quantity></Point><Point><position>3461</position><in_Quantity.quantity>0.000000</in_Quantity.quantity><out_Quantity.quantity>970.683829</out_Quantity.quantity></Point><Point><position>3462</position><in_Quantity.quantity>0.000000</in_Quantity.quantity><out_Quantity.quantity>597.009831</out_Quantity.quantity></Point><Point><position>3463</position><in_Quantity.quantity>0.000000</in_Quantity.quantity><out_Quantity.quantity>830.426918</out_Quantity.quantity></Point><Point><position>3464</position><in_Quantity.quantity>0.000000</in_Quantity.quantity><out_Quantity.quantity>462.932974</out_Quantity.quantity></Point><Point><position>3465</position><in_Quantity.quantity>0.000000</in_Quantity.quantity><out_Quantity.quantity>778.080703</out_Quantity.quantity></Point><Point><position>3466</position><in_Quantity.quantity>0.000000</in_Quantity.quantity><out_Quantity.quantity>47.190062</out_Quantity.quantity></Point><Point><position>3467</position><in_Quantity.quantity>0.000000</in_Quantity.quantity><out_Quantity.quantity>943.870849</out_Quantity.quantity></Point><Point><position>3468</position><in_Quantity.quantity>0.000000</in_Quantity.quantity><out_Quantity.quantity>687.011185</out_Quantity.quantity></Point><Point><position>3469</position><in_Quantity.quantity>0.000000</in_Quantity.quantity><out_Quantity.quantity>53.677708</out_Quantity.quantity></Point><Point><position>3470</position><in_Quantity.quantity>0.000000</in_Quantity.quantity><out_Quantity.quantity>592.672686</out_Quantity.quantity></Point><Point><position>3471</position><in_Quantity.quantity>0.000000</in_Quantity.quantity><out_Quantity.quantity>162.895140</out_Quantity.quantity></Point><Point><position>3472</position><in_Quantity.quantity>0.000000</in_Quantity.quantity><out_Quantity.quantity>711.892318</out_Quantity.quantity></Point><Point><position>3473</position><in_Quantity.quantity>0.000000</in_Quantity.quantity><out_Quantity.quantity>787.922270</out_Quantity.quantity></Point><Point><position>3474</position><in_Quantity.quantity>0.000000</in_Quantity.quantity><out_Quantity.quantity>187.546967</out_Quantity.quantity></Point><Point><position>3475</position><in_Quantity.quantity>0.000000</in_Quantity.quantity><out_Quantity.quantity>410.090068</out_Quantity.quantity></Point><Point><position>3476</position><in_Quantity.quantity>0.000000</in_Quantity.quantity><out_Quantity.quantity>465.763621</out_Quantity.quantity></Point><Point><position>3477</position><in_Quantity.quantity>0.000000</in_Quantity.quantity><out_Quantity.quantity>329.640545</out_Quantity.quantity></Point><Point><position>3478</position><in_Quantity.quantity>0.000000</in_Quantity.quantity><out_Quantity.quantity>459.037704</out_Quantity.quantity></Point><Point><position>3479</position><in_Quantity.quantity>0.000000</in_Quantity.quantity><out_Quantity.quantity>994.176455</out_Quantity.quantity></Point><Point><position>3480</position><in_Quantity.quantity>0.000000</in_Quantity.quantity><out_Quantity.quantity>840.074107</out_Quantity.quantity></Point><Point><position>3481</position><in_Quantity.quantity>0.000000</in_Quantity.quantity><out_Quantity.quantity>733.629118</out_Quantity.quantity></Point><Point><position>3482</position><in_Quantity.quantity>0.000000</in_Quantity.quantity><out_Quantity.quantity>214.824798</out_Quantity.quantity></Point><Point><position>3483</position><in_Quantity.quantity>0.000000</in_Quantity.quantity><out_Quantity.quantity>543.482785</out_Quantity.quantity></Point><Point><position>3484</position><in_Quantity.quantity>0.000000</in_Quantity.quantity><out_Quantity.quantity>903.298753</out_Quantity.quantity></Point><Point><position>3485</position><in_Quantity.quantity>0.000000</in_Quantity.quantity><out_Quantity.quantity>426.945507</out_Quantity.quantity></Point><Point><position>3486</position><in_Quantity.quantity>0.000000</in_Quantity.quantity><out_Quantity.quantity>282.128063</out_Quantity.quantity></Point><Point><position>3487</position><in_Quantity.quantity>0.000000</in_Quantity.quantity><out_Quantity.quantity>669.789339</out_Quantity.quantity></Point><Point><position>3488</position><in_Quantity.quantity>0.000000</in_Quantity.quantity><out_Quantity.quantity>169.293790</out_Quantity.quantity></Point><Point><position>3489</position><in_Quantity.quantity>0.000000</in_Quantity.quantity><out_Quantity.quantity>726.319512</out_Quantity.quantity></Point><Point><position>3490</position><in_Quantity.quantity>0.000000</in_Quantity.quantity><out_Quantity.quantity>819.573254</out_Quantity.quantity></Point><Point><position>3491</position><in_Quantity.quantity>0.000000</in_Quantity.quantity><out_Quantity.quantity>700.864979</out_Quantity.quantity></Point><Point><position>3492</position><in_Quantity.quantity>0.000000</in_Quantity.quantity><out_Quantity.quantity>111.620367</out_Quantity.quantity></Point><Point><position>3493</position><in_Quantity.quantity>0.000000</in_Quantity.quantity><out_Quantity.quantity>993.565597</out_Quantity.quantity></Point><Point><position>3494</position><in_Quantity.quantity>0.000000</in_Quantity.quantity><out_Quantity.quantity>982.172656</out_Quantity.quantity></Point><Point><position>3495</position><in_Quantity.quantity>0.000000</in_Quantity.quantity><out_Quantity.quantity>691.302634</out_Quantity.quantity></Point><Point><position>3496</position><in_Quantity.quantity>0.000000</in_Quantity.quantity><out_Quantity.quantity>55.818485</out_Quantity.quantity></Point><Point><position>3497</position><in_Quantity.quantity>0.000000</in_Quantity.quantity><out_Quantity.quantity>319.846736</out_Quantity.quantity></Point><Point><position>3498</position><in_Quantity.quantity>0.000000</in_Quantity.quantity><out_Quantity.quantity>217.497583</out_Quantity.quantity></Point><Point><position>3499</position><in_Quantity.quantity>0.000000</in_Quantity.quantity><out_Quantity.quantity>924.764913</out_Quantity.quantity></Point><Point><position>3500</position><in_Quantity.quantity>0.000000</in_Quantity.quantity><out_Quantity.quantity>452.818328</out_Quantity.quantity></Point><Point><position>3501</position><in_Quantity.quantity>0.000000</in_Quantity.quantity><out_Quantity.quantity>714.567993</out_Quantity.quantity></Point><Point><position>3502</position><in_Quantity.quantity>0.000000</in_Quantity.quantity><out_Quantity.quantity>70.185666</out_Quantity.quantity></Point><Point><position>3503</position><in_Quantity.quantity>0.000000</in_Quantity.quantity><out_Quantity.quantity>742.003586</out_Quantity.quantity></Point><Point><position>3504</position><in_Quantity.quantity>0.000000</in_Quantity.quantity><out_Quantity.quantity>505.465270</out_Quantity.quantity></Point><Point><position>3505</position><in_Quantity.quantity>0.000000</in_Quantity.quantity><out_Quantity.quantity>586.985562</out_Quantity.quantity></Point><Point><position>3506</position><in_Quantity.quantity>0.000000</in_Quantity.quantity><out_Quantity.quantity>800.673690</out_Quantity.quantity></Point><Point><position>3507</position><in_Quantity.quantity>0.000000</in_Quantity.quantity><out_Quantity.quantity>533.928656</out_Quantity.quantity></Point><Point><position>3508</position><in_Quantity.quantity>0.000000</in_Quantity.quantity><out_Quantity.quantity>767.097029</out_Quantity.quantity></Point><Point><position>3509</position><in_Quantity.quantity>0.000000</in_Quantity.quantity><out_Quantity.quantity>55.026122</out_Quantity.quantity></Point><Point><position>3510</position><in_Quantity.quantity>0.000000</in_Quantity.quantity><out_Quantity.quantity>692.090846</out_Quantity.quantity></Point><Point><position>3511</position><in_Quantity.quantity>0.000000</in_Quantity.quantity><out_Quantity.quantity>191.977010</out_Quantity.quantity></Point><Point><position>3512</position><in_Quantity.quantity>0.000000</in_Quantity.quantity><out_Quantity.quantity>782.424303</out_Quantity.quantity></Point><Point><position>3513</position><in_Quantity.quantity>0.000000</in_Quantity.quantity><out_Quantity.quantity>446.044813</out_Quantity.quantity></Point><Point><position>3514</position><in_Quantity.quantity>0.000000</in_Quantity.quantity><out_Quantity.quantity>554.071511</out_Quantity.quantity></Point><Point><position>3515</position><in_Quantity.quantity>0.000000</in_Quantity.quantity><out_Quantity.quantity>464.511720</out_Quantity.quantity></Point><Point><position>3516</position><in_Quantity.quantity>0.000000</in_Quantity.quantity><out_Quantity.quantity>163.819973</out_Quantity.quantity></Point><Point><position>3517</position><in_Quantity.quantity>0.000000</in_Quantity.quantity><out_Quantity.quantity>205.937188</out_Quantity.quantity></Point><Point><position>3518</position><in_Quantity.quantity>0.000000</in_Quantity.quantity><out_Quantity.quantity>350.771972</out_Quantity.quantity></Point><Point><position>3519</position><in_Quantity.quantity>0.000000</in_Quantity.quantity><out_Quantity.quantity>41.265550</out_Quantity.quantity></Point><Point><position>3520</position><in_Quantity.quantity>0.000000</in_Quantity.quantity><out_Quantity.quantity>992.490218</out_Quantity.quantity></Point><Point><position>3521</position><in_Quantity.quantity>0.000000</in_Quantity.quantity><out_Quantity.quantity>973.037792</out_Quantity.quantity></Point><Point><position>3522</position><in_Quantity.quantity>0.000000</in_Quantity.quantity><out_Quantity.quantity>14.704944</out_Quantity.quantity></Point><Point><position>3523</position><in_Quantity.quantity>0.000000</in_Quantity.quantity><out_Quantity.quantity>768.495120</out_Quantity.quantity></Point><Point><position>3524</position><in_Quantity.quantity>0.000000</in_Quantity.quantity><out_Quantity.quantity>867.265580</out_Quantity.quantity></Point><Point><position>3525</position><in_Quantity.quantity>0.000000</in_Quantity.quantity><out_Quantity.quantity>186.945987</out_Quantity.quantity></Point><Point><position>3526</position><in_Quantity.quantity>0.000000</in_Quantity.quantity><out_Quantity.quantity>972.708878</out_Quantity.quantity></Point><Point><position>3527</position><in_Quantity.quantity>0.000000</in_Quantity.quantity><out_Quantity.quantity>864.378362</out_Quantity.quantity></Point><Point><position>3528</position><in_Quantity.quantity>0.000000</in_Quantity.quantity><out_Quantity.quantity>372.548238</out_Quantity.quantity></Point><Point><position>3529</position><in_Quantity.quantity>0.000000</in_Quantity.quantity><out_Quantity.quantity>183.659670</out_Quantity.quantity></Point><Point><position>3530</position><in_Quantity.quantity>0.000000</in_Quantity.quantity><out_Quantity.quantity>903.549141</out_Quantity.quantity></Point><Point><position>3531</position><in_Quantity.quantity>0.000000</in_Quantity.quantity><out_Quantity.quantity>752.065755</out_Quantity.quantity></Point><Point><position>3532</position><in_Quantity.quantity>0.000000</in_Quantity.quantity><out_Quantity.quantity>95.541906</out_Quantity.quantity></Point><Point><position>3533</position><in_Quantity.quantity>0.000000</in_Quantity.quantity><out_Quantity.quantity>595.837684</out_Quantity.quantity></Point><Point><position>3534</position><in_Quantity.quantity>0.000000</in_Quantity.quantity><out_Quantity.quantity>367.244801</out_Quantity.quantity></Point><Point><position>3535</position><in_Quantity.quantity>0.000000</in_Quantity.quantity><out_Quantity.quantity>711.078044</out_Quantity.quantity></Point><Point><position>3536</position><in_Quantity.quantity>0.000000</in_Quantity.quantity><out_Quantity.quantity>535.940954</out_Quantity.quantity></Point><Point><position>3537</position><in_Quantity.quantity>0.000000</in_Quantity.quantity><out_Quantity.quantity>380.115012</out_Quantity.quantity></Point><Point><position>3538</position><in_Quantity.quantity>0.000000</in_Quantity.quantity><out_Quantity.quantity>134.818011</out_Quantity.quantity></Point><Point><position>3539</position><in_Quantity.quantity>0.000000</in_Quantity.quantity><out_Quantity.quantity>344.651176</out_Quantity.quantity></Point><Point><position>3540</position><in_Quantity.quantity>0.000000</in_Quantity.quantity><out_Quantity.quantity>79.091705</out_Quantity.quantity></Point><Point><position>3541</position><in_Quantity.quantity>0.000000</in_Quantity.quantity><out_Quantity.quantity>266.646774</out_Quantity.quantity></Point><Point><position>3542</position><in_Quantity.quantity>0.000000</in_Quantity.quantity><out_Quantity.quantity>404.781526</out_Quantity.quantity></Point><Point><position>3543</position><in_Quantity.quantity>0.000000</in_Quantity.quantity><out_Quantity.quantity>372.351947</out_Quantity.quantity></Point><Point><position>3544</position><in_Quantity.quantity>0.000000</in_Quantity.quantity><out_Quantity.quantity>302.758067</out_Quantity.quantity></Point><Point><position>3545</position><in_Quantity.quantity>0.000000</in_Quantity.quantity><out_Quantity.quantity>742.305291</out_Quantity.quantity></Point><Point><position>3546</position><in_Quantity.quantity>0.000000</in_Quantity.quantity><out_Quantity.quantity>246.014535</out_Quantity.quantity></Point><Point><position>3547</position><in_Quantity.quantity>0.000000</in_Quantity.quantity><out_Quantity.quantity>344.190359</out_Quantity.quantity></Point><Point><position>3548</position><in_Quantity.quantity>0.000000</in_Quantity.quantity><out_Quantity.quantity>429.560920</out_Quantity.quantity></Point><Point><position>3549</position><in_Quantity.quantity>0.000000</in_Quantity.quantity><out_Quantity.quantity>71.707354</out_Quantity.quantity></Point><Point><position>3550</position><in_Quantity.quantity>0.000000</in_Quantity.quantity><out_Quantity.quantity>535.048684</out_Quantity.quantity></Point><Point><position>3551</position><in_Quantity.quantity>0.000000</in_Quantity.quantity><out_Quantity.quantity>398.886494</out_Quantity.quantity></Point><Point><position>3552</position><in_Quantity.quantity>0.000000</in_Quantity.quantity><out_Quantity.quantity>593.941303</out_Quantity.quantity></Point><Point><position>3553</position><in_Quantity.quantity>0.000000</in_Quantity.quantity><out_Quantity.quantity>730.230360</out_Quantity.quantity></Point><Point><position>3554</position><in_Quantity.quantity>0.000000</in_Quantity.quantity><out_Quantity.quantity>172.512997</out_Quantity.quantity></Point><Point><position>3555</position><in_Quantity.quantity>0.000000</in_Quantity.quantity><out_Quantity.quantity>616.851471</out_Quantity.quantity></Point><Point><position>3556</position><in_Quantity.quantity>0.000000</in_Quantity.quantity><out_Quantity.quantity>56.031880</out_Quantity.quantity></Point><Point><position>3557</position><in_Quantity.quantity>0.000000</in_Quantity.quantity><out_Quantity.quantity>261.825434</out_Quantity.quantity></Point><Point><position>3558</position><in_Quantity.quantity>0.000000</in_Quantity.quantity><out_Quantity.quantity>922.859196</out_Quantity.quantity></Point><Point><position>3559</position><in_Quantity.quantity>0.000000</in_Quantity.quantity><out_Quantity.quantity>634.960283</out_Quantity.quantity></Point><Point><position>3560</position><in_Quantity.quantity>0.000000</in_Quantity.quantity><out_Quantity.quantity>272.032164</out_Quantity.quantity></Point><Point><position>3561</position><in_Quantity.quantity>0.000000</in_Quantity.quantity><out_Quantity.quantity>525.868960</out_Quantity.quantity></Point><Point><position>3562</position><in_Quantity.quantity>0.000000</in_Quantity.quantity><out_Quantity.quantity>739.975160</out_Quantity.quantity></Point><Point><position>3563</position><in_Quantity.quantity>0.000000</in_Quantity.quantity><out_Quantity.quantity>134.075268</out_Quantity.quantity></Point><Point><position>3564</position><in_Quantity.quantity>0.000000</in_Quantity.quantity><out_Quantity.quantity>903.588967</out_Quantity.quantity></Point><Point><position>3565</position><in_Quantity.quantity>0.000000</in_Quantity.quantity><out_Quantity.quantity>405.213136</out_Quantity.quantity></Point><Point><position>3566</position><in_Quantity.quantity>0.000000</in_Quantity.quantity><out_Quantity.quantity>453.069733</out_Quantity.quantity></Point><Point><position>3567</position><in_Quantity.quantity>0.000000</in_Quantity.quantity><out_Quantity.quantity>202.233039</out_Quantity.quantity></Point><Point><position>3568</position><in_Quantity.quantity>0.000000</in_Quantity.quantity><out_Quantity.quantity>849.007671</out_Quantity.quantity></Point><Point><position>3569</position><in_Quantity.quantity>0.000000</in_Quantity.quantity><out_Quantity.quantity>334.317599</out_Quantity.quantity></Point><Point><position>3570</position><in_Quantity.quantity>0.000000</in_Quantity.quantity><out_Quantity.quantity>471.284309</out_Quantity.quantity></Point><Point><position>3571</position><in_Quantity.quantity>0.000000</in_Quantity.quantity><out_Quantity.quantity>367.849032</out_Quantity.quantity></Point><Point><position>3572</position><in_Quantity.quantity>0.000000</in_Quantity.quantity><out_Quantity.quantity>251.980801</out_Quantity.quantity></Point><Point><position>3573</position><in_Quantity.quantity>0.000000</in_Quantity.quantity><out_Quantity.quantity>942.330180</out_Quantity.quantity></Point><Point><position>3574</position><in_Quantity.quantity>0.000000</in_Quantity.quantity><out_Quantity.quantity>638.012640</out_Quantity.quantity></Point><Point><position>3575</position><in_Quantity.quantity>0.000000</in_Quantity.quantity><out_Quantity.quantity>407.689539</out_Quantity.quantity></Point><Point><position>3576</position><in_Quantity.quantity>0.000000</in_Quantity.quantity><out_Quantity.quantity>176.350586</out_Quantity.quantity></Point><Point><position>3577</position><in_Quantity.quantity>0.000000</in_Quantity.quantity><out_Quantity.quantity>579.985865</out_Quantity.quantity></Point><Point><position>3578</position><in_Quantity.quantity>0.000000</in_Quantity.quantity><out_Quantity.quantity>837.463627</out_Quantity.quantity></Point><Point><position>3579</position><in_Quantity.quantity>0.000000</in_Quantity.quantity><out_Quantity.quantity>960.977959</out_Quantity.quantity></Point><Point><position>3580</position><in_Quantity.quantity>0.000000</in_Quantity.quantity><out_Quantity.quantity>564.295610</out_Quantity.quantity></Point><Point><position>3581</position><in_Quantity.quantity>0.000000</in_Quantity.quantity><out_Quantity.quantity>146.324487</out_Quantity.quantity></Point><Point><position>3582</position><in_Quantity.quantity>0.000000</in_Quantity.quantity><out_Quantity.quantity>915.578692</out_Quantity.quantity></Point><Point><position>3583</position><in_Quantity.quantity>0.000000</in_Quantity.quantity><out_Quantity.quantity>150.260517</out_Quantity.quantity></Point><Point><position>3584</position><in_Quantity.quantity>0.000000</in_Quantity.quantity><out_Quantity.quantity>608.585315</out_Quantity.quantity></Point><Point><position>3585</position><in_Quantity.quantity>0.000000</in_Quantity.quantity><out_Quantity.quantity>581.231198</out_Quantity.quantity></Point><Point><position>3586</position><in_Quantity.quantity>0.000000</in_Quantity.quantity><out_Quantity.quantity>56.184782</out_Quantity.quantity></Point><Point><position>3587</position><in_Quantity.quantity>0.000000</in_Quantity.quantity><out_Quantity.quantity>570.430594</out_Quantity.quantity></Point><Point><position>3588</position><in_Quantity.quantity>0.000000</in_Quantity.quantity><out_Quantity.quantity>957.564012</out_Quantity.quantity></Point><Point><position>3589</position><in_Quantity.quantity>0.000000</in_Quantity.quantity><out_Quantity.quantity>132.866928</out_Quantity.quantity></Point><Point><position>3590</position><in_Quantity.quantity>0.000000</in_Quantity.quantity><out_Quantity.quantity>568.950016</out_Quantity.quantity></Point><Point><position>3591</position><in_Quantity.quantity>0.000000</in_Quantity.quantity><out_Quantity.quantity>742.785447</out_Quantity.quantity></Point><Point><position>3592</position><in_Quantity.quantity>0.000000</in_Quantity.quantity><out_Quantity.quantity>590.231373</out_Quantity.quantity></Point><Point><position>3593</position><in_Quantity.quantity>0.000000</in_Quantity.quantity><out_Quantity.quantity>830.478764</out_Quantity.quantity></Point><Point><position>3594</position><in_Quantity.quantity>0.000000</in_Quantity.quantity><out_Quantity.quantity>700.101810</out_Quantity.quantity></Point><Point><position>3595</position><in_Quantity.quantity>0.000000</in_Quantity.quantity><out_Quantity.quantity>857.780746</out_Quantity.quantity></Point><Point><position>3596</position><in_Quantity.quantity>0.000000</in_Quantity.quantity><out_Quantity.quantity>906.512802</out_Quantity.quantity></Point><Point><position>3597</position><in_Quantity.quantity>0.000000</in_Quantity.quantity><out_Quantity.quantity>754.931449</out_Quantity.quantity></Point><Point><position>3598</position><in_Quantity.quantity>0.000000</in_Quantity.quantity><out_Quantity.quantity>382.016465</out_Quantity.quantity></Point><Point><position>3599</position><in_Quantity.quantity>0.000000</in_Quantity.quantity><out_Quantity.quantity>911.305781</out_Quantity.quantity></Point><Point><position>3600</position><in_Quantity.quantity>0.000000</in_Quantity.quantity><out_Quantity.quantity>104.302691</out_Quantity.quantity></Point><Point><position>3601</position><in_Quantity.quantity>0.000000</in_Quantity.quantity><out_Quantity.quantity>516.510512</out_Quantity.quantity></Point><Point><position>3602</position><in_Quantity.quantity>0.000000</in_Quantity.quantity><out_Quantity.quantity>862.949180</out_Quantity.quantity></Point><Point><position>3603</position><in_Quantity.quantity>0.000000</in_Quantity.quantity><out_Quantity.quantity>537.864728</out_Quantity.quantity></Point><Point><position>3604</position><in_Quantity.quantity>0.000000</in_Quantity.quantity><out_Quantity.quantity>390.944407</out_Quantity.quantity></Point><Point><position>3605</position><in_Quantity.quantity>0.000000</in_Quantity.quantity><out_Quantity.quantity>453.723257</out_Quantity.quantity></Point><Point><position>3606</position><in_Quantity.quantity>0.000000</in_Quantity.quantity><out_Quantity.quantity>562.399316</out_Quantity.quantity></Point><Point><position>3607</position><in_Quantity.quantity>0.000000</in_Quantity.quantity><out_Quantity.quantity>823.224509</out_Quantity.quantity></Point><Point><position>3608</position><in_Quantity.quantity>0.000000</in_Quantity.quantity><out_Quantity.quantity>150.526694</out_Quantity.quantity></Point><Point><position>3609</position><in_Quantity.quantity>0.000000</in_Quantity.quantity><out_Quantity.quantity>705.745394</out_Quantity.quantity></Point><Point><position>3610</position><in_Quantity.quantity>0.000000</in_Quantity.quantity><out_Quantity.quantity>587.861536</out_Quantity.quantity></Point><Point><position>3611</position><in_Quantity.quantity>0.000000</in_Quantity.quantity><out_Quantity.quantity>304.613393</out_Quantity.quantity></Point><Point><position>3612</position><in_Quantity.quantity>0.000000</in_Quantity.quantity><out_Quantity.quantity>808.094891</out_Quantity.quantity></Point><Point><position>3613</position><in_Quantity.quantity>0.000000</in_Quantity.quantity><out_Quantity.quantity>128.424090</out_Quantity.quantity></Point><Point><position>3614</position><in_Quantity.quantity>0.000000</in_Quantity.quantity><out_Quantity.quantity>781.784425</out_Quantity.quantity></Point><Point><position>3615</position><in_Quantity.quantity>0.000000</in_Quantity.quantity><out_Quantity.quantity>357.043318</out_Quantity.quantity></Point><Point><position>3616</position><in_Quantity.quantity>0.000000</in_Quantity.quantity><out_Quantity.quantity>225.490842</out_Quantity.quantity></Point><Point><position>3617</position><in_Quantity.quantity>0.000000</in_Quantity.quantity><out_Quantity.quantity>897.189974</out_Quantity.quantity></Point><Point><position>3618</position><in_Quantity.quantity>0.000000</in_Quantity.quantity><out_Quantity.quantity>629.487540</out_Quantity.quantity></Point><Point><position>3619</position><in_Quantity.quantity>0.000000</in_Quantity.quantity><out_Quantity.quantity>539.882993</out_Quantity.quantity></Point><Point><position>3620</position><in_Quantity.quantity>0.000000</in_Quantity.quantity><out_Quantity.quantity>867.711757</out_Quantity.quantity></Point><Point><position>3621</position><in_Quantity.quantity>0.000000</in_Quantity.quantity><out_Quantity.quantity>571.282467</out_Quantity.quantity></Point><Point><position>3622</position><in_Quantity.quantity>0.000000</in_Quantity.quantity><out_Quantity.quantity>947.727827</out_Quantity.quantity></Point><Point><position>3623</position><in_Quantity.quantity>0.000000</in_Quantity.quantity><out_Quantity.quantity>729.166571</out_Quantity.quantity></Point><Point><position>3624</position><in_Quantity.quantity>0.000000</in_Quantity.quantity><out_Quantity.quantity>495.445890</out_Quantity.quantity></Point><Point><position>3625</position><in_Quantity.quantity>0.000000</in_Quantity.quantity><out_Quantity.quantity>296.213915</out_Quantity.quantity></Point><Point><position>3626</position><in_Quantity.quantity>0.000000</in_Quantity.quantity><out_Quantity.quantity>320.290832</out_Quantity.quantity></Point><Point><position>3627</position><in_Quantity.quantity>0.000000</in_Quantity.quantity><out_Quantity.quantity>456.225309</out_Quantity.quantity></Point><Point><position>3628</position><in_Quantity.quantity>0.000000</in_Quantity.quantity><out_Quantity.quantity>551.214524</out_Quantity.quantity></Point><Point><position>3629</position><in_Quantity.quantity>0.000000</in_Quantity.quantity><out_Quantity.quantity>66.625034</out_Quantity.quantity></Point><Point><position>3630</position><in_Quantity.quantity>0.000000</in_Quantity.quantity><out_Quantity.quantity>490.910508</out_Quantity.quantity></Point><Point><position>3631</position><in_Quantity.quantity>0.000000</in_Quantity.quantity><out_Quantity.quantity>674.855337</out_Quantity.quantity></Point><Point><position>3632</position><in_Quantity.quantity>0.000000</in_Quantity.quantity><out_Quantity.quantity>263.725410</out_Quantity.quantity></Point><Point><position>3633</position><in_Quantity.quantity>0.000000</in_Quantity.quantity><out_Quantity.quantity>975.746777</out_Quantity.quantity></Point><Point><position>3634</position><in_Quantity.quantity>0.000000</in_Quantity.quantity><out_Quantity.quantity>124.235580</out_Quantity.quantity></Point><Point><position>3635</position><in_Quantity.quantity>0.000000</in_Quantity.quantity><out_Quantity.quantity>618.020501</out_Quantity.quantity></Point><Point><position>3636</position><in_Quantity.quantity>0.000000</in_Quantity.quantity><out_Quantity.quantity>340.548653</out_Quantity.quantity></Point><Point><position>3637</position><in_Quantity.quantity>0.000000</in_Quantity.quantity><out_Quantity.quantity>156.351806</out_Quantity.quantity></Point><Point><position>3638</position><in_Quantity.quantity>0.000000</in_Quantity.quantity><out_Quantity.quantity>436.773353</out_Quantity.quantity></Point><Point><position>3639</position><in_Quantity.quantity>0.000000</in_Quantity.quantity><out_Quantity.quantity>451.675812</out_Quantity.quantity></Point><Point><position>3640</position><in_Quantity.quantity>0.000000</in_Quantity.quantity><out_Quantity.quantity>681.635604</out_Quantity.quantity></Point><Point><position>3641</position><in_Quantity.quantity>0.000000</in_Quantity.quantity><out_Quantity.quantity>762.066965</out_Quantity.quantity></Point><Point><position>3642</position><in_Quantity.quantity>0.000000</in_Quantity.quantity><out_Quantity.quantity>336.886836</out_Quantity.quantity></Point><Point><position>3643</position><in_Quantity.quantity>0.000000</in_Quantity.quantity><out_Quantity.quantity>356.605005</out_Quantity.quantity></Point><Point><position>3644</position><in_Quantity.quantity>0.000000</in_Quantity.quantity><out_Quantity.quantity>69.084361</out_Quantity.quantity></Point><Point><position>3645</position><in_Quantity.quantity>0.000000</in_Quantity.quantity><out_Quantity.quantity>374.461649</out_Quantity.quantity></Point><Point><position>3646</position><in_Quantity.quantity>0.000000</in_Quantity.quantity><out_Quantity.quantity>244.616950</out_Quantity.quantity></Point><Point><position>3647</position><in_Quantity.quantity>0.000000</in_Quantity.quantity><out_Quantity.quantity>643.996628</out_Quantity.quantity></Point><Point><position>3648</position><in_Quantity.quantity>0.000000</in_Quantity.quantity><out_Quantity.quantity>19.288738</out_Quantity.quantity></Point><Point><position>3649</position><in_Quantity.quantity>0.000000</in_Quantity.quantity><out_Quantity.quantity>312.209390</out_Quantity.quantity></Point><Point><position>3650</position><in_Quantity.quantity>0.000000</in_Quantity.quantity><out_Quantity.quantity>335.858634</out_Quantity.quantity></Point><Point><position>3651</position><in_Quantity.quantity>0.000000</in_Quantity.quantity><out_Quantity.quantity>356.496640</out_Quantity.quantity></Point><Point><position>3652</position><in_Quantity.quantity>0.000000</in_Quantity.quantity><out_Quantity.quantity>360.076701</out_Quantity.quantity></Point><Point><position>3653</position><in_Quantity.quantity>0.000000</in_Quantity.quantity><out_Quantity.quantity>814.984045</out_Quantity.quantity></Point><Point><position>3654</position><in_Quantity.quantity>0.000000</in_Quantity.quantity><out_Quantity.quantity>309.851121</out_Quantity.quantity></Point><Point><position>3655</position><in_Quantity.quantity>0.000000</in_Quantity.quantity><out_Quantity.quantity>174.035394</out_Quantity.quantity></Point><Point><position>3656</position><in_Quantity.quantity>0.000000</in_Quantity.quantity><out_Quantity.quantity>941.646224</out_Quantity.quantity></Point><Point><position>3657</position><in_Quantity.quantity>0.000000</in_Quantity.quantity><out_Quantity.quantity>100.010915</out_Quantity.quantity></Point><Point><position>3658</position><in_Quantity.quantity>0.000000</in_Quantity.quantity><out_Quantity.quantity>276.531744</out_Quantity.quantity></Point><Point><position>3659</position><in_Quantity.quantity>0.000000</in_Quantity.quantity><out_Quantity.quantity>373.336238</out_Quantity.quantity></Point><Point><position>3660</position><in_Quantity.quantity>0.000000</in_Quantity.quantity><out_Quantity.quantity>245.098815</out_Quantity.quantity></Point><Point><position>3661</position><in_Quantity.quantity>0.000000</in_Quantity.quantity><out_Quantity.quantity>198.753434</out_Quantity.quantity></Point><Point><position>3662</position><in_Quantity.quantity>0.000000</in_Quantity.quantity><out_Quantity.quantity>272.413400</out_Quantity.quantity></Point><Point><position>3663</position><in_Quantity.quantity>0.000000</in_Quantity.quantity><out_Quantity.quantity>790.709341</out_Quantity.quantity></Point><Point><position>3664</position><in_Quantity.quantity>0.000000</in_Quantity.quantity><out_Quantity.quantity>15.598325</out_Quantity.quantity></Point><Point><position>3665</position><in_Quantity.quantity>0.000000</in_Quantity.quantity><out_Quantity.quantity>456.512436</out_Quantity.quantity></Point><Point><position>3666</position><in_Quantity.quantity>0.000000</in_Quantity.quantity><out_Quantity.quantity>333.392476</out_Quantity.quantity></Point><Point><position>3667</position><in_Quantity.quantity>0.000000</in_Quantity.quantity><out_Quantity.quantity>341.400030</out_Quantity.quantity></Point><Point><position>3668</position><in_Quantity.quantity>0.000000</in_Quantity.quantity><out_Quantity.quantity>861.299844</out_Quantity.quantity></Point><Point><position>3669</position><in_Quantity.quantity>0.000000</in_Quantity.quantity><out_Quantity.quantity>680.560527</out_Quantity.quantity></Point><Point><position>3670</position><in_Quantity.quantity>0.000000</in_Quantity.quantity><out_Quantity.quantity>298.644639</out_Quantity.quantity></Point><Point><position>3671</position><in_Quantity.quantity>0.000000</in_Quantity.quantity><out_Quantity.quantity>986.758217</out_Quantity.quantity></Point><Point><position>3672</position><in_Quantity.quantity>0.000000</in_Quantity.quantity><out_Quantity.quantity>243.187322</out_Quantity.quantity></Point><Point><position>3673</position><in_Quantity.quantity>0.000000</in_Quantity.quantity><out_Quantity.quantity>691.719450</out_Quantity.quantity></Point><Point><position>3674</position><in_Quantity.quantity>0.000000</in_Quantity.quantity><out_Quantity.quantity>499.198628</out_Quantity.quantity></Point><Point><position>3675</position><in_Quantity.quantity>0.000000</in_Quantity.quantity><out_Quantity.quantity>869.702996</out_Quantity.quantity></Point><Point><position>3676</position><in_Quantity.quantity>0.000000</in_Quantity.quantity><out_Quantity.quantity>966.915210</out_Quantity.quantity></Point><Point><position>3677</position><in_Quantity.quantity>0.000000</in_Quantity.quantity><out_Quantity.quantity>977.964389</out_Quantity.quantity></Point><Point><position>3678</position><in_Quantity.quantity>0.000000</in_Quantity.quantity><out_Quantity.quantity>247.308560</out_Quantity.quantity></Point><Point><position>3679</position><in_Quantity.quantity>0.000000</in_Quantity.quantity><out_Quantity.quantity>503.774530</out_Quantity.quantity></Point><Point><position>3680</position><in_Quantity.quantity>0.000000</in_Quantity.quantity><out_Quantity.quantity>489.143443</out_Quantity.quantity></Point><Point><position>3681</position><in_Quantity.quantity>0.000000</in_Quantity.quantity><out_Quantity.quantity>82.530126</out_Quantity.quantity></Point><Point><position>3682</position><in_Quantity.quantity>0.000000</in_Quantity.quantity><out_Quantity.quantity>89.010659</out_Quantity.quantity></Point><Point><position>3683</position><in_Quantity.quantity>0.000000</in_Quantity.quantity><out_Quantity.quantity>943.937700</out_Quantity.quantity></Point><Point><position>3684</position><in_Quantity.quantity>0.000000</in_Quantity.quantity><out_Quantity.quantity>329.643832</out_Quantity.quantity></Point><Point><position>3685</position><in_Quantity.quantity>0.000000</in_Quantity.quantity><out_Quantity.quantity>406.143513</out_Quantity.quantity></Point><Point><position>3686</position><in_Quantity.quantity>0.000000</in_Quantity.quantity><out_Quantity.quantity>824.924858</out_Quantity.quantity></Point><Point><position>3687</position><in_Quantity.quantity>0.000000</in_Quantity.quantity><out_Quantity.quantity>556.108595</out_Quantity.quantity></Point><Point><position>3688</position><in_Quantity.quantity>0.000000</in_Quantity.quantity><out_Quantity.quantity>584.671151</out_Quantity.quantity></Point><Point><position>3689</position><in_Quantity.quantity>0.000000</in_Quantity.quantity><out_Quantity.quantity>734.175567</out_Quantity.quantity></Point><Point><position>3690</position><in_Quantity.quantity>0.000000</in_Quantity.quantity><out_Quantity.quantity>870.660358</out_Quantity.quantity></Point><Point><position>3691</position><in_Quantity.quantity>0.000000</in_Quantity.quantity><out_Quantity.quantity>103.627875</out_Quantity.quantity></Point><Point><position>3692</position><in_Quantity.quantity>0.000000</in_Quantity.quantity><out_Quantity.quantity>567.165671</out_Quantity.quantity></Point><Point><position>3693</position><in_Quantity.quantity>0.000000</in_Quantity.quantity><out_Quantity.quantity>645.528831</out_Quantity.quantity></Point><Point><position>3694</position><in_Quantity.quantity>0.000000</in_Quantity.quantity><out_Quantity.quantity>178.665522</out_Quantity.quantity></Point><Point><position>3695</position><in_Quantity.quantity>0.000000</in_Quantity.quantity><out_Quantity.quantity>381.786201</out_Quantity.quantity></Point><Point><position>3696</position><in_Quantity.quantity>0.000000</in_Quantity.quantity><out_Quantity.quantity>425.380029</out_Quantity.quantity></Point><Point><position>3697</position><in_Quantity.quantity>0.000000</in_Quantity.quantity><out_Quantity.quantity>245.656999</out_Quantity.quantity></Point><Point><position>3698</position><in_Quantity.quantity>0.000000</in_Quantity.quantity><out_Quantity.quantity>446.319707</out_Quantity.quantity></Point><Point><position>3699</position><in_Quantity.quantity>0.000000</in_Quantity.quantity><out_Quantity.quantity>836.802697</out_Quantity.quantity></Point><Point><position>3700</position><in_Quantity.quantity>0.000000</in_Quantity.quantity><out_Quantity.quantity>843.771333</out_Quantity.quantity></Point><Point><position>3701</position><in_Quantity.quantity>0.000000</in_Quantity.quantity><out_Quantity.quantity>590.116119</out_Quantity.quantity></Point><Point><position>3702</position><in_Quantity.quantity>0.000000</in_Quantity.quantity><out_Quantity.quantity>453.222170</out_Quantity.quantity></Point><Point><position>3703</position><in_Quantity.quantity>0.000000</in_Quantity.quantity><out_Quantity.quantity>88.101389</out_Quantity.quantity></Point><Point><position>3704</position><in_Quantity.quantity>0.000000</in_Quantity.quantity><out_Quantity.quantity>545.521623</out_Quantity.quantity></Point><Point><position>3705</position><in_Quantity.quantity>0.000000</in_Quantity.quantity><out_Quantity.quantity>381.332560</out_Quantity.quantity></Point><Point><position>3706</position><in_Quantity.quantity>0.000000</in_Quantity.quantity><out_Quantity.quantity>42.288587</out_Quantity.quantity></Point><Point><position>3707</position><in_Quantity.quantity>0.000000</in_Quantity.quantity><out_Quantity.quantity>637.576950</out_Quantity.quantity></Point><Point><position>3708</position><in_Quantity.quantity>0.000000</in_Quantity.quantity><out_Quantity.quantity>323.826055</out_Quantity.quantity></Point><Point><position>3709</position><in_Quantity.quantity>0.000000</in_Quantity.quantity><out_Quantity.quantity>174.282093</out_Quantity.quantity></Point><Point><position>3710</position><in_Quantity.quantity>0.000000</in_Quantity.quantity><out_Quantity.quantity>941.406307</out_Quantity.quantity></Point><Point><position>3711</position><in_Quantity.quantity>0.000000</in_Quantity.quantity><out_Quantity.quantity>999.668473</out_Quantity.quantity></Point><Point><position>3712</position><in_Quantity.quantity>0.000000</in_Quantity.quantity><out_Quantity.quantity>135.665000</out_Quantity.quantity></Point><Point><position>3713</position><in_Quantity.quantity>0.000000</in_Quantity.quantity><out_Quantity.quantity>198.602142</out_Quantity.quantity></Point><Point><position>3714</position><in_Quantity.quantity>0.000000</in_Quantity.quantity><out_Quantity.quantity>744.188154</out_Quantity.quantity></Point><Point><position>3715</position><in_Quantity.quantity>0.000000</in_Quantity.quantity><out_Quantity.quantity>530.998118</out_Quantity.quantity></Point><Point><position>3716</position><in_Quantity.quantity>0.000000</in_Quantity.quantity><out_Quantity.quantity>375.802422</out_Quantity.quantity></Point><Point><position>3717</position><in_Quantity.quantity>0.000000</in_Quantity.quantity><out_Quantity.quantity>371.333953</out_Quantity.quantity></Point><Point><position>3718</position><in_Quantity.quantity>0.000000</in_Quantity.quantity><out_Quantity.quantity>734.719169</out_Quantity.quantity></Point><Point><position>3719</position><in_Quantity.quantity>0.000000</in_Quantity.quantity><out_Quantity.quantity>325.381104</out_Quantity.quantity></Point><Point><position>3720</position><in_Quantity.quantity>0.000000</in_Quantity.quantity><out_Quantity.quantity>996.953481</out_Quantity.quantity></Point><Point><position>3721</position><in_Quantity.quantity>0.000000</in_Quantity.quantity><out_Quantity.quantity>995.793915</out_Quantity.quantity></Point><Point><position>3722</position><in_Quantity.quantity>0.000000</in_Quantity.quantity><out_Quantity.quantity>13.199004</out_Quantity.quantity></Point><Point><position>3723</position><in_Quantity.quantity>0.000000</in_Quantity.quantity><out_Quantity.quantity>605.536516</out_Quantity.quantity></Point><Point><position>3724</position><in_Quantity.quantity>0.000000</in_Quantity.quantity><out_Quantity.quantity>712.636737</out_Quantity.quantity></Point><Point><position>3725</position><in_Quantity.quantity>0.000000</in_Quantity.quantity><out_Quantity.quantity>579.937501</out_Quantity.quantity></Point><Point><position>3726</position><in_Quantity.quantity>0.000000</in_Quantity.quantity><out_Quantity.quantity>141.684754</out_Quantity.quantity></Point><Point><position>3727</position><in_Quantity.quantity>0.000000</in_Quantity.quantity><out_Quantity.quantity>580.302845</out_Quantity.quantity></Point><Point><position>3728</position><in_Quantity.quantity>0.000000</in_Quantity.quantity><out_Quantity.quantity>480.136593</out_Quantity.quantity></Point><Point><position>3729</position><in_Quantity.quantity>0.000000</in_Quantity.quantity><out_Quantity.quantity>944.030678</out_Quantity.quantity></Point><Point><position>3730</position><in_Quantity.quantity>0.000000</in_Quantity.quantity><out_Quantity.quantity>588.268946</out_Quantity.quantity></Point><Point><position>3731</position><in_Quantity.quantity>0.000000</in_Quantity.quantity><out_Quantity.quantity>162.651814</out_Quantity.quantity></Point><Point><position>3732</position><in_Quantity.quantity>0.000000</in_Quantity.quantity><out_Quantity.quantity>627.779249</out_Quantity.quantity></Point><Point><position>3733</position><in_Quantity.quantity>0.000000</in_Quantity.quantity><out_Quantity.quantity>293.940003</out_Quantity.quantity></Point><Point><position>3734</position><in_Quantity.quantity>0.000000</in_Quantity.quantity><out_Quantity.quantity>457.807205</out_Quantity.quantity></Point><Point><position>3735</position><in_Quantity.quantity>0.000000</in_Quantity.quantity><out_Quantity.quantity>88.682753</out_Quantity.quantity></Point><Point><position>3736</position><in_Quantity.quantity>0.000000</in_Quantity.quantity><out_Quantity.quantity>355.750043</out_Quantity.quantity></Point><Point><position>3737</position><in_Quantity.quantity>0.000000</in_Quantity.quantity><out_Quantity.quantity>101.917410</out_Quantity.quantity></Point><Point><position>3738</position><in_Quantity.quantity>0.000000</in_Quantity.quantity><out_Quantity.quantity>995.849356</out_Quantity.quantity></Point><Point><position>3739</position><in_Quantity.quantity>0.000000</in_Quantity.quantity><out_Quantity.quantity>99.710965</out_Quantity.quantity></Point><Point><position>3740</position><in_Quantity.quantity>0.000000</in_Quantity.quantity><out_Quantity.quantity>808.741673</out_Quantity.quantity></Point><Point><position>3741</position><in_Quantity.quantity>0.000000</in_Quantity.quantity><out_Quantity.quantity>434.371350</out_Quantity.quantity></Point><Point><position>3742</position><in_Quantity.quantity>0.000000</in_Quantity.quantity><out_Quantity.quantity>474.159084</out_Quantity.quantity></Point><Point><position>3743</position><in_Quantity.quantity>0.000000</in_Quantity.quantity><out_Quantity.quantity>913.595801</out_Quantity.quantity></Point><Point><position>3744</position><in_Quantity.quantity>0.000000</in_Quantity.quantity><out_Quantity.quantity>134.995648</out_Quantity.quantity></Point><Point><position>3745</position><in_Quantity.quantity>0.000000</in_Quantity.quantity><out_Quantity.quantity>441.205515</out_Quantity.quantity></Point><Point><position>3746</position><in_Quantity.quantity>0.000000</in_Quantity.quantity><out_Quantity.quantity>122.060730</out_Quantity.quantity></Point><Point><position>3747</position><in_Quantity.quantity>0.000000</in_Quantity.quantity><out_Quantity.quantity>941.326517</out_Quantity.quantity></Point><Point><position>3748</position><in_Quantity.quantity>0.000000</in_Quantity.quantity><out_Quantity.quantity>654.183693</out_Quantity.quantity></Point><Point><position>3749</position><in_Quantity.quantity>0.000000</in_Quantity.quantity><out_Quantity.quantity>231.111179</out_Quantity.quantity></Point><Point><position>3750</position><in_Quantity.quantity>0.000000</in_Quantity.quantity><out_Quantity.quantity>417.604004</out_Quantity.quantity></Point><Point><position>3751</position><in_Quantity.quantity>0.000000</in_Quantity.quantity><out_Quantity.quantity>617.110321</out_Quantity.quantity></Point><Point><position>3752</position><in_Quantity.quantity>0.000000</in_Quantity.quantity><out_Quantity.quantity>991.315251</out_Quantity.quantity></Point><Point><position>3753</position><in_Quantity.quantity>0.000000</in_Quantity.quantity><out_Quantity.quantity>805.882361</out_Quantity.quantity></Point><Point><position>3754</position><in_Quantity.quantity>0.000000</in_Quantity.quantity><out_Quantity.quantity>818.857708</out_Quantity.quantity></Point><Point><position>3755</position><in_Quantity.quantity>0.000000</in_Quantity.quantity><out_Quantity.quantity>803.892207</out_Quantity.quantity></Point><Point><position>3756</position><in_Quantity.quantity>0.000000</in_Quantity.quantity><out_Quantity.quantity>650.501891</out_Quantity.quantity></Point><Point><position>3757</position><in_Quantity.quantity>0.000000</in_Quantity.quantity><out_Quantity.quantity>221.794708</out_Quantity.quantity></Point><Point><position>3758</position><in_Quantity.quantity>0.000000</in_Quantity.quantity><out_Quantity.quantity>605.998501</out_Quantity.quantity></Point><Point><position>3759</position><in_Quantity.quantity>0.000000</in_Quantity.quantity><out_Quantity.quantity>763.244898</out_Quantity.quantity></Point><Point><position>3760</position><in_Quantity.quantity>0.000000</in_Quantity.quantity><out_Quantity.quantity>521.085023</out_Quantity.quantity></Point><Point><position>3761</position><in_Quantity.quantity>0.000000</in_Quantity.quantity><out_Quantity.quantity>157.857605</out_Quantity.quantity></Point><Point><position>3762</position><in_Quantity.quantity>0.000000</in_Quantity.quantity><out_Quantity.quantity>736.022026</out_Quantity.quantity></Point><Point><position>3763</position><in_Quantity.quantity>0.000000</in_Quantity.quantity><out_Quantity.quantity>364.064997</out_Quantity.quantity></Point><Point><position>3764</position><in_Quantity.quantity>0.000000</in_Quantity.quantity><out_Quantity.quantity>178.517869</out_Quantity.quantity></Point><Point><position>3765</position><in_Quantity.quantity>0.000000</in_Quantity.quantity><out_Quantity.quantity>379.578557</out_Quantity.quantity></Point><Point><position>3766</position><in_Quantity.quantity>0.000000</in_Quantity.quantity><out_Quantity.quantity>408.198048</out_Quantity.quantity></Point><Point><position>3767</position><in_Quantity.quantity>0.000000</in_Quantity.quantity><out_Quantity.quantity>70.673695</out_Quantity.quantity></Point><Point><position>3768</position><in_Quantity.quantity>0.000000</in_Quantity.quantity><out_Quantity.quantity>464.276212</out_Quantity.quantity></Point><Point><position>3769</position><in_Quantity.quantity>0.000000</in_Quantity.quantity><out_Quantity.quantity>161.341680</out_Quantity.quantity></Point><Point><position>3770</position><in_Quantity.quantity>0.000000</in_Quantity.quantity><out_Quantity.quantity>963.405868</out_Quantity.quantity></Point><Point><position>3771</position><in_Quantity.quantity>0.000000</in_Quantity.quantity><out_Quantity.quantity>348.160758</out_Quantity.quantity></Point><Point><position>3772</position><in_Quantity.quantity>0.000000</in_Quantity.quantity><out_Quantity.quantity>498.168184</out_Quantity.quantity></Point><Point><position>3773</position><in_Quantity.quantity>0.000000</in_Quantity.quantity><out_Quantity.quantity>913.397167</out_Quantity.quantity></Point><Point><position>3774</position><in_Quantity.quantity>0.000000</in_Quantity.quantity><out_Quantity.quantity>536.896477</out_Quantity.quantity></Point><Point><position>3775</position><in_Quantity.quantity>0.000000</in_Quantity.quantity><out_Quantity.quantity>885.486895</out_Quantity.quantity></Point><Point><position>3776</position><in_Quantity.quantity>0.000000</in_Quantity.quantity><out_Quantity.quantity>525.450673</out_Quantity.quantity></Point><Point><position>3777</position><in_Quantity.quantity>0.000000</in_Quantity.quantity><out_Quantity.quantity>788.899552</out_Quantity.quantity></Point><Point><position>3778</position><in_Quantity.quantity>0.000000</in_Quantity.quantity><out_Quantity.quantity>57.964763</out_Quantity.quantity></Point><Point><position>3779</position><in_Quantity.quantity>0.000000</in_Quantity.quantity><out_Quantity.quantity>624.006997</out_Quantity.quantity></Point><Point><position>3780</position><in_Quantity.quantity>0.000000</in_Quantity.quantity><out_Quantity.quantity>270.748643</out_Quantity.quantity></Point><Point><position>3781</position><in_Quantity.quantity>0.000000</in_Quantity.quantity><out_Quantity.quantity>508.228113</out_Quantity.quantity></Point><Point><position>3782</position><in_Quantity.quantity>0.000000</in_Quantity.quantity><out_Quantity.quantity>841.305402</out_Quantity.quantity></Point><Point><position>3783</position><in_Quantity.quantity>0.000000</in_Quantity.quantity><out_Quantity.quantity>936.841435</out_Quantity.quantity></Point><Point><position>3784</position><in_Quantity.quantity>0.000000</in_Quantity.quantity><out_Quantity.quantity>392.213379</out_Quantity.quantity></Point><Point><position>3785</position><in_Quantity.quantity>0.000000</in_Quantity.quantity><out_Quantity.quantity>451.635341</out_Quantity.quantity></Point><Point><position>3786</position><in_Quantity.quantity>0.000000</in_Quantity.quantity><out_Quantity.quantity>838.697502</out_Quantity.quantity></Point><Point><position>3787</position><in_Quantity.quantity>0.000000</in_Quantity.quantity><out_Quantity.quantity>234.689482</out_Quantity.quantity></Point><Point><position>3788</position><in_Quantity.quantity>0.000000</in_Quantity.quantity><out_Quantity.quantity>279.985053</out_Quantity.quantity></Point><Point><position>3789</position><in_Quantity.quantity>0.000000</in_Quantity.quantity><out_Quantity.quantity>509.644481</out_Quantity.quantity></Point><Point><position>3790</position><in_Quantity.quantity>0.000000</in_Quantity.quantity><out_Quantity.quantity>586.483281</out_Quantity.quantity></Point><Point><position>3791</position><in_Quantity.quantity>0.000000</in_Quantity.quantity><out_Quantity.quantity>624.547869</out_Quantity.quantity></Point><Point><position>3792</position><in_Quantity.quantity>0.000000</in_Quantity.quantity><out_Quantity.quantity>244.162685</out_Quantity.quantity></Point><Point><position>3793</position><in_Quantity.quantity>0.000000</in_Quantity.quantity><out_Quantity.quantity>941.821521</out_Quantity.quantity></Point><Point><position>3794</position><in_Quantity.quantity>0.000000</in_Quantity.quantity><out_Quantity.quantity>890.829755</out_Quantity.quantity></Point><Point><position>3795</position><in_Quantity.quantity>0.000000</in_Quantity.quantity><out_Quantity.quantity>546.570547</out_Quantity.quantity></Point><Point><position>3796</position><in_Quantity.quantity>0.000000</in_Quantity.quantity><out_Quantity.quantity>404.422733</out_Quantity.quantity></Point><Point><position>3797</position><in_Quantity.quantity>0.000000</in_Quantity.quantity><out_Quantity.quantity>39.437901</out_Quantity.quantity></Point><Point><position>3798</position><in_Quantity.quantity>0.000000</in_Quantity.quantity><out_Quantity.quantity>588.418635</out_Quantity.quantity></Point><Point><position>3799</position><in_Quantity.quantity>0.000000</in_Quantity.quantity><out_Quantity.quantity>305.437648</out_Quantity.quantity></Point><Point><position>3800</position><in_Quantity.quantity>0.000000</in_Quantity.quantity><out_Quantity.quantity>502.061985</out_Quantity.quantity></Point><Point><position>3801</position><in_Quantity.quantity>0.000000</in_Quantity.quantity><out_Quantity.quantity>739.486837</out_Quantity.quantity></Point><Point><position>3802</position><in_Quantity.quantity>0.000000</in_Quantity.quantity><out_Quantity.quantity>304.078817</out_Quantity.quantity></Point><Point><position>3803</position><in_Quantity.quantity>0.000000</in_Quantity.quantity><out_Quantity.quantity>143.269374</out_Quantity.quantity></Point><Point><position>3804</position><in_Quantity.quantity>0.000000</in_Quantity.quantity><out_Quantity.quantity>253.114797</out_Quantity.quantity></Point><Point><position>3805</position><in_Quantity.quantity>0.000000</in_Quantity.quantity><out_Quantity.quantity>748.518801</out_Quantity.quantity></Point><Point><position>3806</position><in_Quantity.quantity>0.000000</in_Quantity.quantity><out_Quantity.quantity>907.998721</out_Quantity.quantity></Point><Point><position>3807</position><in_Quantity.quantity>0.000000</in_Quantity.quantity><out_Quantity.quantity>839.518943</out_Quantity.quantity></Point><Point><position>3808</position><in_Quantity.quantity>0.000000</in_Quantity.quantity><out_Quantity.quantity>606.608501</out_Quantity.quantity></Point><Point><position>3809</position><in_Quantity.quantity>0.000000</in_Quantity.quantity><out_Quantity.quantity>492.495932</out_Quantity.quantity></Point><Point><position>3810</position><in_Quantity.quantity>0.000000</in_Quantity.quantity><out_Quantity.quantity>763.256331</out_Quantity.quantity></Point><Point><position>3811</position><in_Quantity.quantity>0.000000</in_Quantity.quantity><out_Quantity.quantity>458.540536</out_Quantity.quantity></Point><Point><position>3812</position><in_Quantity.quantity>0.000000</in_Quantity.quantity><out_Quantity.quantity>338.757977</out_Quantity.quantity></Point><Point><position>3813</position><in_Quantity.quantity>0.000000</in_Quantity.quantity><out_Quantity.quantity>426.198338</out_Quantity.quantity></Point><Point><position>3814</position><in_Quantity.quantity>0.000000</in_Quantity.quantity><out_Quantity.quantity>663.387704</out_Quantity.quantity></Point><Point><position>3815</position><in_Quantity.quantity>0.000000</in_Quantity.quantity><out_Quantity.quantity>313.147744</out_Quantity.quantity></Point><Point><position>3816</position><in_Quantity.quantity>0.000000</in_Quantity.quantity><out_Quantity.quantity>244.177824</out_Quantity.quantity></Point><Point><position>3817</position><in_Quantity.quantity>0.000000</in_Quantity.quantity><out_Quantity.quantity>56.582733</out_Quantity.quantity></Point><Point><position>3818</position><in_Quantity.quantity>0.000000</in_Quantity.quantity><out_Quantity.quantity>606.299446</out_Quantity.quantity></Point><Point><position>3819</position><in_Quantity.quantity>0.000000</in_Quantity.quantity><out_Quantity.quantity>737.840672</out_Quantity.quantity></Point><Point><position>3820</position><in_Quantity.quantity>0.000000</in_Quantity.quantity><out_Quantity.quantity>948.639518</out_Quantity.quantity></Point><Point><position>3821</position><in_Quantity.quantity>0.000000</in_Quantity.quantity><out_Quantity.quantity>593.533414</out_Quantity.quantity></Point><Point><position>3822</position><in_Quantity.quantity>0.000000</in_Quantity.quantity><out_Quantity.quantity>176.537512</out_Quantity.quantity></Point><Point><position>3823</position><in_Quantity.quantity>0.000000</in_Quantity.quantity><out_Quantity.quantity>783.282927</out_Quantity.quantity></Point><Point><position>3824</position><in_Quantity.quantity>0.000000</in_Quantity.quantity><out_Quantity.quantity>418.940764</out_Quantity.quantity></Point><Point><position>3825</position><in_Quantity.quantity>0.000000</in_Quantity.quantity><out_Quantity.quantity>6.740369</out_Quantity.quantity></Point><Point><position>3826</position><in_Quantity.quantity>0.000000</in_Quantity.quantity><out_Quantity.quantity>348.226013</out_Quantity.quantity></Point><Point><position>3827</position><in_Quantity.quantity>0.000000</in_Quantity.quantity><out_Quantity.quantity>42.052958</out_Quantity.quantity></Point><Point><position>3828</position><in_Quantity.quantity>0.000000</in_Quantity.quantity><out_Quantity.quantity>309.892049</out_Quantity.quantity></Point><Point><position>3829</position><in_Quantity.quantity>0.000000</in_Quantity.quantity><out_Quantity.quantity>898.953970</out_Quantity.quantity></Point><Point><position>3830</position><in_Quantity.quantity>0.000000</in_Quantity.quantity><out_Quantity.quantity>758.086403</out_Quantity.quantity></Point><Point><position>3831</position><in_Quantity.quantity>0.000000</in_Quantity.quantity><out_Quantity.quantity>297.748929</out_Quantity.quantity></Point><Point><position>3832</position><in_Quantity.quantity>0.000000</in_Quantity.quantity><out_Quantity.quantity>453.523698</out_Quantity.quantity></Point><Point><position>3833</position><in_Quantity.quantity>0.000000</in_Quantity.quantity><out_Quantity.quantity>703.705579</out_Quantity.quantity></Point><Point><position>3834</position><in_Quantity.quantity>0.000000</in_Quantity.quantity><out_Quantity.quantity>34.238781</out_Quantity.quantity></Point><Point><position>3835</position><in_Quantity.quantity>0.000000</in_Quantity.quantity><out_Quantity.quantity>75.670938</out_Quantity.quantity></Point><Point><position>3836</position><in_Quantity.quantity>0.000000</in_Quantity.quantity><out_Quantity.quantity>869.725562</out_Quantity.quantity></Point><Point><position>3837</position><in_Quantity.quantity>0.000000</in_Quantity.quantity><out_Quantity.quantity>580.340293</out_Quantity.quantity></Point><Point><position>3838</position><in_Quantity.quantity>0.000000</in_Quantity.quantity><out_Quantity.quantity>267.851993</out_Quantity.quantity></Point><Point><position>3839</position><in_Quantity.quantity>0.000000</in_Quantity.quantity><out_Quantity.quantity>821.526457</out_Quantity.quantity></Point><Point><position>3840</position><in_Quantity.quantity>0.000000</in_Quantity.quantity><out_Quantity.quantity>808.932979</out_Quantity.quantity></Point><Point><position>3841</position><in_Quantity.quantity>0.000000</in_Quantity.quantity><out_Quantity.quantity>538.880385</out_Quantity.quantity></Point><Point><position>3842</position><in_Quantity.quantity>0.000000</in_Quantity.quantity><out_Quantity.quantity>547.337849</out_Quantity.quantity></Point><Point><position>3843</position><in_Quantity.quantity>0.000000</in_Quantity.quantity><out_Quantity.quantity>7.252339</out_Quantity.quantity></Point><Point><position>3844</position><in_Quantity.quantity>0.000000</in_Quantity.quantity><out_Quantity.quantity>927.692391</out_Quantity.quantity></Point><Point><position>3845</position><in_Quantity.quantity>0.000000</in_Quantity.quantity><out_Quantity.quantity>60.334814</out_Quantity.quantity></Point><Point><position>3846</position><in_Quantity.quantity>0.000000</in_Quantity.quantity><out_Quantity.quantity>585.368551</out_Quantity.quantity></Point><Point><position>3847</position><in_Quantity.quantity>0.000000</in_Quantity.quantity><out_Quantity.quantity>280.475015</out_Quantity.quantity></Point><Point><position>3848</position><in_Quantity.quantity>0.000000</in_Quantity.quantity><out_Quantity.quantity>957.664741</out_Quantity.quantity></Point><Point><position>3849</position><in_Quantity.quantity>0.000000</in_Quantity.quantity><out_Quantity.quantity>265.033189</out_Quantity.quantity></Point><Point><position>3850</position><in_Quantity.quantity>0.000000</in_Quantity.quantity><out_Quantity.quantity>149.866231</out_Quantity.quantity></Point><Point><position>3851</position><in_Quantity.quantity>0.000000</in_Quantity.quantity><out_Quantity.quantity>291.397185</out_Quantity.quantity></Point><Point><position>3852</position><in_Quantity.quantity>0.000000</in_Quantity.quantity><out_Quantity.quantity>194.557773</out_Quantity.quantity></Point><Point><position>3853</position><in_Quantity.quantity>0.000000</in_Quantity.quantity><out_Quantity.quantity>827.730594</out_Quantity.quantity></Point><Point><position>3854</position><in_Quantity.quantity>0.000000</in_Quantity.quantity><out_Quantity.quantity>465.353016</out_Quantity.quantity></Point><Point><position>3855</position><in_Quantity.quantity>0.000000</in_Quantity.quantity><out_Quantity.quantity>706.228713</out_Quantity.quantity></Point><Point><position>3856</position><in_Quantity.quantity>0.000000</in_Quantity.quantity><out_Quantity.quantity>886.719621</out_Quantity.quantity></Point><Point><position>3857</position><in_Quantity.quantity>0.000000</in_Quantity.quantity><out_Quantity.quantity>403.699085</out_Quantity.quantity></Point><Point><position>3858</position><in_Quantity.quantity>0.000000</in_Quantity.quantity><out_Quantity.quantity>608.687866</out_Quantity.quantity></Point><Point><position>3859</position><in_Quantity.quantity>0.000000</in_Quantity.quantity><out_Quantity.quantity>425.858828</out_Quantity.quantity></Point><Point><position>3860</position><in_Quantity.quantity>0.000000</in_Quantity.quantity><out_Quantity.quantity>431.366958</out_Quantity.quantity></Point><Point><position>3861</position><in_Quantity.quantity>0.000000</in_Quantity.quantity><out_Quantity.quantity>30.905790</out_Quantity.quantity></Point><Point><position>3862</position><in_Quantity.quantity>0.000000</in_Quantity.quantity><out_Quantity.quantity>477.608917</out_Quantity.quantity></Point><Point><position>3863</position><in_Quantity.quantity>0.000000</in_Quantity.quantity><out_Quantity.quantity>295.676974</out_Quantity.quantity></Point><Point><position>3864</position><in_Quantity.quantity>0.000000</in_Quantity.quantity><out_Quantity.quantity>353.078818</out_Quantity.quantity></Point><Point><position>3865</position><in_Quantity.quantity>0.000000</in_Quantity.quantity><out_Quantity.quantity>160.010016</out_Quantity.quantity></Point><Point><position>3866</position><in_Quantity.quantity>0.000000</in_Quantity.quantity><out_Quantity.quantity>321.360099</out_Quantity.quantity></Point><Point><position>3867</position><in_Quantity.quantity>0.000000</in_Quantity.quantity><out_Quantity.quantity>877.832297</out_Quantity.quantity></Point><Point><position>3868</position><in_Quantity.quantity>0.000000</in_Quantity.quantity><out_Quantity.quantity>519.984627</out_Quantity.quantity></Point><Point><position>3869</position><in_Quantity.quantity>0.000000</in_Quantity.quantity><out_Quantity.quantity>879.774820</out_Quantity.quantity></Point><Point><position>3870</position><in_Quantity.quantity>0.000000</in_Quantity.quantity><out_Quantity.quantity>403.866664</out_Quantity.quantity></Point><Point><position>3871</position><in_Quantity.quantity>0.000000</in_Quantity.quantity><out_Quantity.quantity>491.062193</out_Quantity.quantity></Point><Point><position>3872</position><in_Quantity.quantity>0.000000</in_Quantity.quantity><out_Quantity.quantity>854.919447</out_Quantity.quantity></Point><Point><position>3873</position><in_Quantity.quantity>0.000000</in_Quantity.quantity><out_Quantity.quantity>906.470930</out_Quantity.quantity></Point><Point><position>3874</position><in_Quantity.quantity>0.000000</in_Quantity.quantity><out_Quantity.quantity>228.150016</out_Quantity.quantity></Point><Point><position>3875</position><in_Quantity.quantity>0.000000</in_Quantity.quantity><out_Quantity.quantity>119.463271</out_Quantity.quantity></Point><Point><position>3876</position><in_Quantity.quantity>0.000000</in_Quantity.quantity><out_Quantity.quantity>933.751595</out_Quantity.quantity></Point><Point><position>3877</position><in_Quantity.quantity>0.000000</in_Quantity.quantity><out_Quantity.quantity>83.585619</out_Quantity.quantity></Point><Point><position>3878</position><in_Quantity.quantity>0.000000</in_Quantity.quantity><out_Quantity.quantity>602.012751</out_Quantity.quantity></Point><Point><position>3879</position><in_Quantity.quantity>0.000000</in_Quantity.quantity><out_Quantity.quantity>902.541527</out_Quantity.quantity></Point><Point><position>3880</position><in_Quantity.quantity>0.000000</in_Quantity.quantity><out_Quantity.quantity>844.934622</out_Quantity.quantity></Point><Point><position>3881</position><in_Quantity.quantity>0.000000</in_Quantity.quantity><out_Quantity.quantity>750.723460</out_Quantity.quantity></Point><Point><position>3882</position><in_Quantity.quantity>0.000000</in_Quantity.quantity><out_Quantity.quantity>893.758101</out_Quantity.quantity></Point><Point><position>3883</position><in_Quantity.quantity>0.000000</in_Quantity.quantity><out_Quantity.quantity>125.446982</out_Quantity.quantity></Point><Point><position>3884</position><in_Quantity.quantity>0.000000</in_Quantity.quantity><out_Quantity.quantity>467.918656</out_Quantity.quantity></Point><Point><position>3885</position><in_Quantity.quantity>0.000000</in_Quantity.quantity><out_Quantity.quantity>970.142637</out_Quantity.quantity></Point><Point><position>3886</position><in_Quantity.quantity>0.000000</in_Quantity.quantity><out_Quantity.quantity>586.638266</out_Quantity.quantity></Point><Point><position>3887</position><in_Quantity.quantity>0.000000</in_Quantity.quantity><out_Quantity.quantity>297.513090</out_Quantity.quantity></Point><Point><position>3888</position><in_Quantity.quantity>0.000000</in_Quantity.quantity><out_Quantity.quantity>485.242853</out_Quantity.quantity></Point><Point><position>3889</position><in_Quantity.quantity>0.000000</in_Quantity.quantity><out_Quantity.quantity>49.231134</out_Quantity.quantity></Point><Point><position>3890</position><in_Quantity.quantity>0.000000</in_Quantity.quantity><out_Quantity.quantity>137.527944</out_Quantity.quantity></Point><Point><position>3891</position><in_Quantity.quantity>0.000000</in_Quantity.quantity><out_Quantity.quantity>722.535888</out_Quantity.quantity></Point><Point><position>3892</position><in_Quantity.quantity>0.000000</in_Quantity.quantity><out_Quantity.quantity>101.452398</out_Quantity.quantity></Point><Point><position>3893</position><in_Quantity.quantity>0.000000</in_Quantity.quantity><out_Quantity.quantity>329.624167</out_Quantity.quantity></Point><Point><position>3894</position><in_Quantity.quantity>0.000000</in_Quantity.quantity><out_Quantity.quantity>340.296827</out_Quantity.quantity></Point><Point><position>3895</position><in_Quantity.quantity>0.000000</in_Quantity.quantity><out_Quantity.quantity>163.261209</out_Quantity.quantity></Point><Point><position>3896</position><in_Quantity.quantity>0.000000</in_Quantity.quantity><out_Quantity.quantity>392.886442</out_Quantity.quantity></Point><Point><position>3897</position><in_Quantity.quantity>0.000000</in_Quantity.quantity><out_Quantity.quantity>327.251824</out_Quantity.quantity></Point><Point><position>3898</position><in_Quantity.quantity>0.000000</in_Quantity.quantity><out_Quantity.quantity>366.188086</out_Quantity.quantity></Point><Point><position>3899</position><in_Quantity.quantity>0.000000</in_Quantity.quantity><out_Quantity.quantity>635.455089</out_Quantity.quantity></Point><Point><position>3900</position><in_Quantity.quantity>0.000000</in_Quantity.quantity><out_Quantity.quantity>798.674338</out_Quantity.quantity></Point><Point><position>3901</position><in_Quantity.quantity>0.000000</in_Quantity.quantity><out_Quantity.quantity>201.482897</out_Quantity.quantity></Point><Point><position>3902</position><in_Quantity.quantity>0.000000</in_Quantity.quantity><out_Quantity.quantity>914.167638</out_Quantity.quantity></Point><Point><position>3903</position><in_Quantity.quantity>0.000000</in_Quantity.quantity><out_Quantity.quantity>14.906906</out_Quantity.quantity></Point><Point><position>3904</position><in_Quantity.quantity>0.000000</in_Quantity.quantity><out_Quantity.quantity>681.043929</out_Quantity.quantity></Point><Point><position>3905</position><in_Quantity.quantity>0.000000</in_Quantity.quantity><out_Quantity.quantity>923.861233</out_Quantity.quantity></Point><Point><position>3906</position><in_Quantity.quantity>0.000000</in_Quantity.quantity><out_Quantity.quantity>916.450454</out_Quantity.quantity></Point><Point><position>3907</position><in_Quantity.quantity>0.000000</in_Quantity.quantity><out_Quantity.quantity>395.760537</out_Quantity.quantity></Point><Point><position>3908</position><in_Quantity.quantity>0.000000</in_Quantity.quantity><out_Quantity.quantity>876.346757</out_Quantity.quantity></Point><Point><position>3909</position><in_Quantity.quantity>0.000000</in_Quantity.quantity><out_Quantity.quantity>751.520683</out_Quantity.quantity></Point><Point><position>3910</position><in_Quantity.quantity>0.000000</in_Quantity.quantity><out_Quantity.quantity>315.621214</out_Quantity.quantity></Point><Point><position>3911</position><in_Quantity.quantity>0.000000</in_Quantity.quantity><out_Quantity.quantity>204.489642</out_Quantity.quantity></Point><Point><position>3912</position><in_Quantity.quantity>0.000000</in_Quantity.quantity><out_Quantity.quantity>818.894957</out_Quantity.quantity></Point><Point><position>3913</position><in_Quantity.quantity>0.000000</in_Quantity.quantity><out_Quantity.quantity>766.678733</out_Quantity.quantity></Point><Point><position>3914</position><in_Quantity.quantity>0.000000</in_Quantity.quantity><out_Quantity.quantity>876.101774</out_Quantity.quantity></Point><Point><position>3915</position><in_Quantity.quantity>0.000000</in_Quantity.quantity><out_Quantity.quantity>719.331670</out_Quantity.quantity></Point><Point><position>3916</position><in_Quantity.quantity>0.000000</in_Quantity.quantity><out_Quantity.quantity>670.440859</out_Quantity.quantity></Point><Point><position>3917</position><in_Quantity.quantity>0.000000</in_Quantity.quantity><out_Quantity.quantity>658.995852</out_Quantity.quantity></Point><Point><position>3918</position><in_Quantity.quantity>0.000000</in_Quantity.quantity><out_Quantity.quantity>501.924256</out_Quantity.quantity></Point><Point><position>3919</position><in_Quantity.quantity>0.000000</in_Quantity.quantity><out_Quantity.quantity>566.967704</out_Quantity.quantity></Point><Point><position>3920</position><in_Quantity.quantity>0.000000</in_Quantity.quantity><out_Quantity.quantity>130.980943</out_Quantity.quantity></Point><Point><position>3921</position><in_Quantity.quantity>0.000000</in_Quantity.quantity><out_Quantity.quantity>980.309727</out_Quantity.quantity></Point><Point><position>3922</position><in_Quantity.quantity>0.000000</in_Quantity.quantity><out_Quantity.quantity>137.003682</out_Quantity.quantity></Point><Point><position>3923</position><in_Quantity.quantity>0.000000</in_Quantity.quantity><out_Quantity.quantity>161.780592</out_Quantity.quantity></Point><Point><position>3924</position><in_Quantity.quantity>0.000000</in_Quantity.quantity><out_Quantity.quantity>188.624663</out_Quantity.quantity></Point><Point><position>3925</position><in_Quantity.quantity>0.000000</in_Quantity.quantity><out_Quantity.quantity>303.524140</out_Quantity.quantity></Point><Point><position>3926</position><in_Quantity.quantity>0.000000</in_Quantity.quantity><out_Quantity.quantity>27.443862</out_Quantity.quantity></Point><Point><position>3927</position><in_Quantity.quantity>0.000000</in_Quantity.quantity><out_Quantity.quantity>689.211297</out_Quantity.quantity></Point><Point><position>3928</position><in_Quantity.quantity>0.000000</in_Quantity.quantity><out_Quantity.quantity>973.648220</out_Quantity.quantity></Point><Point><position>3929</position><in_Quantity.quantity>0.000000</in_Quantity.quantity><out_Quantity.quantity>920.569460</out_Quantity.quantity></Point><Point><position>3930</position><in_Quantity.quantity>0.000000</in_Quantity.quantity><out_Quantity.quantity>997.855711</out_Quantity.quantity></Point><Point><position>3931</position><in_Quantity.quantity>0.000000</in_Quantity.quantity><out_Quantity.quantity>887.239106</out_Quantity.quantity></Point><Point><position>3932</position><in_Quantity.quantity>0.000000</in_Quantity.quantity><out_Quantity.quantity>339.164682</out_Quantity.quantity></Point><Point><position>3933</position><in_Quantity.quantity>0.000000</in_Quantity.quantity><out_Quantity.quantity>898.894212</out_Quantity.quantity></Point><Point><position>3934</position><in_Quantity.quantity>0.000000</in_Quantity.quantity><out_Quantity.quantity>592.767662</out_Quantity.quantity></Point><Point><position>3935</position><in_Quantity.quantity>0.000000</in_Quantity.quantity><out_Quantity.quantity>914.880777</out_Quantity.quantity></Point><Point><position>3936</position><in_Quantity.quantity>0.000000</in_Quantity.quantity><out_Quantity.quantity>991.688217</out_Quantity.quantity></Point><Point><position>3937</position><in_Quantity.quantity>0.000000</in_Quantity.quantity><out_Quantity.quantity>969.146747</out_Quantity.quantity></Point><Point><position>3938</position><in_Quantity.quantity>0.000000</in_Quantity.quantity><out_Quantity.quantity>872.426949</out_Quantity.quantity></Point><Point><position>3939</position><in_Quantity.quantity>0.000000</in_Quantity.quantity><out_Quantity.quantity>222.044797</out_Quantity.quantity></Point><Point><position>3940</position><in_Quantity.quantity>0.000000</in_Quantity.quantity><out_Quantity.quantity>519.366646</out_Quantity.quantity></Point><Point><position>3941</position><in_Quantity.quantity>0.000000</in_Quantity.quantity><out_Quantity.quantity>860.077002</out_Quantity.quantity></Point><Point><position>3942</position><in_Quantity.quantity>0.000000</in_Quantity.quantity><out_Quantity.quantity>859.034535</out_Quantity.quantity></Point><Point><position>3943</position><in_Quantity.quantity>0.000000</in_Quantity.quantity><out_Quantity.quantity>506.476321</out_Quantity.quantity></Point><Point><position>3944</position><in_Quantity.quantity>0.000000</in_Quantity.quantity><out_Quantity.quantity>616.079589</out_Quantity.quantity></Point><Point><position>3945</position><in_Quantity.quantity>0.000000</in_Quantity.quantity><out_Quantity.quantity>487.938522</out_Quantity.quantity></Point><Point><position>3946</position><in_Quantity.quantity>0.000000</in_Quantity.quantity><out_Quantity.quantity>444.615428</out_Quantity.quantity></Point><Point><position>3947</position><in_Quantity.quantity>0.000000</in_Quantity.quantity><out_Quantity.quantity>942.753521</out_Quantity.quantity></Point><Point><position>3948</position><in_Quantity.quantity>0.000000</in_Quantity.quantity><out_Quantity.quantity>319.505208</out_Quantity.quantity></Point><Point><position>3949</position><in_Quantity.quantity>0.000000</in_Quantity.quantity><out_Quantity.quantity>473.942729</out_Quantity.quantity></Point><Point><position>3950</position><in_Quantity.quantity>0.000000</in_Quantity.quantity><out_Quantity.quantity>428.614420</out_Quantity.quantity></Point><Point><position>3951</position><in_Quantity.quantity>0.000000</in_Quantity.quantity><out_Quantity.quantity>576.082543</out_Quantity.quantity></Point><Point><position>3952</position><in_Quantity.quantity>0.000000</in_Quantity.quantity><out_Quantity.quantity>57.250778</out_Quantity.quantity></Point><Point><position>3953</position><in_Quantity.quantity>0.000000</in_Quantity.quantity><out_Quantity.quantity>18.238067</out_Quantity.quantity></Point><Point><position>3954</position><in_Quantity.quantity>0.000000</in_Quantity.quantity><out_Quantity.quantity>259.793568</out_Quantity.quantity></Point><Point><position>3955</position><in_Quantity.quantity>0.000000</in_Quantity.quantity><out_Quantity.quantity>473.040800</out_Quantity.quantity></Point><Point><position>3956</position><in_Quantity.quantity>0.000000</in_Quantity.quantity><out_Quantity.quantity>664.558560</out_Quantity.quantity></Point><Point><position>3957</position><in_Quantity.quantity>0.000000</in_Quantity.quantity><out_Quantity.quantity>177.979943</out_Quantity.quantity></Point><Point><position>3958</position><in_Quantity.quantity>0.000000</in_Quantity.quantity><out_Quantity.quantity>399.587662</out_Quantity.quantity></Point><Point><position>3959</position><in_Quantity.quantity>0.000000</in_Quantity.quantity><out_Quantity.quantity>44.015881</out_Quantity.quantity></Point><Point><position>3960</position><in_Quantity.quantity>0.000000</in_Quantity.quantity><out_Quantity.quantity>285.494161</out_Quantity.quantity></Point><Point><position>3961</position><in_Quantity.quantity>0.000000</in_Quantity.quantity><out_Quantity.quantity>688.330116</out_Quantity.quantity></Point><Point><position>3962</position><in_Quantity.quantity>0.000000</in_Quantity.quantity><out_Quantity.quantity>304.963965</out_Quantity.quantity></Point><Point><position>3963</position><in_Quantity.quantity>0.000000</in_Quantity.quantity><out_Quantity.quantity>962.611108</out_Quantity.quantity></Point><Point><position>3964</position><in_Quantity.quantity>0.000000</in_Quantity.quantity><out_Quantity.quantity>908.334358</out_Quantity.quantity></Point><Point><position>3965</position><in_Quantity.quantity>0.000000</in_Quantity.quantity><out_Quantity.quantity>901.820498</out_Quantity.quantity></Point><Point><position>3966</position><in_Quantity.quantity>0.000000</in_Quantity.quantity><out_Quantity.quantity>443.732489</out_Quantity.quantity></Point><Point><position>3967</position><in_Quantity.quantity>0.000000</in_Quantity.quantity><out_Quantity.quantity>455.535367</out_Quantity.quantity></Point><Point><position>3968</position><in_Quantity.quantity>0.000000</in_Quantity.quantity><out_Quantity.quantity>15.844879</out_Quantity.quantity></Point><Point><position>3969</position><in_Quantity.quantity>0.000000</in_Quantity.quantity><out_Quantity.quantity>982.425349</out_Quantity.quantity></Point><Point><position>3970</position><in_Quantity.quantity>0.000000</in_Quantity.quantity><out_Quantity.quantity>57.746991</out_Quantity.quantity></Point><Point><position>3971</position><in_Quantity.quantity>0.000000</in_Quantity.quantity><out_Quantity.quantity>671.728764</out_Quantity.quantity></Point><Point><position>3972</position><in_Quantity.quantity>0.000000</in_Quantity.quantity><out_Quantity.quantity>551.809861</out_Quantity.quantity></Point><Point><position>3973</position><in_Quantity.quantity>0.000000</in_Quantity.quantity><out_Quantity.quantity>839.840604</out_Quantity.quantity></Point><Point><position>3974</position><in_Quantity.quantity>0.000000</in_Quantity.quantity><out_Quantity.quantity>307.325694</out_Quantity.quantity></Point><Point><position>3975</position><in_Quantity.quantity>0.000000</in_Quantity.quantity><out_Quantity.quantity>755.132102</out_Quantity.quantity></Point><Point><position>3976</position><in_Quantity.quantity>0.000000</in_Quantity.quantity><out_Quantity.quantity>36.744808</out_Quantity.quantity></Point><Point><position>3977</position><in_Quantity.quantity>0.000000</in_Quantity.quantity><out_Quantity.quantity>430.804091</out_Quantity.quantity></Point><Point><position>3978</position><in_Quantity.quantity>0.000000</in_Quantity.quantity><out_Quantity.quantity>781.602286</out_Quantity.quantity></Point><Point><position>3979</position><in_Quantity.quantity>0.000000</in_Quantity.quantity><out_Quantity.quantity>996.392990</out_Quantity.quantity></Point><Point><position>3980</position><in_Quantity.quantity>0.000000</in_Quantity.quantity><out_Quantity.quantity>115.313579</out_Quantity.quantity></Point><Point><position>3981</position><in_Quantity.quantity>0.000000</in_Quantity.quantity><out_Quantity.quantity>191.388387</out_Quantity.quantity></Point><Point><position>3982</position><in_Quantity.quantity>0.000000</in_Quantity.quantity><out_Quantity.quantity>261.254167</out_Quantity.quantity></Point><Point><position>3983</position><in_Quantity.quantity>0.000000</in_Quantity.quantity><out_Quantity.quantity>947.967955</out_Quantity.quantity></Point><Point><position>3984</position><in_Quantity.quantity>0.000000</in_Quantity.quantity><out_Quantity.quantity>721.009276</out_Quantity.quantity></Point><Point><position>3985</position><in_Quantity.quantity>0.000000</in_Quantity.quantity><out_Quantity.quantity>487.115925</out_Quantity.quantity></Point><Point><position>3986</position><in_Quantity.quantity>0.000000</in_Quantity.quantity><out_Quantity.quantity>391.416576</out_Quantity.quantity></Point><Point><position>3987</position><in_Quantity.quantity>0.000000</in_Quantity.quantity><out_Quantity.quantity>341.922766</out_Quantity.quantity></Point><Point><position>3988</position><in_Quantity.quantity>0.000000</in_Quantity.quantity><out_Quantity.quantity>856.685125</out_Quantity.quantity></Point><Point><position>3989</position><in_Quantity.quantity>0.000000</in_Quantity.quantity><out_Quantity.quantity>700.247740</out_Quantity.quantity></Point><Point><position>3990</position><in_Quantity.quantity>0.000000</in_Quantity.quantity><out_Quantity.quantity>421.076193</out_Quantity.quantity></Point><Point><position>3991</position><in_Quantity.quantity>0.000000</in_Quantity.quantity><out_Quantity.quantity>434.561667</out_Quantity.quantity></Point><Point><position>3992</position><in_Quantity.quantity>0.000000</in_Quantity.quantity><out_Quantity.quantity>465.754965</out_Quantity.quantity></Point><Point><position>3993</position><in_Quantity.quantity>0.000000</in_Quantity.quantity><out_Quantity.quantity>408.246739</out_Quantity.quantity></Point><Point><position>3994</position><in_Quantity.quantity>0.000000</in_Quantity.quantity><out_Quantity.quantity>926.061958</out_Quantity.quantity></Point><Point><position>3995</position><in_Quantity.quantity>0.000000</in_Quantity.quantity><out_Quantity.quantity>663.356691</out_Quantity.quantity></Point><Point><position>3996</position><in_Quantity.quantity>0.000000</in_Quantity.quantity><out_Quantity.quantity>193.133777</out_Quantity.quantity></Point><Point><position>3997</position><in_Quantity.quantity>0.000000</in_Quantity.quantity><out_Quantity.quantity>980.921357</out_Quantity.quantity></Point><Point><position>3998</position><in_Quantity.quantity>0.000000</in_Quantity.quantity><out_Quantity.quantity>559.131164</out_Quantity.quantity></Point><Point><position>3999</position><in_Quantity.quantity>0.000000</in_Quantity.quantity><out_Quantity.quantity>600.669209</out_Quantity.quantity></Point><Point><position>4000</position><in_Quantity.quantity>0.000000</in_Quantity.quantity><out_Quantity.quantity>710.632767</out_Quantity.quantity></Point><Point><position>4001</position><in_Quantity.quantity>0.000000</in_Quantity.quantity><out_Quantity.quantity>885.710939</out_Quantity.quantity></Point><Point><position>4002</position><in_Quantity.quantity>0.000000</in_Quantity.quantity><out_Quantity.quantity>550.413818</out_Quantity.quantity></Point><Point><position>4003</position><in_Quantity.quantity>0.000000</in_Quantity.quantity><out_Quantity.quantity>48.382045</out_Quantity.quantity></Point><Point><position>4004</position><in_Quantity.quantity>0.000000</in_Quantity.quantity><out_Quantity.quantity>753.171011</out_Quantity.quantity></Point><Point><position>4005</position><in_Quantity.quantity>0.000000</in_Quantity.quantity><out_Quantity.quantity>982.949975</out_Quantity.quantity></Point><Point><position>4006</position><in_Quantity.quantity>0.000000</in_Quantity.quantity><out_Quantity.quantity>762.137551</out_Quantity.quantity></Point><Point><position>4007</position><in_Quantity.quantity>0.000000</in_Quantity.quantity><out_Quantity.quantity>291.017497</out_Quantity.quantity></Point><Point><position>4008</position><in_Quantity.quantity>0.000000</in_Quantity.quantity><out_Quantity.quantity>568.878250</out_Quantity.quantity></Point><Point><position>4009</position><in_Quantity.quantity>0.000000</in_Quantity.quantity><out_Quantity.quantity>508.366738</out_Quantity.quantity></Point><Point><position>4010</position><in_Quantity.quantity>0.000000</in_Quantity.quantity><out_Quantity.quantity>178.433081</out_Quantity.quantity></Point><Point><position>4011</position><in_Quantity.quantity>0.000000</in_Quantity.quantity><out_Quantity.quantity>920.125553</out_Quantity.quantity></Point><Point><position>4012</position><in_Quantity.quantity>0.000000</in_Quantity.quantity><out_Quantity.quantity>275.174654</out_Quantity.quantity></Point><Point><position>4013</position><in_Quantity.quantity>0.000000</in_Quantity.quantity><out_Quantity.quantity>718.036682</out_Quantity.quantity></Point><Point><position>4014</position><in_Quantity.quantity>0.000000</in_Quantity.quantity><out_Quantity.quantity>670.992787</out_Quantity.quantity></Point><Point><position>4015</position><in_Quantity.quantity>0.000000</in_Quantity.quantity><out_Quantity.quantity>287.579659</out_Quantity.quantity></Point><Point><position>4016</position><in_Quantity.quantity>0.000000</in_Quantity.quantity><out_Quantity.quantity>86.388916</out_Quantity.quantity></Point><Point><position>4017</position><in_Quantity.quantity>0.000000</in_Quantity.quantity><out_Quantity.quantity>427.686614</out_Quantity.quantity></Point><Point><position>4018</position><in_Quantity.quantity>0.000000</in_Quantity.quantity><out_Quantity.quantity>80.941044</out_Quantity.quantity></Point><Point><position>4019</position><in_Quantity.quantity>0.000000</in_Quantity.quantity><out_Quantity.quantity>736.992554</out_Quantity.quantity></Point><Point><position>4020</position><in_Quantity.quantity>0.000000</in_Quantity.quantity><out_Quantity.quantity>343.107898</out_Quantity.quantity></Point><Point><position>4021</position><in_Quantity.quantity>0.000000</in_Quantity.quantity><out_Quantity.quantity>534.585698</out_Quantity.quantity></Point><Point><position>4022</position><in_Quantity.quantity>0.000000</in_Quantity.quantity><out_Quantity.quantity>517.918386</out_Quantity.quantity></Point><Point><position>4023</position><in_Quantity.quantity>0.000000</in_Quantity.quantity><out_Quantity.quantity>665.074719</out_Quantity.quantity></Point><Point><position>4024</position><in_Quantity.quantity>0.000000</in_Quantity.quantity><out_Quantity.quantity>197.888965</out_Quantity.quantity></Point><Point><position>4025</position><in_Quantity.quantity>0.000000</in_Quantity.quantity><out_Quantity.quantity>733.135047</out_Quantity.quantity></Point><Point><position>4026</position><in_Quantity.quantity>0.000000</in_Quantity.quantity><out_Quantity.quantity>389.242650</out_Quantity.quantity></Point><Point><position>4027</position><in_Quantity.quantity>0.000000</in_Quantity.quantity><out_Quantity.quantity>30.084983</out_Quantity.quantity></Point><Point><position>4028</position><in_Quantity.quantity>0.000000</in_Quantity.quantity><out_Quantity.quantity>969.917044</out_Quantity.quantity></Point><Point><position>4029</position><in_Quantity.quantity>0.000000</in_Quantity.quantity><out_Quantity.quantity>282.151093</out_Quantity.quantity></Point><Point><position>4030</position><in_Quantity.quantity>0.000000</in_Quantity.quantity><out_Quantity.quantity>798.003647</out_Quantity.quantity></Point><Point><position>4031</position><in_Quantity.quantity>0.000000</in_Quantity.quantity><out_Quantity.quantity>319.125933</out_Quantity.quantity></Point><Point><position>4032</position><in_Quantity.quantity>0.000000</in_Quantity.quantity><out_Quantity.quantity>261.408689</out_Quantity.quantity></Point><Point><position>4033</position><in_Quantity.quantity>0.000000</in_Quantity.quantity><out_Quantity.quantity>873.126532</out_Quantity.quantity></Point><Point><position>4034</position><in_Quantity.quantity>0.000000</in_Quantity.quantity><out_Quantity.quantity>844.134653</out_Quantity.quantity></Point><Point><position>4035</position><in_Quantity.quantity>0.000000</in_Quantity.quantity><out_Quantity.quantity>652.555122</out_Quantity.quantity></Point><Point><position>4036</position><in_Quantity.quantity>0.000000</in_Quantity.quantity><out_Quantity.quantity>496.385600</out_Quantity.quantity></Point><Point><position>4037</position><in_Quantity.quantity>0.000000</in_Quantity.quantity><out_Quantity.quantity>360.970295</out_Quantity.quantity></Point><Point><position>4038</position><in_Quantity.quantity>0.000000</in_Quantity.quantity><out_Quantity.quantity>409.651180</out_Quantity.quantity></Point><Point><position>4039</position><in_Quantity.quantity>0.000000</in_Quantity.quantity><out_Quantity.quantity>486.778979</out_Quantity.quantity></Point><Point><position>4040</position><in_Quantity.quantity>0.000000</in_Quantity.quantity><out_Quantity.quantity>157.297631</out_Quantity.quantity></Point><Point><position>4041</position><in_Quantity.quantity>0.000000</in_Quantity.quantity><out_Quantity.quantity>487.174577</out_Quantity.quantity></Point><Point><position>4042</position><in_Quantity.quantity>0.000000</in_Quantity.quantity><out_Quantity.quantity>744.665658</out_Quantity.quantity></Point><Point><position>4043</position><in_Quantity.quantity>0.000000</in_Quantity.quantity><out_Quantity.quantity>99.585858</out_Quantity.quantity></Point><Point><position>4044</position><in_Quantity.quantity>0.000000</in_Quantity.quantity><out_Quantity.quantity>357.476647</out_Quantity.quantity></Point><Point><position>4045</position><in_Quantity.quantity>0.000000</in_Quantity.quantity><out_Quantity.quantity>874.276687</out_Quantity.quantity></Point><Point><position>4046</position><in_Quantity.quantity>0.000000</in_Quantity.quantity><out_Quantity.quantity>850.485150</out_Quantity.quantity></Point><Point><position>4047</position><in_Quantity.quantity>0.000000</in_Quantity.quantity><out_Quantity.quantity>836.569860</out_Quantity.quantity></Point><Point><position>4048</position><in_Quantity.quantity>0.000000</in_Quantity.quantity><out_Quantity.quantity>690.212973</out_Quantity.quantity></Point><Point><position>4049</position><in_Quantity.quantity>0.000000</in_Quantity.quantity><out_Quantity.quantity>73.036520</out_Quantity.quantity></Point><Point><position>4050</position><in_Quantity.quantity>0.000000</in_Quantity.quantity><out_Quantity.quantity>967.348835</out_Quantity.quantity></Point><Point><position>4051</position><in_Quantity.quantity>0.000000</in_Quantity.quantity><out_Quantity.quantity>353.601027</out_Quantity.quantity></Point><Point><position>4052</position><in_Quantity.quantity>0.000000</in_Quantity.quantity><out_Quantity.quantity>35.182179</out_Quantity.quantity></Point><Point><position>4053</position><in_Quantity.quantity>0.000000</in_Quantity.quantity><out_Quantity.quantity>995.978763</out_Quantity.quantity></Point><Point><position>4054</position><in_Quantity.quantity>0.000000</in_Quantity.quantity><out_Quantity.quantity>692.609742</out_Quantity.quantity></Point><Point><position>4055</position><in_Quantity.quantity>0.000000</in_Quantity.quantity><out_Quantity.quantity>829.017758</out_Quantity.quantity></Point><Point><position>4056</position><in_Quantity.quantity>0.000000</in_Quantity.quantity><out_Quantity.quantity>136.462999</out_Quantity.quantity></Point><Point><position>4057</position><in_Quantity.quantity>0.000000</in_Quantity.quantity><out_Quantity.quantity>22.226827</out_Quantity.quantity></Point><Point><position>4058</position><in_Quantity.quantity>0.000000</in_Quantity.quantity><out_Quantity.quantity>246.018924</out_Quantity.quantity></Point><Point><position>4059</position><in_Quantity.quantity>0.000000</in_Quantity.quantity><out_Quantity.quantity>642.928089</out_Quantity.quantity></Point><Point><position>4060</position><in_Quantity.quantity>0.000000</in_Quantity.quantity><out_Quantity.quantity>203.961817</out_Quantity.quantity></Point><Point><position>4061</position><in_Quantity.quantity>0.000000</in_Quantity.quantity><out_Quantity.quantity>107.709138</out_Quantity.quantity></Point><Point><position>4062</position><in_Quantity.quantity>0.000000</in_Quantity.quantity><out_Quantity.quantity>574.325860</out_Quantity.quantity></Point><Point><position>4063</position><in_Quantity.quantity>0.000000</in_Quantity.quantity><out_Quantity.quantity>305.546761</out_Quantity.quantity></Point><Point><position>4064</position><in_Quantity.quantity>0.000000</in_Quantity.quantity><out_Quantity.quantity>385.648575</out_Quantity.quantity></Point><Point><position>4065</position><in_Quantity.quantity>0.000000</in_Quantity.quantity><out_Quantity.quantity>985.217200</out_Quantity.quantity></Point><Point><position>4066</position><in_Quantity.quantity>0.000000</in_Quantity.quantity><out_Quantity.quantity>309.571969</out_Quantity.quantity></Point><Point><position>4067</position><in_Quantity.quantity>0.000000</in_Quantity.quantity><out_Quantity.quantity>878.598441</out_Quantity.quantity></Point><Point><position>4068</position><in_Quantity.quantity>0.000000</in_Quantity.quantity><out_Quantity.quantity>48.124874</out_Quantity.quantity></Point><Point><position>4069</position><in_Quantity.quantity>0.000000</in_Quantity.quantity><out_Quantity.quantity>177.625922</out_Quantity.quantity></Point><Point><position>4070</position><in_Quantity.quantity>0.000000</in_Quantity.quantity><out_Quantity.quantity>171.818374</out_Quantity.quantity></Point><Point><position>4071</position><in_Quantity.quantity>0.000000</in_Quantity.quantity><out_Quantity.quantity>982.517863</out_Quantity.quantity></Point><Point><position>4072</position><in_Quantity.quantity>0.000000</in_Quantity.quantity><out_Quantity.quantity>766.357691</out_Quantity.quantity></Point><Point><position>4073</position><in_Quantity.quantity>0.000000</in_Quantity.quantity><out_Quantity.quantity>493.042721</out_Quantity.quantity></Point><Point><position>4074</position><in_Quantity.quantity>0.000000</in_Quantity.quantity><out_Quantity.quantity>651.464606</out_Quantity.quantity></Point><Point><position>4075</position><in_Quantity.quantity>0.000000</in_Quantity.quantity><out_Quantity.quantity>501.272742</out_Quantity.quantity></Point><Point><position>4076</position><in_Quantity.quantity>0.000000</in_Quantity.quantity><out_Quantity.quantity>50.507386</out_Quantity.quantity></Point><Point><position>4077</position><in_Quantity.quantity>0.000000</in_Quantity.quantity><out_Quantity.quantity>724.761673</out_Quantity.quantity></Point><Point><position>4078</position><in_Quantity.quantity>0.000000</in_Quantity.quantity><out_Quantity.quantity>222.570005</out_Quantity.quantity></Point><Point><position>4079</position><in_Quantity.quantity>0.000000</in_Quantity.quantity><out_Quantity.quantity>727.386086</out_Quantity.quantity></Point><Point><position>4080</position><in_Quantity.quantity>0.000000</in_Quantity.quantity><out_Quantity.quantity>714.290770</out_Quantity.quantity></Point><Point><position>4081</position><in_Quantity.quantity>0.000000</in_Quantity.quantity><out_Quantity.quantity>577.009955</out_Quantity.quantity></Point><Point><position>4082</position><in_Quantity.quantity>0.000000</in_Quantity.quantity><out_Quantity.quantity>686.142310</out_Quantity.quantity></Point><Point><position>4083</position><in_Quantity.quantity>0.000000</in_Quantity.quantity><out_Quantity.quantity>469.798920</out_Quantity.quantity></Point><Point><position>4084</position><in_Quantity.quantity>0.000000</in_Quantity.quantity><out_Quantity.quantity>372.770519</out_Quantity.quantity></Point><Point><position>4085</position><in_Quantity.quantity>0.000000</in_Quantity.quantity><out_Quantity.quantity>27.931014</out_Quantity.quantity></Point><Point><position>4086</position><in_Quantity.quantity>0.000000</in_Quantity.quantity><out_Quantity.quantity>56.193977</out_Quantity.quantity></Point><Point><position>4087</position><in_Quantity.quantity>0.000000</in_Quantity.quantity><out_Quantity.quantity>74.169180</out_Quantity.quantity></Point><Point><position>4088</position><in_Quantity.quantity>0.000000</in_Quantity.quantity><out_Quantity.quantity>489.668798</out_Quantity.quantity></Point><Point><position>4089</position><in_Quantity.quantity>0.000000</in_Quantity.quantity><out_Quantity.quantity>108.208256</out_Quantity.quantity></Point><Point><position>4090</position><in_Quantity.quantity>0.000000</in_Quantity.quantity><out_Quantity.quantity>30.071823</out_Quantity.quantity></Point><Point><position>4091</position><in_Quantity.quantity>0.000000</in_Quantity.quantity><out_Quantity.quantity>382.278371</out_Quantity.quantity></Point><Point><position>4092</position><in_Quantity.quantity>0.000000</in_Quantity.quantity><out_Quantity.quantity>351.502486</out_Quantity.quantity></Point><Point><position>4093</position><in_Quantity.quantity>0.000000</in_Quantity.quantity><out_Quantity.quantity>71.519956</out_Quantity.quantity></Point><Point><position>4094</position><in_Quantity.quantity>0.000000</in_Quantity.quantity><out_Quantity.quantity>78.378405</out_Quantity.quantity></Point><Point><position>4095</position><in_Quantity.quantity>0.000000</in_Quantity.quantity><out_Quantity.quantity>266.133726</out_Quantity.quantity></Point><Point><position>4096</position><in_Quantity.quantity>0.000000</in_Quantity.quantity><out_Quantity.quantity>694.973467</out_Quantity.quantity></Point><Point><position>4097</position><in_Quantity.quantity>0.000000</in_Quantity.quantity><out_Quantity.quantity>242.607255</out_Quantity.quantity></Point><Point><position>4098</position><in_Quantity.quantity>0.000000</in_Quantity.quantity><out_Quantity.quantity>591.530707</out_Quantity.quantity></Point><Point><position>4099</position><in_Quantity.quantity>0.000000</in_Quantity.quantity><out_Quantity.quantity>243.824913</out_Quantity.quantity></Point><Point><position>4100</position><in_Quantity.quantity>0.000000</in_Quantity.quantity><out_Quantity.quantity>466.558210</out_Quantity.quantity></Point><Point><position>4101</position><in_Quantity.quantity>0.000000</in_Quantity.quantity><out_Quantity.quantity>738.101671</out_Quantity.quantity></Point><Point><position>4102</position><in_Quantity.quantity>0.000000</in_Quantity.quantity><out_Quantity.quantity>881.816928</out_Quantity.quantity></Point><Point><position>4103</position><in_Quantity.quantity>0.000000</in_Quantity.quantity><out_Quantity.quantity>175.028393</out_Quantity.quantity></Point><Point><position>4104</position><in_Quantity.quantity>0.000000</in_Quantity.quantity><out_Quantity.quantity>889.015147</out_Quantity.quantity></Point><Point><position>4105</position><in_Quantity.quantity>0.000000</in_Quantity.quantity><out_Quantity.quantity>650.623277</out_Quantity.quantity></Point><Point><position>4106</position><in_Quantity.quantity>0.000000</in_Quantity.quantity><out_Quantity.quantity>742.871331</out_Quantity.quantity></Point><Point><position>4107</position><in_Quantity.quantity>0.000000</in_Quantity.quantity><out_Quantity.quantity>243.928476</out_Quantity.quantity></Point><Point><position>4108</position><in_Quantity.quantity>0.000000</in_Quantity.quantity><out_Quantity.quantity>922.345223</out_Quantity.quantity></Point><Point><position>4109</position><in_Quantity.quantity>0.000000</in_Quantity.quantity><out_Quantity.quantity>0.341470</out_Quantity.quantity></Point><Point><position>4110</position><in_Quantity.quantity>0.000000</in_Quantity.quantity><out_Quantity.quantity>74.572583</out_Quantity.quantity></Point><Point><position>4111</position><in_Quantity.quantity>0.000000</in_Quantity.quantity><out_Quantity.quantity>351.728232</out_Quantity.quantity></Point><Point><position>4112</position><in_Quantity.quantity>0.000000</in_Quantity.quantity><out_Quantity.quantity>114.859684</out_Quantity.quantity></Point><Point><position>4113</position><in_Quantity.quantity>0.000000</in_Quantity.quantity><out_Quantity.quantity>361.964786</out_Quantity.quantity></Point><Point><position>4114</position><in_Quantity.quantity>0.000000</in_Quantity.quantity><out_Quantity.quantity>660.274862</out_Quantity.quantity></Point><Point><position>4115</position><in_Quantity.quantity>0.000000</in_Quantity.quantity><out_Quantity.quantity>388.369720</out_Quantity.quantity></Point><Point><position>4116</position><in_Quantity.quantity>0.000000</in_Quantity.quantity><out_Quantity.quantity>905.248287</out_Quantity.quantity></Point><Point><position>4117</position><in_Quantity.quantity>0.000000</in_Quantity.quantity><out_Quantity.quantity>441.312996</out_Quantity.quantity></Point><Point><position>4118</position><in_Quantity.quantity>0.000000</in_Quantity.quantity><out_Quantity.quantity>160.810457</out_Quantity.quantity></Point><Point><position>4119</position><in_Quantity.quantity>0.000000</in_Quantity.quantity><out_Quantity.quantity>279.125383</out_Quantity.quantity></Point><Point><position>4120</position><in_Quantity.quantity>0.000000</in_Quantity.quantity><out_Quantity.quantity>81.591254</out_Quantity.quantity></Point><Point><position>4121</position><in_Quantity.quantity>0.000000</in_Quantity.quantity><out_Quantity.quantity>524.114166</out_Quantity.quantity></Point><Point><position>4122</position><in_Quantity.quantity>0.000000</in_Quantity.quantity><out_Quantity.quantity>444.725846</out_Quantity.quantity></Point><Point><position>4123</position><in_Quantity.quantity>0.000000</in_Quantity.quantity><out_Quantity.quantity>483.586490</out_Quantity.quantity></Point><Point><position>4124</position><in_Quantity.quantity>0.000000</in_Quantity.quantity><out_Quantity.quantity>782.049895</out_Quantity.quantity></Point><Point><position>4125</position><in_Quantity.quantity>0.000000</in_Quantity.quantity><out_Quantity.quantity>843.903019</out_Quantity.quantity></Point><Point><position>4126</position><in_Quantity.quantity>0.000000</in_Quantity.quantity><out_Quantity.quantity>491.609281</out_Quantity.quantity></Point><Point><position>4127</position><in_Quantity.quantity>0.000000</in_Quantity.quantity><out_Quantity.quantity>810.779127</out_Quantity.quantity></Point><Point><position>4128</position><in_Quantity.quantity>0.000000</in_Quantity.quantity><out_Quantity.quantity>956.515810</out_Quantity.quantity></Point><Point><position>4129</position><in_Quantity.quantity>0.000000</in_Quantity.quantity><out_Quantity.quantity>766.576909</out_Quantity.quantity></Point><Point><position>4130</position><in_Quantity.quantity>0.000000</in_Quantity.quantity><out_Quantity.quantity>908.210345</out_Quantity.quantity></Point><Point><position>4131</position><in_Quantity.quantity>0.000000</in_Quantity.quantity><out_Quantity.quantity>936.531974</out_Quantity.quantity></Point><Point><position>4132</position><in_Quantity.quantity>0.000000</in_Quantity.quantity><out_Quantity.quantity>763.164745</out_Quantity.quantity></Point><Point><position>4133</position><in_Quantity.quantity>0.000000</in_Quantity.quantity><out_Quantity.quantity>978.903006</out_Quantity.quantity></Point><Point><position>4134</position><in_Quantity.quantity>0.000000</in_Quantity.quantity><out_Quantity.quantity>314.644738</out_Quantity.quantity></Point><Point><position>4135</position><in_Quantity.quantity>0.000000</in_Quantity.quantity><out_Quantity.quantity>43.730324</out_Quantity.quantity></Point><Point><position>4136</position><in_Quantity.quantity>0.000000</in_Quantity.quantity><out_Quantity.quantity>4.476920</out_Quantity.quantity></Point><Point><position>4137</position><in_Quantity.quantity>0.000000</in_Quantity.quantity><out_Quantity.quantity>266.495799</out_Quantity.quantity></Point><Point><position>4138</position><in_Quantity.quantity>0.000000</in_Quantity.quantity><out_Quantity.quantity>750.635722</out_Quantity.quantity></Point><Point><position>4139</position><in_Quantity.quantity>0.000000</in_Quantity.quantity><out_Quantity.quantity>764.140421</out_Quantity.quantity></Point><Point><position>4140</position><in_Quantity.quantity>0.000000</in_Quantity.quantity><out_Quantity.quantity>340.797966</out_Quantity.quantity></Point><Point><position>4141</position><in_Quantity.quantity>0.000000</in_Quantity.quantity><out_Quantity.quantity>733.239295</out_Quantity.quantity></Point><Point><position>4142</position><in_Quantity.quantity>0.000000</in_Quantity.quantity><out_Quantity.quantity>741.821716</out_Quantity.quantity></Point><Point><position>4143</position><in_Quantity.quantity>0.000000</in_Quantity.quantity><out_Quantity.quantity>532.231289</out_Quantity.quantity></Point><Point><position>4144</position><in_Quantity.quantity>0.000000</in_Quantity.quantity><out_Quantity.quantity>580.408802</out_Quantity.quantity></Point><Point><position>4145</position><in_Quantity.quantity>0.000000</in_Quantity.quantity><out_Quantity.quantity>43.642750</out_Quantity.quantity></Point><Point><position>4146</position><in_Quantity.quantity>0.000000</in_Quantity.quantity><out_Quantity.quantity>453.776262</out_Quantity.quantity></Point><Point><position>4147</position><in_Quantity.quantity>0.000000</in_Quantity.quantity><out_Quantity.quantity>188.277235</out_Quantity.quantity></Point><Point><position>4148</position><in_Quantity.quantity>0.000000</in_Quantity.quantity><out_Quantity.quantity>306.314325</out_Quantity.quantity></Point><Point><position>4149</position><in_Quantity.quantity>0.000000</in_Quantity.quantity><out_Quantity.quantity>201.086517</out_Quantity.quantity></Point><Point><position>4150</position><in_Quantity.quantity>0.000000</in_Quantity.quantity><out_Quantity.quantity>489.651287</out_Quantity.quantity></Point><Point><position>4151</position><in_Quantity.quantity>0.000000</in_Quantity.quantity><out_Quantity.quantity>431.184362</out_Quantity.quantity></Point><Point><position>4152</position><in_Quantity.quantity>0.000000</in_Quantity.quantity><out_Quantity.quantity>486.986273</out_Quantity.quantity></Point><Point><position>4153</position><in_Quantity.quantity>0.000000</in_Quantity.quantity><out_Quantity.quantity>962.025508</out_Quantity.quantity></Point><Point><position>4154</position><in_Quantity.quantity>0.000000</in_Quantity.quantity><out_Quantity.quantity>752.845573</out_Quantity.quantity></Point><Point><position>4155</position><in_Quantity.quantity>0.000000</in_Quantity.quantity><out_Quantity.quantity>982.464892</out_Quantity.quantity></Point><Point><position>4156</position><in_Quantity.quantity>0.000000</in_Quantity.quantity><out_Quantity.quantity>191.661233</out_Quantity.quantity></Point><Point><position>4157</position><in_Quantity.quantity>0.000000</in_Quantity.quantity><out_Quantity.quantity>364.386279</out_Quantity.quantity></Point><Point><position>4158</position><in_Quantity.quantity>0.000000</in_Quantity.quantity><out_Quantity.quantity>521.380598</out_Quantity.quantity></Point><Point><position>4159</position><in_Quantity.quantity>0.000000</in_Quantity.quantity><out_Quantity.quantity>129.706766</out_Quantity.quantity></Point><Point><position>4160</position><in_Quantity.quantity>0.000000</in_Quantity.quantity><out_Quantity.quantity>770.937661</out_Quantity.quantity></Point><Point><position>4161</position><in_Quantity.quantity>0.000000</in_Quantity.quantity><out_Quantity.quantity>833.956598</out_Quantity.quantity></Point><Point><position>4162</position><in_Quantity.quantity>0.000000</in_Quantity.quantity><out_Quantity.quantity>345.199279</out_Quantity.quantity></Point><Point><position>4163</position><in_Quantity.quantity>0.000000</in_Quantity.quantity><out_Quantity.quantity>183.108415</out_Quantity.quantity></Point><Point><position>4164</position><in_Quantity.quantity>0.000000</in_Quantity.quantity><out_Quantity.quantity>375.925186</out_Quantity.quantity></Point><Point><position>4165</position><in_Quantity.quantity>0.000000</in_Quantity.quantity><out_Quantity.quantity>296.467060</out_Quantity.quantity></Point><Point><position>4166</position><in_Quantity.quantity>0.000000</in_Quantity.quantity><out_Quantity.quantity>430.016747</out_Quantity.quantity></Point><Point><position>4167</position><in_Quantity.quantity>0.000000</in_Quantity.quantity><out_Quantity.quantity>102.995185</out_Quantity.quantity></Point><Point><position>4168</position><in_Quantity.quantity>0.000000</in_Quantity.quantity><out_Quantity.quantity>524.505203</out_Quantity.quantity></Point><Point><position>4169</position><in_Quantity.quantity>0.000000</in_Quantity.quantity><out_Quantity.quantity>463.427786</out_Quantity.quantity></Point><Point><position>4170</position><in_Quantity.quantity>0.000000</in_Quantity.quantity><out_Quantity.quantity>461.648333</out_Quantity.quantity></Point><Point><position>4171</position><in_Quantity.quantity>0.000000</in_Quantity.quantity><out_Quantity.quantity>424.956788</out_Quantity.quantity></Point><Point><position>4172</position><in_Quantity.quantity>0.000000</in_Quantity.quantity><out_Quantity.quantity>783.417484</out_Quantity.quantity></Point><Point><position>4173</position><in_Quantity.quantity>0.000000</in_Quantity.quantity><out_Quantity.quantity>760.384356</out_Quantity.quantity></Point><Point><position>4174</position><in_Quantity.quantity>0.000000</in_Quantity.quantity><out_Quantity.quantity>30.702748</out_Quantity.quantity></Point><Point><position>4175</position><in_Quantity.quantity>0.000000</in_Quantity.quantity><out_Quantity.quantity>882.415169</out_Quantity.quantity></Point><Point><position>4176</position><in_Quantity.quantity>0.000000</in_Quantity.quantity><out_Quantity.quantity>412.667732</out_Quantity.quantity></Point><Point><position>4177</position><in_Quantity.quantity>0.000000</in_Quantity.quantity><out_Quantity.quantity>868.056853</out_Quantity.quantity></Point><Point><position>4178</position><in_Quantity.quantity>0.000000</in_Quantity.quantity><out_Quantity.quantity>355.000219</out_Quantity.quantity></Point><Point><position>4179</position><in_Quantity.quantity>0.000000</in_Quantity.quantity><out_Quantity.quantity>446.959665</out_Quantity.quantity></Point><Point><position>4180</position><in_Quantity.quantity>0.000000</in_Quantity.quantity><out_Quantity.quantity>559.589247</out_Quantity.quantity></Point><Point><position>4181</position><in_Quantity.quantity>0.000000</in_Quantity.quantity><out_Quantity.quantity>666.204389</out_Quantity.quantity></Point><Point><position>4182</position><in_Quantity.quantity>0.000000</in_Quantity.quantity><out_Quantity.quantity>723.135378</out_Quantity.quantity></Point><Point><position>4183</position><in_Quantity.quantity>0.000000</in_Quantity.quantity><out_Quantity.quantity>647.617892</out_Quantity.quantity></Point><Point><position>4184</position><in_Quantity.quantity>0.000000</in_Quantity.quantity><out_Quantity.quantity>909.676359</out_Quantity.quantity></Point><Point><position>4185</position><in_Quantity.quantity>0.000000</in_Quantity.quantity><out_Quantity.quantity>963.315925</out_Quantity.quantity></Point><Point><position>4186</position><in_Quantity.quantity>0.000000</in_Quantity.quantity><out_Quantity.quantity>86.670573</out_Quantity.quantity></Point><Point><position>4187</position><in_Quantity.quantity>0.000000</in_Quantity.quantity><out_Quantity.quantity>480.919470</out_Quantity.quantity></Point><Point><position>4188</position><in_Quantity.quantity>0.000000</in_Quantity.quantity><out_Quantity.quantity>288.898513</out_Quantity.quantity></Point><Point><position>4189</position><in_Quantity.quantity>0.000000</in_Quantity.quantity><out_Quantity.quantity>542.302298</out_Quantity.quantity></Point><Point><position>4190</position><in_Quantity.quantity>0.000000</in_Quantity.quantity><out_Quantity.quantity>386.259765</out_Quantity.quantity></Point><Point><position>4191</position><in_Quantity.quantity>0.000000</in_Quantity.quantity><out_Quantity.quantity>700.845173</out_Quantity.quantity></Point><Point><position>4192</position><in_Quantity.quantity>0.000000</in_Quantity.quantity><out_Quantity.quantity>710.309386</out_Quantity.quantity></Point><Point><position>4193</position><in_Quantity.quantity>0.000000</in_Quantity.quantity><out_Quantity.quantity>170.453128</out_Quantity.quantity></Point><Point><position>4194</position><in_Quantity.quantity>0.000000</in_Quantity.quantity><out_Quantity.quantity>390.860980</out_Quantity.quantity></Point><Point><position>4195</position><in_Quantity.quantity>0.000000</in_Quantity.quantity><out_Quantity.quantity>488.372733</out_Quantity.quantity></Point><Point><position>4196</position><in_Quantity.quantity>0.000000</in_Quantity.quantity><out_Quantity.quantity>667.172660</out_Quantity.quantity></Point><Point><position>4197</position><in_Quantity.quantity>0.000000</in_Quantity.quantity><out_Quantity.quantity>433.701907</out_Quantity.quantity></Point><Point><position>4198</position><in_Quantity.quantity>0.000000</in_Quantity.quantity><out_Quantity.quantity>149.333126</out_Quantity.quantity></Point><Point><position>4199</position><in_Quantity.quantity>0.000000</in_Quantity.quantity><out_Quantity.quantity>991.579342</out_Quantity.quantity></Point><Point><position>4200</position><in_Quantity.quantity>0.000000</in_Quantity.quantity><out_Quantity.quantity>263.755313</out_Quantity.quantity></Point><Point><position>4201</position><in_Quantity.quantity>0.000000</in_Quantity.quantity><out_Quantity.quantity>606.964242</out_Quantity.quantity></Point><Point><position>4202</position><in_Quantity.quantity>0.000000</in_Quantity.quantity><out_Quantity.quantity>429.409173</out_Quantity.quantity></Point><Point><position>4203</position><in_Quantity.quantity>0.000000</in_Quantity.quantity><out_Quantity.quantity>83.203002</out_Quantity.quantity></Point><Point><position>4204</position><in_Quantity.quantity>0.000000</in_Quantity.quantity><out_Quantity.quantity>340.544690</out_Quantity.quantity></Point><Point><position>4205</position><in_Quantity.quantity>0.000000</in_Quantity.quantity><out_Quantity.quantity>954.732621</out_Quantity.quantity></Point><Point><position>4206</position><in_Quantity.quantity>0.000000</in_Quantity.quantity><out_Quantity.quantity>953.021173</out_Quantity.quantity></Point><Point><position>4207</position><in_Quantity.quantity>0.000000</in_Quantity.quantity><out_Quantity.quantity>718.694278</out_Quantity.quantity></Point><Point><position>4208</position><in_Quantity.quantity>0.000000</in_Quantity.quantity><out_Quantity.quantity>253.188271</out_Quantity.quantity></Point><Point><position>4209</position><in_Quantity.quantity>0.000000</in_Quantity.quantity><out_Quantity.quantity>651.918786</out_Quantity.quantity></Point><Point><position>4210</position><in_Quantity.quantity>0.000000</in_Quantity.quantity><out_Quantity.quantity>471.152497</out_Quantity.quantity></Point><Point><position>4211</position><in_Quantity.quantity>0.000000</in_Quantity.quantity><out_Quantity.quantity>520.789129</out_Quantity.quantity></Point><Point><position>4212</position><in_Quantity.quantity>0.000000</in_Quantity.quantity><out_Quantity.quantity>793.581531</out_Quantity.quantity></Point><Point><position>4213</position><in_Quantity.quantity>0.000000</in_Quantity.quantity><out_Quantity.quantity>635.915739</out_Quantity.quantity></Point><Point><position>4214</position><in_Quantity.quantity>0.000000</in_Quantity.quantity><out_Quantity.quantity>24.955262</out_Quantity.quantity></Point><Point><position>4215</position><in_Quantity.quantity>0.000000</in_Quantity.quantity><out_Quantity.quantity>667.119322</out_Quantity.quantity></Point><Point><position>4216</position><in_Quantity.quantity>0.000000</in_Quantity.quantity><out_Quantity.quantity>850.278167</out_Quantity.quantity></Point><Point><position>4217</position><in_Quantity.quantity>0.000000</in_Quantity.quantity><out_Quantity.quantity>386.153252</out_Quantity.quantity></Point><Point><position>4218</position><in_Quantity.quantity>0.000000</in_Quantity.quantity><out_Quantity.quantity>977.599520</out_Quantity.quantity></Point><Point><position>4219</position><in_Quantity.quantity>0.000000</in_Quantity.quantity><out_Quantity.quantity>95.539136</out_Quantity.quantity></Point><Point><position>4220</position><in_Quantity.quantity>0.000000</in_Quantity.quantity><out_Quantity.quantity>599.630200</out_Quantity.quantity></Point><Point><position>4221</position><in_Quantity.quantity>0.000000</in_Quantity.quantity><out_Quantity.quantity>462.823337</out_Quantity.quantity></Point><Point><position>4222</position><in_Quantity.quantity>0.000000</in_Quantity.quantity><out_Quantity.quantity>41.108754</out_Quantity.quantity></Point><Point><position>4223</position><in_Quantity.quantity>0.000000</in_Quantity.quantity><out_Quantity.quantity>552.041732</out_Quantity.quantity></Point><Point><position>4224</position><in_Quantity.quantity>0.000000</in_Quantity.quantity><out_Quantity.quantity>780.110889</out_Quantity.quantity></Point><Point><position>4225</position><in_Quantity.quantity>0.000000</in_Quantity.quantity><out_Quantity.quantity>438.455406</out_Quantity.quantity></Point><Point><position>4226</position><in_Quantity.quantity>0.000000</in_Quantity.quantity><out_Quantity.quantity>25.315636</out_Quantity.quantity></Point><Point><position>4227</position><in_Quantity.quantity>0.000000</in_Quantity.quantity><out_Quantity.quantity>569.000947</out_Quantity.quantity></Point><Point><position>4228</position><in_Quantity.quantity>0.000000</in_Quantity.quantity><out_Quantity.quantity>977.486290</out_Quantity.quantity></Point><Point><position>4229</position><in_Quantity.quantity>0.000000</in_Quantity.quantity><out_Quantity.quantity>32.754795</out_Quantity.quantity></Point><Point><position>4230</position><in_Quantity.quantity>0.000000</in_Quantity.quantity><out_Quantity.quantity>124.076530</out_Quantity.quantity></Point><Point><position>4231</position><in_Quantity.quantity>0.000000</in_Quantity.quantity><out_Quantity.quantity>574.918854</out_Quantity.quantity></Point><Point><position>4232</position><in_Quantity.quantity>0.000000</in_Quantity.quantity><out_Quantity.quantity>670.992883</out_Quantity.quantity></Point><Point><position>4233</position><in_Quantity.quantity>0.000000</in_Quantity.quantity><out_Quantity.quantity>531.637784</out_Quantity.quantity></Point><Point><position>4234</position><in_Quantity.quantity>0.000000</in_Quantity.quantity><out_Quantity.quantity>314.708680</out_Quantity.quantity></Point><Point><position>4235</position><in_Quantity.quantity>0.000000</in_Quantity.quantity><out_Quantity.quantity>66.034153</out_Quantity.quantity></Point><Point><position>4236</position><in_Quantity.quantity>0.000000</in_Quantity.quantity><out_Quantity.quantity>726.254092</out_Quantity.quantity></Point><Point><position>4237</position><in_Quantity.quantity>0.000000</in_Quantity.quantity><out_Quantity.quantity>861.615264</out_Quantity.quantity></Point><Point><position>4238</position><in_Quantity.quantity>0.000000</in_Quantity.quantity><out_Quantity.quantity>191.846125</out_Quantity.quantity></Point><Point><position>4239</position><in_Quantity.quantity>0.000000</in_Quantity.quantity><out_Quantity.quantity>290.838679</out_Quantity.quantity></Point><Point><position>4240</position><in_Quantity.quantity>0.000000</in_Quantity.quantity><out_Quantity.quantity>28.180083</out_Quantity.quantity></Point><Point><position>4241</position><in_Quantity.quantity>0.000000</in_Quantity.quantity><out_Quantity.quantity>637.061324</out_Quantity.quantity></Point><Point><position>4242</position><in_Quantity.quantity>0.000000</in_Quantity.quantity><out_Quantity.quantity>396.179616</out_Quantity.quantity></Point><Point><position>4243</position><in_Quantity.quantity>0.000000</in_Quantity.quantity><out_Quantity.quantity>879.392272</out_Quantity.quantity></Point><Point><position>4244</position><in_Quantity.quantity>0.000000</in_Quantity.quantity><out_Quantity.quantity>137.423137</out_Quantity.quantity></Point><Point><position>4245</position><in_Quantity.quantity>0.000000</in_Quantity.quantity><out_Quantity.quantity>698.046743</out_Quantity.quantity></Point><Point><position>4246</position><in_Quantity.quantity>0.000000</in_Quantity.quantity><out_Quantity.quantity>590.360172</out_Quantity.quantity></Point><Point><position>4247</position><in_Quantity.quantity>0.000000</in_Quantity.quantity><out_Quantity.quantity>51.398802</out_Quantity.quantity></Point><Point><position>4248</position><in_Quantity.quantity>0.000000</in_Quantity.quantity><out_Quantity.quantity>74.545209</out_Quantity.quantity></Point><Point><position>4249</position><in_Quantity.quantity>0.000000</in_Quantity.quantity><out_Quantity.quantity>208.090905</out_Quantity.quantity></Point><Point><position>4250</position><in_Quantity.quantity>0.000000</in_Quantity.quantity><out_Quantity.quantity>462.567843</out_Quantity.quantity></Point><Point><position>4251</position><in_Quantity.quantity>0.000000</in_Quantity.quantity><out_Quantity.quantity>681.828895</out_Quantity.quantity></Point><Point><position>4252</position><in_Quantity.quantity>0.000000</in_Quantity.quantity><out_Quantity.quantity>460.412352</out_Quantity.quantity></Point><Point><position>4253</position><in_Quantity.quantity>0.000000</in_Quantity.quantity><out_Quantity.quantity>627.880542</out_Quantity.quantity></Point><Point><position>4254</position><in_Quantity.quantity>0.000000</in_Quantity.quantity><out_Quantity.quantity>341.543570</out_Quantity.quantity></Point><Point><position>4255</position><in_Quantity.quantity>0.000000</in_Quantity.quantity><out_Quantity.quantity>829.264466</out_Quantity.quantity></Point><Point><position>4256</position><in_Quantity.quantity>0.000000</in_Quantity.quantity><out_Quantity.quantity>3.437811</out_Quantity.quantity></Point><Point><position>4257</position><in_Quantity.quantity>0.000000</in_Quantity.quantity><out_Quantity.quantity>331.579073</out_Quantity.quantity></Point><Point><position>4258</position><in_Quantity.quantity>0.000000</in_Quantity.quantity><out_Quantity.quantity>31.913271</out_Quantity.quantity></Point><Point><position>4259</position><in_Quantity.quantity>0.000000</in_Quantity.quantity><out_Quantity.quantity>620.020378</out_Quantity.quantity></Point><Point><position>4260</position><in_Quantity.quantity>0.000000</in_Quantity.quantity><out_Quantity.quantity>576.314149</out_Quantity.quantity></Point><Point><position>4261</position><in_Quantity.quantity>0.000000</in_Quantity.quantity><out_Quantity.quantity>255.012654</out_Quantity.quantity></Point><Point><position>4262</position><in_Quantity.quantity>0.000000</in_Quantity.quantity><out_Quantity.quantity>524.601240</out_Quantity.quantity></Point><Point><position>4263</position><in_Quantity.quantity>0.000000</in_Quantity.quantity><out_Quantity.quantity>144.149243</out_Quantity.quantity></Point><Point><position>4264</position><in_Quantity.quantity>0.000000</in_Quantity.quantity><out_Quantity.quantity>26.916366</out_Quantity.quantity></Point><Point><position>4265</position><in_Quantity.quantity>0.000000</in_Quantity.quantity><out_Quantity.quantity>668.918178</out_Quantity.quantity></Point><Point><position>4266</position><in_Quantity.quantity>0.000000</in_Quantity.quantity><out_Quantity.quantity>517.579310</out_Quantity.quantity></Point><Point><position>4267</position><in_Quantity.quantity>0.000000</in_Quantity.quantity><out_Quantity.quantity>577.009845</out_Quantity.quantity></Point><Point><position>4268</position><in_Quantity.quantity>0.000000</in_Quantity.quantity><out_Quantity.quantity>573.460599</out_Quantity.quantity></Point><Point><position>4269</position><in_Quantity.quantity>0.000000</in_Quantity.quantity><out_Quantity.quantity>541.717222</out_Quantity.quantity></Point><Point><position>4270</position><in_Quantity.quantity>0.000000</in_Quantity.quantity><out_Quantity.quantity>636.406419</out_Quantity.quantity></Point><Point><position>4271</position><in_Quantity.quantity>0.000000</in_Quantity.quantity><out_Quantity.quantity>194.730924</out_Quantity.quantity></Point><Point><position>4272</position><in_Quantity.quantity>0.000000</in_Quantity.quantity><out_Quantity.quantity>939.996658</out_Quantity.quantity></Point><Point><position>4273</position><in_Quantity.quantity>0.000000</in_Quantity.quantity><out_Quantity.quantity>963.193703</out_Quantity.quantity></Point><Point><position>4274</position><in_Quantity.quantity>0.000000</in_Quantity.quantity><out_Quantity.quantity>813.602468</out_Quantity.quantity></Point><Point><position>4275</position><in_Quantity.quantity>0.000000</in_Quantity.quantity><out_Quantity.quantity>451.956608</out_Quantity.quantity></Point><Point><position>4276</position><in_Quantity.quantity>0.000000</in_Quantity.quantity><out_Quantity.quantity>926.917440</out_Quantity.quantity></Point><Point><position>4277</position><in_Quantity.quantity>0.000000</in_Quantity.quantity><out_Quantity.quantity>898.404213</out_Quantity.quantity></Point><Point><position>4278</position><in_Quantity.quantity>0.000000</in_Quantity.quantity><out_Quantity.quantity>909.060809</out_Quantity.quantity></Point><Point><position>4279</position><in_Quantity.quantity>0.000000</in_Quantity.quantity><out_Quantity.quantity>473.963961</out_Quantity.quantity></Point><Point><position>4280</position><in_Quantity.quantity>0.000000</in_Quantity.quantity><out_Quantity.quantity>221.884633</out_Quantity.quantity></Point><Point><position>4281</position><in_Quantity.quantity>0.000000</in_Quantity.quantity><out_Quantity.quantity>15.834833</out_Quantity.quantity></Point><Point><position>4282</position><in_Quantity.quantity>0.000000</in_Quantity.quantity><out_Quantity.quantity>427.375163</out_Quantity.quantity></Point><Point><position>4283</position><in_Quantity.quantity>0.000000</in_Quantity.quantity><out_Quantity.quantity>453.002020</out_Quantity.quantity></Point><Point><position>4284</position><in_Quantity.quantity>0.000000</in_Quantity.quantity><out_Quantity.quantity>563.712772</out_Quantity.quantity></Point><Point><position>4285</position><in_Quantity.quantity>0.000000</in_Quantity.quantity><out_Quantity.quantity>233.228019</out_Quantity.quantity></Point><Point><position>4286</position><in_Quantity.quantity>0.000000</in_Quantity.quantity><out_Quantity.quantity>357.878080</out_Quantity.quantity></Point><Point><position>4287</position><in_Quantity.quantity>0.000000</in_Quantity.quantity><out_Quantity.quantity>992.762118</out_Quantity.quantity></Point><Point><position>4288</position><in_Quantity.quantity>0.000000</in_Quantity.quantity><out_Quantity.quantity>335.672256</out_Quantity.quantity></Point><Point><position>4289</position><in_Quantity.quantity>0.000000</in_Quantity.quantity><out_Quantity.quantity>365.544465</out_Quantity.quantity></Point><Point><position>4290</position><in_Quantity.quantity>0.000000</in_Quantity.quantity><out_Quantity.quantity>319.444811</out_Quantity.quantity></Point><Point><position>4291</position><in_Quantity.quantity>0.000000</in_Quantity.quantity><out_Quantity.quantity>6.894579</out_Quantity.quantity></Point><Point><position>4292</position><in_Quantity.quantity>0.000000</in_Quantity.quantity><out_Quantity.quantity>849.148993</out_Quantity.quantity></Point><Point><position>4293</position><in_Quantity.quantity>0.000000</in_Quantity.quantity><out_Quantity.quantity>341.638618</out_Quantity.quantity></Point><Point><position>4294</position><in_Quantity.quantity>0.000000</in_Quantity.quantity><out_Quantity.quantity>376.324148</out_Quantity.quantity></Point><Point><position>4295</position><in_Quantity.quantity>0.000000</in_Quantity.quantity><out_Quantity.quantity>650.167281</out_Quantity.quantity></Point><Point><position>4296</position><in_Quantity.quantity>0.000000</in_Quantity.quantity><out_Quantity.quantity>851.675988</out_Quantity.quantity></Point><Point><position>4297</position><in_Quantity.quantity>0.000000</in_Quantity.quantity><out_Quantity.quantity>432.606390</out_Quantity.quantity></Point><Point><position>4298</position><in_Quantity.quantity>0.000000</in_Quantity.quantity><out_Quantity.quantity>323.017168</out_Quantity.quantity></Point><Point><position>4299</position><in_Quantity.quantity>0.000000</in_Quantity.quantity><out_Quantity.quantity>899.990703</out_Quantity.quantity></Point><Point><position>4300</position><in_Quantity.quantity>0.000000</in_Quantity.quantity><out_Quantity.quantity>102.896023</out_Quantity.quantity></Point><Point><position>4301</position><in_Quantity.quantity>0.000000</in_Quantity.quantity><out_Quantity.quantity>438.452121</out_Quantity.quantity></Point><Point><position>4302</position><in_Quantity.quantity>0.000000</in_Quantity.quantity><out_Quantity.quantity>98.807396</out_Quantity.quantity></Point><Point><position>4303</position><in_Quantity.quantity>0.000000</in_Quantity.quantity><out_Quantity.quantity>764.692693</out_Quantity.quantity></Point><Point><position>4304</position><in_Quantity.quantity>0.000000</in_Quantity.quantity><out_Quantity.quantity>868.075146</out_Quantity.quantity></Point><Point><position>4305</position><in_Quantity.quantity>0.000000</in_Quantity.quantity><out_Quantity.quantity>172.832492</out_Quantity.quantity></Point><Point><position>4306</position><in_Quantity.quantity>0.000000</in_Quantity.quantity><out_Quantity.quantity>433.088151</out_Quantity.quantity></Point><Point><position>4307</position><in_Quantity.quantity>0.000000</in_Quantity.quantity><out_Quantity.quantity>901.662882</out_Quantity.quantity></Point><Point><position>4308</position><in_Quantity.quantity>0.000000</in_Quantity.quantity><out_Quantity.quantity>14.836010</out_Quantity.quantity></Point><Point><position>4309</position><in_Quantity.quantity>0.000000</in_Quantity.quantity><out_Quantity.quantity>341.458120</out_Quantity.quantity></Point><Point><position>4310</position><in_Quantity.quantity>0.000000</in_Quantity.quantity><out_Quantity.quantity>546.532653</out_Quantity.quantity></Point><Point><position>4311</position><in_Quantity.quantity>0.000000</in_Quantity.quantity><out_Quantity.quantity>297.955825</out_Quantity.quantity></Point><Point><position>4312</position><in_Quantity.quantity>0.000000</in_Quantity.quantity><out_Quantity.quantity>1.586517</out_Quantity.quantity></Point><Point><position>4313</position><in_Quantity.quantity>0.000000</in_Quantity.quantity><out_Quantity.quantity>266.055190</out_Quantity.quantity></Point><Point><position>4314</position><in_Quantity.quantity>0.000000</in_Quantity.quantity><out_Quantity.quantity>732.303665</out_Quantity.quantity></Point><Point><position>4315</position><in_Quantity.quantity>0.000000</in_Quantity.quantity><out_Quantity.quantity>285.273569</out_Quantity.quantity></Point><Point><position>4316</position><in_Quantity.quantity>0.000000</in_Quantity.quantity><out_Quantity.quantity>280.216443</out_Quantity.quantity></Point><Point><position>4317</position><in_Quantity.quantity>0.000000</in_Quantity.quantity><out_Quantity.quantity>199.566225</out_Quantity.quantity></Point><Point><position>4318</position><in_Quantity.quantity>0.000000</in_Quantity.quantity><out_Quantity.quantity>291.116323</out_Quantity.quantity></Point><Point><position>4319</position><in_Quantity.quantity>0.000000</in_Quantity.quantity><out_Quantity.quantity>658.597964</out_Quantity.quantity></Point><Point><position>4320</position><in_Quantity.quantity>0.000000</in_Quantity.quantity><out_Quantity.quantity>862.556010</out_Quantity.quantity></Point><Point><position>4321</position><in_Quantity.quantity>0.000000</in_Quantity.quantity><out_Quantity.quantity>86.323272</out_Quantity.quantity></Point><Point><position>4322</position><in_Quantity.quantity>0.000000</in_Quantity.quantity><out_Quantity.quantity>40.848693</out_Quantity.quantity></Point><Point><position>4323</position><in_Quantity.quantity>0.000000</in_Quantity.quantity><out_Quantity.quantity>150.145494</out_Quantity.quantity></Point><Point><position>4324</position><in_Quantity.quantity>0.000000</in_Quantity.quantity><out_Quantity.quantity>188.100656</out_Quantity.quantity></Point><Point><position>4325</position><in_Quantity.quantity>0.000000</in_Quantity.quantity><out_Quantity.quantity>157.451455</out_Quantity.quantity></Point><Point><position>4326</position><in_Quantity.quantity>0.000000</in_Quantity.quantity><out_Quantity.quantity>651.101215</out_Quantity.quantity></Point><Point><position>4327</position><in_Quantity.quantity>0.000000</in_Quantity.quantity><out_Quantity.quantity>949.669969</out_Quantity.quantity></Point><Point><position>4328</position><in_Quantity.quantity>0.000000</in_Quantity.quantity><out_Quantity.quantity>21.843332</out_Quantity.quantity></Point><Point><position>4329</position><in_Quantity.quantity>0.000000</in_Quantity.quantity><out_Quantity.quantity>400.624429</out_Quantity.quantity></Point><Point><position>4330</position><in_Quantity.quantity>0.000000</in_Quantity.quantity><out_Quantity.quantity>873.410776</out_Quantity.quantity></Point><Point><position>4331</position><in_Quantity.quantity>0.000000</in_Quantity.quantity><out_Quantity.quantity>453.330054</out_Quantity.quantity></Point><Point><position>4332</position><in_Quantity.quantity>0.000000</in_Quantity.quantity><out_Quantity.quantity>44.473783</out_Quantity.quantity></Point><Point><position>4333</position><in_Quantity.quantity>0.000000</in_Quantity.quantity><out_Quantity.quantity>155.743220</out_Quantity.quantity></Point><Point><position>4334</position><in_Quantity.quantity>0.000000</in_Quantity.quantity><out_Quantity.quantity>801.005022</out_Quantity.quantity></Point><Point><position>4335</position><in_Quantity.quantity>0.000000</in_Quantity.quantity><out_Quantity.quantity>341.168223</out_Quantity.quantity></Point><Point><position>4336</position><in_Quantity.quantity>0.000000</in_Quantity.quantity><out_Quantity.quantity>727.489894</out_Quantity.quantity></Point><Point><position>4337</position><in_Quantity.quantity>0.000000</in_Quantity.quantity><out_Quantity.quantity>166.547477</out_Quantity.quantity></Point><Point><position>4338</position><in_Quantity.quantity>0.000000</in_Quantity.quantity><out_Quantity.quantity>319.167000</out_Quantity.quantity></Point><Point><position>4339</position><in_Quantity.quantity>0.000000</in_Quantity.quantity><out_Quantity.quantity>671.429926</out_Quantity.quantity></Point><Point><position>4340</position><in_Quantity.quantity>0.000000</in_Quantity.quantity><out_Quantity.quantity>820.855178</out_Quantity.quantity></Point><Point><position>4341</position><in_Quantity.quantity>0.000000</in_Quantity.quantity><out_Quantity.quantity>932.204408</out_Quantity.quantity></Point><Point><position>4342</position><in_Quantity.quantity>0.000000</in_Quantity.quantity><out_Quantity.quantity>778.677066</out_Quantity.quantity></Point><Point><position>4343</position><in_Quantity.quantity>0.000000</in_Quantity.quantity><out_Quantity.quantity>107.832138</out_Quantity.quantity></Point><Point><position>4344</position><in_Quantity.quantity>0.000000</in_Quantity.quantity><out_Quantity.quantity>191.530925</out_Quantity.quantity></Point><Point><position>4345</position><in_Quantity.quantity>0.000000</in_Quantity.quantity><out_Quantity.quantity>338.363882</out_Quantity.quantity></Point><Point><position>4346</position><in_Quantity.quantity>0.000000</in_Quantity.quantity><out_Quantity.quantity>975.159967</out_Quantity.quantity></Point><Point><position>4347</position><in_Quantity.quantity>0.000000</in_Quantity.quantity><out_Quantity.quantity>279.480876</out_Quantity.quantity></Point><Point><position>4348</position><in_Quantity.quantity>0.000000</in_Quantity.quantity><out_Quantity.quantity>882.736251</out_Quantity.quantity></Point><Point><position>4349</position><in_Quantity.quantity>0.000000</in_Quantity.quantity><out_Quantity.quantity>592.734619</out_Quantity.quantity></Point><Point><position>4350</position><in_Quantity.quantity>0.000000</in_Quantity.quantity><out_Quantity.quantity>942.918043</out_Quantity.quantity></Point><Point><position>4351</position><in_Quantity.quantity>0.000000</in_Quantity.quantity><out_Quantity.quantity>319.797121</out_Quantity.quantity></Point><Point><position>4352</position><in_Quantity.quantity>0.000000</in_Quantity.quantity><out_Quantity.quantity>60.989927</out_Quantity.quantity></Point><Point><position>4353</position><in_Quantity.quantity>0.000000</in_Quantity.quantity><out_Quantity.quantity>278.834752</out_Quantity.quantity></Point><Point><position>4354</position><in_Quantity.quantity>0.000000</in_Quantity.quantity><out_Quantity.quantity>848.174392</out_Quantity.quantity></Point><Point><position>4355</position><in_Quantity.quantity>0.000000</in_Quantity.quantity><out_Quantity.quantity>337.214001</out_Quantity.quantity></Point><Point><position>4356</position><in_Quantity.quantity>0.000000</in_Quantity.quantity><out_Quantity.quantity>576.935177</out_Quantity.quantity></Point><Point><position>4357</position><in_Quantity.quantity>0.000000</in_Quantity.quantity><out_Quantity.quantity>357.593562</out_Quantity.quantity></Point><Point><position>4358</position><in_Quantity.quantity>0.000000</in_Quantity.quantity><out_Quantity.quantity>859.418508</out_Quantity.quantity></Point><Point><position>4359</position><in_Quantity.quantity>0.000000</in_Quantity.quantity><out_Quantity.quantity>717.875938</out_Quantity.quantity></Point><Point><position>4360</position><in_Quantity.quantity>0.000000</in_Quantity.quantity><out_Quantity.quantity>770.873990</out_Quantity.quantity></Point><Point><position>4361</position><in_Quantity.quantity>0.000000</in_Quantity.quantity><out_Quantity.quantity>834.404764</out_Quantity.quantity></Point><Point><position>4362</position><in_Quantity.quantity>0.000000</in_Quantity.quantity><out_Quantity.quantity>434.406344</out_Quantity.quantity></Point><Point><position>4363</position><in_Quantity.quantity>0.000000</in_Quantity.quantity><out_Quantity.quantity>264.908720</out_Quantity.quantity></Point><Point><position>4364</position><in_Quantity.quantity>0.000000</in_Quantity.quantity><out_Quantity.quantity>293.757371</out_Quantity.quantity></Point><Point><position>4365</position><in_Quantity.quantity>0.000000</in_Quantity.quantity><out_Quantity.quantity>398.593082</out_Quantity.quantity></Point><Point><position>4366</position><in_Quantity.quantity>0.000000</in_Quantity.quantity><out_Quantity.quantity>821.001450</out_Quantity.quantity></Point><Point><position>4367</position><in_Quantity.quantity>0.000000</in_Quantity.quantity><out_Quantity.quantity>737.058178</out_Quantity.quantity></Point><Point><position>4368</position><in_Quantity.quantity>0.000000</in_Quantity.quantity><out_Quantity.quantity>949.077785</out_Quantity.quantity></Point><Point><position>4369</position><in_Quantity.quantity>0.000000</in_Quantity.quantity><out_Quantity.quantity>26.886154</out_Quantity.quantity></Point><Point><position>4370</position><in_Quantity.quantity>0.000000</in_Quantity.quantity><out_Quantity.quantity>852.119515</out_Quantity.quantity></Point><Point><position>4371</position><in_Quantity.quantity>0.000000</in_Quantity.quantity><out_Quantity.quantity>850.269737</out_Quantity.quantity></Point><Point><position>4372</position><in_Quantity.quantity>0.000000</in_Quantity.quantity><out_Quantity.quantity>686.124850</out_Quantity.quantity></Point><Point><position>4373</position><in_Quantity.quantity>0.000000</in_Quantity.quantity><out_Quantity.quantity>405.550155</out_Quantity.quantity></Point><Point><position>4374</position><in_Quantity.quantity>0.000000</in_Quantity.quantity><out_Quantity.quantity>371.159551</out_Quantity.quantity></Point><Point><position>4375</position><in_Quantity.quantity>0.000000</in_Quantity.quantity><out_Quantity.quantity>422.207241</out_Quantity.quantity></Point><Point><position>4376</position><in_Quantity.quantity>0.000000</in_Quantity.quantity><out_Quantity.quantity>701.436497</out_Quantity.quantity></Point><Point><position>4377</position><in_Quantity.quantity>0.000000</in_Quantity.quantity><out_Quantity.quantity>335.564696</out_Quantity.quantity></Point><Point><position>4378</position><in_Quantity.quantity>0.000000</in_Quantity.quantity><out_Quantity.quantity>636.973084</out_Quantity.quantity></Point><Point><position>4379</position><in_Quantity.quantity>0.000000</in_Quantity.quantity><out_Quantity.quantity>999.732967</out_Quantity.quantity></Point><Point><position>4380</position><in_Quantity.quantity>0.000000</in_Quantity.quantity><out_Quantity.quantity>222.540573</out_Quantity.quantity></Point><Point><position>4381</position><in_Quantity.quantity>0.000000</in_Quantity.quantity><out_Quantity.quantity>947.812539</out_Quantity.quantity></Point><Point><position>4382</position><in_Quantity.quantity>0.000000</in_Quantity.quantity><out_Quantity.quantity>582.447655</out_Quantity.quantity></Point><Point><position>4383</position><in_Quantity.quantity>0.000000</in_Quantity.quantity><out_Quantity.quantity>760.821350</out_Quantity.quantity></Point><Point><position>4384</position><in_Quantity.quantity>0.000000</in_Quantity.quantity><out_Quantity.quantity>762.532390</out_Quantity.quantity></Point><Point><position>4385</position><in_Quantity.quantity>0.000000</in_Quantity.quantity><out_Quantity.quantity>35.323397</out_Quantity.quantity></Point><Point><position>4386</position><in_Quantity.quantity>0.000000</in_Quantity.quantity><out_Quantity.quantity>127.202687</out_Quantity.quantity></Point><Point><position>4387</position><in_Quantity.quantity>0.000000</in_Quantity.quantity><out_Quantity.quantity>375.344951</out_Quantity.quantity></Point><Point><position>4388</position><in_Quantity.quantity>0.000000</in_Quantity.quantity><out_Quantity.quantity>592.183811</out_Quantity.quantity></Point><Point><position>4389</position><in_Quantity.quantity>0.000000</in_Quantity.quantity><out_Quantity.quantity>382.409455</out_Quantity.quantity></Point><Point><position>4390</position><in_Quantity.quantity>0.000000</in_Quantity.quantity><out_Quantity.quantity>879.778286</out_Quantity.quantity></Point><Point><position>4391</position><in_Quantity.quantity>0.000000</in_Quantity.quantity><out_Quantity.quantity>515.009473</out_Quantity.quantity></Point><Point><position>4392</position><in_Quantity.quantity>0.000000</in_Quantity.quantity><out_Quantity.quantity>830.777002</out_Quantity.quantity></Point><Point><position>4393</position><in_Quantity.quantity>0.000000</in_Quantity.quantity><out_Quantity.quantity>191.260787</out_Quantity.quantity></Point><Point><position>4394</position><in_Quantity.quantity>0.000000</in_Quantity.quantity><out_Quantity.quantity>157.396343</out_Quantity.quantity></Point><Point><position>4395</position><in_Quantity.quantity>0.000000</in_Quantity.quantity><out_Quantity.quantity>457.269547</out_Quantity.quantity></Point><Point><position>4396</position><in_Quantity.quantity>0.000000</in_Quantity.quantity><out_Quantity.quantity>300.235480</out_Quantity.quantity></Point><Point><position>4397</position><in_Quantity.quantity>0.000000</in_Quantity.quantity><out_Quantity.quantity>602.101153</out_Quantity.quantity></Point><Point><position>4398</position><in_Quantity.quantity>0.000000</in_Quantity.quantity><out_Quantity.quantity>9.181686</out_Quantity.quantity></Point><Point><position>4399</position><in_Quantity.quantity>0.000000</in_Quantity.quantity><out_Quantity.quantity>949.468823</out_Quantity.quantity></Point><Point><position>4400</position><in_Quantity.quantity>0.000000</in_Quantity.quantity><out_Quantity.quantity>53.103633</out_Quantity.quantity></Point><Point><position>4401</position><in_Quantity.quantity>0.000000</in_Quantity.quantity><out_Quantity.quantity>632.508869</out_Quantity.quantity></Point><Point><position>4402</position><in_Quantity.quantity>0.000000</in_Quantity.quantity><out_Quantity.quantity>134.927567</out_Quantity.quantity></Point><Point><position>4403</position><in_Quantity.quantity>0.000000</in_Quantity.quantity><out_Quantity.quantity>955.196773</out_Quantity.quantity></Point><Point><position>4404</position><in_Quantity.quantity>0.000000</in_Quantity.quantity><out_Quantity.quantity>893.712885</out_Quantity.quantity></Point><Point><position>4405</position><in_Quantity.quantity>0.000000</in_Quantity.quantity><out_Quantity.quantity>167.445170</out_Quantity.quantity></Point><Point><position>4406</position><in_Quantity.quantity>0.000000</in_Quantity.quantity><out_Quantity.quantity>549.206212</out_Quantity.quantity></Point><Point><position>4407</position><in_Quantity.quantity>0.000000</in_Quantity.quantity><out_Quantity.quantity>856.514246</out_Quantity.quantity></Point><Point><position>4408</position><in_Quantity.quantity>0.000000</in_Quantity.quantity><out_Quantity.quantity>836.699891</out_Quantity.quantity></Point><Point><position>4409</position><in_Quantity.quantity>0.000000</in_Quantity.quantity><out_Quantity.quantity>575.458076</out_Quantity.quantity></Point><Point><position>4410</position><in_Quantity.quantity>0.000000</in_Quantity.quantity><out_Quantity.quantity>713.778020</out_Quantity.quantity></Point><Point><position>4411</position><in_Quantity.quantity>0.000000</in_Quantity.quantity><out_Quantity.quantity>381.612518</out_Quantity.quantity></Point><Point><position>4412</position><in_Quantity.quantity>0.000000</in_Quantity.quantity><out_Quantity.quantity>651.819517</out_Quantity.quantity></Point><Point><position>4413</position><in_Quantity.quantity>0.000000</in_Quantity.quantity><out_Quantity.quantity>137.791391</out_Quantity.quantity></Point><Point><position>4414</position><in_Quantity.quantity>0.000000</in_Quantity.quantity><out_Quantity.quantity>694.215321</out_Quantity.quantity></Point><Point><position>4415</position><in_Quantity.quantity>0.000000</in_Quantity.quantity><out_Quantity.quantity>48.260857</out_Quantity.quantity></Point><Point><position>4416</position><in_Quantity.quantity>0.000000</in_Quantity.quantity><out_Quantity.quantity>566.341356</out_Quantity.quantity></Point><Point><position>4417</position><in_Quantity.quantity>0.000000</in_Quantity.quantity><out_Quantity.quantity>379.418765</out_Quantity.quantity></Point><Point><position>4418</position><in_Quantity.quantity>0.000000</in_Quantity.quantity><out_Quantity.quantity>212.963581</out_Quantity.quantity></Point><Point><position>4419</position><in_Quantity.quantity>0.000000</in_Quantity.quantity><out_Quantity.quantity>981.129169</out_Quantity.quantity></Point><Point><position>4420</position><in_Quantity.quantity>0.000000</in_Quantity.quantity><out_Quantity.quantity>98.521158</out_Quantity.quantity></Point><Point><position>4421</position><in_Quantity.quantity>0.000000</in_Quantity.quantity><out_Quantity.quantity>386.825854</out_Quantity.quantity></Point><Point><position>4422</position><in_Quantity.quantity>0.000000</in_Quantity.quantity><out_Quantity.quantity>882.109572</out_Quantity.quantity></Point><Point><position>4423</position><in_Quantity.quantity>0.000000</in_Quantity.quantity><out_Quantity.quantity>79.804384</out_Quantity.quantity></Point><Point><position>4424</position><in_Quantity.quantity>0.000000</in_Quantity.quantity><out_Quantity.quantity>526.010214</out_Quantity.quantity></Point><Point><position>4425</position><in_Quantity.quantity>0.000000</in_Quantity.quantity><out_Quantity.quantity>238.131595</out_Quantity.quantity></Point><Point><position>4426</position><in_Quantity.quantity>0.000000</in_Quantity.quantity><out_Quantity.quantity>916.334041</out_Quantity.quantity></Point><Point><position>4427</position><in_Quantity.quantity>0.000000</in_Quantity.quantity><out_Quantity.quantity>672.817390</out_Quantity.quantity></Point><Point><position>4428</position><in_Quantity.quantity>0.000000</in_Quantity.quantity><out_Quantity.quantity>729.367899</out_Quantity.quantity></Point><Point><position>4429</position><in_Quantity.quantity>0.000000</in_Quantity.quantity><out_Quantity.quantity>497.656408</out_Quantity.quantity></Point><Point><position>4430</position><in_Quantity.quantity>0.000000</in_Quantity.quantity><out_Quantity.quantity>78.562995</out_Quantity.quantity></Point><Point><position>4431</position><in_Quantity.quantity>0.000000</in_Quantity.quantity><out_Quantity.quantity>55.985023</out_Quantity.quantity></Point><Point><position>4432</position><in_Quantity.quantity>0.000000</in_Quantity.quantity><out_Quantity.quantity>827.553403</out_Quantity.quantity></Point><Point><position>4433</position><in_Quantity.quantity>0.000000</in_Quantity.quantity><out_Quantity.quantity>967.828881</out_Quantity.quantity></Point><Point><position>4434</position><in_Quantity.quantity>0.000000</in_Quantity.quantity><out_Quantity.quantity>514.230242</out_Quantity.quantity></Point><Point><position>4435</position><in_Quantity.quantity>0.000000</in_Quantity.quantity><out_Quantity.quantity>154.045620</out_Quantity.quantity></Point><Point><position>4436</position><in_Quantity.quantity>0.000000</in_Quantity.quantity><out_Quantity.quantity>502.193576</out_Quantity.quantity></Point><Point><position>4437</position><in_Quantity.quantity>0.000000</in_Quantity.quantity><out_Quantity.quantity>617.943988</out_Quantity.quantity></Point><Point><position>4438</position><in_Quantity.quantity>0.000000</in_Quantity.quantity><out_Quantity.quantity>772.695505</out_Quantity.quantity></Point><Point><position>4439</position><in_Quantity.quantity>0.000000</in_Quantity.quantity><out_Quantity.quantity>506.120190</out_Quantity.quantity></Point><Point><position>4440</position><in_Quantity.quantity>0.000000</in_Quantity.quantity><out_Quantity.quantity>852.768654</out_Quantity.quantity></Point><Point><position>4441</position><in_Quantity.quantity>0.000000</in_Quantity.quantity><out_Quantity.quantity>273.955019</out_Quantity.quantity></Point><Point><position>4442</position><in_Quantity.quantity>0.000000</in_Quantity.quantity><out_Quantity.quantity>571.823633</out_Quantity.quantity></Point><Point><position>4443</position><in_Quantity.quantity>0.000000</in_Quantity.quantity><out_Quantity.quantity>598.783323</out_Quantity.quantity></Point><Point><position>4444</position><in_Quantity.quantity>0.000000</in_Quantity.quantity><out_Quantity.quantity>670.363884</out_Quantity.quantity></Point><Point><position>4445</position><in_Quantity.quantity>0.000000</in_Quantity.quantity><out_Quantity.quantity>817.571125</out_Quantity.quantity></Point><Point><position>4446</position><in_Quantity.quantity>0.000000</in_Quantity.quantity><out_Quantity.quantity>47.785940</out_Quantity.quantity></Point><Point><position>4447</position><in_Quantity.quantity>0.000000</in_Quantity.quantity><out_Quantity.quantity>447.524165</out_Quantity.quantity></Point><Point><position>4448</position><in_Quantity.quantity>0.000000</in_Quantity.quantity><out_Quantity.quantity>369.230322</out_Quantity.quantity></Point><Point><position>4449</position><in_Quantity.quantity>0.000000</in_Quantity.quantity><out_Quantity.quantity>988.669706</out_Quantity.quantity></Point><Point><position>4450</position><in_Quantity.quantity>0.000000</in_Quantity.quantity><out_Quantity.quantity>482.673434</out_Quantity.quantity></Point><Point><position>4451</position><in_Quantity.quantity>0.000000</in_Quantity.quantity><out_Quantity.quantity>32.682383</out_Quantity.quantity></Point><Point><position>4452</position><in_Quantity.quantity>0.000000</in_Quantity.quantity><out_Quantity.quantity>115.289097</out_Quantity.quantity></Point><Point><position>4453</position><in_Quantity.quantity>0.000000</in_Quantity.quantity><out_Quantity.quantity>360.992470</out_Quantity.quantity></Point><Point><position>4454</position><in_Quantity.quantity>0.000000</in_Quantity.quantity><out_Quantity.quantity>86.060358</out_Quantity.quantity></Point><Point><position>4455</position><in_Quantity.quantity>0.000000</in_Quantity.quantity><out_Quantity.quantity>907.979144</out_Quantity.quantity></Point><Point><position>4456</position><in_Quantity.quantity>0.000000</in_Quantity.quantity><out_Quantity.quantity>663.080330</out_Quantity.quantity></Point><Point><position>4457</position><in_Quantity.quantity>0.000000</in_Quantity.quantity><out_Quantity.quantity>919.691882</out_Quantity.quantity></Point><Point><position>4458</position><in_Quantity.quantity>0.000000</in_Quantity.quantity><out_Quantity.quantity>710.185402</out_Quantity.quantity></Point><Point><position>4459</position><in_Quantity.quantity>0.000000</in_Quantity.quantity><out_Quantity.quantity>927.161475</out_Quantity.quantity></Point><Point><position>4460</position><in_Quantity.quantity>0.000000</in_Quantity.quantity><out_Quantity.quantity>528.014753</out_Quantity.quantity></Point><Point><position>4461</position><in_Quantity.quantity>0.000000</in_Quantity.quantity><out_Quantity.quantity>661.151155</out_Quantity.quantity></Point><Point><position>4462</position><in_Quantity.quantity>0.000000</in_Quantity.quantity><out_Quantity.quantity>573.286138</out_Quantity.quantity></Point><Point><position>4463</position><in_Quantity.quantity>0.000000</in_Quantity.quantity><out_Quantity.quantity>535.617393</out_Quantity.quantity></Point><Point><position>4464</position><in_Quantity.quantity>0.000000</in_Quantity.quantity><out_Quantity.quantity>26.749991</out_Quantity.quantity></Point><Point><position>4465</position><in_Quantity.quantity>0.000000</in_Quantity.quantity><out_Quantity.quantity>714.164861</out_Quantity.quantity></Point><Point><position>4466</position><in_Quantity.quantity>0.000000</in_Quantity.quantity><out_Quantity.quantity>503.811136</out_Quantity.quantity></Point><Point><position>4467</position><in_Quantity.quantity>0.000000</in_Quantity.quantity><out_Quantity.quantity>940.981664</out_Quantity.quantity></Point><Point><position>4468</position><in_Quantity.quantity>0.000000</in_Quantity.quantity><out_Quantity.quantity>280.393732</out_Quantity.quantity></Point><Point><position>4469</position><in_Quantity.quantity>0.000000</in_Quantity.quantity><out_Quantity.quantity>371.381274</out_Quantity.quantity></Point><Point><position>4470</position><in_Quantity.quantity>0.000000</in_Quantity.quantity><out_Quantity.quantity>810.315032</out_Quantity.quantity></Point><Point><position>4471</position><in_Quantity.quantity>0.000000</in_Quantity.quantity><out_Quantity.quantity>832.842353</out_Quantity.quantity></Point><Point><position>4472</position><in_Quantity.quantity>0.000000</in_Quantity.quantity><out_Quantity.quantity>206.324679</out_Quantity.quantity></Point><Point><position>4473</position><in_Quantity.quantity>0.000000</in_Quantity.quantity><out_Quantity.quantity>100.697758</out_Quantity.quantity></Point><Point><position>4474</position><in_Quantity.quantity>0.000000</in_Quantity.quantity><out_Quantity.quantity>753.479862</out_Quantity.quantity></Point><Point><position>4475</position><in_Quantity.quantity>0.000000</in_Quantity.quantity><out_Quantity.quantity>695.839951</out_Quantity.quantity></Point><Point><position>4476</position><in_Quantity.quantity>0.000000</in_Quantity.quantity><out_Quantity.quantity>442.948831</out_Quantity.quantity></Point><Point><position>4477</position><in_Quantity.quantity>0.000000</in_Quantity.quantity><out_Quantity.quantity>875.544680</out_Quantity.quantity></Point><Point><position>4478</position><in_Quantity.quantity>0.000000</in_Quantity.quantity><out_Quantity.quantity>665.755856</out_Quantity.quantity></Point><Point><position>4479</position><in_Quantity.quantity>0.000000</in_Quantity.quantity><out_Quantity.quantity>622.916314</out_Quantity.quantity></Point><Point><position>4480</position><in_Quantity.quantity>0.000000</in_Quantity.quantity><out_Quantity.quantity>220.953958</out_Quantity.quantity></Point><Point><position>4481</position><in_Quantity.quantity>0.000000</in_Quantity.quantity><out_Quantity.quantity>935.793444</out_Quantity.quantity></Point><Point><position>4482</position><in_Quantity.quantity>0.000000</in_Quantity.quantity><out_Quantity.quantity>492.761562</out_Quantity.quantity></Point><Point><position>4483</position><in_Quantity.quantity>0.000000</in_Quantity.quantity><out_Quantity.quantity>45.453473</out_Quantity.quantity></Point><Point><position>4484</position><in_Quantity.quantity>0.000000</in_Quantity.quantity><out_Quantity.quantity>399.167791</out_Quantity.quantity></Point><Point><position>4485</position><in_Quantity.quantity>0.000000</in_Quantity.quantity><out_Quantity.quantity>738.548760</out_Quantity.quantity></Point><Point><position>4486</position><in_Quantity.quantity>0.000000</in_Quantity.quantity><out_Quantity.quantity>702.906296</out_Quantity.quantity></Point><Point><position>4487</position><in_Quantity.quantity>0.000000</in_Quantity.quantity><out_Quantity.quantity>907.232077</out_Quantity.quantity></Point><Point><position>4488</position><in_Quantity.quantity>0.000000</in_Quantity.quantity><out_Quantity.quantity>107.790945</out_Quantity.quantity></Point><Point><position>4489</position><in_Quantity.quantity>0.000000</in_Quantity.quantity><out_Quantity.quantity>242.254722</out_Quantity.quantity></Point><Point><position>4490</position><in_Quantity.quantity>0.000000</in_Quantity.quantity><out_Quantity.quantity>319.503976</out_Quantity.quantity></Point><Point><position>4491</position><in_Quantity.quantity>0.000000</in_Quantity.quantity><out_Quantity.quantity>317.612358</out_Quantity.quantity></Point><Point><position>4492</position><in_Quantity.quantity>0.000000</in_Quantity.quantity><out_Quantity.quantity>662.664274</out_Quantity.quantity></Point><Point><position>4493</position><in_Quantity.quantity>0.000000</in_Quantity.quantity><out_Quantity.quantity>956.988340</out_Quantity.quantity></Point><Point><position>4494</position><in_Quantity.quantity>0.000000</in_Quantity.quantity><out_Quantity.quantity>139.088650</out_Quantity.quantity></Point><Point><position>4495</position><in_Quantity.quantity>0.000000</in_Quantity.quantity><out_Quantity.quantity>344.364504</out_Quantity.quantity></Point><Point><position>4496</position><in_Quantity.quantity>0.000000</in_Quantity.quantity><out_Quantity.quantity>121.216329</out_Quantity.quantity></Point><Point><position>4497</position><in_Quantity.quantity>0.000000</in_Quantity.quantity><out_Quantity.quantity>324.115904</out_Quantity.quantity></Point><Point><position>4498</position><in_Quantity.quantity>0.000000</in_Quantity.quantity><out_Quantity.quantity>709.772532</out_Quantity.quantity></Point><Point><position>4499</position><in_Quantity.quantity>0.000000</in_Quantity.quantity><out_Quantity.quantity>233.426735</out_Quantity.quantity></Point><Point><position>4500</position><in_Quantity.quantity>0.000000</in_Quantity.quantity><out_Quantity.quantity>428.869824</out_Quantity.quantity></Point><Point><position>4501</position><in_Quantity.quantity>0.000000</in_Quantity.quantity><out_Quantity.quantity>262.014920</out_Quantity.quantity></Point><Point><position>4502</position><in_Quantity.quantity>0.000000</in_Quantity.quantity><out_Quantity.quantity>215.237272</out_Quantity.quantity></Point><Point><position>4503</position><in_Quantity.quantity>0.000000</in_Quantity.quantity><out_Quantity.quantity>669.373971</out_Quantity.quantity></Point><Point><position>4504</position><in_Quantity.quantity>0.000000</in_Quantity.quantity><out_Quantity.quantity>112.208038</out_Quantity.quantity></Point><Point><position>4505</position><in_Quantity.quantity>0.000000</in_Quantity.quantity><out_Quantity.quantity>611.192911</out_Quantity.quantity></Point><Point><position>4506</position><in_Quantity.quantity>0.000000</in_Quantity.quantity><out_Quantity.quantity>726.119776</out_Quantity.quantity></Point><Point><position>4507</position><in_Quantity.quantity>0.000000</in_Quantity.quantity><out_Quantity.quantity>881.671114</out_Quantity.quantity></Point><Point><position>4508</position><in_Quantity.quantity>0.000000</in_Quantity.quantity><out_Quantity.quantity>815.654871</out_Quantity.quantity></Point><Point><position>4509</position><in_Quantity.quantity>0.000000</in_Quantity.quantity><out_Quantity.quantity>631.781467</out_Quantity.quantity></Point><Point><position>4510</position><in_Quantity.quantity>0.000000</in_Quantity.quantity><out_Quantity.quantity>515.640577</out_Quantity.quantity></Point><Point><position>4511</position><in_Quantity.quantity>0.000000</in_Quantity.quantity><out_Quantity.quantity>239.619424</out_Quantity.quantity></Point><Point><position>4512</position><in_Quantity.quantity>0.000000</in_Quantity.quantity><out_Quantity.quantity>295.905919</out_Quantity.quantity></Point><Point><position>4513</position><in_Quantity.quantity>0.000000</in_Quantity.quantity><out_Quantity.quantity>262.608551</out_Quantity.quantity></Point><Point><position>4514</position><in_Quantity.quantity>0.000000</in_Quantity.quantity><out_Quantity.quantity>429.010819</out_Quantity.quantity></Point><Point><position>4515</position><in_Quantity.quantity>0.000000</in_Quantity.quantity><out_Quantity.quantity>512.016052</out_Quantity.quantity></Point><Point><position>4516</position><in_Quantity.quantity>0.000000</in_Quantity.quantity><out_Quantity.quantity>625.631613</out_Quantity.quantity></Point><Point><position>4517</position><in_Quantity.quantity>0.000000</in_Quantity.quantity><out_Quantity.quantity>852.062465</out_Quantity.quantity></Point><Point><position>4518</position><in_Quantity.quantity>0.000000</in_Quantity.quantity><out_Quantity.quantity>432.335917</out_Quantity.quantity></Point><Point><position>4519</position><in_Quantity.quantity>0.000000</in_Quantity.quantity><out_Quantity.quantity>149.842759</out_Quantity.quantity></Point><Point><position>4520</position><in_Quantity.quantity>0.000000</in_Quantity.quantity><out_Quantity.quantity>862.765392</out_Quantity.quantity></Point><Point><position>4521</position><in_Quantity.quantity>0.000000</in_Quantity.quantity><out_Quantity.quantity>478.410525</out_Quantity.quantity></Point><Point><position>4522</position><in_Quantity.quantity>0.000000</in_Quantity.quantity><out_Quantity.quantity>471.490220</out_Quantity.quantity></Point><Point><position>4523</position><in_Quantity.quantity>0.000000</in_Quantity.quantity><out_Quantity.quantity>401.822703</out_Quantity.quantity></Point><Point><position>4524</position><in_Quantity.quantity>0.000000</in_Quantity.quantity><out_Quantity.quantity>218.680131</out_Quantity.quantity></Point><Point><position>4525</position><in_Quantity.quantity>0.000000</in_Quantity.quantity><out_Quantity.quantity>803.583343</out_Quantity.quantity></Point><Point><position>4526</position><in_Quantity.quantity>0.000000</in_Quantity.quantity><out_Quantity.quantity>800.355040</out_Quantity.quantity></Point><Point><position>4527</position><in_Quantity.quantity>0.000000</in_Quantity.quantity><out_Quantity.quantity>395.311929</out_Quantity.quantity></Point><Point><position>4528</position><in_Quantity.quantity>0.000000</in_Quantity.quantity><out_Quantity.quantity>840.392582</out_Quantity.quantity></Point><Point><position>4529</position><in_Quantity.quantity>0.000000</in_Quantity.quantity><out_Quantity.quantity>578.178722</out_Quantity.quantity></Point><Point><position>4530</position><in_Quantity.quantity>0.000000</in_Quantity.quantity><out_Quantity.quantity>748.942703</out_Quantity.quantity></Point><Point><position>4531</position><in_Quantity.quantity>0.000000</in_Quantity.quantity><out_Quantity.quantity>457.075170</out_Quantity.quantity></Point><Point><position>4532</position><in_Quantity.quantity>0.000000</in_Quantity.quantity><out_Quantity.quantity>320.644053</out_Quantity.quantity></Point><Point><position>4533</position><in_Quantity.quantity>0.000000</in_Quantity.quantity><out_Quantity.quantity>797.785094</out_Quantity.quantity></Point><Point><position>4534</position><in_Quantity.quantity>0.000000</in_Quantity.quantity><out_Quantity.quantity>225.833850</out_Quantity.quantity></Point><Point><position>4535</position><in_Quantity.quantity>0.000000</in_Quantity.quantity><out_Quantity.quantity>833.219654</out_Quantity.quantity></Point><Point><position>4536</position><in_Quantity.quantity>0.000000</in_Quantity.quantity><out_Quantity.quantity>516.741569</out_Quantity.quantity></Point><Point><position>4537</position><in_Quantity.quantity>0.000000</in_Quantity.quantity><out_Quantity.quantity>88.627515</out_Quantity.quantity></Point><Point><position>4538</position><in_Quantity.quantity>0.000000</in_Quantity.quantity><out_Quantity.quantity>973.514477</out_Quantity.quantity></Point><Point><position>4539</position><in_Quantity.quantity>0.000000</in_Quantity.quantity><out_Quantity.quantity>204.951539</out_Quantity.quantity></Point><Point><position>4540</position><in_Quantity.quantity>0.000000</in_Quantity.quantity><out_Quantity.quantity>372.286069</out_Quantity.quantity></Point><Point><position>4541</position><in_Quantity.quantity>0.000000</in_Quantity.quantity><out_Quantity.quantity>425.206880</out_Quantity.quantity></Point><Point><position>4542</position><in_Quantity.quantity>0.000000</in_Quantity.quantity><out_Quantity.quantity>720.801988</out_Quantity.quantity></Point><Point><position>4543</position><in_Quantity.quantity>0.000000</in_Quantity.quantity><out_Quantity.quantity>340.357333</out_Quantity.quantity></Point><Point><position>4544</position><in_Quantity.quantity>0.000000</in_Quantity.quantity><out_Quantity.quantity>62.848196</out_Quantity.quantity></Point><Point><position>4545</position><in_Quantity.quantity>0.000000</in_Quantity.quantity><out_Quantity.quantity>490.454610</out_Quantity.quantity></Point><Point><position>4546</position><in_Quantity.quantity>0.000000</in_Quantity.quantity><out_Quantity.quantity>407.791195</out_Quantity.quantity></Point><Point><position>4547</position><in_Quantity.quantity>0.000000</in_Quantity.quantity><out_Quantity.quantity>11.827923</out_Quantity.quantity></Point><Point><position>4548</position><in_Quantity.quantity>0.000000</in_Quantity.quantity><out_Quantity.quantity>288.386902</out_Quantity.quantity></Point><Point><position>4549</position><in_Quantity.quantity>0.000000</in_Quantity.quantity><out_Quantity.quantity>930.606600</out_Quantity.quantity></Point><Point><position>4550</position><in_Quantity.quantity>0.000000</in_Quantity.quantity><out_Quantity.quantity>466.960442</out_Quantity.quantity></Point><Point><position>4551</position><in_Quantity.quantity>0.000000</in_Quantity.quantity><out_Quantity.quantity>158.198231</out_Quantity.quantity></Point><Point><position>4552</position><in_Quantity.quantity>0.000000</in_Quantity.quantity><out_Quantity.quantity>785.145849</out_Quantity.quantity></Point><Point><position>4553</position><in_Quantity.quantity>0.000000</in_Quantity.quantity><out_Quantity.quantity>863.611043</out_Quantity.quantity></Point><Point><position>4554</position><in_Quantity.quantity>0.000000</in_Quantity.quantity><out_Quantity.quantity>272.699232</out_Quantity.quantity></Point><Point><position>4555</position><in_Quantity.quantity>0.000000</in_Quantity.quantity><out_Quantity.quantity>222.301851</out_Quantity.quantity></Point><Point><position>4556</position><in_Quantity.quantity>0.000000</in_Quantity.quantity><out_Quantity.quantity>928.325627</out_Quantity.quantity></Point><Point><position>4557</position><in_Quantity.quantity>0.000000</in_Quantity.quantity><out_Quantity.quantity>180.290786</out_Quantity.quantity></Point><Point><position>4558</position><in_Quantity.quantity>0.000000</in_Quantity.quantity><out_Quantity.quantity>495.808648</out_Quantity.quantity></Point><Point><position>4559</position><in_Quantity.quantity>0.000000</in_Quantity.quantity><out_Quantity.quantity>178.628230</out_Quantity.quantity></Point><Point><position>4560</position><in_Quantity.quantity>0.000000</in_Quantity.quantity><out_Quantity.quantity>718.024408</out_Quantity.quantity></Point><Point><position>4561</position><in_Quantity.quantity>0.000000</in_Quantity.quantity><out_Quantity.quantity>22.687231</out_Quantity.quantity></Point><Point><position>4562</position><in_Quantity.quantity>0.000000</in_Quantity.quantity><out_Quantity.quantity>487.653851</out_Quantity.quantity></Point><Point><position>4563</position><in_Quantity.quantity>0.000000</in_Quantity.quantity><out_Quantity.quantity>722.669289</out_Quantity.quantity></Point><Point><position>4564</position><in_Quantity.quantity>0.000000</in_Quantity.quantity><out_Quantity.quantity>960.065523</out_Quantity.quantity></Point><Point><position>4565</position><in_Quantity.quantity>0.000000</in_Quantity.quantity><out_Quantity.quantity>345.048956</out_Quantity.quantity></Point><Point><position>4566</position><in_Quantity.quantity>0.000000</in_Quantity.quantity><out_Quantity.quantity>807.852852</out_Quantity.quantity></Point><Point><position>4567</position><in_Quantity.quantity>0.000000</in_Quantity.quantity><out_Quantity.quantity>965.236140</out_Quantity.quantity></Point><Point><position>4568</position><in_Quantity.quantity>0.000000</in_Quantity.quantity><out_Quantity.quantity>649.685907</out_Quantity.quantity></Point><Point><position>4569</position><in_Quantity.quantity>0.000000</in_Quantity.quantity><out_Quantity.quantity>892.295217</out_Quantity.quantity></Point><Point><position>4570</position><in_Quantity.quantity>0.000000</in_Quantity.quantity><out_Quantity.quantity>397.841551</out_Quantity.quantity></Point><Point><position>4571</position><in_Quantity.quantity>0.000000</in_Quantity.quantity><out_Quantity.quantity>55.079007</out_Quantity.quantity></Point><Point><position>4572</position><in_Quantity.quantity>0.000000</in_Quantity.quantity><out_Quantity.quantity>692.945369</out_Quantity.quantity></Point><Point><position>4573</position><in_Quantity.quantity>0.000000</in_Quantity.quantity><out_Quantity.quantity>317.485175</out_Quantity.quantity></Point><Point><position>4574</position><in_Quantity.quantity>0.000000</in_Quantity.quantity><out_Quantity.quantity>449.997719</out_Quantity.quantity></Point><Point><position>4575</position><in_Quantity.quantity>0.000000</in_Quantity.quantity><out_Quantity.quantity>465.995859</out_Quantity.quantity></Point><Point><position>4576</position><in_Quantity.quantity>0.000000</in_Quantity.quantity><out_Quantity.quantity>399.450558</out_Quantity.quantity></Point><Point><position>4577</position><in_Quantity.quantity>0.000000</in_Quantity.quantity><out_Quantity.quantity>511.632412</out_Quantity.quantity></Point><Point><position>4578</position><in_Quantity.quantity>0.000000</in_Quantity.quantity><out_Quantity.quantity>249.932159</out_Quantity.quantity></Point><Point><position>4579</position><in_Quantity.quantity>0.000000</in_Quantity.quantity><out_Quantity.quantity>697.672282</out_Quantity.quantity></Point><Point><position>4580</position><in_Quantity.quantity>0.000000</in_Quantity.quantity><out_Quantity.quantity>339.892578</out_Quantity.quantity></Point><Point><position>4581</position><in_Quantity.quantity>0.000000</in_Quantity.quantity><out_Quantity.quantity>66.313797</out_Quantity.quantity></Point><Point><position>4582</position><in_Quantity.quantity>0.000000</in_Quantity.quantity><out_Quantity.quantity>340.364646</out_Quantity.quantity></Point><Point><position>4583</position><in_Quantity.quantity>0.000000</in_Quantity.quantity><out_Quantity.quantity>525.106576</out_Quantity.quantity></Point><Point><position>4584</position><in_Quantity.quantity>0.000000</in_Quantity.quantity><out_Quantity.quantity>432.806349</out_Quantity.quantity></Point><Point><position>4585</position><in_Quantity.quantity>0.000000</in_Quantity.quantity><out_Quantity.quantity>676.036679</out_Quantity.quantity></Point><Point><position>4586</position><in_Quantity.quantity>0.000000</in_Quantity.quantity><out_Quantity.quantity>589.115322</out_Quantity.quantity></Point><Point><position>4587</position><in_Quantity.quantity>0.000000</in_Quantity.quantity><out_Quantity.quantity>389.546211</out_Quantity.quantity></Point><Point><position>4588</position><in_Quantity.quantity>0.000000</in_Quantity.quantity><out_Quantity.quantity>983.692998</out_Quantity.quantity></Point><Point><position>4589</position><in_Quantity.quantity>0.000000</in_Quantity.quantity><out_Quantity.quantity>689.253228</out_Quantity.quantity></Point><Point><position>4590</position><in_Quantity.quantity>0.000000</in_Quantity.quantity><out_Quantity.quantity>136.399193</out_Quantity.quantity></Point><Point><position>4591</position><in_Quantity.quantity>0.000000</in_Quantity.quantity><out_Quantity.quantity>4.836641</out_Quantity.quantity></Point><Point><position>4592</position><in_Quantity.quantity>0.000000</in_Quantity.quantity><out_Quantity.quantity>407.506330</out_Quantity.quantity></Point><Point><position>4593</position><in_Quantity.quantity>0.000000</in_Quantity.quantity><out_Quantity.quantity>162.648212</out_Quantity.quantity></Point><Point><position>4594</position><in_Quantity.quantity>0.000000</in_Quantity.quantity><out_Quantity.quantity>654.422751</out_Quantity.quantity></Point><Point><position>4595</position><in_Quantity.quantity>0.000000</in_Quantity.quantity><out_Quantity.quantity>447.066121</out_Quantity.quantity></Point><Point><position>4596</position><in_Quantity.quantity>0.000000</in_Quantity.quantity><out_Quantity.quantity>599.276530</out_Quantity.quantity></Point><Point><position>4597</position><in_Quantity.quantity>0.000000</in_Quantity.quantity><out_Quantity.quantity>987.078714</out_Quantity.quantity></Point><Point><position>4598</position><in_Quantity.quantity>0.000000</in_Quantity.quantity><out_Quantity.quantity>796.524146</out_Quantity.quantity></Point><Point><position>4599</position><in_Quantity.quantity>0.000000</in_Quantity.quantity><out_Quantity.quantity>805.568300</out_Quantity.quantity></Point><Point><position>4600</position><in_Quantity.quantity>0.000000</in_Quantity.quantity><out_Quantity.quantity>152.362596</out_Quantity.quantity></Point><Point><position>4601</position><in_Quantity.quantity>0.000000</in_Quantity.quantity><out_Quantity.quantity>263.605059</out_Quantity.quantity></Point><Point><position>4602</position><in_Quantity.quantity>0.000000</in_Quantity.quantity><out_Quantity.quantity>272.609226</out_Quantity.quantity></Point><Point><position>4603</position><in_Quantity.quantity>0.000000</in_Quantity.quantity><out_Quantity.quantity>907.958330</out_Quantity.quantity></Point><Point><position>4604</position><in_Quantity.quantity>0.000000</in_Quantity.quantity><out_Quantity.quantity>115.647416</out_Quantity.quantity></Point><Point><position>4605</position><in_Quantity.quantity>0.000000</in_Quantity.quantity><out_Quantity.quantity>832.081169</out_Quantity.quantity></Point><Point><position>4606</position><in_Quantity.quantity>0.000000</in_Quantity.quantity><out_Quantity.quantity>931.304916</out_Quantity.quantity></Point><Point><position>4607</position><in_Quantity.quantity>0.000000</in_Quantity.quantity><out_Quantity.quantity>549.505892</out_Quantity.quantity></Point><Point><position>4608</position><in_Quantity.quantity>0.000000</in_Quantity.quantity><out_Quantity.quantity>518.017339</out_Quantity.quantity></Point><Point><position>4609</position><in_Quantity.quantity>0.000000</in_Quantity.quantity><out_Quantity.quantity>540.116466</out_Quantity.quantity></Point><Point><position>4610</position><in_Quantity.quantity>0.000000</in_Quantity.quantity><out_Quantity.quantity>962.722535</out_Quantity.quantity></Point><Point><position>4611</position><in_Quantity.quantity>0.000000</in_Quantity.quantity><out_Quantity.quantity>117.985536</out_Quantity.quantity></Point><Point><position>4612</position><in_Quantity.quantity>0.000000</in_Quantity.quantity><out_Quantity.quantity>146.444725</out_Quantity.quantity></Point><Point><position>4613</position><in_Quantity.quantity>0.000000</in_Quantity.quantity><out_Quantity.quantity>188.315778</out_Quantity.quantity></Point><Point><position>4614</position><in_Quantity.quantity>0.000000</in_Quantity.quantity><out_Quantity.quantity>227.643979</out_Quantity.quantity></Point><Point><position>4615</position><in_Quantity.quantity>0.000000</in_Quantity.quantity><out_Quantity.quantity>70.800127</out_Quantity.quantity></Point><Point><position>4616</position><in_Quantity.quantity>0.000000</in_Quantity.quantity><out_Quantity.quantity>292.020402</out_Quantity.quantity></Point><Point><position>4617</position><in_Quantity.quantity>0.000000</in_Quantity.quantity><out_Quantity.quantity>679.540934</out_Quantity.quantity></Point><Point><position>4618</position><in_Quantity.quantity>0.000000</in_Quantity.quantity><out_Quantity.quantity>976.467057</out_Quantity.quantity></Point><Point><position>4619</position><in_Quantity.quantity>0.000000</in_Quantity.quantity><out_Quantity.quantity>938.363602</out_Quantity.quantity></Point><Point><position>4620</position><in_Quantity.quantity>0.000000</in_Quantity.quantity><out_Quantity.quantity>589.504650</out_Quantity.quantity></Point><Point><position>4621</position><in_Quantity.quantity>0.000000</in_Quantity.quantity><out_Quantity.quantity>463.055246</out_Quantity.quantity></Point><Point><position>4622</position><in_Quantity.quantity>0.000000</in_Quantity.quantity><out_Quantity.quantity>960.817200</out_Quantity.quantity></Point><Point><position>4623</position><in_Quantity.quantity>0.000000</in_Quantity.quantity><out_Quantity.quantity>66.453721</out_Quantity.quantity></Point><Point><position>4624</position><in_Quantity.quantity>0.000000</in_Quantity.quantity><out_Quantity.quantity>145.362768</out_Quantity.quantity></Point><Point><position>4625</position><in_Quantity.quantity>0.000000</in_Quantity.quantity><out_Quantity.quantity>423.832553</out_Quantity.quantity></Point><Point><position>4626</position><in_Quantity.quantity>0.000000</in_Quantity.quantity><out_Quantity.quantity>394.940059</out_Quantity.quantity></Point><Point><position>4627</position><in_Quantity.quantity>0.000000</in_Quantity.quantity><out_Quantity.quantity>783.058837</out_Quantity.quantity></Point><Point><position>4628</position><in_Quantity.quantity>0.000000</in_Quantity.quantity><out_Quantity.quantity>784.905095</out_Quantity.quantity></Point><Point><position>4629</position><in_Quantity.quantity>0.000000</in_Quantity.quantity><out_Quantity.quantity>355.472673</out_Quantity.quantity></Point><Point><position>4630</position><in_Quantity.quantity>0.000000</in_Quantity.quantity><out_Quantity.quantity>593.950802</out_Quantity.quantity></Point><Point><position>4631</position><in_Quantity.quantity>0.000000</in_Quantity.quantity><out_Quantity.quantity>884.204366</out_Quantity.quantity></Point><Point><position>4632</position><in_Quantity.quantity>0.000000</in_Quantity.quantity><out_Quantity.quantity>692.686271</out_Quantity.quantity></Point><Point><position>4633</position><in_Quantity.quantity>0.000000</in_Quantity.quantity><out_Quantity.quantity>101.193361</out_Quantity.quantity></Point><Point><position>4634</position><in_Quantity.quantity>0.000000</in_Quantity.quantity><out_Quantity.quantity>812.401942</out_Quantity.quantity></Point><Point><position>4635</position><in_Quantity.quantity>0.000000</in_Quantity.quantity><out_Quantity.quantity>247.260915</out_Quantity.quantity></Point><Point><position>4636</position><in_Quantity.quantity>0.000000</in_Quantity.quantity><out_Quantity.quantity>38.883421</out_Quantity.quantity></Point><Point><position>4637</position><in_Quantity.quantity>0.000000</in_Quantity.quantity><out_Quantity.quantity>286.100213</out_Quantity.quantity></Point><Point><position>4638</position><in_Quantity.quantity>0.000000</in_Quantity.quantity><out_Quantity.quantity>369.407262</out_Quantity.quantity></Point><Point><position>4639</position><in_Quantity.quantity>0.000000</in_Quantity.quantity><out_Quantity.quantity>981.049171</out_Quantity.quantity></Point><Point><position>4640</position><in_Quantity.quantity>0.000000</in_Quantity.quantity><out_Quantity.quantity>164.841319</out_Quantity.quantity></Point><Point><position>4641</position><in_Quantity.quantity>0.000000</in_Quantity.quantity><out_Quantity.quantity>376.081251</out_Quantity.quantity></Point><Point><position>4642</position><in_Quantity.quantity>0.000000</in_Quantity.quantity><out_Quantity.quantity>581.473817</out_Quantity.quantity></Point><Point><position>4643</position><in_Quantity.quantity>0.000000</in_Quantity.quantity><out_Quantity.quantity>413.061889</out_Quantity.quantity></Point><Point><position>4644</position><in_Quantity.quantity>0.000000</in_Quantity.quantity><out_Quantity.quantity>253.542036</out_Quantity.quantity></Point><Point><position>4645</position><in_Quantity.quantity>0.000000</in_Quantity.quantity><out_Quantity.quantity>258.133567</out_Quantity.quantity></Point><Point><position>4646</position><in_Quantity.quantity>0.000000</in_Quantity.quantity><out_Quantity.quantity>292.675129</out_Quantity.quantity></Point><Point><position>4647</position><in_Quantity.quantity>0.000000</in_Quantity.quantity><out_Quantity.quantity>30.272153</out_Quantity.quantity></Point><Point><position>4648</position><in_Quantity.quantity>0.000000</in_Quantity.quantity><out_Quantity.quantity>389.734322</out_Quantity.quantity></Point><Point><position>4649</position><in_Quantity.quantity>0.000000</in_Quantity.quantity><out_Quantity.quantity>239.825279</out_Quantity.quantity></Point><Point><position>4650</position><in_Quantity.quantity>0.000000</in_Quantity.quantity><out_Quantity.quantity>500.468297</out_Quantity.quantity></Point><Point><position>4651</position><in_Quantity.quantity>0.000000</in_Quantity.quantity><out_Quantity.quantity>10.395164</out_Quantity.quantity></Point><Point><position>4652</position><in_Quantity.quantity>0.000000</in_Quantity.quantity><out_Quantity.quantity>278.539303</out_Quantity.quantity></Point><Point><position>4653</position><in_Quantity.quantity>0.000000</in_Quantity.quantity><out_Quantity.quantity>885.286599</out_Quantity.quantity></Point><Point><position>4654</position><in_Quantity.quantity>0.000000</in_Quantity.quantity><out_Quantity.quantity>196.308877</out_Quantity.quantity></Point><Point><position>4655</position><in_Quantity.quantity>0.000000</in_Quantity.quantity><out_Quantity.quantity>145.222516</out_Quantity.quantity></Point><Point><position>4656</position><in_Quantity.quantity>0.000000</in_Quantity.quantity><out_Quantity.quantity>799.648745</out_Quantity.quantity></Point><Point><position>4657</position><in_Quantity.quantity>0.000000</in_Quantity.quantity><out_Quantity.quantity>668.143893</out_Quantity.quantity></Point><Point><position>4658</position><in_Quantity.quantity>0.000000</in_Quantity.quantity><out_Quantity.quantity>628.586801</out_Quantity.quantity></Point><Point><position>4659</position><in_Quantity.quantity>0.000000</in_Quantity.quantity><out_Quantity.quantity>491.766531</out_Quantity.quantity></Point><Point><position>4660</position><in_Quantity.quantity>0.000000</in_Quantity.quantity><out_Quantity.quantity>337.547506</out_Quantity.quantity></Point><Point><position>4661</position><in_Quantity.quantity>0.000000</in_Quantity.quantity><out_Quantity.quantity>630.771375</out_Quantity.quantity></Point><Point><position>4662</position><in_Quantity.quantity>0.000000</in_Quantity.quantity><out_Quantity.quantity>256.137945</out_Quantity.quantity></Point><Point><position>4663</position><in_Quantity.quantity>0.000000</in_Quantity.quantity><out_Quantity.quantity>955.869000</out_Quantity.quantity></Point><Point><position>4664</position><in_Quantity.quantity>0.000000</in_Quantity.quantity><out_Quantity.quantity>323.138093</out_Quantity.quantity></Point><Point><position>4665</position><in_Quantity.quantity>0.000000</in_Quantity.quantity><out_Quantity.quantity>298.230822</out_Quantity.quantity></Point><Point><position>4666</position><in_Quantity.quantity>0.000000</in_Quantity.quantity><out_Quantity.quantity>442.414064</out_Quantity.quantity></Point><Point><position>4667</position><in_Quantity.quantity>0.000000</in_Quantity.quantity><out_Quantity.quantity>293.944946</out_Quantity.quantity></Point><Point><position>4668</position><in_Quantity.quantity>0.000000</in_Quantity.quantity><out_Quantity.quantity>875.650922</out_Quantity.quantity></Point><Point><position>4669</position><in_Quantity.quantity>0.000000</in_Quantity.quantity><out_Quantity.quantity>656.897556</out_Quantity.quantity></Point><Point><position>4670</position><in_Quantity.quantity>0.000000</in_Quantity.quantity><out_Quantity.quantity>20.425227</out_Quantity.quantity></Point><Point><position>4671</position><in_Quantity.quantity>0.000000</in_Quantity.quantity><out_Quantity.quantity>198.050277</out_Quantity.quantity></Point><Point><position>4672</position><in_Quantity.quantity>0.000000</in_Quantity.quantity><out_Quantity.quantity>867.356757</out_Quantity.quantity></Point><Point><position>4673</position><in_Quantity.quantity>0.000000</in_Quantity.quantity><out_Quantity.quantity>217.999371</out_Quantity.quantity></Point><Point><position>4674</position><in_Quantity.quantity>0.000000</in_Quantity.quantity><out_Quantity.quantity>487.932140</out_Quantity.quantity></Point><Point><position>4675</position><in_Quantity.quantity>0.000000</in_Quantity.quantity><out_Quantity.quantity>557.685706</out_Quantity.quantity></Point><Point><position>4676</position><in_Quantity.quantity>0.000000</in_Quantity.quantity><out_Quantity.quantity>258.876339</out_Quantity.quantity></Point><Point><position>4677</position><in_Quantity.quantity>0.000000</in_Quantity.quantity><out_Quantity.quantity>893.076089</out_Quantity.quantity></Point><Point><position>4678</position><in_Quantity.quantity>0.000000</in_Quantity.quantity><out_Quantity.quantity>558.540319</out_Quantity.quantity></Point><Point><position>4679</position><in_Quantity.quantity>0.000000</in_Quantity.quantity><out_Quantity.quantity>476.633963</out_Quantity.quantity></Point><Point><position>4680</position><in_Quantity.quantity>0.000000</in_Quantity.quantity><out_Quantity.quantity>214.893169</out_Quantity.quantity></Point><Point><position>4681</position><in_Quantity.quantity>0.000000</in_Quantity.quantity><out_Quantity.quantity>702.033727</out_Quantity.quantity></Point><Point><position>4682</position><in_Quantity.quantity>0.000000</in_Quantity.quantity><out_Quantity.quantity>710.921519</out_Quantity.quantity></Point><Point><position>4683</position><in_Quantity.quantity>0.000000</in_Quantity.quantity><out_Quantity.quantity>113.521822</out_Quantity.quantity></Point><Point><position>4684</position><in_Quantity.quantity>0.000000</in_Quantity.quantity><out_Quantity.quantity>18.837470</out_Quantity.quantity></Point><Point><position>4685</position><in_Quantity.quantity>0.000000</in_Quantity.quantity><out_Quantity.quantity>200.264484</out_Quantity.quantity></Point><Point><position>4686</position><in_Quantity.quantity>0.000000</in_Quantity.quantity><out_Quantity.quantity>839.569347</out_Quantity.quantity></Point><Point><position>4687</position><in_Quantity.quantity>0.000000</in_Quantity.quantity><out_Quantity.quantity>916.935915</out_Quantity.quantity></Point><Point><position>4688</position><in_Quantity.quantity>0.000000</in_Quantity.quantity><out_Quantity.quantity>863.305801</out_Quantity.quantity></Point><Point><position>4689</position><in_Quantity.quantity>0.000000</in_Quantity.quantity><out_Quantity.quantity>10.733360</out_Quantity.quantity></Point><Point><position>4690</position><in_Quantity.quantity>0.000000</in_Quantity.quantity><out_Quantity.quantity>608.758838</out_Quantity.quantity></Point><Point><position>4691</position><in_Quantity.quantity>0.000000</in_Quantity.quantity><out_Quantity.quantity>154.794287</out_Quantity.quantity></Point><Point><position>4692</position><in_Quantity.quantity>0.000000</in_Quantity.quantity><out_Quantity.quantity>520.876831</out_Quantity.quantity></Point><Point><position>4693</position><in_Quantity.quantity>0.000000</in_Quantity.quantity><out_Quantity.quantity>382.026006</out_Quantity.quantity></Point><Point><position>4694</position><in_Quantity.quantity>0.000000</in_Quantity.quantity><out_Quantity.quantity>562.249361</out_Quantity.quantity></Point><Point><position>4695</position><in_Quantity.quantity>0.000000</in_Quantity.quantity><out_Quantity.quantity>131.709290</out_Quantity.quantity></Point><Point><position>4696</position><in_Quantity.quantity>0.000000</in_Quantity.quantity><out_Quantity.quantity>498.931184</out_Quantity.quantity></Point><Point><position>4697</position><in_Quantity.quantity>0.000000</in_Quantity.quantity><out_Quantity.quantity>778.312843</out_Quantity.quantity></Point><Point><position>4698</position><in_Quantity.quantity>0.000000</in_Quantity.quantity><out_Quantity.quantity>777.923841</out_Quantity.quantity></Point><Point><position>4699</position><in_Quantity.quantity>0.000000</in_Quantity.quantity><out_Quantity.quantity>338.305020</out_Quantity.quantity></Point><Point><position>4700</position><in_Quantity.quantity>0.000000</in_Quantity.quantity><out_Quantity.quantity>444.315407</out_Quantity.quantity></Point><Point><position>4701</position><in_Quantity.quantity>0.000000</in_Quantity.quantity><out_Quantity.quantity>679.115799</out_Quantity.quantity></Point><Point><position>4702</position><in_Quantity.quantity>0.000000</in_Quantity.quantity><out_Quantity.quantity>492.036435</out_Quantity.quantity></Point><Point><position>4703</position><in_Quantity.quantity>0.000000</in_Quantity.quantity><out_Quantity.quantity>90.718623</out_Quantity.quantity></Point><Point><position>4704</position><in_Quantity.quantity>0.000000</in_Quantity.quantity><out_Quantity.quantity>989.247612</out_Quantity.quantity></Point><Point><position>4705</position><in_Quantity.quantity>0.000000</in_Quantity.quantity><out_Quantity.quantity>543.366377</out_Quantity.quantity></Point><Point><position>4706</position><in_Quantity.quantity>0.000000</in_Quantity.quantity><out_Quantity.quantity>111.895207</out_Quantity.quantity></Point><Point><position>4707</position><in_Quantity.quantity>0.000000</in_Quantity.quantity><out_Quantity.quantity>8.289314</out_Quantity.quantity></Point><Point><position>4708</position><in_Quantity.quantity>0.000000</in_Quantity.quantity><out_Quantity.quantity>990.300124</out_Quantity.quantity></Point><Point><position>4709</position><in_Quantity.quantity>0.000000</in_Quantity.quantity><out_Quantity.quantity>995.444084</out_Quantity.quantity></Point><Point><position>4710</position><in_Quantity.quantity>0.000000</in_Quantity.quantity><out_Quantity.quantity>429.616382</out_Quantity.quantity></Point><Point><position>4711</position><in_Quantity.quantity>0.000000</in_Quantity.quantity><out_Quantity.quantity>246.128994</out_Quantity.quantity></Point><Point><position>4712</position><in_Quantity.quantity>0.000000</in_Quantity.quantity><out_Quantity.quantity>509.337888</out_Quantity.quantity></Point><Point><position>4713</position><in_Quantity.quantity>0.000000</in_Quantity.quantity><out_Quantity.quantity>514.852609</out_Quantity.quantity></Point><Point><position>4714</position><in_Quantity.quantity>0.000000</in_Quantity.quantity><out_Quantity.quantity>79.291807</out_Quantity.quantity></Point><Point><position>4715</position><in_Quantity.quantity>0.000000</in_Quantity.quantity><out_Quantity.quantity>436.566933</out_Quantity.quantity></Point><Point><position>4716</position><in_Quantity.quantity>0.000000</in_Quantity.quantity><out_Quantity.quantity>161.362266</out_Quantity.quantity></Point><Point><position>4717</position><in_Quantity.quantity>0.000000</in_Quantity.quantity><out_Quantity.quantity>96.386305</out_Quantity.quantity></Point><Point><position>4718</position><in_Quantity.quantity>0.000000</in_Quantity.quantity><out_Quantity.quantity>311.892639</out_Quantity.quantity></Point><Point><position>4719</position><in_Quantity.quantity>0.000000</in_Quantity.quantity><out_Quantity.quantity>832.530785</out_Quantity.quantity></Point><Point><position>4720</position><in_Quantity.quantity>0.000000</in_Quantity.quantity><out_Quantity.quantity>889.859987</out_Quantity.quantity></Point><Point><position>4721</position><in_Quantity.quantity>0.000000</in_Quantity.quantity><out_Quantity.quantity>490.663286</out_Quantity.quantity></Point><Point><position>4722</position><in_Quantity.quantity>0.000000</in_Quantity.quantity><out_Quantity.quantity>459.091867</out_Quantity.quantity></Point><Point><position>4723</position><in_Quantity.quantity>0.000000</in_Quantity.quantity><out_Quantity.quantity>864.673197</out_Quantity.quantity></Point><Point><position>4724</position><in_Quantity.quantity>0.000000</in_Quantity.quantity><out_Quantity.quantity>655.307675</out_Quantity.quantity></Point><Point><position>4725</position><in_Quantity.quantity>0.000000</in_Quantity.quantity><out_Quantity.quantity>281.125571</out_Quantity.quantity></Point><Point><position>4726</position><in_Quantity.quantity>0.000000</in_Quantity.quantity><out_Quantity.quantity>733.507323</out_Quantity.quantity></Point><Point><position>4727</position><in_Quantity.quantity>0.000000</in_Quantity.quantity><out_Quantity.quantity>428.228383</out_Quantity.quantity></Point><Point><position>4728</position><in_Quantity.quantity>0.000000</in_Quantity.quantity><out_Quantity.quantity>393.391409</out_Quantity.quantity></Point><Point><position>4729</position><in_Quantity.quantity>0.000000</in_Quantity.quantity><out_Quantity.quantity>992.567910</out_Quantity.quantity></Point><Point><position>4730</position><in_Quantity.quantity>0.000000</in_Quantity.quantity><out_Quantity.quantity>140.390391</out_Quantity.quantity></Point><Point><position>4731</position><in_Quantity.quantity>0.000000</in_Quantity.quantity><out_Quantity.quantity>136.708481</out_Quantity.quantity></Point><Point><position>4732</position><in_Quantity.quantity>0.000000</in_Quantity.quantity><out_Quantity.quantity>265.956478</out_Quantity.quantity></Point><Point><position>4733</position><in_Quantity.quantity>0.000000</in_Quantity.quantity><out_Quantity.quantity>614.070744</out_Quantity.quantity></Point><Point><position>4734</position><in_Quantity.quantity>0.000000</in_Quantity.quantity><out_Quantity.quantity>326.335560</out_Quantity.quantity></Point><Point><position>4735</position><in_Quantity.quantity>0.000000</in_Quantity.quantity><out_Quantity.quantity>854.444551</out_Quantity.quantity></Point><Point><position>4736</position><in_Quantity.quantity>0.000000</in_Quantity.quantity><out_Quantity.quantity>295.522309</out_Quantity.quantity></Point><Point><position>4737</position><in_Quantity.quantity>0.000000</in_Quantity.quantity><out_Quantity.quantity>850.602958</out_Quantity.quantity></Point><Point><position>4738</position><in_Quantity.quantity>0.000000</in_Quantity.quantity><out_Quantity.quantity>389.867434</out_Quantity.quantity></Point><Point><position>4739</position><in_Quantity.quantity>0.000000</in_Quantity.quantity><out_Quantity.quantity>986.935272</out_Quantity.quantity></Point><Point><position>4740</position><in_Quantity.quantity>0.000000</in_Quantity.quantity><out_Quantity.quantity>296.437112</out_Quantity.quantity></Point><Point><position>4741</position><in_Quantity.quantity>0.000000</in_Quantity.quantity><out_Quantity.quantity>975.750827</out_Quantity.quantity></Point><Point><position>4742</position><in_Quantity.quantity>0.000000</in_Quantity.quantity><out_Quantity.quantity>790.511047</out_Quantity.quantity></Point><Point><position>4743</position><in_Quantity.quantity>0.000000</in_Quantity.quantity><out_Quantity.quantity>699.709255</out_Quantity.quantity></Point><Point><position>4744</position><in_Quantity.quantity>0.000000</in_Quantity.quantity><out_Quantity.quantity>751.561412</out_Quantity.quantity></Point><Point><position>4745</position><in_Quantity.quantity>0.000000</in_Quantity.quantity><out_Quantity.quantity>498.008670</out_Quantity.quantity></Point><Point><position>4746</position><in_Quantity.quantity>0.000000</in_Quantity.quantity><out_Quantity.quantity>963.353541</out_Quantity.quantity></Point><Point><position>4747</position><in_Quantity.quantity>0.000000</in_Quantity.quantity><out_Quantity.quantity>777.195446</out_Quantity.quantity></Point><Point><position>4748</position><in_Quantity.quantity>0.000000</in_Quantity.quantity><out_Quantity.quantity>512.360411</out_Quantity.quantity></Point><Point><position>4749</position><in_Quantity.quantity>0.000000</in_Quantity.quantity><out_Quantity.quantity>12.593040</out_Quantity.quantity></Point><Point><position>4750</position><in_Quantity.quantity>0.000000</in_Quantity.quantity><out_Quantity.quantity>648.754116</out_Quantity.quantity></Point><Point><position>4751</position><in_Quantity.quantity>0.000000</in_Quantity.quantity><out_Quantity.quantity>118.941166</out_Quantity.quantity></Point><Point><position>4752</position><in_Quantity.quantity>0.000000</in_Quantity.quantity><out_Quantity.quantity>303.429837</out_Quantity.quantity></Point><Point><position>4753</position><in_Quantity.quantity>0.000000</in_Quantity.quantity><out_Quantity.quantity>31.551093</out_Quantity.quantity></Point><Point><position>4754</position><in_Quantity.quantity>0.000000</in_Quantity.quantity><out_Quantity.quantity>382.125471</out_Quantity.quantity></Point><Point><position>4755</position><in_Quantity.quantity>0.000000</in_Quantity.quantity><out_Quantity.quantity>747.349716</out_Quantity.quantity></Point><Point><position>4756</position><in_Quantity.quantity>0.000000</in_Quantity.quantity><out_Quantity.quantity>264.251112</out_Quantity.quantity></Point><Point><position>4757</position><in_Quantity.quantity>0.000000</in_Quantity.quantity><out_Quantity.quantity>44.296295</out_Quantity.quantity></Point><Point><position>4758</position><in_Quantity.quantity>0.000000</in_Quantity.quantity><out_Quantity.quantity>392.489501</out_Quantity.quantity></Point><Point><position>4759</position><in_Quantity.quantity>0.000000</in_Quantity.quantity><out_Quantity.quantity>900.466930</out_Quantity.quantity></Point><Point><position>4760</position><in_Quantity.quantity>0.000000</in_Quantity.quantity><out_Quantity.quantity>775.631524</out_Quantity.quantity></Point><Point><position>4761</position><in_Quantity.quantity>0.000000</in_Quantity.quantity><out_Quantity.quantity>562.936853</out_Quantity.quantity></Point><Point><position>4762</position><in_Quantity.quantity>0.000000</in_Quantity.quantity><out_Quantity.quantity>113.461444</out_Quantity.quantity></Point><Point><position>4763</position><in_Quantity.quantity>0.000000</in_Quantity.quantity><out_Quantity.quantity>373.024594</out_Quantity.quantity></Point><Point><position>4764</position><in_Quantity.quantity>0.000000</in_Quantity.quantity><out_Quantity.quantity>545.790987</out_Quantity.quantity></Point><Point><position>4765</position><in_Quantity.quantity>0.000000</in_Quantity.quantity><out_Quantity.quantity>917.254760</out_Quantity.quantity></Point><Point><position>4766</position><in_Quantity.quantity>0.000000</in_Quantity.quantity><out_Quantity.quantity>294.719978</out_Quantity.quantity></Point><Point><position>4767</position><in_Quantity.quantity>0.000000</in_Quantity.quantity><out_Quantity.quantity>133.050329</out_Quantity.quantity></Point><Point><position>4768</position><in_Quantity.quantity>0.000000</in_Quantity.quantity><out_Quantity.quantity>418.569169</out_Quantity.quantity></Point><Point><position>4769</position><in_Quantity.quantity>0.000000</in_Quantity.quantity><out_Quantity.quantity>772.857239</out_Quantity.quantity></Point><Point><position>4770</position><in_Quantity.quantity>0.000000</in_Quantity.quantity><out_Quantity.quantity>188.752086</out_Quantity.quantity></Point><Point><position>4771</position><in_Quantity.quantity>0.000000</in_Quantity.quantity><out_Quantity.quantity>651.821487</out_Quantity.quantity></Point><Point><position>4772</position><in_Quantity.quantity>0.000000</in_Quantity.quantity><out_Quantity.quantity>12.597884</out_Quantity.quantity></Point><Point><position>4773</position><in_Quantity.quantity>0.000000</in_Quantity.quantity><out_Quantity.quantity>873.967685</out_Quantity.quantity></Point><Point><position>4774</position><in_Quantity.quantity>0.000000</in_Quantity.quantity><out_Quantity.quantity>78.326041</out_Quantity.quantity></Point><Point><position>4775</position><in_Quantity.quantity>0.000000</in_Quantity.quantity><out_Quantity.quantity>802.440556</out_Quantity.quantity></Point><Point><position>4776</position><in_Quantity.quantity>0.000000</in_Quantity.quantity><out_Quantity.quantity>293.293297</out_Quantity.quantity></Point><Point><position>4777</position><in_Quantity.quantity>0.000000</in_Quantity.quantity><out_Quantity.quantity>883.407211</out_Quantity.quantity></Point><Point><position>4778</position><in_Quantity.quantity>0.000000</in_Quantity.quantity><out_Quantity.quantity>999.044655</out_Quantity.quantity></Point><Point><position>4779</position><in_Quantity.quantity>0.000000</in_Quantity.quantity><out_Quantity.quantity>999.467689</out_Quantity.quantity></Point><Point><position>4780</position><in_Quantity.quantity>0.000000</in_Quantity.quantity><out_Quantity.quantity>589.212313</out_Quantity.quantity></Point><Point><position>4781</position><in_Quantity.quantity>0.000000</in_Quantity.quantity><out_Quantity.quantity>709.719809</out_Quantity.quantity></Point><Point><position>4782</position><in_Quantity.quantity>0.000000</in_Quantity.quantity><out_Quantity.quantity>739.554680</out_Quantity.quantity></Point><Point><position>4783</position><in_Quantity.quantity>0.000000</in_Quantity.quantity><out_Quantity.quantity>328.372506</out_Quantity.quantity></Point><Point><position>4784</position><in_Quantity.quantity>0.000000</in_Quantity.quantity><out_Quantity.quantity>680.220554</out_Quantity.quantity></Point><Point><position>4785</position><in_Quantity.quantity>0.000000</in_Quantity.quantity><out_Quantity.quantity>388.243034</out_Quantity.quantity></Point><Point><position>4786</position><in_Quantity.quantity>0.000000</in_Quantity.quantity><out_Quantity.quantity>687.447667</out_Quantity.quantity></Point><Point><position>4787</position><in_Quantity.quantity>0.000000</in_Quantity.quantity><out_Quantity.quantity>736.281072</out_Quantity.quantity></Point><Point><position>4788</position><in_Quantity.quantity>0.000000</in_Quantity.quantity><out_Quantity.quantity>232.833992</out_Quantity.quantity></Point><Point><position>4789</position><in_Quantity.quantity>0.000000</in_Quantity.quantity><out_Quantity.quantity>913.227504</out_Quantity.quantity></Point><Point><position>4790</position><in_Quantity.quantity>0.000000</in_Quantity.quantity><out_Quantity.quantity>721.351402</out_Quantity.quantity></Point><Point><position>4791</position><in_Quantity.quantity>0.000000</in_Quantity.quantity><out_Quantity.quantity>353.715689</out_Quantity.quantity></Point><Point><position>4792</position><in_Quantity.quantity>0.000000</in_Quantity.quantity><out_Quantity.quantity>182.968119</out_Quantity.quantity></Point><Point><position>4793</position><in_Quantity.quantity>0.000000</in_Quantity.quantity><out_Quantity.quantity>798.468192</out_Quantity.quantity></Point><Point><position>4794</position><in_Quantity.quantity>0.000000</in_Quantity.quantity><out_Quantity.quantity>952.131474</out_Quantity.quantity></Point><Point><position>4795</position><in_Quantity.quantity>0.000000</in_Quantity.quantity><out_Quantity.quantity>628.744728</out_Quantity.quantity></Point><Point><position>4796</position><in_Quantity.quantity>0.000000</in_Quantity.quantity><out_Quantity.quantity>913.351115</out_Quantity.quantity></Point><Point><position>4797</position><in_Quantity.quantity>0.000000</in_Quantity.quantity><out_Quantity.quantity>974.638758</out_Quantity.quantity></Point><Point><position>4798</position><in_Quantity.quantity>0.000000</in_Quantity.quantity><out_Quantity.quantity>439.554812</out_Quantity.quantity></Point><Point><position>4799</position><in_Quantity.quantity>0.000000</in_Quantity.quantity><out_Quantity.quantity>875.028036</out_Quantity.quantity></Point><Point><position>4800</position><in_Quantity.quantity>0.000000</in_Quantity.quantity><out_Quantity.quantity>262.796039</out_Quantity.quantity></Point><Point><position>4801</position><in_Quantity.quantity>0.000000</in_Quantity.quantity><out_Quantity.quantity>831.679732</out_Quantity.quantity></Point><Point><position>4802</position><in_Quantity.quantity>0.000000</in_Quantity.quantity><out_Quantity.quantity>445.458411</out_Quantity.quantity></Point><Point><position>4803</position><in_Quantity.quantity>0.000000</in_Quantity.quantity><out_Quantity.quantity>686.103114</out_Quantity.quantity></Point><Point><position>4804</position><in_Quantity.quantity>0.000000</in_Quantity.quantity><out_Quantity.quantity>841.950658</out_Quantity.quantity></Point><Point><position>4805</position><in_Quantity.quantity>0.000000</in_Quantity.quantity><out_Quantity.quantity>831.290577</out_Quantity.quantity></Point><Point><position>4806</position><in_Quantity.quantity>0.000000</in_Quantity.quantity><out_Quantity.quantity>471.616818</out_Quantity.quantity></Point><Point><position>4807</position><in_Quantity.quantity>0.000000</in_Quantity.quantity><out_Quantity.quantity>875.930841</out_Quantity.quantity></Point><Point><position>4808</position><in_Quantity.quantity>0.000000</in_Quantity.quantity><out_Quantity.quantity>210.728134</out_Quantity.quantity></Point><Point><position>4809</position><in_Quantity.quantity>0.000000</in_Quantity.quantity><out_Quantity.quantity>625.930342</out_Quantity.quantity></Point><Point><position>4810</position><in_Quantity.quantity>0.000000</in_Quantity.quantity><out_Quantity.quantity>231.930433</out_Quantity.quantity></Point><Point><position>4811</position><in_Quantity.quantity>0.000000</in_Quantity.quantity><out_Quantity.quantity>65.211966</out_Quantity.quantity></Point><Point><position>4812</position><in_Quantity.quantity>0.000000</in_Quantity.quantity><out_Quantity.quantity>758.927766</out_Quantity.quantity></Point><Point><position>4813</position><in_Quantity.quantity>0.000000</in_Quantity.quantity><out_Quantity.quantity>857.276567</out_Quantity.quantity></Point><Point><position>4814</position><in_Quantity.quantity>0.000000</in_Quantity.quantity><out_Quantity.quantity>311.758417</out_Quantity.quantity></Point><Point><position>4815</position><in_Quantity.quantity>0.000000</in_Quantity.quantity><out_Quantity.quantity>654.224382</out_Quantity.quantity></Point><Point><position>4816</position><in_Quantity.quantity>0.000000</in_Quantity.quantity><out_Quantity.quantity>525.595814</out_Quantity.quantity></Point><Point><position>4817</position><in_Quantity.quantity>0.000000</in_Quantity.quantity><out_Quantity.quantity>887.484477</out_Quantity.quantity></Point><Point><position>4818</position><in_Quantity.quantity>0.000000</in_Quantity.quantity><out_Quantity.quantity>772.927565</out_Quantity.quantity></Point><Point><position>4819</position><in_Quantity.quantity>0.000000</in_Quantity.quantity><out_Quantity.quantity>329.502846</out_Quantity.quantity></Point><Point><position>4820</position><in_Quantity.quantity>0.000000</in_Quantity.quantity><out_Quantity.quantity>915.792320</out_Quantity.quantity></Point><Point><position>4821</position><in_Quantity.quantity>0.000000</in_Quantity.quantity><out_Quantity.quantity>301.804860</out_Quantity.quantity></Point><Point><position>4822</position><in_Quantity.quantity>0.000000</in_Quantity.quantity><out_Quantity.quantity>563.682382</out_Quantity.quantity></Point><Point><position>4823</position><in_Quantity.quantity>0.000000</in_Quantity.quantity><out_Quantity.quantity>867.581355</out_Quantity.quantity></Point><Point><position>4824</position><in_Quantity.quantity>0.000000</in_Quantity.quantity><out_Quantity.quantity>298.331960</out_Quantity.quantity></Point><Point><position>4825</position><in_Quantity.quantity>0.000000</in_Quantity.quantity><out_Quantity.quantity>508.013905</out_Quantity.quantity></Point><Point><position>4826</position><in_Quantity.quantity>0.000000</in_Quantity.quantity><out_Quantity.quantity>329.691477</out_Quantity.quantity></Point><Point><position>4827</position><in_Quantity.quantity>0.000000</in_Quantity.quantity><out_Quantity.quantity>275.488546</out_Quantity.quantity></Point><Point><position>4828</position><in_Quantity.quantity>0.000000</in_Quantity.quantity><out_Quantity.quantity>575.762016</out_Quantity.quantity></Point><Point><position>4829</position><in_Quantity.quantity>0.000000</in_Quantity.quantity><out_Quantity.quantity>513.522708</out_Quantity.quantity></Point><Point><position>4830</position><in_Quantity.quantity>0.000000</in_Quantity.quantity><out_Quantity.quantity>7.484384</out_Quantity.quantity></Point><Point><position>4831</position><in_Quantity.quantity>0.000000</in_Quantity.quantity><out_Quantity.quantity>892.370578</out_Quantity.quantity></Point><Point><position>4832</position><in_Quantity.quantity>0.000000</in_Quantity.quantity><out_Quantity.quantity>677.013117</out_Quantity.quantity></Point><Point><position>4833</position><in_Quantity.quantity>0.000000</in_Quantity.quantity><out_Quantity.quantity>890.268273</out_Quantity.quantity></Point><Point><position>4834</position><in_Quantity.quantity>0.000000</in_Quantity.quantity><out_Quantity.quantity>983.067142</out_Quantity.quantity></Point><Point><position>4835</position><in_Quantity.quantity>0.000000</in_Quantity.quantity><out_Quantity.quantity>702.383066</out_Quantity.quantity></Point><Point><position>4836</position><in_Quantity.quantity>0.000000</in_Quantity.quantity><out_Quantity.quantity>989.358606</out_Quantity.quantity></Point><Point><position>4837</position><in_Quantity.quantity>0.000000</in_Quantity.quantity><out_Quantity.quantity>452.160940</out_Quantity.quantity></Point><Point><position>4838</position><in_Quantity.quantity>0.000000</in_Quantity.quantity><out_Quantity.quantity>595.644993</out_Quantity.quantity></Point><Point><position>4839</position><in_Quantity.quantity>0.000000</in_Quantity.quantity><out_Quantity.quantity>172.397054</out_Quantity.quantity></Point><Point><position>4840</position><in_Quantity.quantity>0.000000</in_Quantity.quantity><out_Quantity.quantity>811.027945</out_Quantity.quantity></Point><Point><position>4841</position><in_Quantity.quantity>0.000000</in_Quantity.quantity><out_Quantity.quantity>12.944892</out_Quantity.quantity></Point><Point><position>4842</position><in_Quantity.quantity>0.000000</in_Quantity.quantity><out_Quantity.quantity>988.819712</out_Quantity.quantity></Point><Point><position>4843</position><in_Quantity.quantity>0.000000</in_Quantity.quantity><out_Quantity.quantity>651.867608</out_Quantity.quantity></Point><Point><position>4844</position><in_Quantity.quantity>0.000000</in_Quantity.quantity><out_Quantity.quantity>489.762067</out_Quantity.quantity></Point><Point><position>4845</position><in_Quantity.quantity>0.000000</in_Quantity.quantity><out_Quantity.quantity>845.035436</out_Quantity.quantity></Point><Point><position>4846</position><in_Quantity.quantity>0.000000</in_Quantity.quantity><out_Quantity.quantity>627.250622</out_Quantity.quantity></Point><Point><position>4847</position><in_Quantity.quantity>0.000000</in_Quantity.quantity><out_Quantity.quantity>521.523529</out_Quantity.quantity></Point><Point><position>4848</position><in_Quantity.quantity>0.000000</in_Quantity.quantity><out_Quantity.quantity>243.902137</out_Quantity.quantity></Point><Point><position>4849</position><in_Quantity.quantity>0.000000</in_Quantity.quantity><out_Quantity.quantity>205.798881</out_Quantity.quantity></Point><Point><position>4850</position><in_Quantity.quantity>0.000000</in_Quantity.quantity><out_Quantity.quantity>453.798314</out_Quantity.quantity></Point><Point><position>4851</position><in_Quantity.quantity>0.000000</in_Quantity.quantity><out_Quantity.quantity>202.942833</out_Quantity.quantity></Point><Point><position>4852</position><in_Quantity.quantity>0.000000</in_Quantity.quantity><out_Quantity.quantity>409.559849</out_Quantity.quantity></Point><Point><position>4853</position><in_Quantity.quantity>0.000000</in_Quantity.quantity><out_Quantity.quantity>819.814973</out_Quantity.quantity></Point><Point><position>4854</position><in_Quantity.quantity>0.000000</in_Quantity.quantity><out_Quantity.quantity>529.879901</out_Quantity.quantity></Point><Point><position>4855</position><in_Quantity.quantity>0.000000</in_Quantity.quantity><out_Quantity.quantity>770.799086</out_Quantity.quantity></Point><Point><position>4856</position><in_Quantity.quantity>0.000000</in_Quantity.quantity><out_Quantity.quantity>839.529130</out_Quantity.quantity></Point><Point><position>4857</position><in_Quantity.quantity>0.000000</in_Quantity.quantity><out_Quantity.quantity>477.048452</out_Quantity.quantity></Point><Point><position>4858</position><in_Quantity.quantity>0.000000</in_Quantity.quantity><out_Quantity.quantity>181.066005</out_Quantity.quantity></Point><Point><position>4859</position><in_Quantity.quantity>0.000000</in_Quantity.quantity><out_Quantity.quantity>831.576058</out_Quantity.quantity></Point><Point><position>4860</position><in_Quantity.quantity>0.000000</in_Quantity.quantity><out_Quantity.quantity>177.994063</out_Quantity.quantity></Point><Point><position>4861</position><in_Quantity.quantity>0.000000</in_Quantity.quantity><out_Quantity.quantity>481.890504</out_Quantity.quantity></Point><Point><position>4862</position><in_Quantity.quantity>0.000000</in_Quantity.quantity><out_Quantity.quantity>675.050250</out_Quantity.quantity></Point><Point><position>4863</position><in_Quantity.quantity>0.000000</in_Quantity.quantity><out_Quantity.quantity>515.598743</out_Quantity.quantity></Point><Point><position>4864</position><in_Quantity.quantity>0.000000</in_Quantity.quantity><out_Quantity.quantity>586.986151</out_Quantity.quantity></Point><Point><position>4865</position><in_Quantity.quantity>0.000000</in_Quantity.quantity><out_Quantity.quantity>232.741701</out_Quantity.quantity></Point><Point><position>4866</position><in_Quantity.quantity>0.000000</in_Quantity.quantity><out_Quantity.quantity>747.479093</out_Quantity.quantity></Point><Point><position>4867</position><in_Quantity.quantity>0.000000</in_Quantity.quantity><out_Quantity.quantity>911.540478</out_Quantity.quantity></Point><Point><position>4868</position><in_Quantity.quantity>0.000000</in_Quantity.quantity><out_Quantity.quantity>671.811119</out_Quantity.quantity></Point><Point><position>4869</position><in_Quantity.quantity>0.000000</in_Quantity.quantity><out_Quantity.quantity>615.441511</out_Quantity.quantity></Point><Point><position>4870</position><in_Quantity.quantity>0.000000</in_Quantity.quantity><out_Quantity.quantity>213.408387</out_Quantity.quantity></Point><Point><position>4871</position><in_Quantity.quantity>0.000000</in_Quantity.quantity><out_Quantity.quantity>105.341805</out_Quantity.quantity></Point><Point><position>4872</position><in_Quantity.quantity>0.000000</in_Quantity.quantity><out_Quantity.quantity>82.792943</out_Quantity.quantity></Point><Point><position>4873</position><in_Quantity.quantity>0.000000</in_Quantity.quantity><out_Quantity.quantity>672.106912</out_Quantity.quantity></Point><Point><position>4874</position><in_Quantity.quantity>0.000000</in_Quantity.quantity><out_Quantity.quantity>573.589852</out_Quantity.quantity></Point><Point><position>4875</position><in_Quantity.quantity>0.000000</in_Quantity.quantity><out_Quantity.quantity>305.976935</out_Quantity.quantity></Point><Point><position>4876</position><in_Quantity.quantity>0.000000</in_Quantity.quantity><out_Quantity.quantity>860.299017</out_Quantity.quantity></Point><Point><position>4877</position><in_Quantity.quantity>0.000000</in_Quantity.quantity><out_Quantity.quantity>236.480739</out_Quantity.quantity></Point><Point><position>4878</position><in_Quantity.quantity>0.000000</in_Quantity.quantity><out_Quantity.quantity>485.058450</out_Quantity.quantity></Point><Point><position>4879</position><in_Quantity.quantity>0.000000</in_Quantity.quantity><out_Quantity.quantity>770.527710</out_Quantity.quantity></Point><Point><position>4880</position><in_Quantity.quantity>0.000000</in_Quantity.quantity><out_Quantity.quantity>789.230772</out_Quantity.quantity></Point><Point><position>4881</position><in_Quantity.quantity>0.000000</in_Quantity.quantity><out_Quantity.quantity>867.212955</out_Quantity.quantity></Point><Point><position>4882</position><in_Quantity.quantity>0.000000</in_Quantity.quantity><out_Quantity.quantity>895.392583</out_Quantity.quantity></Point><Point><position>4883</position><in_Quantity.quantity>0.000000</in_Quantity.quantity><out_Quantity.quantity>781.744476</out_Quantity.quantity></Point><Point><position>4884</position><in_Quantity.quantity>0.000000</in_Quantity.quantity><out_Quantity.quantity>125.582599</out_Quantity.quantity></Point><Point><position>4885</position><in_Quantity.quantity>0.000000</in_Quantity.quantity><out_Quantity.quantity>42.859537</out_Quantity.quantity></Point><Point><position>4886</position><in_Quantity.quantity>0.000000</in_Quantity.quantity><out_Quantity.quantity>347.364386</out_Quantity.quantity></Point><Point><position>4887</position><in_Quantity.quantity>0.000000</in_Quantity.quantity><out_Quantity.quantity>328.983182</out_Quantity.quantity></Point><Point><position>4888</position><in_Quantity.quantity>0.000000</in_Quantity.quantity><out_Quantity.quantity>410.606994</out_Quantity.quantity></Point><Point><position>4889</position><in_Quantity.quantity>0.000000</in_Quantity.quantity><out_Quantity.quantity>195.452417</out_Quantity.quantity></Point><Point><position>4890</position><in_Quantity.quantity>0.000000</in_Quantity.quantity><out_Quantity.quantity>714.790993</out_Quantity.quantity></Point><Point><position>4891</position><in_Quantity.quantity>0.000000</in_Quantity.quantity><out_Quantity.quantity>329.455089</out_Quantity.quantity></Point><Point><position>4892</position><in_Quantity.quantity>0.000000</in_Quantity.quantity><out_Quantity.quantity>300.774629</out_Quantity.quantity></Point><Point><position>4893</position><in_Quantity.quantity>0.000000</in_Quantity.quantity><out_Quantity.quantity>189.358999</out_Quantity.quantity></Point><Point><position>4894</position><in_Quantity.quantity>0.000000</in_Quantity.quantity><out_Quantity.quantity>348.085939</out_Quantity.quantity></Point><Point><position>4895</position><in_Quantity.quantity>0.000000</in_Quantity.quantity><out_Quantity.quantity>442.378926</out_Quantity.quantity></Point><Point><position>4896</position><in_Quantity.quantity>0.000000</in_Quantity.quantity><out_Quantity.quantity>358.917235</out_Quantity.quantity></Point><Point><position>4897</position><in_Quantity.quantity>0.000000</in_Quantity.quantity><out_Quantity.quantity>306.519758</out_Quantity.quantity></Point><Point><position>4898</position><in_Quantity.quantity>0.000000</in_Quantity.quantity><out_Quantity.quantity>629.735160</out_Quantity.quantity></Point><Point><position>4899</position><in_Quantity.quantity>0.000000</in_Quantity.quantity><out_Quantity.quantity>549.715437</out_Quantity.quantity></Point><Point><position>4900</position><in_Quantity.quantity>0.000000</in_Quantity.quantity><out_Quantity.quantity>100.073950</out_Quantity.quantity></Point><Point><position>4901</position><in_Quantity.quantity>0.000000</in_Quantity.quantity><out_Quantity.quantity>179.383670</out_Quantity.quantity></Point><Point><position>4902</position><in_Quantity.quantity>0.000000</in_Quantity.quantity><out_Quantity.quantity>522.677278</out_Quantity.quantity></Point><Point><position>4903</position><in_Quantity.quantity>0.000000</in_Quantity.quantity><out_Quantity.quantity>506.362571</out_Quantity.quantity></Point><Point><position>4904</position><in_Quantity.quantity>0.000000</in_Quantity.quantity><out_Quantity.quantity>948.106778</out_Quantity.quantity></Point><Point><position>4905</position><in_Quantity.quantity>0.000000</in_Quantity.quantity><out_Quantity.quantity>34.371328</out_Quantity.quantity></Point><Point><position>4906</position><in_Quantity.quantity>0.000000</in_Quantity.quantity><out_Quantity.quantity>68.222419</out_Quantity.quantity></Point><Point><position>4907</position><in_Quantity.quantity>0.000000</in_Quantity.quantity><out_Quantity.quantity>62.406907</out_Quantity.quantity></Point><Point><position>4908</position><in_Quantity.quantity>0.000000</in_Quantity.quantity><out_Quantity.quantity>158.145890</out_Quantity.quantity></Point><Point><position>4909</position><in_Quantity.quantity>0.000000</in_Quantity.quantity><out_Quantity.quantity>343.687075</out_Quantity.quantity></Point><Point><position>4910</position><in_Quantity.quantity>0.000000</in_Quantity.quantity><out_Quantity.quantity>294.730579</out_Quantity.quantity></Point><Point><position>4911</position><in_Quantity.quantity>0.000000</in_Quantity.quantity><out_Quantity.quantity>531.329812</out_Quantity.quantity></Point><Point><position>4912</position><in_Quantity.quantity>0.000000</in_Quantity.quantity><out_Quantity.quantity>604.942854</out_Quantity.quantity></Point><Point><position>4913</position><in_Quantity.quantity>0.000000</in_Quantity.quantity><out_Quantity.quantity>409.572111</out_Quantity.quantity></Point><Point><position>4914</position><in_Quantity.quantity>0.000000</in_Quantity.quantity><out_Quantity.quantity>0.828592</out_Quantity.quantity></Point><Point><position>4915</position><in_Quantity.quantity>0.000000</in_Quantity.quantity><out_Quantity.quantity>428.363202</out_Quantity.quantity></Point><Point><position>4916</position><in_Quantity.quantity>0.000000</in_Quantity.quantity><out_Quantity.quantity>908.223295</out_Quantity.quantity></Point><Point><position>4917</position><in_Quantity.quantity>0.000000</in_Quantity.quantity><out_Quantity.quantity>540.577139</out_Quantity.quantity></Point><Point><position>4918</position><in_Quantity.quantity>0.000000</in_Quantity.quantity><out_Quantity.quantity>596.450200</out_Quantity.quantity></Point><Point><position>4919</position><in_Quantity.quantity>0.000000</in_Quantity.quantity><out_Quantity.quantity>15.868824</out_Quantity.quantity></Point><Point><position>4920</position><in_Quantity.quantity>0.000000</in_Quantity.quantity><out_Quantity.quantity>96.660861</out_Quantity.quantity></Point><Point><position>4921</position><in_Quantity.quantity>0.000000</in_Quantity.quantity><out_Quantity.quantity>805.718714</out_Quantity.quantity></Point><Point><position>4922</position><in_Quantity.quantity>0.000000</in_Quantity.quantity><out_Quantity.quantity>30.283972</out_Quantity.quantity></Point><Point><position>4923</position><in_Quantity.quantity>0.000000</in_Quantity.quantity><out_Quantity.quantity>865.124750</out_Quantity.quantity></Point><Point><position>4924</position><in_Quantity.quantity>0.000000</in_Quantity.quantity><out_Quantity.quantity>785.055831</out_Quantity.quantity></Point><Point><position>4925</position><in_Quantity.quantity>0.000000</in_Quantity.quantity><out_Quantity.quantity>530.875772</out_Quantity.quantity></Point><Point><position>4926</position><in_Quantity.quantity>0.000000</in_Quantity.quantity><out_Quantity.quantity>22.257742</out_Quantity.quantity></Point><Point><position>4927</position><in_Quantity.quantity>0.000000</in_Quantity.quantity><out_Quantity.quantity>845.702996</out_Quantity.quantity></Point><Point><position>4928</position><in_Quantity.quantity>0.000000</in_Quantity.quantity><out_Quantity.quantity>354.773410</out_Quantity.quantity></Point><Point><position>4929</position><in_Quantity.quantity>0.000000</in_Quantity.quantity><out_Quantity.quantity>598.578623</out_Quantity.quantity></Point><Point><position>4930</position><in_Quantity.quantity>0.000000</in_Quantity.quantity><out_Quantity.quantity>526.592154</out_Quantity.quantity></Point><Point><position>4931</position><in_Quantity.quantity>0.000000</in_Quantity.quantity><out_Quantity.quantity>589.510216</out_Quantity.quantity></Point><Point><position>4932</position><in_Quantity.quantity>0.000000</in_Quantity.quantity><out_Quantity.quantity>365.238565</out_Quantity.quantity></Point><Point><position>4933</position><in_Quantity.quantity>0.000000</in_Quantity.quantity><out_Quantity.quantity>105.822122</out_Quantity.quantity></Point><Point><position>4934</position><in_Quantity.quantity>0.000000</in_Quantity.quantity><out_Quantity.quantity>872.881631</out_Quantity.quantity></Point><Point><position>4935</position><in_Quantity.quantity>0.000000</in_Quantity.quantity><out_Quantity.quantity>783.458869</out_Quantity.quantity></Point><Point><position>4936</position><in_Quantity.quantity>0.000000</in_Quantity.quantity><out_Quantity.quantity>268.852054</out_Quantity.quantity></Point><Point><position>4937</position><in_Quantity.quantity>0.000000</in_Quantity.quantity><out_Quantity.quantity>44.654262</out_Quantity.quantity></Point><Point><position>4938</position><in_Quantity.quantity>0.000000</in_Quantity.quantity><out_Quantity.quantity>195.900092</out_Quantity.quantity></Point><Point><position>4939</position><in_Quantity.quantity>0.000000</in_Quantity.quantity><out_Quantity.quantity>577.571817</out_Quantity.quantity></Point><Point><position>4940</position><in_Quantity.quantity>0.000000</in_Quantity.quantity><out_Quantity.quantity>43.882384</out_Quantity.quantity></Point><Point><position>4941</position><in_Quantity.quantity>0.000000</in_Quantity.quantity><out_Quantity.quantity>132.622859</out_Quantity.quantity></Point><Point><position>4942</position><in_Quantity.quantity>0.000000</in_Quantity.quantity><out_Quantity.quantity>727.061422</out_Quantity.quantity></Point><Point><position>4943</position><in_Quantity.quantity>0.000000</in_Quantity.quantity><out_Quantity.quantity>858.242089</out_Quantity.quantity></Point><Point><position>4944</position><in_Quantity.quantity>0.000000</in_Quantity.quantity><out_Quantity.quantity>34.865901</out_Quantity.quantity></Point><Point><position>4945</position><in_Quantity.quantity>0.000000</in_Quantity.quantity><out_Quantity.quantity>60.221827</out_Quantity.quantity></Point><Point><position>4946</position><in_Quantity.quantity>0.000000</in_Quantity.quantity><out_Quantity.quantity>83.440862</out_Quantity.quantity></Point><Point><position>4947</position><in_Quantity.quantity>0.000000</in_Quantity.quantity><out_Quantity.quantity>618.169948</out_Quantity.quantity></Point><Point><position>4948</position><in_Quantity.quantity>0.000000</in_Quantity.quantity><out_Quantity.quantity>703.562204</out_Quantity.quantity></Point><Point><position>4949</position><in_Quantity.quantity>0.000000</in_Quantity.quantity><out_Quantity.quantity>461.768220</out_Quantity.quantity></Point><Point><position>4950</position><in_Quantity.quantity>0.000000</in_Quantity.quantity><out_Quantity.quantity>793.360185</out_Quantity.quantity></Point><Point><position>4951</position><in_Quantity.quantity>0.000000</in_Quantity.quantity><out_Quantity.quantity>628.432353</out_Quantity.quantity></Point><Point><position>4952</position><in_Quantity.quantity>0.000000</in_Quantity.quantity><out_Quantity.quantity>359.137908</out_Quantity.quantity></Point><Point><position>4953</position><in_Quantity.quantity>0.000000</in_Quantity.quantity><out_Quantity.quantity>952.674313</out_Quantity.quantity></Point><Point><position>4954</position><in_Quantity.quantity>0.000000</in_Quantity.quantity><out_Quantity.quantity>186.047848</out_Quantity.quantity></Point><Point><position>4955</position><in_Quantity.quantity>0.000000</in_Quantity.quantity><out_Quantity.quantity>231.729412</out_Quantity.quantity></Point><Point><position>4956</position><in_Quantity.quantity>0.000000</in_Quantity.quantity><out_Quantity.quantity>172.322201</out_Quantity.quantity></Point><Point><position>4957</position><in_Quantity.quantity>0.000000</in_Quantity.quantity><out_Quantity.quantity>213.441910</out_Quantity.quantity></Point><Point><position>4958</position><in_Quantity.quantity>0.000000</in_Quantity.quantity><out_Quantity.quantity>315.531794</out_Quantity.quantity></Point><Point><position>4959</position><in_Quantity.quantity>0.000000</in_Quantity.quantity><out_Quantity.quantity>871.552272</out_Quantity.quantity></Point><Point><position>4960</position><in_Quantity.quantity>0.000000</in_Quantity.quantity><out_Quantity.quantity>338.096027</out_Quantity.quantity></Point><Point><position>4961</position><in_Quantity.quantity>0.000000</in_Quantity.quantity><out_Quantity.quantity>494.940254</out_Quantity.quantity></Point><Point><position>4962</position><in_Quantity.quantity>0.000000</in_Quantity.quantity><out_Quantity.quantity>979.865861</out_Quantity.quantity></Point><Point><position>4963</position><in_Quantity.quantity>0.000000</in_Quantity.quantity><out_Quantity.quantity>354.984972</out_Quantity.quantity></Point><Point><position>4964</position><in_Quantity.quantity>0.000000</in_Quantity.quantity><out_Quantity.quantity>314.751146</out_Quantity.quantity></Point><Point><position>4965</position><in_Quantity.quantity>0.000000</in_Quantity.quantity><out_Quantity.quantity>654.442184</out_Quantity.quantity></Point><Point><position>4966</position><in_Quantity.quantity>0.000000</in_Quantity.quantity><out_Quantity.quantity>206.269357</out_Quantity.quantity></Point><Point><position>4967</position><in_Quantity.quantity>0.000000</in_Quantity.quantity><out_Quantity.quantity>868.732178</out_Quantity.quantity></Point><Point><position>4968</position><in_Quantity.quantity>0.000000</in_Quantity.quantity><out_Quantity.quantity>893.345505</out_Quantity.quantity></Point><Point><position>4969</position><in_Quantity.quantity>0.000000</in_Quantity.quantity><out_Quantity.quantity>517.052261</out_Quantity.quantity></Point><Point><position>4970</position><in_Quantity.quantity>0.000000</in_Quantity.quantity><out_Quantity.quantity>168.153084</out_Quantity.quantity></Point><Point><position>4971</position><in_Quantity.quantity>0.000000</in_Quantity.quantity><out_Quantity.quantity>813.828876</out_Quantity.quantity></Point><Point><position>4972</position><in_Quantity.quantity>0.000000</in_Quantity.quantity><out_Quantity.quantity>548.954562</out_Quantity.quantity></Point><Point><position>4973</position><in_Quantity.quantity>0.000000</in_Quantity.quantity><out_Quantity.quantity>935.277530</out_Quantity.quantity></Point><Point><position>4974</position><in_Quantity.quantity>0.000000</in_Quantity.quantity><out_Quantity.quantity>904.351160</out_Quantity.quantity></Point><Point><position>4975</position><in_Quantity.quantity>0.000000</in_Quantity.quantity><out_Quantity.quantity>99.616391</out_Quantity.quantity></Point><Point><position>4976</position><in_Quantity.quantity>0.000000</in_Quantity.quantity><out_Quantity.quantity>432.851563</out_Quantity.quantity></Point><Point><position>4977</position><in_Quantity.quantity>0.000000</in_Quantity.quantity><out_Quantity.quantity>767.051816</out_Quantity.quantity></Point><Point><position>4978</position><in_Quantity.quantity>0.000000</in_Quantity.quantity><out_Quantity.quantity>373.389509</out_Quantity.quantity></Point><Point><position>4979</position><in_Quantity.quantity>0.000000</in_Quantity.quantity><out_Quantity.quantity>898.576433</out_Quantity.quantity></Point><Point><position>4980</position><in_Quantity.quantity>0.000000</in_Quantity.quantity><out_Quantity.quantity>854.633186</out_Quantity.quantity></Point><Point><position>4981</position><in_Quantity.quantity>0.000000</in_Quantity.quantity><out_Quantity.quantity>639.630522</out_Quantity.quantity></Point><Point><position>4982</position><in_Quantity.quantity>0.000000</in_Quantity.quantity><out_Quantity.quantity>168.037440</out_Quantity.quantity></Point><Point><position>4983</position><in_Quantity.quantity>0.000000</in_Quantity.quantity><out_Quantity.quantity>404.169813</out_Quantity.quantity></Point><Point><position>4984</position><in_Quantity.quantity>0.000000</in_Quantity.quantity><out_Quantity.quantity>267.447016</out_Quantity.quantity></Point><Point><position>4985</position><in_Quantity.quantity>0.000000</in_Quantity.quantity><out_Quantity.quantity>844.423880</out_Quantity.quantity></Point><Point><position>4986</position><in_Quantity.quantity>0.000000</in_Quantity.quantity><out_Quantity.quantity>509.223304</out_Quantity.quantity></Point><Point><position>4987</position><in_Quantity.quantity>0.000000</in_Quantity.quantity><out_Quantity.quantity>719.512766</out_Quantity.quantity></Point><Point><position>4988</position><in_Quantity.quantity>0.000000</in_Quantity.quantity><out_Quantity.quantity>765.138553</out_Quantity.quantity></Point><Point><position>4989</position><in_Quantity.quantity>0.000000</in_Quantity.quantity><out_Quantity.quantity>575.090409</out_Quantity.quantity></Point><Point><position>4990</position><in_Quantity.quantity>0.000000</in_Quantity.quantity><out_Quantity.quantity>981.211774</out_Quantity.quantity></Point><Point><position>4991</position><in_Quantity.quantity>0.000000</in_Quantity.quantity><out_Quantity.quantity>759.857750</out_Quantity.quantity></Point><Point><position>4992</position><in_Quantity.quantity>0.000000</in_Quantity.quantity><out_Quantity.quantity>42.408375</out_Quantity.quantity></Point><Point><position>4993</position><in_Quantity.quantity>0.000000</in_Quantity.quantity><out_Quantity.quantity>901.921369</out_Quantity.quantity></Point><Point><position>4994</position><in_Quantity.quantity>0.000000</in_Quantity.quantity><out_Quantity.quantity>393.272468</out_Quantity.quantity></Point><Point><position>4995</position><in_Quantity.quantity>0.000000</in_Quantity.quantity><out_Quantity.quantity>975.330137</out_Quantity.quantity></Point><Point><position>4996</position><in_Quantity.quantity>0.000000</in_Quantity.quantity><out_Quantity.quantity>634.324782</out_Quantity.quantity></Point><Point><position>4997</position><in_Quantity.quantity>0.000000</in_Quantity.quantity><out_Quantity.quantity>509.579757</out_Quantity.quantity></Point><Point><position>4998</position><in_Quantity.quantity>0.000000</in_Quantity.quantity><out_Quantity.quantity>200.054115</out_Quantity.quantity></Point><Point><position>4999</position><in_Quantity.quantity>0.000000</in_Quantity.quantity><out_Quantity.quantity>355.955196</out_Quantity.quantity></Point><Point><position>5000</position><in_Quantity.quantity>0.000000</in_Quantity.quantity><out_Quantity.quantity>914.043377</out_Quantity.quantity></Point><Point><position>5001</position><in_Quantity.quantity>0.000000</in_Quantity.quantity><out_Quantity.quantity>553.696363</out_Quantity.quantity></Point><Point><position>5002</position><in_Quantity.quantity>0.000000</in_Quantity.quantity><out_Quantity.quantity>345.665058</out_Quantity.quantity></Point><Point><position>5003</position><in_Quantity.quantity>0.000000</in_Quantity.quantity><out_Quantity.quantity>253.741267</out_Quantity.quantity></Point><Point><position>5004</position><in_Quantity.quantity>0.000000</in_Quantity.quantity><out_Quantity.quantity>410.436689</out_Quantity.quantity></Point><Point><position>5005</position><in_Quantity.quantity>0.000000</in_Quantity.quantity><out_Quantity.quantity>964.684161</out_Quantity.quantity></Point><Point><position>5006</position><in_Quantity.quantity>0.000000</in_Quantity.quantity><out_Quantity.quantity>924.976090</out_Quantity.quantity></Point><Point><position>5007</position><in_Quantity.quantity>0.000000</in_Quantity.quantity><out_Quantity.quantity>970.635881</out_Quantity.quantity></Point><Point><position>5008</position><in_Quantity.quantity>0.000000</in_Quantity.quantity><out_Quantity.quantity>998.738810</out_Quantity.quantity></Point><Point><position>5009</position><in_Quantity.quantity>0.000000</in_Quantity.quantity><out_Quantity.quantity>965.026686</out_Quantity.quantity></Point><Point><position>5010</position><in_Quantity.quantity>0.000000</in_Quantity.quantity><out_Quantity.quantity>540.411497</out_Quantity.quantity></Point><Point><position>5011</position><in_Quantity.quantity>0.000000</in_Quantity.quantity><out_Quantity.quantity>790.632031</out_Quantity.quantity></Point><Point><position>5012</position><in_Quantity.quantity>0.000000</in_Quantity.quantity><out_Quantity.quantity>973.809365</out_Quantity.quantity></Point><Point><position>5013</position><in_Quantity.quantity>0.000000</in_Quantity.quantity><out_Quantity.quantity>393.641462</out_Quantity.quantity></Point><Point><position>5014</position><in_Quantity.quantity>0.000000</in_Quantity.quantity><out_Quantity.quantity>170.276639</out_Quantity.quantity></Point><Point><position>5015</position><in_Quantity.quantity>0.000000</in_Quantity.quantity><out_Quantity.quantity>85.149849</out_Quantity.quantity></Point><Point><position>5016</position><in_Quantity.quantity>0.000000</in_Quantity.quantity><out_Quantity.quantity>951.502146</out_Quantity.quantity></Point><Point><position>5017</position><in_Quantity.quantity>0.000000</in_Quantity.quantity><out_Quantity.quantity>3.142452</out_Quantity.quantity></Point><Point><position>5018</position><in_Quantity.quantity>0.000000</in_Quantity.quantity><out_Quantity.quantity>498.692813</out_Quantity.quantity></Point><Point><position>5019</position><in_Quantity.quantity>0.000000</in_Quantity.quantity><out_Quantity.quantity>786.610802</out_Quantity.quantity></Point><Point><position>5020</position><in_Quantity.quantity>0.000000</in_Quantity.quantity><out_Quantity.quantity>24.519737</out_Quantity.quantity></Point><Point><position>5021</position><in_Quantity.quantity>0.000000</in_Quantity.quantity><out_Quantity.quantity>640.452448</out_Quantity.quantity></Point><Point><position>5022</position><in_Quantity.quantity>0.000000</in_Quantity.quantity><out_Quantity.quantity>871.483516</out_Quantity.quantity></Point><Point><position>5023</position><in_Quantity.quantity>0.000000</in_Quantity.quantity><out_Quantity.quantity>791.772085</out_Quantity.quantity></Point><Point><position>5024</position><in_Quantity.quantity>0.000000</in_Quantity.quantity><out_Quantity.quantity>873.836813</out_Quantity.quantity></Point><Point><position>5025</position><in_Quantity.quantity>0.000000</in_Quantity.quantity><out_Quantity.quantity>830.316504</out_Quantity.quantity></Point><Point><position>5026</position><in_Quantity.quantity>0.000000</in_Quantity.quantity><out_Quantity.quantity>281.947615</out_Quantity.quantity></Point><Point><position>5027</position><in_Quantity.quantity>0.000000</in_Quantity.quantity><out_Quantity.quantity>832.252447</out_Quantity.quantity></Point><Point><position>5028</position><in_Quantity.quantity>0.000000</in_Quantity.quantity><out_Quantity.quantity>122.652245</out_Quantity.quantity></Point><Point><position>5029</position><in_Quantity.quantity>0.000000</in_Quantity.quantity><out_Quantity.quantity>272.342218</out_Quantity.quantity></Point><Point><position>5030</position><in_Quantity.quantity>0.000000</in_Quantity.quantity><out_Quantity.quantity>226.195366</out_Quantity.quantity></Point><Point><position>5031</position><in_Quantity.quantity>0.000000</in_Quantity.quantity><out_Quantity.quantity>403.951341</out_Quantity.quantity></Point><Point><position>5032</position><in_Quantity.quantity>0.000000</in_Quantity.quantity><out_Quantity.quantity>641.512748</out_Quantity.quantity></Point><Point><position>5033</position><in_Quantity.quantity>0.000000</in_Quantity.quantity><out_Quantity.quantity>905.051901</out_Quantity.quantity></Point><Point><position>5034</position><in_Quantity.quantity>0.000000</in_Quantity.quantity><out_Quantity.quantity>715.694838</out_Quantity.quantity></Point><Point><position>5035</position><in_Quantity.quantity>0.000000</in_Quantity.quantity><out_Quantity.quantity>225.485354</out_Quantity.quantity></Point><Point><position>5036</position><in_Quantity.quantity>0.000000</in_Quantity.quantity><out_Quantity.quantity>758.042115</out_Quantity.quantity></Point><Point><position>5037</position><in_Quantity.quantity>0.000000</in_Quantity.quantity><out_Quantity.quantity>168.860963</out_Quantity.quantity></Point><Point><position>5038</position><in_Quantity.quantity>0.000000</in_Quantity.quantity><out_Quantity.quantity>660.600091</out_Quantity.quantity></Point><Point><position>5039</position><in_Quantity.quantity>0.000000</in_Quantity.quantity><out_Quantity.quantity>497.551088</out_Quantity.quantity></Point><Point><position>5040</position><in_Quantity.quantity>0.000000</in_Quantity.quantity><out_Quantity.quantity>150.926503</out_Quantity.quantity></Point><Point><position>5041</position><in_Quantity.quantity>0.000000</in_Quantity.quantity><out_Quantity.quantity>978.518484</out_Quantity.quantity></Point><Point><position>5042</position><in_Quantity.quantity>0.000000</in_Quantity.quantity><out_Quantity.quantity>817.523467</out_Quantity.quantity></Point><Point><position>5043</position><in_Quantity.quantity>0.000000</in_Quantity.quantity><out_Quantity.quantity>611.164783</out_Quantity.quantity></Point><Point><position>5044</position><in_Quantity.quantity>0.000000</in_Quantity.quantity><out_Quantity.quantity>951.524380</out_Quantity.quantity></Point><Point><position>5045</position><in_Quantity.quantity>0.000000</in_Quantity.quantity><out_Quantity.quantity>533.412487</out_Quantity.quantity></Point><Point><position>5046</position><in_Quantity.quantity>0.000000</in_Quantity.quantity><out_Quantity.quantity>596.730515</out_Quantity.quantity></Point><Point><position>5047</position><in_Quantity.quantity>0.000000</in_Quantity.quantity><out_Quantity.quantity>430.671403</out_Quantity.quantity></Point><Point><position>5048</position><in_Quantity.quantity>0.000000</in_Quantity.quantity><out_Quantity.quantity>371.464507</out_Quantity.quantity></Point><Point><position>5049</position><in_Quantity.quantity>0.000000</in_Quantity.quantity><out_Quantity.quantity>472.843742</out_Quantity.quantity></Point><Point><position>5050</position><in_Quantity.quantity>0.000000</in_Quantity.quantity><out_Quantity.quantity>965.307957</out_Quantity.quantity></Point><Point><position>5051</position><in_Quantity.quantity>0.000000</in_Quantity.quantity><out_Quantity.quantity>383.559848</out_Quantity.quantity></Point><Point><position>5052</position><in_Quantity.quantity>0.000000</in_Quantity.quantity><out_Quantity.quantity>8.414867</out_Quantity.quantity></Point><Point><position>5053</position><in_Quantity.quantity>0.000000</in_Quantity.quantity><out_Quantity.quantity>633.327773</out_Quantity.quantity></Point><Point><position>5054</position><in_Quantity.quantity>0.000000</in_Quantity.quantity><out_Quantity.quantity>372.243902</out_Quantity.quantity></Point><Point><position>5055</position><in_Quantity.quantity>0.000000</in_Quantity.quantity><out_Quantity.quantity>90.084154</out_Quantity.quantity></Point><Point><position>5056</position><in_Quantity.quantity>0.000000</in_Quantity.quantity><out_Quantity.quantity>4.439616</out_Quantity.quantity></Point><Point><position>5057</position><in_Quantity.quantity>0.000000</in_Quantity.quantity><out_Quantity.quantity>949.858033</out_Quantity.quantity></Point><Point><position>5058</position><in_Quantity.quantity>0.000000</in_Quantity.quantity><out_Quantity.quantity>386.579156</out_Quantity.quantity></Point><Point><position>5059</position><in_Quantity.quantity>0.000000</in_Quantity.quantity><out_Quantity.quantity>858.381474</out_Quantity.quantity></Point><Point><position>5060</position><in_Quantity.quantity>0.000000</in_Quantity.quantity><out_Quantity.quantity>725.837695</out_Quantity.quantity></Point><Point><position>5061</position><in_Quantity.quantity>0.000000</in_Quantity.quantity><out_Quantity.quantity>613.476233</out_Quantity.quantity></Point><Point><position>5062</position><in_Quantity.quantity>0.000000</in_Quantity.quantity><out_Quantity.quantity>247.301597</out_Quantity.quantity></Point><Point><position>5063</position><in_Quantity.quantity>0.000000</in_Quantity.quantity><out_Quantity.quantity>43.358163</out_Quantity.quantity></Point><Point><position>5064</position><in_Quantity.quantity>0.000000</in_Quantity.quantity><out_Quantity.quantity>453.429206</out_Quantity.quantity></Point><Point><position>5065</position><in_Quantity.quantity>0.000000</in_Quantity.quantity><out_Quantity.quantity>178.529695</out_Quantity.quantity></Point><Point><position>5066</position><in_Quantity.quantity>0.000000</in_Quantity.quantity><out_Quantity.quantity>69.452597</out_Quantity.quantity></Point><Point><position>5067</position><in_Quantity.quantity>0.000000</in_Quantity.quantity><out_Quantity.quantity>356.084819</out_Quantity.quantity></Point><Point><position>5068</position><in_Quantity.quantity>0.000000</in_Quantity.quantity><out_Quantity.quantity>118.678881</out_Quantity.quantity></Point><Point><position>5069</position><in_Quantity.quantity>0.000000</in_Quantity.quantity><out_Quantity.quantity>540.805060</out_Quantity.quantity></Point><Point><position>5070</position><in_Quantity.quantity>0.000000</in_Quantity.quantity><out_Quantity.quantity>297.872323</out_Quantity.quantity></Point><Point><position>5071</position><in_Quantity.quantity>0.000000</in_Quantity.quantity><out_Quantity.quantity>412.360603</out_Quantity.quantity></Point><Point><position>5072</position><in_Quantity.quantity>0.000000</in_Quantity.quantity><out_Quantity.quantity>622.429978</out_Quantity.quantity></Point><Point><position>5073</position><in_Quantity.quantity>0.000000</in_Quantity.quantity><out_Quantity.quantity>391.341540</out_Quantity.quantity></Point><Point><position>5074</position><in_Quantity.quantity>0.000000</in_Quantity.quantity><out_Quantity.quantity>290.047894</out_Quantity.quantity></Point><Point><position>5075</position><in_Quantity.quantity>0.000000</in_Quantity.quantity><out_Quantity.quantity>685.076226</out_Quantity.quantity></Point><Point><position>5076</position><in_Quantity.quantity>0.000000</in_Quantity.quantity><out_Quantity.quantity>386.856473</out_Quantity.quantity></Point><Point><position>5077</position><in_Quantity.quantity>0.000000</in_Quantity.quantity><out_Quantity.quantity>82.202962</out_Quantity.quantity></Point><Point><position>5078</position><in_Quantity.quantity>0.000000</in_Quantity.quantity><out_Quantity.quantity>870.806544</out_Quantity.quantity></Point><Point><position>5079</position><in_Quantity.quantity>0.000000</in_Quantity.quantity><out_Quantity.quantity>968.416886</out_Quantity.quantity></Point><Point><position>5080</position><in_Quantity.quantity>0.000000</in_Quantity.quantity><out_Quantity.quantity>181.583569</out_Quantity.quantity></Point><Point><position>5081</position><in_Quantity.quantity>0.000000</in_Quantity.quantity><out_Quantity.quantity>493.579581</out_Quantity.quantity></Point><Point><position>5082</position><in_Quantity.quantity>0.000000</in_Quantity.quantity><out_Quantity.quantity>925.902362</out_Quantity.quantity></Point><Point><position>5083</position><in_Quantity.quantity>0.000000</in_Quantity.quantity><out_Quantity.quantity>355.055039</out_Quantity.quantity></Point><Point><position>5084</position><in_Quantity.quantity>0.000000</in_Quantity.quantity><out_Quantity.quantity>225.980746</out_Quantity.quantity></Point><Point><position>5085</position><in_Quantity.quantity>0.000000</in_Quantity.quantity><out_Quantity.quantity>894.191956</out_Quantity.quantity></Point><Point><position>5086</position><in_Quantity.quantity>0.000000</in_Quantity.quantity><out_Quantity.quantity>303.449403</out_Quantity.quantity></Point><Point><position>5087</position><in_Quantity.quantity>0.000000</in_Quantity.quantity><out_Quantity.quantity>743.627526</out_Quantity.quantity></Point><Point><position>5088</position><in_Quantity.quantity>0.000000</in_Quantity.quantity><out_Quantity.quantity>873.708071</out_Quantity.quantity></Point><Point><position>5089</position><in_Quantity.quantity>0.000000</in_Quantity.quantity><out_Quantity.quantity>431.951975</out_Quantity.quantity></Point><Point><position>5090</position><in_Quantity.quantity>0.000000</in_Quantity.quantity><out_Quantity.quantity>551.074959</out_Quantity.quantity></Point><Point><position>5091</position><in_Quantity.quantity>0.000000</in_Quantity.quantity><out_Quantity.quantity>120.789880</out_Quantity.quantity></Point><Point><position>5092</position><in_Quantity.quantity>0.000000</in_Quantity.quantity><out_Quantity.quantity>479.829525</out_Quantity.quantity></Point><Point><position>5093</position><in_Quantity.quantity>0.000000</in_Quantity.quantity><out_Quantity.quantity>970.234290</out_Quantity.quantity></Point><Point><position>5094</position><in_Quantity.quantity>0.000000</in_Quantity.quantity><out_Quantity.quantity>295.810747</out_Quantity.quantity></Point><Point><position>5095</position><in_Quantity.quantity>0.000000</in_Quantity.quantity><out_Quantity.quantity>869.080624</out_Quantity.quantity></Point><Point><position>5096</position><in_Quantity.quantity>0.000000</in_Quantity.quantity><out_Quantity.quantity>658.948559</out_Quantity.quantity></Point><Point><position>5097</position><in_Quantity.quantity>0.000000</in_Quantity.quantity><out_Quantity.quantity>510.512951</out_Quantity.quantity></Point><Point><position>5098</position><in_Quantity.quantity>0.000000</in_Quantity.quantity><out_Quantity.quantity>845.666886</out_Quantity.quantity></Point><Point><position>5099</position><in_Quantity.quantity>0.000000</in_Quantity.quantity><out_Quantity.quantity>360.599418</out_Quantity.quantity></Point><Point><position>5100</position><in_Quantity.quantity>0.000000</in_Quantity.quantity><out_Quantity.quantity>146.959133</out_Quantity.quantity></Point><Point><position>5101</position><in_Quantity.quantity>0.000000</in_Quantity.quantity><out_Quantity.quantity>199.304325</out_Quantity.quantity></Point><Point><position>5102</position><in_Quantity.quantity>0.000000</in_Quantity.quantity><out_Quantity.quantity>736.382433</out_Quantity.quantity></Point><Point><position>5103</position><in_Quantity.quantity>0.000000</in_Quantity.quantity><out_Quantity.quantity>68.941398</out_Quantity.quantity></Point><Point><position>5104</position><in_Quantity.quantity>0.000000</in_Quantity.quantity><out_Quantity.quantity>817.652892</out_Quantity.quantity></Point><Point><position>5105</position><in_Quantity.quantity>0.000000</in_Quantity.quantity><out_Quantity.quantity>955.753860</out_Quantity.quantity></Point><Point><position>5106</position><in_Quantity.quantity>0.000000</in_Quantity.quantity><out_Quantity.quantity>417.719717</out_Quantity.quantity></Point><Point><position>5107</position><in_Quantity.quantity>0.000000</in_Quantity.quantity><out_Quantity.quantity>711.614486</out_Quantity.quantity></Point><Point><position>5108</position><in_Quantity.quantity>0.000000</in_Quantity.quantity><out_Quantity.quantity>131.558414</out_Quantity.quantity></Point><Point><position>5109</position><in_Quantity.quantity>0.000000</in_Quantity.quantity><out_Quantity.quantity>453.857093</out_Quantity.quantity></Point><Point><position>5110</position><in_Quantity.quantity>0.000000</in_Quantity.quantity><out_Quantity.quantity>181.217047</out_Quantity.quantity></Point><Point><position>5111</position><in_Quantity.quantity>0.000000</in_Quantity.quantity><out_Quantity.quantity>953.764844</out_Quantity.quantity></Point><Point><position>5112</position><in_Quantity.quantity>0.000000</in_Quantity.quantity><out_Quantity.quantity>935.058455</out_Quantity.quantity></Point><Point><position>5113</position><in_Quantity.quantity>0.000000</in_Quantity.quantity><out_Quantity.quantity>349.299163</out_Quantity.quantity></Point><Point><position>5114</position><in_Quantity.quantity>0.000000</in_Quantity.quantity><out_Quantity.quantity>706.329319</out_Quantity.quantity></Point><Point><position>5115</position><in_Quantity.quantity>0.000000</in_Quantity.quantity><out_Quantity.quantity>267.215330</out_Quantity.quantity></Point><Point><position>5116</position><in_Quantity.quantity>0.000000</in_Quantity.quantity><out_Quantity.quantity>288.356052</out_Quantity.quantity></Point><Point><position>5117</position><in_Quantity.quantity>0.000000</in_Quantity.quantity><out_Quantity.quantity>563.189816</out_Quantity.quantity></Point><Point><position>5118</position><in_Quantity.quantity>0.000000</in_Quantity.quantity><out_Quantity.quantity>837.600874</out_Quantity.quantity></Point><Point><position>5119</position><in_Quantity.quantity>0.000000</in_Quantity.quantity><out_Quantity.quantity>931.847949</out_Quantity.quantity></Point><Point><position>5120</position><in_Quantity.quantity>0.000000</in_Quantity.quantity><out_Quantity.quantity>142.445068</out_Quantity.quantity></Point><Point><position>5121</position><in_Quantity.quantity>0.000000</in_Quantity.quantity><out_Quantity.quantity>820.285807</out_Quantity.quantity></Point><Point><position>5122</position><in_Quantity.quantity>0.000000</in_Quantity.quantity><out_Quantity.quantity>47.674582</out_Quantity.quantity></Point><Point><position>5123</position><in_Quantity.quantity>0.000000</in_Quantity.quantity><out_Quantity.quantity>61.776421</out_Quantity.quantity></Point><Point><position>5124</position><in_Quantity.quantity>0.000000</in_Quantity.quantity><out_Quantity.quantity>303.098511</out_Quantity.quantity></Point><Point><position>5125</position><in_Quantity.quantity>0.000000</in_Quantity.quantity><out_Quantity.quantity>589.080119</out_Quantity.quantity></Point><Point><position>5126</position><in_Quantity.quantity>0.000000</in_Quantity.quantity><out_Quantity.quantity>901.441362</out_Quantity.quantity></Point><Point><position>5127</position><in_Quantity.quantity>0.000000</in_Quantity.quantity><out_Quantity.quantity>380.637474</out_Quantity.quantity></Point><Point><position>5128</position><in_Quantity.quantity>0.000000</in_Quantity.quantity><out_Quantity.quantity>379.624381</out_Quantity.quantity></Point><Point><position>5129</position><in_Quantity.quantity>0.000000</in_Quantity.quantity><out_Quantity.quantity>939.403476</out_Quantity.quantity></Point><Point><position>5130</position><in_Quantity.quantity>0.000000</in_Quantity.quantity><out_Quantity.quantity>457.770983</out_Quantity.quantity></Point><Point><position>5131</position><in_Quantity.quantity>0.000000</in_Quantity.quantity><out_Quantity.quantity>992.043020</out_Quantity.quantity></Point><Point><position>5132</position><in_Quantity.quantity>0.000000</in_Quantity.quantity><out_Quantity.quantity>846.182040</out_Quantity.quantity></Point><Point><position>5133</position><in_Quantity.quantity>0.000000</in_Quantity.quantity><out_Quantity.quantity>358.073196</out_Quantity.quantity></Point><Point><position>5134</position><in_Quantity.quantity>0.000000</in_Quantity.quantity><out_Quantity.quantity>116.162343</out_Quantity.quantity></Point><Point><position>5135</position><in_Quantity.quantity>0.000000</in_Quantity.quantity><out_Quantity.quantity>153.038491</out_Quantity.quantity></Point><Point><position>5136</position><in_Quantity.quantity>0.000000</in_Quantity.quantity><out_Quantity.quantity>496.094133</out_Quantity.quantity></Point><Point><position>5137</position><in_Quantity.quantity>0.000000</in_Quantity.quantity><out_Quantity.quantity>60.513083</out_Quantity.quantity></Point><Point><position>5138</position><in_Quantity.quantity>0.000000</in_Quantity.quantity><out_Quantity.quantity>149.898184</out_Quantity.quantity></Point><Point><position>5139</position><in_Quantity.quantity>0.000000</in_Quantity.quantity><out_Quantity.quantity>855.926113</out_Quantity.quantity></Point><Point><position>5140</position><in_Quantity.quantity>0.000000</in_Quantity.quantity><out_Quantity.quantity>890.458062</out_Quantity.quantity></Point><Point><position>5141</position><in_Quantity.quantity>0.000000</in_Quantity.quantity><out_Quantity.quantity>719.148541</out_Quantity.quantity></Point><Point><position>5142</position><in_Quantity.quantity>0.000000</in_Quantity.quantity><out_Quantity.quantity>552.296239</out_Quantity.quantity></Point><Point><position>5143</position><in_Quantity.quantity>0.000000</in_Quantity.quantity><out_Quantity.quantity>168.767512</out_Quantity.quantity></Point><Point><position>5144</position><in_Quantity.quantity>0.000000</in_Quantity.quantity><out_Quantity.quantity>926.775167</out_Quantity.quantity></Point><Point><position>5145</position><in_Quantity.quantity>0.000000</in_Quantity.quantity><out_Quantity.quantity>41.640443</out_Quantity.quantity></Point><Point><position>5146</position><in_Quantity.quantity>0.000000</in_Quantity.quantity><out_Quantity.quantity>389.612551</out_Quantity.quantity></Point><Point><position>5147</position><in_Quantity.quantity>0.000000</in_Quantity.quantity><out_Quantity.quantity>686.973942</out_Quantity.quantity></Point><Point><position>5148</position><in_Quantity.quantity>0.000000</in_Quantity.quantity><out_Quantity.quantity>94.900263</out_Quantity.quantity></Point><Point><position>5149</position><in_Quantity.quantity>0.000000</in_Quantity.quantity><out_Quantity.quantity>938.813487</out_Quantity.quantity></Point><Point><position>5150</position><in_Quantity.quantity>0.000000</in_Quantity.quantity><out_Quantity.quantity>584.426143</out_Quantity.quantity></Point><Point><position>5151</position><in_Quantity.quantity>0.000000</in_Quantity.quantity><out_Quantity.quantity>381.252402</out_Quantity.quantity></Point><Point><position>5152</position><in_Quantity.quantity>0.000000</in_Quantity.quantity><out_Quantity.quantity>652.211539</out_Quantity.quantity></Point><Point><position>5153</position><in_Quantity.quantity>0.000000</in_Quantity.quantity><out_Quantity.quantity>202.433064</out_Quantity.quantity></Point><Point><position>5154</position><in_Quantity.quantity>0.000000</in_Quantity.quantity><out_Quantity.quantity>394.240414</out_Quantity.quantity></Point><Point><position>5155</position><in_Quantity.quantity>0.000000</in_Quantity.quantity><out_Quantity.quantity>501.215114</out_Quantity.quantity></Point><Point><position>5156</position><in_Quantity.quantity>0.000000</in_Quantity.quantity><out_Quantity.quantity>678.647061</out_Quantity.quantity></Point><Point><position>5157</position><in_Quantity.quantity>0.000000</in_Quantity.quantity><out_Quantity.quantity>45.473992</out_Quantity.quantity></Point><Point><position>5158</position><in_Quantity.quantity>0.000000</in_Quantity.quantity><out_Quantity.quantity>5.469694</out_Quantity.quantity></Point><Point><position>5159</position><in_Quantity.quantity>0.000000</in_Quantity.quantity><out_Quantity.quantity>671.551043</out_Quantity.quantity></Point><Point><position>5160</position><in_Quantity.quantity>0.000000</in_Quantity.quantity><out_Quantity.quantity>755.937554</out_Quantity.quantity></Point><Point><position>5161</position><in_Quantity.quantity>0.000000</in_Quantity.quantity><out_Quantity.quantity>676.959866</out_Quantity.quantity></Point><Point><position>5162</position><in_Quantity.quantity>0.000000</in_Quantity.quantity><out_Quantity.quantity>753.221534</out_Quantity.quantity></Point><Point><position>5163</position><in_Quantity.quantity>0.000000</in_Quantity.quantity><out_Quantity.quantity>298.869972</out_Quantity.quantity></Point><Point><position>5164</position><in_Quantity.quantity>0.000000</in_Quantity.quantity><out_Quantity.quantity>951.456256</out_Quantity.quantity></Point><Point><position>5165</position><in_Quantity.quantity>0.000000</in_Quantity.quantity><out_Quantity.quantity>461.221854</out_Quantity.quantity></Point><Point><position>5166</position><in_Quantity.quantity>0.000000</in_Quantity.quantity><out_Quantity.quantity>100.063222</out_Quantity.quantity></Point><Point><position>5167</position><in_Quantity.quantity>0.000000</in_Quantity.quantity><out_Quantity.quantity>626.617118</out_Quantity.quantity></Point><Point><position>5168</position><in_Quantity.quantity>0.000000</in_Quantity.quantity><out_Quantity.quantity>733.025329</out_Quantity.quantity></Point><Point><position>5169</position><in_Quantity.quantity>0.000000</in_Quantity.quantity><out_Quantity.quantity>416.208634</out_Quantity.quantity></Point><Point><position>5170</position><in_Quantity.quantity>0.000000</in_Quantity.quantity><out_Quantity.quantity>756.916327</out_Quantity.quantity></Point><Point><position>5171</position><in_Quantity.quantity>0.000000</in_Quantity.quantity><out_Quantity.quantity>835.526478</out_Quantity.quantity></Point><Point><position>5172</position><in_Quantity.quantity>0.000000</in_Quantity.quantity><out_Quantity.quantity>621.565344</out_Quantity.quantity></Point><Point><position>5173</position><in_Quantity.quantity>0.000000</in_Quantity.quantity><out_Quantity.quantity>829.547641</out_Quantity.quantity></Point><Point><position>5174</position><in_Quantity.quantity>0.000000</in_Quantity.quantity><out_Quantity.quantity>406.537310</out_Quantity.quantity></Point><Point><position>5175</position><in_Quantity.quantity>0.000000</in_Quantity.quantity><out_Quantity.quantity>882.929197</out_Quantity.quantity></Point><Point><position>5176</position><in_Quantity.quantity>0.000000</in_Quantity.quantity><out_Quantity.quantity>761.269870</out_Quantity.quantity></Point><Point><position>5177</position><in_Quantity.quantity>0.000000</in_Quantity.quantity><out_Quantity.quantity>706.708892</out_Quantity.quantity></Point><Point><position>5178</position><in_Quantity.quantity>0.000000</in_Quantity.quantity><out_Quantity.quantity>125.907539</out_Quantity.quantity></Point><Point><position>5179</position><in_Quantity.quantity>0.000000</in_Quantity.quantity><out_Quantity.quantity>770.673113</out_Quantity.quantity></Point><Point><position>5180</position><in_Quantity.quantity>0.000000</in_Quantity.quantity><out_Quantity.quantity>849.787579</out_Quantity.quantity></Point><Point><position>5181</position><in_Quantity.quantity>0.000000</in_Quantity.quantity><out_Quantity.quantity>333.002559</out_Quantity.quantity></Point><Point><position>5182</position><in_Quantity.quantity>0.000000</in_Quantity.quantity><out_Quantity.quantity>347.202062</out_Quantity.quantity></Point><Point><position>5183</position><in_Quantity.quantity>0.000000</in_Quantity.quantity><out_Quantity.quantity>226.008734</out_Quantity.quantity></Point><Point><position>5184</position><in_Quantity.quantity>0.000000</in_Quantity.quantity><out_Quantity.quantity>182.002410</out_Quantity.quantity></Point><Point><position>5185</position><in_Quantity.quantity>0.000000</in_Quantity.quantity><out_Quantity.quantity>842.564534</out_Quantity.quantity></Point><Point><position>5186</position><in_Quantity.quantity>0.000000</in_Quantity.quantity><out_Quantity.quantity>749.209366</out_Quantity.quantity></Point><Point><position>5187</position><in_Quantity.quantity>0.000000</in_Quantity.quantity><out_Quantity.quantity>190.923785</out_Quantity.quantity></Point><Point><position>5188</position><in_Quantity.quantity>0.000000</in_Quantity.quantity><out_Quantity.quantity>886.305156</out_Quantity.quantity></Point><Point><position>5189</position><in_Quantity.quantity>0.000000</in_Quantity.quantity><out_Quantity.quantity>610.361424</out_Quantity.quantity></Point><Point><position>5190</position><in_Quantity.quantity>0.000000</in_Quantity.quantity><out_Quantity.quantity>497.716374</out_Quantity.quantity></Point><Point><position>5191</position><in_Quantity.quantity>0.000000</in_Quantity.quantity><out_Quantity.quantity>582.596875</out_Quantity.quantity></Point><Point><position>5192</position><in_Quantity.quantity>0.000000</in_Quantity.quantity><out_Quantity.quantity>810.790308</out_Quantity.quantity></Point><Point><position>5193</position><in_Quantity.quantity>0.000000</in_Quantity.quantity><out_Quantity.quantity>24.345811</out_Quantity.quantity></Point><Point><position>5194</position><in_Quantity.quantity>0.000000</in_Quantity.quantity><out_Quantity.quantity>717.747240</out_Quantity.quantity></Point><Point><position>5195</position><in_Quantity.quantity>0.000000</in_Quantity.quantity><out_Quantity.quantity>899.484525</out_Quantity.quantity></Point><Point><position>5196</position><in_Quantity.quantity>0.000000</in_Quantity.quantity><out_Quantity.quantity>787.421625</out_Quantity.quantity></Point><Point><position>5197</position><in_Quantity.quantity>0.000000</in_Quantity.quantity><out_Quantity.quantity>992.987472</out_Quantity.quantity></Point><Point><position>5198</position><in_Quantity.quantity>0.000000</in_Quantity.quantity><out_Quantity.quantity>920.967096</out_Quantity.quantity></Point><Point><position>5199</position><in_Quantity.quantity>0.000000</in_Quantity.quantity><out_Quantity.quantity>366.383766</out_Quantity.quantity></Point><Point><position>5200</position><in_Quantity.quantity>0.000000</in_Quantity.quantity><out_Quantity.quantity>481.789992</out_Quantity.quantity></Point><Point><position>5201</position><in_Quantity.quantity>0.000000</in_Quantity.quantity><out_Quantity.quantity>742.343732</out_Quantity.quantity></Point><Point><position>5202</position><in_Quantity.quantity>0.000000</in_Quantity.quantity><out_Quantity.quantity>6.480981</out_Quantity.quantity></Point><Point><position>5203</position><in_Quantity.quantity>0.000000</in_Quantity.quantity><out_Quantity.quantity>261.755675</out_Quantity.quantity></Point><Point><position>5204</position><in_Quantity.quantity>0.000000</in_Quantity.quantity><out_Quantity.quantity>411.419126</out_Quantity.quantity></Point><Point><position>5205</position><in_Quantity.quantity>0.000000</in_Quantity.quantity><out_Quantity.quantity>174.335235</out_Quantity.quantity></Point><Point><position>5206</position><in_Quantity.quantity>0.000000</in_Quantity.quantity><out_Quantity.quantity>822.796358</out_Quantity.quantity></Point><Point><position>5207</position><in_Quantity.quantity>0.000000</in_Quantity.quantity><out_Quantity.quantity>944.688271</out_Quantity.quantity></Point><Point><position>5208</position><in_Quantity.quantity>0.000000</in_Quantity.quantity><out_Quantity.quantity>371.660949</out_Quantity.quantity></Point><Point><position>5209</position><in_Quantity.quantity>0.000000</in_Quantity.quantity><out_Quantity.quantity>586.967692</out_Quantity.quantity></Point><Point><position>5210</position><in_Quantity.quantity>0.000000</in_Quantity.quantity><out_Quantity.quantity>638.869958</out_Quantity.quantity></Point><Point><position>5211</position><in_Quantity.quantity>0.000000</in_Quantity.quantity><out_Quantity.quantity>40.203497</out_Quantity.quantity></Point><Point><position>5212</position><in_Quantity.quantity>0.000000</in_Quantity.quantity><out_Quantity.quantity>243.573907</out_Quantity.quantity></Point><Point><position>5213</position><in_Quantity.quantity>0.000000</in_Quantity.quantity><out_Quantity.quantity>205.186590</out_Quantity.quantity></Point><Point><position>5214</position><in_Quantity.quantity>0.000000</in_Quantity.quantity><out_Quantity.quantity>882.228413</out_Quantity.quantity></Point><Point><position>5215</position><in_Quantity.quantity>0.000000</in_Quantity.quantity><out_Quantity.quantity>153.938545</out_Quantity.quantity></Point><Point><position>5216</position><in_Quantity.quantity>0.000000</in_Quantity.quantity><out_Quantity.quantity>595.220647</out_Quantity.quantity></Point><Point><position>5217</position><in_Quantity.quantity>0.000000</in_Quantity.quantity><out_Quantity.quantity>395.519910</out_Quantity.quantity></Point><Point><position>5218</position><in_Quantity.quantity>0.000000</in_Quantity.quantity><out_Quantity.quantity>175.307779</out_Quantity.quantity></Point><Point><position>5219</position><in_Quantity.quantity>0.000000</in_Quantity.quantity><out_Quantity.quantity>500.355695</out_Quantity.quantity></Point><Point><position>5220</position><in_Quantity.quantity>0.000000</in_Quantity.quantity><out_Quantity.quantity>908.116346</out_Quantity.quantity></Point><Point><position>5221</position><in_Quantity.quantity>0.000000</in_Quantity.quantity><out_Quantity.quantity>931.715405</out_Quantity.quantity></Point><Point><position>5222</position><in_Quantity.quantity>0.000000</in_Quantity.quantity><out_Quantity.quantity>273.004422</out_Quantity.quantity></Point><Point><position>5223</position><in_Quantity.quantity>0.000000</in_Quantity.quantity><out_Quantity.quantity>93.616968</out_Quantity.quantity></Point><Point><position>5224</position><in_Quantity.quantity>0.000000</in_Quantity.quantity><out_Quantity.quantity>927.096581</out_Quantity.quantity></Point><Point><position>5225</position><in_Quantity.quantity>0.000000</in_Quantity.quantity><out_Quantity.quantity>125.586931</out_Quantity.quantity></Point><Point><position>5226</position><in_Quantity.quantity>0.000000</in_Quantity.quantity><out_Quantity.quantity>778.205311</out_Quantity.quantity></Point><Point><position>5227</position><in_Quantity.quantity>0.000000</in_Quantity.quantity><out_Quantity.quantity>165.137285</out_Quantity.quantity></Point><Point><position>5228</position><in_Quantity.quantity>0.000000</in_Quantity.quantity><out_Quantity.quantity>302.842401</out_Quantity.quantity></Point><Point><position>5229</position><in_Quantity.quantity>0.000000</in_Quantity.quantity><out_Quantity.quantity>368.729613</out_Quantity.quantity></Point><Point><position>5230</position><in_Quantity.quantity>0.000000</in_Quantity.quantity><out_Quantity.quantity>436.067114</out_Quantity.quantity></Point><Point><position>5231</position><in_Quantity.quantity>0.000000</in_Quantity.quantity><out_Quantity.quantity>267.947973</out_Quantity.quantity></Point><Point><position>5232</position><in_Quantity.quantity>0.000000</in_Quantity.quantity><out_Quantity.quantity>131.376503</out_Quantity.quantity></Point><Point><position>5233</position><in_Quantity.quantity>0.000000</in_Quantity.quantity><out_Quantity.quantity>669.308854</out_Quantity.quantity></Point><Point><position>5234</position><in_Quantity.quantity>0.000000</in_Quantity.quantity><out_Quantity.quantity>166.221731</out_Quantity.quantity></Point><Point><position>5235</position><in_Quantity.quantity>0.000000</in_Quantity.quantity><out_Quantity.quantity>562.946708</out_Quantity.quantity></Point><Point><position>5236</position><in_Quantity.quantity>0.000000</in_Quantity.quantity><out_Quantity.quantity>378.403249</out_Quantity.quantity></Point><Point><position>5237</position><in_Quantity.quantity>0.000000</in_Quantity.quantity><out_Quantity.quantity>785.591074</out_Quantity.quantity></Point><Point><position>5238</position><in_Quantity.quantity>0.000000</in_Quantity.quantity><out_Quantity.quantity>126.610466</out_Quantity.quantity></Point><Point><position>5239</position><in_Quantity.quantity>0.000000</in_Quantity.quantity><out_Quantity.quantity>462.409425</out_Quantity.quantity></Point><Point><position>5240</position><in_Quantity.quantity>0.000000</in_Quantity.quantity><out_Quantity.quantity>551.820487</out_Quantity.quantity></Point><Point><position>5241</position><in_Quantity.quantity>0.000000</in_Quantity.quantity><out_Quantity.quantity>340.233478</out_Quantity.quantity></Point><Point><position>5242</position><in_Quantity.quantity>0.000000</in_Quantity.quantity><out_Quantity.quantity>19.207563</out_Quantity.quantity></Point><Point><position>5243</position><in_Quantity.quantity>0.000000</in_Quantity.quantity><out_Quantity.quantity>279.633254</out_Quantity.quantity></Point><Point><position>5244</position><in_Quantity.quantity>0.000000</in_Quantity.quantity><out_Quantity.quantity>504.559062</out_Quantity.quantity></Point><Point><position>5245</position><in_Quantity.quantity>0.000000</in_Quantity.quantity><out_Quantity.quantity>912.787928</out_Quantity.quantity></Point><Point><position>5246</position><in_Quantity.quantity>0.000000</in_Quantity.quantity><out_Quantity.quantity>692.051564</out_Quantity.quantity></Point><Point><position>5247</position><in_Quantity.quantity>0.000000</in_Quantity.quantity><out_Quantity.quantity>969.219370</out_Quantity.quantity></Point><Point><position>5248</position><in_Quantity.quantity>0.000000</in_Quantity.quantity><out_Quantity.quantity>922.530668</out_Quantity.quantity></Point><Point><position>5249</position><in_Quantity.quantity>0.000000</in_Quantity.quantity><out_Quantity.quantity>796.723462</out_Quantity.quantity></Point><Point><position>5250</position><in_Quantity.quantity>0.000000</in_Quantity.quantity><out_Quantity.quantity>973.396097</out_Quantity.quantity></Point><Point><position>5251</position><in_Quantity.quantity>0.000000</in_Quantity.quantity><out_Quantity.quantity>185.637890</out_Quantity.quantity></Point><Point><position>5252</position><in_Quantity.quantity>0.000000</in_Quantity.quantity><out_Quantity.quantity>480.089883</out_Quantity.quantity></Point><Point><position>5253</position><in_Quantity.quantity>0.000000</in_Quantity.quantity><out_Quantity.quantity>115.473183</out_Quantity.quantity></Point><Point><position>5254</position><in_Quantity.quantity>0.000000</in_Quantity.quantity><out_Quantity.quantity>646.743757</out_Quantity.quantity></Point><Point><position>5255</position><in_Quantity.quantity>0.000000</in_Quantity.quantity><out_Quantity.quantity>696.232875</out_Quantity.quantity></Point><Point><position>5256</position><in_Quantity.quantity>0.000000</in_Quantity.quantity><out_Quantity.quantity>396.494302</out_Quantity.quantity></Point><Point><position>5257</position><in_Quantity.quantity>0.000000</in_Quantity.quantity><out_Quantity.quantity>539.609538</out_Quantity.quantity></Point><Point><position>5258</position><in_Quantity.quantity>0.000000</in_Quantity.quantity><out_Quantity.quantity>395.964973</out_Quantity.quantity></Point><Point><position>5259</position><in_Quantity.quantity>0.000000</in_Quantity.quantity><out_Quantity.quantity>174.104783</out_Quantity.quantity></Point><Point><position>5260</position><in_Quantity.quantity>0.000000</in_Quantity.quantity><out_Quantity.quantity>340.439859</out_Quantity.quantity></Point><Point><position>5261</position><in_Quantity.quantity>0.000000</in_Quantity.quantity><out_Quantity.quantity>259.902863</out_Quantity.quantity></Point><Point><position>5262</position><in_Quantity.quantity>0.000000</in_Quantity.quantity><out_Quantity.quantity>18.375757</out_Quantity.quantity></Point><Point><position>5263</position><in_Quantity.quantity>0.000000</in_Quantity.quantity><out_Quantity.quantity>367.049245</out_Quantity.quantity></Point><Point><position>5264</position><in_Quantity.quantity>0.000000</in_Quantity.quantity><out_Quantity.quantity>882.011619</out_Quantity.quantity></Point><Point><position>5265</position><in_Quantity.quantity>0.000000</in_Quantity.quantity><out_Quantity.quantity>500.381328</out_Quantity.quantity></Point><Point><position>5266</position><in_Quantity.quantity>0.000000</in_Quantity.quantity><out_Quantity.quantity>651.817709</out_Quantity.quantity></Point><Point><position>5267</position><in_Quantity.quantity>0.000000</in_Quantity.quantity><out_Quantity.quantity>493.749451</out_Quantity.quantity></Point><Point><position>5268</position><in_Quantity.quantity>0.000000</in_Quantity.quantity><out_Quantity.quantity>592.028754</out_Quantity.quantity></Point><Point><position>5269</position><in_Quantity.quantity>0.000000</in_Quantity.quantity><out_Quantity.quantity>212.599792</out_Quantity.quantity></Point><Point><position>5270</position><in_Quantity.quantity>0.000000</in_Quantity.quantity><out_Quantity.quantity>662.862813</out_Quantity.quantity></Point><Point><position>5271</position><in_Quantity.quantity>0.000000</in_Quantity.quantity><out_Quantity.quantity>39.758222</out_Quantity.quantity></Point><Point><position>5272</position><in_Quantity.quantity>0.000000</in_Quantity.quantity><out_Quantity.quantity>50.108782</out_Quantity.quantity></Point><Point><position>5273</position><in_Quantity.quantity>0.000000</in_Quantity.quantity><out_Quantity.quantity>578.675568</out_Quantity.quantity></Point><Point><position>5274</position><in_Quantity.quantity>0.000000</in_Quantity.quantity><out_Quantity.quantity>30.123819</out_Quantity.quantity></Point><Point><position>5275</position><in_Quantity.quantity>0.000000</in_Quantity.quantity><out_Quantity.quantity>236.860915</out_Quantity.quantity></Point><Point><position>5276</position><in_Quantity.quantity>0.000000</in_Quantity.quantity><out_Quantity.quantity>928.252016</out_Quantity.quantity></Point><Point><position>5277</position><in_Quantity.quantity>0.000000</in_Quantity.quantity><out_Quantity.quantity>853.206481</out_Quantity.quantity></Point><Point><position>5278</position><in_Quantity.quantity>0.000000</in_Quantity.quantity><out_Quantity.quantity>787.923753</out_Quantity.quantity></Point><Point><position>5279</position><in_Quantity.quantity>0.000000</in_Quantity.quantity><out_Quantity.quantity>473.245204</out_Quantity.quantity></Point><Point><position>5280</position><in_Quantity.quantity>0.000000</in_Quantity.quantity><out_Quantity.quantity>616.930072</out_Quantity.quantity></Point><Point><position>5281</position><in_Quantity.quantity>0.000000</in_Quantity.quantity><out_Quantity.quantity>399.545821</out_Quantity.quantity></Point><Point><position>5282</position><in_Quantity.quantity>0.000000</in_Quantity.quantity><out_Quantity.quantity>182.182898</out_Quantity.quantity></Point><Point><position>5283</position><in_Quantity.quantity>0.000000</in_Quantity.quantity><out_Quantity.quantity>699.695992</out_Quantity.quantity></Point><Point><position>5284</position><in_Quantity.quantity>0.000000</in_Quantity.quantity><out_Quantity.quantity>334.228888</out_Quantity.quantity></Point><Point><position>5285</position><in_Quantity.quantity>0.000000</in_Quantity.quantity><out_Quantity.quantity>392.880748</out_Quantity.quantity></Point><Point><position>5286</position><in_Quantity.quantity>0.000000</in_Quantity.quantity><out_Quantity.quantity>440.590297</out_Quantity.quantity></Point><Point><position>5287</position><in_Quantity.quantity>0.000000</in_Quantity.quantity><out_Quantity.quantity>825.394322</out_Quantity.quantity></Point><Point><position>5288</position><in_Quantity.quantity>0.000000</in_Quantity.quantity><out_Quantity.quantity>327.612766</out_Quantity.quantity></Point><Point><position>5289</position><in_Quantity.quantity>0.000000</in_Quantity.quantity><out_Quantity.quantity>68.468594</out_Quantity.quantity></Point><Point><position>5290</position><in_Quantity.quantity>0.000000</in_Quantity.quantity><out_Quantity.quantity>438.866396</out_Quantity.quantity></Point><Point><position>5291</position><in_Quantity.quantity>0.000000</in_Quantity.quantity><out_Quantity.quantity>996.480560</out_Quantity.quantity></Point><Point><position>5292</position><in_Quantity.quantity>0.000000</in_Quantity.quantity><out_Quantity.quantity>644.827561</out_Quantity.quantity></Point><Point><position>5293</position><in_Quantity.quantity>0.000000</in_Quantity.quantity><out_Quantity.quantity>324.958898</out_Quantity.quantity></Point><Point><position>5294</position><in_Quantity.quantity>0.000000</in_Quantity.quantity><out_Quantity.quantity>418.355462</out_Quantity.quantity></Point><Point><position>5295</position><in_Quantity.quantity>0.000000</in_Quantity.quantity><out_Quantity.quantity>647.833707</out_Quantity.quantity></Point><Point><position>5296</position><in_Quantity.quantity>0.000000</in_Quantity.quantity><out_Quantity.quantity>719.518381</out_Quantity.quantity></Point><Point><position>5297</position><in_Quantity.quantity>0.000000</in_Quantity.quantity><out_Quantity.quantity>578.034012</out_Quantity.quantity></Point><Point><position>5298</position><in_Quantity.quantity>0.000000</in_Quantity.quantity><out_Quantity.quantity>595.269752</out_Quantity.quantity></Point><Point><position>5299</position><in_Quantity.quantity>0.000000</in_Quantity.quantity><out_Quantity.quantity>212.758321</out_Quantity.quantity></Point><Point><position>5300</position><in_Quantity.quantity>0.000000</in_Quantity.quantity><out_Quantity.quantity>960.099365</out_Quantity.quantity></Point><Point><position>5301</position><in_Quantity.quantity>0.000000</in_Quantity.quantity><out_Quantity.quantity>807.504897</out_Quantity.quantity></Point><Point><position>5302</position><in_Quantity.quantity>0.000000</in_Quantity.quantity><out_Quantity.quantity>849.221015</out_Quantity.quantity></Point><Point><position>5303</position><in_Quantity.quantity>0.000000</in_Quantity.quantity><out_Quantity.quantity>795.662184</out_Quantity.quantity></Point><Point><position>5304</position><in_Quantity.quantity>0.000000</in_Quantity.quantity><out_Quantity.quantity>302.937653</out_Quantity.quantity></Point><Point><position>5305</position><in_Quantity.quantity>0.000000</in_Quantity.quantity><out_Quantity.quantity>128.233151</out_Quantity.quantity></Point><Point><position>5306</position><in_Quantity.quantity>0.000000</in_Quantity.quantity><out_Quantity.quantity>961.802581</out_Quantity.quantity></Point><Point><position>5307</position><in_Quantity.quantity>0.000000</in_Quantity.quantity><out_Quantity.quantity>60.957364</out_Quantity.quantity></Point><Point><position>5308</position><in_Quantity.quantity>0.000000</in_Quantity.quantity><out_Quantity.quantity>966.131602</out_Quantity.quantity></Point><Point><position>5309</position><in_Quantity.quantity>0.000000</in_Quantity.quantity><out_Quantity.quantity>134.230577</out_Quantity.quantity></Point><Point><position>5310</position><in_Quantity.quantity>0.000000</in_Quantity.quantity><out_Quantity.quantity>692.646413</out_Quantity.quantity></Point><Point><position>5311</position><in_Quantity.quantity>0.000000</in_Quantity.quantity><out_Quantity.quantity>539.498337</out_Quantity.quantity></Point><Point><position>5312</position><in_Quantity.quantity>0.000000</in_Quantity.quantity><out_Quantity.quantity>620.090112</out_Quantity.quantity></Point><Point><position>5313</position><in_Quantity.quantity>0.000000</in_Quantity.quantity><out_Quantity.quantity>31.741259</out_Quantity.quantity></Point><Point><position>5314</position><in_Quantity.quantity>0.000000</in_Quantity.quantity><out_Quantity.quantity>758.733255</out_Quantity.quantity></Point><Point><position>5315</position><in_Quantity.quantity>0.000000</in_Quantity.quantity><out_Quantity.quantity>532.513862</out_Quantity.quantity></Point><Point><position>5316</position><in_Quantity.quantity>0.000000</in_Quantity.quantity><out_Quantity.quantity>601.090444</out_Quantity.quantity></Point><Point><position>5317</position><in_Quantity.quantity>0.000000</in_Quantity.quantity><out_Quantity.quantity>383.595853</out_Quantity.quantity></Point><Point><position>5318</position><in_Quantity.quantity>0.000000</in_Quantity.quantity><out_Quantity.quantity>289.725264</out_Quantity.quantity></Point><Point><position>5319</position><in_Quantity.quantity>0.000000</in_Quantity.quantity><out_Quantity.quantity>858.296898</out_Quantity.quantity></Point><Point><position>5320</position><in_Quantity.quantity>0.000000</in_Quantity.quantity><out_Quantity.quantity>87.437019</out_Quantity.quantity></Point><Point><position>5321</position><in_Quantity.quantity>0.000000</in_Quantity.quantity><out_Quantity.quantity>161.734895</out_Quantity.quantity></Point><Point><position>5322</position><in_Quantity.quantity>0.000000</in_Quantity.quantity><out_Quantity.quantity>860.808404</out_Quantity.quantity></Point><Point><position>5323</position><in_Quantity.quantity>0.000000</in_Quantity.quantity><out_Quantity.quantity>894.016645</out_Quantity.quantity></Point><Point><position>5324</position><in_Quantity.quantity>0.000000</in_Quantity.quantity><out_Quantity.quantity>671.662992</out_Quantity.quantity></Point><Point><position>5325</position><in_Quantity.quantity>0.000000</in_Quantity.quantity><out_Quantity.quantity>115.088547</out_Quantity.quantity></Point><Point><position>5326</position><in_Quantity.quantity>0.000000</in_Quantity.quantity><out_Quantity.quantity>117.564456</out_Quantity.quantity></Point><Point><position>5327</position><in_Quantity.quantity>0.000000</in_Quantity.quantity><out_Quantity.quantity>66.789077</out_Quantity.quantity></Point><Point><position>5328</position><in_Quantity.quantity>0.000000</in_Quantity.quantity><out_Quantity.quantity>28.497491</out_Quantity.quantity></Point><Point><position>5329</position><in_Quantity.quantity>0.000000</in_Quantity.quantity><out_Quantity.quantity>991.982268</out_Quantity.quantity></Point><Point><position>5330</position><in_Quantity.quantity>0.000000</in_Quantity.quantity><out_Quantity.quantity>320.110246</out_Quantity.quantity></Point><Point><position>5331</position><in_Quantity.quantity>0.000000</in_Quantity.quantity><out_Quantity.quantity>603.633513</out_Quantity.quantity></Point><Point><position>5332</position><in_Quantity.quantity>0.000000</in_Quantity.quantity><out_Quantity.quantity>662.220811</out_Quantity.quantity></Point><Point><position>5333</position><in_Quantity.quantity>0.000000</in_Quantity.quantity><out_Quantity.quantity>680.482736</out_Quantity.quantity></Point><Point><position>5334</position><in_Quantity.quantity>0.000000</in_Quantity.quantity><out_Quantity.quantity>331.866168</out_Quantity.quantity></Point><Point><position>5335</position><in_Quantity.quantity>0.000000</in_Quantity.quantity><out_Quantity.quantity>892.708259</out_Quantity.quantity></Point><Point><position>5336</position><in_Quantity.quantity>0.000000</in_Quantity.quantity><out_Quantity.quantity>609.127225</out_Quantity.quantity></Point><Point><position>5337</position><in_Quantity.quantity>0.000000</in_Quantity.quantity><out_Quantity.quantity>164.794020</out_Quantity.quantity></Point><Point><position>5338</position><in_Quantity.quantity>0.000000</in_Quantity.quantity><out_Quantity.quantity>469.491052</out_Quantity.quantity></Point><Point><position>5339</position><in_Quantity.quantity>0.000000</in_Quantity.quantity><out_Quantity.quantity>580.589959</out_Quantity.quantity></Point><Point><position>5340</position><in_Quantity.quantity>0.000000</in_Quantity.quantity><out_Quantity.quantity>105.321713</out_Quantity.quantity></Point><Point><position>5341</position><in_Quantity.quantity>0.000000</in_Quantity.quantity><out_Quantity.quantity>320.710239</out_Quantity.quantity></Point><Point><position>5342</position><in_Quantity.quantity>0.000000</in_Quantity.quantity><out_Quantity.quantity>708.572900</out_Quantity.quantity></Point><Point><position>5343</position><in_Quantity.quantity>0.000000</in_Quantity.quantity><out_Quantity.quantity>594.042714</out_Quantity.quantity></Point><Point><position>5344</position><in_Quantity.quantity>0.000000</in_Quantity.quantity><out_Quantity.quantity>73.369589</out_Quantity.quantity></Point><Point><position>5345</position><in_Quantity.quantity>0.000000</in_Quantity.quantity><out_Quantity.quantity>660.851230</out_Quantity.quantity></Point><Point><position>5346</position><in_Quantity.quantity>0.000000</in_Quantity.quantity><out_Quantity.quantity>518.783441</out_Quantity.quantity></Point><Point><position>5347</position><in_Quantity.quantity>0.000000</in_Quantity.quantity><out_Quantity.quantity>621.391286</out_Quantity.quantity></Point><Point><position>5348</position><in_Quantity.quantity>0.000000</in_Quantity.quantity><out_Quantity.quantity>369.065369</out_Quantity.quantity></Point><Point><position>5349</position><in_Quantity.quantity>0.000000</in_Quantity.quantity><out_Quantity.quantity>617.416432</out_Quantity.quantity></Point><Point><position>5350</position><in_Quantity.quantity>0.000000</in_Quantity.quantity><out_Quantity.quantity>125.864613</out_Quantity.quantity></Point><Point><position>5351</position><in_Quantity.quantity>0.000000</in_Quantity.quantity><out_Quantity.quantity>547.660697</out_Quantity.quantity></Point><Point><position>5352</position><in_Quantity.quantity>0.000000</in_Quantity.quantity><out_Quantity.quantity>970.941238</out_Quantity.quantity></Point><Point><position>5353</position><in_Quantity.quantity>0.000000</in_Quantity.quantity><out_Quantity.quantity>44.738132</out_Quantity.quantity></Point><Point><position>5354</position><in_Quantity.quantity>0.000000</in_Quantity.quantity><out_Quantity.quantity>335.327914</out_Quantity.quantity></Point><Point><position>5355</position><in_Quantity.quantity>0.000000</in_Quantity.quantity><out_Quantity.quantity>16.587891</out_Quantity.quantity></Point><Point><position>5356</position><in_Quantity.quantity>0.000000</in_Quantity.quantity><out_Quantity.quantity>404.372090</out_Quantity.quantity></Point><Point><position>5357</position><in_Quantity.quantity>0.000000</in_Quantity.quantity><out_Quantity.quantity>490.350500</out_Quantity.quantity></Point><Point><position>5358</position><in_Quantity.quantity>0.000000</in_Quantity.quantity><out_Quantity.quantity>809.498368</out_Quantity.quantity></Point><Point><position>5359</position><in_Quantity.quantity>0.000000</in_Quantity.quantity><out_Quantity.quantity>176.867786</out_Quantity.quantity></Point><Point><position>5360</position><in_Quantity.quantity>0.000000</in_Quantity.quantity><out_Quantity.quantity>627.872605</out_Quantity.quantity></Point><Point><position>5361</position><in_Quantity.quantity>0.000000</in_Quantity.quantity><out_Quantity.quantity>300.795657</out_Quantity.quantity></Point><Point><position>5362</position><in_Quantity.quantity>0.000000</in_Quantity.quantity><out_Quantity.quantity>239.439793</out_Quantity.quantity></Point><Point><position>5363</position><in_Quantity.quantity>0.000000</in_Quantity.quantity><out_Quantity.quantity>530.019607</out_Quantity.quantity></Point><Point><position>5364</position><in_Quantity.quantity>0.000000</in_Quantity.quantity><out_Quantity.quantity>938.120032</out_Quantity.quantity></Point><Point><position>5365</position><in_Quantity.quantity>0.000000</in_Quantity.quantity><out_Quantity.quantity>334.686526</out_Quantity.quantity></Point><Point><position>5366</position><in_Quantity.quantity>0.000000</in_Quantity.quantity><out_Quantity.quantity>32.663516</out_Quantity.quantity></Point><Point><position>5367</position><in_Quantity.quantity>0.000000</in_Quantity.quantity><out_Quantity.quantity>465.047340</out_Quantity.quantity></Point><Point><position>5368</position><in_Quantity.quantity>0.000000</in_Quantity.quantity><out_Quantity.quantity>414.688761</out_Quantity.quantity></Point><Point><position>5369</position><in_Quantity.quantity>0.000000</in_Quantity.quantity><out_Quantity.quantity>284.246539</out_Quantity.quantity></Point><Point><position>5370</position><in_Quantity.quantity>0.000000</in_Quantity.quantity><out_Quantity.quantity>403.592323</out_Quantity.quantity></Point><Point><position>5371</position><in_Quantity.quantity>0.000000</in_Quantity.quantity><out_Quantity.quantity>493.344162</out_Quantity.quantity></Point><Point><position>5372</position><in_Quantity.quantity>0.000000</in_Quantity.quantity><out_Quantity.quantity>217.563705</out_Quantity.quantity></Point><Point><position>5373</position><in_Quantity.quantity>0.000000</in_Quantity.quantity><out_Quantity.quantity>836.772074</out_Quantity.quantity></Point><Point><position>5374</position><in_Quantity.quantity>0.000000</in_Quantity.quantity><out_Quantity.quantity>985.493408</out_Quantity.quantity></Point><Point><position>5375</position><in_Quantity.quantity>0.000000</in_Quantity.quantity><out_Quantity.quantity>59.289422</out_Quantity.quantity></Point><Point><position>5376</position><in_Quantity.quantity>0.000000</in_Quantity.quantity><out_Quantity.quantity>340.972735</out_Quantity.quantity></Point><Point><position>5377</position><in_Quantity.quantity>0.000000</in_Quantity.quantity><out_Quantity.quantity>288.150730</out_Quantity.quantity></Point><Point><position>5378</position><in_Quantity.quantity>0.000000</in_Quantity.quantity><out_Quantity.quantity>949.824488</out_Quantity.quantity></Point><Point><position>5379</position><in_Quantity.quantity>0.000000</in_Quantity.quantity><out_Quantity.quantity>908.236162</out_Quantity.quantity></Point><Point><position>5380</position><in_Quantity.quantity>0.000000</in_Quantity.quantity><out_Quantity.quantity>995.306331</out_Quantity.quantity></Point><Point><position>5381</position><in_Quantity.quantity>0.000000</in_Quantity.quantity><out_Quantity.quantity>386.877406</out_Quantity.quantity></Point><Point><position>5382</position><in_Quantity.quantity>0.000000</in_Quantity.quantity><out_Quantity.quantity>350.518813</out_Quantity.quantity></Point><Point><position>5383</position><in_Quantity.quantity>0.000000</in_Quantity.quantity><out_Quantity.quantity>584.337091</out_Quantity.quantity></Point><Point><position>5384</position><in_Quantity.quantity>0.000000</in_Quantity.quantity><out_Quantity.quantity>22.856919</out_Quantity.quantity></Point><Point><position>5385</position><in_Quantity.quantity>0.000000</in_Quantity.quantity><out_Quantity.quantity>942.850284</out_Quantity.quantity></Point><Point><position>5386</position><in_Quantity.quantity>0.000000</in_Quantity.quantity><out_Quantity.quantity>455.420546</out_Quantity.quantity></Point><Point><position>5387</position><in_Quantity.quantity>0.000000</in_Quantity.quantity><out_Quantity.quantity>729.034028</out_Quantity.quantity></Point><Point><position>5388</position><in_Quantity.quantity>0.000000</in_Quantity.quantity><out_Quantity.quantity>391.715319</out_Quantity.quantity></Point><Point><position>5389</position><in_Quantity.quantity>0.000000</in_Quantity.quantity><out_Quantity.quantity>649.719044</out_Quantity.quantity></Point><Point><position>5390</position><in_Quantity.quantity>0.000000</in_Quantity.quantity><out_Quantity.quantity>531.061660</out_Quantity.quantity></Point><Point><position>5391</position><in_Quantity.quantity>0.000000</in_Quantity.quantity><out_Quantity.quantity>917.600847</out_Quantity.quantity></Point><Point><position>5392</position><in_Quantity.quantity>0.000000</in_Quantity.quantity><out_Quantity.quantity>520.613753</out_Quantity.quantity></Point><Point><position>5393</position><in_Quantity.quantity>0.000000</in_Quantity.quantity><out_Quantity.quantity>287.870453</out_Quantity.quantity></Point><Point><position>5394</position><in_Quantity.quantity>0.000000</in_Quantity.quantity><out_Quantity.quantity>471.347780</out_Quantity.quantity></Point><Point><position>5395</position><in_Quantity.quantity>0.000000</in_Quantity.quantity><out_Quantity.quantity>571.076050</out_Quantity.quantity></Point><Point><position>5396</position><in_Quantity.quantity>0.000000</in_Quantity.quantity><out_Quantity.quantity>640.999248</out_Quantity.quantity></Point><Point><position>5397</position><in_Quantity.quantity>0.000000</in_Quantity.quantity><out_Quantity.quantity>310.085817</out_Quantity.quantity></Point><Point><position>5398</position><in_Quantity.quantity>0.000000</in_Quantity.quantity><out_Quantity.quantity>836.398425</out_Quantity.quantity></Point><Point><position>5399</position><in_Quantity.quantity>0.000000</in_Quantity.quantity><out_Quantity.quantity>299.765253</out_Quantity.quantity></Point><Point><position>5400</position><in_Quantity.quantity>0.000000</in_Quantity.quantity><out_Quantity.quantity>185.625713</out_Quantity.quantity></Point><Point><position>5401</position><in_Quantity.quantity>0.000000</in_Quantity.quantity><out_Quantity.quantity>857.099701</out_Quantity.quantity></Point><Point><position>5402</position><in_Quantity.quantity>0.000000</in_Quantity.quantity><out_Quantity.quantity>909.292069</out_Quantity.quantity></Point><Point><position>5403</position><in_Quantity.quantity>0.000000</in_Quantity.quantity><out_Quantity.quantity>527.720809</out_Quantity.quantity></Point><Point><position>5404</position><in_Quantity.quantity>0.000000</in_Quantity.quantity><out_Quantity.quantity>564.372225</out_Quantity.quantity></Point><Point><position>5405</position><in_Quantity.quantity>0.000000</in_Quantity.quantity><out_Quantity.quantity>654.274746</out_Quantity.quantity></Point><Point><position>5406</position><in_Quantity.quantity>0.000000</in_Quantity.quantity><out_Quantity.quantity>757.302600</out_Quantity.quantity></Point><Point><position>5407</position><in_Quantity.quantity>0.000000</in_Quantity.quantity><out_Quantity.quantity>457.646849</out_Quantity.quantity></Point><Point><position>5408</position><in_Quantity.quantity>0.000000</in_Quantity.quantity><out_Quantity.quantity>117.553240</out_Quantity.quantity></Point><Point><position>5409</position><in_Quantity.quantity>0.000000</in_Quantity.quantity><out_Quantity.quantity>137.309040</out_Quantity.quantity></Point><Point><position>5410</position><in_Quantity.quantity>0.000000</in_Quantity.quantity><out_Quantity.quantity>709.729369</out_Quantity.quantity></Point><Point><position>5411</position><in_Quantity.quantity>0.000000</in_Quantity.quantity><out_Quantity.quantity>439.339947</out_Quantity.quantity></Point><Point><position>5412</position><in_Quantity.quantity>0.000000</in_Quantity.quantity><out_Quantity.quantity>670.131193</out_Quantity.quantity></Point><Point><position>5413</position><in_Quantity.quantity>0.000000</in_Quantity.quantity><out_Quantity.quantity>816.571897</out_Quantity.quantity></Point><Point><position>5414</position><in_Quantity.quantity>0.000000</in_Quantity.quantity><out_Quantity.quantity>329.355539</out_Quantity.quantity></Point><Point><position>5415</position><in_Quantity.quantity>0.000000</in_Quantity.quantity><out_Quantity.quantity>855.428123</out_Quantity.quantity></Point><Point><position>5416</position><in_Quantity.quantity>0.000000</in_Quantity.quantity><out_Quantity.quantity>163.520824</out_Quantity.quantity></Point><Point><position>5417</position><in_Quantity.quantity>0.000000</in_Quantity.quantity><out_Quantity.quantity>407.519093</out_Quantity.quantity></Point><Point><position>5418</position><in_Quantity.quantity>0.000000</in_Quantity.quantity><out_Quantity.quantity>158.087643</out_Quantity.quantity></Point><Point><position>5419</position><in_Quantity.quantity>0.000000</in_Quantity.quantity><out_Quantity.quantity>729.630813</out_Quantity.quantity></Point><Point><position>5420</position><in_Quantity.quantity>0.000000</in_Quantity.quantity><out_Quantity.quantity>73.840004</out_Quantity.quantity></Point><Point><position>5421</position><in_Quantity.quantity>0.000000</in_Quantity.quantity><out_Quantity.quantity>473.947776</out_Quantity.quantity></Point><Point><position>5422</position><in_Quantity.quantity>0.000000</in_Quantity.quantity><out_Quantity.quantity>822.137245</out_Quantity.quantity></Point><Point><position>5423</position><in_Quantity.quantity>0.000000</in_Quantity.quantity><out_Quantity.quantity>955.169589</out_Quantity.quantity></Point><Point><position>5424</position><in_Quantity.quantity>0.000000</in_Quantity.quantity><out_Quantity.quantity>524.136011</out_Quantity.quantity></Point><Point><position>5425</position><in_Quantity.quantity>0.000000</in_Quantity.quantity><out_Quantity.quantity>26.782320</out_Quantity.quantity></Point><Point><position>5426</position><in_Quantity.quantity>0.000000</in_Quantity.quantity><out_Quantity.quantity>522.075350</out_Quantity.quantity></Point><Point><position>5427</position><in_Quantity.quantity>0.000000</in_Quantity.quantity><out_Quantity.quantity>264.369973</out_Quantity.quantity></Point><Point><position>5428</position><in_Quantity.quantity>0.000000</in_Quantity.quantity><out_Quantity.quantity>437.841083</out_Quantity.quantity></Point><Point><position>5429</position><in_Quantity.quantity>0.000000</in_Quantity.quantity><out_Quantity.quantity>532.149446</out_Quantity.quantity></Point><Point><position>5430</position><in_Quantity.quantity>0.000000</in_Quantity.quantity><out_Quantity.quantity>87.831241</out_Quantity.quantity></Point><Point><position>5431</position><in_Quantity.quantity>0.000000</in_Quantity.quantity><out_Quantity.quantity>781.110668</out_Quantity.quantity></Point><Point><position>5432</position><in_Quantity.quantity>0.000000</in_Quantity.quantity><out_Quantity.quantity>378.611463</out_Quantity.quantity></Point><Point><position>5433</position><in_Quantity.quantity>0.000000</in_Quantity.quantity><out_Quantity.quantity>250.552253</out_Quantity.quantity></Point><Point><position>5434</position><in_Quantity.quantity>0.000000</in_Quantity.quantity><out_Quantity.quantity>1.645890</out_Quantity.quantity></Point><Point><position>5435</position><in_Quantity.quantity>0.000000</in_Quantity.quantity><out_Quantity.quantity>805.451085</out_Quantity.quantity></Point><Point><position>5436</position><in_Quantity.quantity>0.000000</in_Quantity.quantity><out_Quantity.quantity>140.365447</out_Quantity.quantity></Point><Point><position>5437</position><in_Quantity.quantity>0.000000</in_Quantity.quantity><out_Quantity.quantity>837.806788</out_Quantity.quantity></Point><Point><position>5438</position><in_Quantity.quantity>0.000000</in_Quantity.quantity><out_Quantity.quantity>15.441933</out_Quantity.quantity></Point><Point><position>5439</position><in_Quantity.quantity>0.000000</in_Quantity.quantity><out_Quantity.quantity>555.657500</out_Quantity.quantity></Point><Point><position>5440</position><in_Quantity.quantity>0.000000</in_Quantity.quantity><out_Quantity.quantity>800.725040</out_Quantity.quantity></Point><Point><position>5441</position><in_Quantity.quantity>0.000000</in_Quantity.quantity><out_Quantity.quantity>131.131667</out_Quantity.quantity></Point><Point><position>5442</position><in_Quantity.quantity>0.000000</in_Quantity.quantity><out_Quantity.quantity>598.247288</out_Quantity.quantity></Point><Point><position>5443</position><in_Quantity.quantity>0.000000</in_Quantity.quantity><out_Quantity.quantity>514.310051</out_Quantity.quantity></Point><Point><position>5444</position><in_Quantity.quantity>0.000000</in_Quantity.quantity><out_Quantity.quantity>125.090490</out_Quantity.quantity></Point><Point><position>5445</position><in_Quantity.quantity>0.000000</in_Quantity.quantity><out_Quantity.quantity>502.763353</out_Quantity.quantity></Point><Point><position>5446</position><in_Quantity.quantity>0.000000</in_Quantity.quantity><out_Quantity.quantity>813.749322</out_Quantity.quantity></Point><Point><position>5447</position><in_Quantity.quantity>0.000000</in_Quantity.quantity><out_Quantity.quantity>36.135873</out_Quantity.quantity></Point><Point><position>5448</position><in_Quantity.quantity>0.000000</in_Quantity.quantity><out_Quantity.quantity>244.815058</out_Quantity.quantity></Point><Point><position>5449</position><in_Quantity.quantity>0.000000</in_Quantity.quantity><out_Quantity.quantity>170.523969</out_Quantity.quantity></Point><Point><position>5450</position><in_Quantity.quantity>0.000000</in_Quantity.quantity><out_Quantity.quantity>336.476352</out_Quantity.quantity></Point><Point><position>5451</position><in_Quantity.quantity>0.000000</in_Quantity.quantity><out_Quantity.quantity>233.503461</out_Quantity.quantity></Point><Point><position>5452</position><in_Quantity.quantity>0.000000</in_Quantity.quantity><out_Quantity.quantity>372.094077</out_Quantity.quantity></Point><Point><position>5453</position><in_Quantity.quantity>0.000000</in_Quantity.quantity><out_Quantity.quantity>482.559780</out_Quantity.quantity></Point><Point><position>5454</position><in_Quantity.quantity>0.000000</in_Quantity.quantity><out_Quantity.quantity>165.446023</out_Quantity.quantity></Point><Point><position>5455</position><in_Quantity.quantity>0.000000</in_Quantity.quantity><out_Quantity.quantity>957.364408</out_Quantity.quantity></Point><Point><position>5456</position><in_Quantity.quantity>0.000000</in_Quantity.quantity><out_Quantity.quantity>965.840993</out_Quantity.quantity></Point><Point><position>5457</position><in_Quantity.quantity>0.000000</in_Quantity.quantity><out_Quantity.quantity>389.016211</out_Quantity.quantity></Point><Point><position>5458</position><in_Quantity.quantity>0.000000</in_Quantity.quantity><out_Quantity.quantity>233.932175</out_Quantity.quantity></Point><Point><position>5459</position><in_Quantity.quantity>0.000000</in_Quantity.quantity><out_Quantity.quantity>34.913116</out_Quantity.quantity></Point><Point><position>5460</position><in_Quantity.quantity>0.000000</in_Quantity.quantity><out_Quantity.quantity>620.779510</out_Quantity.quantity></Point><Point><position>5461</position><in_Quantity.quantity>0.000000</in_Quantity.quantity><out_Quantity.quantity>506.785479</out_Quantity.quantity></Point><Point><position>5462</position><in_Quantity.quantity>0.000000</in_Quantity.quantity><out_Quantity.quantity>197.287257</out_Quantity.quantity></Point><Point><position>5463</position><in_Quantity.quantity>0.000000</in_Quantity.quantity><out_Quantity.quantity>633.598189</out_Quantity.quantity></Point><Point><position>5464</position><in_Quantity.quantity>0.000000</in_Quantity.quantity><out_Quantity.quantity>65.303092</out_Quantity.quantity></Point><Point><position>5465</position><in_Quantity.quantity>0.000000</in_Quantity.quantity><out_Quantity.quantity>42.588322</out_Quantity.quantity></Point><Point><position>5466</position><in_Quantity.quantity>0.000000</in_Quantity.quantity><out_Quantity.quantity>354.228815</out_Quantity.quantity></Point><Point><position>5467</position><in_Quantity.quantity>0.000000</in_Quantity.quantity><out_Quantity.quantity>37.395941</out_Quantity.quantity></Point><Point><position>5468</position><in_Quantity.quantity>0.000000</in_Quantity.quantity><out_Quantity.quantity>977.778873</out_Quantity.quantity></Point><Point><position>5469</position><in_Quantity.quantity>0.000000</in_Quantity.quantity><out_Quantity.quantity>325.774743</out_Quantity.quantity></Point><Point><position>5470</position><in_Quantity.quantity>0.000000</in_Quantity.quantity><out_Quantity.quantity>672.081391</out_Quantity.quantity></Point><Point><position>5471</position><in_Quantity.quantity>0.000000</in_Quantity.quantity><out_Quantity.quantity>12.673145</out_Quantity.quantity></Point><Point><position>5472</position><in_Quantity.quantity>0.000000</in_Quantity.quantity><out_Quantity.quantity>516.547318</out_Quantity.quantity></Point><Point><position>5473</position><in_Quantity.quantity>0.000000</in_Quantity.quantity><out_Quantity.quantity>410.587910</out_Quantity.quantity></Point><Point><position>5474</position><in_Quantity.quantity>0.000000</in_Quantity.quantity><out_Quantity.quantity>132.163808</out_Quantity.quantity></Point><Point><position>5475</position><in_Quantity.quantity>0.000000</in_Quantity.quantity><out_Quantity.quantity>378.746426</out_Quantity.quantity></Point><Point><position>5476</position><in_Quantity.quantity>0.000000</in_Quantity.quantity><out_Quantity.quantity>611.339511</out_Quantity.quantity></Point><Point><position>5477</position><in_Quantity.quantity>0.000000</in_Quantity.quantity><out_Quantity.quantity>854.739793</out_Quantity.quantity></Point><Point><position>5478</position><in_Quantity.quantity>0.000000</in_Quantity.quantity><out_Quantity.quantity>512.756759</out_Quantity.quantity></Point><Point><position>5479</position><in_Quantity.quantity>0.000000</in_Quantity.quantity><out_Quantity.quantity>961.788042</out_Quantity.quantity></Point><Point><position>5480</position><in_Quantity.quantity>0.000000</in_Quantity.quantity><out_Quantity.quantity>468.837456</out_Quantity.quantity></Point><Point><position>5481</position><in_Quantity.quantity>0.000000</in_Quantity.quantity><out_Quantity.quantity>789.775940</out_Quantity.quantity></Point><Point><position>5482</position><in_Quantity.quantity>0.000000</in_Quantity.quantity><out_Quantity.quantity>965.959895</out_Quantity.quantity></Point><Point><position>5483</position><in_Quantity.quantity>0.000000</in_Quantity.quantity><out_Quantity.quantity>217.580236</out_Quantity.quantity></Point><Point><position>5484</position><in_Quantity.quantity>0.000000</in_Quantity.quantity><out_Quantity.quantity>621.618864</out_Quantity.quantity></Point><Point><position>5485</position><in_Quantity.quantity>0.000000</in_Quantity.quantity><out_Quantity.quantity>639.069726</out_Quantity.quantity></Point><Point><position>5486</position><in_Quantity.quantity>0.000000</in_Quantity.quantity><out_Quantity.quantity>333.739723</out_Quantity.quantity></Point><Point><position>5487</position><in_Quantity.quantity>0.000000</in_Quantity.quantity><out_Quantity.quantity>215.604825</out_Quantity.quantity></Point><Point><position>5488</position><in_Quantity.quantity>0.000000</in_Quantity.quantity><out_Quantity.quantity>827.875317</out_Quantity.quantity></Point><Point><position>5489</position><in_Quantity.quantity>0.000000</in_Quantity.quantity><out_Quantity.quantity>10.533889</out_Quantity.quantity></Point><Point><position>5490</position><in_Quantity.quantity>0.000000</in_Quantity.quantity><out_Quantity.quantity>155.075462</out_Quantity.quantity></Point><Point><position>5491</position><in_Quantity.quantity>0.000000</in_Quantity.quantity><out_Quantity.quantity>452.902261</out_Quantity.quantity></Point><Point><position>5492</position><in_Quantity.quantity>0.000000</in_Quantity.quantity><out_Quantity.quantity>980.075856</out_Quantity.quantity></Point><Point><position>5493</position><in_Quantity.quantity>0.000000</in_Quantity.quantity><out_Quantity.quantity>245.201186</out_Quantity.quantity></Point><Point><position>5494</position><in_Quantity.quantity>0.000000</in_Quantity.quantity><out_Quantity.quantity>670.191147</out_Quantity.quantity></Point><Point><position>5495</position><in_Quantity.quantity>0.000000</in_Quantity.quantity><out_Quantity.quantity>251.583193</out_Quantity.quantity></Point><Point><position>5496</position><in_Quantity.quantity>0.000000</in_Quantity.quantity><out_Quantity.quantity>555.743822</out_Quantity.quantity></Point><Point><position>5497</position><in_Quantity.quantity>0.000000</in_Quantity.quantity><out_Quantity.quantity>890.795581</out_Quantity.quantity></Point><Point><position>5498</position><in_Quantity.quantity>0.000000</in_Quantity.quantity><out_Quantity.quantity>543.208471</out_Quantity.quantity></Point><Point><position>5499</position><in_Quantity.quantity>0.000000</in_Quantity.quantity><out_Quantity.quantity>702.696656</out_Quantity.quantity></Point><Point><position>5500</position><in_Quantity.quantity>0.000000</in_Quantity.quantity><out_Quantity.quantity>793.173887</out_Quantity.quantity></Point><Point><position>5501</position><in_Quantity.quantity>0.000000</in_Quantity.quantity><out_Quantity.quantity>21.005966</out_Quantity.quantity></Point><Point><position>5502</position><in_Quantity.quantity>0.000000</in_Quantity.quantity><out_Quantity.quantity>758.327905</out_Quantity.quantity></Point><Point><position>5503</position><in_Quantity.quantity>0.000000</in_Quantity.quantity><out_Quantity.quantity>521.473853</out_Quantity.quantity></Point><Point><position>5504</position><in_Quantity.quantity>0.000000</in_Quantity.quantity><out_Quantity.quantity>54.074604</out_Quantity.quantity></Point><Point><position>5505</position><in_Quantity.quantity>0.000000</in_Quantity.quantity><out_Quantity.quantity>559.793494</out_Quantity.quantity></Point><Point><position>5506</position><in_Quantity.quantity>0.000000</in_Quantity.quantity><out_Quantity.quantity>144.921953</out_Quantity.quantity></Point><Point><position>5507</position><in_Quantity.quantity>0.000000</in_Quantity.quantity><out_Quantity.quantity>980.795826</out_Quantity.quantity></Point><Point><position>5508</position><in_Quantity.quantity>0.000000</in_Quantity.quantity><out_Quantity.quantity>209.017508</out_Quantity.quantity></Point><Point><position>5509</position><in_Quantity.quantity>0.000000</in_Quantity.quantity><out_Quantity.quantity>647.309810</out_Quantity.quantity></Point><Point><position>5510</position><in_Quantity.quantity>0.000000</in_Quantity.quantity><out_Quantity.quantity>189.680699</out_Quantity.quantity></Point><Point><position>5511</position><in_Quantity.quantity>0.000000</in_Quantity.quantity><out_Quantity.quantity>191.641483</out_Quantity.quantity></Point><Point><position>5512</position><in_Quantity.quantity>0.000000</in_Quantity.quantity><out_Quantity.quantity>313.434211</out_Quantity.quantity></Point><Point><position>5513</position><in_Quantity.quantity>0.000000</in_Quantity.quantity><out_Quantity.quantity>125.812323</out_Quantity.quantity></Point><Point><position>5514</position><in_Quantity.quantity>0.000000</in_Quantity.quantity><out_Quantity.quantity>887.313270</out_Quantity.quantity></Point><Point><position>5515</position><in_Quantity.quantity>0.000000</in_Quantity.quantity><out_Quantity.quantity>167.922297</out_Quantity.quantity></Point><Point><position>5516</position><in_Quantity.quantity>0.000000</in_Quantity.quantity><out_Quantity.quantity>763.036540</out_Quantity.quantity></Point><Point><position>5517</position><in_Quantity.quantity>0.000000</in_Quantity.quantity><out_Quantity.quantity>395.759570</out_Quantity.quantity></Point><Point><position>5518</position><in_Quantity.quantity>0.000000</in_Quantity.quantity><out_Quantity.quantity>846.658722</out_Quantity.quantity></Point><Point><position>5519</position><in_Quantity.quantity>0.000000</in_Quantity.quantity><out_Quantity.quantity>713.570740</out_Quantity.quantity></Point><Point><position>5520</position><in_Quantity.quantity>0.000000</in_Quantity.quantity><out_Quantity.quantity>109.826527</out_Quantity.quantity></Point><Point><position>5521</position><in_Quantity.quantity>0.000000</in_Quantity.quantity><out_Quantity.quantity>267.817353</out_Quantity.quantity></Point><Point><position>5522</position><in_Quantity.quantity>0.000000</in_Quantity.quantity><out_Quantity.quantity>49.741131</out_Quantity.quantity></Point><Point><position>5523</position><in_Quantity.quantity>0.000000</in_Quantity.quantity><out_Quantity.quantity>236.589467</out_Quantity.quantity></Point><Point><position>5524</position><in_Quantity.quantity>0.000000</in_Quantity.quantity><out_Quantity.quantity>288.671917</out_Quantity.quantity></Point><Point><position>5525</position><in_Quantity.quantity>0.000000</in_Quantity.quantity><out_Quantity.quantity>169.518305</out_Quantity.quantity></Point><Point><position>5526</position><in_Quantity.quantity>0.000000</in_Quantity.quantity><out_Quantity.quantity>314.854362</out_Quantity.quantity></Point><Point><position>5527</position><in_Quantity.quantity>0.000000</in_Quantity.quantity><out_Quantity.quantity>863.020391</out_Quantity.quantity></Point><Point><position>5528</position><in_Quantity.quantity>0.000000</in_Quantity.quantity><out_Quantity.quantity>432.330712</out_Quantity.quantity></Point><Point><position>5529</position><in_Quantity.quantity>0.000000</in_Quantity.quantity><out_Quantity.quantity>752.153177</out_Quantity.quantity></Point><Point><position>5530</position><in_Quantity.quantity>0.000000</in_Quantity.quantity><out_Quantity.quantity>553.573550</out_Quantity.quantity></Point><Point><position>5531</position><in_Quantity.quantity>0.000000</in_Quantity.quantity><out_Quantity.quantity>252.988986</out_Quantity.quantity></Point><Point><position>5532</position><in_Quantity.quantity>0.000000</in_Quantity.quantity><out_Quantity.quantity>530.109317</out_Quantity.quantity></Point><Point><position>5533</position><in_Quantity.quantity>0.000000</in_Quantity.quantity><out_Quantity.quantity>277.461078</out_Quantity.quantity></Point><Point><position>5534</position><in_Quantity.quantity>0.000000</in_Quantity.quantity><out_Quantity.quantity>171.253324</out_Quantity.quantity></Point><Point><position>5535</position><in_Quantity.quantity>0.000000</in_Quantity.quantity><out_Quantity.quantity>28.828814</out_Quantity.quantity></Point><Point><position>5536</position><in_Quantity.quantity>0.000000</in_Quantity.quantity><out_Quantity.quantity>683.755801</out_Quantity.quantity></Point><Point><position>5537</position><in_Quantity.quantity>0.000000</in_Quantity.quantity><out_Quantity.quantity>957.445396</out_Quantity.quantity></Point><Point><position>5538</position><in_Quantity.quantity>0.000000</in_Quantity.quantity><out_Quantity.quantity>41.780668</out_Quantity.quantity></Point><Point><position>5539</position><in_Quantity.quantity>0.000000</in_Quantity.quantity><out_Quantity.quantity>696.659595</out_Quantity.quantity></Point><Point><position>5540</position><in_Quantity.quantity>0.000000</in_Quantity.quantity><out_Quantity.quantity>225.404541</out_Quantity.quantity></Point><Point><position>5541</position><in_Quantity.quantity>0.000000</in_Quantity.quantity><out_Quantity.quantity>835.373548</out_Quantity.quantity></Point><Point><position>5542</position><in_Quantity.quantity>0.000000</in_Quantity.quantity><out_Quantity.quantity>814.116239</out_Quantity.quantity></Point><Point><position>5543</position><in_Quantity.quantity>0.000000</in_Quantity.quantity><out_Quantity.quantity>591.564732</out_Quantity.quantity></Point><Point><position>5544</position><in_Quantity.quantity>0.000000</in_Quantity.quantity><out_Quantity.quantity>333.390931</out_Quantity.quantity></Point><Point><position>5545</position><in_Quantity.quantity>0.000000</in_Quantity.quantity><out_Quantity.quantity>572.166190</out_Quantity.quantity></Point><Point><position>5546</position><in_Quantity.quantity>0.000000</in_Quantity.quantity><out_Quantity.quantity>534.799953</out_Quantity.quantity></Point><Point><position>5547</position><in_Quantity.quantity>0.000000</in_Quantity.quantity><out_Quantity.quantity>151.645342</out_Quantity.quantity></Point><Point><position>5548</position><in_Quantity.quantity>0.000000</in_Quantity.quantity><out_Quantity.quantity>315.162085</out_Quantity.quantity></Point><Point><position>5549</position><in_Quantity.quantity>0.000000</in_Quantity.quantity><out_Quantity.quantity>424.870546</out_Quantity.quantity></Point><Point><position>5550</position><in_Quantity.quantity>0.000000</in_Quantity.quantity><out_Quantity.quantity>420.495108</out_Quantity.quantity></Point><Point><position>5551</position><in_Quantity.quantity>0.000000</in_Quantity.quantity><out_Quantity.quantity>510.156186</out_Quantity.quantity></Point><Point><position>5552</position><in_Quantity.quantity>0.000000</in_Quantity.quantity><out_Quantity.quantity>496.270168</out_Quantity.quantity></Point><Point><position>5553</position><in_Quantity.quantity>0.000000</in_Quantity.quantity><out_Quantity.quantity>649.001141</out_Quantity.quantity></Point><Point><position>5554</position><in_Quantity.quantity>0.000000</in_Quantity.quantity><out_Quantity.quantity>620.133204</out_Quantity.quantity></Point><Point><position>5555</position><in_Quantity.quantity>0.000000</in_Quantity.quantity><out_Quantity.quantity>600.930201</out_Quantity.quantity></Point><Point><position>5556</position><in_Quantity.quantity>0.000000</in_Quantity.quantity><out_Quantity.quantity>787.390530</out_Quantity.quantity></Point><Point><position>5557</position><in_Quantity.quantity>0.000000</in_Quantity.quantity><out_Quantity.quantity>246.204111</out_Quantity.quantity></Point><Point><position>5558</position><in_Quantity.quantity>0.000000</in_Quantity.quantity><out_Quantity.quantity>349.214206</out_Quantity.quantity></Point><Point><position>5559</position><in_Quantity.quantity>0.000000</in_Quantity.quantity><out_Quantity.quantity>909.005744</out_Quantity.quantity></Point><Point><position>5560</position><in_Quantity.quantity>0.000000</in_Quantity.quantity><out_Quantity.quantity>398.931921</out_Quantity.quantity></Point><Point><position>5561</position><in_Quantity.quantity>0.000000</in_Quantity.quantity><out_Quantity.quantity>496.661550</out_Quantity.quantity></Point><Point><position>5562</position><in_Quantity.quantity>0.000000</in_Quantity.quantity><out_Quantity.quantity>522.860138</out_Quantity.quantity></Point><Point><position>5563</position><in_Quantity.quantity>0.000000</in_Quantity.quantity><out_Quantity.quantity>613.588738</out_Quantity.quantity></Point><Point><position>5564</position><in_Quantity.quantity>0.000000</in_Quantity.quantity><out_Quantity.quantity>534.951312</out_Quantity.quantity></Point><Point><position>5565</position><in_Quantity.quantity>0.000000</in_Quantity.quantity><out_Quantity.quantity>837.776525</out_Quantity.quantity></Point><Point><position>5566</position><in_Quantity.quantity>0.000000</in_Quantity.quantity><out_Quantity.quantity>298.001392</out_Quantity.quantity></Point><Point><position>5567</position><in_Quantity.quantity>0.000000</in_Quantity.quantity><out_Quantity.quantity>237.072616</out_Quantity.quantity></Point><Point><position>5568</position><in_Quantity.quantity>0.000000</in_Quantity.quantity><out_Quantity.quantity>800.794078</out_Quantity.quantity></Point><Point><position>5569</position><in_Quantity.quantity>0.000000</in_Quantity.quantity><out_Quantity.quantity>651.130145</out_Quantity.quantity></Point><Point><position>5570</position><in_Quantity.quantity>0.000000</in_Quantity.quantity><out_Quantity.quantity>180.915828</out_Quantity.quantity></Point><Point><position>5571</position><in_Quantity.quantity>0.000000</in_Quantity.quantity><out_Quantity.quantity>185.935098</out_Quantity.quantity></Point><Point><position>5572</position><in_Quantity.quantity>0.000000</in_Quantity.quantity><out_Quantity.quantity>699.307002</out_Quantity.quantity></Point><Point><position>5573</position><in_Quantity.quantity>0.000000</in_Quantity.quantity><out_Quantity.quantity>668.754385</out_Quantity.quantity></Point><Point><position>5574</position><in_Quantity.quantity>0.000000</in_Quantity.quantity><out_Quantity.quantity>782.647032</out_Quantity.quantity></Point><Point><position>5575</position><in_Quantity.quantity>0.000000</in_Quantity.quantity><out_Quantity.quantity>343.737167</out_Quantity.quantity></Point><Point><position>5576</position><in_Quantity.quantity>0.000000</in_Quantity.quantity><out_Quantity.quantity>727.811821</out_Quantity.quantity></Point><Point><position>5577</position><in_Quantity.quantity>0.000000</in_Quantity.quantity><out_Quantity.quantity>492.889753</out_Quantity.quantity></Point><Point><position>5578</position><in_Quantity.quantity>0.000000</in_Quantity.quantity><out_Quantity.quantity>379.617171</out_Quantity.quantity></Point><Point><position>5579</position><in_Quantity.quantity>0.000000</in_Quantity.quantity><out_Quantity.quantity>760.511374</out_Quantity.quantity></Point><Point><position>5580</position><in_Quantity.quantity>0.000000</in_Quantity.quantity><out_Quantity.quantity>456.323748</out_Quantity.quantity></Point><Point><position>5581</position><in_Quantity.quantity>0.000000</in_Quantity.quantity><out_Quantity.quantity>123.185919</out_Quantity.quantity></Point><Point><position>5582</position><in_Quantity.quantity>0.000000</in_Quantity.quantity><out_Quantity.quantity>718.871430</out_Quantity.quantity></Point><Point><position>5583</position><in_Quantity.quantity>0.000000</in_Quantity.quantity><out_Quantity.quantity>542.475621</out_Quantity.quantity></Point><Point><position>5584</position><in_Quantity.quantity>0.000000</in_Quantity.quantity><out_Quantity.quantity>397.757192</out_Quantity.quantity></Point><Point><position>5585</position><in_Quantity.quantity>0.000000</in_Quantity.quantity><out_Quantity.quantity>906.206851</out_Quantity.quantity></Point><Point><position>5586</position><in_Quantity.quantity>0.000000</in_Quantity.quantity><out_Quantity.quantity>680.406352</out_Quantity.quantity></Point><Point><position>5587</position><in_Quantity.quantity>0.000000</in_Quantity.quantity><out_Quantity.quantity>814.326306</out_Quantity.quantity></Point><Point><position>5588</position><in_Quantity.quantity>0.000000</in_Quantity.quantity><out_Quantity.quantity>770.340162</out_Quantity.quantity></Point><Point><position>5589</position><in_Quantity.quantity>0.000000</in_Quantity.quantity><out_Quantity.quantity>776.668754</out_Quantity.quantity></Point><Point><position>5590</position><in_Quantity.quantity>0.000000</in_Quantity.quantity><out_Quantity.quantity>652.806517</out_Quantity.quantity></Point><Point><position>5591</position><in_Quantity.quantity>0.000000</in_Quantity.quantity><out_Quantity.quantity>384.232668</out_Quantity.quantity></Point><Point><position>5592</position><in_Quantity.quantity>0.000000</in_Quantity.quantity><out_Quantity.quantity>953.778490</out_Quantity.quantity></Point><Point><position>5593</position><in_Quantity.quantity>0.000000</in_Quantity.quantity><out_Quantity.quantity>459.073571</out_Quantity.quantity></Point><Point><position>5594</position><in_Quantity.quantity>0.000000</in_Quantity.quantity><out_Quantity.quantity>893.273189</out_Quantity.quantity></Point><Point><position>5595</position><in_Quantity.quantity>0.000000</in_Quantity.quantity><out_Quantity.quantity>433.418432</out_Quantity.quantity></Point><Point><position>5596</position><in_Quantity.quantity>0.000000</in_Quantity.quantity><out_Quantity.quantity>807.434670</out_Quantity.quantity></Point><Point><position>5597</position><in_Quantity.quantity>0.000000</in_Quantity.quantity><out_Quantity.quantity>120.774626</out_Quantity.quantity></Point><Point><position>5598</position><in_Quantity.quantity>0.000000</in_Quantity.quantity><out_Quantity.quantity>890.125107</out_Quantity.quantity></Point><Point><position>5599</position><in_Quantity.quantity>0.000000</in_Quantity.quantity><out_Quantity.quantity>308.474056</out_Quantity.quantity></Point><Point><position>5600</position><in_Quantity.quantity>0.000000</in_Quantity.quantity><out_Quantity.quantity>3.809272</out_Quantity.quantity></Point><Point><position>5601</position><in_Quantity.quantity>0.000000</in_Quantity.quantity><out_Quantity.quantity>157.751151</out_Quantity.quantity></Point><Point><position>5602</position><in_Quantity.quantity>0.000000</in_Quantity.quantity><out_Quantity.quantity>959.349052</out_Quantity.quantity></Point><Point><position>5603</position><in_Quantity.quantity>0.000000</in_Quantity.quantity><out_Quantity.quantity>784.487463</out_Quantity.quantity></Point><Point><position>5604</position><in_Quantity.quantity>0.000000</in_Quantity.quantity><out_Quantity.quantity>398.803641</out_Quantity.quantity></Point><Point><position>5605</position><in_Quantity.quantity>0.000000</in_Quantity.quantity><out_Quantity.quantity>948.876725</out_Quantity.quantity></Point><Point><position>5606</position><in_Quantity.quantity>0.000000</in_Quantity.quantity><out_Quantity.quantity>876.665524</out_Quantity.quantity></Point><Point><position>5607</position><in_Quantity.quantity>0.000000</in_Quantity.quantity><out_Quantity.quantity>773.249265</out_Quantity.quantity></Point><Point><position>5608</position><in_Quantity.quantity>0.000000</in_Quantity.quantity><out_Quantity.quantity>630.686872</out_Quantity.quantity></Point><Point><position>5609</position><in_Quantity.quantity>0.000000</in_Quantity.quantity><out_Quantity.quantity>858.167814</out_Quantity.quantity></Point><Point><position>5610</position><in_Quantity.quantity>0.000000</in_Quantity.quantity><out_Quantity.quantity>767.749731</out_Quantity.quantity></Point><Point><position>5611</position><in_Quantity.quantity>0.000000</in_Quantity.quantity><out_Quantity.quantity>665.063333</out_Quantity.quantity></Point><Point><position>5612</position><in_Quantity.quantity>0.000000</in_Quantity.quantity><out_Quantity.quantity>622.199251</out_Quantity.quantity></Point><Point><position>5613</position><in_Quantity.quantity>0.000000</in_Quantity.quantity><out_Quantity.quantity>795.169043</out_Quantity.quantity></Point><Point><position>5614</position><in_Quantity.quantity>0.000000</in_Quantity.quantity><out_Quantity.quantity>935.048393</out_Quantity.quantity></Point><Point><position>5615</position><in_Quantity.quantity>0.000000</in_Quantity.quantity><out_Quantity.quantity>462.621378</out_Quantity.quantity></Point><Point><position>5616</position><in_Quantity.quantity>0.000000</in_Quantity.quantity><out_Quantity.quantity>796.336342</out_Quantity.quantity></Point><Point><position>5617</position><in_Quantity.quantity>0.000000</in_Quantity.quantity><out_Quantity.quantity>802.367904</out_Quantity.quantity></Point><Point><position>5618</position><in_Quantity.quantity>0.000000</in_Quantity.quantity><out_Quantity.quantity>742.264333</out_Quantity.quantity></Point><Point><position>5619</position><in_Quantity.quantity>0.000000</in_Quantity.quantity><out_Quantity.quantity>913.625314</out_Quantity.quantity></Point><Point><position>5620</position><in_Quantity.quantity>0.000000</in_Quantity.quantity><out_Quantity.quantity>381.295320</out_Quantity.quantity></Point><Point><position>5621</position><in_Quantity.quantity>0.000000</in_Quantity.quantity><out_Quantity.quantity>615.762191</out_Quantity.quantity></Point><Point><position>5622</position><in_Quantity.quantity>0.000000</in_Quantity.quantity><out_Quantity.quantity>192.157802</out_Quantity.quantity></Point><Point><position>5623</position><in_Quantity.quantity>0.000000</in_Quantity.quantity><out_Quantity.quantity>244.263544</out_Quantity.quantity></Point><Point><position>5624</position><in_Quantity.quantity>0.000000</in_Quantity.quantity><out_Quantity.quantity>805.199949</out_Quantity.quantity></Point><Point><position>5625</position><in_Quantity.quantity>0.000000</in_Quantity.quantity><out_Quantity.quantity>867.377931</out_Quantity.quantity></Point><Point><position>5626</position><in_Quantity.quantity>0.000000</in_Quantity.quantity><out_Quantity.quantity>200.992650</out_Quantity.quantity></Point><Point><position>5627</position><in_Quantity.quantity>0.000000</in_Quantity.quantity><out_Quantity.quantity>228.701900</out_Quantity.quantity></Point><Point><position>5628</position><in_Quantity.quantity>0.000000</in_Quantity.quantity><out_Quantity.quantity>19.620731</out_Quantity.quantity></Point><Point><position>5629</position><in_Quantity.quantity>0.000000</in_Quantity.quantity><out_Quantity.quantity>472.312128</out_Quantity.quantity></Point><Point><position>5630</position><in_Quantity.quantity>0.000000</in_Quantity.quantity><out_Quantity.quantity>155.173167</out_Quantity.quantity></Point><Point><position>5631</position><in_Quantity.quantity>0.000000</in_Quantity.quantity><out_Quantity.quantity>964.768466</out_Quantity.quantity></Point><Point><position>5632</position><in_Quantity.quantity>0.000000</in_Quantity.quantity><out_Quantity.quantity>951.957533</out_Quantity.quantity></Point><Point><position>5633</position><in_Quantity.quantity>0.000000</in_Quantity.quantity><out_Quantity.quantity>157.103684</out_Quantity.quantity></Point><Point><position>5634</position><in_Quantity.quantity>0.000000</in_Quantity.quantity><out_Quantity.quantity>624.257267</out_Quantity.quantity></Point><Point><position>5635</position><in_Quantity.quantity>0.000000</in_Quantity.quantity><out_Quantity.quantity>616.541742</out_Quantity.quantity></Point><Point><position>5636</position><in_Quantity.quantity>0.000000</in_Quantity.quantity><out_Quantity.quantity>745.976395</out_Quantity.quantity></Point><Point><position>5637</position><in_Quantity.quantity>0.000000</in_Quantity.quantity><out_Quantity.quantity>897.257893</out_Quantity.quantity></Point><Point><position>5638</position><in_Quantity.quantity>0.000000</in_Quantity.quantity><out_Quantity.quantity>445.656831</out_Quantity.quantity></Point><Point><position>5639</position><in_Quantity.quantity>0.000000</in_Quantity.quantity><out_Quantity.quantity>764.340612</out_Quantity.quantity></Point><Point><position>5640</position><in_Quantity.quantity>0.000000</in_Quantity.quantity><out_Quantity.quantity>851.406209</out_Quantity.quantity></Point><Point><position>5641</position><in_Quantity.quantity>0.000000</in_Quantity.quantity><out_Quantity.quantity>542.046867</out_Quantity.quantity></Point><Point><position>5642</position><in_Quantity.quantity>0.000000</in_Quantity.quantity><out_Quantity.quantity>792.148631</out_Quantity.quantity></Point><Point><position>5643</position><in_Quantity.quantity>0.000000</in_Quantity.quantity><out_Quantity.quantity>885.724952</out_Quantity.quantity></Point><Point><position>5644</position><in_Quantity.quantity>0.000000</in_Quantity.quantity><out_Quantity.quantity>465.817716</out_Quantity.quantity></Point><Point><position>5645</position><in_Quantity.quantity>0.000000</in_Quantity.quantity><out_Quantity.quantity>53.109165</out_Quantity.quantity></Point><Point><position>5646</position><in_Quantity.quantity>0.000000</in_Quantity.quantity><out_Quantity.quantity>123.375575</out_Quantity.quantity></Point><Point><position>5647</position><in_Quantity.quantity>0.000000</in_Quantity.quantity><out_Quantity.quantity>797.664848</out_Quantity.quantity></Point><Point><position>5648</position><in_Quantity.quantity>0.000000</in_Quantity.quantity><out_Quantity.quantity>15.256956</out_Quantity.quantity></Point><Point><position>5649</position><in_Quantity.quantity>0.000000</in_Quantity.quantity><out_Quantity.quantity>343.773178</out_Quantity.quantity></Point><Point><position>5650</position><in_Quantity.quantity>0.000000</in_Quantity.quantity><out_Quantity.quantity>901.359551</out_Quantity.quantity></Point><Point><position>5651</position><in_Quantity.quantity>0.000000</in_Quantity.quantity><out_Quantity.quantity>252.436911</out_Quantity.quantity></Point><Point><position>5652</position><in_Quantity.quantity>0.000000</in_Quantity.quantity><out_Quantity.quantity>673.652808</out_Quantity.quantity></Point><Point><position>5653</position><in_Quantity.quantity>0.000000</in_Quantity.quantity><out_Quantity.quantity>12.523950</out_Quantity.quantity></Point><Point><position>5654</position><in_Quantity.quantity>0.000000</in_Quantity.quantity><out_Quantity.quantity>730.447994</out_Quantity.quantity></Point><Point><position>5655</position><in_Quantity.quantity>0.000000</in_Quantity.quantity><out_Quantity.quantity>132.569318</out_Quantity.quantity></Point><Point><position>5656</position><in_Quantity.quantity>0.000000</in_Quantity.quantity><out_Quantity.quantity>26.060743</out_Quantity.quantity></Point><Point><position>5657</position><in_Quantity.quantity>0.000000</in_Quantity.quantity><out_Quantity.quantity>874.005114</out_Quantity.quantity></Point><Point><position>5658</position><in_Quantity.quantity>0.000000</in_Quantity.quantity><out_Quantity.quantity>53.890633</out_Quantity.quantity></Point><Point><position>5659</position><in_Quantity.quantity>0.000000</in_Quantity.quantity><out_Quantity.quantity>472.425432</out_Quantity.quantity></Point><Point><position>5660</position><in_Quantity.quantity>0.000000</in_Quantity.quantity><out_Quantity.quantity>521.815956</out_Quantity.quantity></Point><Point><position>5661</position><in_Quantity.quantity>0.000000</in_Quantity.quantity><out_Quantity.quantity>428.460121</out_Quantity.quantity></Point><Point><position>5662</position><in_Quantity.quantity>0.000000</in_Quantity.quantity><out_Quantity.quantity>395.341522</out_Quantity.quantity></Point><Point><position>5663</position><in_Quantity.quantity>0.000000</in_Quantity.quantity><out_Quantity.quantity>537.613138</out_Quantity.quantity></Point><Point><position>5664</position><in_Quantity.quantity>0.000000</in_Quantity.quantity><out_Quantity.quantity>158.540807</out_Quantity.quantity></Point><Point><position>5665</position><in_Quantity.quantity>0.000000</in_Quantity.quantity><out_Quantity.quantity>477.772793</out_Quantity.quantity></Point><Point><position>5666</position><in_Quantity.quantity>0.000000</in_Quantity.quantity><out_Quantity.quantity>809.798471</out_Quantity.quantity></Point><Point><position>5667</position><in_Quantity.quantity>0.000000</in_Quantity.quantity><out_Quantity.quantity>137.755580</out_Quantity.quantity></Point><Point><position>5668</position><in_Quantity.quantity>0.000000</in_Quantity.quantity><out_Quantity.quantity>631.678973</out_Quantity.quantity></Point><Point><position>5669</position><in_Quantity.quantity>0.000000</in_Quantity.quantity><out_Quantity.quantity>450.525346</out_Quantity.quantity></Point><Point><position>5670</position><in_Quantity.quantity>0.000000</in_Quantity.quantity><out_Quantity.quantity>315.436629</out_Quantity.quantity></Point><Point><position>5671</position><in_Quantity.quantity>0.000000</in_Quantity.quantity><out_Quantity.quantity>771.858174</out_Quantity.quantity></Point><Point><position>5672</position><in_Quantity.quantity>0.000000</in_Quantity.quantity><out_Quantity.quantity>19.126197</out_Quantity.quantity></Point><Point><position>5673</position><in_Quantity.quantity>0.000000</in_Quantity.quantity><out_Quantity.quantity>204.896264</out_Quantity.quantity></Point><Point><position>5674</position><in_Quantity.quantity>0.000000</in_Quantity.quantity><out_Quantity.quantity>289.468908</out_Quantity.quantity></Point><Point><position>5675</position><in_Quantity.quantity>0.000000</in_Quantity.quantity><out_Quantity.quantity>197.718213</out_Quantity.quantity></Point><Point><position>5676</position><in_Quantity.quantity>0.000000</in_Quantity.quantity><out_Quantity.quantity>449.276912</out_Quantity.quantity></Point><Point><position>5677</position><in_Quantity.quantity>0.000000</in_Quantity.quantity><out_Quantity.quantity>494.247528</out_Quantity.quantity></Point><Point><position>5678</position><in_Quantity.quantity>0.000000</in_Quantity.quantity><out_Quantity.quantity>420.182613</out_Quantity.quantity></Point><Point><position>5679</position><in_Quantity.quantity>0.000000</in_Quantity.quantity><out_Quantity.quantity>477.998397</out_Quantity.quantity></Point><Point><position>5680</position><in_Quantity.quantity>0.000000</in_Quantity.quantity><out_Quantity.quantity>885.430277</out_Quantity.quantity></Point><Point><position>5681</position><in_Quantity.quantity>0.000000</in_Quantity.quantity><out_Quantity.quantity>0.099459</out_Quantity.quantity></Point><Point><position>5682</position><in_Quantity.quantity>0.000000</in_Quantity.quantity><out_Quantity.quantity>995.447766</out_Quantity.quantity></Point><Point><position>5683</position><in_Quantity.quantity>0.000000</in_Quantity.quantity><out_Quantity.quantity>92.939408</out_Quantity.quantity></Point><Point><position>5684</position><in_Quantity.quantity>0.000000</in_Quantity.quantity><out_Quantity.quantity>94.870588</out_Quantity.quantity></Point><Point><position>5685</position><in_Quantity.quantity>0.000000</in_Quantity.quantity><out_Quantity.quantity>983.705964</out_Quantity.quantity></Point><Point><position>5686</position><in_Quantity.quantity>0.000000</in_Quantity.quantity><out_Quantity.quantity>773.847841</out_Quantity.quantity></Point><Point><position>5687</position><in_Quantity.quantity>0.000000</in_Quantity.quantity><out_Quantity.quantity>982.228672</out_Quantity.quantity></Point><Point><position>5688</position><in_Quantity.quantity>0.000000</in_Quantity.quantity><out_Quantity.quantity>433.962601</out_Quantity.quantity></Point><Point><position>5689</position><in_Quantity.quantity>0.000000</in_Quantity.quantity><out_Quantity.quantity>286.773028</out_Quantity.quantity></Point><Point><position>5690</position><in_Quantity.quantity>0.000000</in_Quantity.quantity><out_Quantity.quantity>628.938964</out_Quantity.quantity></Point><Point><position>5691</position><in_Quantity.quantity>0.000000</in_Quantity.quantity><out_Quantity.quantity>672.271076</out_Quantity.quantity></Point><Point><position>5692</position><in_Quantity.quantity>0.000000</in_Quantity.quantity><out_Quantity.quantity>716.438884</out_Quantity.quantity></Point><Point><position>5693</position><in_Quantity.quantity>0.000000</in_Quantity.quantity><out_Quantity.quantity>6.433221</out_Quantity.quantity></Point><Point><position>5694</position><in_Quantity.quantity>0.000000</in_Quantity.quantity><out_Quantity.quantity>662.303653</out_Quantity.quantity></Point><Point><position>5695</position><in_Quantity.quantity>0.000000</in_Quantity.quantity><out_Quantity.quantity>484.682865</out_Quantity.quantity></Point><Point><position>5696</position><in_Quantity.quantity>0.000000</in_Quantity.quantity><out_Quantity.quantity>466.138594</out_Quantity.quantity></Point><Point><position>5697</position><in_Quantity.quantity>0.000000</in_Quantity.quantity><out_Quantity.quantity>585.278802</out_Quantity.quantity></Point><Point><position>5698</position><in_Quantity.quantity>0.000000</in_Quantity.quantity><out_Quantity.quantity>988.135129</out_Quantity.quantity></Point><Point><position>5699</position><in_Quantity.quantity>0.000000</in_Quantity.quantity><out_Quantity.quantity>481.659240</out_Quantity.quantity></Point><Point><position>5700</position><in_Quantity.quantity>0.000000</in_Quantity.quantity><out_Quantity.quantity>292.284038</out_Quantity.quantity></Point><Point><position>5701</position><in_Quantity.quantity>0.000000</in_Quantity.quantity><out_Quantity.quantity>906.655410</out_Quantity.quantity></Point><Point><position>5702</position><in_Quantity.quantity>0.000000</in_Quantity.quantity><out_Quantity.quantity>925.859708</out_Quantity.quantity></Point><Point><position>5703</position><in_Quantity.quantity>0.000000</in_Quantity.quantity><out_Quantity.quantity>597.921034</out_Quantity.quantity></Point><Point><position>5704</position><in_Quantity.quantity>0.000000</in_Quantity.quantity><out_Quantity.quantity>704.447694</out_Quantity.quantity></Point><Point><position>5705</position><in_Quantity.quantity>0.000000</in_Quantity.quantity><out_Quantity.quantity>197.600589</out_Quantity.quantity></Point><Point><position>5706</position><in_Quantity.quantity>0.000000</in_Quantity.quantity><out_Quantity.quantity>233.274919</out_Quantity.quantity></Point><Point><position>5707</position><in_Quantity.quantity>0.000000</in_Quantity.quantity><out_Quantity.quantity>501.188582</out_Quantity.quantity></Point><Point><position>5708</position><in_Quantity.quantity>0.000000</in_Quantity.quantity><out_Quantity.quantity>757.067072</out_Quantity.quantity></Point><Point><position>5709</position><in_Quantity.quantity>0.000000</in_Quantity.quantity><out_Quantity.quantity>255.815072</out_Quantity.quantity></Point><Point><position>5710</position><in_Quantity.quantity>0.000000</in_Quantity.quantity><out_Quantity.quantity>992.441505</out_Quantity.quantity></Point><Point><position>5711</position><in_Quantity.quantity>0.000000</in_Quantity.quantity><out_Quantity.quantity>904.874237</out_Quantity.quantity></Point><Point><position>5712</position><in_Quantity.quantity>0.000000</in_Quantity.quantity><out_Quantity.quantity>609.560738</out_Quantity.quantity></Point><Point><position>5713</position><in_Quantity.quantity>0.000000</in_Quantity.quantity><out_Quantity.quantity>177.407511</out_Quantity.quantity></Point><Point><position>5714</position><in_Quantity.quantity>0.000000</in_Quantity.quantity><out_Quantity.quantity>312.412348</out_Quantity.quantity></Point><Point><position>5715</position><in_Quantity.quantity>0.000000</in_Quantity.quantity><out_Quantity.quantity>593.747501</out_Quantity.quantity></Point><Point><position>5716</position><in_Quantity.quantity>0.000000</in_Quantity.quantity><out_Quantity.quantity>558.227067</out_Quantity.quantity></Point><Point><position>5717</position><in_Quantity.quantity>0.000000</in_Quantity.quantity><out_Quantity.quantity>509.323482</out_Quantity.quantity></Point><Point><position>5718</position><in_Quantity.quantity>0.000000</in_Quantity.quantity><out_Quantity.quantity>901.104811</out_Quantity.quantity></Point><Point><position>5719</position><in_Quantity.quantity>0.000000</in_Quantity.quantity><out_Quantity.quantity>718.942977</out_Quantity.quantity></Point><Point><position>5720</position><in_Quantity.quantity>0.000000</in_Quantity.quantity><out_Quantity.quantity>223.171783</out_Quantity.quantity></Point><Point><position>5721</position><in_Quantity.quantity>0.000000</in_Quantity.quantity><out_Quantity.quantity>865.325638</out_Quantity.quantity></Point><Point><position>5722</position><in_Quantity.quantity>0.000000</in_Quantity.quantity><out_Quantity.quantity>386.216512</out_Quantity.quantity></Point><Point><position>5723</position><in_Quantity.quantity>0.000000</in_Quantity.quantity><out_Quantity.quantity>447.060746</out_Quantity.quantity></Point><Point><position>5724</position><in_Quantity.quantity>0.000000</in_Quantity.quantity><out_Quantity.quantity>257.066388</out_Quantity.quantity></Point><Point><position>5725</position><in_Quantity.quantity>0.000000</in_Quantity.quantity><out_Quantity.quantity>927.917278</out_Quantity.quantity></Point><Point><position>5726</position><in_Quantity.quantity>0.000000</in_Quantity.quantity><out_Quantity.quantity>73.822761</out_Quantity.quantity></Point><Point><position>5727</position><in_Quantity.quantity>0.000000</in_Quantity.quantity><out_Quantity.quantity>201.820863</out_Quantity.quantity></Point><Point><position>5728</position><in_Quantity.quantity>0.000000</in_Quantity.quantity><out_Quantity.quantity>152.117748</out_Quantity.quantity></Point><Point><position>5729</position><in_Quantity.quantity>0.000000</in_Quantity.quantity><out_Quantity.quantity>692.314395</out_Quantity.quantity></Point><Point><position>5730</position><in_Quantity.quantity>0.000000</in_Quantity.quantity><out_Quantity.quantity>81.596350</out_Quantity.quantity></Point><Point><position>5731</position><in_Quantity.quantity>0.000000</in_Quantity.quantity><out_Quantity.quantity>34.909343</out_Quantity.quantity></Point><Point><position>5732</position><in_Quantity.quantity>0.000000</in_Quantity.quantity><out_Quantity.quantity>691.375570</out_Quantity.quantity></Point><Point><position>5733</position><in_Quantity.quantity>0.000000</in_Quantity.quantity><out_Quantity.quantity>469.128504</out_Quantity.quantity></Point><Point><position>5734</position><in_Quantity.quantity>0.000000</in_Quantity.quantity><out_Quantity.quantity>250.941155</out_Quantity.quantity></Point><Point><position>5735</position><in_Quantity.quantity>0.000000</in_Quantity.quantity><out_Quantity.quantity>522.026424</out_Quantity.quantity></Point><Point><position>5736</position><in_Quantity.quantity>0.000000</in_Quantity.quantity><out_Quantity.quantity>696.011882</out_Quantity.quantity></Point><Point><position>5737</position><in_Quantity.quantity>0.000000</in_Quantity.quantity><out_Quantity.quantity>818.955948</out_Quantity.quantity></Point><Point><position>5738</position><in_Quantity.quantity>0.000000</in_Quantity.quantity><out_Quantity.quantity>514.892630</out_Quantity.quantity></Point><Point><position>5739</position><in_Quantity.quantity>0.000000</in_Quantity.quantity><out_Quantity.quantity>113.282132</out_Quantity.quantity></Point><Point><position>5740</position><in_Quantity.quantity>0.000000</in_Quantity.quantity><out_Quantity.quantity>17.565189</out_Quantity.quantity></Point><Point><position>5741</position><in_Quantity.quantity>0.000000</in_Quantity.quantity><out_Quantity.quantity>455.050756</out_Quantity.quantity></Point><Point><position>5742</position><in_Quantity.quantity>0.000000</in_Quantity.quantity><out_Quantity.quantity>762.522101</out_Quantity.quantity></Point><Point><position>5743</position><in_Quantity.quantity>0.000000</in_Quantity.quantity><out_Quantity.quantity>227.248310</out_Quantity.quantity></Point><Point><position>5744</position><in_Quantity.quantity>0.000000</in_Quantity.quantity><out_Quantity.quantity>796.207040</out_Quantity.quantity></Point><Point><position>5745</position><in_Quantity.quantity>0.000000</in_Quantity.quantity><out_Quantity.quantity>163.026993</out_Quantity.quantity></Point><Point><position>5746</position><in_Quantity.quantity>0.000000</in_Quantity.quantity><out_Quantity.quantity>610.180573</out_Quantity.quantity></Point><Point><position>5747</position><in_Quantity.quantity>0.000000</in_Quantity.quantity><out_Quantity.quantity>483.315900</out_Quantity.quantity></Point><Point><position>5748</position><in_Quantity.quantity>0.000000</in_Quantity.quantity><out_Quantity.quantity>491.686465</out_Quantity.quantity></Point><Point><position>5749</position><in_Quantity.quantity>0.000000</in_Quantity.quantity><out_Quantity.quantity>750.761749</out_Quantity.quantity></Point><Point><position>5750</position><in_Quantity.quantity>0.000000</in_Quantity.quantity><out_Quantity.quantity>660.976218</out_Quantity.quantity></Point><Point><position>5751</position><in_Quantity.quantity>0.000000</in_Quantity.quantity><out_Quantity.quantity>636.010656</out_Quantity.quantity></Point><Point><position>5752</position><in_Quantity.quantity>0.000000</in_Quantity.quantity><out_Quantity.quantity>846.991644</out_Quantity.quantity></Point><Point><position>5753</position><in_Quantity.quantity>0.000000</in_Quantity.quantity><out_Quantity.quantity>129.111435</out_Quantity.quantity></Point><Point><position>5754</position><in_Quantity.quantity>0.000000</in_Quantity.quantity><out_Quantity.quantity>53.882058</out_Quantity.quantity></Point><Point><position>5755</position><in_Quantity.quantity>0.000000</in_Quantity.quantity><out_Quantity.quantity>518.642783</out_Quantity.quantity></Point><Point><position>5756</position><in_Quantity.quantity>0.000000</in_Quantity.quantity><out_Quantity.quantity>117.048936</out_Quantity.quantity></Point><Point><position>5757</position><in_Quantity.quantity>0.000000</in_Quantity.quantity><out_Quantity.quantity>395.973363</out_Quantity.quantity></Point><Point><position>5758</position><in_Quantity.quantity>0.000000</in_Quantity.quantity><out_Quantity.quantity>324.575657</out_Quantity.quantity></Point><Point><position>5759</position><in_Quantity.quantity>0.000000</in_Quantity.quantity><out_Quantity.quantity>556.227151</out_Quantity.quantity></Point><Point><position>5760</position><in_Quantity.quantity>0.000000</in_Quantity.quantity><out_Quantity.quantity>47.345945</out_Quantity.quantity></Point><Point><position>5761</position><in_Quantity.quantity>0.000000</in_Quantity.quantity><out_Quantity.quantity>761.254060</out_Quantity.quantity></Point><Point><position>5762</position><in_Quantity.quantity>0.000000</in_Quantity.quantity><out_Quantity.quantity>352.445559</out_Quantity.quantity></Point><Point><position>5763</position><in_Quantity.quantity>0.000000</in_Quantity.quantity><out_Quantity.quantity>836.467525</out_Quantity.quantity></Point><Point><position>5764</position><in_Quantity.quantity>0.000000</in_Quantity.quantity><out_Quantity.quantity>222.326170</out_Quantity.quantity></Point><Point><position>5765</position><in_Quantity.quantity>0.000000</in_Quantity.quantity><out_Quantity.quantity>922.628542</out_Quantity.quantity></Point><Point><position>5766</position><in_Quantity.quantity>0.000000</in_Quantity.quantity><out_Quantity.quantity>808.389695</out_Quantity.quantity></Point><Point><position>5767</position><in_Quantity.quantity>0.000000</in_Quantity.quantity><out_Quantity.quantity>478.316479</out_Quantity.quantity></Point><Point><position>5768</position><in_Quantity.quantity>0.000000</in_Quantity.quantity><out_Quantity.quantity>581.028769</out_Quantity.quantity></Point><Point><position>5769</position><in_Quantity.quantity>0.000000</in_Quantity.quantity><out_Quantity.quantity>293.697105</out_Quantity.quantity></Point><Point><position>5770</position><in_Quantity.quantity>0.000000</in_Quantity.quantity><out_Quantity.quantity>978.634319</out_Quantity.quantity></Point><Point><position>5771</position><in_Quantity.quantity>0.000000</in_Quantity.quantity><out_Quantity.quantity>967.810280</out_Quantity.quantity></Point><Point><position>5772</position><in_Quantity.quantity>0.000000</in_Quantity.quantity><out_Quantity.quantity>37.782896</out_Quantity.quantity></Point><Point><position>5773</position><in_Quantity.quantity>0.000000</in_Quantity.quantity><out_Quantity.quantity>947.687885</out_Quantity.quantity></Point><Point><position>5774</position><in_Quantity.quantity>0.000000</in_Quantity.quantity><out_Quantity.quantity>38.321670</out_Quantity.quantity></Point><Point><position>5775</position><in_Quantity.quantity>0.000000</in_Quantity.quantity><out_Quantity.quantity>845.361114</out_Quantity.quantity></Point><Point><position>5776</position><in_Quantity.quantity>0.000000</in_Quantity.quantity><out_Quantity.quantity>11.012937</out_Quantity.quantity></Point><Point><position>5777</position><in_Quantity.quantity>0.000000</in_Quantity.quantity><out_Quantity.quantity>547.619175</out_Quantity.quantity></Point><Point><position>5778</position><in_Quantity.quantity>0.000000</in_Quantity.quantity><out_Quantity.quantity>932.361250</out_Quantity.quantity></Point><Point><position>5779</position><in_Quantity.quantity>0.000000</in_Quantity.quantity><out_Quantity.quantity>905.714040</out_Quantity.quantity></Point><Point><position>5780</position><in_Quantity.quantity>0.000000</in_Quantity.quantity><out_Quantity.quantity>362.500561</out_Quantity.quantity></Point><Point><position>5781</position><in_Quantity.quantity>0.000000</in_Quantity.quantity><out_Quantity.quantity>581.437632</out_Quantity.quantity></Point><Point><position>5782</position><in_Quantity.quantity>0.000000</in_Quantity.quantity><out_Quantity.quantity>522.647811</out_Quantity.quantity></Point><Point><position>5783</position><in_Quantity.quantity>0.000000</in_Quantity.quantity><out_Quantity.quantity>895.479596</out_Quantity.quantity></Point><Point><position>5784</position><in_Quantity.quantity>0.000000</in_Quantity.quantity><out_Quantity.quantity>961.161906</out_Quantity.quantity></Point><Point><position>5785</position><in_Quantity.quantity>0.000000</in_Quantity.quantity><out_Quantity.quantity>914.653811</out_Quantity.quantity></Point><Point><position>5786</position><in_Quantity.quantity>0.000000</in_Quantity.quantity><out_Quantity.quantity>837.464900</out_Quantity.quantity></Point><Point><position>5787</position><in_Quantity.quantity>0.000000</in_Quantity.quantity><out_Quantity.quantity>439.885467</out_Quantity.quantity></Point><Point><position>5788</position><in_Quantity.quantity>0.000000</in_Quantity.quantity><out_Quantity.quantity>558.795703</out_Quantity.quantity></Point><Point><position>5789</position><in_Quantity.quantity>0.000000</in_Quantity.quantity><out_Quantity.quantity>208.129337</out_Quantity.quantity></Point><Point><position>5790</position><in_Quantity.quantity>0.000000</in_Quantity.quantity><out_Quantity.quantity>600.211140</out_Quantity.quantity></Point><Point><position>5791</position><in_Quantity.quantity>0.000000</in_Quantity.quantity><out_Quantity.quantity>372.028089</out_Quantity.quantity></Point><Point><position>5792</position><in_Quantity.quantity>0.000000</in_Quantity.quantity><out_Quantity.quantity>338.172231</out_Quantity.quantity></Point><Point><position>5793</position><in_Quantity.quantity>0.000000</in_Quantity.quantity><out_Quantity.quantity>245.344381</out_Quantity.quantity></Point><Point><position>5794</position><in_Quantity.quantity>0.000000</in_Quantity.quantity><out_Quantity.quantity>822.827413</out_Quantity.quantity></Point><Point><position>5795</position><in_Quantity.quantity>0.000000</in_Quantity.quantity><out_Quantity.quantity>731.027040</out_Quantity.quantity></Point><Point><position>5796</position><in_Quantity.quantity>0.000000</in_Quantity.quantity><out_Quantity.quantity>908.136437</out_Quantity.quantity></Point><Point><position>5797</position><in_Quantity.quantity>0.000000</in_Quantity.quantity><out_Quantity.quantity>96.727316</out_Quantity.quantity></Point><Point><position>5798</position><in_Quantity.quantity>0.000000</in_Quantity.quantity><out_Quantity.quantity>486.468720</out_Quantity.quantity></Point><Point><position>5799</position><in_Quantity.quantity>0.000000</in_Quantity.quantity><out_Quantity.quantity>350.070874</out_Quantity.quantity></Point><Point><position>5800</position><in_Quantity.quantity>0.000000</in_Quantity.quantity><out_Quantity.quantity>823.345437</out_Quantity.quantity></Point><Point><position>5801</position><in_Quantity.quantity>0.000000</in_Quantity.quantity><out_Quantity.quantity>762.607242</out_Quantity.quantity></Point><Point><position>5802</position><in_Quantity.quantity>0.000000</in_Quantity.quantity><out_Quantity.quantity>551.325381</out_Quantity.quantity></Point><Point><position>5803</position><in_Quantity.quantity>0.000000</in_Quantity.quantity><out_Quantity.quantity>674.103965</out_Quantity.quantity></Point><Point><position>5804</position><in_Quantity.quantity>0.000000</in_Quantity.quantity><out_Quantity.quantity>110.780657</out_Quantity.quantity></Point><Point><position>5805</position><in_Quantity.quantity>0.000000</in_Quantity.quantity><out_Quantity.quantity>971.004332</out_Quantity.quantity></Point><Point><position>5806</position><in_Quantity.quantity>0.000000</in_Quantity.quantity><out_Quantity.quantity>410.610615</out_Quantity.quantity></Point><Point><position>5807</position><in_Quantity.quantity>0.000000</in_Quantity.quantity><out_Quantity.quantity>389.933456</out_Quantity.quantity></Point><Point><position>5808</position><in_Quantity.quantity>0.000000</in_Quantity.quantity><out_Quantity.quantity>148.767825</out_Quantity.quantity></Point><Point><position>5809</position><in_Quantity.quantity>0.000000</in_Quantity.quantity><out_Quantity.quantity>23.751418</out_Quantity.quantity></Point><Point><position>5810</position><in_Quantity.quantity>0.000000</in_Quantity.quantity><out_Quantity.quantity>968.750641</out_Quantity.quantity></Point><Point><position>5811</position><in_Quantity.quantity>0.000000</in_Quantity.quantity><out_Quantity.quantity>720.477783</out_Quantity.quantity></Point><Point><position>5812</position><in_Quantity.quantity>0.000000</in_Quantity.quantity><out_Quantity.quantity>101.218538</out_Quantity.quantity></Point><Point><position>5813</position><in_Quantity.quantity>0.000000</in_Quantity.quantity><out_Quantity.quantity>849.726424</out_Quantity.quantity></Point><Point><position>5814</position><in_Quantity.quantity>0.000000</in_Quantity.quantity><out_Quantity.quantity>306.600091</out_Quantity.quantity></Point><Point><position>5815</position><in_Quantity.quantity>0.000000</in_Quantity.quantity><out_Quantity.quantity>309.049120</out_Quantity.quantity></Point><Point><position>5816</position><in_Quantity.quantity>0.000000</in_Quantity.quantity><out_Quantity.quantity>221.538411</out_Quantity.quantity></Point><Point><position>5817</position><in_Quantity.quantity>0.000000</in_Quantity.quantity><out_Quantity.quantity>883.590142</out_Quantity.quantity></Point><Point><position>5818</position><in_Quantity.quantity>0.000000</in_Quantity.quantity><out_Quantity.quantity>454.288280</out_Quantity.quantity></Point><Point><position>5819</position><in_Quantity.quantity>0.000000</in_Quantity.quantity><out_Quantity.quantity>48.114573</out_Quantity.quantity></Point><Point><position>5820</position><in_Quantity.quantity>0.000000</in_Quantity.quantity><out_Quantity.quantity>984.449128</out_Quantity.quantity></Point><Point><position>5821</position><in_Quantity.quantity>0.000000</in_Quantity.quantity><out_Quantity.quantity>646.949832</out_Quantity.quantity></Point><Point><position>5822</position><in_Quantity.quantity>0.000000</in_Quantity.quantity><out_Quantity.quantity>830.966281</out_Quantity.quantity></Point><Point><position>5823</position><in_Quantity.quantity>0.000000</in_Quantity.quantity><out_Quantity.quantity>467.368996</out_Quantity.quantity></Point><Point><position>5824</position><in_Quantity.quantity>0.000000</in_Quantity.quantity><out_Quantity.quantity>706.384100</out_Quantity.quantity></Point><Point><position>5825</position><in_Quantity.quantity>0.000000</in_Quantity.quantity><out_Quantity.quantity>8.756247</out_Quantity.quantity></Point><Point><position>5826</position><in_Quantity.quantity>0.000000</in_Quantity.quantity><out_Quantity.quantity>138.286102</out_Quantity.quantity></Point><Point><position>5827</position><in_Quantity.quantity>0.000000</in_Quantity.quantity><out_Quantity.quantity>455.310498</out_Quantity.quantity></Point><Point><position>5828</position><in_Quantity.quantity>0.000000</in_Quantity.quantity><out_Quantity.quantity>564.216066</out_Quantity.quantity></Point><Point><position>5829</position><in_Quantity.quantity>0.000000</in_Quantity.quantity><out_Quantity.quantity>883.402134</out_Quantity.quantity></Point><Point><position>5830</position><in_Quantity.quantity>0.000000</in_Quantity.quantity><out_Quantity.quantity>271.255836</out_Quantity.quantity></Point><Point><position>5831</position><in_Quantity.quantity>0.000000</in_Quantity.quantity><out_Quantity.quantity>495.191341</out_Quantity.quantity></Point><Point><position>5832</position><in_Quantity.quantity>0.000000</in_Quantity.quantity><out_Quantity.quantity>205.204717</out_Quantity.quantity></Point><Point><position>5833</position><in_Quantity.quantity>0.000000</in_Quantity.quantity><out_Quantity.quantity>771.094288</out_Quantity.quantity></Point><Point><position>5834</position><in_Quantity.quantity>0.000000</in_Quantity.quantity><out_Quantity.quantity>115.379452</out_Quantity.quantity></Point><Point><position>5835</position><in_Quantity.quantity>0.000000</in_Quantity.quantity><out_Quantity.quantity>675.540573</out_Quantity.quantity></Point><Point><position>5836</position><in_Quantity.quantity>0.000000</in_Quantity.quantity><out_Quantity.quantity>183.659058</out_Quantity.quantity></Point><Point><position>5837</position><in_Quantity.quantity>0.000000</in_Quantity.quantity><out_Quantity.quantity>453.849997</out_Quantity.quantity></Point><Point><position>5838</position><in_Quantity.quantity>0.000000</in_Quantity.quantity><out_Quantity.quantity>146.764479</out_Quantity.quantity></Point><Point><position>5839</position><in_Quantity.quantity>0.000000</in_Quantity.quantity><out_Quantity.quantity>998.210968</out_Quantity.quantity></Point><Point><position>5840</position><in_Quantity.quantity>0.000000</in_Quantity.quantity><out_Quantity.quantity>737.058224</out_Quantity.quantity></Point><Point><position>5841</position><in_Quantity.quantity>0.000000</in_Quantity.quantity><out_Quantity.quantity>787.160928</out_Quantity.quantity></Point><Point><position>5842</position><in_Quantity.quantity>0.000000</in_Quantity.quantity><out_Quantity.quantity>866.847682</out_Quantity.quantity></Point><Point><position>5843</position><in_Quantity.quantity>0.000000</in_Quantity.quantity><out_Quantity.quantity>314.887872</out_Quantity.quantity></Point><Point><position>5844</position><in_Quantity.quantity>0.000000</in_Quantity.quantity><out_Quantity.quantity>41.961553</out_Quantity.quantity></Point><Point><position>5845</position><in_Quantity.quantity>0.000000</in_Quantity.quantity><out_Quantity.quantity>455.343041</out_Quantity.quantity></Point><Point><position>5846</position><in_Quantity.quantity>0.000000</in_Quantity.quantity><out_Quantity.quantity>646.856499</out_Quantity.quantity></Point><Point><position>5847</position><in_Quantity.quantity>0.000000</in_Quantity.quantity><out_Quantity.quantity>206.561611</out_Quantity.quantity></Point><Point><position>5848</position><in_Quantity.quantity>0.000000</in_Quantity.quantity><out_Quantity.quantity>447.039209</out_Quantity.quantity></Point><Point><position>5849</position><in_Quantity.quantity>0.000000</in_Quantity.quantity><out_Quantity.quantity>442.297778</out_Quantity.quantity></Point><Point><position>5850</position><in_Quantity.quantity>0.000000</in_Quantity.quantity><out_Quantity.quantity>500.091901</out_Quantity.quantity></Point><Point><position>5851</position><in_Quantity.quantity>0.000000</in_Quantity.quantity><out_Quantity.quantity>19.442298</out_Quantity.quantity></Point><Point><position>5852</position><in_Quantity.quantity>0.000000</in_Quantity.quantity><out_Quantity.quantity>615.494459</out_Quantity.quantity></Point><Point><position>5853</position><in_Quantity.quantity>0.000000</in_Quantity.quantity><out_Quantity.quantity>965.338329</out_Quantity.quantity></Point><Point><position>5854</position><in_Quantity.quantity>0.000000</in_Quantity.quantity><out_Quantity.quantity>610.037599</out_Quantity.quantity></Point><Point><position>5855</position><in_Quantity.quantity>0.000000</in_Quantity.quantity><out_Quantity.quantity>607.785192</out_Quantity.quantity></Point><Point><position>5856</position><in_Quantity.quantity>0.000000</in_Quantity.quantity><out_Quantity.quantity>249.182497</out_Quantity.quantity></Point><Point><position>5857</position><in_Quantity.quantity>0.000000</in_Quantity.quantity><out_Quantity.quantity>992.780296</out_Quantity.quantity></Point><Point><position>5858</position><in_Quantity.quantity>0.000000</in_Quantity.quantity><out_Quantity.quantity>337.307597</out_Quantity.quantity></Point><Point><position>5859</position><in_Quantity.quantity>0.000000</in_Quantity.quantity><out_Quantity.quantity>719.037289</out_Quantity.quantity></Point><Point><position>5860</position><in_Quantity.quantity>0.000000</in_Quantity.quantity><out_Quantity.quantity>694.956058</out_Quantity.quantity></Point><Point><position>5861</position><in_Quantity.quantity>0.000000</in_Quantity.quantity><out_Quantity.quantity>751.629030</out_Quantity.quantity></Point><Point><position>5862</position><in_Quantity.quantity>0.000000</in_Quantity.quantity><out_Quantity.quantity>404.687689</out_Quantity.quantity></Point><Point><position>5863</position><in_Quantity.quantity>0.000000</in_Quantity.quantity><out_Quantity.quantity>981.335743</out_Quantity.quantity></Point><Point><position>5864</position><in_Quantity.quantity>0.000000</in_Quantity.quantity><out_Quantity.quantity>390.796468</out_Quantity.quantity></Point><Point><position>5865</position><in_Quantity.quantity>0.000000</in_Quantity.quantity><out_Quantity.quantity>528.678356</out_Quantity.quantity></Point><Point><position>5866</position><in_Quantity.quantity>0.000000</in_Quantity.quantity><out_Quantity.quantity>415.446815</out_Quantity.quantity></Point><Point><position>5867</position><in_Quantity.quantity>0.000000</in_Quantity.quantity><out_Quantity.quantity>824.463505</out_Quantity.quantity></Point><Point><position>5868</position><in_Quantity.quantity>0.000000</in_Quantity.quantity><out_Quantity.quantity>85.467490</out_Quantity.quantity></Point><Point><position>5869</position><in_Quantity.quantity>0.000000</in_Quantity.quantity><out_Quantity.quantity>725.365594</out_Quantity.quantity></Point><Point><position>5870</position><in_Quantity.quantity>0.000000</in_Quantity.quantity><out_Quantity.quantity>949.325467</out_Quantity.quantity></Point><Point><position>5871</position><in_Quantity.quantity>0.000000</in_Quantity.quantity><out_Quantity.quantity>610.771260</out_Quantity.quantity></Point><Point><position>5872</position><in_Quantity.quantity>0.000000</in_Quantity.quantity><out_Quantity.quantity>854.690659</out_Quantity.quantity></Point><Point><position>5873</position><in_Quantity.quantity>0.000000</in_Quantity.quantity><out_Quantity.quantity>19.741972</out_Quantity.quantity></Point><Point><position>5874</position><in_Quantity.quantity>0.000000</in_Quantity.quantity><out_Quantity.quantity>876.494369</out_Quantity.quantity></Point><Point><position>5875</position><in_Quantity.quantity>0.000000</in_Quantity.quantity><out_Quantity.quantity>570.883703</out_Quantity.quantity></Point><Point><position>5876</position><in_Quantity.quantity>0.000000</in_Quantity.quantity><out_Quantity.quantity>934.536853</out_Quantity.quantity></Point><Point><position>5877</position><in_Quantity.quantity>0.000000</in_Quantity.quantity><out_Quantity.quantity>999.646148</out_Quantity.quantity></Point><Point><position>5878</position><in_Quantity.quantity>0.000000</in_Quantity.quantity><out_Quantity.quantity>926.132727</out_Quantity.quantity></Point><Point><position>5879</position><in_Quantity.quantity>0.000000</in_Quantity.quantity><out_Quantity.quantity>62.748766</out_Quantity.quantity></Point><Point><position>5880</position><in_Quantity.quantity>0.000000</in_Quantity.quantity><out_Quantity.quantity>690.285125</out_Quantity.quantity></Point><Point><position>5881</position><in_Quantity.quantity>0.000000</in_Quantity.quantity><out_Quantity.quantity>36.186750</out_Quantity.quantity></Point><Point><position>5882</position><in_Quantity.quantity>0.000000</in_Quantity.quantity><out_Quantity.quantity>655.222018</out_Quantity.quantity></Point><Point><position>5883</position><in_Quantity.quantity>0.000000</in_Quantity.quantity><out_Quantity.quantity>114.013398</out_Quantity.quantity></Point><Point><position>5884</position><in_Quantity.quantity>0.000000</in_Quantity.quantity><out_Quantity.quantity>798.858989</out_Quantity.quantity></Point><Point><position>5885</position><in_Quantity.quantity>0.000000</in_Quantity.quantity><out_Quantity.quantity>545.515078</out_Quantity.quantity></Point><Point><position>5886</position><in_Quantity.quantity>0.000000</in_Quantity.quantity><out_Quantity.quantity>928.727353</out_Quantity.quantity></Point><Point><position>5887</position><in_Quantity.quantity>0.000000</in_Quantity.quantity><out_Quantity.quantity>86.553858</out_Quantity.quantity></Point><Point><position>5888</position><in_Quantity.quantity>0.000000</in_Quantity.quantity><out_Quantity.quantity>493.799836</out_Quantity.quantity></Point><Point><position>5889</position><in_Quantity.quantity>0.000000</in_Quantity.quantity><out_Quantity.quantity>624.634562</out_Quantity.quantity></Point><Point><position>5890</position><in_Quantity.quantity>0.000000</in_Quantity.quantity><out_Quantity.quantity>216.021220</out_Quantity.quantity></Point><Point><position>5891</position><in_Quantity.quantity>0.000000</in_Quantity.quantity><out_Quantity.quantity>418.513846</out_Quantity.quantity></Point><Point><position>5892</position><in_Quantity.quantity>0.000000</in_Quantity.quantity><out_Quantity.quantity>243.416264</out_Quantity.quantity></Point><Point><position>5893</position><in_Quantity.quantity>0.000000</in_Quantity.quantity><out_Quantity.quantity>794.509346</out_Quantity.quantity></Point><Point><position>5894</position><in_Quantity.quantity>0.000000</in_Quantity.quantity><out_Quantity.quantity>482.054540</out_Quantity.quantity></Point><Point><position>5895</position><in_Quantity.quantity>0.000000</in_Quantity.quantity><out_Quantity.quantity>802.607827</out_Quantity.quantity></Point><Point><position>5896</position><in_Quantity.quantity>0.000000</in_Quantity.quantity><out_Quantity.quantity>454.120975</out_Quantity.quantity></Point><Point><position>5897</position><in_Quantity.quantity>0.000000</in_Quantity.quantity><out_Quantity.quantity>798.853129</out_Quantity.quantity></Point><Point><position>5898</position><in_Quantity.quantity>0.000000</in_Quantity.quantity><out_Quantity.quantity>147.172588</out_Quantity.quantity></Point><Point><position>5899</position><in_Quantity.quantity>0.000000</in_Quantity.quantity><out_Quantity.quantity>702.637287</out_Quantity.quantity></Point><Point><position>5900</position><in_Quantity.quantity>0.000000</in_Quantity.quantity><out_Quantity.quantity>110.506227</out_Quantity.quantity></Point><Point><position>5901</position><in_Quantity.quantity>0.000000</in_Quantity.quantity><out_Quantity.quantity>941.676110</out_Quantity.quantity></Point><Point><position>5902</position><in_Quantity.quantity>0.000000</in_Quantity.quantity><out_Quantity.quantity>680.199604</out_Quantity.quantity></Point><Point><position>5903</position><in_Quantity.quantity>0.000000</in_Quantity.quantity><out_Quantity.quantity>785.571979</out_Quantity.quantity></Point><Point><position>5904</position><in_Quantity.quantity>0.000000</in_Quantity.quantity><out_Quantity.quantity>802.193338</out_Quantity.quantity></Point><Point><position>5905</position><in_Quantity.quantity>0.000000</in_Quantity.quantity><out_Quantity.quantity>504.246432</out_Quantity.quantity></Point><Point><position>5906</position><in_Quantity.quantity>0.000000</in_Quantity.quantity><out_Quantity.quantity>154.623366</out_Quantity.quantity></Point><Point><position>5907</position><in_Quantity.quantity>0.000000</in_Quantity.quantity><out_Quantity.quantity>985.300385</out_Quantity.quantity></Point><Point><position>5908</position><in_Quantity.quantity>0.000000</in_Quantity.quantity><out_Quantity.quantity>216.371795</out_Quantity.quantity></Point><Point><position>5909</position><in_Quantity.quantity>0.000000</in_Quantity.quantity><out_Quantity.quantity>948.160885</out_Quantity.quantity></Point><Point><position>5910</position><in_Quantity.quantity>0.000000</in_Quantity.quantity><out_Quantity.quantity>273.086405</out_Quantity.quantity></Point><Point><position>5911</position><in_Quantity.quantity>0.000000</in_Quantity.quantity><out_Quantity.quantity>7.179644</out_Quantity.quantity></Point><Point><position>5912</position><in_Quantity.quantity>0.000000</in_Quantity.quantity><out_Quantity.quantity>366.180101</out_Quantity.quantity></Point><Point><position>5913</position><in_Quantity.quantity>0.000000</in_Quantity.quantity><out_Quantity.quantity>538.468917</out_Quantity.quantity></Point><Point><position>5914</position><in_Quantity.quantity>0.000000</in_Quantity.quantity><out_Quantity.quantity>278.129751</out_Quantity.quantity></Point><Point><position>5915</position><in_Quantity.quantity>0.000000</in_Quantity.quantity><out_Quantity.quantity>641.660469</out_Quantity.quantity></Point><Point><position>5916</position><in_Quantity.quantity>0.000000</in_Quantity.quantity><out_Quantity.quantity>29.387913</out_Quantity.quantity></Point><Point><position>5917</position><in_Quantity.quantity>0.000000</in_Quantity.quantity><out_Quantity.quantity>335.577134</out_Quantity.quantity></Point><Point><position>5918</position><in_Quantity.quantity>0.000000</in_Quantity.quantity><out_Quantity.quantity>900.449216</out_Quantity.quantity></Point><Point><position>5919</position><in_Quantity.quantity>0.000000</in_Quantity.quantity><out_Quantity.quantity>780.450018</out_Quantity.quantity></Point><Point><position>5920</position><in_Quantity.quantity>0.000000</in_Quantity.quantity><out_Quantity.quantity>924.594964</out_Quantity.quantity></Point><Point><position>5921</position><in_Quantity.quantity>0.000000</in_Quantity.quantity><out_Quantity.quantity>93.554801</out_Quantity.quantity></Point><Point><position>5922</position><in_Quantity.quantity>0.000000</in_Quantity.quantity><out_Quantity.quantity>969.691316</out_Quantity.quantity></Point><Point><position>5923</position><in_Quantity.quantity>0.000000</in_Quantity.quantity><out_Quantity.quantity>347.556476</out_Quantity.quantity></Point><Point><position>5924</position><in_Quantity.quantity>0.000000</in_Quantity.quantity><out_Quantity.quantity>916.446308</out_Quantity.quantity></Point><Point><position>5925</position><in_Quantity.quantity>0.000000</in_Quantity.quantity><out_Quantity.quantity>973.071183</out_Quantity.quantity></Point><Point><position>5926</position><in_Quantity.quantity>0.000000</in_Quantity.quantity><out_Quantity.quantity>132.556053</out_Quantity.quantity></Point><Point><position>5927</position><in_Quantity.quantity>0.000000</in_Quantity.quantity><out_Quantity.quantity>497.874862</out_Quantity.quantity></Point><Point><position>5928</position><in_Quantity.quantity>0.000000</in_Quantity.quantity><out_Quantity.quantity>949.690232</out_Quantity.quantity></Point><Point><position>5929</position><in_Quantity.quantity>0.000000</in_Quantity.quantity><out_Quantity.quantity>374.023693</out_Quantity.quantity></Point><Point><position>5930</position><in_Quantity.quantity>0.000000</in_Quantity.quantity><out_Quantity.quantity>835.267476</out_Quantity.quantity></Point><Point><position>5931</position><in_Quantity.quantity>0.000000</in_Quantity.quantity><out_Quantity.quantity>989.493857</out_Quantity.quantity></Point><Point><position>5932</position><in_Quantity.quantity>0.000000</in_Quantity.quantity><out_Quantity.quantity>433.974094</out_Quantity.quantity></Point><Point><position>5933</position><in_Quantity.quantity>0.000000</in_Quantity.quantity><out_Quantity.quantity>144.287110</out_Quantity.quantity></Point><Point><position>5934</position><in_Quantity.quantity>0.000000</in_Quantity.quantity><out_Quantity.quantity>775.354195</out_Quantity.quantity></Point><Point><position>5935</position><in_Quantity.quantity>0.000000</in_Quantity.quantity><out_Quantity.quantity>793.856660</out_Quantity.quantity></Point><Point><position>5936</position><in_Quantity.quantity>0.000000</in_Quantity.quantity><out_Quantity.quantity>684.164573</out_Quantity.quantity></Point><Point><position>5937</position><in_Quantity.quantity>0.000000</in_Quantity.quantity><out_Quantity.quantity>550.763813</out_Quantity.quantity></Point><Point><position>5938</position><in_Quantity.quantity>0.000000</in_Quantity.quantity><out_Quantity.quantity>316.535097</out_Quantity.quantity></Point><Point><position>5939</position><in_Quantity.quantity>0.000000</in_Quantity.quantity><out_Quantity.quantity>720.893868</out_Quantity.quantity></Point><Point><position>5940</position><in_Quantity.quantity>0.000000</in_Quantity.quantity><out_Quantity.quantity>796.717142</out_Quantity.quantity></Point><Point><position>5941</position><in_Quantity.quantity>0.000000</in_Quantity.quantity><out_Quantity.quantity>746.732241</out_Quantity.quantity></Point><Point><position>5942</position><in_Quantity.quantity>0.000000</in_Quantity.quantity><out_Quantity.quantity>918.348980</out_Quantity.quantity></Point><Point><position>5943</position><in_Quantity.quantity>0.000000</in_Quantity.quantity><out_Quantity.quantity>160.233882</out_Quantity.quantity></Point><Point><position>5944</position><in_Quantity.quantity>0.000000</in_Quantity.quantity><out_Quantity.quantity>15.192017</out_Quantity.quantity></Point><Point><position>5945</position><in_Quantity.quantity>0.000000</in_Quantity.quantity><out_Quantity.quantity>862.786879</out_Quantity.quantity></Point><Point><position>5946</position><in_Quantity.quantity>0.000000</in_Quantity.quantity><out_Quantity.quantity>246.793703</out_Quantity.quantity></Point><Point><position>5947</position><in_Quantity.quantity>0.000000</in_Quantity.quantity><out_Quantity.quantity>301.063156</out_Quantity.quantity></Point><Point><position>5948</position><in_Quantity.quantity>0.000000</in_Quantity.quantity><out_Quantity.quantity>646.521630</out_Quantity.quantity></Point><Point><position>5949</position><in_Quantity.quantity>0.000000</in_Quantity.quantity><out_Quantity.quantity>715.818605</out_Quantity.quantity></Point><Point><position>5950</position><in_Quantity.quantity>0.000000</in_Quantity.quantity><out_Quantity.quantity>925.381556</out_Quantity.quantity></Point><Point><position>5951</position><in_Quantity.quantity>0.000000</in_Quantity.quantity><out_Quantity.quantity>709.744287</out_Quantity.quantity></Point><Point><position>5952</position><in_Quantity.quantity>0.000000</in_Quantity.quantity><out_Quantity.quantity>28.329594</out_Quantity.quantity></Point><Point><position>5953</position><in_Quantity.quantity>0.000000</in_Quantity.quantity><out_Quantity.quantity>317.536274</out_Quantity.quantity></Point><Point><position>5954</position><in_Quantity.quantity>0.000000</in_Quantity.quantity><out_Quantity.quantity>681.798686</out_Quantity.quantity></Point><Point><position>5955</position><in_Quantity.quantity>0.000000</in_Quantity.quantity><out_Quantity.quantity>186.428227</out_Quantity.quantity></Point><Point><position>5956</position><in_Quantity.quantity>0.000000</in_Quantity.quantity><out_Quantity.quantity>829.451277</out_Quantity.quantity></Point><Point><position>5957</position><in_Quantity.quantity>0.000000</in_Quantity.quantity><out_Quantity.quantity>475.887452</out_Quantity.quantity></Point><Point><position>5958</position><in_Quantity.quantity>0.000000</in_Quantity.quantity><out_Quantity.quantity>977.003633</out_Quantity.quantity></Point><Point><position>5959</position><in_Quantity.quantity>0.000000</in_Quantity.quantity><out_Quantity.quantity>89.186097</out_Quantity.quantity></Point><Point><position>5960</position><in_Quantity.quantity>0.000000</in_Quantity.quantity><out_Quantity.quantity>527.307450</out_Quantity.quantity></Point><Point><position>5961</position><in_Quantity.quantity>0.000000</in_Quantity.quantity><out_Quantity.quantity>596.685580</out_Quantity.quantity></Point><Point><position>5962</position><in_Quantity.quantity>0.000000</in_Quantity.quantity><out_Quantity.quantity>334.314720</out_Quantity.quantity></Point><Point><position>5963</position><in_Quantity.quantity>0.000000</in_Quantity.quantity><out_Quantity.quantity>34.769355</out_Quantity.quantity></Point><Point><position>5964</position><in_Quantity.quantity>0.000000</in_Quantity.quantity><out_Quantity.quantity>589.364874</out_Quantity.quantity></Point><Point><position>5965</position><in_Quantity.quantity>0.000000</in_Quantity.quantity><out_Quantity.quantity>338.251293</out_Quantity.quantity></Point><Point><position>5966</position><in_Quantity.quantity>0.000000</in_Quantity.quantity><out_Quantity.quantity>772.886626</out_Quantity.quantity></Point><Point><position>5967</position><in_Quantity.quantity>0.000000</in_Quantity.quantity><out_Quantity.quantity>426.881939</out_Quantity.quantity></Point><Point><position>5968</position><in_Quantity.quantity>0.000000</in_Quantity.quantity><out_Quantity.quantity>947.236843</out_Quantity.quantity></Point><Point><position>5969</position><in_Quantity.quantity>0.000000</in_Quantity.quantity><out_Quantity.quantity>688.542854</out_Quantity.quantity></Point><Point><position>5970</position><in_Quantity.quantity>0.000000</in_Quantity.quantity><out_Quantity.quantity>612.339577</out_Quantity.quantity></Point><Point><position>5971</position><in_Quantity.quantity>0.000000</in_Quantity.quantity><out_Quantity.quantity>522.846864</out_Quantity.quantity></Point><Point><position>5972</position><in_Quantity.quantity>0.000000</in_Quantity.quantity><out_Quantity.quantity>480.358943</out_Quantity.quantity></Point><Point><position>5973</position><in_Quantity.quantity>0.000000</in_Quantity.quantity><out_Quantity.quantity>812.257838</out_Quantity.quantity></Point><Point><position>5974</position><in_Quantity.quantity>0.000000</in_Quantity.quantity><out_Quantity.quantity>332.230040</out_Quantity.quantity></Point><Point><position>5975</position><in_Quantity.quantity>0.000000</in_Quantity.quantity><out_Quantity.quantity>644.596689</out_Quantity.quantity></Point><Point><position>5976</position><in_Quantity.quantity>0.000000</in_Quantity.quantity><out_Quantity.quantity>394.695649</out_Quantity.quantity></Point><Point><position>5977</position><in_Quantity.quantity>0.000000</in_Quantity.quantity><out_Quantity.quantity>792.587271</out_Quantity.quantity></Point><Point><position>5978</position><in_Quantity.quantity>0.000000</in_Quantity.quantity><out_Quantity.quantity>52.235827</out_Quantity.quantity></Point><Point><position>5979</position><in_Quantity.quantity>0.000000</in_Quantity.quantity><out_Quantity.quantity>359.644756</out_Quantity.quantity></Point><Point><position>5980</position><in_Quantity.quantity>0.000000</in_Quantity.quantity><out_Quantity.quantity>610.280589</out_Quantity.quantity></Point><Point><position>5981</position><in_Quantity.quantity>0.000000</in_Quantity.quantity><out_Quantity.quantity>49.171486</out_Quantity.quantity></Point><Point><position>5982</position><in_Quantity.quantity>0.000000</in_Quantity.quantity><out_Quantity.quantity>689.274110</out_Quantity.quantity></Point><Point><position>5983</position><in_Quantity.quantity>0.000000</in_Quantity.quantity><out_Quantity.quantity>15.170977</out_Quantity.quantity></Point><Point><position>5984</position><in_Quantity.quantity>0.000000</in_Quantity.quantity><out_Quantity.quantity>159.123383</out_Quantity.quantity></Point><Point><position>5985</position><in_Quantity.quantity>0.000000</in_Quantity.quantity><out_Quantity.quantity>796.644539</out_Quantity.quantity></Point><Point><position>5986</position><in_Quantity.quantity>0.000000</in_Quantity.quantity><out_Quantity.quantity>647.092159</out_Quantity.quantity></Point><Point><position>5987</position><in_Quantity.quantity>0.000000</in_Quantity.quantity><out_Quantity.quantity>556.278646</out_Quantity.quantity></Point><Point><position>5988</position><in_Quantity.quantity>0.000000</in_Quantity.quantity><out_Quantity.quantity>839.197396</out_Quantity.quantity></Point><Point><position>5989</position><in_Quantity.quantity>0.000000</in_Quantity.quantity><out_Quantity.quantity>484.359110</out_Quantity.quantity></Point><Point><position>5990</position><in_Quantity.quantity>0.000000</in_Quantity.quantity><out_Quantity.quantity>322.161326</out_Quantity.quantity></Point><Point><position>5991</position><in_Quantity.quantity>0.000000</in_Quantity.quantity><out_Quantity.quantity>84.484608</out_Quantity.quantity></Point><Point><position>5992</position><in_Quantity.quantity>0.000000</in_Quantity.quantity><out_Quantity.quantity>846.852245</out_Quantity.quantity></Point><Point><position>5993</position><in_Quantity.quantity>0.000000</in_Quantity.quantity><out_Quantity.quantity>503.331309</out_Quantity.quantity></Point><Point><position>5994</position><in_Quantity.quantity>0.000000</in_Quantity.quantity><out_Quantity.quantity>271.880794</out_Quantity.quantity></Point><Point><position>5995</position><in_Quantity.quantity>0.000000</in_Quantity.quantity><out_Quantity.quantity>908.213602</out_Quantity.quantity></Point><Point><position>5996</position><in_Quantity.quantity>0.000000</in_Quantity.quantity><out_Quantity.quantity>54.770479</out_Quantity.quantity></Point><Point><position>5997</position><in_Quantity.quantity>0.000000</in_Quantity.quantity><out_Quantity.quantity>291.060520</out_Quantity.quantity></Point><Point><position>5998</position><in_Quantity.quantity>0.000000</in_Quantity.quantity><out_Quantity.quantity>937.658509</out_Quantity.quantity></Point><Point><position>5999</position><in_Quantity.quantity>0.000000</in_Quantity.quantity><out_Quantity.quantity>846.643158</out_Quantity.quantity></Point><Point><position>6000</position><in_Quantity.quantity>0.000000</in_Quantity.quantity><out_Quantity.quantity>21.854381</out_Quantity.quantity></Point><Point><position>6001</position><in_Quantity.quantity>0.000000</in_Quantity.quantity><out_Quantity.quantity>339.213553</out_Quantity.quantity></Point><Point><position>6002</position><in_Quantity.quantity>0.000000</in_Quantity.quantity><out_Quantity.quantity>673.532739</out_Quantity.quantity></Point><Point><position>6003</position><in_Quantity.quantity>0.000000</in_Quantity.quantity><out_Quantity.quantity>910.828115</out_Quantity.quantity></Point><Point><position>6004</position><in_Quantity.quantity>0.000000</in_Quantity.quantity><out_Quantity.quantity>770.965233</out_Quantity.quantity></Point><Point><position>6005</position><in_Quantity.quantity>0.000000</in_Quantity.quantity><out_Quantity.quantity>480.520071</out_Quantity.quantity></Point><Point><position>6006</position><in_Quantity.quantity>0.000000</in_Quantity.quantity><out_Quantity.quantity>946.047795</out_Quantity.quantity></Point><Point><position>6007</position><in_Quantity.quantity>0.000000</in_Quantity.quantity><out_Quantity.quantity>601.647853</out_Quantity.quantity></Point><Point><position>6008</position><in_Quantity.quantity>0.000000</in_Quantity.quantity><out_Quantity.quantity>320.189439</out_Quantity.quantity></Point><Point><position>6009</position><in_Quantity.quantity>0.000000</in_Quantity.quantity><out_Quantity.quantity>529.747782</out_Quantity.quantity></Point><Point><position>6010</position><in_Quantity.quantity>0.000000</in_Quantity.quantity><out_Quantity.quantity>76.737688</out_Quantity.quantity></Point><Point><position>6011</position><in_Quantity.quantity>0.000000</in_Quantity.quantity><out_Quantity.quantity>869.591685</out_Quantity.quantity></Point><Point><position>6012</position><in_Quantity.quantity>0.000000</in_Quantity.quantity><out_Quantity.quantity>726.823301</out_Quantity.quantity></Point><Point><position>6013</position><in_Quantity.quantity>0.000000</in_Quantity.quantity><out_Quantity.quantity>896.228394</out_Quantity.quantity></Point><Point><position>6014</position><in_Quantity.quantity>0.000000</in_Quantity.quantity><out_Quantity.quantity>362.211571</out_Quantity.quantity></Point><Point><position>6015</position><in_Quantity.quantity>0.000000</in_Quantity.quantity><out_Quantity.quantity>33.172470</out_Quantity.quantity></Point><Point><position>6016</position><in_Quantity.quantity>0.000000</in_Quantity.quantity><out_Quantity.quantity>324.091441</out_Quantity.quantity></Point><Point><position>6017</position><in_Quantity.quantity>0.000000</in_Quantity.quantity><out_Quantity.quantity>176.809000</out_Quantity.quantity></Point><Point><position>6018</position><in_Quantity.quantity>0.000000</in_Quantity.quantity><out_Quantity.quantity>827.965781</out_Quantity.quantity></Point><Point><position>6019</position><in_Quantity.quantity>0.000000</in_Quantity.quantity><out_Quantity.quantity>57.941728</out_Quantity.quantity></Point><Point><position>6020</position><in_Quantity.quantity>0.000000</in_Quantity.quantity><out_Quantity.quantity>377.523752</out_Quantity.quantity></Point><Point><position>6021</position><in_Quantity.quantity>0.000000</in_Quantity.quantity><out_Quantity.quantity>217.223923</out_Quantity.quantity></Point><Point><position>6022</position><in_Quantity.quantity>0.000000</in_Quantity.quantity><out_Quantity.quantity>558.161335</out_Quantity.quantity></Point><Point><position>6023</position><in_Quantity.quantity>0.000000</in_Quantity.quantity><out_Quantity.quantity>221.874723</out_Quantity.quantity></Point><Point><position>6024</position><in_Quantity.quantity>0.000000</in_Quantity.quantity><out_Quantity.quantity>518.613809</out_Quantity.quantity></Point><Point><position>6025</position><in_Quantity.quantity>0.000000</in_Quantity.quantity><out_Quantity.quantity>200.680676</out_Quantity.quantity></Point><Point><position>6026</position><in_Quantity.quantity>0.000000</in_Quantity.quantity><out_Quantity.quantity>904.122786</out_Quantity.quantity></Point><Point><position>6027</position><in_Quantity.quantity>0.000000</in_Quantity.quantity><out_Quantity.quantity>396.968474</out_Quantity.quantity></Point><Point><position>6028</position><in_Quantity.quantity>0.000000</in_Quantity.quantity><out_Quantity.quantity>424.368982</out_Quantity.quantity></Point><Point><position>6029</position><in_Quantity.quantity>0.000000</in_Quantity.quantity><out_Quantity.quantity>431.647852</out_Quantity.quantity></Point><Point><position>6030</position><in_Quantity.quantity>0.000000</in_Quantity.quantity><out_Quantity.quantity>666.310846</out_Quantity.quantity></Point><Point><position>6031</position><in_Quantity.quantity>0.000000</in_Quantity.quantity><out_Quantity.quantity>999.770953</out_Quantity.quantity></Point><Point><position>6032</position><in_Quantity.quantity>0.000000</in_Quantity.quantity><out_Quantity.quantity>513.541331</out_Quantity.quantity></Point><Point><position>6033</position><in_Quantity.quantity>0.000000</in_Quantity.quantity><out_Quantity.quantity>737.704668</out_Quantity.quantity></Point><Point><position>6034</position><in_Quantity.quantity>0.000000</in_Quantity.quantity><out_Quantity.quantity>948.856741</out_Quantity.quantity></Point><Point><position>6035</position><in_Quantity.quantity>0.000000</in_Quantity.quantity><out_Quantity.quantity>27.077018</out_Quantity.quantity></Point><Point><position>6036</position><in_Quantity.quantity>0.000000</in_Quantity.quantity><out_Quantity.quantity>444.533688</out_Quantity.quantity></Point><Point><position>6037</position><in_Quantity.quantity>0.000000</in_Quantity.quantity><out_Quantity.quantity>17.151842</out_Quantity.quantity></Point><Point><position>6038</position><in_Quantity.quantity>0.000000</in_Quantity.quantity><out_Quantity.quantity>345.935217</out_Quantity.quantity></Point><Point><position>6039</position><in_Quantity.quantity>0.000000</in_Quantity.quantity><out_Quantity.quantity>256.524750</out_Quantity.quantity></Point><Point><position>6040</position><in_Quantity.quantity>0.000000</in_Quantity.quantity><out_Quantity.quantity>58.686061</out_Quantity.quantity></Point><Point><position>6041</position><in_Quantity.quantity>0.000000</in_Quantity.quantity><out_Quantity.quantity>455.902313</out_Quantity.quantity></Point><Point><position>6042</position><in_Quantity.quantity>0.000000</in_Quantity.quantity><out_Quantity.quantity>763.301012</out_Quantity.quantity></Point><Point><position>6043</position><in_Quantity.quantity>0.000000</in_Quantity.quantity><out_Quantity.quantity>891.705650</out_Quantity.quantity></Point><Point><position>6044</position><in_Quantity.quantity>0.000000</in_Quantity.quantity><out_Quantity.quantity>732.283216</out_Quantity.quantity></Point><Point><position>6045</position><in_Quantity.quantity>0.000000</in_Quantity.quantity><out_Quantity.quantity>370.239149</out_Quantity.quantity></Point><Point><position>6046</position><in_Quantity.quantity>0.000000</in_Quantity.quantity><out_Quantity.quantity>773.725895</out_Quantity.quantity></Point><Point><position>6047</position><in_Quantity.quantity>0.000000</in_Quantity.quantity><out_Quantity.quantity>253.849779</out_Quantity.quantity></Point><Point><position>6048</position><in_Quantity.quantity>0.000000</in_Quantity.quantity><out_Quantity.quantity>651.823925</out_Quantity.quantity></Point><Point><position>6049</position><in_Quantity.quantity>0.000000</in_Quantity.quantity><out_Quantity.quantity>669.858419</out_Quantity.quantity></Point><Point><position>6050</position><in_Quantity.quantity>0.000000</in_Quantity.quantity><out_Quantity.quantity>873.576059</out_Quantity.quantity></Point><Point><position>6051</position><in_Quantity.quantity>0.000000</in_Quantity.quantity><out_Quantity.quantity>69.069148</out_Quantity.quantity></Point><Point><position>6052</position><in_Quantity.quantity>0.000000</in_Quantity.quantity><out_Quantity.quantity>404.108407</out_Quantity.quantity></Point><Point><position>6053</position><in_Quantity.quantity>0.000000</in_Quantity.quantity><out_Quantity.quantity>466.605175</out_Quantity.quantity></Point><Point><position>6054</position><in_Quantity.quantity>0.000000</in_Quantity.quantity><out_Quantity.quantity>882.339041</out_Quantity.quantity></Point><Point><position>6055</position><in_Quantity.quantity>0.000000</in_Quantity.quantity><out_Quantity.quantity>232.400425</out_Quantity.quantity></Point><Point><position>6056</position><in_Quantity.quantity>0.000000</in_Quantity.quantity><out_Quantity.quantity>300.778367</out_Quantity.quantity></Point><Point><position>6057</position><in_Quantity.quantity>0.000000</in_Quantity.quantity><out_Quantity.quantity>241.174113</out_Quantity.quantity></Point><Point><position>6058</position><in_Quantity.quantity>0.000000</in_Quantity.quantity><out_Quantity.quantity>959.190682</out_Quantity.quantity></Point><Point><position>6059</position><in_Quantity.quantity>0.000000</in_Quantity.quantity><out_Quantity.quantity>545.611892</out_Quantity.quantity></Point><Point><position>6060</position><in_Quantity.quantity>0.000000</in_Quantity.quantity><out_Quantity.quantity>634.809652</out_Quantity.quantity></Point><Point><position>6061</position><in_Quantity.quantity>0.000000</in_Quantity.quantity><out_Quantity.quantity>386.476281</out_Quantity.quantity></Point><Point><position>6062</position><in_Quantity.quantity>0.000000</in_Quantity.quantity><out_Quantity.quantity>699.142690</out_Quantity.quantity></Point><Point><position>6063</position><in_Quantity.quantity>0.000000</in_Quantity.quantity><out_Quantity.quantity>7.796883</out_Quantity.quantity></Point><Point><position>6064</position><in_Quantity.quantity>0.000000</in_Quantity.quantity><out_Quantity.quantity>720.303256</out_Quantity.quantity></Point><Point><position>6065</position><in_Quantity.quantity>0.000000</in_Quantity.quantity><out_Quantity.quantity>395.410314</out_Quantity.quantity></Point><Point><position>6066</position><in_Quantity.quantity>0.000000</in_Quantity.quantity><out_Quantity.quantity>122.878377</out_Quantity.quantity></Point><Point><position>6067</position><in_Quantity.quantity>0.000000</in_Quantity.quantity><out_Quantity.quantity>274.153635</out_Quantity.quantity></Point><Point><position>6068</position><in_Quantity.quantity>0.000000</in_Quantity.quantity><out_Quantity.quantity>189.370112</out_Quantity.quantity></Point><Point><position>6069</position><in_Quantity.quantity>0.000000</in_Quantity.quantity><out_Quantity.quantity>661.171386</out_Quantity.quantity></Point><Point><position>6070</position><in_Quantity.quantity>0.000000</in_Quantity.quantity><out_Quantity.quantity>338.810484</out_Quantity.quantity></Point><Point><position>6071</position><in_Quantity.quantity>0.000000</in_Quantity.quantity><out_Quantity.quantity>160.981708</out_Quantity.quantity></Point><Point><position>6072</position><in_Quantity.quantity>0.000000</in_Quantity.quantity><out_Quantity.quantity>267.184292</out_Quantity.quantity></Point><Point><position>6073</position><in_Quantity.quantity>0.000000</in_Quantity.quantity><out_Quantity.quantity>600.790991</out_Quantity.quantity></Point><Point><position>6074</position><in_Quantity.quantity>0.000000</in_Quantity.quantity><out_Quantity.quantity>772.585169</out_Quantity.quantity></Point><Point><position>6075</position><in_Quantity.quantity>0.000000</in_Quantity.quantity><out_Quantity.quantity>588.852308</out_Quantity.quantity></Point><Point><position>6076</position><in_Quantity.quantity>0.000000</in_Quantity.quantity><out_Quantity.quantity>574.485022</out_Quantity.quantity></Point><Point><position>6077</position><in_Quantity.quantity>0.000000</in_Quantity.quantity><out_Quantity.quantity>80.753427</out_Quantity.quantity></Point><Point><position>6078</position><in_Quantity.quantity>0.000000</in_Quantity.quantity><out_Quantity.quantity>330.751770</out_Quantity.quantity></Point><Point><position>6079</position><in_Quantity.quantity>0.000000</in_Quantity.quantity><out_Quantity.quantity>485.317696</out_Quantity.quantity></Point><Point><position>6080</position><in_Quantity.quantity>0.000000</in_Quantity.quantity><out_Quantity.quantity>466.414417</out_Quantity.quantity></Point><Point><position>6081</position><in_Quantity.quantity>0.000000</in_Quantity.quantity><out_Quantity.quantity>729.191412</out_Quantity.quantity></Point><Point><position>6082</position><in_Quantity.quantity>0.000000</in_Quantity.quantity><out_Quantity.quantity>815.376833</out_Quantity.quantity></Point><Point><position>6083</position><in_Quantity.quantity>0.000000</in_Quantity.quantity><out_Quantity.quantity>871.229370</out_Quantity.quantity></Point><Point><position>6084</position><in_Quantity.quantity>0.000000</in_Quantity.quantity><out_Quantity.quantity>528.932067</out_Quantity.quantity></Point><Point><position>6085</position><in_Quantity.quantity>0.000000</in_Quantity.quantity><out_Quantity.quantity>715.001258</out_Quantity.quantity></Point><Point><position>6086</position><in_Quantity.quantity>0.000000</in_Quantity.quantity><out_Quantity.quantity>367.933010</out_Quantity.quantity></Point><Point><position>6087</position><in_Quantity.quantity>0.000000</in_Quantity.quantity><out_Quantity.quantity>224.859647</out_Quantity.quantity></Point><Point><position>6088</position><in_Quantity.quantity>0.000000</in_Quantity.quantity><out_Quantity.quantity>674.180566</out_Quantity.quantity></Point><Point><position>6089</position><in_Quantity.quantity>0.000000</in_Quantity.quantity><out_Quantity.quantity>220.903810</out_Quantity.quantity></Point><Point><position>6090</position><in_Quantity.quantity>0.000000</in_Quantity.quantity><out_Quantity.quantity>364.936899</out_Quantity.quantity></Point><Point><position>6091</position><in_Quantity.quantity>0.000000</in_Quantity.quantity><out_Quantity.quantity>175.068900</out_Quantity.quantity></Point><Point><position>6092</position><in_Quantity.quantity>0.000000</in_Quantity.quantity><out_Quantity.quantity>177.545087</out_Quantity.quantity></Point><Point><position>6093</position><in_Quantity.quantity>0.000000</in_Quantity.quantity><out_Quantity.quantity>560.337836</out_Quantity.quantity></Point><Point><position>6094</position><in_Quantity.quantity>0.000000</in_Quantity.quantity><out_Quantity.quantity>578.658531</out_Quantity.quantity></Point><Point><position>6095</position><in_Quantity.quantity>0.000000</in_Quantity.quantity><out_Quantity.quantity>990.610390</out_Quantity.quantity></Point><Point><position>6096</position><in_Quantity.quantity>0.000000</in_Quantity.quantity><out_Quantity.quantity>686.458080</out_Quantity.quantity></Point><Point><position>6097</position><in_Quantity.quantity>0.000000</in_Quantity.quantity><out_Quantity.quantity>354.116588</out_Quantity.quantity></Point><Point><position>6098</position><in_Quantity.quantity>0.000000</in_Quantity.quantity><out_Quantity.quantity>134.432778</out_Quantity.quantity></Point><Point><position>6099</position><in_Quantity.quantity>0.000000</in_Quantity.quantity><out_Quantity.quantity>207.529366</out_Quantity.quantity></Point><Point><position>6100</position><in_Quantity.quantity>0.000000</in_Quantity.quantity><out_Quantity.quantity>142.446721</out_Quantity.quantity></Point><Point><position>6101</position><in_Quantity.quantity>0.000000</in_Quantity.quantity><out_Quantity.quantity>921.979297</out_Quantity.quantity></Point><Point><position>6102</position><in_Quantity.quantity>0.000000</in_Quantity.quantity><out_Quantity.quantity>508.681999</out_Quantity.quantity></Point><Point><position>6103</position><in_Quantity.quantity>0.000000</in_Quantity.quantity><out_Quantity.quantity>184.424716</out_Quantity.quantity></Point><Point><position>6104</position><in_Quantity.quantity>0.000000</in_Quantity.quantity><out_Quantity.quantity>14.136075</out_Quantity.quantity></Point><Point><position>6105</position><in_Quantity.quantity>0.000000</in_Quantity.quantity><out_Quantity.quantity>752.622463</out_Quantity.quantity></Point><Point><position>6106</position><in_Quantity.quantity>0.000000</in_Quantity.quantity><out_Quantity.quantity>725.174057</out_Quantity.quantity></Point><Point><position>6107</position><in_Quantity.quantity>0.000000</in_Quantity.quantity><out_Quantity.quantity>608.721752</out_Quantity.quantity></Point><Point><position>6108</position><in_Quantity.quantity>0.000000</in_Quantity.quantity><out_Quantity.quantity>754.303940</out_Quantity.quantity></Point><Point><position>6109</position><in_Quantity.quantity>0.000000</in_Quantity.quantity><out_Quantity.quantity>426.041174</out_Quantity.quantity></Point><Point><position>6110</position><in_Quantity.quantity>0.000000</in_Quantity.quantity><out_Quantity.quantity>818.441370</out_Quantity.quantity></Point><Point><position>6111</position><in_Quantity.quantity>0.000000</in_Quantity.quantity><out_Quantity.quantity>694.749787</out_Quantity.quantity></Point><Point><position>6112</position><in_Quantity.quantity>0.000000</in_Quantity.quantity><out_Quantity.quantity>604.929910</out_Quantity.quantity></Point><Point><position>6113</position><in_Quantity.quantity>0.000000</in_Quantity.quantity><out_Quantity.quantity>533.959231</out_Quantity.quantity></Point><Point><position>6114</position><in_Quantity.quantity>0.000000</in_Quantity.quantity><out_Quantity.quantity>582.324868</out_Quantity.quantity></Point><Point><position>6115</position><in_Quantity.quantity>0.000000</in_Quantity.quantity><out_Quantity.quantity>420.315015</out_Quantity.quantity></Point><Point><position>6116</position><in_Quantity.quantity>0.000000</in_Quantity.quantity><out_Quantity.quantity>986.352267</out_Quantity.quantity></Point><Point><position>6117</position><in_Quantity.quantity>0.000000</in_Quantity.quantity><out_Quantity.quantity>441.783528</out_Quantity.quantity></Point><Point><position>6118</position><in_Quantity.quantity>0.000000</in_Quantity.quantity><out_Quantity.quantity>810.394121</out_Quantity.quantity></Point><Point><position>6119</position><in_Quantity.quantity>0.000000</in_Quantity.quantity><out_Quantity.quantity>85.426758</out_Quantity.quantity></Point><Point><position>6120</position><in_Quantity.quantity>0.000000</in_Quantity.quantity><out_Quantity.quantity>574.617881</out_Quantity.quantity></Point><Point><position>6121</position><in_Quantity.quantity>0.000000</in_Quantity.quantity><out_Quantity.quantity>611.495137</out_Quantity.quantity></Point><Point><position>6122</position><in_Quantity.quantity>0.000000</in_Quantity.quantity><out_Quantity.quantity>370.235879</out_Quantity.quantity></Point><Point><position>6123</position><in_Quantity.quantity>0.000000</in_Quantity.quantity><out_Quantity.quantity>19.221307</out_Quantity.quantity></Point><Point><position>6124</position><in_Quantity.quantity>0.000000</in_Quantity.quantity><out_Quantity.quantity>600.844077</out_Quantity.quantity></Point><Point><position>6125</position><in_Quantity.quantity>0.000000</in_Quantity.quantity><out_Quantity.quantity>164.768114</out_Quantity.quantity></Point><Point><position>6126</position><in_Quantity.quantity>0.000000</in_Quantity.quantity><out_Quantity.quantity>516.702749</out_Quantity.quantity></Point><Point><position>6127</position><in_Quantity.quantity>0.000000</in_Quantity.quantity><out_Quantity.quantity>986.630379</out_Quantity.quantity></Point><Point><position>6128</position><in_Quantity.quantity>0.000000</in_Quantity.quantity><out_Quantity.quantity>447.994956</out_Quantity.quantity></Point><Point><position>6129</position><in_Quantity.quantity>0.000000</in_Quantity.quantity><out_Quantity.quantity>679.925985</out_Quantity.quantity></Point><Point><position>6130</position><in_Quantity.quantity>0.000000</in_Quantity.quantity><out_Quantity.quantity>279.729227</out_Quantity.quantity></Point><Point><position>6131</position><in_Quantity.quantity>0.000000</in_Quantity.quantity><out_Quantity.quantity>57.984106</out_Quantity.quantity></Point><Point><position>6132</position><in_Quantity.quantity>0.000000</in_Quantity.quantity><out_Quantity.quantity>914.719752</out_Quantity.quantity></Point><Point><position>6133</position><in_Quantity.quantity>0.000000</in_Quantity.quantity><out_Quantity.quantity>231.103891</out_Quantity.quantity></Point><Point><position>6134</position><in_Quantity.quantity>0.000000</in_Quantity.quantity><out_Quantity.quantity>44.965001</out_Quantity.quantity></Point><Point><position>6135</position><in_Quantity.quantity>0.000000</in_Quantity.quantity><out_Quantity.quantity>492.585239</out_Quantity.quantity></Point><Point><position>6136</position><in_Quantity.quantity>0.000000</in_Quantity.quantity><out_Quantity.quantity>649.650662</out_Quantity.quantity></Point><Point><position>6137</position><in_Quantity.quantity>0.000000</in_Quantity.quantity><out_Quantity.quantity>285.046037</out_Quantity.quantity></Point><Point><position>6138</position><in_Quantity.quantity>0.000000</in_Quantity.quantity><out_Quantity.quantity>894.617964</out_Quantity.quantity></Point><Point><position>6139</position><in_Quantity.quantity>0.000000</in_Quantity.quantity><out_Quantity.quantity>588.360647</out_Quantity.quantity></Point><Point><position>6140</position><in_Quantity.quantity>0.000000</in_Quantity.quantity><out_Quantity.quantity>982.891086</out_Quantity.quantity></Point><Point><position>6141</position><in_Quantity.quantity>0.000000</in_Quantity.quantity><out_Quantity.quantity>583.969113</out_Quantity.quantity></Point><Point><position>6142</position><in_Quantity.quantity>0.000000</in_Quantity.quantity><out_Quantity.quantity>131.289492</out_Quantity.quantity></Point><Point><position>6143</position><in_Quantity.quantity>0.000000</in_Quantity.quantity><out_Quantity.quantity>289.670988</out_Quantity.quantity></Point><Point><position>6144</position><in_Quantity.quantity>0.000000</in_Quantity.quantity><out_Quantity.quantity>363.477221</out_Quantity.quantity></Point><Point><position>6145</position><in_Quantity.quantity>0.000000</in_Quantity.quantity><out_Quantity.quantity>715.531951</out_Quantity.quantity></Point><Point><position>6146</position><in_Quantity.quantity>0.000000</in_Quantity.quantity><out_Quantity.quantity>591.762232</out_Quantity.quantity></Point><Point><position>6147</position><in_Quantity.quantity>0.000000</in_Quantity.quantity><out_Quantity.quantity>540.343983</out_Quantity.quantity></Point><Point><position>6148</position><in_Quantity.quantity>0.000000</in_Quantity.quantity><out_Quantity.quantity>262.578959</out_Quantity.quantity></Point><Point><position>6149</position><in_Quantity.quantity>0.000000</in_Quantity.quantity><out_Quantity.quantity>511.566295</out_Quantity.quantity></Point><Point><position>6150</position><in_Quantity.quantity>0.000000</in_Quantity.quantity><out_Quantity.quantity>146.079499</out_Quantity.quantity></Point><Point><position>6151</position><in_Quantity.quantity>0.000000</in_Quantity.quantity><out_Quantity.quantity>408.931602</out_Quantity.quantity></Point><Point><position>6152</position><in_Quantity.quantity>0.000000</in_Quantity.quantity><out_Quantity.quantity>688.512714</out_Quantity.quantity></Point><Point><position>6153</position><in_Quantity.quantity>0.000000</in_Quantity.quantity><out_Quantity.quantity>343.138744</out_Quantity.quantity></Point><Point><position>6154</position><in_Quantity.quantity>0.000000</in_Quantity.quantity><out_Quantity.quantity>305.397894</out_Quantity.quantity></Point><Point><position>6155</position><in_Quantity.quantity>0.000000</in_Quantity.quantity><out_Quantity.quantity>286.785192</out_Quantity.quantity></Point><Point><position>6156</position><in_Quantity.quantity>0.000000</in_Quantity.quantity><out_Quantity.quantity>933.543140</out_Quantity.quantity></Point><Point><position>6157</position><in_Quantity.quantity>0.000000</in_Quantity.quantity><out_Quantity.quantity>460.128705</out_Quantity.quantity></Point><Point><position>6158</position><in_Quantity.quantity>0.000000</in_Quantity.quantity><out_Quantity.quantity>973.399643</out_Quantity.quantity></Point><Point><position>6159</position><in_Quantity.quantity>0.000000</in_Quantity.quantity><out_Quantity.quantity>834.426506</out_Quantity.quantity></Point><Point><position>6160</position><in_Quantity.quantity>0.000000</in_Quantity.quantity><out_Quantity.quantity>960.405906</out_Quantity.quantity></Point><Point><position>6161</position><in_Quantity.quantity>0.000000</in_Quantity.quantity><out_Quantity.quantity>999.322873</out_Quantity.quantity></Point><Point><position>6162</position><in_Quantity.quantity>0.000000</in_Quantity.quantity><out_Quantity.quantity>665.010002</out_Quantity.quantity></Point><Point><position>6163</position><in_Quantity.quantity>0.000000</in_Quantity.quantity><out_Quantity.quantity>171.009286</out_Quantity.quantity></Point><Point><position>6164</position><in_Quantity.quantity>0.000000</in_Quantity.quantity><out_Quantity.quantity>758.320287</out_Quantity.quantity></Point><Point><position>6165</position><in_Quantity.quantity>0.000000</in_Quantity.quantity><out_Quantity.quantity>756.110177</out_Quantity.quantity></Point><Point><position>6166</position><in_Quantity.quantity>0.000000</in_Quantity.quantity><out_Quantity.quantity>847.599888</out_Quantity.quantity></Point><Point><position>6167</position><in_Quantity.quantity>0.000000</in_Quantity.quantity><out_Quantity.quantity>947.233396</out_Quantity.quantity></Point><Point><position>6168</position><in_Quantity.quantity>0.000000</in_Quantity.quantity><out_Quantity.quantity>541.416814</out_Quantity.quantity></Point><Point><position>6169</position><in_Quantity.quantity>0.000000</in_Quantity.quantity><out_Quantity.quantity>94.344141</out_Quantity.quantity></Point><Point><position>6170</position><in_Quantity.quantity>0.000000</in_Quantity.quantity><out_Quantity.quantity>342.618645</out_Quantity.quantity></Point><Point><position>6171</position><in_Quantity.quantity>0.000000</in_Quantity.quantity><out_Quantity.quantity>653.699355</out_Quantity.quantity></Point><Point><position>6172</position><in_Quantity.quantity>0.000000</in_Quantity.quantity><out_Quantity.quantity>715.928870</out_Quantity.quantity></Point><Point><position>6173</position><in_Quantity.quantity>0.000000</in_Quantity.quantity><out_Quantity.quantity>283.332388</out_Quantity.quantity></Point><Point><position>6174</position><in_Quantity.quantity>0.000000</in_Quantity.quantity><out_Quantity.quantity>918.335594</out_Quantity.quantity></Point><Point><position>6175</position><in_Quantity.quantity>0.000000</in_Quantity.quantity><out_Quantity.quantity>201.457641</out_Quantity.quantity></Point><Point><position>6176</position><in_Quantity.quantity>0.000000</in_Quantity.quantity><out_Quantity.quantity>761.799369</out_Quantity.quantity></Point><Point><position>6177</position><in_Quantity.quantity>0.000000</in_Quantity.quantity><out_Quantity.quantity>254.431205</out_Quantity.quantity></Point><Point><position>6178</position><in_Quantity.quantity>0.000000</in_Quantity.quantity><out_Quantity.quantity>843.090414</out_Quantity.quantity></Point><Point><position>6179</position><in_Quantity.quantity>0.000000</in_Quantity.quantity><out_Quantity.quantity>830.798119</out_Quantity.quantity></Point><Point><position>6180</position><in_Quantity.quantity>0.000000</in_Quantity.quantity><out_Quantity.quantity>413.544379</out_Quantity.quantity></Point><Point><position>6181</position><in_Quantity.quantity>0.000000</in_Quantity.quantity><out_Quantity.quantity>495.669512</out_Quantity.quantity></Point><Point><position>6182</position><in_Quantity.quantity>0.000000</in_Quantity.quantity><out_Quantity.quantity>658.972457</out_Quantity.quantity></Point><Point><position>6183</position><in_Quantity.quantity>0.000000</in_Quantity.quantity><out_Quantity.quantity>172.110287</out_Quantity.quantity></Point><Point><position>6184</position><in_Quantity.quantity>0.000000</in_Quantity.quantity><out_Quantity.quantity>107.555554</out_Quantity.quantity></Point><Point><position>6185</position><in_Quantity.quantity>0.000000</in_Quantity.quantity><out_Quantity.quantity>187.035973</out_Quantity.quantity></Point><Point><position>6186</position><in_Quantity.quantity>0.000000</in_Quantity.quantity><out_Quantity.quantity>51.855867</out_Quantity.quantity></Point><Point><position>6187</position><in_Quantity.quantity>0.000000</in_Quantity.quantity><out_Quantity.quantity>292.464147</out_Quantity.quantity></Point><Point><position>6188</position><in_Quantity.quantity>0.000000</in_Quantity.quantity><out_Quantity.quantity>632.950178</out_Quantity.quantity></Point><Point><position>6189</position><in_Quantity.quantity>0.000000</in_Quantity.quantity><out_Quantity.quantity>730.565291</out_Quantity.quantity></Point><Point><position>6190</position><in_Quantity.quantity>0.000000</in_Quantity.quantity><out_Quantity.quantity>901.793544</out_Quantity.quantity></Point><Point><position>6191</position><in_Quantity.quantity>0.000000</in_Quantity.quantity><out_Quantity.quantity>657.734316</out_Quantity.quantity></Point><Point><position>6192</position><in_Quantity.quantity>0.000000</in_Quantity.quantity><out_Quantity.quantity>461.056682</out_Quantity.quantity></Point><Point><position>6193</position><in_Quantity.quantity>0.000000</in_Quantity.quantity><out_Quantity.quantity>902.040266</out_Quantity.quantity></Point><Point><position>6194</position><in_Quantity.quantity>0.000000</in_Quantity.quantity><out_Quantity.quantity>802.800423</out_Quantity.quantity></Point><Point><position>6195</position><in_Quantity.quantity>0.000000</in_Quantity.quantity><out_Quantity.quantity>368.100185</out_Quantity.quantity></Point><Point><position>6196</position><in_Quantity.quantity>0.000000</in_Quantity.quantity><out_Quantity.quantity>347.516399</out_Quantity.quantity></Point><Point><position>6197</position><in_Quantity.quantity>0.000000</in_Quantity.quantity><out_Quantity.quantity>646.446086</out_Quantity.quantity></Point><Point><position>6198</position><in_Quantity.quantity>0.000000</in_Quantity.quantity><out_Quantity.quantity>138.907955</out_Quantity.quantity></Point><Point><position>6199</position><in_Quantity.quantity>0.000000</in_Quantity.quantity><out_Quantity.quantity>377.521900</out_Quantity.quantity></Point><Point><position>6200</position><in_Quantity.quantity>0.000000</in_Quantity.quantity><out_Quantity.quantity>273.080904</out_Quantity.quantity></Point><Point><position>6201</position><in_Quantity.quantity>0.000000</in_Quantity.quantity><out_Quantity.quantity>559.751704</out_Quantity.quantity></Point><Point><position>6202</position><in_Quantity.quantity>0.000000</in_Quantity.quantity><out_Quantity.quantity>712.259261</out_Quantity.quantity></Point><Point><position>6203</position><in_Quantity.quantity>0.000000</in_Quantity.quantity><out_Quantity.quantity>201.338165</out_Quantity.quantity></Point><Point><position>6204</position><in_Quantity.quantity>0.000000</in_Quantity.quantity><out_Quantity.quantity>523.347965</out_Quantity.quantity></Point><Point><position>6205</position><in_Quantity.quantity>0.000000</in_Quantity.quantity><out_Quantity.quantity>931.989887</out_Quantity.quantity></Point><Point><position>6206</position><in_Quantity.quantity>0.000000</in_Quantity.quantity><out_Quantity.quantity>540.030051</out_Quantity.quantity></Point><Point><position>6207</position><in_Quantity.quantity>0.000000</in_Quantity.quantity><out_Quantity.quantity>73.065460</out_Quantity.quantity></Point><Point><position>6208</position><in_Quantity.quantity>0.000000</in_Quantity.quantity><out_Quantity.quantity>349.123928</out_Quantity.quantity></Point><Point><position>6209</position><in_Quantity.quantity>0.000000</in_Quantity.quantity><out_Quantity.quantity>466.802887</out_Quantity.quantity></Point><Point><position>6210</position><in_Quantity.quantity>0.000000</in_Quantity.quantity><out_Quantity.quantity>455.066369</out_Quantity.quantity></Point><Point><position>6211</position><in_Quantity.quantity>0.000000</in_Quantity.quantity><out_Quantity.quantity>989.693051</out_Quantity.quantity></Point><Point><position>6212</position><in_Quantity.quantity>0.000000</in_Quantity.quantity><out_Quantity.quantity>702.913642</out_Quantity.quantity></Point><Point><position>6213</position><in_Quantity.quantity>0.000000</in_Quantity.quantity><out_Quantity.quantity>350.104881</out_Quantity.quantity></Point><Point><position>6214</position><in_Quantity.quantity>0.000000</in_Quantity.quantity><out_Quantity.quantity>742.540085</out_Quantity.quantity></Point><Point><position>6215</position><in_Quantity.quantity>0.000000</in_Quantity.quantity><out_Quantity.quantity>766.483620</out_Quantity.quantity></Point><Point><position>6216</position><in_Quantity.quantity>0.000000</in_Quantity.quantity><out_Quantity.quantity>914.619503</out_Quantity.quantity></Point><Point><position>6217</position><in_Quantity.quantity>0.000000</in_Quantity.quantity><out_Quantity.quantity>292.592490</out_Quantity.quantity></Point><Point><position>6218</position><in_Quantity.quantity>0.000000</in_Quantity.quantity><out_Quantity.quantity>800.871868</out_Quantity.quantity></Point><Point><position>6219</position><in_Quantity.quantity>0.000000</in_Quantity.quantity><out_Quantity.quantity>983.998876</out_Quantity.quantity></Point><Point><position>6220</position><in_Quantity.quantity>0.000000</in_Quantity.quantity><out_Quantity.quantity>957.273448</out_Quantity.quantity></Point><Point><position>6221</position><in_Quantity.quantity>0.000000</in_Quantity.quantity><out_Quantity.quantity>685.852935</out_Quantity.quantity></Point><Point><position>6222</position><in_Quantity.quantity>0.000000</in_Quantity.quantity><out_Quantity.quantity>575.110946</out_Quantity.quantity></Point><Point><position>6223</position><in_Quantity.quantity>0.000000</in_Quantity.quantity><out_Quantity.quantity>13.001029</out_Quantity.quantity></Point><Point><position>6224</position><in_Quantity.quantity>0.000000</in_Quantity.quantity><out_Quantity.quantity>838.891241</out_Quantity.quantity></Point><Point><position>6225</position><in_Quantity.quantity>0.000000</in_Quantity.quantity><out_Quantity.quantity>927.464632</out_Quantity.quantity></Point><Point><position>6226</position><in_Quantity.quantity>0.000000</in_Quantity.quantity><out_Quantity.quantity>689.076142</out_Quantity.quantity></Point><Point><position>6227</position><in_Quantity.quantity>0.000000</in_Quantity.quantity><out_Quantity.quantity>484.169317</out_Quantity.quantity></Point><Point><position>6228</position><in_Quantity.quantity>0.000000</in_Quantity.quantity><out_Quantity.quantity>771.778616</out_Quantity.quantity></Point><Point><position>6229</position><in_Quantity.quantity>0.000000</in_Quantity.quantity><out_Quantity.quantity>225.222891</out_Quantity.quantity></Point><Point><position>6230</position><in_Quantity.quantity>0.000000</in_Quantity.quantity><out_Quantity.quantity>266.957811</out_Quantity.quantity></Point><Point><position>6231</position><in_Quantity.quantity>0.000000</in_Quantity.quantity><out_Quantity.quantity>765.926626</out_Quantity.quantity></Point><Point><position>6232</position><in_Quantity.quantity>0.000000</in_Quantity.quantity><out_Quantity.quantity>24.011197</out_Quantity.quantity></Point><Point><position>6233</position><in_Quantity.quantity>0.000000</in_Quantity.quantity><out_Quantity.quantity>490.415202</out_Quantity.quantity></Point><Point><position>6234</position><in_Quantity.quantity>0.000000</in_Quantity.quantity><out_Quantity.quantity>37.883519</out_Quantity.quantity></Point><Point><position>6235</position><in_Quantity.quantity>0.000000</in_Quantity.quantity><out_Quantity.quantity>528.744076</out_Quantity.quantity></Point><Point><position>6236</position><in_Quantity.quantity>0.000000</in_Quantity.quantity><out_Quantity.quantity>128.395726</out_Quantity.quantity></Point><Point><position>6237</position><in_Quantity.quantity>0.000000</in_Quantity.quantity><out_Quantity.quantity>947.767692</out_Quantity.quantity></Point><Point><position>6238</position><in_Quantity.quantity>0.000000</in_Quantity.quantity><out_Quantity.quantity>505.770595</out_Quantity.quantity></Point><Point><position>6239</position><in_Quantity.quantity>0.000000</in_Quantity.quantity><out_Quantity.quantity>812.685668</out_Quantity.quantity></Point><Point><position>6240</position><in_Quantity.quantity>0.000000</in_Quantity.quantity><out_Quantity.quantity>597.268470</out_Quantity.quantity></Point><Point><position>6241</position><in_Quantity.quantity>0.000000</in_Quantity.quantity><out_Quantity.quantity>736.038889</out_Quantity.quantity></Point><Point><position>6242</position><in_Quantity.quantity>0.000000</in_Quantity.quantity><out_Quantity.quantity>906.524686</out_Quantity.quantity></Point><Point><position>6243</position><in_Quantity.quantity>0.000000</in_Quantity.quantity><out_Quantity.quantity>215.610458</out_Quantity.quantity></Point><Point><position>6244</position><in_Quantity.quantity>0.000000</in_Quantity.quantity><out_Quantity.quantity>585.540633</out_Quantity.quantity></Point><Point><position>6245</position><in_Quantity.quantity>0.000000</in_Quantity.quantity><out_Quantity.quantity>356.549487</out_Quantity.quantity></Point><Point><position>6246</position><in_Quantity.quantity>0.000000</in_Quantity.quantity><out_Quantity.quantity>476.206576</out_Quantity.quantity></Point><Point><position>6247</position><in_Quantity.quantity>0.000000</in_Quantity.quantity><out_Quantity.quantity>287.542220</out_Quantity.quantity></Point><Point><position>6248</position><in_Quantity.quantity>0.000000</in_Quantity.quantity><out_Quantity.quantity>244.347756</out_Quantity.quantity></Point><Point><position>6249</position><in_Quantity.quantity>0.000000</in_Quantity.quantity><out_Quantity.quantity>763.988550</out_Quantity.quantity></Point><Point><position>6250</position><in_Quantity.quantity>0.000000</in_Quantity.quantity><out_Quantity.quantity>378.777656</out_Quantity.quantity></Point><Point><position>6251</position><in_Quantity.quantity>0.000000</in_Quantity.quantity><out_Quantity.quantity>952.853679</out_Quantity.quantity></Point><Point><position>6252</position><in_Quantity.quantity>0.000000</in_Quantity.quantity><out_Quantity.quantity>85.540182</out_Quantity.quantity></Point><Point><position>6253</position><in_Quantity.quantity>0.000000</in_Quantity.quantity><out_Quantity.quantity>795.760725</out_Quantity.quantity></Point><Point><position>6254</position><in_Quantity.quantity>0.000000</in_Quantity.quantity><out_Quantity.quantity>334.315832</out_Quantity.quantity></Point><Point><position>6255</position><in_Quantity.quantity>0.000000</in_Quantity.quantity><out_Quantity.quantity>164.068003</out_Quantity.quantity></Point><Point><position>6256</position><in_Quantity.quantity>0.000000</in_Quantity.quantity><out_Quantity.quantity>140.868876</out_Quantity.quantity></Point><Point><position>6257</position><in_Quantity.quantity>0.000000</in_Quantity.quantity><out_Quantity.quantity>913.655848</out_Quantity.quantity></Point><Point><position>6258</position><in_Quantity.quantity>0.000000</in_Quantity.quantity><out_Quantity.quantity>688.203092</out_Quantity.quantity></Point><Point><position>6259</position><in_Quantity.quantity>0.000000</in_Quantity.quantity><out_Quantity.quantity>253.543223</out_Quantity.quantity></Point><Point><position>6260</position><in_Quantity.quantity>0.000000</in_Quantity.quantity><out_Quantity.quantity>644.449888</out_Quantity.quantity></Point><Point><position>6261</position><in_Quantity.quantity>0.000000</in_Quantity.quantity><out_Quantity.quantity>930.163239</out_Quantity.quantity></Point><Point><position>6262</position><in_Quantity.quantity>0.000000</in_Quantity.quantity><out_Quantity.quantity>246.341266</out_Quantity.quantity></Point><Point><position>6263</position><in_Quantity.quantity>0.000000</in_Quantity.quantity><out_Quantity.quantity>66.648489</out_Quantity.quantity></Point><Point><position>6264</position><in_Quantity.quantity>0.000000</in_Quantity.quantity><out_Quantity.quantity>8.833125</out_Quantity.quantity></Point><Point><position>6265</position><in_Quantity.quantity>0.000000</in_Quantity.quantity><out_Quantity.quantity>747.201415</out_Quantity.quantity></Point><Point><position>6266</position><in_Quantity.quantity>0.000000</in_Quantity.quantity><out_Quantity.quantity>809.209954</out_Quantity.quantity></Point><Point><position>6267</position><in_Quantity.quantity>0.000000</in_Quantity.quantity><out_Quantity.quantity>980.637160</out_Quantity.quantity></Point><Point><position>6268</position><in_Quantity.quantity>0.000000</in_Quantity.quantity><out_Quantity.quantity>430.887583</out_Quantity.quantity></Point><Point><position>6269</position><in_Quantity.quantity>0.000000</in_Quantity.quantity><out_Quantity.quantity>312.994307</out_Quantity.quantity></Point><Point><position>6270</position><in_Quantity.quantity>0.000000</in_Quantity.quantity><out_Quantity.quantity>910.849913</out_Quantity.quantity></Point><Point><position>6271</position><in_Quantity.quantity>0.000000</in_Quantity.quantity><out_Quantity.quantity>884.197684</out_Quantity.quantity></Point><Point><position>6272</position><in_Quantity.quantity>0.000000</in_Quantity.quantity><out_Quantity.quantity>426.075913</out_Quantity.quantity></Point><Point><position>6273</position><in_Quantity.quantity>0.000000</in_Quantity.quantity><out_Quantity.quantity>297.709949</out_Quantity.quantity></Point><Point><position>6274</position><in_Quantity.quantity>0.000000</in_Quantity.quantity><out_Quantity.quantity>483.142191</out_Quantity.quantity></Point><Point><position>6275</position><in_Quantity.quantity>0.000000</in_Quantity.quantity><out_Quantity.quantity>663.624201</out_Quantity.quantity></Point><Point><position>6276</position><in_Quantity.quantity>0.000000</in_Quantity.quantity><out_Quantity.quantity>643.042608</out_Quantity.quantity></Point><Point><position>6277</position><in_Quantity.quantity>0.000000</in_Quantity.quantity><out_Quantity.quantity>782.475396</out_Quantity.quantity></Point><Point><position>6278</position><in_Quantity.quantity>0.000000</in_Quantity.quantity><out_Quantity.quantity>132.607807</out_Quantity.quantity></Point><Point><position>6279</position><in_Quantity.quantity>0.000000</in_Quantity.quantity><out_Quantity.quantity>266.703377</out_Quantity.quantity></Point><Point><position>6280</position><in_Quantity.quantity>0.000000</in_Quantity.quantity><out_Quantity.quantity>626.500506</out_Quantity.quantity></Point><Point><position>6281</position><in_Quantity.quantity>0.000000</in_Quantity.quantity><out_Quantity.quantity>859.889069</out_Quantity.quantity></Point><Point><position>6282</position><in_Quantity.quantity>0.000000</in_Quantity.quantity><out_Quantity.quantity>552.834877</out_Quantity.quantity></Point><Point><position>6283</position><in_Quantity.quantity>0.000000</in_Quantity.quantity><out_Quantity.quantity>680.135815</out_Quantity.quantity></Point><Point><position>6284</position><in_Quantity.quantity>0.000000</in_Quantity.quantity><out_Quantity.quantity>690.571227</out_Quantity.quantity></Point><Point><position>6285</position><in_Quantity.quantity>0.000000</in_Quantity.quantity><out_Quantity.quantity>389.021315</out_Quantity.quantity></Point><Point><position>6286</position><in_Quantity.quantity>0.000000</in_Quantity.quantity><out_Quantity.quantity>402.855253</out_Quantity.quantity></Point><Point><position>6287</position><in_Quantity.quantity>0.000000</in_Quantity.quantity><out_Quantity.quantity>244.626441</out_Quantity.quantity></Point><Point><position>6288</position><in_Quantity.quantity>0.000000</in_Quantity.quantity><out_Quantity.quantity>619.191794</out_Quantity.quantity></Point><Point><position>6289</position><in_Quantity.quantity>0.000000</in_Quantity.quantity><out_Quantity.quantity>512.438161</out_Quantity.quantity></Point><Point><position>6290</position><in_Quantity.quantity>0.000000</in_Quantity.quantity><out_Quantity.quantity>168.373627</out_Quantity.quantity></Point><Point><position>6291</position><in_Quantity.quantity>0.000000</in_Quantity.quantity><out_Quantity.quantity>158.439260</out_Quantity.quantity></Point><Point><position>6292</position><in_Quantity.quantity>0.000000</in_Quantity.quantity><out_Quantity.quantity>42.316300</out_Quantity.quantity></Point><Point><position>6293</position><in_Quantity.quantity>0.000000</in_Quantity.quantity><out_Quantity.quantity>934.147189</out_Quantity.quantity></Point><Point><position>6294</position><in_Quantity.quantity>0.000000</in_Quantity.quantity><out_Quantity.quantity>660.640137</out_Quantity.quantity></Point><Point><position>6295</position><in_Quantity.quantity>0.000000</in_Quantity.quantity><out_Quantity.quantity>183.841682</out_Quantity.quantity></Point><Point><position>6296</position><in_Quantity.quantity>0.000000</in_Quantity.quantity><out_Quantity.quantity>651.176333</out_Quantity.quantity></Point><Point><position>6297</position><in_Quantity.quantity>0.000000</in_Quantity.quantity><out_Quantity.quantity>494.759669</out_Quantity.quantity></Point><Point><position>6298</position><in_Quantity.quantity>0.000000</in_Quantity.quantity><out_Quantity.quantity>317.153082</out_Quantity.quantity></Point><Point><position>6299</position><in_Quantity.quantity>0.000000</in_Quantity.quantity><out_Quantity.quantity>515.229473</out_Quantity.quantity></Point><Point><position>6300</position><in_Quantity.quantity>0.000000</in_Quantity.quantity><out_Quantity.quantity>506.869928</out_Quantity.quantity></Point><Point><position>6301</position><in_Quantity.quantity>0.000000</in_Quantity.quantity><out_Quantity.quantity>870.243579</out_Quantity.quantity></Point><Point><position>6302</position><in_Quantity.quantity>0.000000</in_Quantity.quantity><out_Quantity.quantity>843.906348</out_Quantity.quantity></Point><Point><position>6303</position><in_Quantity.quantity>0.000000</in_Quantity.quantity><out_Quantity.quantity>551.897224</out_Quantity.quantity></Point><Point><position>6304</position><in_Quantity.quantity>0.000000</in_Quantity.quantity><out_Quantity.quantity>440.616985</out_Quantity.quantity></Point><Point><position>6305</position><in_Quantity.quantity>0.000000</in_Quantity.quantity><out_Quantity.quantity>49.128335</out_Quantity.quantity></Point><Point><position>6306</position><in_Quantity.quantity>0.000000</in_Quantity.quantity><out_Quantity.quantity>524.678524</out_Quantity.quantity></Point><Point><position>6307</position><in_Quantity.quantity>0.000000</in_Quantity.quantity><out_Quantity.quantity>456.241281</out_Quantity.quantity></Point><Point><position>6308</position><in_Quantity.quantity>0.000000</in_Quantity.quantity><out_Quantity.quantity>233.061768</out_Quantity.quantity></Point><Point><position>6309</position><in_Quantity.quantity>0.000000</in_Quantity.quantity><out_Quantity.quantity>456.598325</out_Quantity.quantity></Point><Point><position>6310</position><in_Quantity.quantity>0.000000</in_Quantity.quantity><out_Quantity.quantity>385.310167</out_Quantity.quantity></Point><Point><position>6311</position><in_Quantity.quantity>0.000000</in_Quantity.quantity><out_Quantity.quantity>860.142832</out_Quantity.quantity></Point><Point><position>6312</position><in_Quantity.quantity>0.000000</in_Quantity.quantity><out_Quantity.quantity>924.812757</out_Quantity.quantity></Point><Point><position>6313</position><in_Quantity.quantity>0.000000</in_Quantity.quantity><out_Quantity.quantity>905.807869</out_Quantity.quantity></Point><Point><position>6314</position><in_Quantity.quantity>0.000000</in_Quantity.quantity><out_Quantity.quantity>973.450546</out_Quantity.quantity></Point><Point><position>6315</position><in_Quantity.quantity>0.000000</in_Quantity.quantity><out_Quantity.quantity>996.357166</out_Quantity.quantity></Point><Point><position>6316</position><in_Quantity.quantity>0.000000</in_Quantity.quantity><out_Quantity.quantity>456.559164</out_Quantity.quantity></Point><Point><position>6317</position><in_Quantity.quantity>0.000000</in_Quantity.quantity><out_Quantity.quantity>835.206820</out_Quantity.quantity></Point><Point><position>6318</position><in_Quantity.quantity>0.000000</in_Quantity.quantity><out_Quantity.quantity>204.420566</out_Quantity.quantity></Point><Point><position>6319</position><in_Quantity.quantity>0.000000</in_Quantity.quantity><out_Quantity.quantity>140.829872</out_Quantity.quantity></Point><Point><position>6320</position><in_Quantity.quantity>0.000000</in_Quantity.quantity><out_Quantity.quantity>386.971359</out_Quantity.quantity></Point><Point><position>6321</position><in_Quantity.quantity>0.000000</in_Quantity.quantity><out_Quantity.quantity>242.107379</out_Quantity.quantity></Point><Point><position>6322</position><in_Quantity.quantity>0.000000</in_Quantity.quantity><out_Quantity.quantity>201.465301</out_Quantity.quantity></Point><Point><position>6323</position><in_Quantity.quantity>0.000000</in_Quantity.quantity><out_Quantity.quantity>522.956364</out_Quantity.quantity></Point><Point><position>6324</position><in_Quantity.quantity>0.000000</in_Quantity.quantity><out_Quantity.quantity>836.515679</out_Quantity.quantity></Point><Point><position>6325</position><in_Quantity.quantity>0.000000</in_Quantity.quantity><out_Quantity.quantity>797.249271</out_Quantity.quantity></Point><Point><position>6326</position><in_Quantity.quantity>0.000000</in_Quantity.quantity><out_Quantity.quantity>480.305802</out_Quantity.quantity></Point><Point><position>6327</position><in_Quantity.quantity>0.000000</in_Quantity.quantity><out_Quantity.quantity>643.025070</out_Quantity.quantity></Point><Point><position>6328</position><in_Quantity.quantity>0.000000</in_Quantity.quantity><out_Quantity.quantity>480.035645</out_Quantity.quantity></Point><Point><position>6329</position><in_Quantity.quantity>0.000000</in_Quantity.quantity><out_Quantity.quantity>469.017063</out_Quantity.quantity></Point><Point><position>6330</position><in_Quantity.quantity>0.000000</in_Quantity.quantity><out_Quantity.quantity>501.689786</out_Quantity.quantity></Point><Point><position>6331</position><in_Quantity.quantity>0.000000</in_Quantity.quantity><out_Quantity.quantity>799.292172</out_Quantity.quantity></Point><Point><position>6332</position><in_Quantity.quantity>0.000000</in_Quantity.quantity><out_Quantity.quantity>187.179858</out_Quantity.quantity></Point><Point><position>6333</position><in_Quantity.quantity>0.000000</in_Quantity.quantity><out_Quantity.quantity>219.762518</out_Quantity.quantity></Point><Point><position>6334</position><in_Quantity.quantity>0.000000</in_Quantity.quantity><out_Quantity.quantity>162.820122</out_Quantity.quantity></Point><Point><position>6335</position><in_Quantity.quantity>0.000000</in_Quantity.quantity><out_Quantity.quantity>528.323447</out_Quantity.quantity></Point><Point><position>6336</position><in_Quantity.quantity>0.000000</in_Quantity.quantity><out_Quantity.quantity>266.617732</out_Quantity.quantity></Point><Point><position>6337</position><in_Quantity.quantity>0.000000</in_Quantity.quantity><out_Quantity.quantity>716.417180</out_Quantity.quantity></Point><Point><position>6338</position><in_Quantity.quantity>0.000000</in_Quantity.quantity><out_Quantity.quantity>23.206909</out_Quantity.quantity></Point><Point><position>6339</position><in_Quantity.quantity>0.000000</in_Quantity.quantity><out_Quantity.quantity>299.706725</out_Quantity.quantity></Point><Point><position>6340</position><in_Quantity.quantity>0.000000</in_Quantity.quantity><out_Quantity.quantity>595.042034</out_Quantity.quantity></Point><Point><position>6341</position><in_Quantity.quantity>0.000000</in_Quantity.quantity><out_Quantity.quantity>931.425274</out_Quantity.quantity></Point><Point><position>6342</position><in_Quantity.quantity>0.000000</in_Quantity.quantity><out_Quantity.quantity>972.335509</out_Quantity.quantity></Point><Point><position>6343</position><in_Quantity.quantity>0.000000</in_Quantity.quantity><out_Quantity.quantity>357.479776</out_Quantity.quantity></Point><Point><position>6344</position><in_Quantity.quantity>0.000000</in_Quantity.quantity><out_Quantity.quantity>491.307313</out_Quantity.quantity></Point><Point><position>6345</position><in_Quantity.quantity>0.000000</in_Quantity.quantity><out_Quantity.quantity>50.694789</out_Quantity.quantity></Point><Point><position>6346</position><in_Quantity.quantity>0.000000</in_Quantity.quantity><out_Quantity.quantity>645.449755</out_Quantity.quantity></Point><Point><position>6347</position><in_Quantity.quantity>0.000000</in_Quantity.quantity><out_Quantity.quantity>757.258774</out_Quantity.quantity></Point><Point><position>6348</position><in_Quantity.quantity>0.000000</in_Quantity.quantity><out_Quantity.quantity>628.505395</out_Quantity.quantity></Point><Point><position>6349</position><in_Quantity.quantity>0.000000</in_Quantity.quantity><out_Quantity.quantity>877.418354</out_Quantity.quantity></Point><Point><position>6350</position><in_Quantity.quantity>0.000000</in_Quantity.quantity><out_Quantity.quantity>599.829535</out_Quantity.quantity></Point><Point><position>6351</position><in_Quantity.quantity>0.000000</in_Quantity.quantity><out_Quantity.quantity>298.718648</out_Quantity.quantity></Point><Point><position>6352</position><in_Quantity.quantity>0.000000</in_Quantity.quantity><out_Quantity.quantity>40.996672</out_Quantity.quantity></Point><Point><position>6353</position><in_Quantity.quantity>0.000000</in_Quantity.quantity><out_Quantity.quantity>287.983897</out_Quantity.quantity></Point><Point><position>6354</position><in_Quantity.quantity>0.000000</in_Quantity.quantity><out_Quantity.quantity>551.535588</out_Quantity.quantity></Point><Point><position>6355</position><in_Quantity.quantity>0.000000</in_Quantity.quantity><out_Quantity.quantity>492.837396</out_Quantity.quantity></Point><Point><position>6356</position><in_Quantity.quantity>0.000000</in_Quantity.quantity><out_Quantity.quantity>135.788051</out_Quantity.quantity></Point><Point><position>6357</position><in_Quantity.quantity>0.000000</in_Quantity.quantity><out_Quantity.quantity>545.992849</out_Quantity.quantity></Point><Point><position>6358</position><in_Quantity.quantity>0.000000</in_Quantity.quantity><out_Quantity.quantity>280.101568</out_Quantity.quantity></Point><Point><position>6359</position><in_Quantity.quantity>0.000000</in_Quantity.quantity><out_Quantity.quantity>91.057185</out_Quantity.quantity></Point><Point><position>6360</position><in_Quantity.quantity>0.000000</in_Quantity.quantity><out_Quantity.quantity>9.536409</out_Quantity.quantity></Point><Point><position>6361</position><in_Quantity.quantity>0.000000</in_Quantity.quantity><out_Quantity.quantity>354.950446</out_Quantity.quantity></Point><Point><position>6362</position><in_Quantity.quantity>0.000000</in_Quantity.quantity><out_Quantity.quantity>454.744117</out_Quantity.quantity></Point><Point><position>6363</position><in_Quantity.quantity>0.000000</in_Quantity.quantity><out_Quantity.quantity>27.524731</out_Quantity.quantity></Point><Point><position>6364</position><in_Quantity.quantity>0.000000</in_Quantity.quantity><out_Quantity.quantity>292.403664</out_Quantity.quantity></Point><Point><position>6365</position><in_Quantity.quantity>0.000000</in_Quantity.quantity><out_Quantity.quantity>972.307130</out_Quantity.quantity></Point><Point><position>6366</position><in_Quantity.quantity>0.000000</in_Quantity.quantity><out_Quantity.quantity>547.159715</out_Quantity.quantity></Point><Point><position>6367</position><in_Quantity.quantity>0.000000</in_Quantity.quantity><out_Quantity.quantity>325.259846</out_Quantity.quantity></Point><Point><position>6368</position><in_Quantity.quantity>0.000000</in_Quantity.quantity><out_Quantity.quantity>966.104927</out_Quantity.quantity></Point><Point><position>6369</position><in_Quantity.quantity>0.000000</in_Quantity.quantity><out_Quantity.quantity>552.706978</out_Quantity.quantity></Point><Point><position>6370</position><in_Quantity.quantity>0.000000</in_Quantity.quantity><out_Quantity.quantity>488.140852</out_Quantity.quantity></Point><Point><position>6371</position><in_Quantity.quantity>0.000000</in_Quantity.quantity><out_Quantity.quantity>571.539289</out_Quantity.quantity></Point><Point><position>6372</position><in_Quantity.quantity>0.000000</in_Quantity.quantity><out_Quantity.quantity>916.727563</out_Quantity.quantity></Point><Point><position>6373</position><in_Quantity.quantity>0.000000</in_Quantity.quantity><out_Quantity.quantity>780.245398</out_Quantity.quantity></Point><Point><position>6374</position><in_Quantity.quantity>0.000000</in_Quantity.quantity><out_Quantity.quantity>378.264439</out_Quantity.quantity></Point><Point><position>6375</position><in_Quantity.quantity>0.000000</in_Quantity.quantity><out_Quantity.quantity>42.371446</out_Quantity.quantity></Point><Point><position>6376</position><in_Quantity.quantity>0.000000</in_Quantity.quantity><out_Quantity.quantity>718.287194</out_Quantity.quantity></Point><Point><position>6377</position><in_Quantity.quantity>0.000000</in_Quantity.quantity><out_Quantity.quantity>118.720580</out_Quantity.quantity></Point><Point><position>6378</position><in_Quantity.quantity>0.000000</in_Quantity.quantity><out_Quantity.quantity>297.070267</out_Quantity.quantity></Point><Point><position>6379</position><in_Quantity.quantity>0.000000</in_Quantity.quantity><out_Quantity.quantity>537.359559</out_Quantity.quantity></Point><Point><position>6380</position><in_Quantity.quantity>0.000000</in_Quantity.quantity><out_Quantity.quantity>254.082842</out_Quantity.quantity></Point><Point><position>6381</position><in_Quantity.quantity>0.000000</in_Quantity.quantity><out_Quantity.quantity>13.037609</out_Quantity.quantity></Point><Point><position>6382</position><in_Quantity.quantity>0.000000</in_Quantity.quantity><out_Quantity.quantity>280.315116</out_Quantity.quantity></Point><Point><position>6383</position><in_Quantity.quantity>0.000000</in_Quantity.quantity><out_Quantity.quantity>890.103574</out_Quantity.quantity></Point><Point><position>6384</position><in_Quantity.quantity>0.000000</in_Quantity.quantity><out_Quantity.quantity>561.197091</out_Quantity.quantity></Point><Point><position>6385</position><in_Quantity.quantity>0.000000</in_Quantity.quantity><out_Quantity.quantity>335.022628</out_Quantity.quantity></Point><Point><position>6386</position><in_Quantity.quantity>0.000000</in_Quantity.quantity><out_Quantity.quantity>505.918987</out_Quantity.quantity></Point><Point><position>6387</position><in_Quantity.quantity>0.000000</in_Quantity.quantity><out_Quantity.quantity>464.350739</out_Quantity.quantity></Point><Point><position>6388</position><in_Quantity.quantity>0.000000</in_Quantity.quantity><out_Quantity.quantity>755.758497</out_Quantity.quantity></Point><Point><position>6389</position><in_Quantity.quantity>0.000000</in_Quantity.quantity><out_Quantity.quantity>251.666292</out_Quantity.quantity></Point><Point><position>6390</position><in_Quantity.quantity>0.000000</in_Quantity.quantity><out_Quantity.quantity>469.949091</out_Quantity.quantity></Point><Point><position>6391</position><in_Quantity.quantity>0.000000</in_Quantity.quantity><out_Quantity.quantity>616.235250</out_Quantity.quantity></Point><Point><position>6392</position><in_Quantity.quantity>0.000000</in_Quantity.quantity><out_Quantity.quantity>869.745370</out_Quantity.quantity></Point><Point><position>6393</position><in_Quantity.quantity>0.000000</in_Quantity.quantity><out_Quantity.quantity>227.517517</out_Quantity.quantity></Point><Point><position>6394</position><in_Quantity.quantity>0.000000</in_Quantity.quantity><out_Quantity.quantity>642.911244</out_Quantity.quantity></Point><Point><position>6395</position><in_Quantity.quantity>0.000000</in_Quantity.quantity><out_Quantity.quantity>234.162171</out_Quantity.quantity></Point><Point><position>6396</position><in_Quantity.quantity>0.000000</in_Quantity.quantity><out_Quantity.quantity>551.006523</out_Quantity.quantity></Point><Point><position>6397</position><in_Quantity.quantity>0.000000</in_Quantity.quantity><out_Quantity.quantity>386.116235</out_Quantity.quantity></Point><Point><position>6398</position><in_Quantity.quantity>0.000000</in_Quantity.quantity><out_Quantity.quantity>639.003454</out_Quantity.quantity></Point><Point><position>6399</position><in_Quantity.quantity>0.000000</in_Quantity.quantity><out_Quantity.quantity>368.422390</out_Quantity.quantity></Point><Point><position>6400</position><in_Quantity.quantity>0.000000</in_Quantity.quantity><out_Quantity.quantity>314.084055</out_Quantity.quantity></Point><Point><position>6401</position><in_Quantity.quantity>0.000000</in_Quantity.quantity><out_Quantity.quantity>987.610442</out_Quantity.quantity></Point><Point><position>6402</position><in_Quantity.quantity>0.000000</in_Quantity.quantity><out_Quantity.quantity>856.638078</out_Quantity.quantity></Point><Point><position>6403</position><in_Quantity.quantity>0.000000</in_Quantity.quantity><out_Quantity.quantity>793.489233</out_Quantity.quantity></Point><Point><position>6404</position><in_Quantity.quantity>0.000000</in_Quantity.quantity><out_Quantity.quantity>389.549788</out_Quantity.quantity></Point><Point><position>6405</position><in_Quantity.quantity>0.000000</in_Quantity.quantity><out_Quantity.quantity>530.115695</out_Quantity.quantity></Point><Point><position>6406</position><in_Quantity.quantity>0.000000</in_Quantity.quantity><out_Quantity.quantity>962.638429</out_Quantity.quantity></Point><Point><position>6407</position><in_Quantity.quantity>0.000000</in_Quantity.quantity><out_Quantity.quantity>520.470841</out_Quantity.quantity></Point><Point><position>6408</position><in_Quantity.quantity>0.000000</in_Quantity.quantity><out_Quantity.quantity>635.023937</out_Quantity.quantity></Point><Point><position>6409</position><in_Quantity.quantity>0.000000</in_Quantity.quantity><out_Quantity.quantity>418.412250</out_Quantity.quantity></Point><Point><position>6410</position><in_Quantity.quantity>0.000000</in_Quantity.quantity><out_Quantity.quantity>281.260183</out_Quantity.quantity></Point><Point><position>6411</position><in_Quantity.quantity>0.000000</in_Quantity.quantity><out_Quantity.quantity>60.930798</out_Quantity.quantity></Point><Point><position>6412</position><in_Quantity.quantity>0.000000</in_Quantity.quantity><out_Quantity.quantity>133.720224</out_Quantity.quantity></Point><Point><position>6413</position><in_Quantity.quantity>0.000000</in_Quantity.quantity><out_Quantity.quantity>861.885578</out_Quantity.quantity></Point><Point><position>6414</position><in_Quantity.quantity>0.000000</in_Quantity.quantity><out_Quantity.quantity>741.714101</out_Quantity.quantity></Point><Point><position>6415</position><in_Quantity.quantity>0.000000</in_Quantity.quantity><out_Quantity.quantity>830.672803</out_Quantity.quantity></Point><Point><position>6416</position><in_Quantity.quantity>0.000000</in_Quantity.quantity><out_Quantity.quantity>800.676543</out_Quantity.quantity></Point><Point><position>6417</position><in_Quantity.quantity>0.000000</in_Quantity.quantity><out_Quantity.quantity>98.141556</out_Quantity.quantity></Point><Point><position>6418</position><in_Quantity.quantity>0.000000</in_Quantity.quantity><out_Quantity.quantity>377.928635</out_Quantity.quantity></Point><Point><position>6419</position><in_Quantity.quantity>0.000000</in_Quantity.quantity><out_Quantity.quantity>926.996412</out_Quantity.quantity></Point><Point><position>6420</position><in_Quantity.quantity>0.000000</in_Quantity.quantity><out_Quantity.quantity>500.359488</out_Quantity.quantity></Point><Point><position>6421</position><in_Quantity.quantity>0.000000</in_Quantity.quantity><out_Quantity.quantity>389.949960</out_Quantity.quantity></Point><Point><position>6422</position><in_Quantity.quantity>0.000000</in_Quantity.quantity><out_Quantity.quantity>732.727382</out_Quantity.quantity></Point><Point><position>6423</position><in_Quantity.quantity>0.000000</in_Quantity.quantity><out_Quantity.quantity>988.439255</out_Quantity.quantity></Point><Point><position>6424</position><in_Quantity.quantity>0.000000</in_Quantity.quantity><out_Quantity.quantity>277.831098</out_Quantity.quantity></Point><Point><position>6425</position><in_Quantity.quantity>0.000000</in_Quantity.quantity><out_Quantity.quantity>741.594778</out_Quantity.quantity></Point><Point><position>6426</position><in_Quantity.quantity>0.000000</in_Quantity.quantity><out_Quantity.quantity>815.022250</out_Quantity.quantity></Point><Point><position>6427</position><in_Quantity.quantity>0.000000</in_Quantity.quantity><out_Quantity.quantity>466.406478</out_Quantity.quantity></Point><Point><position>6428</position><in_Quantity.quantity>0.000000</in_Quantity.quantity><out_Quantity.quantity>986.350702</out_Quantity.quantity></Point><Point><position>6429</position><in_Quantity.quantity>0.000000</in_Quantity.quantity><out_Quantity.quantity>185.980939</out_Quantity.quantity></Point><Point><position>6430</position><in_Quantity.quantity>0.000000</in_Quantity.quantity><out_Quantity.quantity>507.595781</out_Quantity.quantity></Point><Point><position>6431</position><in_Quantity.quantity>0.000000</in_Quantity.quantity><out_Quantity.quantity>643.656413</out_Quantity.quantity></Point><Point><position>6432</position><in_Quantity.quantity>0.000000</in_Quantity.quantity><out_Quantity.quantity>383.337827</out_Quantity.quantity></Point><Point><position>6433</position><in_Quantity.quantity>0.000000</in_Quantity.quantity><out_Quantity.quantity>9.376914</out_Quantity.quantity></Point><Point><position>6434</position><in_Quantity.quantity>0.000000</in_Quantity.quantity><out_Quantity.quantity>67.293792</out_Quantity.quantity></Point><Point><position>6435</position><in_Quantity.quantity>0.000000</in_Quantity.quantity><out_Quantity.quantity>504.887076</out_Quantity.quantity></Point><Point><position>6436</position><in_Quantity.quantity>0.000000</in_Quantity.quantity><out_Quantity.quantity>75.902049</out_Quantity.quantity></Point><Point><position>6437</position><in_Quantity.quantity>0.000000</in_Quantity.quantity><out_Quantity.quantity>823.011547</out_Quantity.quantity></Point><Point><position>6438</position><in_Quantity.quantity>0.000000</in_Quantity.quantity><out_Quantity.quantity>110.028093</out_Quantity.quantity></Point><Point><position>6439</position><in_Quantity.quantity>0.000000</in_Quantity.quantity><out_Quantity.quantity>32.826688</out_Quantity.quantity></Point><Point><position>6440</position><in_Quantity.quantity>0.000000</in_Quantity.quantity><out_Quantity.quantity>112.402013</out_Quantity.quantity></Point><Point><position>6441</position><in_Quantity.quantity>0.000000</in_Quantity.quantity><out_Quantity.quantity>442.335416</out_Quantity.quantity></Point><Point><position>6442</position><in_Quantity.quantity>0.000000</in_Quantity.quantity><out_Quantity.quantity>718.345339</out_Quantity.quantity></Point><Point><position>6443</position><in_Quantity.quantity>0.000000</in_Quantity.quantity><out_Quantity.quantity>402.825474</out_Quantity.quantity></Point><Point><position>6444</position><in_Quantity.quantity>0.000000</in_Quantity.quantity><out_Quantity.quantity>609.082437</out_Quantity.quantity></Point><Point><position>6445</position><in_Quantity.quantity>0.000000</in_Quantity.quantity><out_Quantity.quantity>108.753189</out_Quantity.quantity></Point><Point><position>6446</position><in_Quantity.quantity>0.000000</in_Quantity.quantity><out_Quantity.quantity>892.707296</out_Quantity.quantity></Point><Point><position>6447</position><in_Quantity.quantity>0.000000</in_Quantity.quantity><out_Quantity.quantity>553.191866</out_Quantity.quantity></Point><Point><position>6448</position><in_Quantity.quantity>0.000000</in_Quantity.quantity><out_Quantity.quantity>138.837894</out_Quantity.quantity></Point><Point><position>6449</position><in_Quantity.quantity>0.000000</in_Quantity.quantity><out_Quantity.quantity>328.256551</out_Quantity.quantity></Point><Point><position>6450</position><in_Quantity.quantity>0.000000</in_Quantity.quantity><out_Quantity.quantity>303.317390</out_Quantity.quantity></Point><Point><position>6451</position><in_Quantity.quantity>0.000000</in_Quantity.quantity><out_Quantity.quantity>711.701302</out_Quantity.quantity></Point><Point><position>6452</position><in_Quantity.quantity>0.000000</in_Quantity.quantity><out_Quantity.quantity>978.251080</out_Quantity.quantity></Point><Point><position>6453</position><in_Quantity.quantity>0.000000</in_Quantity.quantity><out_Quantity.quantity>777.356735</out_Quantity.quantity></Point><Point><position>6454</position><in_Quantity.quantity>0.000000</in_Quantity.quantity><out_Quantity.quantity>90.090847</out_Quantity.quantity></Point><Point><position>6455</position><in_Quantity.quantity>0.000000</in_Quantity.quantity><out_Quantity.quantity>870.431546</out_Quantity.quantity></Point><Point><position>6456</position><in_Quantity.quantity>0.000000</in_Quantity.quantity><out_Quantity.quantity>340.398405</out_Quantity.quantity></Point><Point><position>6457</position><in_Quantity.quantity>0.000000</in_Quantity.quantity><out_Quantity.quantity>619.271943</out_Quantity.quantity></Point><Point><position>6458</position><in_Quantity.quantity>0.000000</in_Quantity.quantity><out_Quantity.quantity>59.578611</out_Quantity.quantity></Point><Point><position>6459</position><in_Quantity.quantity>0.000000</in_Quantity.quantity><out_Quantity.quantity>429.753167</out_Quantity.quantity></Point><Point><position>6460</position><in_Quantity.quantity>0.000000</in_Quantity.quantity><out_Quantity.quantity>883.413536</out_Quantity.quantity></Point><Point><position>6461</position><in_Quantity.quantity>0.000000</in_Quantity.quantity><out_Quantity.quantity>515.675737</out_Quantity.quantity></Point><Point><position>6462</position><in_Quantity.quantity>0.000000</in_Quantity.quantity><out_Quantity.quantity>814.336085</out_Quantity.quantity></Point><Point><position>6463</position><in_Quantity.quantity>0.000000</in_Quantity.quantity><out_Quantity.quantity>181.530179</out_Quantity.quantity></Point><Point><position>6464</position><in_Quantity.quantity>0.000000</in_Quantity.quantity><out_Quantity.quantity>243.154066</out_Quantity.quantity></Point><Point><position>6465</position><in_Quantity.quantity>0.000000</in_Quantity.quantity><out_Quantity.quantity>993.356569</out_Quantity.quantity></Point><Point><position>6466</position><in_Quantity.quantity>0.000000</in_Quantity.quantity><out_Quantity.quantity>671.940011</out_Quantity.quantity></Point><Point><position>6467</position><in_Quantity.quantity>0.000000</in_Quantity.quantity><out_Quantity.quantity>23.996289</out_Quantity.quantity></Point><Point><position>6468</position><in_Quantity.quantity>0.000000</in_Quantity.quantity><out_Quantity.quantity>957.574231</out_Quantity.quantity></Point><Point><position>6469</position><in_Quantity.quantity>0.000000</in_Quantity.quantity><out_Quantity.quantity>801.212919</out_Quantity.quantity></Point><Point><position>6470</position><in_Quantity.quantity>0.000000</in_Quantity.quantity><out_Quantity.quantity>675.803930</out_Quantity.quantity></Point><Point><position>6471</position><in_Quantity.quantity>0.000000</in_Quantity.quantity><out_Quantity.quantity>695.362631</out_Quantity.quantity></Point><Point><position>6472</position><in_Quantity.quantity>0.000000</in_Quantity.quantity><out_Quantity.quantity>886.306081</out_Quantity.quantity></Point><Point><position>6473</position><in_Quantity.quantity>0.000000</in_Quantity.quantity><out_Quantity.quantity>658.409698</out_Quantity.quantity></Point><Point><position>6474</position><in_Quantity.quantity>0.000000</in_Quantity.quantity><out_Quantity.quantity>796.867330</out_Quantity.quantity></Point><Point><position>6475</position><in_Quantity.quantity>0.000000</in_Quantity.quantity><out_Quantity.quantity>195.239682</out_Quantity.quantity></Point><Point><position>6476</position><in_Quantity.quantity>0.000000</in_Quantity.quantity><out_Quantity.quantity>974.624978</out_Quantity.quantity></Point><Point><position>6477</position><in_Quantity.quantity>0.000000</in_Quantity.quantity><out_Quantity.quantity>388.592627</out_Quantity.quantity></Point><Point><position>6478</position><in_Quantity.quantity>0.000000</in_Quantity.quantity><out_Quantity.quantity>522.732346</out_Quantity.quantity></Point><Point><position>6479</position><in_Quantity.quantity>0.000000</in_Quantity.quantity><out_Quantity.quantity>338.180196</out_Quantity.quantity></Point><Point><position>6480</position><in_Quantity.quantity>0.000000</in_Quantity.quantity><out_Quantity.quantity>197.905861</out_Quantity.quantity></Point><Point><position>6481</position><in_Quantity.quantity>0.000000</in_Quantity.quantity><out_Quantity.quantity>520.146467</out_Quantity.quantity></Point><Point><position>6482</position><in_Quantity.quantity>0.000000</in_Quantity.quantity><out_Quantity.quantity>330.753012</out_Quantity.quantity></Point><Point><position>6483</position><in_Quantity.quantity>0.000000</in_Quantity.quantity><out_Quantity.quantity>807.775336</out_Quantity.quantity></Point><Point><position>6484</position><in_Quantity.quantity>0.000000</in_Quantity.quantity><out_Quantity.quantity>86.098724</out_Quantity.quantity></Point><Point><position>6485</position><in_Quantity.quantity>0.000000</in_Quantity.quantity><out_Quantity.quantity>792.847928</out_Quantity.quantity></Point><Point><position>6486</position><in_Quantity.quantity>0.000000</in_Quantity.quantity><out_Quantity.quantity>901.525955</out_Quantity.quantity></Point><Point><position>6487</position><in_Quantity.quantity>0.000000</in_Quantity.quantity><out_Quantity.quantity>423.123822</out_Quantity.quantity></Point><Point><position>6488</position><in_Quantity.quantity>0.000000</in_Quantity.quantity><out_Quantity.quantity>737.726752</out_Quantity.quantity></Point><Point><position>6489</position><in_Quantity.quantity>0.000000</in_Quantity.quantity><out_Quantity.quantity>656.920635</out_Quantity.quantity></Point><Point><position>6490</position><in_Quantity.quantity>0.000000</in_Quantity.quantity><out_Quantity.quantity>152.780315</out_Quantity.quantity></Point><Point><position>6491</position><in_Quantity.quantity>0.000000</in_Quantity.quantity><out_Quantity.quantity>970.002768</out_Quantity.quantity></Point><Point><position>6492</position><in_Quantity.quantity>0.000000</in_Quantity.quantity><out_Quantity.quantity>972.109676</out_Quantity.quantity></Point><Point><position>6493</position><in_Quantity.quantity>0.000000</in_Quantity.quantity><out_Quantity.quantity>909.864831</out_Quantity.quantity></Point><Point><position>6494</position><in_Quantity.quantity>0.000000</in_Quantity.quantity><out_Quantity.quantity>589.132271</out_Quantity.quantity></Point><Point><position>6495</position><in_Quantity.quantity>0.000000</in_Quantity.quantity><out_Quantity.quantity>748.847934</out_Quantity.quantity></Point><Point><position>6496</position><in_Quantity.quantity>0.000000</in_Quantity.quantity><out_Quantity.quantity>399.870485</out_Quantity.quantity></Point><Point><position>6497</position><in_Quantity.quantity>0.000000</in_Quantity.quantity><out_Quantity.quantity>293.740928</out_Quantity.quantity></Point><Point><position>6498</position><in_Quantity.quantity>0.000000</in_Quantity.quantity><out_Quantity.quantity>157.725699</out_Quantity.quantity></Point><Point><position>6499</position><in_Quantity.quantity>0.000000</in_Quantity.quantity><out_Quantity.quantity>113.682442</out_Quantity.quantity></Point><Point><position>6500</position><in_Quantity.quantity>0.000000</in_Quantity.quantity><out_Quantity.quantity>940.754245</out_Quantity.quantity></Point><Point><position>6501</position><in_Quantity.quantity>0.000000</in_Quantity.quantity><out_Quantity.quantity>496.281911</out_Quantity.quantity></Point><Point><position>6502</position><in_Quantity.quantity>0.000000</in_Quantity.quantity><out_Quantity.quantity>542.305689</out_Quantity.quantity></Point><Point><position>6503</position><in_Quantity.quantity>0.000000</in_Quantity.quantity><out_Quantity.quantity>453.286300</out_Quantity.quantity></Point><Point><position>6504</position><in_Quantity.quantity>0.000000</in_Quantity.quantity><out_Quantity.quantity>758.275409</out_Quantity.quantity></Point><Point><position>6505</position><in_Quantity.quantity>0.000000</in_Quantity.quantity><out_Quantity.quantity>846.933905</out_Quantity.quantity></Point><Point><position>6506</position><in_Quantity.quantity>0.000000</in_Quantity.quantity><out_Quantity.quantity>716.359286</out_Quantity.quantity></Point><Point><position>6507</position><in_Quantity.quantity>0.000000</in_Quantity.quantity><out_Quantity.quantity>205.106909</out_Quantity.quantity></Point><Point><position>6508</position><in_Quantity.quantity>0.000000</in_Quantity.quantity><out_Quantity.quantity>401.888819</out_Quantity.quantity></Point><Point><position>6509</position><in_Quantity.quantity>0.000000</in_Quantity.quantity><out_Quantity.quantity>939.985433</out_Quantity.quantity></Point><Point><position>6510</position><in_Quantity.quantity>0.000000</in_Quantity.quantity><out_Quantity.quantity>78.403986</out_Quantity.quantity></Point><Point><position>6511</position><in_Quantity.quantity>0.000000</in_Quantity.quantity><out_Quantity.quantity>844.772175</out_Quantity.quantity></Point><Point><position>6512</position><in_Quantity.quantity>0.000000</in_Quantity.quantity><out_Quantity.quantity>115.912208</out_Quantity.quantity></Point><Point><position>6513</position><in_Quantity.quantity>0.000000</in_Quantity.quantity><out_Quantity.quantity>443.991978</out_Quantity.quantity></Point><Point><position>6514</position><in_Quantity.quantity>0.000000</in_Quantity.quantity><out_Quantity.quantity>14.520981</out_Quantity.quantity></Point><Point><position>6515</position><in_Quantity.quantity>0.000000</in_Quantity.quantity><out_Quantity.quantity>396.416627</out_Quantity.quantity></Point><Point><position>6516</position><in_Quantity.quantity>0.000000</in_Quantity.quantity><out_Quantity.quantity>636.497587</out_Quantity.quantity></Point><Point><position>6517</position><in_Quantity.quantity>0.000000</in_Quantity.quantity><out_Quantity.quantity>98.038175</out_Quantity.quantity></Point><Point><position>6518</position><in_Quantity.quantity>0.000000</in_Quantity.quantity><out_Quantity.quantity>233.429808</out_Quantity.quantity></Point><Point><position>6519</position><in_Quantity.quantity>0.000000</in_Quantity.quantity><out_Quantity.quantity>558.806383</out_Quantity.quantity></Point><Point><position>6520</position><in_Quantity.quantity>0.000000</in_Quantity.quantity><out_Quantity.quantity>538.438577</out_Quantity.quantity></Point><Point><position>6521</position><in_Quantity.quantity>0.000000</in_Quantity.quantity><out_Quantity.quantity>233.651854</out_Quantity.quantity></Point><Point><position>6522</position><in_Quantity.quantity>0.000000</in_Quantity.quantity><out_Quantity.quantity>459.340900</out_Quantity.quantity></Point><Point><position>6523</position><in_Quantity.quantity>0.000000</in_Quantity.quantity><out_Quantity.quantity>929.796814</out_Quantity.quantity></Point><Point><position>6524</position><in_Quantity.quantity>0.000000</in_Quantity.quantity><out_Quantity.quantity>887.656411</out_Quantity.quantity></Point><Point><position>6525</position><in_Quantity.quantity>0.000000</in_Quantity.quantity><out_Quantity.quantity>697.686179</out_Quantity.quantity></Point><Point><position>6526</position><in_Quantity.quantity>0.000000</in_Quantity.quantity><out_Quantity.quantity>208.312783</out_Quantity.quantity></Point><Point><position>6527</position><in_Quantity.quantity>0.000000</in_Quantity.quantity><out_Quantity.quantity>29.432248</out_Quantity.quantity></Point><Point><position>6528</position><in_Quantity.quantity>0.000000</in_Quantity.quantity><out_Quantity.quantity>616.559091</out_Quantity.quantity></Point><Point><position>6529</position><in_Quantity.quantity>0.000000</in_Quantity.quantity><out_Quantity.quantity>655.969593</out_Quantity.quantity></Point><Point><position>6530</position><in_Quantity.quantity>0.000000</in_Quantity.quantity><out_Quantity.quantity>163.351759</out_Quantity.quantity></Point><Point><position>6531</position><in_Quantity.quantity>0.000000</in_Quantity.quantity><out_Quantity.quantity>757.922150</out_Quantity.quantity></Point><Point><position>6532</position><in_Quantity.quantity>0.000000</in_Quantity.quantity><out_Quantity.quantity>513.508308</out_Quantity.quantity></Point><Point><position>6533</position><in_Quantity.quantity>0.000000</in_Quantity.quantity><out_Quantity.quantity>480.889993</out_Quantity.quantity></Point><Point><position>6534</position><in_Quantity.quantity>0.000000</in_Quantity.quantity><out_Quantity.quantity>274.208574</out_Quantity.quantity></Point><Point><position>6535</position><in_Quantity.quantity>0.000000</in_Quantity.quantity><out_Quantity.quantity>106.371574</out_Quantity.quantity></Point><Point><position>6536</position><in_Quantity.quantity>0.000000</in_Quantity.quantity><out_Quantity.quantity>454.317348</out_Quantity.quantity></Point><Point><position>6537</position><in_Quantity.quantity>0.000000</in_Quantity.quantity><out_Quantity.quantity>537.516729</out_Quantity.quantity></Point><Point><position>6538</position><in_Quantity.quantity>0.000000</in_Quantity.quantity><out_Quantity.quantity>901.311378</out_Quantity.quantity></Point><Point><position>6539</position><in_Quantity.quantity>0.000000</in_Quantity.quantity><out_Quantity.quantity>584.032848</out_Quantity.quantity></Point><Point><position>6540</position><in_Quantity.quantity>0.000000</in_Quantity.quantity><out_Quantity.quantity>569.299760</out_Quantity.quantity></Point><Point><position>6541</position><in_Quantity.quantity>0.000000</in_Quantity.quantity><out_Quantity.quantity>41.332406</out_Quantity.quantity></Point><Point><position>6542</position><in_Quantity.quantity>0.000000</in_Quantity.quantity><out_Quantity.quantity>200.391501</out_Quantity.quantity></Point><Point><position>6543</position><in_Quantity.quantity>0.000000</in_Quantity.quantity><out_Quantity.quantity>969.444409</out_Quantity.quantity></Point><Point><position>6544</position><in_Quantity.quantity>0.000000</in_Quantity.quantity><out_Quantity.quantity>535.007289</out_Quantity.quantity></Point><Point><position>6545</position><in_Quantity.quantity>0.000000</in_Quantity.quantity><out_Quantity.quantity>941.524337</out_Quantity.quantity></Point><Point><position>6546</position><in_Quantity.quantity>0.000000</in_Quantity.quantity><out_Quantity.quantity>70.536810</out_Quantity.quantity></Point><Point><position>6547</position><in_Quantity.quantity>0.000000</in_Quantity.quantity><out_Quantity.quantity>799.805584</out_Quantity.quantity></Point><Point><position>6548</position><in_Quantity.quantity>0.000000</in_Quantity.quantity><out_Quantity.quantity>682.105445</out_Quantity.quantity></Point><Point><position>6549</position><in_Quantity.quantity>0.000000</in_Quantity.quantity><out_Quantity.quantity>638.863501</out_Quantity.quantity></Point><Point><position>6550</position><in_Quantity.quantity>0.000000</in_Quantity.quantity><out_Quantity.quantity>832.383356</out_Quantity.quantity></Point><Point><position>6551</position><in_Quantity.quantity>0.000000</in_Quantity.quantity><out_Quantity.quantity>644.425362</out_Quantity.quantity></Point><Point><position>6552</position><in_Quantity.quantity>0.000000</in_Quantity.quantity><out_Quantity.quantity>819.795223</out_Quantity.quantity></Point><Point><position>6553</position><in_Quantity.quantity>0.000000</in_Quantity.quantity><out_Quantity.quantity>689.701743</out_Quantity.quantity></Point><Point><position>6554</position><in_Quantity.quantity>0.000000</in_Quantity.quantity><out_Quantity.quantity>611.101438</out_Quantity.quantity></Point><Point><position>6555</position><in_Quantity.quantity>0.000000</in_Quantity.quantity><out_Quantity.quantity>766.739874</out_Quantity.quantity></Point><Point><position>6556</position><in_Quantity.quantity>0.000000</in_Quantity.quantity><out_Quantity.quantity>32.155720</out_Quantity.quantity></Point><Point><position>6557</position><in_Quantity.quantity>0.000000</in_Quantity.quantity><out_Quantity.quantity>756.749339</out_Quantity.quantity></Point><Point><position>6558</position><in_Quantity.quantity>0.000000</in_Quantity.quantity><out_Quantity.quantity>871.204737</out_Quantity.quantity></Point><Point><position>6559</position><in_Quantity.quantity>0.000000</in_Quantity.quantity><out_Quantity.quantity>886.218929</out_Quantity.quantity></Point><Point><position>6560</position><in_Quantity.quantity>0.000000</in_Quantity.quantity><out_Quantity.quantity>751.909926</out_Quantity.quantity></Point><Point><position>6561</position><in_Quantity.quantity>0.000000</in_Quantity.quantity><out_Quantity.quantity>202.863108</out_Quantity.quantity></Point><Point><position>6562</position><in_Quantity.quantity>0.000000</in_Quantity.quantity><out_Quantity.quantity>575.369939</out_Quantity.quantity></Point><Point><position>6563</position><in_Quantity.quantity>0.000000</in_Quantity.quantity><out_Quantity.quantity>287.568284</out_Quantity.quantity></Point><Point><position>6564</position><in_Quantity.quantity>0.000000</in_Quantity.quantity><out_Quantity.quantity>652.021408</out_Quantity.quantity></Point><Point><position>6565</position><in_Quantity.quantity>0.000000</in_Quantity.quantity><out_Quantity.quantity>408.636098</out_Quantity.quantity></Point><Point><position>6566</position><in_Quantity.quantity>0.000000</in_Quantity.quantity><out_Quantity.quantity>474.711693</out_Quantity.quantity></Point><Point><position>6567</position><in_Quantity.quantity>0.000000</in_Quantity.quantity><out_Quantity.quantity>301.779342</out_Quantity.quantity></Point><Point><position>6568</position><in_Quantity.quantity>0.000000</in_Quantity.quantity><out_Quantity.quantity>568.699353</out_Quantity.quantity></Point><Point><position>6569</position><in_Quantity.quantity>0.000000</in_Quantity.quantity><out_Quantity.quantity>319.352557</out_Quantity.quantity></Point><Point><position>6570</position><in_Quantity.quantity>0.000000</in_Quantity.quantity><out_Quantity.quantity>361.049304</out_Quantity.quantity></Point><Point><position>6571</position><in_Quantity.quantity>0.000000</in_Quantity.quantity><out_Quantity.quantity>724.378484</out_Quantity.quantity></Point><Point><position>6572</position><in_Quantity.quantity>0.000000</in_Quantity.quantity><out_Quantity.quantity>142.960597</out_Quantity.quantity></Point><Point><position>6573</position><in_Quantity.quantity>0.000000</in_Quantity.quantity><out_Quantity.quantity>165.563957</out_Quantity.quantity></Point><Point><position>6574</position><in_Quantity.quantity>0.000000</in_Quantity.quantity><out_Quantity.quantity>781.700734</out_Quantity.quantity></Point><Point><position>6575</position><in_Quantity.quantity>0.000000</in_Quantity.quantity><out_Quantity.quantity>10.153860</out_Quantity.quantity></Point><Point><position>6576</position><in_Quantity.quantity>0.000000</in_Quantity.quantity><out_Quantity.quantity>670.573069</out_Quantity.quantity></Point><Point><position>6577</position><in_Quantity.quantity>0.000000</in_Quantity.quantity><out_Quantity.quantity>440.637803</out_Quantity.quantity></Point><Point><position>6578</position><in_Quantity.quantity>0.000000</in_Quantity.quantity><out_Quantity.quantity>525.262001</out_Quantity.quantity></Point><Point><position>6579</position><in_Quantity.quantity>0.000000</in_Quantity.quantity><out_Quantity.quantity>431.272959</out_Quantity.quantity></Point><Point><position>6580</position><in_Quantity.quantity>0.000000</in_Quantity.quantity><out_Quantity.quantity>883.490014</out_Quantity.quantity></Point><Point><position>6581</position><in_Quantity.quantity>0.000000</in_Quantity.quantity><out_Quantity.quantity>95.007214</out_Quantity.quantity></Point><Point><position>6582</position><in_Quantity.quantity>0.000000</in_Quantity.quantity><out_Quantity.quantity>800.285034</out_Quantity.quantity></Point><Point><position>6583</position><in_Quantity.quantity>0.000000</in_Quantity.quantity><out_Quantity.quantity>66.778495</out_Quantity.quantity></Point><Point><position>6584</position><in_Quantity.quantity>0.000000</in_Quantity.quantity><out_Quantity.quantity>438.482413</out_Quantity.quantity></Point><Point><position>6585</position><in_Quantity.quantity>0.000000</in_Quantity.quantity><out_Quantity.quantity>221.053238</out_Quantity.quantity></Point><Point><position>6586</position><in_Quantity.quantity>0.000000</in_Quantity.quantity><out_Quantity.quantity>101.992343</out_Quantity.quantity></Point><Point><position>6587</position><in_Quantity.quantity>0.000000</in_Quantity.quantity><out_Quantity.quantity>295.665285</out_Quantity.quantity></Point><Point><position>6588</position><in_Quantity.quantity>0.000000</in_Quantity.quantity><out_Quantity.quantity>425.801258</out_Quantity.quantity></Point><Point><position>6589</position><in_Quantity.quantity>0.000000</in_Quantity.quantity><out_Quantity.quantity>870.505282</out_Quantity.quantity></Point><Point><position>6590</position><in_Quantity.quantity>0.000000</in_Quantity.quantity><out_Quantity.quantity>739.157047</out_Quantity.quantity></Point><Point><position>6591</position><in_Quantity.quantity>0.000000</in_Quantity.quantity><out_Quantity.quantity>729.648351</out_Quantity.quantity></Point><Point><position>6592</position><in_Quantity.quantity>0.000000</in_Quantity.quantity><out_Quantity.quantity>846.588505</out_Quantity.quantity></Point><Point><position>6593</position><in_Quantity.quantity>0.000000</in_Quantity.quantity><out_Quantity.quantity>665.872477</out_Quantity.quantity></Point><Point><position>6594</position><in_Quantity.quantity>0.000000</in_Quantity.quantity><out_Quantity.quantity>298.810009</out_Quantity.quantity></Point><Point><position>6595</position><in_Quantity.quantity>0.000000</in_Quantity.quantity><out_Quantity.quantity>596.829451</out_Quantity.quantity></Point><Point><position>6596</position><in_Quantity.quantity>0.000000</in_Quantity.quantity><out_Quantity.quantity>158.297375</out_Quantity.quantity></Point><Point><position>6597</position><in_Quantity.quantity>0.000000</in_Quantity.quantity><out_Quantity.quantity>743.656136</out_Quantity.quantity></Point><Point><position>6598</position><in_Quantity.quantity>0.000000</in_Quantity.quantity><out_Quantity.quantity>404.610917</out_Quantity.quantity></Point><Point><position>6599</position><in_Quantity.quantity>0.000000</in_Quantity.quantity><out_Quantity.quantity>36.987115</out_Quantity.quantity></Point><Point><position>6600</position><in_Quantity.quantity>0.000000</in_Quantity.quantity><out_Quantity.quantity>784.476965</out_Quantity.quantity></Point><Point><position>6601</position><in_Quantity.quantity>0.000000</in_Quantity.quantity><out_Quantity.quantity>738.141335</out_Quantity.quantity></Point><Point><position>6602</position><in_Quantity.quantity>0.000000</in_Quantity.quantity><out_Quantity.quantity>342.958748</out_Quantity.quantity></Point><Point><position>6603</position><in_Quantity.quantity>0.000000</in_Quantity.quantity><out_Quantity.quantity>454.505016</out_Quantity.quantity></Point><Point><position>6604</position><in_Quantity.quantity>0.000000</in_Quantity.quantity><out_Quantity.quantity>927.540228</out_Quantity.quantity></Point><Point><position>6605</position><in_Quantity.quantity>0.000000</in_Quantity.quantity><out_Quantity.quantity>300.624850</out_Quantity.quantity></Point><Point><position>6606</position><in_Quantity.quantity>0.000000</in_Quantity.quantity><out_Quantity.quantity>825.516727</out_Quantity.quantity></Point><Point><position>6607</position><in_Quantity.quantity>0.000000</in_Quantity.quantity><out_Quantity.quantity>362.502941</out_Quantity.quantity></Point><Point><position>6608</position><in_Quantity.quantity>0.000000</in_Quantity.quantity><out_Quantity.quantity>434.601079</out_Quantity.quantity></Point><Point><position>6609</position><in_Quantity.quantity>0.000000</in_Quantity.quantity><out_Quantity.quantity>282.750991</out_Quantity.quantity></Point><Point><position>6610</position><in_Quantity.quantity>0.000000</in_Quantity.quantity><out_Quantity.quantity>501.255698</out_Quantity.quantity></Point><Point><position>6611</position><in_Quantity.quantity>0.000000</in_Quantity.quantity><out_Quantity.quantity>941.304154</out_Quantity.quantity></Point><Point><position>6612</position><in_Quantity.quantity>0.000000</in_Quantity.quantity><out_Quantity.quantity>516.552560</out_Quantity.quantity></Point><Point><position>6613</position><in_Quantity.quantity>0.000000</in_Quantity.quantity><out_Quantity.quantity>214.759950</out_Quantity.quantity></Point><Point><position>6614</position><in_Quantity.quantity>0.000000</in_Quantity.quantity><out_Quantity.quantity>146.710286</out_Quantity.quantity></Point><Point><position>6615</position><in_Quantity.quantity>0.000000</in_Quantity.quantity><out_Quantity.quantity>398.992104</out_Quantity.quantity></Point><Point><position>6616</position><in_Quantity.quantity>0.000000</in_Quantity.quantity><out_Quantity.quantity>859.715194</out_Quantity.quantity></Point><Point><position>6617</position><in_Quantity.quantity>0.000000</in_Quantity.quantity><out_Quantity.quantity>70.743286</out_Quantity.quantity></Point><Point><position>6618</position><in_Quantity.quantity>0.000000</in_Quantity.quantity><out_Quantity.quantity>407.196246</out_Quantity.quantity></Point><Point><position>6619</position><in_Quantity.quantity>0.000000</in_Quantity.quantity><out_Quantity.quantity>238.666007</out_Quantity.quantity></Point><Point><position>6620</position><in_Quantity.quantity>0.000000</in_Quantity.quantity><out_Quantity.quantity>216.827887</out_Quantity.quantity></Point><Point><position>6621</position><in_Quantity.quantity>0.000000</in_Quantity.quantity><out_Quantity.quantity>396.624154</out_Quantity.quantity></Point><Point><position>6622</position><in_Quantity.quantity>0.000000</in_Quantity.quantity><out_Quantity.quantity>80.456437</out_Quantity.quantity></Point><Point><position>6623</position><in_Quantity.quantity>0.000000</in_Quantity.quantity><out_Quantity.quantity>185.329551</out_Quantity.quantity></Point><Point><position>6624</position><in_Quantity.quantity>0.000000</in_Quantity.quantity><out_Quantity.quantity>721.818676</out_Quantity.quantity></Point><Point><position>6625</position><in_Quantity.quantity>0.000000</in_Quantity.quantity><out_Quantity.quantity>37.073969</out_Quantity.quantity></Point><Point><position>6626</position><in_Quantity.quantity>0.000000</in_Quantity.quantity><out_Quantity.quantity>51.074401</out_Quantity.quantity></Point><Point><position>6627</position><in_Quantity.quantity>0.000000</in_Quantity.quantity><out_Quantity.quantity>730.180965</out_Quantity.quantity></Point><Point><position>6628</position><in_Quantity.quantity>0.000000</in_Quantity.quantity><out_Quantity.quantity>387.306106</out_Quantity.quantity></Point><Point><position>6629</position><in_Quantity.quantity>0.000000</in_Quantity.quantity><out_Quantity.quantity>334.596223</out_Quantity.quantity></Point><Point><position>6630</position><in_Quantity.quantity>0.000000</in_Quantity.quantity><out_Quantity.quantity>994.097660</out_Quantity.quantity></Point><Point><position>6631</position><in_Quantity.quantity>0.000000</in_Quantity.quantity><out_Quantity.quantity>195.766752</out_Quantity.quantity></Point><Point><position>6632</position><in_Quantity.quantity>0.000000</in_Quantity.quantity><out_Quantity.quantity>424.555364</out_Quantity.quantity></Point><Point><position>6633</position><in_Quantity.quantity>0.000000</in_Quantity.quantity><out_Quantity.quantity>898.031110</out_Quantity.quantity></Point><Point><position>6634</position><in_Quantity.quantity>0.000000</in_Quantity.quantity><out_Quantity.quantity>967.851854</out_Quantity.quantity></Point><Point><position>6635</position><in_Quantity.quantity>0.000000</in_Quantity.quantity><out_Quantity.quantity>725.906574</out_Quantity.quantity></Point><Point><position>6636</position><in_Quantity.quantity>0.000000</in_Quantity.quantity><out_Quantity.quantity>524.721798</out_Quantity.quantity></Point><Point><position>6637</position><in_Quantity.quantity>0.000000</in_Quantity.quantity><out_Quantity.quantity>726.506774</out_Quantity.quantity></Point><Point><position>6638</position><in_Quantity.quantity>0.000000</in_Quantity.quantity><out_Quantity.quantity>528.420507</out_Quantity.quantity></Point><Point><position>6639</position><in_Quantity.quantity>0.000000</in_Quantity.quantity><out_Quantity.quantity>799.380730</out_Quantity.quantity></Point><Point><position>6640</position><in_Quantity.quantity>0.000000</in_Quantity.quantity><out_Quantity.quantity>304.878683</out_Quantity.quantity></Point><Point><position>6641</position><in_Quantity.quantity>0.000000</in_Quantity.quantity><out_Quantity.quantity>240.676622</out_Quantity.quantity></Point><Point><position>6642</position><in_Quantity.quantity>0.000000</in_Quantity.quantity><out_Quantity.quantity>415.973246</out_Quantity.quantity></Point><Point><position>6643</position><in_Quantity.quantity>0.000000</in_Quantity.quantity><out_Quantity.quantity>729.846210</out_Quantity.quantity></Point><Point><position>6644</position><in_Quantity.quantity>0.000000</in_Quantity.quantity><out_Quantity.quantity>312.906561</out_Quantity.quantity></Point><Point><position>6645</position><in_Quantity.quantity>0.000000</in_Quantity.quantity><out_Quantity.quantity>495.223715</out_Quantity.quantity></Point><Point><position>6646</position><in_Quantity.quantity>0.000000</in_Quantity.quantity><out_Quantity.quantity>366.831811</out_Quantity.quantity></Point><Point><position>6647</position><in_Quantity.quantity>0.000000</in_Quantity.quantity><out_Quantity.quantity>985.286740</out_Quantity.quantity></Point><Point><position>6648</position><in_Quantity.quantity>0.000000</in_Quantity.quantity><out_Quantity.quantity>770.913077</out_Quantity.quantity></Point><Point><position>6649</position><in_Quantity.quantity>0.000000</in_Quantity.quantity><out_Quantity.quantity>991.708448</out_Quantity.quantity></Point><Point><position>6650</position><in_Quantity.quantity>0.000000</in_Quantity.quantity><out_Quantity.quantity>415.925658</out_Quantity.quantity></Point><Point><position>6651</position><in_Quantity.quantity>0.000000</in_Quantity.quantity><out_Quantity.quantity>269.514584</out_Quantity.quantity></Point><Point><position>6652</position><in_Quantity.quantity>0.000000</in_Quantity.quantity><out_Quantity.quantity>547.318134</out_Quantity.quantity></Point><Point><position>6653</position><in_Quantity.quantity>0.000000</in_Quantity.quantity><out_Quantity.quantity>240.006506</out_Quantity.quantity></Point><Point><position>6654</position><in_Quantity.quantity>0.000000</in_Quantity.quantity><out_Quantity.quantity>707.536329</out_Quantity.quantity></Point><Point><position>6655</position><in_Quantity.quantity>0.000000</in_Quantity.quantity><out_Quantity.quantity>505.201130</out_Quantity.quantity></Point><Point><position>6656</position><in_Quantity.quantity>0.000000</in_Quantity.quantity><out_Quantity.quantity>935.523740</out_Quantity.quantity></Point><Point><position>6657</position><in_Quantity.quantity>0.000000</in_Quantity.quantity><out_Quantity.quantity>136.430957</out_Quantity.quantity></Point><Point><position>6658</position><in_Quantity.quantity>0.000000</in_Quantity.quantity><out_Quantity.quantity>191.294319</out_Quantity.quantity></Point><Point><position>6659</position><in_Quantity.quantity>0.000000</in_Quantity.quantity><out_Quantity.quantity>191.711562</out_Quantity.quantity></Point><Point><position>6660</position><in_Quantity.quantity>0.000000</in_Quantity.quantity><out_Quantity.quantity>997.882495</out_Quantity.quantity></Point><Point><position>6661</position><in_Quantity.quantity>0.000000</in_Quantity.quantity><out_Quantity.quantity>677.538680</out_Quantity.quantity></Point><Point><position>6662</position><in_Quantity.quantity>0.000000</in_Quantity.quantity><out_Quantity.quantity>795.147098</out_Quantity.quantity></Point><Point><position>6663</position><in_Quantity.quantity>0.000000</in_Quantity.quantity><out_Quantity.quantity>984.236680</out_Quantity.quantity></Point><Point><position>6664</position><in_Quantity.quantity>0.000000</in_Quantity.quantity><out_Quantity.quantity>395.543606</out_Quantity.quantity></Point><Point><position>6665</position><in_Quantity.quantity>0.000000</in_Quantity.quantity><out_Quantity.quantity>54.909143</out_Quantity.quantity></Point><Point><position>6666</position><in_Quantity.quantity>0.000000</in_Quantity.quantity><out_Quantity.quantity>690.409337</out_Quantity.quantity></Point><Point><position>6667</position><in_Quantity.quantity>0.000000</in_Quantity.quantity><out_Quantity.quantity>551.391901</out_Quantity.quantity></Point><Point><position>6668</position><in_Quantity.quantity>0.000000</in_Quantity.quantity><out_Quantity.quantity>169.283416</out_Quantity.quantity></Point><Point><position>6669</position><in_Quantity.quantity>0.000000</in_Quantity.quantity><out_Quantity.quantity>627.258778</out_Quantity.quantity></Point><Point><position>6670</position><in_Quantity.quantity>0.000000</in_Quantity.quantity><out_Quantity.quantity>338.880373</out_Quantity.quantity></Point><Point><position>6671</position><in_Quantity.quantity>0.000000</in_Quantity.quantity><out_Quantity.quantity>340.266002</out_Quantity.quantity></Point><Point><position>6672</position><in_Quantity.quantity>0.000000</in_Quantity.quantity><out_Quantity.quantity>89.775205</out_Quantity.quantity></Point><Point><position>6673</position><in_Quantity.quantity>0.000000</in_Quantity.quantity><out_Quantity.quantity>352.202786</out_Quantity.quantity></Point><Point><position>6674</position><in_Quantity.quantity>0.000000</in_Quantity.quantity><out_Quantity.quantity>44.484173</out_Quantity.quantity></Point><Point><position>6675</position><in_Quantity.quantity>0.000000</in_Quantity.quantity><out_Quantity.quantity>826.579684</out_Quantity.quantity></Point><Point><position>6676</position><in_Quantity.quantity>0.000000</in_Quantity.quantity><out_Quantity.quantity>23.465558</out_Quantity.quantity></Point><Point><position>6677</position><in_Quantity.quantity>0.000000</in_Quantity.quantity><out_Quantity.quantity>36.895018</out_Quantity.quantity></Point><Point><position>6678</position><in_Quantity.quantity>0.000000</in_Quantity.quantity><out_Quantity.quantity>900.194635</out_Quantity.quantity></Point><Point><position>6679</position><in_Quantity.quantity>0.000000</in_Quantity.quantity><out_Quantity.quantity>405.128927</out_Quantity.quantity></Point><Point><position>6680</position><in_Quantity.quantity>0.000000</in_Quantity.quantity><out_Quantity.quantity>103.223252</out_Quantity.quantity></Point><Point><position>6681</position><in_Quantity.quantity>0.000000</in_Quantity.quantity><out_Quantity.quantity>253.434736</out_Quantity.quantity></Point><Point><position>6682</position><in_Quantity.quantity>0.000000</in_Quantity.quantity><out_Quantity.quantity>732.398676</out_Quantity.quantity></Point><Point><position>6683</position><in_Quantity.quantity>0.000000</in_Quantity.quantity><out_Quantity.quantity>477.930329</out_Quantity.quantity></Point><Point><position>6684</position><in_Quantity.quantity>0.000000</in_Quantity.quantity><out_Quantity.quantity>454.225006</out_Quantity.quantity></Point><Point><position>6685</position><in_Quantity.quantity>0.000000</in_Quantity.quantity><out_Quantity.quantity>468.605412</out_Quantity.quantity></Point><Point><position>6686</position><in_Quantity.quantity>0.000000</in_Quantity.quantity><out_Quantity.quantity>20.136029</out_Quantity.quantity></Point><Point><position>6687</position><in_Quantity.quantity>0.000000</in_Quantity.quantity><out_Quantity.quantity>496.665582</out_Quantity.quantity></Point><Point><position>6688</position><in_Quantity.quantity>0.000000</in_Quantity.quantity><out_Quantity.quantity>966.917194</out_Quantity.quantity></Point><Point><position>6689</position><in_Quantity.quantity>0.000000</in_Quantity.quantity><out_Quantity.quantity>516.381963</out_Quantity.quantity></Point><Point><position>6690</position><in_Quantity.quantity>0.000000</in_Quantity.quantity><out_Quantity.quantity>846.925188</out_Quantity.quantity></Point><Point><position>6691</position><in_Quantity.quantity>0.000000</in_Quantity.quantity><out_Quantity.quantity>206.197653</out_Quantity.quantity></Point><Point><position>6692</position><in_Quantity.quantity>0.000000</in_Quantity.quantity><out_Quantity.quantity>968.643477</out_Quantity.quantity></Point><Point><position>6693</position><in_Quantity.quantity>0.000000</in_Quantity.quantity><out_Quantity.quantity>241.030979</out_Quantity.quantity></Point><Point><position>6694</position><in_Quantity.quantity>0.000000</in_Quantity.quantity><out_Quantity.quantity>422.482769</out_Quantity.quantity></Point><Point><position>6695</position><in_Quantity.quantity>0.000000</in_Quantity.quantity><out_Quantity.quantity>69.300067</out_Quantity.quantity></Point><Point><position>6696</position><in_Quantity.quantity>0.000000</in_Quantity.quantity><out_Quantity.quantity>894.142163</out_Quantity.quantity></Point><Point><position>6697</position><in_Quantity.quantity>0.000000</in_Quantity.quantity><out_Quantity.quantity>977.898756</out_Quantity.quantity></Point><Point><position>6698</position><in_Quantity.quantity>0.000000</in_Quantity.quantity><out_Quantity.quantity>76.516456</out_Quantity.quantity></Point><Point><position>6699</position><in_Quantity.quantity>0.000000</in_Quantity.quantity><out_Quantity.quantity>879.486845</out_Quantity.quantity></Point><Point><position>6700</position><in_Quantity.quantity>0.000000</in_Quantity.quantity><out_Quantity.quantity>521.036000</out_Quantity.quantity></Point><Point><position>6701</position><in_Quantity.quantity>0.000000</in_Quantity.quantity><out_Quantity.quantity>870.875733</out_Quantity.quantity></Point><Point><position>6702</position><in_Quantity.quantity>0.000000</in_Quantity.quantity><out_Quantity.quantity>647.534747</out_Quantity.quantity></Point><Point><position>6703</position><in_Quantity.quantity>0.000000</in_Quantity.quantity><out_Quantity.quantity>900.370317</out_Quantity.quantity></Point><Point><position>6704</position><in_Quantity.quantity>0.000000</in_Quantity.quantity><out_Quantity.quantity>192.828878</out_Quantity.quantity></Point><Point><position>6705</position><in_Quantity.quantity>0.000000</in_Quantity.quantity><out_Quantity.quantity>927.898991</out_Quantity.quantity></Point><Point><position>6706</position><in_Quantity.quantity>0.000000</in_Quantity.quantity><out_Quantity.quantity>345.208502</out_Quantity.quantity></Point><Point><position>6707</position><in_Quantity.quantity>0.000000</in_Quantity.quantity><out_Quantity.quantity>396.513796</out_Quantity.quantity></Point><Point><position>6708</position><in_Quantity.quantity>0.000000</in_Quantity.quantity><out_Quantity.quantity>935.636923</out_Quantity.quantity></Point><Point><position>6709</position><in_Quantity.quantity>0.000000</in_Quantity.quantity><out_Quantity.quantity>307.205650</out_Quantity.quantity></Point><Point><position>6710</position><in_Quantity.quantity>0.000000</in_Quantity.quantity><out_Quantity.quantity>221.550657</out_Quantity.quantity></Point><Point><position>6711</position><in_Quantity.quantity>0.000000</in_Quantity.quantity><out_Quantity.quantity>80.803352</out_Quantity.quantity></Point><Point><position>6712</position><in_Quantity.quantity>0.000000</in_Quantity.quantity><out_Quantity.quantity>62.914291</out_Quantity.quantity></Point><Point><position>6713</position><in_Quantity.quantity>0.000000</in_Quantity.quantity><out_Quantity.quantity>679.994637</out_Quantity.quantity></Point><Point><position>6714</position><in_Quantity.quantity>0.000000</in_Quantity.quantity><out_Quantity.quantity>877.146154</out_Quantity.quantity></Point><Point><position>6715</position><in_Quantity.quantity>0.000000</in_Quantity.quantity><out_Quantity.quantity>765.192981</out_Quantity.quantity></Point><Point><position>6716</position><in_Quantity.quantity>0.000000</in_Quantity.quantity><out_Quantity.quantity>799.167323</out_Quantity.quantity></Point><Point><position>6717</position><in_Quantity.quantity>0.000000</in_Quantity.quantity><out_Quantity.quantity>64.885143</out_Quantity.quantity></Point><Point><position>6718</position><in_Quantity.quantity>0.000000</in_Quantity.quantity><out_Quantity.quantity>685.501322</out_Quantity.quantity></Point><Point><position>6719</position><in_Quantity.quantity>0.000000</in_Quantity.quantity><out_Quantity.quantity>232.325612</out_Quantity.quantity></Point><Point><position>6720</position><in_Quantity.quantity>0.000000</in_Quantity.quantity><out_Quantity.quantity>641.668655</out_Quantity.quantity></Point><Point><position>6721</position><in_Quantity.quantity>0.000000</in_Quantity.quantity><out_Quantity.quantity>599.846855</out_Quantity.quantity></Point><Point><position>6722</position><in_Quantity.quantity>0.000000</in_Quantity.quantity><out_Quantity.quantity>122.950002</out_Quantity.quantity></Point><Point><position>6723</position><in_Quantity.quantity>0.000000</in_Quantity.quantity><out_Quantity.quantity>245.390848</out_Quantity.quantity></Point><Point><position>6724</position><in_Quantity.quantity>0.000000</in_Quantity.quantity><out_Quantity.quantity>875.788772</out_Quantity.quantity></Point><Point><position>6725</position><in_Quantity.quantity>0.000000</in_Quantity.quantity><out_Quantity.quantity>192.157114</out_Quantity.quantity></Point><Point><position>6726</position><in_Quantity.quantity>0.000000</in_Quantity.quantity><out_Quantity.quantity>688.278003</out_Quantity.quantity></Point><Point><position>6727</position><in_Quantity.quantity>0.000000</in_Quantity.quantity><out_Quantity.quantity>15.358102</out_Quantity.quantity></Point><Point><position>6728</position><in_Quantity.quantity>0.000000</in_Quantity.quantity><out_Quantity.quantity>318.161107</out_Quantity.quantity></Point><Point><position>6729</position><in_Quantity.quantity>0.000000</in_Quantity.quantity><out_Quantity.quantity>836.670636</out_Quantity.quantity></Point><Point><position>6730</position><in_Quantity.quantity>0.000000</in_Quantity.quantity><out_Quantity.quantity>543.216734</out_Quantity.quantity></Point><Point><position>6731</position><in_Quantity.quantity>0.000000</in_Quantity.quantity><out_Quantity.quantity>151.453139</out_Quantity.quantity></Point><Point><position>6732</position><in_Quantity.quantity>0.000000</in_Quantity.quantity><out_Quantity.quantity>396.404592</out_Quantity.quantity></Point><Point><position>6733</position><in_Quantity.quantity>0.000000</in_Quantity.quantity><out_Quantity.quantity>349.603273</out_Quantity.quantity></Point><Point><position>6734</position><in_Quantity.quantity>0.000000</in_Quantity.quantity><out_Quantity.quantity>331.044930</out_Quantity.quantity></Point><Point><position>6735</position><in_Quantity.quantity>0.000000</in_Quantity.quantity><out_Quantity.quantity>661.224161</out_Quantity.quantity></Point><Point><position>6736</position><in_Quantity.quantity>0.000000</in_Quantity.quantity><out_Quantity.quantity>96.136504</out_Quantity.quantity></Point><Point><position>6737</position><in_Quantity.quantity>0.000000</in_Quantity.quantity><out_Quantity.quantity>987.194437</out_Quantity.quantity></Point><Point><position>6738</position><in_Quantity.quantity>0.000000</in_Quantity.quantity><out_Quantity.quantity>594.432506</out_Quantity.quantity></Point><Point><position>6739</position><in_Quantity.quantity>0.000000</in_Quantity.quantity><out_Quantity.quantity>453.254609</out_Quantity.quantity></Point><Point><position>6740</position><in_Quantity.quantity>0.000000</in_Quantity.quantity><out_Quantity.quantity>810.810216</out_Quantity.quantity></Point><Point><position>6741</position><in_Quantity.quantity>0.000000</in_Quantity.quantity><out_Quantity.quantity>662.707033</out_Quantity.quantity></Point><Point><position>6742</position><in_Quantity.quantity>0.000000</in_Quantity.quantity><out_Quantity.quantity>845.846808</out_Quantity.quantity></Point><Point><position>6743</position><in_Quantity.quantity>0.000000</in_Quantity.quantity><out_Quantity.quantity>475.094297</out_Quantity.quantity></Point><Point><position>6744</position><in_Quantity.quantity>0.000000</in_Quantity.quantity><out_Quantity.quantity>830.055754</out_Quantity.quantity></Point><Point><position>6745</position><in_Quantity.quantity>0.000000</in_Quantity.quantity><out_Quantity.quantity>107.237553</out_Quantity.quantity></Point><Point><position>6746</position><in_Quantity.quantity>0.000000</in_Quantity.quantity><out_Quantity.quantity>616.616346</out_Quantity.quantity></Point><Point><position>6747</position><in_Quantity.quantity>0.000000</in_Quantity.quantity><out_Quantity.quantity>152.988698</out_Quantity.quantity></Point><Point><position>6748</position><in_Quantity.quantity>0.000000</in_Quantity.quantity><out_Quantity.quantity>422.599345</out_Quantity.quantity></Point><Point><position>6749</position><in_Quantity.quantity>0.000000</in_Quantity.quantity><out_Quantity.quantity>562.061531</out_Quantity.quantity></Point><Point><position>6750</position><in_Quantity.quantity>0.000000</in_Quantity.quantity><out_Quantity.quantity>203.921781</out_Quantity.quantity></Point><Point><position>6751</position><in_Quantity.quantity>0.000000</in_Quantity.quantity><out_Quantity.quantity>993.697672</out_Quantity.quantity></Point><Point><position>6752</position><in_Quantity.quantity>0.000000</in_Quantity.quantity><out_Quantity.quantity>799.582477</out_Quantity.quantity></Point><Point><position>6753</position><in_Quantity.quantity>0.000000</in_Quantity.quantity><out_Quantity.quantity>936.697916</out_Quantity.quantity></Point><Point><position>6754</position><in_Quantity.quantity>0.000000</in_Quantity.quantity><out_Quantity.quantity>744.928982</out_Quantity.quantity></Point><Point><position>6755</position><in_Quantity.quantity>0.000000</in_Quantity.quantity><out_Quantity.quantity>961.453799</out_Quantity.quantity></Point><Point><position>6756</position><in_Quantity.quantity>0.000000</in_Quantity.quantity><out_Quantity.quantity>790.150199</out_Quantity.quantity></Point><Point><position>6757</position><in_Quantity.quantity>0.000000</in_Quantity.quantity><out_Quantity.quantity>58.364229</out_Quantity.quantity></Point><Point><position>6758</position><in_Quantity.quantity>0.000000</in_Quantity.quantity><out_Quantity.quantity>44.515183</out_Quantity.quantity></Point><Point><position>6759</position><in_Quantity.quantity>0.000000</in_Quantity.quantity><out_Quantity.quantity>953.890764</out_Quantity.quantity></Point><Point><position>6760</position><in_Quantity.quantity>0.000000</in_Quantity.quantity><out_Quantity.quantity>630.972275</out_Quantity.quantity></Point><Point><position>6761</position><in_Quantity.quantity>0.000000</in_Quantity.quantity><out_Quantity.quantity>116.470847</out_Quantity.quantity></Point><Point><position>6762</position><in_Quantity.quantity>0.000000</in_Quantity.quantity><out_Quantity.quantity>829.925625</out_Quantity.quantity></Point><Point><position>6763</position><in_Quantity.quantity>0.000000</in_Quantity.quantity><out_Quantity.quantity>2.024124</out_Quantity.quantity></Point><Point><position>6764</position><in_Quantity.quantity>0.000000</in_Quantity.quantity><out_Quantity.quantity>799.968228</out_Quantity.quantity></Point><Point><position>6765</position><in_Quantity.quantity>0.000000</in_Quantity.quantity><out_Quantity.quantity>598.869749</out_Quantity.quantity></Point><Point><position>6766</position><in_Quantity.quantity>0.000000</in_Quantity.quantity><out_Quantity.quantity>948.457581</out_Quantity.quantity></Point><Point><position>6767</position><in_Quantity.quantity>0.000000</in_Quantity.quantity><out_Quantity.quantity>84.924770</out_Quantity.quantity></Point><Point><position>6768</position><in_Quantity.quantity>0.000000</in_Quantity.quantity><out_Quantity.quantity>624.193578</out_Quantity.quantity></Point><Point><position>6769</position><in_Quantity.quantity>0.000000</in_Quantity.quantity><out_Quantity.quantity>399.757976</out_Quantity.quantity></Point><Point><position>6770</position><in_Quantity.quantity>0.000000</in_Quantity.quantity><out_Quantity.quantity>961.507765</out_Quantity.quantity></Point><Point><position>6771</position><in_Quantity.quantity>0.000000</in_Quantity.quantity><out_Quantity.quantity>580.907329</out_Quantity.quantity></Point><Point><position>6772</position><in_Quantity.quantity>0.000000</in_Quantity.quantity><out_Quantity.quantity>536.081969</out_Quantity.quantity></Point><Point><position>6773</position><in_Quantity.quantity>0.000000</in_Quantity.quantity><out_Quantity.quantity>308.327240</out_Quantity.quantity></Point><Point><position>6774</position><in_Quantity.quantity>0.000000</in_Quantity.quantity><out_Quantity.quantity>258.230328</out_Quantity.quantity></Point><Point><position>6775</position><in_Quantity.quantity>0.000000</in_Quantity.quantity><out_Quantity.quantity>384.927167</out_Quantity.quantity></Point><Point><position>6776</position><in_Quantity.quantity>0.000000</in_Quantity.quantity><out_Quantity.quantity>641.959393</out_Quantity.quantity></Point><Point><position>6777</position><in_Quantity.quantity>0.000000</in_Quantity.quantity><out_Quantity.quantity>893.424412</out_Quantity.quantity></Point><Point><position>6778</position><in_Quantity.quantity>0.000000</in_Quantity.quantity><out_Quantity.quantity>877.703199</out_Quantity.quantity></Point><Point><position>6779</position><in_Quantity.quantity>0.000000</in_Quantity.quantity><out_Quantity.quantity>214.298340</out_Quantity.quantity></Point><Point><position>6780</position><in_Quantity.quantity>0.000000</in_Quantity.quantity><out_Quantity.quantity>35.652038</out_Quantity.quantity></Point><Point><position>6781</position><in_Quantity.quantity>0.000000</in_Quantity.quantity><out_Quantity.quantity>67.437954</out_Quantity.quantity></Point><Point><position>6782</position><in_Quantity.quantity>0.000000</in_Quantity.quantity><out_Quantity.quantity>611.700915</out_Quantity.quantity></Point><Point><position>6783</position><in_Quantity.quantity>0.000000</in_Quantity.quantity><out_Quantity.quantity>63.495547</out_Quantity.quantity></Point><Point><position>6784</position><in_Quantity.quantity>0.000000</in_Quantity.quantity><out_Quantity.quantity>269.589894</out_Quantity.quantity></Point><Point><position>6785</position><in_Quantity.quantity>0.000000</in_Quantity.quantity><out_Quantity.quantity>771.926022</out_Quantity.quantity></Point><Point><position>6786</position><in_Quantity.quantity>0.000000</in_Quantity.quantity><out_Quantity.quantity>720.266935</out_Quantity.quantity></Point><Point><position>6787</position><in_Quantity.quantity>0.000000</in_Quantity.quantity><out_Quantity.quantity>680.016291</out_Quantity.quantity></Point><Point><position>6788</position><in_Quantity.quantity>0.000000</in_Quantity.quantity><out_Quantity.quantity>3.189450</out_Quantity.quantity></Point><Point><position>6789</position><in_Quantity.quantity>0.000000</in_Quantity.quantity><out_Quantity.quantity>328.405592</out_Quantity.quantity></Point><Point><position>6790</position><in_Quantity.quantity>0.000000</in_Quantity.quantity><out_Quantity.quantity>846.774170</out_Quantity.quantity></Point><Point><position>6791</position><in_Quantity.quantity>0.000000</in_Quantity.quantity><out_Quantity.quantity>307.046596</out_Quantity.quantity></Point><Point><position>6792</position><in_Quantity.quantity>0.000000</in_Quantity.quantity><out_Quantity.quantity>528.575473</out_Quantity.quantity></Point><Point><position>6793</position><in_Quantity.quantity>0.000000</in_Quantity.quantity><out_Quantity.quantity>961.644869</out_Quantity.quantity></Point><Point><position>6794</position><in_Quantity.quantity>0.000000</in_Quantity.quantity><out_Quantity.quantity>271.439226</out_Quantity.quantity></Point><Point><position>6795</position><in_Quantity.quantity>0.000000</in_Quantity.quantity><out_Quantity.quantity>827.021466</out_Quantity.quantity></Point><Point><position>6796</position><in_Quantity.quantity>0.000000</in_Quantity.quantity><out_Quantity.quantity>966.000211</out_Quantity.quantity></Point><Point><position>6797</position><in_Quantity.quantity>0.000000</in_Quantity.quantity><out_Quantity.quantity>657.202658</out_Quantity.quantity></Point><Point><position>6798</position><in_Quantity.quantity>0.000000</in_Quantity.quantity><out_Quantity.quantity>400.561932</out_Quantity.quantity></Point><Point><position>6799</position><in_Quantity.quantity>0.000000</in_Quantity.quantity><out_Quantity.quantity>268.329374</out_Quantity.quantity></Point><Point><position>6800</position><in_Quantity.quantity>0.000000</in_Quantity.quantity><out_Quantity.quantity>180.485400</out_Quantity.quantity></Point><Point><position>6801</position><in_Quantity.quantity>0.000000</in_Quantity.quantity><out_Quantity.quantity>448.890108</out_Quantity.quantity></Point><Point><position>6802</position><in_Quantity.quantity>0.000000</in_Quantity.quantity><out_Quantity.quantity>317.932656</out_Quantity.quantity></Point><Point><position>6803</position><in_Quantity.quantity>0.000000</in_Quantity.quantity><out_Quantity.quantity>570.089864</out_Quantity.quantity></Point><Point><position>6804</position><in_Quantity.quantity>0.000000</in_Quantity.quantity><out_Quantity.quantity>397.406537</out_Quantity.quantity></Point><Point><position>6805</position><in_Quantity.quantity>0.000000</in_Quantity.quantity><out_Quantity.quantity>553.551927</out_Quantity.quantity></Point><Point><position>6806</position><in_Quantity.quantity>0.000000</in_Quantity.quantity><out_Quantity.quantity>780.638923</out_Quantity.quantity></Point><Point><position>6807</position><in_Quantity.quantity>0.000000</in_Quantity.quantity><out_Quantity.quantity>401.521878</out_Quantity.quantity></Point><Point><position>6808</position><in_Quantity.quantity>0.000000</in_Quantity.quantity><out_Quantity.quantity>584.514053</out_Quantity.quantity></Point><Point><position>6809</position><in_Quantity.quantity>0.000000</in_Quantity.quantity><out_Quantity.quantity>509.567304</out_Quantity.quantity></Point><Point><position>6810</position><in_Quantity.quantity>0.000000</in_Quantity.quantity><out_Quantity.quantity>198.883292</out_Quantity.quantity></Point><Point><position>6811</position><in_Quantity.quantity>0.000000</in_Quantity.quantity><out_Quantity.quantity>53.307660</out_Quantity.quantity></Point><Point><position>6812</position><in_Quantity.quantity>0.000000</in_Quantity.quantity><out_Quantity.quantity>717.570381</out_Quantity.quantity></Point><Point><position>6813</position><in_Quantity.quantity>0.000000</in_Quantity.quantity><out_Quantity.quantity>792.903708</out_Quantity.quantity></Point><Point><position>6814</position><in_Quantity.quantity>0.000000</in_Quantity.quantity><out_Quantity.quantity>391.117744</out_Quantity.quantity></Point><Point><position>6815</position><in_Quantity.quantity>0.000000</in_Quantity.quantity><out_Quantity.quantity>6.872688</out_Quantity.quantity></Point><Point><position>6816</position><in_Quantity.quantity>0.000000</in_Quantity.quantity><out_Quantity.quantity>501.972017</out_Quantity.quantity></Point><Point><position>6817</position><in_Quantity.quantity>0.000000</in_Quantity.quantity><out_Quantity.quantity>71.419519</out_Quantity.quantity></Point><Point><position>6818</position><in_Quantity.quantity>0.000000</in_Quantity.quantity><out_Quantity.quantity>917.692971</out_Quantity.quantity></Point><Point><position>6819</position><in_Quantity.quantity>0.000000</in_Quantity.quantity><out_Quantity.quantity>636.610427</out_Quantity.quantity></Point><Point><position>6820</position><in_Quantity.quantity>0.000000</in_Quantity.quantity><out_Quantity.quantity>661.290482</out_Quantity.quantity></Point><Point><position>6821</position><in_Quantity.quantity>0.000000</in_Quantity.quantity><out_Quantity.quantity>136.567182</out_Quantity.quantity></Point><Point><position>6822</position><in_Quantity.quantity>0.000000</in_Quantity.quantity><out_Quantity.quantity>240.323930</out_Quantity.quantity></Point><Point><position>6823</position><in_Quantity.quantity>0.000000</in_Quantity.quantity><out_Quantity.quantity>232.210943</out_Quantity.quantity></Point><Point><position>6824</position><in_Quantity.quantity>0.000000</in_Quantity.quantity><out_Quantity.quantity>229.643998</out_Quantity.quantity></Point><Point><position>6825</position><in_Quantity.quantity>0.000000</in_Quantity.quantity><out_Quantity.quantity>327.076939</out_Quantity.quantity></Point><Point><position>6826</position><in_Quantity.quantity>0.000000</in_Quantity.quantity><out_Quantity.quantity>445.655672</out_Quantity.quantity></Point><Point><position>6827</position><in_Quantity.quantity>0.000000</in_Quantity.quantity><out_Quantity.quantity>662.571943</out_Quantity.quantity></Point><Point><position>6828</position><in_Quantity.quantity>0.000000</in_Quantity.quantity><out_Quantity.quantity>613.840878</out_Quantity.quantity></Point><Point><position>6829</position><in_Quantity.quantity>0.000000</in_Quantity.quantity><out_Quantity.quantity>901.944068</out_Quantity.quantity></Point><Point><position>6830</position><in_Quantity.quantity>0.000000</in_Quantity.quantity><out_Quantity.quantity>665.902519</out_Quantity.quantity></Point><Point><position>6831</position><in_Quantity.quantity>0.000000</in_Quantity.quantity><out_Quantity.quantity>313.492553</out_Quantity.quantity></Point><Point><position>6832</position><in_Quantity.quantity>0.000000</in_Quantity.quantity><out_Quantity.quantity>337.475619</out_Quantity.quantity></Point><Point><position>6833</position><in_Quantity.quantity>0.000000</in_Quantity.quantity><out_Quantity.quantity>884.999740</out_Quantity.quantity></Point><Point><position>6834</position><in_Quantity.quantity>0.000000</in_Quantity.quantity><out_Quantity.quantity>77.636537</out_Quantity.quantity></Point><Point><position>6835</position><in_Quantity.quantity>0.000000</in_Quantity.quantity><out_Quantity.quantity>681.534194</out_Quantity.quantity></Point><Point><position>6836</position><in_Quantity.quantity>0.000000</in_Quantity.quantity><out_Quantity.quantity>6.641265</out_Quantity.quantity></Point><Point><position>6837</position><in_Quantity.quantity>0.000000</in_Quantity.quantity><out_Quantity.quantity>575.798376</out_Quantity.quantity></Point><Point><position>6838</position><in_Quantity.quantity>0.000000</in_Quantity.quantity><out_Quantity.quantity>552.682921</out_Quantity.quantity></Point><Point><position>6839</position><in_Quantity.quantity>0.000000</in_Quantity.quantity><out_Quantity.quantity>22.449293</out_Quantity.quantity></Point><Point><position>6840</position><in_Quantity.quantity>0.000000</in_Quantity.quantity><out_Quantity.quantity>103.760894</out_Quantity.quantity></Point><Point><position>6841</position><in_Quantity.quantity>0.000000</in_Quantity.quantity><out_Quantity.quantity>597.703703</out_Quantity.quantity></Point><Point><position>6842</position><in_Quantity.quantity>0.000000</in_Quantity.quantity><out_Quantity.quantity>953.328490</out_Quantity.quantity></Point><Point><position>6843</position><in_Quantity.quantity>0.000000</in_Quantity.quantity><out_Quantity.quantity>998.097541</out_Quantity.quantity></Point><Point><position>6844</position><in_Quantity.quantity>0.000000</in_Quantity.quantity><out_Quantity.quantity>542.386210</out_Quantity.quantity></Point><Point><position>6845</position><in_Quantity.quantity>0.000000</in_Quantity.quantity><out_Quantity.quantity>7.407927</out_Quantity.quantity></Point><Point><position>6846</position><in_Quantity.quantity>0.000000</in_Quantity.quantity><out_Quantity.quantity>825.685866</out_Quantity.quantity></Point><Point><position>6847</position><in_Quantity.quantity>0.000000</in_Quantity.quantity><out_Quantity.quantity>243.441263</out_Quantity.quantity></Point><Point><position>6848</position><in_Quantity.quantity>0.000000</in_Quantity.quantity><out_Quantity.quantity>574.587269</out_Quantity.quantity></Point><Point><position>6849</position><in_Quantity.quantity>0.000000</in_Quantity.quantity><out_Quantity.quantity>91.156836</out_Quantity.quantity></Point><Point><position>6850</position><in_Quantity.quantity>0.000000</in_Quantity.quantity><out_Quantity.quantity>538.425627</out_Quantity.quantity></Point><Point><position>6851</position><in_Quantity.quantity>0.000000</in_Quantity.quantity><out_Quantity.quantity>656.223501</out_Quantity.quantity></Point><Point><position>6852</position><in_Quantity.quantity>0.000000</in_Quantity.quantity><out_Quantity.quantity>910.417669</out_Quantity.quantity></Point><Point><position>6853</position><in_Quantity.quantity>0.000000</in_Quantity.quantity><out_Quantity.quantity>940.335105</out_Quantity.quantity></Point><Point><position>6854</position><in_Quantity.quantity>0.000000</in_Quantity.quantity><out_Quantity.quantity>90.563854</out_Quantity.quantity></Point><Point><position>6855</position><in_Quantity.quantity>0.000000</in_Quantity.quantity><out_Quantity.quantity>953.053702</out_Quantity.quantity></Point><Point><position>6856</position><in_Quantity.quantity>0.000000</in_Quantity.quantity><out_Quantity.quantity>740.006658</out_Quantity.quantity></Point><Point><position>6857</position><in_Quantity.quantity>0.000000</in_Quantity.quantity><out_Quantity.quantity>728.850251</out_Quantity.quantity></Point><Point><position>6858</position><in_Quantity.quantity>0.000000</in_Quantity.quantity><out_Quantity.quantity>543.524460</out_Quantity.quantity></Point><Point><position>6859</position><in_Quantity.quantity>0.000000</in_Quantity.quantity><out_Quantity.quantity>141.387321</out_Quantity.quantity></Point><Point><position>6860</position><in_Quantity.quantity>0.000000</in_Quantity.quantity><out_Quantity.quantity>791.583121</out_Quantity.quantity></Point><Point><position>6861</position><in_Quantity.quantity>0.000000</in_Quantity.quantity><out_Quantity.quantity>96.286621</out_Quantity.quantity></Point><Point><position>6862</position><in_Quantity.quantity>0.000000</in_Quantity.quantity><out_Quantity.quantity>845.909956</out_Quantity.quantity></Point><Point><position>6863</position><in_Quantity.quantity>0.000000</in_Quantity.quantity><out_Quantity.quantity>382.253496</out_Quantity.quantity></Point><Point><position>6864</position><in_Quantity.quantity>0.000000</in_Quantity.quantity><out_Quantity.quantity>188.831329</out_Quantity.quantity></Point><Point><position>6865</position><in_Quantity.quantity>0.000000</in_Quantity.quantity><out_Quantity.quantity>822.787472</out_Quantity.quantity></Point><Point><position>6866</position><in_Quantity.quantity>0.000000</in_Quantity.quantity><out_Quantity.quantity>829.496553</out_Quantity.quantity></Point><Point><position>6867</position><in_Quantity.quantity>0.000000</in_Quantity.quantity><out_Quantity.quantity>219.469268</out_Quantity.quantity></Point><Point><position>6868</position><in_Quantity.quantity>0.000000</in_Quantity.quantity><out_Quantity.quantity>693.592438</out_Quantity.quantity></Point><Point><position>6869</position><in_Quantity.quantity>0.000000</in_Quantity.quantity><out_Quantity.quantity>175.160455</out_Quantity.quantity></Point><Point><position>6870</position><in_Quantity.quantity>0.000000</in_Quantity.quantity><out_Quantity.quantity>695.347968</out_Quantity.quantity></Point><Point><position>6871</position><in_Quantity.quantity>0.000000</in_Quantity.quantity><out_Quantity.quantity>872.511938</out_Quantity.quantity></Point><Point><position>6872</position><in_Quantity.quantity>0.000000</in_Quantity.quantity><out_Quantity.quantity>855.579960</out_Quantity.quantity></Point><Point><position>6873</position><in_Quantity.quantity>0.000000</in_Quantity.quantity><out_Quantity.quantity>528.894460</out_Quantity.quantity></Point><Point><position>6874</position><in_Quantity.quantity>0.000000</in_Quantity.quantity><out_Quantity.quantity>676.348235</out_Quantity.quantity></Point><Point><position>6875</position><in_Quantity.quantity>0.000000</in_Quantity.quantity><out_Quantity.quantity>178.486905</out_Quantity.quantity></Point><Point><position>6876</position><in_Quantity.quantity>0.000000</in_Quantity.quantity><out_Quantity.quantity>108.951778</out_Quantity.quantity></Point><Point><position>6877</position><in_Quantity.quantity>0.000000</in_Quantity.quantity><out_Quantity.quantity>232.332315</out_Quantity.quantity></Point><Point><position>6878</position><in_Quantity.quantity>0.000000</in_Quantity.quantity><out_Quantity.quantity>288.443351</out_Quantity.quantity></Point><Point><position>6879</position><in_Quantity.quantity>0.000000</in_Quantity.quantity><out_Quantity.quantity>363.045752</out_Quantity.quantity></Point><Point><position>6880</position><in_Quantity.quantity>0.000000</in_Quantity.quantity><out_Quantity.quantity>71.314693</out_Quantity.quantity></Point><Point><position>6881</position><in_Quantity.quantity>0.000000</in_Quantity.quantity><out_Quantity.quantity>929.726987</out_Quantity.quantity></Point><Point><position>6882</position><in_Quantity.quantity>0.000000</in_Quantity.quantity><out_Quantity.quantity>682.490840</out_Quantity.quantity></Point><Point><position>6883</position><in_Quantity.quantity>0.000000</in_Quantity.quantity><out_Quantity.quantity>328.772594</out_Quantity.quantity></Point><Point><position>6884</position><in_Quantity.quantity>0.000000</in_Quantity.quantity><out_Quantity.quantity>558.461227</out_Quantity.quantity></Point><Point><position>6885</position><in_Quantity.quantity>0.000000</in_Quantity.quantity><out_Quantity.quantity>648.262955</out_Quantity.quantity></Point><Point><position>6886</position><in_Quantity.quantity>0.000000</in_Quantity.quantity><out_Quantity.quantity>25.065467</out_Quantity.quantity></Point><Point><position>6887</position><in_Quantity.quantity>0.000000</in_Quantity.quantity><out_Quantity.quantity>924.107036</out_Quantity.quantity></Point><Point><position>6888</position><in_Quantity.quantity>0.000000</in_Quantity.quantity><out_Quantity.quantity>843.450316</out_Quantity.quantity></Point><Point><position>6889</position><in_Quantity.quantity>0.000000</in_Quantity.quantity><out_Quantity.quantity>446.218072</out_Quantity.quantity></Point><Point><position>6890</position><in_Quantity.quantity>0.000000</in_Quantity.quantity><out_Quantity.quantity>54.674499</out_Quantity.quantity></Point><Point><position>6891</position><in_Quantity.quantity>0.000000</in_Quantity.quantity><out_Quantity.quantity>796.701756</out_Quantity.quantity></Point><Point><position>6892</position><in_Quantity.quantity>0.000000</in_Quantity.quantity><out_Quantity.quantity>854.486575</out_Quantity.quantity></Point><Point><position>6893</position><in_Quantity.quantity>0.000000</in_Quantity.quantity><out_Quantity.quantity>572.922240</out_Quantity.quantity></Point><Point><position>6894</position><in_Quantity.quantity>0.000000</in_Quantity.quantity><out_Quantity.quantity>298.690574</out_Quantity.quantity></Point><Point><position>6895</position><in_Quantity.quantity>0.000000</in_Quantity.quantity><out_Quantity.quantity>209.862879</out_Quantity.quantity></Point><Point><position>6896</position><in_Quantity.quantity>0.000000</in_Quantity.quantity><out_Quantity.quantity>716.293580</out_Quantity.quantity></Point><Point><position>6897</position><in_Quantity.quantity>0.000000</in_Quantity.quantity><out_Quantity.quantity>370.517675</out_Quantity.quantity></Point><Point><position>6898</position><in_Quantity.quantity>0.000000</in_Quantity.quantity><out_Quantity.quantity>702.169439</out_Quantity.quantity></Point><Point><position>6899</position><in_Quantity.quantity>0.000000</in_Quantity.quantity><out_Quantity.quantity>148.860992</out_Quantity.quantity></Point><Point><position>6900</position><in_Quantity.quantity>0.000000</in_Quantity.quantity><out_Quantity.quantity>389.466578</out_Quantity.quantity></Point><Point><position>6901</position><in_Quantity.quantity>0.000000</in_Quantity.quantity><out_Quantity.quantity>964.096202</out_Quantity.quantity></Point><Point><position>6902</position><in_Quantity.quantity>0.000000</in_Quantity.quantity><out_Quantity.quantity>723.029178</out_Quantity.quantity></Point><Point><position>6903</position><in_Quantity.quantity>0.000000</in_Quantity.quantity><out_Quantity.quantity>358.446492</out_Quantity.quantity></Point><Point><position>6904</position><in_Quantity.quantity>0.000000</in_Quantity.quantity><out_Quantity.quantity>584.320976</out_Quantity.quantity></Point><Point><position>6905</position><in_Quantity.quantity>0.000000</in_Quantity.quantity><out_Quantity.quantity>159.220379</out_Quantity.quantity></Point><Point><position>6906</position><in_Quantity.quantity>0.000000</in_Quantity.quantity><out_Quantity.quantity>713.019637</out_Quantity.quantity></Point><Point><position>6907</position><in_Quantity.quantity>0.000000</in_Quantity.quantity><out_Quantity.quantity>43.212182</out_Quantity.quantity></Point><Point><position>6908</position><in_Quantity.quantity>0.000000</in_Quantity.quantity><out_Quantity.quantity>163.331365</out_Quantity.quantity></Point><Point><position>6909</position><in_Quantity.quantity>0.000000</in_Quantity.quantity><out_Quantity.quantity>999.824439</out_Quantity.quantity></Point><Point><position>6910</position><in_Quantity.quantity>0.000000</in_Quantity.quantity><out_Quantity.quantity>743.968675</out_Quantity.quantity></Point><Point><position>6911</position><in_Quantity.quantity>0.000000</in_Quantity.quantity><out_Quantity.quantity>93.737486</out_Quantity.quantity></Point><Point><position>6912</position><in_Quantity.quantity>0.000000</in_Quantity.quantity><out_Quantity.quantity>711.288434</out_Quantity.quantity></Point><Point><position>6913</position><in_Quantity.quantity>0.000000</in_Quantity.quantity><out_Quantity.quantity>921.605641</out_Quantity.quantity></Point><Point><position>6914</position><in_Quantity.quantity>0.000000</in_Quantity.quantity><out_Quantity.quantity>937.252142</out_Quantity.quantity></Point><Point><position>6915</position><in_Quantity.quantity>0.000000</in_Quantity.quantity><out_Quantity.quantity>768.798243</out_Quantity.quantity></Point><Point><position>6916</position><in_Quantity.quantity>0.000000</in_Quantity.quantity><out_Quantity.quantity>609.153949</out_Quantity.quantity></Point><Point><position>6917</position><in_Quantity.quantity>0.000000</in_Quantity.quantity><out_Quantity.quantity>422.942603</out_Quantity.quantity></Point><Point><position>6918</position><in_Quantity.quantity>0.000000</in_Quantity.quantity><out_Quantity.quantity>13.230936</out_Quantity.quantity></Point><Point><position>6919</position><in_Quantity.quantity>0.000000</in_Quantity.quantity><out_Quantity.quantity>935.002310</out_Quantity.quantity></Point><Point><position>6920</position><in_Quantity.quantity>0.000000</in_Quantity.quantity><out_Quantity.quantity>739.227615</out_Quantity.quantity></Point><Point><position>6921</position><in_Quantity.quantity>0.000000</in_Quantity.quantity><out_Quantity.quantity>219.517107</out_Quantity.quantity></Point><Point><position>6922</position><in_Quantity.quantity>0.000000</in_Quantity.quantity><out_Quantity.quantity>500.626430</out_Quantity.quantity></Point><Point><position>6923</position><in_Quantity.quantity>0.000000</in_Quantity.quantity><out_Quantity.quantity>877.335079</out_Quantity.quantity></Point><Point><position>6924</position><in_Quantity.quantity>0.000000</in_Quantity.quantity><out_Quantity.quantity>75.836557</out_Quantity.quantity></Point><Point><position>6925</position><in_Quantity.quantity>0.000000</in_Quantity.quantity><out_Quantity.quantity>952.267457</out_Quantity.quantity></Point><Point><position>6926</position><in_Quantity.quantity>0.000000</in_Quantity.quantity><out_Quantity.quantity>339.897756</out_Quantity.quantity></Point><Point><position>6927</position><in_Quantity.quantity>0.000000</in_Quantity.quantity><out_Quantity.quantity>511.550348</out_Quantity.quantity></Point><Point><position>6928</position><in_Quantity.quantity>0.000000</in_Quantity.quantity><out_Quantity.quantity>893.978022</out_Quantity.quantity></Point><Point><position>6929</position><in_Quantity.quantity>0.000000</in_Quantity.quantity><out_Quantity.quantity>327.842020</out_Quantity.quantity></Point><Point><position>6930</position><in_Quantity.quantity>0.000000</in_Quantity.quantity><out_Quantity.quantity>992.917439</out_Quantity.quantity></Point><Point><position>6931</position><in_Quantity.quantity>0.000000</in_Quantity.quantity><out_Quantity.quantity>884.748961</out_Quantity.quantity></Point><Point><position>6932</position><in_Quantity.quantity>0.000000</in_Quantity.quantity><out_Quantity.quantity>280.399333</out_Quantity.quantity></Point><Point><position>6933</position><in_Quantity.quantity>0.000000</in_Quantity.quantity><out_Quantity.quantity>177.627652</out_Quantity.quantity></Point><Point><position>6934</position><in_Quantity.quantity>0.000000</in_Quantity.quantity><out_Quantity.quantity>394.490307</out_Quantity.quantity></Point><Point><position>6935</position><in_Quantity.quantity>0.000000</in_Quantity.quantity><out_Quantity.quantity>951.580277</out_Quantity.quantity></Point><Point><position>6936</position><in_Quantity.quantity>0.000000</in_Quantity.quantity><out_Quantity.quantity>394.707098</out_Quantity.quantity></Point><Point><position>6937</position><in_Quantity.quantity>0.000000</in_Quantity.quantity><out_Quantity.quantity>20.170347</out_Quantity.quantity></Point><Point><position>6938</position><in_Quantity.quantity>0.000000</in_Quantity.quantity><out_Quantity.quantity>913.482238</out_Quantity.quantity></Point><Point><position>6939</position><in_Quantity.quantity>0.000000</in_Quantity.quantity><out_Quantity.quantity>467.039373</out_Quantity.quantity></Point><Point><position>6940</position><in_Quantity.quantity>0.000000</in_Quantity.quantity><out_Quantity.quantity>309.425078</out_Quantity.quantity></Point><Point><position>6941</position><in_Quantity.quantity>0.000000</in_Quantity.quantity><out_Quantity.quantity>478.046394</out_Quantity.quantity></Point><Point><position>6942</position><in_Quantity.quantity>0.000000</in_Quantity.quantity><out_Quantity.quantity>365.080719</out_Quantity.quantity></Point><Point><position>6943</position><in_Quantity.quantity>0.000000</in_Quantity.quantity><out_Quantity.quantity>758.942364</out_Quantity.quantity></Point><Point><position>6944</position><in_Quantity.quantity>0.000000</in_Quantity.quantity><out_Quantity.quantity>560.052940</out_Quantity.quantity></Point><Point><position>6945</position><in_Quantity.quantity>0.000000</in_Quantity.quantity><out_Quantity.quantity>788.069731</out_Quantity.quantity></Point><Point><position>6946</position><in_Quantity.quantity>0.000000</in_Quantity.quantity><out_Quantity.quantity>829.306210</out_Quantity.quantity></Point><Point><position>6947</position><in_Quantity.quantity>0.000000</in_Quantity.quantity><out_Quantity.quantity>791.533119</out_Quantity.quantity></Point><Point><position>6948</position><in_Quantity.quantity>0.000000</in_Quantity.quantity><out_Quantity.quantity>193.797897</out_Quantity.quantity></Point><Point><position>6949</position><in_Quantity.quantity>0.000000</in_Quantity.quantity><out_Quantity.quantity>861.166900</out_Quantity.quantity></Point><Point><position>6950</position><in_Quantity.quantity>0.000000</in_Quantity.quantity><out_Quantity.quantity>65.639219</out_Quantity.quantity></Point><Point><position>6951</position><in_Quantity.quantity>0.000000</in_Quantity.quantity><out_Quantity.quantity>446.451474</out_Quantity.quantity></Point><Point><position>6952</position><in_Quantity.quantity>0.000000</in_Quantity.quantity><out_Quantity.quantity>827.274950</out_Quantity.quantity></Point><Point><position>6953</position><in_Quantity.quantity>0.000000</in_Quantity.quantity><out_Quantity.quantity>651.050713</out_Quantity.quantity></Point><Point><position>6954</position><in_Quantity.quantity>0.000000</in_Quantity.quantity><out_Quantity.quantity>511.007663</out_Quantity.quantity></Point><Point><position>6955</position><in_Quantity.quantity>0.000000</in_Quantity.quantity><out_Quantity.quantity>319.632715</out_Quantity.quantity></Point><Point><position>6956</position><in_Quantity.quantity>0.000000</in_Quantity.quantity><out_Quantity.quantity>198.274894</out_Quantity.quantity></Point><Point><position>6957</position><in_Quantity.quantity>0.000000</in_Quantity.quantity><out_Quantity.quantity>975.758277</out_Quantity.quantity></Point><Point><position>6958</position><in_Quantity.quantity>0.000000</in_Quantity.quantity><out_Quantity.quantity>649.253279</out_Quantity.quantity></Point><Point><position>6959</position><in_Quantity.quantity>0.000000</in_Quantity.quantity><out_Quantity.quantity>581.216941</out_Quantity.quantity></Point><Point><position>6960</position><in_Quantity.quantity>0.000000</in_Quantity.quantity><out_Quantity.quantity>984.117687</out_Quantity.quantity></Point><Point><position>6961</position><in_Quantity.quantity>0.000000</in_Quantity.quantity><out_Quantity.quantity>303.771215</out_Quantity.quantity></Point><Point><position>6962</position><in_Quantity.quantity>0.000000</in_Quantity.quantity><out_Quantity.quantity>171.490400</out_Quantity.quantity></Point><Point><position>6963</position><in_Quantity.quantity>0.000000</in_Quantity.quantity><out_Quantity.quantity>516.164979</out_Quantity.quantity></Point><Point><position>6964</position><in_Quantity.quantity>0.000000</in_Quantity.quantity><out_Quantity.quantity>967.805474</out_Quantity.quantity></Point><Point><position>6965</position><in_Quantity.quantity>0.000000</in_Quantity.quantity><out_Quantity.quantity>921.979138</out_Quantity.quantity></Point><Point><position>6966</position><in_Quantity.quantity>0.000000</in_Quantity.quantity><out_Quantity.quantity>290.908395</out_Quantity.quantity></Point><Point><position>6967</position><in_Quantity.quantity>0.000000</in_Quantity.quantity><out_Quantity.quantity>776.920722</out_Quantity.quantity></Point><Point><position>6968</position><in_Quantity.quantity>0.000000</in_Quantity.quantity><out_Quantity.quantity>406.003611</out_Quantity.quantity></Point><Point><position>6969</position><in_Quantity.quantity>0.000000</in_Quantity.quantity><out_Quantity.quantity>52.915113</out_Quantity.quantity></Point><Point><position>6970</position><in_Quantity.quantity>0.000000</in_Quantity.quantity><out_Quantity.quantity>98.859545</out_Quantity.quantity></Point><Point><position>6971</position><in_Quantity.quantity>0.000000</in_Quantity.quantity><out_Quantity.quantity>294.903625</out_Quantity.quantity></Point><Point><position>6972</position><in_Quantity.quantity>0.000000</in_Quantity.quantity><out_Quantity.quantity>822.263114</out_Quantity.quantity></Point><Point><position>6973</position><in_Quantity.quantity>0.000000</in_Quantity.quantity><out_Quantity.quantity>10.417598</out_Quantity.quantity></Point><Point><position>6974</position><in_Quantity.quantity>0.000000</in_Quantity.quantity><out_Quantity.quantity>718.013957</out_Quantity.quantity></Point><Point><position>6975</position><in_Quantity.quantity>0.000000</in_Quantity.quantity><out_Quantity.quantity>174.894846</out_Quantity.quantity></Point><Point><position>6976</position><in_Quantity.quantity>0.000000</in_Quantity.quantity><out_Quantity.quantity>63.467056</out_Quantity.quantity></Point><Point><position>6977</position><in_Quantity.quantity>0.000000</in_Quantity.quantity><out_Quantity.quantity>838.013641</out_Quantity.quantity></Point><Point><position>6978</position><in_Quantity.quantity>0.000000</in_Quantity.quantity><out_Quantity.quantity>354.265072</out_Quantity.quantity></Point><Point><position>6979</position><in_Quantity.quantity>0.000000</in_Quantity.quantity><out_Quantity.quantity>135.486677</out_Quantity.quantity></Point><Point><position>6980</position><in_Quantity.quantity>0.000000</in_Quantity.quantity><out_Quantity.quantity>512.928397</out_Quantity.quantity></Point><Point><position>6981</position><in_Quantity.quantity>0.000000</in_Quantity.quantity><out_Quantity.quantity>775.220586</out_Quantity.quantity></Point><Point><position>6982</position><in_Quantity.quantity>0.000000</in_Quantity.quantity><out_Quantity.quantity>185.774609</out_Quantity.quantity></Point><Point><position>6983</position><in_Quantity.quantity>0.000000</in_Quantity.quantity><out_Quantity.quantity>38.314875</out_Quantity.quantity></Point><Point><position>6984</position><in_Quantity.quantity>0.000000</in_Quantity.quantity><out_Quantity.quantity>353.614713</out_Quantity.quantity></Point><Point><position>6985</position><in_Quantity.quantity>0.000000</in_Quantity.quantity><out_Quantity.quantity>561.525381</out_Quantity.quantity></Point><Point><position>6986</position><in_Quantity.quantity>0.000000</in_Quantity.quantity><out_Quantity.quantity>226.723833</out_Quantity.quantity></Point><Point><position>6987</position><in_Quantity.quantity>0.000000</in_Quantity.quantity><out_Quantity.quantity>550.281522</out_Quantity.quantity></Point><Point><position>6988</position><in_Quantity.quantity>0.000000</in_Quantity.quantity><out_Quantity.quantity>680.894584</out_Quantity.quantity></Point><Point><position>6989</position><in_Quantity.quantity>0.000000</in_Quantity.quantity><out_Quantity.quantity>261.540757</out_Quantity.quantity></Point><Point><position>6990</position><in_Quantity.quantity>0.000000</in_Quantity.quantity><out_Quantity.quantity>212.871995</out_Quantity.quantity></Point><Point><position>6991</position><in_Quantity.quantity>0.000000</in_Quantity.quantity><out_Quantity.quantity>16.518289</out_Quantity.quantity></Point><Point><position>6992</position><in_Quantity.quantity>0.000000</in_Quantity.quantity><out_Quantity.quantity>478.835115</out_Quantity.quantity></Point><Point><position>6993</position><in_Quantity.quantity>0.000000</in_Quantity.quantity><out_Quantity.quantity>378.602148</out_Quantity.quantity></Point><Point><position>6994</position><in_Quantity.quantity>0.000000</in_Quantity.quantity><out_Quantity.quantity>57.411481</out_Quantity.quantity></Point><Point><position>6995</position><in_Quantity.quantity>0.000000</in_Quantity.quantity><out_Quantity.quantity>38.255331</out_Quantity.quantity></Point><Point><position>6996</position><in_Quantity.quantity>0.000000</in_Quantity.quantity><out_Quantity.quantity>478.630011</out_Quantity.quantity></Point><Point><position>6997</position><in_Quantity.quantity>0.000000</in_Quantity.quantity><out_Quantity.quantity>824.464714</out_Quantity.quantity></Point><Point><position>6998</position><in_Quantity.quantity>0.000000</in_Quantity.quantity><out_Quantity.quantity>359.684272</out_Quantity.quantity></Point><Point><position>6999</position><in_Quantity.quantity>0.000000</in_Quantity.quantity><out_Quantity.quantity>897.561438</out_Quantity.quantity></Point><Point><position>7000</position><in_Quantity.quantity>0.000000</in_Quantity.quantity><out_Quantity.quantity>765.620317</out_Quantity.quantity></Point><Point><position>7001</position><in_Quantity.quantity>0.000000</in_Quantity.quantity><out_Quantity.quantity>634.355083</out_Quantity.quantity></Point><Point><position>7002</position><in_Quantity.quantity>0.000000</in_Quantity.quantity><out_Quantity.quantity>582.732759</out_Quantity.quantity></Point><Point><position>7003</position><in_Quantity.quantity>0.000000</in_Quantity.quantity><out_Quantity.quantity>467.867761</out_Quantity.quantity></Point><Point><position>7004</position><in_Quantity.quantity>0.000000</in_Quantity.quantity><out_Quantity.quantity>510.719270</out_Quantity.quantity></Point><Point><position>7005</position><in_Quantity.quantity>0.000000</in_Quantity.quantity><out_Quantity.quantity>205.348155</out_Quantity.quantity></Point><Point><position>7006</position><in_Quantity.quantity>0.000000</in_Quantity.quantity><out_Quantity.quantity>614.867650</out_Quantity.quantity></Point><Point><position>7007</position><in_Quantity.quantity>0.000000</in_Quantity.quantity><out_Quantity.quantity>664.369472</out_Quantity.quantity></Point><Point><position>7008</position><in_Quantity.quantity>0.000000</in_Quantity.quantity><out_Quantity.quantity>255.640237</out_Quantity.quantity></Point><Point><position>7009</position><in_Quantity.quantity>0.000000</in_Quantity.quantity><out_Quantity.quantity>351.919127</out_Quantity.quantity></Point><Point><position>7010</position><in_Quantity.quantity>0.000000</in_Quantity.quantity><out_Quantity.quantity>401.420590</out_Quantity.quantity></Point><Point><position>7011</position><in_Quantity.quantity>0.000000</in_Quantity.quantity><out_Quantity.quantity>697.575392</out_Quantity.quantity></Point><Point><position>7012</position><in_Quantity.quantity>0.000000</in_Quantity.quantity><out_Quantity.quantity>494.024665</out_Quantity.quantity></Point><Point><position>7013</position><in_Quantity.quantity>0.000000</in_Quantity.quantity><out_Quantity.quantity>629.399356</out_Quantity.quantity></Point><Point><position>7014</position><in_Quantity.quantity>0.000000</in_Quantity.quantity><out_Quantity.quantity>257.722033</out_Quantity.quantity></Point><Point><position>7015</position><in_Quantity.quantity>0.000000</in_Quantity.quantity><out_Quantity.quantity>684.176041</out_Quantity.quantity></Point><Point><position>7016</position><in_Quantity.quantity>0.000000</in_Quantity.quantity><out_Quantity.quantity>137.485276</out_Quantity.quantity></Point><Point><position>7017</position><in_Quantity.quantity>0.000000</in_Quantity.quantity><out_Quantity.quantity>827.490377</out_Quantity.quantity></Point><Point><position>7018</position><in_Quantity.quantity>0.000000</in_Quantity.quantity><out_Quantity.quantity>864.484770</out_Quantity.quantity></Point><Point><position>7019</position><in_Quantity.quantity>0.000000</in_Quantity.quantity><out_Quantity.quantity>585.007966</out_Quantity.quantity></Point><Point><position>7020</position><in_Quantity.quantity>0.000000</in_Quantity.quantity><out_Quantity.quantity>356.397100</out_Quantity.quantity></Point><Point><position>7021</position><in_Quantity.quantity>0.000000</in_Quantity.quantity><out_Quantity.quantity>946.656432</out_Quantity.quantity></Point><Point><position>7022</position><in_Quantity.quantity>0.000000</in_Quantity.quantity><out_Quantity.quantity>506.991549</out_Quantity.quantity></Point><Point><position>7023</position><in_Quantity.quantity>0.000000</in_Quantity.quantity><out_Quantity.quantity>1.193684</out_Quantity.quantity></Point><Point><position>7024</position><in_Quantity.quantity>0.000000</in_Quantity.quantity><out_Quantity.quantity>583.684544</out_Quantity.quantity></Point><Point><position>7025</position><in_Quantity.quantity>0.000000</in_Quantity.quantity><out_Quantity.quantity>418.183143</out_Quantity.quantity></Point><Point><position>7026</position><in_Quantity.quantity>0.000000</in_Quantity.quantity><out_Quantity.quantity>988.228276</out_Quantity.quantity></Point><Point><position>7027</position><in_Quantity.quantity>0.000000</in_Quantity.quantity><out_Quantity.quantity>819.999820</out_Quantity.quantity></Point><Point><position>7028</position><in_Quantity.quantity>0.000000</in_Quantity.quantity><out_Quantity.quantity>565.341542</out_Quantity.quantity></Point><Point><position>7029</position><in_Quantity.quantity>0.000000</in_Quantity.quantity><out_Quantity.quantity>538.349592</out_Quantity.quantity></Point><Point><position>7030</position><in_Quantity.quantity>0.000000</in_Quantity.quantity><out_Quantity.quantity>959.737481</out_Quantity.quantity></Point><Point><position>7031</position><in_Quantity.quantity>0.000000</in_Quantity.quantity><out_Quantity.quantity>281.805444</out_Quantity.quantity></Point><Point><position>7032</position><in_Quantity.quantity>0.000000</in_Quantity.quantity><out_Quantity.quantity>615.322127</out_Quantity.quantity></Point><Point><position>7033</position><in_Quantity.quantity>0.000000</in_Quantity.quantity><out_Quantity.quantity>719.284305</out_Quantity.quantity></Point><Point><position>7034</position><in_Quantity.quantity>0.000000</in_Quantity.quantity><out_Quantity.quantity>673.493892</out_Quantity.quantity></Point><Point><position>7035</position><in_Quantity.quantity>0.000000</in_Quantity.quantity><out_Quantity.quantity>429.117129</out_Quantity.quantity></Point><Point><position>7036</position><in_Quantity.quantity>0.000000</in_Quantity.quantity><out_Quantity.quantity>943.577093</out_Quantity.quantity></Point><Point><position>7037</position><in_Quantity.quantity>0.000000</in_Quantity.quantity><out_Quantity.quantity>375.002410</out_Quantity.quantity></Point><Point><position>7038</position><in_Quantity.quantity>0.000000</in_Quantity.quantity><out_Quantity.quantity>581.631773</out_Quantity.quantity></Point><Point><position>7039</position><in_Quantity.quantity>0.000000</in_Quantity.quantity><out_Quantity.quantity>10.642870</out_Quantity.quantity></Point><Point><position>7040</position><in_Quantity.quantity>0.000000</in_Quantity.quantity><out_Quantity.quantity>630.077655</out_Quantity.quantity></Point><Point><position>7041</position><in_Quantity.quantity>0.000000</in_Quantity.quantity><out_Quantity.quantity>25.178692</out_Quantity.quantity></Point><Point><position>7042</position><in_Quantity.quantity>0.000000</in_Quantity.quantity><out_Quantity.quantity>674.377866</out_Quantity.quantity></Point><Point><position>7043</position><in_Quantity.quantity>0.000000</in_Quantity.quantity><out_Quantity.quantity>380.490905</out_Quantity.quantity></Point><Point><position>7044</position><in_Quantity.quantity>0.000000</in_Quantity.quantity><out_Quantity.quantity>439.835276</out_Quantity.quantity></Point><Point><position>7045</position><in_Quantity.quantity>0.000000</in_Quantity.quantity><out_Quantity.quantity>889.014994</out_Quantity.quantity></Point><Point><position>7046</position><in_Quantity.quantity>0.000000</in_Quantity.quantity><out_Quantity.quantity>190.875552</out_Quantity.quantity></Point><Point><position>7047</position><in_Quantity.quantity>0.000000</in_Quantity.quantity><out_Quantity.quantity>463.327354</out_Quantity.quantity></Point><Point><position>7048</position><in_Quantity.quantity>0.000000</in_Quantity.quantity><out_Quantity.quantity>174.604734</out_Quantity.quantity></Point><Point><position>7049</position><in_Quantity.quantity>0.000000</in_Quantity.quantity><out_Quantity.quantity>669.230736</out_Quantity.quantity></Point><Point><position>7050</position><in_Quantity.quantity>0.000000</in_Quantity.quantity><out_Quantity.quantity>430.422615</out_Quantity.quantity></Point><Point><position>7051</position><in_Quantity.quantity>0.000000</in_Quantity.quantity><out_Quantity.quantity>584.735821</out_Quantity.quantity></Point><Point><position>7052</position><in_Quantity.quantity>0.000000</in_Quantity.quantity><out_Quantity.quantity>642.175306</out_Quantity.quantity></Point><Point><position>7053</position><in_Quantity.quantity>0.000000</in_Quantity.quantity><out_Quantity.quantity>625.560371</out_Quantity.quantity></Point><Point><position>7054</position><in_Quantity.quantity>0.000000</in_Quantity.quantity><out_Quantity.quantity>106.510011</out_Quantity.quantity></Point><Point><position>7055</position><in_Quantity.quantity>0.000000</in_Quantity.quantity><out_Quantity.quantity>311.093732</out_Quantity.quantity></Point><Point><position>7056</position><in_Quantity.quantity>0.000000</in_Quantity.quantity><out_Quantity.quantity>12.250338</out_Quantity.quantity></Point><Point><position>7057</position><in_Quantity.quantity>0.000000</in_Quantity.quantity><out_Quantity.quantity>465.901294</out_Quantity.quantity></Point><Point><position>7058</position><in_Quantity.quantity>0.000000</in_Quantity.quantity><out_Quantity.quantity>345.702514</out_Quantity.quantity></Point><Point><position>7059</position><in_Quantity.quantity>0.000000</in_Quantity.quantity><out_Quantity.quantity>769.623566</out_Quantity.quantity></Point><Point><position>7060</position><in_Quantity.quantity>0.000000</in_Quantity.quantity><out_Quantity.quantity>215.206093</out_Quantity.quantity></Point><Point><position>7061</position><in_Quantity.quantity>0.000000</in_Quantity.quantity><out_Quantity.quantity>998.504333</out_Quantity.quantity></Point><Point><position>7062</position><in_Quantity.quantity>0.000000</in_Quantity.quantity><out_Quantity.quantity>241.644744</out_Quantity.quantity></Point><Point><position>7063</position><in_Quantity.quantity>0.000000</in_Quantity.quantity><out_Quantity.quantity>20.769390</out_Quantity.quantity></Point><Point><position>7064</position><in_Quantity.quantity>0.000000</in_Quantity.quantity><out_Quantity.quantity>72.441556</out_Quantity.quantity></Point><Point><position>7065</position><in_Quantity.quantity>0.000000</in_Quantity.quantity><out_Quantity.quantity>861.213261</out_Quantity.quantity></Point><Point><position>7066</position><in_Quantity.quantity>0.000000</in_Quantity.quantity><out_Quantity.quantity>730.869264</out_Quantity.quantity></Point><Point><position>7067</position><in_Quantity.quantity>0.000000</in_Quantity.quantity><out_Quantity.quantity>843.321207</out_Quantity.quantity></Point><Point><position>7068</position><in_Quantity.quantity>0.000000</in_Quantity.quantity><out_Quantity.quantity>468.173768</out_Quantity.quantity></Point><Point><position>7069</position><in_Quantity.quantity>0.000000</in_Quantity.quantity><out_Quantity.quantity>508.622238</out_Quantity.quantity></Point><Point><position>7070</position><in_Quantity.quantity>0.000000</in_Quantity.quantity><out_Quantity.quantity>783.194903</out_Quantity.quantity></Point><Point><position>7071</position><in_Quantity.quantity>0.000000</in_Quantity.quantity><out_Quantity.quantity>324.915018</out_Quantity.quantity></Point><Point><position>7072</position><in_Quantity.quantity>0.000000</in_Quantity.quantity><out_Quantity.quantity>284.156502</out_Quantity.quantity></Point><Point><position>7073</position><in_Quantity.quantity>0.000000</in_Quantity.quantity><out_Quantity.quantity>868.728523</out_Quantity.quantity></Point><Point><position>7074</position><in_Quantity.quantity>0.000000</in_Quantity.quantity><out_Quantity.quantity>646.357972</out_Quantity.quantity></Point><Point><position>7075</position><in_Quantity.quantity>0.000000</in_Quantity.quantity><out_Quantity.quantity>370.882882</out_Quantity.quantity></Point><Point><position>7076</position><in_Quantity.quantity>0.000000</in_Quantity.quantity><out_Quantity.quantity>519.482038</out_Quantity.quantity></Point><Point><position>7077</position><in_Quantity.quantity>0.000000</in_Quantity.quantity><out_Quantity.quantity>410.285136</out_Quantity.quantity></Point><Point><position>7078</position><in_Quantity.quantity>0.000000</in_Quantity.quantity><out_Quantity.quantity>36.701094</out_Quantity.quantity></Point><Point><position>7079</position><in_Quantity.quantity>0.000000</in_Quantity.quantity><out_Quantity.quantity>572.796593</out_Quantity.quantity></Point><Point><position>7080</position><in_Quantity.quantity>0.000000</in_Quantity.quantity><out_Quantity.quantity>609.070824</out_Quantity.quantity></Point><Point><position>7081</position><in_Quantity.quantity>0.000000</in_Quantity.quantity><out_Quantity.quantity>682.133577</out_Quantity.quantity></Point><Point><position>7082</position><in_Quantity.quantity>0.000000</in_Quantity.quantity><out_Quantity.quantity>503.056454</out_Quantity.quantity></Point><Point><position>7083</position><in_Quantity.quantity>0.000000</in_Quantity.quantity><out_Quantity.quantity>93.541033</out_Quantity.quantity></Point><Point><position>7084</position><in_Quantity.quantity>0.000000</in_Quantity.quantity><out_Quantity.quantity>900.778657</out_Quantity.quantity></Point><Point><position>7085</position><in_Quantity.quantity>0.000000</in_Quantity.quantity><out_Quantity.quantity>303.087787</out_Quantity.quantity></Point><Point><position>7086</position><in_Quantity.quantity>0.000000</in_Quantity.quantity><out_Quantity.quantity>554.233686</out_Quantity.quantity></Point><Point><position>7087</position><in_Quantity.quantity>0.000000</in_Quantity.quantity><out_Quantity.quantity>64.057476</out_Quantity.quantity></Point><Point><position>7088</position><in_Quantity.quantity>0.000000</in_Quantity.quantity><out_Quantity.quantity>488.020831</out_Quantity.quantity></Point><Point><position>7089</position><in_Quantity.quantity>0.000000</in_Quantity.quantity><out_Quantity.quantity>331.951333</out_Quantity.quantity></Point><Point><position>7090</position><in_Quantity.quantity>0.000000</in_Quantity.quantity><out_Quantity.quantity>187.482030</out_Quantity.quantity></Point><Point><position>7091</position><in_Quantity.quantity>0.000000</in_Quantity.quantity><out_Quantity.quantity>890.332536</out_Quantity.quantity></Point><Point><position>7092</position><in_Quantity.quantity>0.000000</in_Quantity.quantity><out_Quantity.quantity>725.882261</out_Quantity.quantity></Point><Point><position>7093</position><in_Quantity.quantity>0.000000</in_Quantity.quantity><out_Quantity.quantity>714.580569</out_Quantity.quantity></Point><Point><position>7094</position><in_Quantity.quantity>0.000000</in_Quantity.quantity><out_Quantity.quantity>527.459976</out_Quantity.quantity></Point><Point><position>7095</position><in_Quantity.quantity>0.000000</in_Quantity.quantity><out_Quantity.quantity>127.794886</out_Quantity.quantity></Point><Point><position>7096</position><in_Quantity.quantity>0.000000</in_Quantity.quantity><out_Quantity.quantity>409.812220</out_Quantity.quantity></Point><Point><position>7097</position><in_Quantity.quantity>0.000000</in_Quantity.quantity><out_Quantity.quantity>875.877423</out_Quantity.quantity></Point><Point><position>7098</position><in_Quantity.quantity>0.000000</in_Quantity.quantity><out_Quantity.quantity>519.544187</out_Quantity.quantity></Point><Point><position>7099</position><in_Quantity.quantity>0.000000</in_Quantity.quantity><out_Quantity.quantity>44.576306</out_Quantity.quantity></Point><Point><position>7100</position><in_Quantity.quantity>0.000000</in_Quantity.quantity><out_Quantity.quantity>215.815598</out_Quantity.quantity></Point><Point><position>7101</position><in_Quantity.quantity>0.000000</in_Quantity.quantity><out_Quantity.quantity>945.141493</out_Quantity.quantity></Point><Point><position>7102</position><in_Quantity.quantity>0.000000</in_Quantity.quantity><out_Quantity.quantity>227.203731</out_Quantity.quantity></Point><Point><position>7103</position><in_Quantity.quantity>0.000000</in_Quantity.quantity><out_Quantity.quantity>280.466051</out_Quantity.quantity></Point><Point><position>7104</position><in_Quantity.quantity>0.000000</in_Quantity.quantity><out_Quantity.quantity>944.153099</out_Quantity.quantity></Point><Point><position>7105</position><in_Quantity.quantity>0.000000</in_Quantity.quantity><out_Quantity.quantity>248.370899</out_Quantity.quantity></Point><Point><position>7106</position><in_Quantity.quantity>0.000000</in_Quantity.quantity><out_Quantity.quantity>422.548958</out_Quantity.quantity></Point><Point><position>7107</position><in_Quantity.quantity>0.000000</in_Quantity.quantity><out_Quantity.quantity>106.822674</out_Quantity.quantity></Point><Point><position>7108</position><in_Quantity.quantity>0.000000</in_Quantity.quantity><out_Quantity.quantity>10.818254</out_Quantity.quantity></Point><Point><position>7109</position><in_Quantity.quantity>0.000000</in_Quantity.quantity><out_Quantity.quantity>63.472274</out_Quantity.quantity></Point><Point><position>7110</position><in_Quantity.quantity>0.000000</in_Quantity.quantity><out_Quantity.quantity>681.211196</out_Quantity.quantity></Point><Point><position>7111</position><in_Quantity.quantity>0.000000</in_Quantity.quantity><out_Quantity.quantity>352.992918</out_Quantity.quantity></Point><Point><position>7112</position><in_Quantity.quantity>0.000000</in_Quantity.quantity><out_Quantity.quantity>509.873537</out_Quantity.quantity></Point><Point><position>7113</position><in_Quantity.quantity>0.000000</in_Quantity.quantity><out_Quantity.quantity>0.342435</out_Quantity.quantity></Point><Point><position>7114</position><in_Quantity.quantity>0.000000</in_Quantity.quantity><out_Quantity.quantity>709.885285</out_Quantity.quantity></Point><Point><position>7115</position><in_Quantity.quantity>0.000000</in_Quantity.quantity><out_Quantity.quantity>120.480019</out_Quantity.quantity></Point><Point><position>7116</position><in_Quantity.quantity>0.000000</in_Quantity.quantity><out_Quantity.quantity>295.963059</out_Quantity.quantity></Point><Point><position>7117</position><in_Quantity.quantity>0.000000</in_Quantity.quantity><out_Quantity.quantity>591.251287</out_Quantity.quantity></Point><Point><position>7118</position><in_Quantity.quantity>0.000000</in_Quantity.quantity><out_Quantity.quantity>808.236872</out_Quantity.quantity></Point><Point><position>7119</position><in_Quantity.quantity>0.000000</in_Quantity.quantity><out_Quantity.quantity>990.289876</out_Quantity.quantity></Point><Point><position>7120</position><in_Quantity.quantity>0.000000</in_Quantity.quantity><out_Quantity.quantity>257.019959</out_Quantity.quantity></Point><Point><position>7121</position><in_Quantity.quantity>0.000000</in_Quantity.quantity><out_Quantity.quantity>504.650150</out_Quantity.quantity></Point><Point><position>7122</position><in_Quantity.quantity>0.000000</in_Quantity.quantity><out_Quantity.quantity>774.012344</out_Quantity.quantity></Point><Point><position>7123</position><in_Quantity.quantity>0.000000</in_Quantity.quantity><out_Quantity.quantity>761.242367</out_Quantity.quantity></Point><Point><position>7124</position><in_Quantity.quantity>0.000000</in_Quantity.quantity><out_Quantity.quantity>381.837178</out_Quantity.quantity></Point><Point><position>7125</position><in_Quantity.quantity>0.000000</in_Quantity.quantity><out_Quantity.quantity>653.695385</out_Quantity.quantity></Point><Point><position>7126</position><in_Quantity.quantity>0.000000</in_Quantity.quantity><out_Quantity.quantity>161.789406</out_Quantity.quantity></Point><Point><position>7127</position><in_Quantity.quantity>0.000000</in_Quantity.quantity><out_Quantity.quantity>23.475930</out_Quantity.quantity></Point><Point><position>7128</position><in_Quantity.quantity>0.000000</in_Quantity.quantity><out_Quantity.quantity>707.379014</out_Quantity.quantity></Point><Point><position>7129</position><in_Quantity.quantity>0.000000</in_Quantity.quantity><out_Quantity.quantity>848.921664</out_Quantity.quantity></Point><Point><position>7130</position><in_Quantity.quantity>0.000000</in_Quantity.quantity><out_Quantity.quantity>653.767654</out_Quantity.quantity></Point><Point><position>7131</position><in_Quantity.quantity>0.000000</in_Quantity.quantity><out_Quantity.quantity>889.936920</out_Quantity.quantity></Point><Point><position>7132</position><in_Quantity.quantity>0.000000</in_Quantity.quantity><out_Quantity.quantity>490.367499</out_Quantity.quantity></Point><Point><position>7133</position><in_Quantity.quantity>0.000000</in_Quantity.quantity><out_Quantity.quantity>72.120832</out_Quantity.quantity></Point><Point><position>7134</position><in_Quantity.quantity>0.000000</in_Quantity.quantity><out_Quantity.quantity>617.777863</out_Quantity.quantity></Point><Point><position>7135</position><in_Quantity.quantity>0.000000</in_Quantity.quantity><out_Quantity.quantity>882.070252</out_Quantity.quantity></Point><Point><position>7136</position><in_Quantity.quantity>0.000000</in_Quantity.quantity><out_Quantity.quantity>474.999455</out_Quantity.quantity></Point><Point><position>7137</position><in_Quantity.quantity>0.000000</in_Quantity.quantity><out_Quantity.quantity>454.528226</out_Quantity.quantity></Point><Point><position>7138</position><in_Quantity.quantity>0.000000</in_Quantity.quantity><out_Quantity.quantity>80.977409</out_Quantity.quantity></Point><Point><position>7139</position><in_Quantity.quantity>0.000000</in_Quantity.quantity><out_Quantity.quantity>157.857368</out_Quantity.quantity></Point><Point><position>7140</position><in_Quantity.quantity>0.000000</in_Quantity.quantity><out_Quantity.quantity>740.228531</out_Quantity.quantity></Point><Point><position>7141</position><in_Quantity.quantity>0.000000</in_Quantity.quantity><out_Quantity.quantity>245.226761</out_Quantity.quantity></Point><Point><position>7142</position><in_Quantity.quantity>0.000000</in_Quantity.quantity><out_Quantity.quantity>528.277713</out_Quantity.quantity></Point><Point><position>7143</position><in_Quantity.quantity>0.000000</in_Quantity.quantity><out_Quantity.quantity>145.717226</out_Quantity.quantity></Point><Point><position>7144</position><in_Quantity.quantity>0.000000</in_Quantity.quantity><out_Quantity.quantity>913.755381</out_Quantity.quantity></Point><Point><position>7145</position><in_Quantity.quantity>0.000000</in_Quantity.quantity><out_Quantity.quantity>419.668419</out_Quantity.quantity></Point><Point><position>7146</position><in_Quantity.quantity>0.000000</in_Quantity.quantity><out_Quantity.quantity>490.517703</out_Quantity.quantity></Point><Point><position>7147</position><in_Quantity.quantity>0.000000</in_Quantity.quantity><out_Quantity.quantity>509.856163</out_Quantity.quantity></Point><Point><position>7148</position><in_Quantity.quantity>0.000000</in_Quantity.quantity><out_Quantity.quantity>958.357772</out_Quantity.quantity></Point><Point><position>7149</position><in_Quantity.quantity>0.000000</in_Quantity.quantity><out_Quantity.quantity>493.536119</out_Quantity.quantity></Point><Point><position>7150</position><in_Quantity.quantity>0.000000</in_Quantity.quantity><out_Quantity.quantity>757.625522</out_Quantity.quantity></Point><Point><position>7151</position><in_Quantity.quantity>0.000000</in_Quantity.quantity><out_Quantity.quantity>23.625447</out_Quantity.quantity></Point><Point><position>7152</position><in_Quantity.quantity>0.000000</in_Quantity.quantity><out_Quantity.quantity>317.126162</out_Quantity.quantity></Point><Point><position>7153</position><in_Quantity.quantity>0.000000</in_Quantity.quantity><out_Quantity.quantity>389.256970</out_Quantity.quantity></Point><Point><position>7154</position><in_Quantity.quantity>0.000000</in_Quantity.quantity><out_Quantity.quantity>596.246340</out_Quantity.quantity></Point><Point><position>7155</position><in_Quantity.quantity>0.000000</in_Quantity.quantity><out_Quantity.quantity>114.353541</out_Quantity.quantity></Point><Point><position>7156</position><in_Quantity.quantity>0.000000</in_Quantity.quantity><out_Quantity.quantity>279.369242</out_Quantity.quantity></Point><Point><position>7157</position><in_Quantity.quantity>0.000000</in_Quantity.quantity><out_Quantity.quantity>377.306300</out_Quantity.quantity></Point><Point><position>7158</position><in_Quantity.quantity>0.000000</in_Quantity.quantity><out_Quantity.quantity>65.357442</out_Quantity.quantity></Point><Point><position>7159</position><in_Quantity.quantity>0.000000</in_Quantity.quantity><out_Quantity.quantity>565.762764</out_Quantity.quantity></Point><Point><position>7160</position><in_Quantity.quantity>0.000000</in_Quantity.quantity><out_Quantity.quantity>771.640157</out_Quantity.quantity></Point><Point><position>7161</position><in_Quantity.quantity>0.000000</in_Quantity.quantity><out_Quantity.quantity>728.045825</out_Quantity.quantity></Point><Point><position>7162</position><in_Quantity.quantity>0.000000</in_Quantity.quantity><out_Quantity.quantity>555.307954</out_Quantity.quantity></Point><Point><position>7163</position><in_Quantity.quantity>0.000000</in_Quantity.quantity><out_Quantity.quantity>804.147012</out_Quantity.quantity></Point><Point><position>7164</position><in_Quantity.quantity>0.000000</in_Quantity.quantity><out_Quantity.quantity>515.349946</out_Quantity.quantity></Point><Point><position>7165</position><in_Quantity.quantity>0.000000</in_Quantity.quantity><out_Quantity.quantity>321.009963</out_Quantity.quantity></Point><Point><position>7166</position><in_Quantity.quantity>0.000000</in_Quantity.quantity><out_Quantity.quantity>37.475243</out_Quantity.quantity></Point><Point><position>7167</position><in_Quantity.quantity>0.000000</in_Quantity.quantity><out_Quantity.quantity>725.495764</out_Quantity.quantity></Point><Point><position>7168</position><in_Quantity.quantity>0.000000</in_Quantity.quantity><out_Quantity.quantity>508.992879</out_Quantity.quantity></Point><Point><position>7169</position><in_Quantity.quantity>0.000000</in_Quantity.quantity><out_Quantity.quantity>972.525282</out_Quantity.quantity></Point><Point><position>7170</position><in_Quantity.quantity>0.000000</in_Quantity.quantity><out_Quantity.quantity>172.889649</out_Quantity.quantity></Point><Point><position>7171</position><in_Quantity.quantity>0.000000</in_Quantity.quantity><out_Quantity.quantity>397.592260</out_Quantity.quantity></Point><Point><position>7172</position><in_Quantity.quantity>0.000000</in_Quantity.quantity><out_Quantity.quantity>449.492388</out_Quantity.quantity></Point><Point><position>7173</position><in_Quantity.quantity>0.000000</in_Quantity.quantity><out_Quantity.quantity>417.348119</out_Quantity.quantity></Point><Point><position>7174</position><in_Quantity.quantity>0.000000</in_Quantity.quantity><out_Quantity.quantity>614.602691</out_Quantity.quantity></Point><Point><position>7175</position><in_Quantity.quantity>0.000000</in_Quantity.quantity><out_Quantity.quantity>431.826561</out_Quantity.quantity></Point><Point><position>7176</position><in_Quantity.quantity>0.000000</in_Quantity.quantity><out_Quantity.quantity>217.610630</out_Quantity.quantity></Point><Point><position>7177</position><in_Quantity.quantity>0.000000</in_Quantity.quantity><out_Quantity.quantity>851.568684</out_Quantity.quantity></Point><Point><position>7178</position><in_Quantity.quantity>0.000000</in_Quantity.quantity><out_Quantity.quantity>369.880783</out_Quantity.quantity></Point><Point><position>7179</position><in_Quantity.quantity>0.000000</in_Quantity.quantity><out_Quantity.quantity>306.378480</out_Quantity.quantity></Point><Point><position>7180</position><in_Quantity.quantity>0.000000</in_Quantity.quantity><out_Quantity.quantity>156.970216</out_Quantity.quantity></Point><Point><position>7181</position><in_Quantity.quantity>0.000000</in_Quantity.quantity><out_Quantity.quantity>214.010134</out_Quantity.quantity></Point><Point><position>7182</position><in_Quantity.quantity>0.000000</in_Quantity.quantity><out_Quantity.quantity>318.413857</out_Quantity.quantity></Point><Point><position>7183</position><in_Quantity.quantity>0.000000</in_Quantity.quantity><out_Quantity.quantity>273.323156</out_Quantity.quantity></Point><Point><position>7184</position><in_Quantity.quantity>0.000000</in_Quantity.quantity><out_Quantity.quantity>103.344885</out_Quantity.quantity></Point><Point><position>7185</position><in_Quantity.quantity>0.000000</in_Quantity.quantity><out_Quantity.quantity>320.023345</out_Quantity.quantity></Point><Point><position>7186</position><in_Quantity.quantity>0.000000</in_Quantity.quantity><out_Quantity.quantity>268.430457</out_Quantity.quantity></Point><Point><position>7187</position><in_Quantity.quantity>0.000000</in_Quantity.quantity><out_Quantity.quantity>267.584412</out_Quantity.quantity></Point><Point><position>7188</position><in_Quantity.quantity>0.000000</in_Quantity.quantity><out_Quantity.quantity>241.166826</out_Quantity.quantity></Point><Point><position>7189</position><in_Quantity.quantity>0.000000</in_Quantity.quantity><out_Quantity.quantity>928.007998</out_Quantity.quantity></Point><Point><position>7190</position><in_Quantity.quantity>0.000000</in_Quantity.quantity><out_Quantity.quantity>954.975836</out_Quantity.quantity></Point><Point><position>7191</position><in_Quantity.quantity>0.000000</in_Quantity.quantity><out_Quantity.quantity>409.609603</out_Quantity.quantity></Point><Point><position>7192</position><in_Quantity.quantity>0.000000</in_Quantity.quantity><out_Quantity.quantity>438.940314</out_Quantity.quantity></Point><Point><position>7193</position><in_Quantity.quantity>0.000000</in_Quantity.quantity><out_Quantity.quantity>6.478429</out_Quantity.quantity></Point><Point><position>7194</position><in_Quantity.quantity>0.000000</in_Quantity.quantity><out_Quantity.quantity>317.060773</out_Quantity.quantity></Point><Point><position>7195</position><in_Quantity.quantity>0.000000</in_Quantity.quantity><out_Quantity.quantity>88.138710</out_Quantity.quantity></Point><Point><position>7196</position><in_Quantity.quantity>0.000000</in_Quantity.quantity><out_Quantity.quantity>771.202424</out_Quantity.quantity></Point><Point><position>7197</position><in_Quantity.quantity>0.000000</in_Quantity.quantity><out_Quantity.quantity>179.530002</out_Quantity.quantity></Point><Point><position>7198</position><in_Quantity.quantity>0.000000</in_Quantity.quantity><out_Quantity.quantity>837.194916</out_Quantity.quantity></Point><Point><position>7199</position><in_Quantity.quantity>0.000000</in_Quantity.quantity><out_Quantity.quantity>268.098498</out_Quantity.quantity></Point><Point><position>7200</position><in_Quantity.quantity>0.000000</in_Quantity.quantity><out_Quantity.quantity>871.634876</out_Quantity.quantity></Point><Point><position>7201</position><in_Quantity.quantity>0.000000</in_Quantity.quantity><out_Quantity.quantity>493.530568</out_Quantity.quantity></Point><Point><position>7202</position><in_Quantity.quantity>0.000000</in_Quantity.quantity><out_Quantity.quantity>310.390492</out_Quantity.quantity></Point><Point><position>7203</position><in_Quantity.quantity>0.000000</in_Quantity.quantity><out_Quantity.quantity>245.504189</out_Quantity.quantity></Point><Point><position>7204</position><in_Quantity.quantity>0.000000</in_Quantity.quantity><out_Quantity.quantity>544.256961</out_Quantity.quantity></Point><Point><position>7205</position><in_Quantity.quantity>0.000000</in_Quantity.quantity><out_Quantity.quantity>385.050790</out_Quantity.quantity></Point><Point><position>7206</position><in_Quantity.quantity>0.000000</in_Quantity.quantity><out_Quantity.quantity>395.528863</out_Quantity.quantity></Point><Point><position>7207</position><in_Quantity.quantity>0.000000</in_Quantity.quantity><out_Quantity.quantity>143.164261</out_Quantity.quantity></Point><Point><position>7208</position><in_Quantity.quantity>0.000000</in_Quantity.quantity><out_Quantity.quantity>360.471860</out_Quantity.quantity></Point><Point><position>7209</position><in_Quantity.quantity>0.000000</in_Quantity.quantity><out_Quantity.quantity>223.613388</out_Quantity.quantity></Point><Point><position>7210</position><in_Quantity.quantity>0.000000</in_Quantity.quantity><out_Quantity.quantity>860.297697</out_Quantity.quantity></Point><Point><position>7211</position><in_Quantity.quantity>0.000000</in_Quantity.quantity><out_Quantity.quantity>37.014305</out_Quantity.quantity></Point><Point><position>7212</position><in_Quantity.quantity>0.000000</in_Quantity.quantity><out_Quantity.quantity>111.429734</out_Quantity.quantity></Point><Point><position>7213</position><in_Quantity.quantity>0.000000</in_Quantity.quantity><out_Quantity.quantity>144.880799</out_Quantity.quantity></Point><Point><position>7214</position><in_Quantity.quantity>0.000000</in_Quantity.quantity><out_Quantity.quantity>416.768106</out_Quantity.quantity></Point><Point><position>7215</position><in_Quantity.quantity>0.000000</in_Quantity.quantity><out_Quantity.quantity>921.104205</out_Quantity.quantity></Point><Point><position>7216</position><in_Quantity.quantity>0.000000</in_Quantity.quantity><out_Quantity.quantity>895.362040</out_Quantity.quantity></Point><Point><position>7217</position><in_Quantity.quantity>0.000000</in_Quantity.quantity><out_Quantity.quantity>729.294213</out_Quantity.quantity></Point><Point><position>7218</position><in_Quantity.quantity>0.000000</in_Quantity.quantity><out_Quantity.quantity>575.706132</out_Quantity.quantity></Point><Point><position>7219</position><in_Quantity.quantity>0.000000</in_Quantity.quantity><out_Quantity.quantity>24.605616</out_Quantity.quantity></Point><Point><position>7220</position><in_Quantity.quantity>0.000000</in_Quantity.quantity><out_Quantity.quantity>366.172677</out_Quantity.quantity></Point><Point><position>7221</position><in_Quantity.quantity>0.000000</in_Quantity.quantity><out_Quantity.quantity>318.932066</out_Quantity.quantity></Point><Point><position>7222</position><in_Quantity.quantity>0.000000</in_Quantity.quantity><out_Quantity.quantity>688.247827</out_Quantity.quantity></Point><Point><position>7223</position><in_Quantity.quantity>0.000000</in_Quantity.quantity><out_Quantity.quantity>725.279193</out_Quantity.quantity></Point><Point><position>7224</position><in_Quantity.quantity>0.000000</in_Quantity.quantity><out_Quantity.quantity>813.974920</out_Quantity.quantity></Point><Point><position>7225</position><in_Quantity.quantity>0.000000</in_Quantity.quantity><out_Quantity.quantity>805.715307</out_Quantity.quantity></Point><Point><position>7226</position><in_Quantity.quantity>0.000000</in_Quantity.quantity><out_Quantity.quantity>563.446479</out_Quantity.quantity></Point><Point><position>7227</position><in_Quantity.quantity>0.000000</in_Quantity.quantity><out_Quantity.quantity>35.469145</out_Quantity.quantity></Point><Point><position>7228</position><in_Quantity.quantity>0.000000</in_Quantity.quantity><out_Quantity.quantity>111.289651</out_Quantity.quantity></Point><Point><position>7229</position><in_Quantity.quantity>0.000000</in_Quantity.quantity><out_Quantity.quantity>946.050446</out_Quantity.quantity></Point><Point><position>7230</position><in_Quantity.quantity>0.000000</in_Quantity.quantity><out_Quantity.quantity>620.653928</out_Quantity.quantity></Point><Point><position>7231</position><in_Quantity.quantity>0.000000</in_Quantity.quantity><out_Quantity.quantity>526.928292</out_Quantity.quantity></Point><Point><position>7232</position><in_Quantity.quantity>0.000000</in_Quantity.quantity><out_Quantity.quantity>486.425369</out_Quantity.quantity></Point><Point><position>7233</position><in_Quantity.quantity>0.000000</in_Quantity.quantity><out_Quantity.quantity>824.232230</out_Quantity.quantity></Point><Point><position>7234</position><in_Quantity.quantity>0.000000</in_Quantity.quantity><out_Quantity.quantity>276.554161</out_Quantity.quantity></Point><Point><position>7235</position><in_Quantity.quantity>0.000000</in_Quantity.quantity><out_Quantity.quantity>792.434201</out_Quantity.quantity></Point><Point><position>7236</position><in_Quantity.quantity>0.000000</in_Quantity.quantity><out_Quantity.quantity>409.521911</out_Quantity.quantity></Point><Point><position>7237</position><in_Quantity.quantity>0.000000</in_Quantity.quantity><out_Quantity.quantity>290.539569</out_Quantity.quantity></Point><Point><position>7238</position><in_Quantity.quantity>0.000000</in_Quantity.quantity><out_Quantity.quantity>311.674732</out_Quantity.quantity></Point><Point><position>7239</position><in_Quantity.quantity>0.000000</in_Quantity.quantity><out_Quantity.quantity>665.562856</out_Quantity.quantity></Point><Point><position>7240</position><in_Quantity.quantity>0.000000</in_Quantity.quantity><out_Quantity.quantity>103.585528</out_Quantity.quantity></Point><Point><position>7241</position><in_Quantity.quantity>0.000000</in_Quantity.quantity><out_Quantity.quantity>319.520587</out_Quantity.quantity></Point><Point><position>7242</position><in_Quantity.quantity>0.000000</in_Quantity.quantity><out_Quantity.quantity>210.691867</out_Quantity.quantity></Point><Point><position>7243</position><in_Quantity.quantity>0.000000</in_Quantity.quantity><out_Quantity.quantity>560.387475</out_Quantity.quantity></Point><Point><position>7244</position><in_Quantity.quantity>0.000000</in_Quantity.quantity><out_Quantity.quantity>597.339628</out_Quantity.quantity></Point><Point><position>7245</position><in_Quantity.quantity>0.000000</in_Quantity.quantity><out_Quantity.quantity>189.386718</out_Quantity.quantity></Point><Point><position>7246</position><in_Quantity.quantity>0.000000</in_Quantity.quantity><out_Quantity.quantity>219.145349</out_Quantity.quantity></Point><Point><position>7247</position><in_Quantity.quantity>0.000000</in_Quantity.quantity><out_Quantity.quantity>384.971991</out_Quantity.quantity></Point><Point><position>7248</position><in_Quantity.quantity>0.000000</in_Quantity.quantity><out_Quantity.quantity>382.219546</out_Quantity.quantity></Point><Point><position>7249</position><in_Quantity.quantity>0.000000</in_Quantity.quantity><out_Quantity.quantity>300.310712</out_Quantity.quantity></Point><Point><position>7250</position><in_Quantity.quantity>0.000000</in_Quantity.quantity><out_Quantity.quantity>122.211961</out_Quantity.quantity></Point><Point><position>7251</position><in_Quantity.quantity>0.000000</in_Quantity.quantity><out_Quantity.quantity>355.853733</out_Quantity.quantity></Point><Point><position>7252</position><in_Quantity.quantity>0.000000</in_Quantity.quantity><out_Quantity.quantity>219.673210</out_Quantity.quantity></Point><Point><position>7253</position><in_Quantity.quantity>0.000000</in_Quantity.quantity><out_Quantity.quantity>808.978192</out_Quantity.quantity></Point><Point><position>7254</position><in_Quantity.quantity>0.000000</in_Quantity.quantity><out_Quantity.quantity>82.298513</out_Quantity.quantity></Point><Point><position>7255</position><in_Quantity.quantity>0.000000</in_Quantity.quantity><out_Quantity.quantity>145.917058</out_Quantity.quantity></Point><Point><position>7256</position><in_Quantity.quantity>0.000000</in_Quantity.quantity><out_Quantity.quantity>425.879393</out_Quantity.quantity></Point><Point><position>7257</position><in_Quantity.quantity>0.000000</in_Quantity.quantity><out_Quantity.quantity>319.049056</out_Quantity.quantity></Point><Point><position>7258</position><in_Quantity.quantity>0.000000</in_Quantity.quantity><out_Quantity.quantity>216.500329</out_Quantity.quantity></Point><Point><position>7259</position><in_Quantity.quantity>0.000000</in_Quantity.quantity><out_Quantity.quantity>961.153700</out_Quantity.quantity></Point><Point><position>7260</position><in_Quantity.quantity>0.000000</in_Quantity.quantity><out_Quantity.quantity>794.377695</out_Quantity.quantity></Point><Point><position>7261</position><in_Quantity.quantity>0.000000</in_Quantity.quantity><out_Quantity.quantity>428.689174</out_Quantity.quantity></Point><Point><position>7262</position><in_Quantity.quantity>0.000000</in_Quantity.quantity><out_Quantity.quantity>786.531767</out_Quantity.quantity></Point><Point><position>7263</position><in_Quantity.quantity>0.000000</in_Quantity.quantity><out_Quantity.quantity>354.022492</out_Quantity.quantity></Point><Point><position>7264</position><in_Quantity.quantity>0.000000</in_Quantity.quantity><out_Quantity.quantity>505.653314</out_Quantity.quantity></Point><Point><position>7265</position><in_Quantity.quantity>0.000000</in_Quantity.quantity><out_Quantity.quantity>573.652077</out_Quantity.quantity></Point><Point><position>7266</position><in_Quantity.quantity>0.000000</in_Quantity.quantity><out_Quantity.quantity>677.530546</out_Quantity.quantity></Point><Point><position>7267</position><in_Quantity.quantity>0.000000</in_Quantity.quantity><out_Quantity.quantity>182.316648</out_Quantity.quantity></Point><Point><position>7268</position><in_Quantity.quantity>0.000000</in_Quantity.quantity><out_Quantity.quantity>942.960643</out_Quantity.quantity></Point><Point><position>7269</position><in_Quantity.quantity>0.000000</in_Quantity.quantity><out_Quantity.quantity>273.017557</out_Quantity.quantity></Point><Point><position>7270</position><in_Quantity.quantity>0.000000</in_Quantity.quantity><out_Quantity.quantity>372.169441</out_Quantity.quantity></Point><Point><position>7271</position><in_Quantity.quantity>0.000000</in_Quantity.quantity><out_Quantity.quantity>614.101376</out_Quantity.quantity></Point><Point><position>7272</position><in_Quantity.quantity>0.000000</in_Quantity.quantity><out_Quantity.quantity>145.237967</out_Quantity.quantity></Point><Point><position>7273</position><in_Quantity.quantity>0.000000</in_Quantity.quantity><out_Quantity.quantity>427.663147</out_Quantity.quantity></Point><Point><position>7274</position><in_Quantity.quantity>0.000000</in_Quantity.quantity><out_Quantity.quantity>115.863938</out_Quantity.quantity></Point><Point><position>7275</position><in_Quantity.quantity>0.000000</in_Quantity.quantity><out_Quantity.quantity>889.135457</out_Quantity.quantity></Point><Point><position>7276</position><in_Quantity.quantity>0.000000</in_Quantity.quantity><out_Quantity.quantity>776.163408</out_Quantity.quantity></Point><Point><position>7277</position><in_Quantity.quantity>0.000000</in_Quantity.quantity><out_Quantity.quantity>488.052432</out_Quantity.quantity></Point><Point><position>7278</position><in_Quantity.quantity>0.000000</in_Quantity.quantity><out_Quantity.quantity>444.468832</out_Quantity.quantity></Point><Point><position>7279</position><in_Quantity.quantity>0.000000</in_Quantity.quantity><out_Quantity.quantity>787.390535</out_Quantity.quantity></Point><Point><position>7280</position><in_Quantity.quantity>0.000000</in_Quantity.quantity><out_Quantity.quantity>791.522135</out_Quantity.quantity></Point><Point><position>7281</position><in_Quantity.quantity>0.000000</in_Quantity.quantity><out_Quantity.quantity>311.909873</out_Quantity.quantity></Point><Point><position>7282</position><in_Quantity.quantity>0.000000</in_Quantity.quantity><out_Quantity.quantity>927.015253</out_Quantity.quantity></Point><Point><position>7283</position><in_Quantity.quantity>0.000000</in_Quantity.quantity><out_Quantity.quantity>223.378449</out_Quantity.quantity></Point><Point><position>7284</position><in_Quantity.quantity>0.000000</in_Quantity.quantity><out_Quantity.quantity>811.471766</out_Quantity.quantity></Point><Point><position>7285</position><in_Quantity.quantity>0.000000</in_Quantity.quantity><out_Quantity.quantity>337.335810</out_Quantity.quantity></Point><Point><position>7286</position><in_Quantity.quantity>0.000000</in_Quantity.quantity><out_Quantity.quantity>311.349396</out_Quantity.quantity></Point><Point><position>7287</position><in_Quantity.quantity>0.000000</in_Quantity.quantity><out_Quantity.quantity>615.640461</out_Quantity.quantity></Point><Point><position>7288</position><in_Quantity.quantity>0.000000</in_Quantity.quantity><out_Quantity.quantity>153.439385</out_Quantity.quantity></Point><Point><position>7289</position><in_Quantity.quantity>0.000000</in_Quantity.quantity><out_Quantity.quantity>451.860886</out_Quantity.quantity></Point><Point><position>7290</position><in_Quantity.quantity>0.000000</in_Quantity.quantity><out_Quantity.quantity>666.613618</out_Quantity.quantity></Point><Point><position>7291</position><in_Quantity.quantity>0.000000</in_Quantity.quantity><out_Quantity.quantity>543.367034</out_Quantity.quantity></Point><Point><position>7292</position><in_Quantity.quantity>0.000000</in_Quantity.quantity><out_Quantity.quantity>390.972346</out_Quantity.quantity></Point><Point><position>7293</position><in_Quantity.quantity>0.000000</in_Quantity.quantity><out_Quantity.quantity>343.694756</out_Quantity.quantity></Point><Point><position>7294</position><in_Quantity.quantity>0.000000</in_Quantity.quantity><out_Quantity.quantity>546.921015</out_Quantity.quantity></Point><Point><position>7295</position><in_Quantity.quantity>0.000000</in_Quantity.quantity><out_Quantity.quantity>81.179479</out_Quantity.quantity></Point><Point><position>7296</position><in_Quantity.quantity>0.000000</in_Quantity.quantity><out_Quantity.quantity>967.169701</out_Quantity.quantity></Point><Point><position>7297</position><in_Quantity.quantity>0.000000</in_Quantity.quantity><out_Quantity.quantity>132.436975</out_Quantity.quantity></Point><Point><position>7298</position><in_Quantity.quantity>0.000000</in_Quantity.quantity><out_Quantity.quantity>960.604921</out_Quantity.quantity></Point><Point><position>7299</position><in_Quantity.quantity>0.000000</in_Quantity.quantity><out_Quantity.quantity>457.648845</out_Quantity.quantity></Point><Point><position>7300</position><in_Quantity.quantity>0.000000</in_Quantity.quantity><out_Quantity.quantity>151.393616</out_Quantity.quantity></Point><Point><position>7301</position><in_Quantity.quantity>0.000000</in_Quantity.quantity><out_Quantity.quantity>471.406433</out_Quantity.quantity></Point><Point><position>7302</position><in_Quantity.quantity>0.000000</in_Quantity.quantity><out_Quantity.quantity>111.095263</out_Quantity.quantity></Point><Point><position>7303</position><in_Quantity.quantity>0.000000</in_Quantity.quantity><out_Quantity.quantity>75.783109</out_Quantity.quantity></Point><Point><position>7304</position><in_Quantity.quantity>0.000000</in_Quantity.quantity><out_Quantity.quantity>157.379954</out_Quantity.quantity></Point><Point><position>7305</position><in_Quantity.quantity>0.000000</in_Quantity.quantity><out_Quantity.quantity>417.405476</out_Quantity.quantity></Point><Point><position>7306</position><in_Quantity.quantity>0.000000</in_Quantity.quantity><out_Quantity.quantity>60.006480</out_Quantity.quantity></Point><Point><position>7307</position><in_Quantity.quantity>0.000000</in_Quantity.quantity><out_Quantity.quantity>244.735573</out_Quantity.quantity></Point><Point><position>7308</position><in_Quantity.quantity>0.000000</in_Quantity.quantity><out_Quantity.quantity>495.252821</out_Quantity.quantity></Point><Point><position>7309</position><in_Quantity.quantity>0.000000</in_Quantity.quantity><out_Quantity.quantity>519.574772</out_Quantity.quantity></Point><Point><position>7310</position><in_Quantity.quantity>0.000000</in_Quantity.quantity><out_Quantity.quantity>737.573295</out_Quantity.quantity></Point><Point><position>7311</position><in_Quantity.quantity>0.000000</in_Quantity.quantity><out_Quantity.quantity>766.465791</out_Quantity.quantity></Point><Point><position>7312</position><in_Quantity.quantity>0.000000</in_Quantity.quantity><out_Quantity.quantity>878.456389</out_Quantity.quantity></Point><Point><position>7313</position><in_Quantity.quantity>0.000000</in_Quantity.quantity><out_Quantity.quantity>200.152440</out_Quantity.quantity></Point><Point><position>7314</position><in_Quantity.quantity>0.000000</in_Quantity.quantity><out_Quantity.quantity>173.501158</out_Quantity.quantity></Point><Point><position>7315</position><in_Quantity.quantity>0.000000</in_Quantity.quantity><out_Quantity.quantity>133.455287</out_Quantity.quantity></Point><Point><position>7316</position><in_Quantity.quantity>0.000000</in_Quantity.quantity><out_Quantity.quantity>535.772774</out_Quantity.quantity></Point><Point><position>7317</position><in_Quantity.quantity>0.000000</in_Quantity.quantity><out_Quantity.quantity>57.576245</out_Quantity.quantity></Point><Point><position>7318</position><in_Quantity.quantity>0.000000</in_Quantity.quantity><out_Quantity.quantity>319.844316</out_Quantity.quantity></Point><Point><position>7319</position><in_Quantity.quantity>0.000000</in_Quantity.quantity><out_Quantity.quantity>294.165269</out_Quantity.quantity></Point><Point><position>7320</position><in_Quantity.quantity>0.000000</in_Quantity.quantity><out_Quantity.quantity>744.234936</out_Quantity.quantity></Point><Point><position>7321</position><in_Quantity.quantity>0.000000</in_Quantity.quantity><out_Quantity.quantity>609.583842</out_Quantity.quantity></Point><Point><position>7322</position><in_Quantity.quantity>0.000000</in_Quantity.quantity><out_Quantity.quantity>405.497859</out_Quantity.quantity></Point><Point><position>7323</position><in_Quantity.quantity>0.000000</in_Quantity.quantity><out_Quantity.quantity>396.038692</out_Quantity.quantity></Point><Point><position>7324</position><in_Quantity.quantity>0.000000</in_Quantity.quantity><out_Quantity.quantity>561.626857</out_Quantity.quantity></Point><Point><position>7325</position><in_Quantity.quantity>0.000000</in_Quantity.quantity><out_Quantity.quantity>743.137111</out_Quantity.quantity></Point><Point><position>7326</position><in_Quantity.quantity>0.000000</in_Quantity.quantity><out_Quantity.quantity>271.443955</out_Quantity.quantity></Point><Point><position>7327</position><in_Quantity.quantity>0.000000</in_Quantity.quantity><out_Quantity.quantity>658.860045</out_Quantity.quantity></Point><Point><position>7328</position><in_Quantity.quantity>0.000000</in_Quantity.quantity><out_Quantity.quantity>384.260306</out_Quantity.quantity></Point><Point><position>7329</position><in_Quantity.quantity>0.000000</in_Quantity.quantity><out_Quantity.quantity>29.323553</out_Quantity.quantity></Point><Point><position>7330</position><in_Quantity.quantity>0.000000</in_Quantity.quantity><out_Quantity.quantity>469.613822</out_Quantity.quantity></Point><Point><position>7331</position><in_Quantity.quantity>0.000000</in_Quantity.quantity><out_Quantity.quantity>790.883220</out_Quantity.quantity></Point><Point><position>7332</position><in_Quantity.quantity>0.000000</in_Quantity.quantity><out_Quantity.quantity>775.024539</out_Quantity.quantity></Point><Point><position>7333</position><in_Quantity.quantity>0.000000</in_Quantity.quantity><out_Quantity.quantity>930.497856</out_Quantity.quantity></Point><Point><position>7334</position><in_Quantity.quantity>0.000000</in_Quantity.quantity><out_Quantity.quantity>68.401705</out_Quantity.quantity></Point><Point><position>7335</position><in_Quantity.quantity>0.000000</in_Quantity.quantity><out_Quantity.quantity>433.308786</out_Quantity.quantity></Point><Point><position>7336</position><in_Quantity.quantity>0.000000</in_Quantity.quantity><out_Quantity.quantity>61.003345</out_Quantity.quantity></Point><Point><position>7337</position><in_Quantity.quantity>0.000000</in_Quantity.quantity><out_Quantity.quantity>750.993844</out_Quantity.quantity></Point><Point><position>7338</position><in_Quantity.quantity>0.000000</in_Quantity.quantity><out_Quantity.quantity>739.024156</out_Quantity.quantity></Point><Point><position>7339</position><in_Quantity.quantity>0.000000</in_Quantity.quantity><out_Quantity.quantity>436.088092</out_Quantity.quantity></Point><Point><position>7340</position><in_Quantity.quantity>0.000000</in_Quantity.quantity><out_Quantity.quantity>562.554666</out_Quantity.quantity></Point><Point><position>7341</position><in_Quantity.quantity>0.000000</in_Quantity.quantity><out_Quantity.quantity>283.431884</out_Quantity.quantity></Point><Point><position>7342</position><in_Quantity.quantity>0.000000</in_Quantity.quantity><out_Quantity.quantity>293.237549</out_Quantity.quantity></Point><Point><position>7343</position><in_Quantity.quantity>0.000000</in_Quantity.quantity><out_Quantity.quantity>388.476354</out_Quantity.quantity></Point><Point><position>7344</position><in_Quantity.quantity>0.000000</in_Quantity.quantity><out_Quantity.quantity>794.302695</out_Quantity.quantity></Point><Point><position>7345</position><in_Quantity.quantity>0.000000</in_Quantity.quantity><out_Quantity.quantity>63.506613</out_Quantity.quantity></Point><Point><position>7346</position><in_Quantity.quantity>0.000000</in_Quantity.quantity><out_Quantity.quantity>819.438104</out_Quantity.quantity></Point><Point><position>7347</position><in_Quantity.quantity>0.000000</in_Quantity.quantity><out_Quantity.quantity>970.947394</out_Quantity.quantity></Point><Point><position>7348</position><in_Quantity.quantity>0.000000</in_Quantity.quantity><out_Quantity.quantity>160.117590</out_Quantity.quantity></Point><Point><position>7349</position><in_Quantity.quantity>0.000000</in_Quantity.quantity><out_Quantity.quantity>98.886588</out_Quantity.quantity></Point><Point><position>7350</position><in_Quantity.quantity>0.000000</in_Quantity.quantity><out_Quantity.quantity>496.535115</out_Quantity.quantity></Point><Point><position>7351</position><in_Quantity.quantity>0.000000</in_Quantity.quantity><out_Quantity.quantity>2.238970</out_Quantity.quantity></Point><Point><position>7352</position><in_Quantity.quantity>0.000000</in_Quantity.quantity><out_Quantity.quantity>808.930431</out_Quantity.quantity></Point><Point><position>7353</position><in_Quantity.quantity>0.000000</in_Quantity.quantity><out_Quantity.quantity>965.162536</out_Quantity.quantity></Point><Point><position>7354</position><in_Quantity.quantity>0.000000</in_Quantity.quantity><out_Quantity.quantity>557.865228</out_Quantity.quantity></Point><Point><position>7355</position><in_Quantity.quantity>0.000000</in_Quantity.quantity><out_Quantity.quantity>368.498984</out_Quantity.quantity></Point><Point><position>7356</position><in_Quantity.quantity>0.000000</in_Quantity.quantity><out_Quantity.quantity>473.857178</out_Quantity.quantity></Point><Point><position>7357</position><in_Quantity.quantity>0.000000</in_Quantity.quantity><out_Quantity.quantity>283.351923</out_Quantity.quantity></Point><Point><position>7358</position><in_Quantity.quantity>0.000000</in_Quantity.quantity><out_Quantity.quantity>203.195668</out_Quantity.quantity></Point><Point><position>7359</position><in_Quantity.quantity>0.000000</in_Quantity.quantity><out_Quantity.quantity>350.257049</out_Quantity.quantity></Point><Point><position>7360</position><in_Quantity.quantity>0.000000</in_Quantity.quantity><out_Quantity.quantity>815.534327</out_Quantity.quantity></Point><Point><position>7361</position><in_Quantity.quantity>0.000000</in_Quantity.quantity><out_Quantity.quantity>489.823665</out_Quantity.quantity></Point><Point><position>7362</position><in_Quantity.quantity>0.000000</in_Quantity.quantity><out_Quantity.quantity>703.842938</out_Quantity.quantity></Point><Point><position>7363</position><in_Quantity.quantity>0.000000</in_Quantity.quantity><out_Quantity.quantity>783.534170</out_Quantity.quantity></Point><Point><position>7364</position><in_Quantity.quantity>0.000000</in_Quantity.quantity><out_Quantity.quantity>202.143947</out_Quantity.quantity></Point><Point><position>7365</position><in_Quantity.quantity>0.000000</in_Quantity.quantity><out_Quantity.quantity>362.334628</out_Quantity.quantity></Point><Point><position>7366</position><in_Quantity.quantity>0.000000</in_Quantity.quantity><out_Quantity.quantity>903.560796</out_Quantity.quantity></Point><Point><position>7367</position><in_Quantity.quantity>0.000000</in_Quantity.quantity><out_Quantity.quantity>948.363222</out_Quantity.quantity></Point><Point><position>7368</position><in_Quantity.quantity>0.000000</in_Quantity.quantity><out_Quantity.quantity>250.621885</out_Quantity.quantity></Point><Point><position>7369</position><in_Quantity.quantity>0.000000</in_Quantity.quantity><out_Quantity.quantity>265.636583</out_Quantity.quantity></Point><Point><position>7370</position><in_Quantity.quantity>0.000000</in_Quantity.quantity><out_Quantity.quantity>280.463417</out_Quantity.quantity></Point><Point><position>7371</position><in_Quantity.quantity>0.000000</in_Quantity.quantity><out_Quantity.quantity>878.491879</out_Quantity.quantity></Point><Point><position>7372</position><in_Quantity.quantity>0.000000</in_Quantity.quantity><out_Quantity.quantity>31.536633</out_Quantity.quantity></Point><Point><position>7373</position><in_Quantity.quantity>0.000000</in_Quantity.quantity><out_Quantity.quantity>483.231004</out_Quantity.quantity></Point><Point><position>7374</position><in_Quantity.quantity>0.000000</in_Quantity.quantity><out_Quantity.quantity>498.258082</out_Quantity.quantity></Point><Point><position>7375</position><in_Quantity.quantity>0.000000</in_Quantity.quantity><out_Quantity.quantity>908.554048</out_Quantity.quantity></Point><Point><position>7376</position><in_Quantity.quantity>0.000000</in_Quantity.quantity><out_Quantity.quantity>812.814090</out_Quantity.quantity></Point><Point><position>7377</position><in_Quantity.quantity>0.000000</in_Quantity.quantity><out_Quantity.quantity>903.526711</out_Quantity.quantity></Point><Point><position>7378</position><in_Quantity.quantity>0.000000</in_Quantity.quantity><out_Quantity.quantity>87.998386</out_Quantity.quantity></Point><Point><position>7379</position><in_Quantity.quantity>0.000000</in_Quantity.quantity><out_Quantity.quantity>867.701594</out_Quantity.quantity></Point><Point><position>7380</position><in_Quantity.quantity>0.000000</in_Quantity.quantity><out_Quantity.quantity>265.971725</out_Quantity.quantity></Point><Point><position>7381</position><in_Quantity.quantity>0.000000</in_Quantity.quantity><out_Quantity.quantity>422.342155</out_Quantity.quantity></Point><Point><position>7382</position><in_Quantity.quantity>0.000000</in_Quantity.quantity><out_Quantity.quantity>287.622189</out_Quantity.quantity></Point><Point><position>7383</position><in_Quantity.quantity>0.000000</in_Quantity.quantity><out_Quantity.quantity>153.233893</out_Quantity.quantity></Point><Point><position>7384</position><in_Quantity.quantity>0.000000</in_Quantity.quantity><out_Quantity.quantity>824.707441</out_Quantity.quantity></Point><Point><position>7385</position><in_Quantity.quantity>0.000000</in_Quantity.quantity><out_Quantity.quantity>237.230728</out_Quantity.quantity></Point><Point><position>7386</position><in_Quantity.quantity>0.000000</in_Quantity.quantity><out_Quantity.quantity>253.429609</out_Quantity.quantity></Point><Point><position>7387</position><in_Quantity.quantity>0.000000</in_Quantity.quantity><out_Quantity.quantity>270.157427</out_Quantity.quantity></Point><Point><position>7388</position><in_Quantity.quantity>0.000000</in_Quantity.quantity><out_Quantity.quantity>910.100725</out_Quantity.quantity></Point><Point><position>7389</position><in_Quantity.quantity>0.000000</in_Quantity.quantity><out_Quantity.quantity>312.416233</out_Quantity.quantity></Point><Point><position>7390</position><in_Quantity.quantity>0.000000</in_Quantity.quantity><out_Quantity.quantity>725.758152</out_Quantity.quantity></Point><Point><position>7391</position><in_Quantity.quantity>0.000000</in_Quantity.quantity><out_Quantity.quantity>658.858915</out_Quantity.quantity></Point><Point><position>7392</position><in_Quantity.quantity>0.000000</in_Quantity.quantity><out_Quantity.quantity>226.101485</out_Quantity.quantity></Point><Point><position>7393</position><in_Quantity.quantity>0.000000</in_Quantity.quantity><out_Quantity.quantity>607.421868</out_Quantity.quantity></Point><Point><position>7394</position><in_Quantity.quantity>0.000000</in_Quantity.quantity><out_Quantity.quantity>27.792819</out_Quantity.quantity></Point><Point><position>7395</position><in_Quantity.quantity>0.000000</in_Quantity.quantity><out_Quantity.quantity>278.126554</out_Quantity.quantity></Point><Point><position>7396</position><in_Quantity.quantity>0.000000</in_Quantity.quantity><out_Quantity.quantity>62.938429</out_Quantity.quantity></Point><Point><position>7397</position><in_Quantity.quantity>0.000000</in_Quantity.quantity><out_Quantity.quantity>151.315657</out_Quantity.quantity></Point><Point><position>7398</position><in_Quantity.quantity>0.000000</in_Quantity.quantity><out_Quantity.quantity>413.682549</out_Quantity.quantity></Point><Point><position>7399</position><in_Quantity.quantity>0.000000</in_Quantity.quantity><out_Quantity.quantity>305.261173</out_Quantity.quantity></Point><Point><position>7400</position><in_Quantity.quantity>0.000000</in_Quantity.quantity><out_Quantity.quantity>476.462588</out_Quantity.quantity></Point><Point><position>7401</position><in_Quantity.quantity>0.000000</in_Quantity.quantity><out_Quantity.quantity>153.569136</out_Quantity.quantity></Point><Point><position>7402</position><in_Quantity.quantity>0.000000</in_Quantity.quantity><out_Quantity.quantity>829.242370</out_Quantity.quantity></Point><Point><position>7403</position><in_Quantity.quantity>0.000000</in_Quantity.quantity><out_Quantity.quantity>89.963658</out_Quantity.quantity></Point><Point><position>7404</position><in_Quantity.quantity>0.000000</in_Quantity.quantity><out_Quantity.quantity>463.977363</out_Quantity.quantity></Point><Point><position>7405</position><in_Quantity.quantity>0.000000</in_Quantity.quantity><out_Quantity.quantity>5.908512</out_Quantity.quantity></Point><Point><position>7406</position><in_Quantity.quantity>0.000000</in_Quantity.quantity><out_Quantity.quantity>610.722074</out_Quantity.quantity></Point><Point><position>7407</position><in_Quantity.quantity>0.000000</in_Quantity.quantity><out_Quantity.quantity>287.548607</out_Quantity.quantity></Point><Point><position>7408</position><in_Quantity.quantity>0.000000</in_Quantity.quantity><out_Quantity.quantity>34.597540</out_Quantity.quantity></Point><Point><position>7409</position><in_Quantity.quantity>0.000000</in_Quantity.quantity><out_Quantity.quantity>443.410619</out_Quantity.quantity></Point><Point><position>7410</position><in_Quantity.quantity>0.000000</in_Quantity.quantity><out_Quantity.quantity>376.714469</out_Quantity.quantity></Point><Point><position>7411</position><in_Quantity.quantity>0.000000</in_Quantity.quantity><out_Quantity.quantity>657.190060</out_Quantity.quantity></Point><Point><position>7412</position><in_Quantity.quantity>0.000000</in_Quantity.quantity><out_Quantity.quantity>226.868161</out_Quantity.quantity></Point><Point><position>7413</position><in_Quantity.quantity>0.000000</in_Quantity.quantity><out_Quantity.quantity>33.469636</out_Quantity.quantity></Point><Point><position>7414</position><in_Quantity.quantity>0.000000</in_Quantity.quantity><out_Quantity.quantity>125.637664</out_Quantity.quantity></Point><Point><position>7415</position><in_Quantity.quantity>0.000000</in_Quantity.quantity><out_Quantity.quantity>938.409014</out_Quantity.quantity></Point><Point><position>7416</position><in_Quantity.quantity>0.000000</in_Quantity.quantity><out_Quantity.quantity>913.867472</out_Quantity.quantity></Point><Point><position>7417</position><in_Quantity.quantity>0.000000</in_Quantity.quantity><out_Quantity.quantity>105.820535</out_Quantity.quantity></Point><Point><position>7418</position><in_Quantity.quantity>0.000000</in_Quantity.quantity><out_Quantity.quantity>728.911855</out_Quantity.quantity></Point><Point><position>7419</position><in_Quantity.quantity>0.000000</in_Quantity.quantity><out_Quantity.quantity>673.258835</out_Quantity.quantity></Point><Point><position>7420</position><in_Quantity.quantity>0.000000</in_Quantity.quantity><out_Quantity.quantity>684.546786</out_Quantity.quantity></Point><Point><position>7421</position><in_Quantity.quantity>0.000000</in_Quantity.quantity><out_Quantity.quantity>175.798295</out_Quantity.quantity></Point><Point><position>7422</position><in_Quantity.quantity>0.000000</in_Quantity.quantity><out_Quantity.quantity>0.271830</out_Quantity.quantity></Point><Point><position>7423</position><in_Quantity.quantity>0.000000</in_Quantity.quantity><out_Quantity.quantity>660.962074</out_Quantity.quantity></Point><Point><position>7424</position><in_Quantity.quantity>0.000000</in_Quantity.quantity><out_Quantity.quantity>19.334503</out_Quantity.quantity></Point><Point><position>7425</position><in_Quantity.quantity>0.000000</in_Quantity.quantity><out_Quantity.quantity>856.901418</out_Quantity.quantity></Point><Point><position>7426</position><in_Quantity.quantity>0.000000</in_Quantity.quantity><out_Quantity.quantity>485.646107</out_Quantity.quantity></Point><Point><position>7427</position><in_Quantity.quantity>0.000000</in_Quantity.quantity><out_Quantity.quantity>573.077271</out_Quantity.quantity></Point><Point><position>7428</position><in_Quantity.quantity>0.000000</in_Quantity.quantity><out_Quantity.quantity>342.489128</out_Quantity.quantity></Point><Point><position>7429</position><in_Quantity.quantity>0.000000</in_Quantity.quantity><out_Quantity.quantity>22.721566</out_Quantity.quantity></Point><Point><position>7430</position><in_Quantity.quantity>0.000000</in_Quantity.quantity><out_Quantity.quantity>776.289220</out_Quantity.quantity></Point><Point><position>7431</position><in_Quantity.quantity>0.000000</in_Quantity.quantity><out_Quantity.quantity>677.735667</out_Quantity.quantity></Point><Point><position>7432</position><in_Quantity.quantity>0.000000</in_Quantity.quantity><out_Quantity.quantity>556.369894</out_Quantity.quantity></Point><Point><position>7433</position><in_Quantity.quantity>0.000000</in_Quantity.quantity><out_Quantity.quantity>161.424957</out_Quantity.quantity></Point><Point><position>7434</position><in_Quantity.quantity>0.000000</in_Quantity.quantity><out_Quantity.quantity>997.299552</out_Quantity.quantity></Point><Point><position>7435</position><in_Quantity.quantity>0.000000</in_Quantity.quantity><out_Quantity.quantity>560.955389</out_Quantity.quantity></Point><Point><position>7436</position><in_Quantity.quantity>0.000000</in_Quantity.quantity><out_Quantity.quantity>865.176056</out_Quantity.quantity></Point><Point><position>7437</position><in_Quantity.quantity>0.000000</in_Quantity.quantity><out_Quantity.quantity>674.456116</out_Quantity.quantity></Point><Point><position>7438</position><in_Quantity.quantity>0.000000</in_Quantity.quantity><out_Quantity.quantity>515.114840</out_Quantity.quantity></Point><Point><position>7439</position><in_Quantity.quantity>0.000000</in_Quantity.quantity><out_Quantity.quantity>788.029168</out_Quantity.quantity></Point><Point><position>7440</position><in_Quantity.quantity>0.000000</in_Quantity.quantity><out_Quantity.quantity>37.074503</out_Quantity.quantity></Point><Point><position>7441</position><in_Quantity.quantity>0.000000</in_Quantity.quantity><out_Quantity.quantity>311.877204</out_Quantity.quantity></Point><Point><position>7442</position><in_Quantity.quantity>0.000000</in_Quantity.quantity><out_Quantity.quantity>869.108376</out_Quantity.quantity></Point><Point><position>7443</position><in_Quantity.quantity>0.000000</in_Quantity.quantity><out_Quantity.quantity>204.478407</out_Quantity.quantity></Point><Point><position>7444</position><in_Quantity.quantity>0.000000</in_Quantity.quantity><out_Quantity.quantity>835.166786</out_Quantity.quantity></Point><Point><position>7445</position><in_Quantity.quantity>0.000000</in_Quantity.quantity><out_Quantity.quantity>144.013054</out_Quantity.quantity></Point><Point><position>7446</position><in_Quantity.quantity>0.000000</in_Quantity.quantity><out_Quantity.quantity>974.591638</out_Quantity.quantity></Point><Point><position>7447</position><in_Quantity.quantity>0.000000</in_Quantity.quantity><out_Quantity.quantity>120.556822</out_Quantity.quantity></Point><Point><position>7448</position><in_Quantity.quantity>0.000000</in_Quantity.quantity><out_Quantity.quantity>438.232848</out_Quantity.quantity></Point><Point><position>7449</position><in_Quantity.quantity>0.000000</in_Quantity.quantity><out_Quantity.quantity>623.100748</out_Quantity.quantity></Point><Point><position>7450</position><in_Quantity.quantity>0.000000</in_Quantity.quantity><out_Quantity.quantity>10.153589</out_Quantity.quantity></Point><Point><position>7451</position><in_Quantity.quantity>0.000000</in_Quantity.quantity><out_Quantity.quantity>930.282989</out_Quantity.quantity></Point><Point><position>7452</position><in_Quantity.quantity>0.000000</in_Quantity.quantity><out_Quantity.quantity>481.677807</out_Quantity.quantity></Point><Point><position>7453</position><in_Quantity.quantity>0.000000</in_Quantity.quantity><out_Quantity.quantity>394.276936</out_Quantity.quantity></Point><Point><position>7454</position><in_Quantity.quantity>0.000000</in_Quantity.quantity><out_Quantity.quantity>0.747014</out_Quantity.quantity></Point><Point><position>7455</position><in_Quantity.quantity>0.000000</in_Quantity.quantity><out_Quantity.quantity>105.743014</out_Quantity.quantity></Point><Point><position>7456</position><in_Quantity.quantity>0.000000</in_Quantity.quantity><out_Quantity.quantity>142.143038</out_Quantity.quantity></Point><Point><position>7457</position><in_Quantity.quantity>0.000000</in_Quantity.quantity><out_Quantity.quantity>705.125351</out_Quantity.quantity></Point><Point><position>7458</position><in_Quantity.quantity>0.000000</in_Quantity.quantity><out_Quantity.quantity>43.607092</out_Quantity.quantity></Point><Point><position>7459</position><in_Quantity.quantity>0.000000</in_Quantity.quantity><out_Quantity.quantity>109.423586</out_Quantity.quantity></Point><Point><position>7460</position><in_Quantity.quantity>0.000000</in_Quantity.quantity><out_Quantity.quantity>435.337526</out_Quantity.quantity></Point><Point><position>7461</position><in_Quantity.quantity>0.000000</in_Quantity.quantity><out_Quantity.quantity>79.476008</out_Quantity.quantity></Point><Point><position>7462</position><in_Quantity.quantity>0.000000</in_Quantity.quantity><out_Quantity.quantity>182.220344</out_Quantity.quantity></Point><Point><position>7463</position><in_Quantity.quantity>0.000000</in_Quantity.quantity><out_Quantity.quantity>43.573193</out_Quantity.quantity></Point><Point><position>7464</position><in_Quantity.quantity>0.000000</in_Quantity.quantity><out_Quantity.quantity>291.795481</out_Quantity.quantity></Point><Point><position>7465</position><in_Quantity.quantity>0.000000</in_Quantity.quantity><out_Quantity.quantity>5.070836</out_Quantity.quantity></Point><Point><position>7466</position><in_Quantity.quantity>0.000000</in_Quantity.quantity><out_Quantity.quantity>76.411061</out_Quantity.quantity></Point><Point><position>7467</position><in_Quantity.quantity>0.000000</in_Quantity.quantity><out_Quantity.quantity>845.191443</out_Quantity.quantity></Point><Point><position>7468</position><in_Quantity.quantity>0.000000</in_Quantity.quantity><out_Quantity.quantity>937.736043</out_Quantity.quantity></Point><Point><position>7469</position><in_Quantity.quantity>0.000000</in_Quantity.quantity><out_Quantity.quantity>486.840594</out_Quantity.quantity></Point><Point><position>7470</position><in_Quantity.quantity>0.000000</in_Quantity.quantity><out_Quantity.quantity>523.371620</out_Quantity.quantity></Point><Point><position>7471</position><in_Quantity.quantity>0.000000</in_Quantity.quantity><out_Quantity.quantity>919.532389</out_Quantity.quantity></Point><Point><position>7472</position><in_Quantity.quantity>0.000000</in_Quantity.quantity><out_Quantity.quantity>602.911719</out_Quantity.quantity></Point><Point><position>7473</position><in_Quantity.quantity>0.000000</in_Quantity.quantity><out_Quantity.quantity>12.138325</out_Quantity.quantity></Point><Point><position>7474</position><in_Quantity.quantity>0.000000</in_Quantity.quantity><out_Quantity.quantity>504.152697</out_Quantity.quantity></Point><Point><position>7475</position><in_Quantity.quantity>0.000000</in_Quantity.quantity><out_Quantity.quantity>318.381654</out_Quantity.quantity></Point><Point><position>7476</position><in_Quantity.quantity>0.000000</in_Quantity.quantity><out_Quantity.quantity>196.106507</out_Quantity.quantity></Point><Point><position>7477</position><in_Quantity.quantity>0.000000</in_Quantity.quantity><out_Quantity.quantity>281.004964</out_Quantity.quantity></Point><Point><position>7478</position><in_Quantity.quantity>0.000000</in_Quantity.quantity><out_Quantity.quantity>130.843341</out_Quantity.quantity></Point><Point><position>7479</position><in_Quantity.quantity>0.000000</in_Quantity.quantity><out_Quantity.quantity>992.601380</out_Quantity.quantity></Point><Point><position>7480</position><in_Quantity.quantity>0.000000</in_Quantity.quantity><out_Quantity.quantity>484.511382</out_Quantity.quantity></Point><Point><position>7481</position><in_Quantity.quantity>0.000000</in_Quantity.quantity><out_Quantity.quantity>629.283130</out_Quantity.quantity></Point><Point><position>7482</position><in_Quantity.quantity>0.000000</in_Quantity.quantity><out_Quantity.quantity>146.331603</out_Quantity.quantity></Point><Point><position>7483</position><in_Quantity.quantity>0.000000</in_Quantity.quantity><out_Quantity.quantity>938.692875</out_Quantity.quantity></Point><Point><position>7484</position><in_Quantity.quantity>0.000000</in_Quantity.quantity><out_Quantity.quantity>14.715750</out_Quantity.quantity></Point><Point><position>7485</position><in_Quantity.quantity>0.000000</in_Quantity.quantity><out_Quantity.quantity>728.287362</out_Quantity.quantity></Point><Point><position>7486</position><in_Quantity.quantity>0.000000</in_Quantity.quantity><out_Quantity.quantity>193.974616</out_Quantity.quantity></Point><Point><position>7487</position><in_Quantity.quantity>0.000000</in_Quantity.quantity><out_Quantity.quantity>555.532226</out_Quantity.quantity></Point><Point><position>7488</position><in_Quantity.quantity>0.000000</in_Quantity.quantity><out_Quantity.quantity>852.730693</out_Quantity.quantity></Point><Point><position>7489</position><in_Quantity.quantity>0.000000</in_Quantity.quantity><out_Quantity.quantity>673.565499</out_Quantity.quantity></Point><Point><position>7490</position><in_Quantity.quantity>0.000000</in_Quantity.quantity><out_Quantity.quantity>174.445664</out_Quantity.quantity></Point><Point><position>7491</position><in_Quantity.quantity>0.000000</in_Quantity.quantity><out_Quantity.quantity>347.398715</out_Quantity.quantity></Point><Point><position>7492</position><in_Quantity.quantity>0.000000</in_Quantity.quantity><out_Quantity.quantity>908.550938</out_Quantity.quantity></Point><Point><position>7493</position><in_Quantity.quantity>0.000000</in_Quantity.quantity><out_Quantity.quantity>61.753863</out_Quantity.quantity></Point><Point><position>7494</position><in_Quantity.quantity>0.000000</in_Quantity.quantity><out_Quantity.quantity>566.214792</out_Quantity.quantity></Point><Point><position>7495</position><in_Quantity.quantity>0.000000</in_Quantity.quantity><out_Quantity.quantity>435.958381</out_Quantity.quantity></Point><Point><position>7496</position><in_Quantity.quantity>0.000000</in_Quantity.quantity><out_Quantity.quantity>63.585000</out_Quantity.quantity></Point><Point><position>7497</position><in_Quantity.quantity>0.000000</in_Quantity.quantity><out_Quantity.quantity>602.488252</out_Quantity.quantity></Point><Point><position>7498</position><in_Quantity.quantity>0.000000</in_Quantity.quantity><out_Quantity.quantity>651.140889</out_Quantity.quantity></Point><Point><position>7499</position><in_Quantity.quantity>0.000000</in_Quantity.quantity><out_Quantity.quantity>294.715197</out_Quantity.quantity></Point><Point><position>7500</position><in_Quantity.quantity>0.000000</in_Quantity.quantity><out_Quantity.quantity>811.358509</out_Quantity.quantity></Point><Point><position>7501</position><in_Quantity.quantity>0.000000</in_Quantity.quantity><out_Quantity.quantity>616.058052</out_Quantity.quantity></Point><Point><position>7502</position><in_Quantity.quantity>0.000000</in_Quantity.quantity><out_Quantity.quantity>343.535813</out_Quantity.quantity></Point><Point><position>7503</position><in_Quantity.quantity>0.000000</in_Quantity.quantity><out_Quantity.quantity>408.868920</out_Quantity.quantity></Point><Point><position>7504</position><in_Quantity.quantity>0.000000</in_Quantity.quantity><out_Quantity.quantity>26.436696</out_Quantity.quantity></Point><Point><position>7505</position><in_Quantity.quantity>0.000000</in_Quantity.quantity><out_Quantity.quantity>8.235181</out_Quantity.quantity></Point><Point><position>7506</position><in_Quantity.quantity>0.000000</in_Quantity.quantity><out_Quantity.quantity>777.270445</out_Quantity.quantity></Point><Point><position>7507</position><in_Quantity.quantity>0.000000</in_Quantity.quantity><out_Quantity.quantity>636.802337</out_Quantity.quantity></Point><Point><position>7508</position><in_Quantity.quantity>0.000000</in_Quantity.quantity><out_Quantity.quantity>872.423716</out_Quantity.quantity></Point><Point><position>7509</position><in_Quantity.quantity>0.000000</in_Quantity.quantity><out_Quantity.quantity>102.138383</out_Quantity.quantity></Point><Point><position>7510</position><in_Quantity.quantity>0.000000</in_Quantity.quantity><out_Quantity.quantity>461.271683</out_Quantity.quantity></Point><Point><position>7511</position><in_Quantity.quantity>0.000000</in_Quantity.quantity><out_Quantity.quantity>996.601321</out_Quantity.quantity></Point><Point><position>7512</position><in_Quantity.quantity>0.000000</in_Quantity.quantity><out_Quantity.quantity>285.560070</out_Quantity.quantity></Point><Point><position>7513</position><in_Quantity.quantity>0.000000</in_Quantity.quantity><out_Quantity.quantity>368.521674</out_Quantity.quantity></Point><Point><position>7514</position><in_Quantity.quantity>0.000000</in_Quantity.quantity><out_Quantity.quantity>429.002870</out_Quantity.quantity></Point><Point><position>7515</position><in_Quantity.quantity>0.000000</in_Quantity.quantity><out_Quantity.quantity>268.098365</out_Quantity.quantity></Point><Point><position>7516</position><in_Quantity.quantity>0.000000</in_Quantity.quantity><out_Quantity.quantity>375.176691</out_Quantity.quantity></Point><Point><position>7517</position><in_Quantity.quantity>0.000000</in_Quantity.quantity><out_Quantity.quantity>302.265165</out_Quantity.quantity></Point><Point><position>7518</position><in_Quantity.quantity>0.000000</in_Quantity.quantity><out_Quantity.quantity>172.818464</out_Quantity.quantity></Point><Point><position>7519</position><in_Quantity.quantity>0.000000</in_Quantity.quantity><out_Quantity.quantity>15.586937</out_Quantity.quantity></Point><Point><position>7520</position><in_Quantity.quantity>0.000000</in_Quantity.quantity><out_Quantity.quantity>287.211006</out_Quantity.quantity></Point><Point><position>7521</position><in_Quantity.quantity>0.000000</in_Quantity.quantity><out_Quantity.quantity>493.653072</out_Quantity.quantity></Point><Point><position>7522</position><in_Quantity.quantity>0.000000</in_Quantity.quantity><out_Quantity.quantity>592.285289</out_Quantity.quantity></Point><Point><position>7523</position><in_Quantity.quantity>0.000000</in_Quantity.quantity><out_Quantity.quantity>722.573570</out_Quantity.quantity></Point><Point><position>7524</position><in_Quantity.quantity>0.000000</in_Quantity.quantity><out_Quantity.quantity>253.196818</out_Quantity.quantity></Point><Point><position>7525</position><in_Quantity.quantity>0.000000</in_Quantity.quantity><out_Quantity.quantity>883.277468</out_Quantity.quantity></Point><Point><position>7526</position><in_Quantity.quantity>0.000000</in_Quantity.quantity><out_Quantity.quantity>12.521726</out_Quantity.quantity></Point><Point><position>7527</position><in_Quantity.quantity>0.000000</in_Quantity.quantity><out_Quantity.quantity>19.891949</out_Quantity.quantity></Point><Point><position>7528</position><in_Quantity.quantity>0.000000</in_Quantity.quantity><out_Quantity.quantity>333.546308</out_Quantity.quantity></Point><Point><position>7529</position><in_Quantity.quantity>0.000000</in_Quantity.quantity><out_Quantity.quantity>137.160295</out_Quantity.quantity></Point><Point><position>7530</position><in_Quantity.quantity>0.000000</in_Quantity.quantity><out_Quantity.quantity>564.599509</out_Quantity.quantity></Point><Point><position>7531</position><in_Quantity.quantity>0.000000</in_Quantity.quantity><out_Quantity.quantity>777.057048</out_Quantity.quantity></Point><Point><position>7532</position><in_Quantity.quantity>0.000000</in_Quantity.quantity><out_Quantity.quantity>192.659668</out_Quantity.quantity></Point><Point><position>7533</position><in_Quantity.quantity>0.000000</in_Quantity.quantity><out_Quantity.quantity>327.517553</out_Quantity.quantity></Point><Point><position>7534</position><in_Quantity.quantity>0.000000</in_Quantity.quantity><out_Quantity.quantity>29.705199</out_Quantity.quantity></Point><Point><position>7535</position><in_Quantity.quantity>0.000000</in_Quantity.quantity><out_Quantity.quantity>114.058948</out_Quantity.quantity></Point><Point><position>7536</position><in_Quantity.quantity>0.000000</in_Quantity.quantity><out_Quantity.quantity>679.201010</out_Quantity.quantity></Point><Point><position>7537</position><in_Quantity.quantity>0.000000</in_Quantity.quantity><out_Quantity.quantity>781.605972</out_Quantity.quantity></Point><Point><position>7538</position><in_Quantity.quantity>0.000000</in_Quantity.quantity><out_Quantity.quantity>448.679330</out_Quantity.quantity></Point><Point><position>7539</position><in_Quantity.quantity>0.000000</in_Quantity.quantity><out_Quantity.quantity>605.968054</out_Quantity.quantity></Point><Point><position>7540</position><in_Quantity.quantity>0.000000</in_Quantity.quantity><out_Quantity.quantity>406.560397</out_Quantity.quantity></Point><Point><position>7541</position><in_Quantity.quantity>0.000000</in_Quantity.quantity><out_Quantity.quantity>754.288694</out_Quantity.quantity></Point><Point><position>7542</position><in_Quantity.quantity>0.000000</in_Quantity.quantity><out_Quantity.quantity>976.183938</out_Quantity.quantity></Point><Point><position>7543</position><in_Quantity.quantity>0.000000</in_Quantity.quantity><out_Quantity.quantity>885.342578</out_Quantity.quantity></Point><Point><position>7544</position><in_Quantity.quantity>0.000000</in_Quantity.quantity><out_Quantity.quantity>981.366216</out_Quantity.quantity></Point><Point><position>7545</position><in_Quantity.quantity>0.000000</in_Quantity.quantity><out_Quantity.quantity>384.287548</out_Quantity.quantity></Point><Point><position>7546</position><in_Quantity.quantity>0.000000</in_Quantity.quantity><out_Quantity.quantity>47.651094</out_Quantity.quantity></Point><Point><position>7547</position><in_Quantity.quantity>0.000000</in_Quantity.quantity><out_Quantity.quantity>230.584582</out_Quantity.quantity></Point><Point><position>7548</position><in_Quantity.quantity>0.000000</in_Quantity.quantity><out_Quantity.quantity>806.074687</out_Quantity.quantity></Point><Point><position>7549</position><in_Quantity.quantity>0.000000</in_Quantity.quantity><out_Quantity.quantity>979.891461</out_Quantity.quantity></Point><Point><position>7550</position><in_Quantity.quantity>0.000000</in_Quantity.quantity><out_Quantity.quantity>859.549165</out_Quantity.quantity></Point><Point><position>7551</position><in_Quantity.quantity>0.000000</in_Quantity.quantity><out_Quantity.quantity>527.160198</out_Quantity.quantity></Point><Point><position>7552</position><in_Quantity.quantity>0.000000</in_Quantity.quantity><out_Quantity.quantity>527.507671</out_Quantity.quantity></Point><Point><position>7553</position><in_Quantity.quantity>0.000000</in_Quantity.quantity><out_Quantity.quantity>973.276697</out_Quantity.quantity></Point><Point><position>7554</position><in_Quantity.quantity>0.000000</in_Quantity.quantity><out_Quantity.quantity>697.760220</out_Quantity.quantity></Point><Point><position>7555</position><in_Quantity.quantity>0.000000</in_Quantity.quantity><out_Quantity.quantity>140.806295</out_Quantity.quantity></Point><Point><position>7556</position><in_Quantity.quantity>0.000000</in_Quantity.quantity><out_Quantity.quantity>606.214402</out_Quantity.quantity></Point><Point><position>7557</position><in_Quantity.quantity>0.000000</in_Quantity.quantity><out_Quantity.quantity>959.582599</out_Quantity.quantity></Point><Point><position>7558</position><in_Quantity.quantity>0.000000</in_Quantity.quantity><out_Quantity.quantity>18.071822</out_Quantity.quantity></Point><Point><position>7559</position><in_Quantity.quantity>0.000000</in_Quantity.quantity><out_Quantity.quantity>353.741225</out_Quantity.quantity></Point><Point><position>7560</position><in_Quantity.quantity>0.000000</in_Quantity.quantity><out_Quantity.quantity>387.656282</out_Quantity.quantity></Point><Point><position>7561</position><in_Quantity.quantity>0.000000</in_Quantity.quantity><out_Quantity.quantity>467.698148</out_Quantity.quantity></Point><Point><position>7562</position><in_Quantity.quantity>0.000000</in_Quantity.quantity><out_Quantity.quantity>407.853822</out_Quantity.quantity></Point><Point><position>7563</position><in_Quantity.quantity>0.000000</in_Quantity.quantity><out_Quantity.quantity>973.624229</out_Quantity.quantity></Point><Point><position>7564</position><in_Quantity.quantity>0.000000</in_Quantity.quantity><out_Quantity.quantity>381.677683</out_Quantity.quantity></Point><Point><position>7565</position><in_Quantity.quantity>0.000000</in_Quantity.quantity><out_Quantity.quantity>850.525886</out_Quantity.quantity></Point><Point><position>7566</position><in_Quantity.quantity>0.000000</in_Quantity.quantity><out_Quantity.quantity>803.530768</out_Quantity.quantity></Point><Point><position>7567</position><in_Quantity.quantity>0.000000</in_Quantity.quantity><out_Quantity.quantity>920.505758</out_Quantity.quantity></Point><Point><position>7568</position><in_Quantity.quantity>0.000000</in_Quantity.quantity><out_Quantity.quantity>106.300668</out_Quantity.quantity></Point><Point><position>7569</position><in_Quantity.quantity>0.000000</in_Quantity.quantity><out_Quantity.quantity>762.126072</out_Quantity.quantity></Point><Point><position>7570</position><in_Quantity.quantity>0.000000</in_Quantity.quantity><out_Quantity.quantity>528.145191</out_Quantity.quantity></Point><Point><position>7571</position><in_Quantity.quantity>0.000000</in_Quantity.quantity><out_Quantity.quantity>790.828799</out_Quantity.quantity></Point><Point><position>7572</position><in_Quantity.quantity>0.000000</in_Quantity.quantity><out_Quantity.quantity>247.640863</out_Quantity.quantity></Point><Point><position>7573</position><in_Quantity.quantity>0.000000</in_Quantity.quantity><out_Quantity.quantity>339.526558</out_Quantity.quantity></Point><Point><position>7574</position><in_Quantity.quantity>0.000000</in_Quantity.quantity><out_Quantity.quantity>801.694718</out_Quantity.quantity></Point><Point><position>7575</position><in_Quantity.quantity>0.000000</in_Quantity.quantity><out_Quantity.quantity>868.174025</out_Quantity.quantity></Point><Point><position>7576</position><in_Quantity.quantity>0.000000</in_Quantity.quantity><out_Quantity.quantity>122.752875</out_Quantity.quantity></Point><Point><position>7577</position><in_Quantity.quantity>0.000000</in_Quantity.quantity><out_Quantity.quantity>530.372574</out_Quantity.quantity></Point><Point><position>7578</position><in_Quantity.quantity>0.000000</in_Quantity.quantity><out_Quantity.quantity>275.439989</out_Quantity.quantity></Point><Point><position>7579</position><in_Quantity.quantity>0.000000</in_Quantity.quantity><out_Quantity.quantity>615.620656</out_Quantity.quantity></Point><Point><position>7580</position><in_Quantity.quantity>0.000000</in_Quantity.quantity><out_Quantity.quantity>421.097374</out_Quantity.quantity></Point><Point><position>7581</position><in_Quantity.quantity>0.000000</in_Quantity.quantity><out_Quantity.quantity>354.219003</out_Quantity.quantity></Point><Point><position>7582</position><in_Quantity.quantity>0.000000</in_Quantity.quantity><out_Quantity.quantity>329.163650</out_Quantity.quantity></Point><Point><position>7583</position><in_Quantity.quantity>0.000000</in_Quantity.quantity><out_Quantity.quantity>935.714609</out_Quantity.quantity></Point><Point><position>7584</position><in_Quantity.quantity>0.000000</in_Quantity.quantity><out_Quantity.quantity>295.675150</out_Quantity.quantity></Point><Point><position>7585</position><in_Quantity.quantity>0.000000</in_Quantity.quantity><out_Quantity.quantity>937.056103</out_Quantity.quantity></Point><Point><position>7586</position><in_Quantity.quantity>0.000000</in_Quantity.quantity><out_Quantity.quantity>212.332528</out_Quantity.quantity></Point><Point><position>7587</position><in_Quantity.quantity>0.000000</in_Quantity.quantity><out_Quantity.quantity>703.540916</out_Quantity.quantity></Point><Point><position>7588</position><in_Quantity.quantity>0.000000</in_Quantity.quantity><out_Quantity.quantity>603.969447</out_Quantity.quantity></Point><Point><position>7589</position><in_Quantity.quantity>0.000000</in_Quantity.quantity><out_Quantity.quantity>977.460456</out_Quantity.quantity></Point><Point><position>7590</position><in_Quantity.quantity>0.000000</in_Quantity.quantity><out_Quantity.quantity>804.002853</out_Quantity.quantity></Point><Point><position>7591</position><in_Quantity.quantity>0.000000</in_Quantity.quantity><out_Quantity.quantity>384.971174</out_Quantity.quantity></Point><Point><position>7592</position><in_Quantity.quantity>0.000000</in_Quantity.quantity><out_Quantity.quantity>944.341700</out_Quantity.quantity></Point><Point><position>7593</position><in_Quantity.quantity>0.000000</in_Quantity.quantity><out_Quantity.quantity>306.712403</out_Quantity.quantity></Point><Point><position>7594</position><in_Quantity.quantity>0.000000</in_Quantity.quantity><out_Quantity.quantity>131.587809</out_Quantity.quantity></Point><Point><position>7595</position><in_Quantity.quantity>0.000000</in_Quantity.quantity><out_Quantity.quantity>268.617052</out_Quantity.quantity></Point><Point><position>7596</position><in_Quantity.quantity>0.000000</in_Quantity.quantity><out_Quantity.quantity>522.460366</out_Quantity.quantity></Point><Point><position>7597</position><in_Quantity.quantity>0.000000</in_Quantity.quantity><out_Quantity.quantity>356.365379</out_Quantity.quantity></Point><Point><position>7598</position><in_Quantity.quantity>0.000000</in_Quantity.quantity><out_Quantity.quantity>547.192096</out_Quantity.quantity></Point><Point><position>7599</position><in_Quantity.quantity>0.000000</in_Quantity.quantity><out_Quantity.quantity>275.909932</out_Quantity.quantity></Point><Point><position>7600</position><in_Quantity.quantity>0.000000</in_Quantity.quantity><out_Quantity.quantity>7.706666</out_Quantity.quantity></Point><Point><position>7601</position><in_Quantity.quantity>0.000000</in_Quantity.quantity><out_Quantity.quantity>730.045051</out_Quantity.quantity></Point><Point><position>7602</position><in_Quantity.quantity>0.000000</in_Quantity.quantity><out_Quantity.quantity>371.113725</out_Quantity.quantity></Point><Point><position>7603</position><in_Quantity.quantity>0.000000</in_Quantity.quantity><out_Quantity.quantity>727.731368</out_Quantity.quantity></Point><Point><position>7604</position><in_Quantity.quantity>0.000000</in_Quantity.quantity><out_Quantity.quantity>32.950414</out_Quantity.quantity></Point><Point><position>7605</position><in_Quantity.quantity>0.000000</in_Quantity.quantity><out_Quantity.quantity>103.665237</out_Quantity.quantity></Point><Point><position>7606</position><in_Quantity.quantity>0.000000</in_Quantity.quantity><out_Quantity.quantity>606.085698</out_Quantity.quantity></Point><Point><position>7607</position><in_Quantity.quantity>0.000000</in_Quantity.quantity><out_Quantity.quantity>300.501561</out_Quantity.quantity></Point><Point><position>7608</position><in_Quantity.quantity>0.000000</in_Quantity.quantity><out_Quantity.quantity>243.312511</out_Quantity.quantity></Point><Point><position>7609</position><in_Quantity.quantity>0.000000</in_Quantity.quantity><out_Quantity.quantity>219.307137</out_Quantity.quantity></Point><Point><position>7610</position><in_Quantity.quantity>0.000000</in_Quantity.quantity><out_Quantity.quantity>396.949499</out_Quantity.quantity></Point><Point><position>7611</position><in_Quantity.quantity>0.000000</in_Quantity.quantity><out_Quantity.quantity>10.209141</out_Quantity.quantity></Point><Point><position>7612</position><in_Quantity.quantity>0.000000</in_Quantity.quantity><out_Quantity.quantity>338.863025</out_Quantity.quantity></Point><Point><position>7613</position><in_Quantity.quantity>0.000000</in_Quantity.quantity><out_Quantity.quantity>776.090387</out_Quantity.quantity></Point><Point><position>7614</position><in_Quantity.quantity>0.000000</in_Quantity.quantity><out_Quantity.quantity>325.308180</out_Quantity.quantity></Point><Point><position>7615</position><in_Quantity.quantity>0.000000</in_Quantity.quantity><out_Quantity.quantity>502.059378</out_Quantity.quantity></Point><Point><position>7616</position><in_Quantity.quantity>0.000000</in_Quantity.quantity><out_Quantity.quantity>943.739231</out_Quantity.quantity></Point><Point><position>7617</position><in_Quantity.quantity>0.000000</in_Quantity.quantity><out_Quantity.quantity>962.374426</out_Quantity.quantity></Point><Point><position>7618</position><in_Quantity.quantity>0.000000</in_Quantity.quantity><out_Quantity.quantity>774.342577</out_Quantity.quantity></Point><Point><position>7619</position><in_Quantity.quantity>0.000000</in_Quantity.quantity><out_Quantity.quantity>665.693547</out_Quantity.quantity></Point><Point><position>7620</position><in_Quantity.quantity>0.000000</in_Quantity.quantity><out_Quantity.quantity>816.488062</out_Quantity.quantity></Point><Point><position>7621</position><in_Quantity.quantity>0.000000</in_Quantity.quantity><out_Quantity.quantity>243.001342</out_Quantity.quantity></Point><Point><position>7622</position><in_Quantity.quantity>0.000000</in_Quantity.quantity><out_Quantity.quantity>205.046111</out_Quantity.quantity></Point><Point><position>7623</position><in_Quantity.quantity>0.000000</in_Quantity.quantity><out_Quantity.quantity>436.038630</out_Quantity.quantity></Point><Point><position>7624</position><in_Quantity.quantity>0.000000</in_Quantity.quantity><out_Quantity.quantity>351.599961</out_Quantity.quantity></Point><Point><position>7625</position><in_Quantity.quantity>0.000000</in_Quantity.quantity><out_Quantity.quantity>433.426385</out_Quantity.quantity></Point><Point><position>7626</position><in_Quantity.quantity>0.000000</in_Quantity.quantity><out_Quantity.quantity>817.972538</out_Quantity.quantity></Point><Point><position>7627</position><in_Quantity.quantity>0.000000</in_Quantity.quantity><out_Quantity.quantity>600.786411</out_Quantity.quantity></Point><Point><position>7628</position><in_Quantity.quantity>0.000000</in_Quantity.quantity><out_Quantity.quantity>763.419747</out_Quantity.quantity></Point><Point><position>7629</position><in_Quantity.quantity>0.000000</in_Quantity.quantity><out_Quantity.quantity>242.050639</out_Quantity.quantity></Point><Point><position>7630</position><in_Quantity.quantity>0.000000</in_Quantity.quantity><out_Quantity.quantity>451.807195</out_Quantity.quantity></Point><Point><position>7631</position><in_Quantity.quantity>0.000000</in_Quantity.quantity><out_Quantity.quantity>57.802564</out_Quantity.quantity></Point><Point><position>7632</position><in_Quantity.quantity>0.000000</in_Quantity.quantity><out_Quantity.quantity>356.777570</out_Quantity.quantity></Point><Point><position>7633</position><in_Quantity.quantity>0.000000</in_Quantity.quantity><out_Quantity.quantity>938.002193</out_Quantity.quantity></Point><Point><position>7634</position><in_Quantity.quantity>0.000000</in_Quantity.quantity><out_Quantity.quantity>93.240109</out_Quantity.quantity></Point><Point><position>7635</position><in_Quantity.quantity>0.000000</in_Quantity.quantity><out_Quantity.quantity>454.167429</out_Quantity.quantity></Point><Point><position>7636</position><in_Quantity.quantity>0.000000</in_Quantity.quantity><out_Quantity.quantity>795.084293</out_Quantity.quantity></Point><Point><position>7637</position><in_Quantity.quantity>0.000000</in_Quantity.quantity><out_Quantity.quantity>599.492722</out_Quantity.quantity></Point><Point><position>7638</position><in_Quantity.quantity>0.000000</in_Quantity.quantity><out_Quantity.quantity>788.247495</out_Quantity.quantity></Point><Point><position>7639</position><in_Quantity.quantity>0.000000</in_Quantity.quantity><out_Quantity.quantity>389.650878</out_Quantity.quantity></Point><Point><position>7640</position><in_Quantity.quantity>0.000000</in_Quantity.quantity><out_Quantity.quantity>592.523534</out_Quantity.quantity></Point><Point><position>7641</position><in_Quantity.quantity>0.000000</in_Quantity.quantity><out_Quantity.quantity>915.681956</out_Quantity.quantity></Point><Point><position>7642</position><in_Quantity.quantity>0.000000</in_Quantity.quantity><out_Quantity.quantity>623.900113</out_Quantity.quantity></Point><Point><position>7643</position><in_Quantity.quantity>0.000000</in_Quantity.quantity><out_Quantity.quantity>793.887736</out_Quantity.quantity></Point><Point><position>7644</position><in_Quantity.quantity>0.000000</in_Quantity.quantity><out_Quantity.quantity>741.074447</out_Quantity.quantity></Point><Point><position>7645</position><in_Quantity.quantity>0.000000</in_Quantity.quantity><out_Quantity.quantity>299.964700</out_Quantity.quantity></Point><Point><position>7646</position><in_Quantity.quantity>0.000000</in_Quantity.quantity><out_Quantity.quantity>585.356290</out_Quantity.quantity></Point><Point><position>7647</position><in_Quantity.quantity>0.000000</in_Quantity.quantity><out_Quantity.quantity>295.685419</out_Quantity.quantity></Point><Point><position>7648</position><in_Quantity.quantity>0.000000</in_Quantity.quantity><out_Quantity.quantity>975.613668</out_Quantity.quantity></Point><Point><position>7649</position><in_Quantity.quantity>0.000000</in_Quantity.quantity><out_Quantity.quantity>568.621656</out_Quantity.quantity></Point><Point><position>7650</position><in_Quantity.quantity>0.000000</in_Quantity.quantity><out_Quantity.quantity>841.689060</out_Quantity.quantity></Point><Point><position>7651</position><in_Quantity.quantity>0.000000</in_Quantity.quantity><out_Quantity.quantity>130.284407</out_Quantity.quantity></Point><Point><position>7652</position><in_Quantity.quantity>0.000000</in_Quantity.quantity><out_Quantity.quantity>31.819559</out_Quantity.quantity></Point><Point><position>7653</position><in_Quantity.quantity>0.000000</in_Quantity.quantity><out_Quantity.quantity>214.870451</out_Quantity.quantity></Point><Point><position>7654</position><in_Quantity.quantity>0.000000</in_Quantity.quantity><out_Quantity.quantity>542.847296</out_Quantity.quantity></Point><Point><position>7655</position><in_Quantity.quantity>0.000000</in_Quantity.quantity><out_Quantity.quantity>23.807872</out_Quantity.quantity></Point><Point><position>7656</position><in_Quantity.quantity>0.000000</in_Quantity.quantity><out_Quantity.quantity>589.604137</out_Quantity.quantity></Point><Point><position>7657</position><in_Quantity.quantity>0.000000</in_Quantity.quantity><out_Quantity.quantity>517.067831</out_Quantity.quantity></Point><Point><position>7658</position><in_Quantity.quantity>0.000000</in_Quantity.quantity><out_Quantity.quantity>811.153871</out_Quantity.quantity></Point><Point><position>7659</position><in_Quantity.quantity>0.000000</in_Quantity.quantity><out_Quantity.quantity>877.813657</out_Quantity.quantity></Point><Point><position>7660</position><in_Quantity.quantity>0.000000</in_Quantity.quantity><out_Quantity.quantity>595.912995</out_Quantity.quantity></Point><Point><position>7661</position><in_Quantity.quantity>0.000000</in_Quantity.quantity><out_Quantity.quantity>472.096501</out_Quantity.quantity></Point><Point><position>7662</position><in_Quantity.quantity>0.000000</in_Quantity.quantity><out_Quantity.quantity>714.310697</out_Quantity.quantity></Point><Point><position>7663</position><in_Quantity.quantity>0.000000</in_Quantity.quantity><out_Quantity.quantity>107.388677</out_Quantity.quantity></Point><Point><position>7664</position><in_Quantity.quantity>0.000000</in_Quantity.quantity><out_Quantity.quantity>224.316006</out_Quantity.quantity></Point><Point><position>7665</position><in_Quantity.quantity>0.000000</in_Quantity.quantity><out_Quantity.quantity>528.336083</out_Quantity.quantity></Point><Point><position>7666</position><in_Quantity.quantity>0.000000</in_Quantity.quantity><out_Quantity.quantity>92.267533</out_Quantity.quantity></Point><Point><position>7667</position><in_Quantity.quantity>0.000000</in_Quantity.quantity><out_Quantity.quantity>25.542785</out_Quantity.quantity></Point><Point><position>7668</position><in_Quantity.quantity>0.000000</in_Quantity.quantity><out_Quantity.quantity>182.731492</out_Quantity.quantity></Point><Point><position>7669</position><in_Quantity.quantity>0.000000</in_Quantity.quantity><out_Quantity.quantity>440.273313</out_Quantity.quantity></Point><Point><position>7670</position><in_Quantity.quantity>0.000000</in_Quantity.quantity><out_Quantity.quantity>722.845103</out_Quantity.quantity></Point><Point><position>7671</position><in_Quantity.quantity>0.000000</in_Quantity.quantity><out_Quantity.quantity>38.871004</out_Quantity.quantity></Point><Point><position>7672</position><in_Quantity.quantity>0.000000</in_Quantity.quantity><out_Quantity.quantity>678.312568</out_Quantity.quantity></Point><Point><position>7673</position><in_Quantity.quantity>0.000000</in_Quantity.quantity><out_Quantity.quantity>345.964890</out_Quantity.quantity></Point><Point><position>7674</position><in_Quantity.quantity>0.000000</in_Quantity.quantity><out_Quantity.quantity>812.886951</out_Quantity.quantity></Point><Point><position>7675</position><in_Quantity.quantity>0.000000</in_Quantity.quantity><out_Quantity.quantity>234.314771</out_Quantity.quantity></Point><Point><position>7676</position><in_Quantity.quantity>0.000000</in_Quantity.quantity><out_Quantity.quantity>602.765310</out_Quantity.quantity></Point><Point><position>7677</position><in_Quantity.quantity>0.000000</in_Quantity.quantity><out_Quantity.quantity>216.631440</out_Quantity.quantity></Point><Point><position>7678</position><in_Quantity.quantity>0.000000</in_Quantity.quantity><out_Quantity.quantity>774.753058</out_Quantity.quantity></Point><Point><position>7679</position><in_Quantity.quantity>0.000000</in_Quantity.quantity><out_Quantity.quantity>22.951354</out_Quantity.quantity></Point><Point><position>7680</position><in_Quantity.quantity>0.000000</in_Quantity.quantity><out_Quantity.quantity>996.604242</out_Quantity.quantity></Point><Point><position>7681</position><in_Quantity.quantity>0.000000</in_Quantity.quantity><out_Quantity.quantity>83.049284</out_Quantity.quantity></Point><Point><position>7682</position><in_Quantity.quantity>0.000000</in_Quantity.quantity><out_Quantity.quantity>341.109394</out_Quantity.quantity></Point><Point><position>7683</position><in_Quantity.quantity>0.000000</in_Quantity.quantity><out_Quantity.quantity>785.940023</out_Quantity.quantity></Point><Point><position>7684</position><in_Quantity.quantity>0.000000</in_Quantity.quantity><out_Quantity.quantity>883.588509</out_Quantity.quantity></Point><Point><position>7685</position><in_Quantity.quantity>0.000000</in_Quantity.quantity><out_Quantity.quantity>959.791020</out_Quantity.quantity></Point><Point><position>7686</position><in_Quantity.quantity>0.000000</in_Quantity.quantity><out_Quantity.quantity>594.318756</out_Quantity.quantity></Point><Point><position>7687</position><in_Quantity.quantity>0.000000</in_Quantity.quantity><out_Quantity.quantity>665.441772</out_Quantity.quantity></Point><Point><position>7688</position><in_Quantity.quantity>0.000000</in_Quantity.quantity><out_Quantity.quantity>497.648545</out_Quantity.quantity></Point><Point><position>7689</position><in_Quantity.quantity>0.000000</in_Quantity.quantity><out_Quantity.quantity>58.790492</out_Quantity.quantity></Point><Point><position>7690</position><in_Quantity.quantity>0.000000</in_Quantity.quantity><out_Quantity.quantity>849.540285</out_Quantity.quantity></Point><Point><position>7691</position><in_Quantity.quantity>0.000000</in_Quantity.quantity><out_Quantity.quantity>74.576811</out_Quantity.quantity></Point><Point><position>7692</position><in_Quantity.quantity>0.000000</in_Quantity.quantity><out_Quantity.quantity>475.353923</out_Quantity.quantity></Point><Point><position>7693</position><in_Quantity.quantity>0.000000</in_Quantity.quantity><out_Quantity.quantity>612.135498</out_Quantity.quantity></Point><Point><position>7694</position><in_Quantity.quantity>0.000000</in_Quantity.quantity><out_Quantity.quantity>718.447754</out_Quantity.quantity></Point><Point><position>7695</position><in_Quantity.quantity>0.000000</in_Quantity.quantity><out_Quantity.quantity>314.459907</out_Quantity.quantity></Point><Point><position>7696</position><in_Quantity.quantity>0.000000</in_Quantity.quantity><out_Quantity.quantity>208.922258</out_Quantity.quantity></Point><Point><position>7697</position><in_Quantity.quantity>0.000000</in_Quantity.quantity><out_Quantity.quantity>176.864136</out_Quantity.quantity></Point><Point><position>7698</position><in_Quantity.quantity>0.000000</in_Quantity.quantity><out_Quantity.quantity>38.920467</out_Quantity.quantity></Point><Point><position>7699</position><in_Quantity.quantity>0.000000</in_Quantity.quantity><out_Quantity.quantity>286.453804</out_Quantity.quantity></Point><Point><position>7700</position><in_Quantity.quantity>0.000000</in_Quantity.quantity><out_Quantity.quantity>763.166631</out_Quantity.quantity></Point><Point><position>7701</position><in_Quantity.quantity>0.000000</in_Quantity.quantity><out_Quantity.quantity>973.450079</out_Quantity.quantity></Point><Point><position>7702</position><in_Quantity.quantity>0.000000</in_Quantity.quantity><out_Quantity.quantity>100.544641</out_Quantity.quantity></Point><Point><position>7703</position><in_Quantity.quantity>0.000000</in_Quantity.quantity><out_Quantity.quantity>997.329544</out_Quantity.quantity></Point><Point><position>7704</position><in_Quantity.quantity>0.000000</in_Quantity.quantity><out_Quantity.quantity>184.217783</out_Quantity.quantity></Point><Point><position>7705</position><in_Quantity.quantity>0.000000</in_Quantity.quantity><out_Quantity.quantity>344.843460</out_Quantity.quantity></Point><Point><position>7706</position><in_Quantity.quantity>0.000000</in_Quantity.quantity><out_Quantity.quantity>676.082663</out_Quantity.quantity></Point><Point><position>7707</position><in_Quantity.quantity>0.000000</in_Quantity.quantity><out_Quantity.quantity>709.004681</out_Quantity.quantity></Point><Point><position>7708</position><in_Quantity.quantity>0.000000</in_Quantity.quantity><out_Quantity.quantity>360.465380</out_Quantity.quantity></Point><Point><position>7709</position><in_Quantity.quantity>0.000000</in_Quantity.quantity><out_Quantity.quantity>754.091520</out_Quantity.quantity></Point><Point><position>7710</position><in_Quantity.quantity>0.000000</in_Quantity.quantity><out_Quantity.quantity>836.024599</out_Quantity.quantity></Point><Point><position>7711</position><in_Quantity.quantity>0.000000</in_Quantity.quantity><out_Quantity.quantity>887.012310</out_Quantity.quantity></Point><Point><position>7712</position><in_Quantity.quantity>0.000000</in_Quantity.quantity><out_Quantity.quantity>964.675242</out_Quantity.quantity></Point><Point><position>7713</position><in_Quantity.quantity>0.000000</in_Quantity.quantity><out_Quantity.quantity>451.930248</out_Quantity.quantity></Point><Point><position>7714</position><in_Quantity.quantity>0.000000</in_Quantity.quantity><out_Quantity.quantity>862.412637</out_Quantity.quantity></Point><Point><position>7715</position><in_Quantity.quantity>0.000000</in_Quantity.quantity><out_Quantity.quantity>172.423869</out_Quantity.quantity></Point><Point><position>7716</position><in_Quantity.quantity>0.000000</in_Quantity.quantity><out_Quantity.quantity>401.717499</out_Quantity.quantity></Point><Point><position>7717</position><in_Quantity.quantity>0.000000</in_Quantity.quantity><out_Quantity.quantity>135.972967</out_Quantity.quantity></Point><Point><position>7718</position><in_Quantity.quantity>0.000000</in_Quantity.quantity><out_Quantity.quantity>362.869442</out_Quantity.quantity></Point><Point><position>7719</position><in_Quantity.quantity>0.000000</in_Quantity.quantity><out_Quantity.quantity>252.064765</out_Quantity.quantity></Point><Point><position>7720</position><in_Quantity.quantity>0.000000</in_Quantity.quantity><out_Quantity.quantity>817.962351</out_Quantity.quantity></Point><Point><position>7721</position><in_Quantity.quantity>0.000000</in_Quantity.quantity><out_Quantity.quantity>148.817391</out_Quantity.quantity></Point><Point><position>7722</position><in_Quantity.quantity>0.000000</in_Quantity.quantity><out_Quantity.quantity>585.067768</out_Quantity.quantity></Point><Point><position>7723</position><in_Quantity.quantity>0.000000</in_Quantity.quantity><out_Quantity.quantity>526.335435</out_Quantity.quantity></Point><Point><position>7724</position><in_Quantity.quantity>0.000000</in_Quantity.quantity><out_Quantity.quantity>272.041922</out_Quantity.quantity></Point><Point><position>7725</position><in_Quantity.quantity>0.000000</in_Quantity.quantity><out_Quantity.quantity>878.136742</out_Quantity.quantity></Point><Point><position>7726</position><in_Quantity.quantity>0.000000</in_Quantity.quantity><out_Quantity.quantity>1.132382</out_Quantity.quantity></Point><Point><position>7727</position><in_Quantity.quantity>0.000000</in_Quantity.quantity><out_Quantity.quantity>700.537589</out_Quantity.quantity></Point><Point><position>7728</position><in_Quantity.quantity>0.000000</in_Quantity.quantity><out_Quantity.quantity>301.448736</out_Quantity.quantity></Point><Point><position>7729</position><in_Quantity.quantity>0.000000</in_Quantity.quantity><out_Quantity.quantity>877.975109</out_Quantity.quantity></Point><Point><position>7730</position><in_Quantity.quantity>0.000000</in_Quantity.quantity><out_Quantity.quantity>917.254255</out_Quantity.quantity></Point><Point><position>7731</position><in_Quantity.quantity>0.000000</in_Quantity.quantity><out_Quantity.quantity>190.260204</out_Quantity.quantity></Point><Point><position>7732</position><in_Quantity.quantity>0.000000</in_Quantity.quantity><out_Quantity.quantity>368.145001</out_Quantity.quantity></Point><Point><position>7733</position><in_Quantity.quantity>0.000000</in_Quantity.quantity><out_Quantity.quantity>542.535480</out_Quantity.quantity></Point><Point><position>7734</position><in_Quantity.quantity>0.000000</in_Quantity.quantity><out_Quantity.quantity>882.481419</out_Quantity.quantity></Point><Point><position>7735</position><in_Quantity.quantity>0.000000</in_Quantity.quantity><out_Quantity.quantity>942.214437</out_Quantity.quantity></Point><Point><position>7736</position><in_Quantity.quantity>0.000000</in_Quantity.quantity><out_Quantity.quantity>775.603943</out_Quantity.quantity></Point><Point><position>7737</position><in_Quantity.quantity>0.000000</in_Quantity.quantity><out_Quantity.quantity>776.965069</out_Quantity.quantity></Point><Point><position>7738</position><in_Quantity.quantity>0.000000</in_Quantity.quantity><out_Quantity.quantity>159.333233</out_Quantity.quantity></Point><Point><position>7739</position><in_Quantity.quantity>0.000000</in_Quantity.quantity><out_Quantity.quantity>433.118659</out_Quantity.quantity></Point><Point><position>7740</position><in_Quantity.quantity>0.000000</in_Quantity.quantity><out_Quantity.quantity>711.212340</out_Quantity.quantity></Point><Point><position>7741</position><in_Quantity.quantity>0.000000</in_Quantity.quantity><out_Quantity.quantity>5.277798</out_Quantity.quantity></Point><Point><position>7742</position><in_Quantity.quantity>0.000000</in_Quantity.quantity><out_Quantity.quantity>929.513884</out_Quantity.quantity></Point><Point><position>7743</position><in_Quantity.quantity>0.000000</in_Quantity.quantity><out_Quantity.quantity>921.744811</out_Quantity.quantity></Point><Point><position>7744</position><in_Quantity.quantity>0.000000</in_Quantity.quantity><out_Quantity.quantity>512.869703</out_Quantity.quantity></Point><Point><position>7745</position><in_Quantity.quantity>0.000000</in_Quantity.quantity><out_Quantity.quantity>581.663535</out_Quantity.quantity></Point><Point><position>7746</position><in_Quantity.quantity>0.000000</in_Quantity.quantity><out_Quantity.quantity>811.218377</out_Quantity.quantity></Point><Point><position>7747</position><in_Quantity.quantity>0.000000</in_Quantity.quantity><out_Quantity.quantity>420.126560</out_Quantity.quantity></Point><Point><position>7748</position><in_Quantity.quantity>0.000000</in_Quantity.quantity><out_Quantity.quantity>378.951652</out_Quantity.quantity></Point><Point><position>7749</position><in_Quantity.quantity>0.000000</in_Quantity.quantity><out_Quantity.quantity>692.978375</out_Quantity.quantity></Point><Point><position>7750</position><in_Quantity.quantity>0.000000</in_Quantity.quantity><out_Quantity.quantity>871.151437</out_Quantity.quantity></Point><Point><position>7751</position><in_Quantity.quantity>0.000000</in_Quantity.quantity><out_Quantity.quantity>525.792339</out_Quantity.quantity></Point><Point><position>7752</position><in_Quantity.quantity>0.000000</in_Quantity.quantity><out_Quantity.quantity>665.087896</out_Quantity.quantity></Point><Point><position>7753</position><in_Quantity.quantity>0.000000</in_Quantity.quantity><out_Quantity.quantity>837.174437</out_Quantity.quantity></Point><Point><position>7754</position><in_Quantity.quantity>0.000000</in_Quantity.quantity><out_Quantity.quantity>494.934864</out_Quantity.quantity></Point><Point><position>7755</position><in_Quantity.quantity>0.000000</in_Quantity.quantity><out_Quantity.quantity>309.263040</out_Quantity.quantity></Point><Point><position>7756</position><in_Quantity.quantity>0.000000</in_Quantity.quantity><out_Quantity.quantity>600.640560</out_Quantity.quantity></Point><Point><position>7757</position><in_Quantity.quantity>0.000000</in_Quantity.quantity><out_Quantity.quantity>804.470372</out_Quantity.quantity></Point><Point><position>7758</position><in_Quantity.quantity>0.000000</in_Quantity.quantity><out_Quantity.quantity>473.745444</out_Quantity.quantity></Point><Point><position>7759</position><in_Quantity.quantity>0.000000</in_Quantity.quantity><out_Quantity.quantity>749.353603</out_Quantity.quantity></Point><Point><position>7760</position><in_Quantity.quantity>0.000000</in_Quantity.quantity><out_Quantity.quantity>762.585352</out_Quantity.quantity></Point><Point><position>7761</position><in_Quantity.quantity>0.000000</in_Quantity.quantity><out_Quantity.quantity>237.356624</out_Quantity.quantity></Point><Point><position>7762</position><in_Quantity.quantity>0.000000</in_Quantity.quantity><out_Quantity.quantity>286.580485</out_Quantity.quantity></Point><Point><position>7763</position><in_Quantity.quantity>0.000000</in_Quantity.quantity><out_Quantity.quantity>377.103907</out_Quantity.quantity></Point><Point><position>7764</position><in_Quantity.quantity>0.000000</in_Quantity.quantity><out_Quantity.quantity>636.235316</out_Quantity.quantity></Point><Point><position>7765</position><in_Quantity.quantity>0.000000</in_Quantity.quantity><out_Quantity.quantity>79.355102</out_Quantity.quantity></Point><Point><position>7766</position><in_Quantity.quantity>0.000000</in_Quantity.quantity><out_Quantity.quantity>763.877859</out_Quantity.quantity></Point><Point><position>7767</position><in_Quantity.quantity>0.000000</in_Quantity.quantity><out_Quantity.quantity>998.990332</out_Quantity.quantity></Point><Point><position>7768</position><in_Quantity.quantity>0.000000</in_Quantity.quantity><out_Quantity.quantity>921.933409</out_Quantity.quantity></Point><Point><position>7769</position><in_Quantity.quantity>0.000000</in_Quantity.quantity><out_Quantity.quantity>199.526373</out_Quantity.quantity></Point><Point><position>7770</position><in_Quantity.quantity>0.000000</in_Quantity.quantity><out_Quantity.quantity>680.063095</out_Quantity.quantity></Point><Point><position>7771</position><in_Quantity.quantity>0.000000</in_Quantity.quantity><out_Quantity.quantity>944.244983</out_Quantity.quantity></Point><Point><position>7772</position><in_Quantity.quantity>0.000000</in_Quantity.quantity><out_Quantity.quantity>345.416203</out_Quantity.quantity></Point><Point><position>7773</position><in_Quantity.quantity>0.000000</in_Quantity.quantity><out_Quantity.quantity>607.064673</out_Quantity.quantity></Point><Point><position>7774</position><in_Quantity.quantity>0.000000</in_Quantity.quantity><out_Quantity.quantity>631.051144</out_Quantity.quantity></Point><Point><position>7775</position><in_Quantity.quantity>0.000000</in_Quantity.quantity><out_Quantity.quantity>74.657847</out_Quantity.quantity></Point><Point><position>7776</position><in_Quantity.quantity>0.000000</in_Quantity.quantity><out_Quantity.quantity>525.088685</out_Quantity.quantity></Point><Point><position>7777</position><in_Quantity.quantity>0.000000</in_Quantity.quantity><out_Quantity.quantity>99.968494</out_Quantity.quantity></Point><Point><position>7778</position><in_Quantity.quantity>0.000000</in_Quantity.quantity><out_Quantity.quantity>12.593462</out_Quantity.quantity></Point><Point><position>7779</position><in_Quantity.quantity>0.000000</in_Quantity.quantity><out_Quantity.quantity>614.555433</out_Quantity.quantity></Point><Point><position>7780</position><in_Quantity.quantity>0.000000</in_Quantity.quantity><out_Quantity.quantity>359.690536</out_Quantity.quantity></Point><Point><position>7781</position><in_Quantity.quantity>0.000000</in_Quantity.quantity><out_Quantity.quantity>534.579955</out_Quantity.quantity></Point><Point><position>7782</position><in_Quantity.quantity>0.000000</in_Quantity.quantity><out_Quantity.quantity>969.386747</out_Quantity.quantity></Point><Point><position>7783</position><in_Quantity.quantity>0.000000</in_Quantity.quantity><out_Quantity.quantity>145.262924</out_Quantity.quantity></Point><Point><position>7784</position><in_Quantity.quantity>0.000000</in_Quantity.quantity><out_Quantity.quantity>115.684454</out_Quantity.quantity></Point><Point><position>7785</position><in_Quantity.quantity>0.000000</in_Quantity.quantity><out_Quantity.quantity>373.172269</out_Quantity.quantity></Point><Point><position>7786</position><in_Quantity.quantity>0.000000</in_Quantity.quantity><out_Quantity.quantity>984.960798</out_Quantity.quantity></Point><Point><position>7787</position><in_Quantity.quantity>0.000000</in_Quantity.quantity><out_Quantity.quantity>341.497025</out_Quantity.quantity></Point><Point><position>7788</position><in_Quantity.quantity>0.000000</in_Quantity.quantity><out_Quantity.quantity>346.521160</out_Quantity.quantity></Point><Point><position>7789</position><in_Quantity.quantity>0.000000</in_Quantity.quantity><out_Quantity.quantity>76.926408</out_Quantity.quantity></Point><Point><position>7790</position><in_Quantity.quantity>0.000000</in_Quantity.quantity><out_Quantity.quantity>4.197818</out_Quantity.quantity></Point><Point><position>7791</position><in_Quantity.quantity>0.000000</in_Quantity.quantity><out_Quantity.quantity>202.861596</out_Quantity.quantity></Point><Point><position>7792</position><in_Quantity.quantity>0.000000</in_Quantity.quantity><out_Quantity.quantity>821.459021</out_Quantity.quantity></Point><Point><position>7793</position><in_Quantity.quantity>0.000000</in_Quantity.quantity><out_Quantity.quantity>184.485131</out_Quantity.quantity></Point><Point><position>7794</position><in_Quantity.quantity>0.000000</in_Quantity.quantity><out_Quantity.quantity>577.287678</out_Quantity.quantity></Point><Point><position>7795</position><in_Quantity.quantity>0.000000</in_Quantity.quantity><out_Quantity.quantity>759.726544</out_Quantity.quantity></Point><Point><position>7796</position><in_Quantity.quantity>0.000000</in_Quantity.quantity><out_Quantity.quantity>322.345697</out_Quantity.quantity></Point><Point><position>7797</position><in_Quantity.quantity>0.000000</in_Quantity.quantity><out_Quantity.quantity>12.680270</out_Quantity.quantity></Point><Point><position>7798</position><in_Quantity.quantity>0.000000</in_Quantity.quantity><out_Quantity.quantity>344.635354</out_Quantity.quantity></Point><Point><position>7799</position><in_Quantity.quantity>0.000000</in_Quantity.quantity><out_Quantity.quantity>236.376668</out_Quantity.quantity></Point><Point><position>7800</position><in_Quantity.quantity>0.000000</in_Quantity.quantity><out_Quantity.quantity>698.854959</out_Quantity.quantity></Point><Point><position>7801</position><in_Quantity.quantity>0.000000</in_Quantity.quantity><out_Quantity.quantity>691.470489</out_Quantity.quantity></Point><Point><position>7802</position><in_Quantity.quantity>0.000000</in_Quantity.quantity><out_Quantity.quantity>796.553148</out_Quantity.quantity></Point><Point><position>7803</position><in_Quantity.quantity>0.000000</in_Quantity.quantity><out_Quantity.quantity>593.132079</out_Quantity.quantity></Point><Point><position>7804</position><in_Quantity.quantity>0.000000</in_Quantity.quantity><out_Quantity.quantity>875.691046</out_Quantity.quantity></Point><Point><position>7805</position><in_Quantity.quantity>0.000000</in_Quantity.quantity><out_Quantity.quantity>483.842810</out_Quantity.quantity></Point><Point><position>7806</position><in_Quantity.quantity>0.000000</in_Quantity.quantity><out_Quantity.quantity>681.752416</out_Quantity.quantity></Point><Point><position>7807</position><in_Quantity.quantity>0.000000</in_Quantity.quantity><out_Quantity.quantity>769.220237</out_Quantity.quantity></Point><Point><position>7808</position><in_Quantity.quantity>0.000000</in_Quantity.quantity><out_Quantity.quantity>997.430996</out_Quantity.quantity></Point><Point><position>7809</position><in_Quantity.quantity>0.000000</in_Quantity.quantity><out_Quantity.quantity>695.288957</out_Quantity.quantity></Point><Point><position>7810</position><in_Quantity.quantity>0.000000</in_Quantity.quantity><out_Quantity.quantity>496.620707</out_Quantity.quantity></Point><Point><position>7811</position><in_Quantity.quantity>0.000000</in_Quantity.quantity><out_Quantity.quantity>731.859119</out_Quantity.quantity></Point><Point><position>7812</position><in_Quantity.quantity>0.000000</in_Quantity.quantity><out_Quantity.quantity>481.689395</out_Quantity.quantity></Point><Point><position>7813</position><in_Quantity.quantity>0.000000</in_Quantity.quantity><out_Quantity.quantity>606.673911</out_Quantity.quantity></Point><Point><position>7814</position><in_Quantity.quantity>0.000000</in_Quantity.quantity><out_Quantity.quantity>869.512508</out_Quantity.quantity></Point><Point><position>7815</position><in_Quantity.quantity>0.000000</in_Quantity.quantity><out_Quantity.quantity>41.862700</out_Quantity.quantity></Point><Point><position>7816</position><in_Quantity.quantity>0.000000</in_Quantity.quantity><out_Quantity.quantity>58.461224</out_Quantity.quantity></Point><Point><position>7817</position><in_Quantity.quantity>0.000000</in_Quantity.quantity><out_Quantity.quantity>846.758122</out_Quantity.quantity></Point><Point><position>7818</position><in_Quantity.quantity>0.000000</in_Quantity.quantity><out_Quantity.quantity>923.832093</out_Quantity.quantity></Point><Point><position>7819</position><in_Quantity.quantity>0.000000</in_Quantity.quantity><out_Quantity.quantity>966.328582</out_Quantity.quantity></Point><Point><position>7820</position><in_Quantity.quantity>0.000000</in_Quantity.quantity><out_Quantity.quantity>9.304558</out_Quantity.quantity></Point><Point><position>7821</position><in_Quantity.quantity>0.000000</in_Quantity.quantity><out_Quantity.quantity>707.772199</out_Quantity.quantity></Point><Point><position>7822</position><in_Quantity.quantity>0.000000</in_Quantity.quantity><out_Quantity.quantity>520.989713</out_Quantity.quantity></Point><Point><position>7823</position><in_Quantity.quantity>0.000000</in_Quantity.quantity><out_Quantity.quantity>119.118641</out_Quantity.quantity></Point><Point><position>7824</position><in_Quantity.quantity>0.000000</in_Quantity.quantity><out_Quantity.quantity>473.954371</out_Quantity.quantity></Point><Point><position>7825</position><in_Quantity.quantity>0.000000</in_Quantity.quantity><out_Quantity.quantity>305.039791</out_Quantity.quantity></Point><Point><position>7826</position><in_Quantity.quantity>0.000000</in_Quantity.quantity><out_Quantity.quantity>290.435134</out_Quantity.quantity></Point><Point><position>7827</position><in_Quantity.quantity>0.000000</in_Quantity.quantity><out_Quantity.quantity>962.406852</out_Quantity.quantity></Point><Point><position>7828</position><in_Quantity.quantity>0.000000</in_Quantity.quantity><out_Quantity.quantity>910.678084</out_Quantity.quantity></Point><Point><position>7829</position><in_Quantity.quantity>0.000000</in_Quantity.quantity><out_Quantity.quantity>888.467704</out_Quantity.quantity></Point><Point><position>7830</position><in_Quantity.quantity>0.000000</in_Quantity.quantity><out_Quantity.quantity>420.063295</out_Quantity.quantity></Point><Point><position>7831</position><in_Quantity.quantity>0.000000</in_Quantity.quantity><out_Quantity.quantity>928.516628</out_Quantity.quantity></Point><Point><position>7832</position><in_Quantity.quantity>0.000000</in_Quantity.quantity><out_Quantity.quantity>156.686732</out_Quantity.quantity></Point><Point><position>7833</position><in_Quantity.quantity>0.000000</in_Quantity.quantity><out_Quantity.quantity>589.036108</out_Quantity.quantity></Point><Point><position>7834</position><in_Quantity.quantity>0.000000</in_Quantity.quantity><out_Quantity.quantity>87.226874</out_Quantity.quantity></Point><Point><position>7835</position><in_Quantity.quantity>0.000000</in_Quantity.quantity><out_Quantity.quantity>330.553827</out_Quantity.quantity></Point><Point><position>7836</position><in_Quantity.quantity>0.000000</in_Quantity.quantity><out_Quantity.quantity>447.402143</out_Quantity.quantity></Point><Point><position>7837</position><in_Quantity.quantity>0.000000</in_Quantity.quantity><out_Quantity.quantity>428.574697</out_Quantity.quantity></Point><Point><position>7838</position><in_Quantity.quantity>0.000000</in_Quantity.quantity><out_Quantity.quantity>222.012343</out_Quantity.quantity></Point><Point><position>7839</position><in_Quantity.quantity>0.000000</in_Quantity.quantity><out_Quantity.quantity>535.719604</out_Quantity.quantity></Point><Point><position>7840</position><in_Quantity.quantity>0.000000</in_Quantity.quantity><out_Quantity.quantity>231.032749</out_Quantity.quantity></Point><Point><position>7841</position><in_Quantity.quantity>0.000000</in_Quantity.quantity><out_Quantity.quantity>957.365930</out_Quantity.quantity></Point><Point><position>7842</position><in_Quantity.quantity>0.000000</in_Quantity.quantity><out_Quantity.quantity>959.867486</out_Quantity.quantity></Point><Point><position>7843</position><in_Quantity.quantity>0.000000</in_Quantity.quantity><out_Quantity.quantity>909.752336</out_Quantity.quantity></Point><Point><position>7844</position><in_Quantity.quantity>0.000000</in_Quantity.quantity><out_Quantity.quantity>875.858297</out_Quantity.quantity></Point><Point><position>7845</position><in_Quantity.quantity>0.000000</in_Quantity.quantity><out_Quantity.quantity>801.588350</out_Quantity.quantity></Point><Point><position>7846</position><in_Quantity.quantity>0.000000</in_Quantity.quantity><out_Quantity.quantity>200.414822</out_Quantity.quantity></Point><Point><position>7847</position><in_Quantity.quantity>0.000000</in_Quantity.quantity><out_Quantity.quantity>877.815632</out_Quantity.quantity></Point><Point><position>7848</position><in_Quantity.quantity>0.000000</in_Quantity.quantity><out_Quantity.quantity>759.566568</out_Quantity.quantity></Point><Point><position>7849</position><in_Quantity.quantity>0.000000</in_Quantity.quantity><out_Quantity.quantity>979.644265</out_Quantity.quantity></Point><Point><position>7850</position><in_Quantity.quantity>0.000000</in_Quantity.quantity><out_Quantity.quantity>528.242686</out_Quantity.quantity></Point><Point><position>7851</position><in_Quantity.quantity>0.000000</in_Quantity.quantity><out_Quantity.quantity>104.954232</out_Quantity.quantity></Point><Point><position>7852</position><in_Quantity.quantity>0.000000</in_Quantity.quantity><out_Quantity.quantity>475.401361</out_Quantity.quantity></Point><Point><position>7853</position><in_Quantity.quantity>0.000000</in_Quantity.quantity><out_Quantity.quantity>284.104986</out_Quantity.quantity></Point><Point><position>7854</position><in_Quantity.quantity>0.000000</in_Quantity.quantity><out_Quantity.quantity>876.267863</out_Quantity.quantity></Point><Point><position>7855</position><in_Quantity.quantity>0.000000</in_Quantity.quantity><out_Quantity.quantity>522.960304</out_Quantity.quantity></Point><Point><position>7856</position><in_Quantity.quantity>0.000000</in_Quantity.quantity><out_Quantity.quantity>729.424606</out_Quantity.quantity></Point><Point><position>7857</position><in_Quantity.quantity>0.000000</in_Quantity.quantity><out_Quantity.quantity>459.092410</out_Quantity.quantity></Point><Point><position>7858</position><in_Quantity.quantity>0.000000</in_Quantity.quantity><out_Quantity.quantity>12.193740</out_Quantity.quantity></Point><Point><position>7859</position><in_Quantity.quantity>0.000000</in_Quantity.quantity><out_Quantity.quantity>783.560456</out_Quantity.quantity></Point><Point><position>7860</position><in_Quantity.quantity>0.000000</in_Quantity.quantity><out_Quantity.quantity>811.987350</out_Quantity.quantity></Point><Point><position>7861</position><in_Quantity.quantity>0.000000</in_Quantity.quantity><out_Quantity.quantity>763.484945</out_Quantity.quantity></Point><Point><position>7862</position><in_Quantity.quantity>0.000000</in_Quantity.quantity><out_Quantity.quantity>132.561530</out_Quantity.quantity></Point><Point><position>7863</position><in_Quantity.quantity>0.000000</in_Quantity.quantity><out_Quantity.quantity>360.796195</out_Quantity.quantity></Point><Point><position>7864</position><in_Quantity.quantity>0.000000</in_Quantity.quantity><out_Quantity.quantity>656.498127</out_Quantity.quantity></Point><Point><position>7865</position><in_Quantity.quantity>0.000000</in_Quantity.quantity><out_Quantity.quantity>214.742303</out_Quantity.quantity></Point><Point><position>7866</position><in_Quantity.quantity>0.000000</in_Quantity.quantity><out_Quantity.quantity>980.229006</out_Quantity.quantity></Point><Point><position>7867</position><in_Quantity.quantity>0.000000</in_Quantity.quantity><out_Quantity.quantity>14.320656</out_Quantity.quantity></Point><Point><position>7868</position><in_Quantity.quantity>0.000000</in_Quantity.quantity><out_Quantity.quantity>742.875453</out_Quantity.quantity></Point><Point><position>7869</position><in_Quantity.quantity>0.000000</in_Quantity.quantity><out_Quantity.quantity>327.390220</out_Quantity.quantity></Point><Point><position>7870</position><in_Quantity.quantity>0.000000</in_Quantity.quantity><out_Quantity.quantity>436.428925</out_Quantity.quantity></Point><Point><position>7871</position><in_Quantity.quantity>0.000000</in_Quantity.quantity><out_Quantity.quantity>755.126015</out_Quantity.quantity></Point><Point><position>7872</position><in_Quantity.quantity>0.000000</in_Quantity.quantity><out_Quantity.quantity>900.442431</out_Quantity.quantity></Point><Point><position>7873</position><in_Quantity.quantity>0.000000</in_Quantity.quantity><out_Quantity.quantity>143.281774</out_Quantity.quantity></Point><Point><position>7874</position><in_Quantity.quantity>0.000000</in_Quantity.quantity><out_Quantity.quantity>819.107548</out_Quantity.quantity></Point><Point><position>7875</position><in_Quantity.quantity>0.000000</in_Quantity.quantity><out_Quantity.quantity>299.590727</out_Quantity.quantity></Point><Point><position>7876</position><in_Quantity.quantity>0.000000</in_Quantity.quantity><out_Quantity.quantity>350.561585</out_Quantity.quantity></Point><Point><position>7877</position><in_Quantity.quantity>0.000000</in_Quantity.quantity><out_Quantity.quantity>0.163265</out_Quantity.quantity></Point><Point><position>7878</position><in_Quantity.quantity>0.000000</in_Quantity.quantity><out_Quantity.quantity>333.293675</out_Quantity.quantity></Point><Point><position>7879</position><in_Quantity.quantity>0.000000</in_Quantity.quantity><out_Quantity.quantity>404.564917</out_Quantity.quantity></Point><Point><position>7880</position><in_Quantity.quantity>0.000000</in_Quantity.quantity><out_Quantity.quantity>956.241712</out_Quantity.quantity></Point><Point><position>7881</position><in_Quantity.quantity>0.000000</in_Quantity.quantity><out_Quantity.quantity>225.681072</out_Quantity.quantity></Point><Point><position>7882</position><in_Quantity.quantity>0.000000</in_Quantity.quantity><out_Quantity.quantity>593.725891</out_Quantity.quantity></Point><Point><position>7883</position><in_Quantity.quantity>0.000000</in_Quantity.quantity><out_Quantity.quantity>243.197165</out_Quantity.quantity></Point><Point><position>7884</position><in_Quantity.quantity>0.000000</in_Quantity.quantity><out_Quantity.quantity>66.862388</out_Quantity.quantity></Point><Point><position>7885</position><in_Quantity.quantity>0.000000</in_Quantity.quantity><out_Quantity.quantity>126.501405</out_Quantity.quantity></Point><Point><position>7886</position><in_Quantity.quantity>0.000000</in_Quantity.quantity><out_Quantity.quantity>692.525227</out_Quantity.quantity></Point><Point><position>7887</position><in_Quantity.quantity>0.000000</in_Quantity.quantity><out_Quantity.quantity>755.751001</out_Quantity.quantity></Point><Point><position>7888</position><in_Quantity.quantity>0.000000</in_Quantity.quantity><out_Quantity.quantity>508.108861</out_Quantity.quantity></Point><Point><position>7889</position><in_Quantity.quantity>0.000000</in_Quantity.quantity><out_Quantity.quantity>48.523910</out_Quantity.quantity></Point><Point><position>7890</position><in_Quantity.quantity>0.000000</in_Quantity.quantity><out_Quantity.quantity>225.983774</out_Quantity.quantity></Point><Point><position>7891</position><in_Quantity.quantity>0.000000</in_Quantity.quantity><out_Quantity.quantity>695.828157</out_Quantity.quantity></Point><Point><position>7892</position><in_Quantity.quantity>0.000000</in_Quantity.quantity><out_Quantity.quantity>300.046898</out_Quantity.quantity></Point><Point><position>7893</position><in_Quantity.quantity>0.000000</in_Quantity.quantity><out_Quantity.quantity>681.831922</out_Quantity.quantity></Point><Point><position>7894</position><in_Quantity.quantity>0.000000</in_Quantity.quantity><out_Quantity.quantity>271.825993</out_Quantity.quantity></Point><Point><position>7895</position><in_Quantity.quantity>0.000000</in_Quantity.quantity><out_Quantity.quantity>228.162086</out_Quantity.quantity></Point><Point><position>7896</position><in_Quantity.quantity>0.000000</in_Quantity.quantity><out_Quantity.quantity>203.532898</out_Quantity.quantity></Point><Point><position>7897</position><in_Quantity.quantity>0.000000</in_Quantity.quantity><out_Quantity.quantity>482.076329</out_Quantity.quantity></Point><Point><position>7898</position><in_Quantity.quantity>0.000000</in_Quantity.quantity><out_Quantity.quantity>539.727063</out_Quantity.quantity></Point><Point><position>7899</position><in_Quantity.quantity>0.000000</in_Quantity.quantity><out_Quantity.quantity>71.600653</out_Quantity.quantity></Point><Point><position>7900</position><in_Quantity.quantity>0.000000</in_Quantity.quantity><out_Quantity.quantity>614.116700</out_Quantity.quantity></Point><Point><position>7901</position><in_Quantity.quantity>0.000000</in_Quantity.quantity><out_Quantity.quantity>305.726955</out_Quantity.quantity></Point><Point><position>7902</position><in_Quantity.quantity>0.000000</in_Quantity.quantity><out_Quantity.quantity>501.494385</out_Quantity.quantity></Point><Point><position>7903</position><in_Quantity.quantity>0.000000</in_Quantity.quantity><out_Quantity.quantity>399.569964</out_Quantity.quantity></Point><Point><position>7904</position><in_Quantity.quantity>0.000000</in_Quantity.quantity><out_Quantity.quantity>542.215279</out_Quantity.quantity></Point><Point><position>7905</position><in_Quantity.quantity>0.000000</in_Quantity.quantity><out_Quantity.quantity>564.028265</out_Quantity.quantity></Point><Point><position>7906</position><in_Quantity.quantity>0.000000</in_Quantity.quantity><out_Quantity.quantity>344.845223</out_Quantity.quantity></Point><Point><position>7907</position><in_Quantity.quantity>0.000000</in_Quantity.quantity><out_Quantity.quantity>949.229915</out_Quantity.quantity></Point><Point><position>7908</position><in_Quantity.quantity>0.000000</in_Quantity.quantity><out_Quantity.quantity>43.445671</out_Quantity.quantity></Point><Point><position>7909</position><in_Quantity.quantity>0.000000</in_Quantity.quantity><out_Quantity.quantity>6.122398</out_Quantity.quantity></Point><Point><position>7910</position><in_Quantity.quantity>0.000000</in_Quantity.quantity><out_Quantity.quantity>610.371970</out_Quantity.quantity></Point><Point><position>7911</position><in_Quantity.quantity>0.000000</in_Quantity.quantity><out_Quantity.quantity>795.918383</out_Quantity.quantity></Point><Point><position>7912</position><in_Quantity.quantity>0.000000</in_Quantity.quantity><out_Quantity.quantity>692.376562</out_Quantity.quantity></Point><Point><position>7913</position><in_Quantity.quantity>0.000000</in_Quantity.quantity><out_Quantity.quantity>711.546992</out_Quantity.quantity></Point><Point><position>7914</position><in_Quantity.quantity>0.000000</in_Quantity.quantity><out_Quantity.quantity>823.404845</out_Quantity.quantity></Point><Point><position>7915</position><in_Quantity.quantity>0.000000</in_Quantity.quantity><out_Quantity.quantity>973.286552</out_Quantity.quantity></Point><Point><position>7916</position><in_Quantity.quantity>0.000000</in_Quantity.quantity><out_Quantity.quantity>424.999784</out_Quantity.quantity></Point><Point><position>7917</position><in_Quantity.quantity>0.000000</in_Quantity.quantity><out_Quantity.quantity>673.182890</out_Quantity.quantity></Point><Point><position>7918</position><in_Quantity.quantity>0.000000</in_Quantity.quantity><out_Quantity.quantity>692.247603</out_Quantity.quantity></Point><Point><position>7919</position><in_Quantity.quantity>0.000000</in_Quantity.quantity><out_Quantity.quantity>112.182896</out_Quantity.quantity></Point><Point><position>7920</position><in_Quantity.quantity>0.000000</in_Quantity.quantity><out_Quantity.quantity>436.993136</out_Quantity.quantity></Point><Point><position>7921</position><in_Quantity.quantity>0.000000</in_Quantity.quantity><out_Quantity.quantity>850.673462</out_Quantity.quantity></Point><Point><position>7922</position><in_Quantity.quantity>0.000000</in_Quantity.quantity><out_Quantity.quantity>340.631452</out_Quantity.quantity></Point><Point><position>7923</position><in_Quantity.quantity>0.000000</in_Quantity.quantity><out_Quantity.quantity>78.273878</out_Quantity.quantity></Point><Point><position>7924</position><in_Quantity.quantity>0.000000</in_Quantity.quantity><out_Quantity.quantity>169.900563</out_Quantity.quantity></Point><Point><position>7925</position><in_Quantity.quantity>0.000000</in_Quantity.quantity><out_Quantity.quantity>372.171162</out_Quantity.quantity></Point><Point><position>7926</position><in_Quantity.quantity>0.000000</in_Quantity.quantity><out_Quantity.quantity>231.748154</out_Quantity.quantity></Point><Point><position>7927</position><in_Quantity.quantity>0.000000</in_Quantity.quantity><out_Quantity.quantity>26.411209</out_Quantity.quantity></Point><Point><position>7928</position><in_Quantity.quantity>0.000000</in_Quantity.quantity><out_Quantity.quantity>8.069678</out_Quantity.quantity></Point><Point><position>7929</position><in_Quantity.quantity>0.000000</in_Quantity.quantity><out_Quantity.quantity>619.804284</out_Quantity.quantity></Point><Point><position>7930</position><in_Quantity.quantity>0.000000</in_Quantity.quantity><out_Quantity.quantity>61.262526</out_Quantity.quantity></Point><Point><position>7931</position><in_Quantity.quantity>0.000000</in_Quantity.quantity><out_Quantity.quantity>407.464945</out_Quantity.quantity></Point><Point><position>7932</position><in_Quantity.quantity>0.000000</in_Quantity.quantity><out_Quantity.quantity>506.110030</out_Quantity.quantity></Point><Point><position>7933</position><in_Quantity.quantity>0.000000</in_Quantity.quantity><out_Quantity.quantity>425.307208</out_Quantity.quantity></Point><Point><position>7934</position><in_Quantity.quantity>0.000000</in_Quantity.quantity><out_Quantity.quantity>834.366184</out_Quantity.quantity></Point><Point><position>7935</position><in_Quantity.quantity>0.000000</in_Quantity.quantity><out_Quantity.quantity>182.431870</out_Quantity.quantity></Point><Point><position>7936</position><in_Quantity.quantity>0.000000</in_Quantity.quantity><out_Quantity.quantity>271.377934</out_Quantity.quantity></Point><Point><position>7937</position><in_Quantity.quantity>0.000000</in_Quantity.quantity><out_Quantity.quantity>450.406626</out_Quantity.quantity></Point><Point><position>7938</position><in_Quantity.quantity>0.000000</in_Quantity.quantity><out_Quantity.quantity>898.184270</out_Quantity.quantity></Point><Point><position>7939</position><in_Quantity.quantity>0.000000</in_Quantity.quantity><out_Quantity.quantity>940.560787</out_Quantity.quantity></Point><Point><position>7940</position><in_Quantity.quantity>0.000000</in_Quantity.quantity><out_Quantity.quantity>441.617451</out_Quantity.quantity></Point><Point><position>7941</position><in_Quantity.quantity>0.000000</in_Quantity.quantity><out_Quantity.quantity>794.568934</out_Quantity.quantity></Point><Point><position>7942</position><in_Quantity.quantity>0.000000</in_Quantity.quantity><out_Quantity.quantity>525.506912</out_Quantity.quantity></Point><Point><position>7943</position><in_Quantity.quantity>0.000000</in_Quantity.quantity><out_Quantity.quantity>451.927264</out_Quantity.quantity></Point><Point><position>7944</position><in_Quantity.quantity>0.000000</in_Quantity.quantity><out_Quantity.quantity>837.280454</out_Quantity.quantity></Point><Point><position>7945</position><in_Quantity.quantity>0.000000</in_Quantity.quantity><out_Quantity.quantity>133.030133</out_Quantity.quantity></Point><Point><position>7946</position><in_Quantity.quantity>0.000000</in_Quantity.quantity><out_Quantity.quantity>744.341753</out_Quantity.quantity></Point><Point><position>7947</position><in_Quantity.quantity>0.000000</in_Quantity.quantity><out_Quantity.quantity>361.643945</out_Quantity.quantity></Point><Point><position>7948</position><in_Quantity.quantity>0.000000</in_Quantity.quantity><out_Quantity.quantity>166.130381</out_Quantity.quantity></Point><Point><position>7949</position><in_Quantity.quantity>0.000000</in_Quantity.quantity><out_Quantity.quantity>208.110510</out_Quantity.quantity></Point><Point><position>7950</position><in_Quantity.quantity>0.000000</in_Quantity.quantity><out_Quantity.quantity>50.757102</out_Quantity.quantity></Point><Point><position>7951</position><in_Quantity.quantity>0.000000</in_Quantity.quantity><out_Quantity.quantity>59.037410</out_Quantity.quantity></Point><Point><position>7952</position><in_Quantity.quantity>0.000000</in_Quantity.quantity><out_Quantity.quantity>528.756110</out_Quantity.quantity></Point><Point><position>7953</position><in_Quantity.quantity>0.000000</in_Quantity.quantity><out_Quantity.quantity>411.378087</out_Quantity.quantity></Point><Point><position>7954</position><in_Quantity.quantity>0.000000</in_Quantity.quantity><out_Quantity.quantity>791.743324</out_Quantity.quantity></Point><Point><position>7955</position><in_Quantity.quantity>0.000000</in_Quantity.quantity><out_Quantity.quantity>258.769195</out_Quantity.quantity></Point><Point><position>7956</position><in_Quantity.quantity>0.000000</in_Quantity.quantity><out_Quantity.quantity>59.127570</out_Quantity.quantity></Point><Point><position>7957</position><in_Quantity.quantity>0.000000</in_Quantity.quantity><out_Quantity.quantity>907.120775</out_Quantity.quantity></Point><Point><position>7958</position><in_Quantity.quantity>0.000000</in_Quantity.quantity><out_Quantity.quantity>258.992652</out_Quantity.quantity></Point><Point><position>7959</position><in_Quantity.quantity>0.000000</in_Quantity.quantity><out_Quantity.quantity>924.895773</out_Quantity.quantity></Point><Point><position>7960</position><in_Quantity.quantity>0.000000</in_Quantity.quantity><out_Quantity.quantity>996.134846</out_Quantity.quantity></Point><Point><position>7961</position><in_Quantity.quantity>0.000000</in_Quantity.quantity><out_Quantity.quantity>18.429816</out_Quantity.quantity></Point><Point><position>7962</position><in_Quantity.quantity>0.000000</in_Quantity.quantity><out_Quantity.quantity>670.222822</out_Quantity.quantity></Point><Point><position>7963</position><in_Quantity.quantity>0.000000</in_Quantity.quantity><out_Quantity.quantity>229.908394</out_Quantity.quantity></Point><Point><position>7964</position><in_Quantity.quantity>0.000000</in_Quantity.quantity><out_Quantity.quantity>455.818133</out_Quantity.quantity></Point><Point><position>7965</position><in_Quantity.quantity>0.000000</in_Quantity.quantity><out_Quantity.quantity>690.531062</out_Quantity.quantity></Point><Point><position>7966</position><in_Quantity.quantity>0.000000</in_Quantity.quantity><out_Quantity.quantity>599.710782</out_Quantity.quantity></Point><Point><position>7967</position><in_Quantity.quantity>0.000000</in_Quantity.quantity><out_Quantity.quantity>348.780015</out_Quantity.quantity></Point><Point><position>7968</position><in_Quantity.quantity>0.000000</in_Quantity.quantity><out_Quantity.quantity>488.706630</out_Quantity.quantity></Point><Point><position>7969</position><in_Quantity.quantity>0.000000</in_Quantity.quantity><out_Quantity.quantity>343.792480</out_Quantity.quantity></Point><Point><position>7970</position><in_Quantity.quantity>0.000000</in_Quantity.quantity><out_Quantity.quantity>109.883086</out_Quantity.quantity></Point><Point><position>7971</position><in_Quantity.quantity>0.000000</in_Quantity.quantity><out_Quantity.quantity>541.631864</out_Quantity.quantity></Point><Point><position>7972</position><in_Quantity.quantity>0.000000</in_Quantity.quantity><out_Quantity.quantity>415.186637</out_Quantity.quantity></Point><Point><position>7973</position><in_Quantity.quantity>0.000000</in_Quantity.quantity><out_Quantity.quantity>454.247653</out_Quantity.quantity></Point><Point><position>7974</position><in_Quantity.quantity>0.000000</in_Quantity.quantity><out_Quantity.quantity>21.709968</out_Quantity.quantity></Point><Point><position>7975</position><in_Quantity.quantity>0.000000</in_Quantity.quantity><out_Quantity.quantity>654.961510</out_Quantity.quantity></Point><Point><position>7976</position><in_Quantity.quantity>0.000000</in_Quantity.quantity><out_Quantity.quantity>166.958119</out_Quantity.quantity></Point><Point><position>7977</position><in_Quantity.quantity>0.000000</in_Quantity.quantity><out_Quantity.quantity>870.346402</out_Quantity.quantity></Point><Point><position>7978</position><in_Quantity.quantity>0.000000</in_Quantity.quantity><out_Quantity.quantity>131.849090</out_Quantity.quantity></Point><Point><position>7979</position><in_Quantity.quantity>0.000000</in_Quantity.quantity><out_Quantity.quantity>847.744279</out_Quantity.quantity></Point><Point><position>7980</position><in_Quantity.quantity>0.000000</in_Quantity.quantity><out_Quantity.quantity>900.281014</out_Quantity.quantity></Point><Point><position>7981</position><in_Quantity.quantity>0.000000</in_Quantity.quantity><out_Quantity.quantity>203.423411</out_Quantity.quantity></Point><Point><position>7982</position><in_Quantity.quantity>0.000000</in_Quantity.quantity><out_Quantity.quantity>665.171883</out_Quantity.quantity></Point><Point><position>7983</position><in_Quantity.quantity>0.000000</in_Quantity.quantity><out_Quantity.quantity>479.732777</out_Quantity.quantity></Point><Point><position>7984</position><in_Quantity.quantity>0.000000</in_Quantity.quantity><out_Quantity.quantity>663.983647</out_Quantity.quantity></Point><Point><position>7985</position><in_Quantity.quantity>0.000000</in_Quantity.quantity><out_Quantity.quantity>748.726662</out_Quantity.quantity></Point><Point><position>7986</position><in_Quantity.quantity>0.000000</in_Quantity.quantity><out_Quantity.quantity>529.891329</out_Quantity.quantity></Point><Point><position>7987</position><in_Quantity.quantity>0.000000</in_Quantity.quantity><out_Quantity.quantity>183.558079</out_Quantity.quantity></Point><Point><position>7988</position><in_Quantity.quantity>0.000000</in_Quantity.quantity><out_Quantity.quantity>201.897748</out_Quantity.quantity></Point><Point><position>7989</position><in_Quantity.quantity>0.000000</in_Quantity.quantity><out_Quantity.quantity>727.248162</out_Quantity.quantity></Point><Point><position>7990</position><in_Quantity.quantity>0.000000</in_Quantity.quantity><out_Quantity.quantity>835.394953</out_Quantity.quantity></Point><Point><position>7991</position><in_Quantity.quantity>0.000000</in_Quantity.quantity><out_Quantity.quantity>706.761578</out_Quantity.quantity></Point><Point><position>7992</position><in_Quantity.quantity>0.000000</in_Quantity.quantity><out_Quantity.quantity>177.832552</out_Quantity.quantity></Point><Point><position>7993</position><in_Quantity.quantity>0.000000</in_Quantity.quantity><out_Quantity.quantity>856.647681</out_Quantity.quantity></Point><Point><position>7994</position><in_Quantity.quantity>0.000000</in_Quantity.quantity><out_Quantity.quantity>201.118186</out_Quantity.quantity></Point><Point><position>7995</position><in_Quantity.quantity>0.000000</in_Quantity.quantity><out_Quantity.quantity>222.185472</out_Quantity.quantity></Point><Point><position>7996</position><in_Quantity.quantity>0.000000</in_Quantity.quantity><out_Quantity.quantity>192.118975</out_Quantity.quantity></Point><Point><position>7997</position><in_Quantity.quantity>0.000000</in_Quantity.quantity><out_Quantity.quantity>990.131662</out_Quantity.quantity></Point><Point><position>7998</position><in_Quantity.quantity>0.000000</in_Quantity.quantity><out_Quantity.quantity>880.121198</out_Quantity.quantity></Point><Point><position>7999</position><in_Quantity.quantity>0.000000</in_Quantity.quantity><out_Quantity.quantity>528.603951</out_Quantity.quantity></Point><Point><position>8000</position><in_Quantity.quantity>0.000000</in_Quantity.quantity><out_Quantity.quantity>804.784996</out_Quantity.quantity></Point><Point><position>8001</position><in_Quantity.quantity>0.000000</in_Quantity.quantity><out_Quantity.quantity>793.876632</out_Quantity.quantity></Point><Point><position>8002</position><in_Quantity.quantity>0.000000</in_Quantity.quantity><out_Quantity.quantity>462.772792</out_Quantity.quantity></Point><Point><position>8003</position><in_Quantity.quantity>0.000000</in_Quantity.quantity><out_Quantity.quantity>291.237955</out_Quantity.quantity></Point><Point><position>8004</position><in_Quantity.quantity>0.000000</in_Quantity.quantity><out_Quantity.quantity>390.486637</out_Quantity.quantity></Point><Point><position>8005</position><in_Quantity.quantity>0.000000</in_Quantity.quantity><out_Quantity.quantity>698.570120</out_Quantity.quantity></Point><Point><position>8006</position><in_Quantity.quantity>0.000000</in_Quantity.quantity><out_Quantity.quantity>545.126588</out_Quantity.quantity></Point><Point><position>8007</position><in_Quantity.quantity>0.000000</in_Quantity.quantity><out_Quantity.quantity>538.391885</out_Quantity.quantity></Point><Point><position>8008</position><in_Quantity.quantity>0.000000</in_Quantity.quantity><out_Quantity.quantity>800.168546</out_Quantity.quantity></Point><Point><position>8009</position><in_Quantity.quantity>0.000000</in_Quantity.quantity><out_Quantity.quantity>318.796183</out_Quantity.quantity></Point><Point><position>8010</position><in_Quantity.quantity>0.000000</in_Quantity.quantity><out_Quantity.quantity>483.647675</out_Quantity.quantity></Point><Point><position>8011</position><in_Quantity.quantity>0.000000</in_Quantity.quantity><out_Quantity.quantity>782.993124</out_Quantity.quantity></Point><Point><position>8012</position><in_Quantity.quantity>0.000000</in_Quantity.quantity><out_Quantity.quantity>860.298742</out_Quantity.quantity></Point><Point><position>8013</position><in_Quantity.quantity>0.000000</in_Quantity.quantity><out_Quantity.quantity>757.392976</out_Quantity.quantity></Point><Point><position>8014</position><in_Quantity.quantity>0.000000</in_Quantity.quantity><out_Quantity.quantity>613.421310</out_Quantity.quantity></Point><Point><position>8015</position><in_Quantity.quantity>0.000000</in_Quantity.quantity><out_Quantity.quantity>253.662294</out_Quantity.quantity></Point><Point><position>8016</position><in_Quantity.quantity>0.000000</in_Quantity.quantity><out_Quantity.quantity>328.168721</out_Quantity.quantity></Point><Point><position>8017</position><in_Quantity.quantity>0.000000</in_Quantity.quantity><out_Quantity.quantity>799.687013</out_Quantity.quantity></Point><Point><position>8018</position><in_Quantity.quantity>0.000000</in_Quantity.quantity><out_Quantity.quantity>255.731877</out_Quantity.quantity></Point><Point><position>8019</position><in_Quantity.quantity>0.000000</in_Quantity.quantity><out_Quantity.quantity>925.696150</out_Quantity.quantity></Point><Point><position>8020</position><in_Quantity.quantity>0.000000</in_Quantity.quantity><out_Quantity.quantity>387.462841</out_Quantity.quantity></Point><Point><position>8021</position><in_Quantity.quantity>0.000000</in_Quantity.quantity><out_Quantity.quantity>859.892405</out_Quantity.quantity></Point><Point><position>8022</position><in_Quantity.quantity>0.000000</in_Quantity.quantity><out_Quantity.quantity>876.652793</out_Quantity.quantity></Point><Point><position>8023</position><in_Quantity.quantity>0.000000</in_Quantity.quantity><out_Quantity.quantity>184.264695</out_Quantity.quantity></Point><Point><position>8024</position><in_Quantity.quantity>0.000000</in_Quantity.quantity><out_Quantity.quantity>814.925032</out_Quantity.quantity></Point><Point><position>8025</position><in_Quantity.quantity>0.000000</in_Quantity.quantity><out_Quantity.quantity>287.479397</out_Quantity.quantity></Point><Point><position>8026</position><in_Quantity.quantity>0.000000</in_Quantity.quantity><out_Quantity.quantity>998.080194</out_Quantity.quantity></Point><Point><position>8027</position><in_Quantity.quantity>0.000000</in_Quantity.quantity><out_Quantity.quantity>35.543625</out_Quantity.quantity></Point><Point><position>8028</position><in_Quantity.quantity>0.000000</in_Quantity.quantity><out_Quantity.quantity>260.990586</out_Quantity.quantity></Point><Point><position>8029</position><in_Quantity.quantity>0.000000</in_Quantity.quantity><out_Quantity.quantity>453.726166</out_Quantity.quantity></Point><Point><position>8030</position><in_Quantity.quantity>0.000000</in_Quantity.quantity><out_Quantity.quantity>272.392460</out_Quantity.quantity></Point><Point><position>8031</position><in_Quantity.quantity>0.000000</in_Quantity.quantity><out_Quantity.quantity>501.737051</out_Quantity.quantity></Point><Point><position>8032</position><in_Quantity.quantity>0.000000</in_Quantity.quantity><out_Quantity.quantity>321.126733</out_Quantity.quantity></Point><Point><position>8033</position><in_Quantity.quantity>0.000000</in_Quantity.quantity><out_Quantity.quantity>892.272200</out_Quantity.quantity></Point><Point><position>8034</position><in_Quantity.quantity>0.000000</in_Quantity.quantity><out_Quantity.quantity>253.916640</out_Quantity.quantity></Point><Point><position>8035</position><in_Quantity.quantity>0.000000</in_Quantity.quantity><out_Quantity.quantity>501.560920</out_Quantity.quantity></Point><Point><position>8036</position><in_Quantity.quantity>0.000000</in_Quantity.quantity><out_Quantity.quantity>714.090189</out_Quantity.quantity></Point><Point><position>8037</position><in_Quantity.quantity>0.000000</in_Quantity.quantity><out_Quantity.quantity>961.342050</out_Quantity.quantity></Point><Point><position>8038</position><in_Quantity.quantity>0.000000</in_Quantity.quantity><out_Quantity.quantity>433.786718</out_Quantity.quantity></Point><Point><position>8039</position><in_Quantity.quantity>0.000000</in_Quantity.quantity><out_Quantity.quantity>851.422972</out_Quantity.quantity></Point><Point><position>8040</position><in_Quantity.quantity>0.000000</in_Quantity.quantity><out_Quantity.quantity>120.841114</out_Quantity.quantity></Point><Point><position>8041</position><in_Quantity.quantity>0.000000</in_Quantity.quantity><out_Quantity.quantity>960.599348</out_Quantity.quantity></Point><Point><position>8042</position><in_Quantity.quantity>0.000000</in_Quantity.quantity><out_Quantity.quantity>114.929693</out_Quantity.quantity></Point><Point><position>8043</position><in_Quantity.quantity>0.000000</in_Quantity.quantity><out_Quantity.quantity>480.571325</out_Quantity.quantity></Point><Point><position>8044</position><in_Quantity.quantity>0.000000</in_Quantity.quantity><out_Quantity.quantity>156.450606</out_Quantity.quantity></Point><Point><position>8045</position><in_Quantity.quantity>0.000000</in_Quantity.quantity><out_Quantity.quantity>453.873576</out_Quantity.quantity></Point><Point><position>8046</position><in_Quantity.quantity>0.000000</in_Quantity.quantity><out_Quantity.quantity>554.816306</out_Quantity.quantity></Point><Point><position>8047</position><in_Quantity.quantity>0.000000</in_Quantity.quantity><out_Quantity.quantity>312.030218</out_Quantity.quantity></Point><Point><position>8048</position><in_Quantity.quantity>0.000000</in_Quantity.quantity><out_Quantity.quantity>762.261048</out_Quantity.quantity></Point><Point><position>8049</position><in_Quantity.quantity>0.000000</in_Quantity.quantity><out_Quantity.quantity>419.236650</out_Quantity.quantity></Point><Point><position>8050</position><in_Quantity.quantity>0.000000</in_Quantity.quantity><out_Quantity.quantity>282.948216</out_Quantity.quantity></Point><Point><position>8051</position><in_Quantity.quantity>0.000000</in_Quantity.quantity><out_Quantity.quantity>98.762459</out_Quantity.quantity></Point><Point><position>8052</position><in_Quantity.quantity>0.000000</in_Quantity.quantity><out_Quantity.quantity>571.946382</out_Quantity.quantity></Point><Point><position>8053</position><in_Quantity.quantity>0.000000</in_Quantity.quantity><out_Quantity.quantity>120.828890</out_Quantity.quantity></Point><Point><position>8054</position><in_Quantity.quantity>0.000000</in_Quantity.quantity><out_Quantity.quantity>428.447564</out_Quantity.quantity></Point><Point><position>8055</position><in_Quantity.quantity>0.000000</in_Quantity.quantity><out_Quantity.quantity>114.888264</out_Quantity.quantity></Point><Point><position>8056</position><in_Quantity.quantity>0.000000</in_Quantity.quantity><out_Quantity.quantity>774.234370</out_Quantity.quantity></Point><Point><position>8057</position><in_Quantity.quantity>0.000000</in_Quantity.quantity><out_Quantity.quantity>705.051712</out_Quantity.quantity></Point><Point><position>8058</position><in_Quantity.quantity>0.000000</in_Quantity.quantity><out_Quantity.quantity>374.625845</out_Quantity.quantity></Point><Point><position>8059</position><in_Quantity.quantity>0.000000</in_Quantity.quantity><out_Quantity.quantity>871.445458</out_Quantity.quantity></Point><Point><position>8060</position><in_Quantity.quantity>0.000000</in_Quantity.quantity><out_Quantity.quantity>981.198705</out_Quantity.quantity></Point><Point><position>8061</position><in_Quantity.quantity>0.000000</in_Quantity.quantity><out_Quantity.quantity>313.778751</out_Quantity.quantity></Point><Point><position>8062</position><in_Quantity.quantity>0.000000</in_Quantity.quantity><out_Quantity.quantity>340.625510</out_Quantity.quantity></Point><Point><position>8063</position><in_Quantity.quantity>0.000000</in_Quantity.quantity><out_Quantity.quantity>758.579613</out_Quantity.quantity></Point><Point><position>8064</position><in_Quantity.quantity>0.000000</in_Quantity.quantity><out_Quantity.quantity>489.256794</out_Quantity.quantity></Point><Point><position>8065</position><in_Quantity.quantity>0.000000</in_Quantity.quantity><out_Quantity.quantity>889.032976</out_Quantity.quantity></Point><Point><position>8066</position><in_Quantity.quantity>0.000000</in_Quantity.quantity><out_Quantity.quantity>607.715991</out_Quantity.quantity></Point><Point><position>8067</position><in_Quantity.quantity>0.000000</in_Quantity.quantity><out_Quantity.quantity>59.170042</out_Quantity.quantity></Point><Point><position>8068</position><in_Quantity.quantity>0.000000</in_Quantity.quantity><out_Quantity.quantity>788.234488</out_Quantity.quantity></Point><Point><position>8069</position><in_Quantity.quantity>0.000000</in_Quantity.quantity><out_Quantity.quantity>583.331326</out_Quantity.quantity></Point><Point><position>8070</position><in_Quantity.quantity>0.000000</in_Quantity.quantity><out_Quantity.quantity>146.815303</out_Quantity.quantity></Point><Point><position>8071</position><in_Quantity.quantity>0.000000</in_Quantity.quantity><out_Quantity.quantity>185.999049</out_Quantity.quantity></Point><Point><position>8072</position><in_Quantity.quantity>0.000000</in_Quantity.quantity><out_Quantity.quantity>615.262008</out_Quantity.quantity></Point><Point><position>8073</position><in_Quantity.quantity>0.000000</in_Quantity.quantity><out_Quantity.quantity>375.827453</out_Quantity.quantity></Point><Point><position>8074</position><in_Quantity.quantity>0.000000</in_Quantity.quantity><out_Quantity.quantity>116.288765</out_Quantity.quantity></Point><Point><position>8075</position><in_Quantity.quantity>0.000000</in_Quantity.quantity><out_Quantity.quantity>503.097241</out_Quantity.quantity></Point><Point><position>8076</position><in_Quantity.quantity>0.000000</in_Quantity.quantity><out_Quantity.quantity>776.480294</out_Quantity.quantity></Point><Point><position>8077</position><in_Quantity.quantity>0.000000</in_Quantity.quantity><out_Quantity.quantity>760.336480</out_Quantity.quantity></Point><Point><position>8078</position><in_Quantity.quantity>0.000000</in_Quantity.quantity><out_Quantity.quantity>684.458370</out_Quantity.quantity></Point><Point><position>8079</position><in_Quantity.quantity>0.000000</in_Quantity.quantity><out_Quantity.quantity>160.523220</out_Quantity.quantity></Point><Point><position>8080</position><in_Quantity.quantity>0.000000</in_Quantity.quantity><out_Quantity.quantity>83.326355</out_Quantity.quantity></Point><Point><position>8081</position><in_Quantity.quantity>0.000000</in_Quantity.quantity><out_Quantity.quantity>76.761541</out_Quantity.quantity></Point><Point><position>8082</position><in_Quantity.quantity>0.000000</in_Quantity.quantity><out_Quantity.quantity>986.773524</out_Quantity.quantity></Point><Point><position>8083</position><in_Quantity.quantity>0.000000</in_Quantity.quantity><out_Quantity.quantity>527.512492</out_Quantity.quantity></Point><Point><position>8084</position><in_Quantity.quantity>0.000000</in_Quantity.quantity><out_Quantity.quantity>164.106037</out_Quantity.quantity></Point><Point><position>8085</position><in_Quantity.quantity>0.000000</in_Quantity.quantity><out_Quantity.quantity>814.951104</out_Quantity.quantity></Point><Point><position>8086</position><in_Quantity.quantity>0.000000</in_Quantity.quantity><out_Quantity.quantity>130.688640</out_Quantity.quantity></Point><Point><position>8087</position><in_Quantity.quantity>0.000000</in_Quantity.quantity><out_Quantity.quantity>981.301640</out_Quantity.quantity></Point><Point><position>8088</position><in_Quantity.quantity>0.000000</in_Quantity.quantity><out_Quantity.quantity>154.813819</out_Quantity.quantity></Point><Point><position>8089</position><in_Quantity.quantity>0.000000</in_Quantity.quantity><out_Quantity.quantity>682.883245</out_Quantity.quantity></Point><Point><position>8090</position><in_Quantity.quantity>0.000000</in_Quantity.quantity><out_Quantity.quantity>673.280655</out_Quantity.quantity></Point><Point><position>8091</position><in_Quantity.quantity>0.000000</in_Quantity.quantity><out_Quantity.quantity>467.290964</out_Quantity.quantity></Point><Point><position>8092</position><in_Quantity.quantity>0.000000</in_Quantity.quantity><out_Quantity.quantity>125.396835</out_Quantity.quantity></Point><Point><position>8093</position><in_Quantity.quantity>0.000000</in_Quantity.quantity><out_Quantity.quantity>152.728929</out_Quantity.quantity></Point><Point><position>8094</position><in_Quantity.quantity>0.000000</in_Quantity.quantity><out_Quantity.quantity>222.991571</out_Quantity.quantity></Point><Point><position>8095</position><in_Quantity.quantity>0.000000</in_Quantity.quantity><out_Quantity.quantity>922.320198</out_Quantity.quantity></Point><Point><position>8096</position><in_Quantity.quantity>0.000000</in_Quantity.quantity><out_Quantity.quantity>620.651778</out_Quantity.quantity></Point><Point><position>8097</position><in_Quantity.quantity>0.000000</in_Quantity.quantity><out_Quantity.quantity>330.770857</out_Quantity.quantity></Point><Point><position>8098</position><in_Quantity.quantity>0.000000</in_Quantity.quantity><out_Quantity.quantity>404.349511</out_Quantity.quantity></Point><Point><position>8099</position><in_Quantity.quantity>0.000000</in_Quantity.quantity><out_Quantity.quantity>787.365720</out_Quantity.quantity></Point><Point><position>8100</position><in_Quantity.quantity>0.000000</in_Quantity.quantity><out_Quantity.quantity>327.825665</out_Quantity.quantity></Point><Point><position>8101</position><in_Quantity.quantity>0.000000</in_Quantity.quantity><out_Quantity.quantity>898.973109</out_Quantity.quantity></Point><Point><position>8102</position><in_Quantity.quantity>0.000000</in_Quantity.quantity><out_Quantity.quantity>576.976386</out_Quantity.quantity></Point><Point><position>8103</position><in_Quantity.quantity>0.000000</in_Quantity.quantity><out_Quantity.quantity>109.475853</out_Quantity.quantity></Point><Point><position>8104</position><in_Quantity.quantity>0.000000</in_Quantity.quantity><out_Quantity.quantity>275.687210</out_Quantity.quantity></Point><Point><position>8105</position><in_Quantity.quantity>0.000000</in_Quantity.quantity><out_Quantity.quantity>331.703991</out_Quantity.quantity></Point><Point><position>8106</position><in_Quantity.quantity>0.000000</in_Quantity.quantity><out_Quantity.quantity>454.387491</out_Quantity.quantity></Point><Point><position>8107</position><in_Quantity.quantity>0.000000</in_Quantity.quantity><out_Quantity.quantity>878.037099</out_Quantity.quantity></Point><Point><position>8108</position><in_Quantity.quantity>0.000000</in_Quantity.quantity><out_Quantity.quantity>702.189219</out_Quantity.quantity></Point><Point><position>8109</position><in_Quantity.quantity>0.000000</in_Quantity.quantity><out_Quantity.quantity>873.265896</out_Quantity.quantity></Point><Point><position>8110</position><in_Quantity.quantity>0.000000</in_Quantity.quantity><out_Quantity.quantity>163.540511</out_Quantity.quantity></Point><Point><position>8111</position><in_Quantity.quantity>0.000000</in_Quantity.quantity><out_Quantity.quantity>859.834621</out_Quantity.quantity></Point><Point><position>8112</position><in_Quantity.quantity>0.000000</in_Quantity.quantity><out_Quantity.quantity>203.809654</out_Quantity.quantity></Point><Point><position>8113</position><in_Quantity.quantity>0.000000</in_Quantity.quantity><out_Quantity.quantity>469.683135</out_Quantity.quantity></Point><Point><position>8114</position><in_Quantity.quantity>0.000000</in_Quantity.quantity><out_Quantity.quantity>658.434239</out_Quantity.quantity></Point><Point><position>8115</position><in_Quantity.quantity>0.000000</in_Quantity.quantity><out_Quantity.quantity>740.654828</out_Quantity.quantity></Point><Point><position>8116</position><in_Quantity.quantity>0.000000</in_Quantity.quantity><out_Quantity.quantity>570.533052</out_Quantity.quantity></Point><Point><position>8117</position><in_Quantity.quantity>0.000000</in_Quantity.quantity><out_Quantity.quantity>436.296924</out_Quantity.quantity></Point><Point><position>8118</position><in_Quantity.quantity>0.000000</in_Quantity.quantity><out_Quantity.quantity>112.793349</out_Quantity.quantity></Point><Point><position>8119</position><in_Quantity.quantity>0.000000</in_Quantity.quantity><out_Quantity.quantity>57.709126</out_Quantity.quantity></Point><Point><position>8120</position><in_Quantity.quantity>0.000000</in_Quantity.quantity><out_Quantity.quantity>120.166552</out_Quantity.quantity></Point><Point><position>8121</position><in_Quantity.quantity>0.000000</in_Quantity.quantity><out_Quantity.quantity>236.909260</out_Quantity.quantity></Point><Point><position>8122</position><in_Quantity.quantity>0.000000</in_Quantity.quantity><out_Quantity.quantity>685.713881</out_Quantity.quantity></Point><Point><position>8123</position><in_Quantity.quantity>0.000000</in_Quantity.quantity><out_Quantity.quantity>955.777880</out_Quantity.quantity></Point><Point><position>8124</position><in_Quantity.quantity>0.000000</in_Quantity.quantity><out_Quantity.quantity>697.158923</out_Quantity.quantity></Point><Point><position>8125</position><in_Quantity.quantity>0.000000</in_Quantity.quantity><out_Quantity.quantity>972.872084</out_Quantity.quantity></Point><Point><position>8126</position><in_Quantity.quantity>0.000000</in_Quantity.quantity><out_Quantity.quantity>7.169936</out_Quantity.quantity></Point><Point><position>8127</position><in_Quantity.quantity>0.000000</in_Quantity.quantity><out_Quantity.quantity>468.811582</out_Quantity.quantity></Point><Point><position>8128</position><in_Quantity.quantity>0.000000</in_Quantity.quantity><out_Quantity.quantity>564.828918</out_Quantity.quantity></Point><Point><position>8129</position><in_Quantity.quantity>0.000000</in_Quantity.quantity><out_Quantity.quantity>733.508898</out_Quantity.quantity></Point><Point><position>8130</position><in_Quantity.quantity>0.000000</in_Quantity.quantity><out_Quantity.quantity>76.793386</out_Quantity.quantity></Point><Point><position>8131</position><in_Quantity.quantity>0.000000</in_Quantity.quantity><out_Quantity.quantity>948.890393</out_Quantity.quantity></Point><Point><position>8132</position><in_Quantity.quantity>0.000000</in_Quantity.quantity><out_Quantity.quantity>434.030885</out_Quantity.quantity></Point><Point><position>8133</position><in_Quantity.quantity>0.000000</in_Quantity.quantity><out_Quantity.quantity>595.835971</out_Quantity.quantity></Point><Point><position>8134</position><in_Quantity.quantity>0.000000</in_Quantity.quantity><out_Quantity.quantity>138.388762</out_Quantity.quantity></Point><Point><position>8135</position><in_Quantity.quantity>0.000000</in_Quantity.quantity><out_Quantity.quantity>639.462199</out_Quantity.quantity></Point><Point><position>8136</position><in_Quantity.quantity>0.000000</in_Quantity.quantity><out_Quantity.quantity>209.474993</out_Quantity.quantity></Point><Point><position>8137</position><in_Quantity.quantity>0.000000</in_Quantity.quantity><out_Quantity.quantity>343.430035</out_Quantity.quantity></Point><Point><position>8138</position><in_Quantity.quantity>0.000000</in_Quantity.quantity><out_Quantity.quantity>736.591818</out_Quantity.quantity></Point><Point><position>8139</position><in_Quantity.quantity>0.000000</in_Quantity.quantity><out_Quantity.quantity>733.082686</out_Quantity.quantity></Point><Point><position>8140</position><in_Quantity.quantity>0.000000</in_Quantity.quantity><out_Quantity.quantity>395.138665</out_Quantity.quantity></Point><Point><position>8141</position><in_Quantity.quantity>0.000000</in_Quantity.quantity><out_Quantity.quantity>799.872139</out_Quantity.quantity></Point><Point><position>8142</position><in_Quantity.quantity>0.000000</in_Quantity.quantity><out_Quantity.quantity>680.506414</out_Quantity.quantity></Point><Point><position>8143</position><in_Quantity.quantity>0.000000</in_Quantity.quantity><out_Quantity.quantity>373.293640</out_Quantity.quantity></Point><Point><position>8144</position><in_Quantity.quantity>0.000000</in_Quantity.quantity><out_Quantity.quantity>101.985827</out_Quantity.quantity></Point><Point><position>8145</position><in_Quantity.quantity>0.000000</in_Quantity.quantity><out_Quantity.quantity>579.343499</out_Quantity.quantity></Point><Point><position>8146</position><in_Quantity.quantity>0.000000</in_Quantity.quantity><out_Quantity.quantity>857.697483</out_Quantity.quantity></Point><Point><position>8147</position><in_Quantity.quantity>0.000000</in_Quantity.quantity><out_Quantity.quantity>316.945929</out_Quantity.quantity></Point><Point><position>8148</position><in_Quantity.quantity>0.000000</in_Quantity.quantity><out_Quantity.quantity>934.149194</out_Quantity.quantity></Point><Point><position>8149</position><in_Quantity.quantity>0.000000</in_Quantity.quantity><out_Quantity.quantity>518.640711</out_Quantity.quantity></Point><Point><position>8150</position><in_Quantity.quantity>0.000000</in_Quantity.quantity><out_Quantity.quantity>872.313898</out_Quantity.quantity></Point><Point><position>8151</position><in_Quantity.quantity>0.000000</in_Quantity.quantity><out_Quantity.quantity>329.336623</out_Quantity.quantity></Point><Point><position>8152</position><in_Quantity.quantity>0.000000</in_Quantity.quantity><out_Quantity.quantity>934.550562</out_Quantity.quantity></Point><Point><position>8153</position><in_Quantity.quantity>0.000000</in_Quantity.quantity><out_Quantity.quantity>122.387553</out_Quantity.quantity></Point><Point><position>8154</position><in_Quantity.quantity>0.000000</in_Quantity.quantity><out_Quantity.quantity>261.170885</out_Quantity.quantity></Point><Point><position>8155</position><in_Quantity.quantity>0.000000</in_Quantity.quantity><out_Quantity.quantity>11.507988</out_Quantity.quantity></Point><Point><position>8156</position><in_Quantity.quantity>0.000000</in_Quantity.quantity><out_Quantity.quantity>457.770668</out_Quantity.quantity></Point><Point><position>8157</position><in_Quantity.quantity>0.000000</in_Quantity.quantity><out_Quantity.quantity>964.014135</out_Quantity.quantity></Point><Point><position>8158</position><in_Quantity.quantity>0.000000</in_Quantity.quantity><out_Quantity.quantity>454.423802</out_Quantity.quantity></Point><Point><position>8159</position><in_Quantity.quantity>0.000000</in_Quantity.quantity><out_Quantity.quantity>765.462149</out_Quantity.quantity></Point><Point><position>8160</position><in_Quantity.quantity>0.000000</in_Quantity.quantity><out_Quantity.quantity>6.828481</out_Quantity.quantity></Point><Point><position>8161</position><in_Quantity.quantity>0.000000</in_Quantity.quantity><out_Quantity.quantity>640.655272</out_Quantity.quantity></Point><Point><position>8162</position><in_Quantity.quantity>0.000000</in_Quantity.quantity><out_Quantity.quantity>999.954748</out_Quantity.quantity></Point><Point><position>8163</position><in_Quantity.quantity>0.000000</in_Quantity.quantity><out_Quantity.quantity>805.811488</out_Quantity.quantity></Point><Point><position>8164</position><in_Quantity.quantity>0.000000</in_Quantity.quantity><out_Quantity.quantity>194.834485</out_Quantity.quantity></Point><Point><position>8165</position><in_Quantity.quantity>0.000000</in_Quantity.quantity><out_Quantity.quantity>539.374290</out_Quantity.quantity></Point><Point><position>8166</position><in_Quantity.quantity>0.000000</in_Quantity.quantity><out_Quantity.quantity>286.738946</out_Quantity.quantity></Point><Point><position>8167</position><in_Quantity.quantity>0.000000</in_Quantity.quantity><out_Quantity.quantity>545.224543</out_Quantity.quantity></Point><Point><position>8168</position><in_Quantity.quantity>0.000000</in_Quantity.quantity><out_Quantity.quantity>221.682780</out_Quantity.quantity></Point><Point><position>8169</position><in_Quantity.quantity>0.000000</in_Quantity.quantity><out_Quantity.quantity>28.494606</out_Quantity.quantity></Point><Point><position>8170</position><in_Quantity.quantity>0.000000</in_Quantity.quantity><out_Quantity.quantity>758.904756</out_Quantity.quantity></Point><Point><position>8171</position><in_Quantity.quantity>0.000000</in_Quantity.quantity><out_Quantity.quantity>839.313479</out_Quantity.quantity></Point><Point><position>8172</position><in_Quantity.quantity>0.000000</in_Quantity.quantity><out_Quantity.quantity>95.155559</out_Quantity.quantity></Point><Point><position>8173</position><in_Quantity.quantity>0.000000</in_Quantity.quantity><out_Quantity.quantity>791.325599</out_Quantity.quantity></Point><Point><position>8174</position><in_Quantity.quantity>0.000000</in_Quantity.quantity><out_Quantity.quantity>710.311476</out_Quantity.quantity></Point><Point><position>8175</position><in_Quantity.quantity>0.000000</in_Quantity.quantity><out_Quantity.quantity>890.062214</out_Quantity.quantity></Point><Point><position>8176</position><in_Quantity.quantity>0.000000</in_Quantity.quantity><out_Quantity.quantity>752.740142</out_Quantity.quantity></Point><Point><position>8177</position><in_Quantity.quantity>0.000000</in_Quantity.quantity><out_Quantity.quantity>475.765160</out_Quantity.quantity></Point><Point><position>8178</position><in_Quantity.quantity>0.000000</in_Quantity.quantity><out_Quantity.quantity>564.819392</out_Quantity.quantity></Point><Point><position>8179</position><in_Quantity.quantity>0.000000</in_Quantity.quantity><out_Quantity.quantity>554.864417</out_Quantity.quantity></Point><Point><position>8180</position><in_Quantity.quantity>0.000000</in_Quantity.quantity><out_Quantity.quantity>120.802606</out_Quantity.quantity></Point><Point><position>8181</position><in_Quantity.quantity>0.000000</in_Quantity.quantity><out_Quantity.quantity>84.513121</out_Quantity.quantity></Point><Point><position>8182</position><in_Quantity.quantity>0.000000</in_Quantity.quantity><out_Quantity.quantity>697.679138</out_Quantity.quantity></Point><Point><position>8183</position><in_Quantity.quantity>0.000000</in_Quantity.quantity><out_Quantity.quantity>885.787807</out_Quantity.quantity></Point><Point><position>8184</position><in_Quantity.quantity>0.000000</in_Quantity.quantity><out_Quantity.quantity>64.038839</out_Quantity.quantity></Point><Point><position>8185</position><in_Quantity.quantity>0.000000</in_Quantity.quantity><out_Quantity.quantity>299.202854</out_Quantity.quantity></Point><Point><position>8186</position><in_Quantity.quantity>0.000000</in_Quantity.quantity><out_Quantity.quantity>145.091598</out_Quantity.quantity></Point><Point><position>8187</position><in_Quantity.quantity>0.000000</in_Quantity.quantity><out_Quantity.quantity>423.117184</out_Quantity.quantity></Point><Point><position>8188</position><in_Quantity.quantity>0.000000</in_Quantity.quantity><out_Quantity.quantity>753.799592</out_Quantity.quantity></Point><Point><position>8189</position><in_Quantity.quantity>0.000000</in_Quantity.quantity><out_Quantity.quantity>71.898942</out_Quantity.quantity></Point><Point><position>8190</position><in_Quantity.quantity>0.000000</in_Quantity.quantity><out_Quantity.quantity>634.867810</out_Quantity.quantity></Point><Point><position>8191</position><in_Quantity.quantity>0.000000</in_Quantity.quantity><out_Quantity.quantity>882.629149</out_Quantity.quantity></Point><Point><position>8192</position><in_Quantity.quantity>0.000000</in_Quantity.quantity><out_Quantity.quantity>130.772804</out_Quantity.quantity></Point><Point><position>8193</position><in_Quantity.quantity>0.000000</in_Quantity.quantity><out_Quantity.quantity>654.629326</out_Quantity.quantity></Point><Point><position>8194</position><in_Quantity.quantity>0.000000</in_Quantity.quantity><out_Quantity.quantity>37.192133</out_Quantity.quantity></Point><Point><position>8195</position><in_Quantity.quantity>0.000000</in_Quantity.quantity><out_Quantity.quantity>460.961413</out_Quantity.quantity></Point><Point><position>8196</position><in_Quantity.quantity>0.000000</in_Quantity.quantity><out_Quantity.quantity>671.283355</out_Quantity.quantity></Point><Point><position>8197</position><in_Quantity.quantity>0.000000</in_Quantity.quantity><out_Quantity.quantity>310.474651</out_Quantity.quantity></Point><Point><position>8198</position><in_Quantity.quantity>0.000000</in_Quantity.quantity><out_Quantity.quantity>643.972612</out_Quantity.quantity></Point><Point><position>8199</position><in_Quantity.quantity>0.000000</in_Quantity.quantity><out_Quantity.quantity>302.792321</out_Quantity.quantity></Point><Point><position>8200</position><in_Quantity.quantity>0.000000</in_Quantity.quantity><out_Quantity.quantity>287.581020</out_Quantity.quantity></Point><Point><position>8201</position><in_Quantity.quantity>0.000000</in_Quantity.quantity><out_Quantity.quantity>345.652803</out_Quantity.quantity></Point><Point><position>8202</position><in_Quantity.quantity>0.000000</in_Quantity.quantity><out_Quantity.quantity>747.771460</out_Quantity.quantity></Point><Point><position>8203</position><in_Quantity.quantity>0.000000</in_Quantity.quantity><out_Quantity.quantity>200.133590</out_Quantity.quantity></Point><Point><position>8204</position><in_Quantity.quantity>0.000000</in_Quantity.quantity><out_Quantity.quantity>460.240517</out_Quantity.quantity></Point><Point><position>8205</position><in_Quantity.quantity>0.000000</in_Quantity.quantity><out_Quantity.quantity>957.883603</out_Quantity.quantity></Point><Point><position>8206</position><in_Quantity.quantity>0.000000</in_Quantity.quantity><out_Quantity.quantity>957.066916</out_Quantity.quantity></Point><Point><position>8207</position><in_Quantity.quantity>0.000000</in_Quantity.quantity><out_Quantity.quantity>821.005347</out_Quantity.quantity></Point><Point><position>8208</position><in_Quantity.quantity>0.000000</in_Quantity.quantity><out_Quantity.quantity>681.502393</out_Quantity.quantity></Point><Point><position>8209</position><in_Quantity.quantity>0.000000</in_Quantity.quantity><out_Quantity.quantity>164.904057</out_Quantity.quantity></Point><Point><position>8210</position><in_Quantity.quantity>0.000000</in_Quantity.quantity><out_Quantity.quantity>318.597052</out_Quantity.quantity></Point><Point><position>8211</position><in_Quantity.quantity>0.000000</in_Quantity.quantity><out_Quantity.quantity>672.617062</out_Quantity.quantity></Point><Point><position>8212</position><in_Quantity.quantity>0.000000</in_Quantity.quantity><out_Quantity.quantity>667.490441</out_Quantity.quantity></Point><Point><position>8213</position><in_Quantity.quantity>0.000000</in_Quantity.quantity><out_Quantity.quantity>961.007131</out_Quantity.quantity></Point><Point><position>8214</position><in_Quantity.quantity>0.000000</in_Quantity.quantity><out_Quantity.quantity>499.235816</out_Quantity.quantity></Point><Point><position>8215</position><in_Quantity.quantity>0.000000</in_Quantity.quantity><out_Quantity.quantity>735.683742</out_Quantity.quantity></Point><Point><position>8216</position><in_Quantity.quantity>0.000000</in_Quantity.quantity><out_Quantity.quantity>76.018703</out_Quantity.quantity></Point><Point><position>8217</position><in_Quantity.quantity>0.000000</in_Quantity.quantity><out_Quantity.quantity>101.379656</out_Quantity.quantity></Point><Point><position>8218</position><in_Quantity.quantity>0.000000</in_Quantity.quantity><out_Quantity.quantity>377.935824</out_Quantity.quantity></Point><Point><position>8219</position><in_Quantity.quantity>0.000000</in_Quantity.quantity><out_Quantity.quantity>790.431421</out_Quantity.quantity></Point><Point><position>8220</position><in_Quantity.quantity>0.000000</in_Quantity.quantity><out_Quantity.quantity>838.786190</out_Quantity.quantity></Point><Point><position>8221</position><in_Quantity.quantity>0.000000</in_Quantity.quantity><out_Quantity.quantity>564.985909</out_Quantity.quantity></Point><Point><position>8222</position><in_Quantity.quantity>0.000000</in_Quantity.quantity><out_Quantity.quantity>645.293882</out_Quantity.quantity></Point><Point><position>8223</position><in_Quantity.quantity>0.000000</in_Quantity.quantity><out_Quantity.quantity>544.171286</out_Quantity.quantity></Point><Point><position>8224</position><in_Quantity.quantity>0.000000</in_Quantity.quantity><out_Quantity.quantity>209.137929</out_Quantity.quantity></Point><Point><position>8225</position><in_Quantity.quantity>0.000000</in_Quantity.quantity><out_Quantity.quantity>917.869849</out_Quantity.quantity></Point><Point><position>8226</position><in_Quantity.quantity>0.000000</in_Quantity.quantity><out_Quantity.quantity>355.862330</out_Quantity.quantity></Point><Point><position>8227</position><in_Quantity.quantity>0.000000</in_Quantity.quantity><out_Quantity.quantity>416.339107</out_Quantity.quantity></Point><Point><position>8228</position><in_Quantity.quantity>0.000000</in_Quantity.quantity><out_Quantity.quantity>291.465514</out_Quantity.quantity></Point><Point><position>8229</position><in_Quantity.quantity>0.000000</in_Quantity.quantity><out_Quantity.quantity>398.608641</out_Quantity.quantity></Point><Point><position>8230</position><in_Quantity.quantity>0.000000</in_Quantity.quantity><out_Quantity.quantity>148.517828</out_Quantity.quantity></Point><Point><position>8231</position><in_Quantity.quantity>0.000000</in_Quantity.quantity><out_Quantity.quantity>451.621316</out_Quantity.quantity></Point><Point><position>8232</position><in_Quantity.quantity>0.000000</in_Quantity.quantity><out_Quantity.quantity>167.297334</out_Quantity.quantity></Point><Point><position>8233</position><in_Quantity.quantity>0.000000</in_Quantity.quantity><out_Quantity.quantity>861.111912</out_Quantity.quantity></Point><Point><position>8234</position><in_Quantity.quantity>0.000000</in_Quantity.quantity><out_Quantity.quantity>363.803658</out_Quantity.quantity></Point><Point><position>8235</position><in_Quantity.quantity>0.000000</in_Quantity.quantity><out_Quantity.quantity>726.578974</out_Quantity.quantity></Point><Point><position>8236</position><in_Quantity.quantity>0.000000</in_Quantity.quantity><out_Quantity.quantity>912.553965</out_Quantity.quantity></Point><Point><position>8237</position><in_Quantity.quantity>0.000000</in_Quantity.quantity><out_Quantity.quantity>196.982257</out_Quantity.quantity></Point><Point><position>8238</position><in_Quantity.quantity>0.000000</in_Quantity.quantity><out_Quantity.quantity>270.532987</out_Quantity.quantity></Point><Point><position>8239</position><in_Quantity.quantity>0.000000</in_Quantity.quantity><out_Quantity.quantity>864.809135</out_Quantity.quantity></Point><Point><position>8240</position><in_Quantity.quantity>0.000000</in_Quantity.quantity><out_Quantity.quantity>867.842072</out_Quantity.quantity></Point><Point><position>8241</position><in_Quantity.quantity>0.000000</in_Quantity.quantity><out_Quantity.quantity>462.469386</out_Quantity.quantity></Point><Point><position>8242</position><in_Quantity.quantity>0.000000</in_Quantity.quantity><out_Quantity.quantity>809.957414</out_Quantity.quantity></Point><Point><position>8243</position><in_Quantity.quantity>0.000000</in_Quantity.quantity><out_Quantity.quantity>592.662532</out_Quantity.quantity></Point><Point><position>8244</position><in_Quantity.quantity>0.000000</in_Quantity.quantity><out_Quantity.quantity>359.709074</out_Quantity.quantity></Point><Point><position>8245</position><in_Quantity.quantity>0.000000</in_Quantity.quantity><out_Quantity.quantity>472.645691</out_Quantity.quantity></Point><Point><position>8246</position><in_Quantity.quantity>0.000000</in_Quantity.quantity><out_Quantity.quantity>152.467575</out_Quantity.quantity></Point><Point><position>8247</position><in_Quantity.quantity>0.000000</in_Quantity.quantity><out_Quantity.quantity>937.818766</out_Quantity.quantity></Point><Point><position>8248</position><in_Quantity.quantity>0.000000</in_Quantity.quantity><out_Quantity.quantity>83.533078</out_Quantity.quantity></Point><Point><position>8249</position><in_Quantity.quantity>0.000000</in_Quantity.quantity><out_Quantity.quantity>829.310191</out_Quantity.quantity></Point><Point><position>8250</position><in_Quantity.quantity>0.000000</in_Quantity.quantity><out_Quantity.quantity>778.670458</out_Quantity.quantity></Point><Point><position>8251</position><in_Quantity.quantity>0.000000</in_Quantity.quantity><out_Quantity.quantity>647.607808</out_Quantity.quantity></Point><Point><position>8252</position><in_Quantity.quantity>0.000000</in_Quantity.quantity><out_Quantity.quantity>283.583226</out_Quantity.quantity></Point><Point><position>8253</position><in_Quantity.quantity>0.000000</in_Quantity.quantity><out_Quantity.quantity>60.768000</out_Quantity.quantity></Point><Point><position>8254</position><in_Quantity.quantity>0.000000</in_Quantity.quantity><out_Quantity.quantity>14.664964</out_Quantity.quantity></Point><Point><position>8255</position><in_Quantity.quantity>0.000000</in_Quantity.quantity><out_Quantity.quantity>178.856562</out_Quantity.quantity></Point><Point><position>8256</position><in_Quantity.quantity>0.000000</in_Quantity.quantity><out_Quantity.quantity>903.074537</out_Quantity.quantity></Point><Point><position>8257</position><in_Quantity.quantity>0.000000</in_Quantity.quantity><out_Quantity.quantity>904.367448</out_Quantity.quantity></Point><Point><position>8258</position><in_Quantity.quantity>0.000000</in_Quantity.quantity><out_Quantity.quantity>219.590318</out_Quantity.quantity></Point><Point><position>8259</position><in_Quantity.quantity>0.000000</in_Quantity.quantity><out_Quantity.quantity>545.281774</out_Quantity.quantity></Point><Point><position>8260</position><in_Quantity.quantity>0.000000</in_Quantity.quantity><out_Quantity.quantity>428.139115</out_Quantity.quantity></Point><Point><position>8261</position><in_Quantity.quantity>0.000000</in_Quantity.quantity><out_Quantity.quantity>713.011614</out_Quantity.quantity></Point><Point><position>8262</position><in_Quantity.quantity>0.000000</in_Quantity.quantity><out_Quantity.quantity>898.871450</out_Quantity.quantity></Point><Point><position>8263</position><in_Quantity.quantity>0.000000</in_Quantity.quantity><out_Quantity.quantity>756.660819</out_Quantity.quantity></Point><Point><position>8264</position><in_Quantity.quantity>0.000000</in_Quantity.quantity><out_Quantity.quantity>319.499709</out_Quantity.quantity></Point><Point><position>8265</position><in_Quantity.quantity>0.000000</in_Quantity.quantity><out_Quantity.quantity>222.984979</out_Quantity.quantity></Point><Point><position>8266</position><in_Quantity.quantity>0.000000</in_Quantity.quantity><out_Quantity.quantity>542.846557</out_Quantity.quantity></Point><Point><position>8267</position><in_Quantity.quantity>0.000000</in_Quantity.quantity><out_Quantity.quantity>685.161195</out_Quantity.quantity></Point><Point><position>8268</position><in_Quantity.quantity>0.000000</in_Quantity.quantity><out_Quantity.quantity>508.462200</out_Quantity.quantity></Point><Point><position>8269</position><in_Quantity.quantity>0.000000</in_Quantity.quantity><out_Quantity.quantity>178.472236</out_Quantity.quantity></Point><Point><position>8270</position><in_Quantity.quantity>0.000000</in_Quantity.quantity><out_Quantity.quantity>278.624040</out_Quantity.quantity></Point><Point><position>8271</position><in_Quantity.quantity>0.000000</in_Quantity.quantity><out_Quantity.quantity>831.445097</out_Quantity.quantity></Point><Point><position>8272</position><in_Quantity.quantity>0.000000</in_Quantity.quantity><out_Quantity.quantity>136.499047</out_Quantity.quantity></Point><Point><position>8273</position><in_Quantity.quantity>0.000000</in_Quantity.quantity><out_Quantity.quantity>703.741117</out_Quantity.quantity></Point><Point><position>8274</position><in_Quantity.quantity>0.000000</in_Quantity.quantity><out_Quantity.quantity>441.040579</out_Quantity.quantity></Point><Point><position>8275</position><in_Quantity.quantity>0.000000</in_Quantity.quantity><out_Quantity.quantity>584.243853</out_Quantity.quantity></Point><Point><position>8276</position><in_Quantity.quantity>0.000000</in_Quantity.quantity><out_Quantity.quantity>995.646817</out_Quantity.quantity></Point><Point><position>8277</position><in_Quantity.quantity>0.000000</in_Quantity.quantity><out_Quantity.quantity>510.278574</out_Quantity.quantity></Point><Point><position>8278</position><in_Quantity.quantity>0.000000</in_Quantity.quantity><out_Quantity.quantity>176.972358</out_Quantity.quantity></Point><Point><position>8279</position><in_Quantity.quantity>0.000000</in_Quantity.quantity><out_Quantity.quantity>689.343172</out_Quantity.quantity></Point><Point><position>8280</position><in_Quantity.quantity>0.000000</in_Quantity.quantity><out_Quantity.quantity>351.491408</out_Quantity.quantity></Point><Point><position>8281</position><in_Quantity.quantity>0.000000</in_Quantity.quantity><out_Quantity.quantity>116.661323</out_Quantity.quantity></Point><Point><position>8282</position><in_Quantity.quantity>0.000000</in_Quantity.quantity><out_Quantity.quantity>839.965238</out_Quantity.quantity></Point><Point><position>8283</position><in_Quantity.quantity>0.000000</in_Quantity.quantity><out_Quantity.quantity>149.178934</out_Quantity.quantity></Point><Point><position>8284</position><in_Quantity.quantity>0.000000</in_Quantity.quantity><out_Quantity.quantity>998.917431</out_Quantity.quantity></Point><Point><position>8285</position><in_Quantity.quantity>0.000000</in_Quantity.quantity><out_Quantity.quantity>512.154696</out_Quantity.quantity></Point><Point><position>8286</position><in_Quantity.quantity>0.000000</in_Quantity.quantity><out_Quantity.quantity>557.555024</out_Quantity.quantity></Point><Point><position>8287</position><in_Quantity.quantity>0.000000</in_Quantity.quantity><out_Quantity.quantity>554.768286</out_Quantity.quantity></Point><Point><position>8288</position><in_Quantity.quantity>0.000000</in_Quantity.quantity><out_Quantity.quantity>135.930129</out_Quantity.quantity></Point><Point><position>8289</position><in_Quantity.quantity>0.000000</in_Quantity.quantity><out_Quantity.quantity>525.328064</out_Quantity.quantity></Point><Point><position>8290</position><in_Quantity.quantity>0.000000</in_Quantity.quantity><out_Quantity.quantity>670.067423</out_Quantity.quantity></Point><Point><position>8291</position><in_Quantity.quantity>0.000000</in_Quantity.quantity><out_Quantity.quantity>662.615801</out_Quantity.quantity></Point><Point><position>8292</position><in_Quantity.quantity>0.000000</in_Quantity.quantity><out_Quantity.quantity>470.391654</out_Quantity.quantity></Point><Point><position>8293</position><in_Quantity.quantity>0.000000</in_Quantity.quantity><out_Quantity.quantity>178.118115</out_Quantity.quantity></Point><Point><position>8294</position><in_Quantity.quantity>0.000000</in_Quantity.quantity><out_Quantity.quantity>884.915803</out_Quantity.quantity></Point><Point><position>8295</position><in_Quantity.quantity>0.000000</in_Quantity.quantity><out_Quantity.quantity>140.136579</out_Quantity.quantity></Point><Point><position>8296</position><in_Quantity.quantity>0.000000</in_Quantity.quantity><out_Quantity.quantity>361.888813</out_Quantity.quantity></Point><Point><position>8297</position><in_Quantity.quantity>0.000000</in_Quantity.quantity><out_Quantity.quantity>240.400250</out_Quantity.quantity></Point><Point><position>8298</position><in_Quantity.quantity>0.000000</in_Quantity.quantity><out_Quantity.quantity>671.614014</out_Quantity.quantity></Point><Point><position>8299</position><in_Quantity.quantity>0.000000</in_Quantity.quantity><out_Quantity.quantity>437.961174</out_Quantity.quantity></Point><Point><position>8300</position><in_Quantity.quantity>0.000000</in_Quantity.quantity><out_Quantity.quantity>100.531595</out_Quantity.quantity></Point><Point><position>8301</position><in_Quantity.quantity>0.000000</in_Quantity.quantity><out_Quantity.quantity>165.086544</out_Quantity.quantity></Point><Point><position>8302</position><in_Quantity.quantity>0.000000</in_Quantity.quantity><out_Quantity.quantity>428.516797</out_Quantity.quantity></Point><Point><position>8303</position><in_Quantity.quantity>0.000000</in_Quantity.quantity><out_Quantity.quantity>348.055099</out_Quantity.quantity></Point><Point><position>8304</position><in_Quantity.quantity>0.000000</in_Quantity.quantity><out_Quantity.quantity>744.427953</out_Quantity.quantity></Point><Point><position>8305</position><in_Quantity.quantity>0.000000</in_Quantity.quantity><out_Quantity.quantity>847.056178</out_Quantity.quantity></Point><Point><position>8306</position><in_Quantity.quantity>0.000000</in_Quantity.quantity><out_Quantity.quantity>913.516201</out_Quantity.quantity></Point><Point><position>8307</position><in_Quantity.quantity>0.000000</in_Quantity.quantity><out_Quantity.quantity>948.100735</out_Quantity.quantity></Point><Point><position>8308</position><in_Quantity.quantity>0.000000</in_Quantity.quantity><out_Quantity.quantity>531.027026</out_Quantity.quantity></Point><Point><position>8309</position><in_Quantity.quantity>0.000000</in_Quantity.quantity><out_Quantity.quantity>701.573473</out_Quantity.quantity></Point><Point><position>8310</position><in_Quantity.quantity>0.000000</in_Quantity.quantity><out_Quantity.quantity>867.304847</out_Quantity.quantity></Point><Point><position>8311</position><in_Quantity.quantity>0.000000</in_Quantity.quantity><out_Quantity.quantity>332.240627</out_Quantity.quantity></Point><Point><position>8312</position><in_Quantity.quantity>0.000000</in_Quantity.quantity><out_Quantity.quantity>258.933038</out_Quantity.quantity></Point><Point><position>8313</position><in_Quantity.quantity>0.000000</in_Quantity.quantity><out_Quantity.quantity>256.425076</out_Quantity.quantity></Point><Point><position>8314</position><in_Quantity.quantity>0.000000</in_Quantity.quantity><out_Quantity.quantity>849.628925</out_Quantity.quantity></Point><Point><position>8315</position><in_Quantity.quantity>0.000000</in_Quantity.quantity><out_Quantity.quantity>755.258848</out_Quantity.quantity></Point><Point><position>8316</position><in_Quantity.quantity>0.000000</in_Quantity.quantity><out_Quantity.quantity>240.134958</out_Quantity.quantity></Point><Point><position>8317</position><in_Quantity.quantity>0.000000</in_Quantity.quantity><out_Quantity.quantity>578.961254</out_Quantity.quantity></Point><Point><position>8318</position><in_Quantity.quantity>0.000000</in_Quantity.quantity><out_Quantity.quantity>504.027145</out_Quantity.quantity></Point><Point><position>8319</position><in_Quantity.quantity>0.000000</in_Quantity.quantity><out_Quantity.quantity>160.229478</out_Quantity.quantity></Point><Point><position>8320</position><in_Quantity.quantity>0.000000</in_Quantity.quantity><out_Quantity.quantity>865.308815</out_Quantity.quantity></Point><Point><position>8321</position><in_Quantity.quantity>0.000000</in_Quantity.quantity><out_Quantity.quantity>589.904205</out_Quantity.quantity></Point><Point><position>8322</position><in_Quantity.quantity>0.000000</in_Quantity.quantity><out_Quantity.quantity>390.058499</out_Quantity.quantity></Point><Point><position>8323</position><in_Quantity.quantity>0.000000</in_Quantity.quantity><out_Quantity.quantity>646.013825</out_Quantity.quantity></Point><Point><position>8324</position><in_Quantity.quantity>0.000000</in_Quantity.quantity><out_Quantity.quantity>905.049366</out_Quantity.quantity></Point><Point><position>8325</position><in_Quantity.quantity>0.000000</in_Quantity.quantity><out_Quantity.quantity>463.531259</out_Quantity.quantity></Point><Point><position>8326</position><in_Quantity.quantity>0.000000</in_Quantity.quantity><out_Quantity.quantity>263.539886</out_Quantity.quantity></Point><Point><position>8327</position><in_Quantity.quantity>0.000000</in_Quantity.quantity><out_Quantity.quantity>507.955644</out_Quantity.quantity></Point><Point><position>8328</position><in_Quantity.quantity>0.000000</in_Quantity.quantity><out_Quantity.quantity>610.029657</out_Quantity.quantity></Point><Point><position>8329</position><in_Quantity.quantity>0.000000</in_Quantity.quantity><out_Quantity.quantity>334.475625</out_Quantity.quantity></Point><Point><position>8330</position><in_Quantity.quantity>0.000000</in_Quantity.quantity><out_Quantity.quantity>640.086946</out_Quantity.quantity></Point><Point><position>8331</position><in_Quantity.quantity>0.000000</in_Quantity.quantity><out_Quantity.quantity>958.380962</out_Quantity.quantity></Point><Point><position>8332</position><in_Quantity.quantity>0.000000</in_Quantity.quantity><out_Quantity.quantity>518.071326</out_Quantity.quantity></Point><Point><position>8333</position><in_Quantity.quantity>0.000000</in_Quantity.quantity><out_Quantity.quantity>205.946136</out_Quantity.quantity></Point><Point><position>8334</position><in_Quantity.quantity>0.000000</in_Quantity.quantity><out_Quantity.quantity>571.268478</out_Quantity.quantity></Point><Point><position>8335</position><in_Quantity.quantity>0.000000</in_Quantity.quantity><out_Quantity.quantity>856.325723</out_Quantity.quantity></Point><Point><position>8336</position><in_Quantity.quantity>0.000000</in_Quantity.quantity><out_Quantity.quantity>456.958828</out_Quantity.quantity></Point><Point><position>8337</position><in_Quantity.quantity>0.000000</in_Quantity.quantity><out_Quantity.quantity>920.774665</out_Quantity.quantity></Point><Point><position>8338</position><in_Quantity.quantity>0.000000</in_Quantity.quantity><out_Quantity.quantity>903.276905</out_Quantity.quantity></Point><Point><position>8339</position><in_Quantity.quantity>0.000000</in_Quantity.quantity><out_Quantity.quantity>511.010425</out_Quantity.quantity></Point><Point><position>8340</position><in_Quantity.quantity>0.000000</in_Quantity.quantity><out_Quantity.quantity>85.695446</out_Quantity.quantity></Point><Point><position>8341</position><in_Quantity.quantity>0.000000</in_Quantity.quantity><out_Quantity.quantity>822.699654</out_Quantity.quantity></Point><Point><position>8342</position><in_Quantity.quantity>0.000000</in_Quantity.quantity><out_Quantity.quantity>889.396919</out_Quantity.quantity></Point><Point><position>8343</position><in_Quantity.quantity>0.000000</in_Quantity.quantity><out_Quantity.quantity>481.483930</out_Quantity.quantity></Point><Point><position>8344</position><in_Quantity.quantity>0.000000</in_Quantity.quantity><out_Quantity.quantity>977.493798</out_Quantity.quantity></Point><Point><position>8345</position><in_Quantity.quantity>0.000000</in_Quantity.quantity><out_Quantity.quantity>564.110503</out_Quantity.quantity></Point><Point><position>8346</position><in_Quantity.quantity>0.000000</in_Quantity.quantity><out_Quantity.quantity>769.136324</out_Quantity.quantity></Point><Point><position>8347</position><in_Quantity.quantity>0.000000</in_Quantity.quantity><out_Quantity.quantity>142.396384</out_Quantity.quantity></Point><Point><position>8348</position><in_Quantity.quantity>0.000000</in_Quantity.quantity><out_Quantity.quantity>141.569852</out_Quantity.quantity></Point><Point><position>8349</position><in_Quantity.quantity>0.000000</in_Quantity.quantity><out_Quantity.quantity>897.732441</out_Quantity.quantity></Point><Point><position>8350</position><in_Quantity.quantity>0.000000</in_Quantity.quantity><out_Quantity.quantity>706.134882</out_Quantity.quantity></Point><Point><position>8351</position><in_Quantity.quantity>0.000000</in_Quantity.quantity><out_Quantity.quantity>964.537000</out_Quantity.quantity></Point><Point><position>8352</position><in_Quantity.quantity>0.000000</in_Quantity.quantity><out_Quantity.quantity>143.947502</out_Quantity.quantity></Point><Point><position>8353</position><in_Quantity.quantity>0.000000</in_Quantity.quantity><out_Quantity.quantity>296.493105</out_Quantity.quantity></Point><Point><position>8354</position><in_Quantity.quantity>0.000000</in_Quantity.quantity><out_Quantity.quantity>33.274601</out_Quantity.quantity></Point><Point><position>8355</position><in_Quantity.quantity>0.000000</in_Quantity.quantity><out_Quantity.quantity>814.846832</out_Quantity.quantity></Point><Point><position>8356</position><in_Quantity.quantity>0.000000</in_Quantity.quantity><out_Quantity.quantity>218.812091</out_Quantity.quantity></Point><Point><position>8357</position><in_Quantity.quantity>0.000000</in_Quantity.quantity><out_Quantity.quantity>14.019071</out_Quantity.quantity></Point><Point><position>8358</position><in_Quantity.quantity>0.000000</in_Quantity.quantity><out_Quantity.quantity>110.309863</out_Quantity.quantity></Point><Point><position>8359</position><in_Quantity.quantity>0.000000</in_Quantity.quantity><out_Quantity.quantity>567.997696</out_Quantity.quantity></Point><Point><position>8360</position><in_Quantity.quantity>0.000000</in_Quantity.quantity><out_Quantity.quantity>349.457086</out_Quantity.quantity></Point><Point><position>8361</position><in_Quantity.quantity>0.000000</in_Quantity.quantity><out_Quantity.quantity>841.275137</out_Quantity.quantity></Point><Point><position>8362</position><in_Quantity.quantity>0.000000</in_Quantity.quantity><out_Quantity.quantity>264.534723</out_Quantity.quantity></Point><Point><position>8363</position><in_Quantity.quantity>0.000000</in_Quantity.quantity><out_Quantity.quantity>493.587272</out_Quantity.quantity></Point><Point><position>8364</position><in_Quantity.quantity>0.000000</in_Quantity.quantity><out_Quantity.quantity>478.253176</out_Quantity.quantity></Point><Point><position>8365</position><in_Quantity.quantity>0.000000</in_Quantity.quantity><out_Quantity.quantity>276.860804</out_Quantity.quantity></Point><Point><position>8366</position><in_Quantity.quantity>0.000000</in_Quantity.quantity><out_Quantity.quantity>368.160505</out_Quantity.quantity></Point><Point><position>8367</position><in_Quantity.quantity>0.000000</in_Quantity.quantity><out_Quantity.quantity>131.845217</out_Quantity.quantity></Point><Point><position>8368</position><in_Quantity.quantity>0.000000</in_Quantity.quantity><out_Quantity.quantity>581.851829</out_Quantity.quantity></Point><Point><position>8369</position><in_Quantity.quantity>0.000000</in_Quantity.quantity><out_Quantity.quantity>691.597726</out_Quantity.quantity></Point><Point><position>8370</position><in_Quantity.quantity>0.000000</in_Quantity.quantity><out_Quantity.quantity>333.587951</out_Quantity.quantity></Point><Point><position>8371</position><in_Quantity.quantity>0.000000</in_Quantity.quantity><out_Quantity.quantity>683.557885</out_Quantity.quantity></Point><Point><position>8372</position><in_Quantity.quantity>0.000000</in_Quantity.quantity><out_Quantity.quantity>985.539064</out_Quantity.quantity></Point><Point><position>8373</position><in_Quantity.quantity>0.000000</in_Quantity.quantity><out_Quantity.quantity>505.937201</out_Quantity.quantity></Point><Point><position>8374</position><in_Quantity.quantity>0.000000</in_Quantity.quantity><out_Quantity.quantity>391.281151</out_Quantity.quantity></Point><Point><position>8375</position><in_Quantity.quantity>0.000000</in_Quantity.quantity><out_Quantity.quantity>801.842898</out_Quantity.quantity></Point><Point><position>8376</position><in_Quantity.quantity>0.000000</in_Quantity.quantity><out_Quantity.quantity>728.984676</out_Quantity.quantity></Point><Point><position>8377</position><in_Quantity.quantity>0.000000</in_Quantity.quantity><out_Quantity.quantity>897.048533</out_Quantity.quantity></Point><Point><position>8378</position><in_Quantity.quantity>0.000000</in_Quantity.quantity><out_Quantity.quantity>642.005006</out_Quantity.quantity></Point><Point><position>8379</position><in_Quantity.quantity>0.000000</in_Quantity.quantity><out_Quantity.quantity>262.043887</out_Quantity.quantity></Point><Point><position>8380</position><in_Quantity.quantity>0.000000</in_Quantity.quantity><out_Quantity.quantity>111.151809</out_Quantity.quantity></Point><Point><position>8381</position><in_Quantity.quantity>0.000000</in_Quantity.quantity><out_Quantity.quantity>557.037722</out_Quantity.quantity></Point><Point><position>8382</position><in_Quantity.quantity>0.000000</in_Quantity.quantity><out_Quantity.quantity>610.401349</out_Quantity.quantity></Point><Point><position>8383</position><in_Quantity.quantity>0.000000</in_Quantity.quantity><out_Quantity.quantity>332.934614</out_Quantity.quantity></Point><Point><position>8384</position><in_Quantity.quantity>0.000000</in_Quantity.quantity><out_Quantity.quantity>560.393880</out_Quantity.quantity></Point><Point><position>8385</position><in_Quantity.quantity>0.000000</in_Quantity.quantity><out_Quantity.quantity>594.243566</out_Quantity.quantity></Point><Point><position>8386</position><in_Quantity.quantity>0.000000</in_Quantity.quantity><out_Quantity.quantity>718.349050</out_Quantity.quantity></Point><Point><position>8387</position><in_Quantity.quantity>0.000000</in_Quantity.quantity><out_Quantity.quantity>976.591319</out_Quantity.quantity></Point><Point><position>8388</position><in_Quantity.quantity>0.000000</in_Quantity.quantity><out_Quantity.quantity>76.291079</out_Quantity.quantity></Point><Point><position>8389</position><in_Quantity.quantity>0.000000</in_Quantity.quantity><out_Quantity.quantity>672.679566</out_Quantity.quantity></Point><Point><position>8390</position><in_Quantity.quantity>0.000000</in_Quantity.quantity><out_Quantity.quantity>711.927778</out_Quantity.quantity></Point><Point><position>8391</position><in_Quantity.quantity>0.000000</in_Quantity.quantity><out_Quantity.quantity>825.841214</out_Quantity.quantity></Point><Point><position>8392</position><in_Quantity.quantity>0.000000</in_Quantity.quantity><out_Quantity.quantity>375.941410</out_Quantity.quantity></Point><Point><position>8393</position><in_Quantity.quantity>0.000000</in_Quantity.quantity><out_Quantity.quantity>452.426831</out_Quantity.quantity></Point><Point><position>8394</position><in_Quantity.quantity>0.000000</in_Quantity.quantity><out_Quantity.quantity>454.295110</out_Quantity.quantity></Point><Point><position>8395</position><in_Quantity.quantity>0.000000</in_Quantity.quantity><out_Quantity.quantity>698.639840</out_Quantity.quantity></Point><Point><position>8396</position><in_Quantity.quantity>0.000000</in_Quantity.quantity><out_Quantity.quantity>659.508209</out_Quantity.quantity></Point><Point><position>8397</position><in_Quantity.quantity>0.000000</in_Quantity.quantity><out_Quantity.quantity>753.114878</out_Quantity.quantity></Point><Point><position>8398</position><in_Quantity.quantity>0.000000</in_Quantity.quantity><out_Quantity.quantity>722.000272</out_Quantity.quantity></Point><Point><position>8399</position><in_Quantity.quantity>0.000000</in_Quantity.quantity><out_Quantity.quantity>157.409272</out_Quantity.quantity></Point><Point><position>8400</position><in_Quantity.quantity>0.000000</in_Quantity.quantity><out_Quantity.quantity>673.222488</out_Quantity.quantity></Point><Point><position>8401</position><in_Quantity.quantity>0.000000</in_Quantity.quantity><out_Quantity.quantity>249.148703</out_Quantity.quantity></Point><Point><position>8402</position><in_Quantity.quantity>0.000000</in_Quantity.quantity><out_Quantity.quantity>861.161196</out_Quantity.quantity></Point><Point><position>8403</position><in_Quantity.quantity>0.000000</in_Quantity.quantity><out_Quantity.quantity>551.475482</out_Quantity.quantity></Point><Point><position>8404</position><in_Quantity.quantity>0.000000</in_Quantity.quantity><out_Quantity.quantity>720.023351</out_Quantity.quantity></Point><Point><position>8405</position><in_Quantity.quantity>0.000000</in_Quantity.quantity><out_Quantity.quantity>225.083474</out_Quantity.quantity></Point><Point><position>8406</position><in_Quantity.quantity>0.000000</in_Quantity.quantity><out_Quantity.quantity>740.064782</out_Quantity.quantity></Point><Point><position>8407</position><in_Quantity.quantity>0.000000</in_Quantity.quantity><out_Quantity.quantity>58.731542</out_Quantity.quantity></Point><Point><position>8408</position><in_Quantity.quantity>0.000000</in_Quantity.quantity><out_Quantity.quantity>217.804610</out_Quantity.quantity></Point><Point><position>8409</position><in_Quantity.quantity>0.000000</in_Quantity.quantity><out_Quantity.quantity>962.886242</out_Quantity.quantity></Point><Point><position>8410</position><in_Quantity.quantity>0.000000</in_Quantity.quantity><out_Quantity.quantity>869.593029</out_Quantity.quantity></Point><Point><position>8411</position><in_Quantity.quantity>0.000000</in_Quantity.quantity><out_Quantity.quantity>622.507797</out_Quantity.quantity></Point><Point><position>8412</position><in_Quantity.quantity>0.000000</in_Quantity.quantity><out_Quantity.quantity>538.010938</out_Quantity.quantity></Point><Point><position>8413</position><in_Quantity.quantity>0.000000</in_Quantity.quantity><out_Quantity.quantity>210.191896</out_Quantity.quantity></Point><Point><position>8414</position><in_Quantity.quantity>0.000000</in_Quantity.quantity><out_Quantity.quantity>425.918273</out_Quantity.quantity></Point><Point><position>8415</position><in_Quantity.quantity>0.000000</in_Quantity.quantity><out_Quantity.quantity>232.070263</out_Quantity.quantity></Point><Point><position>8416</position><in_Quantity.quantity>0.000000</in_Quantity.quantity><out_Quantity.quantity>712.344489</out_Quantity.quantity></Point><Point><position>8417</position><in_Quantity.quantity>0.000000</in_Quantity.quantity><out_Quantity.quantity>884.145276</out_Quantity.quantity></Point><Point><position>8418</position><in_Quantity.quantity>0.000000</in_Quantity.quantity><out_Quantity.quantity>115.330587</out_Quantity.quantity></Point><Point><position>8419</position><in_Quantity.quantity>0.000000</in_Quantity.quantity><out_Quantity.quantity>524.087171</out_Quantity.quantity></Point><Point><position>8420</position><in_Quantity.quantity>0.000000</in_Quantity.quantity><out_Quantity.quantity>476.617756</out_Quantity.quantity></Point><Point><position>8421</position><in_Quantity.quantity>0.000000</in_Quantity.quantity><out_Quantity.quantity>401.063156</out_Quantity.quantity></Point><Point><position>8422</position><in_Quantity.quantity>0.000000</in_Quantity.quantity><out_Quantity.quantity>639.795096</out_Quantity.quantity></Point><Point><position>8423</position><in_Quantity.quantity>0.000000</in_Quantity.quantity><out_Quantity.quantity>297.349580</out_Quantity.quantity></Point><Point><position>8424</position><in_Quantity.quantity>0.000000</in_Quantity.quantity><out_Quantity.quantity>925.754208</out_Quantity.quantity></Point><Point><position>8425</position><in_Quantity.quantity>0.000000</in_Quantity.quantity><out_Quantity.quantity>379.787369</out_Quantity.quantity></Point><Point><position>8426</position><in_Quantity.quantity>0.000000</in_Quantity.quantity><out_Quantity.quantity>840.972458</out_Quantity.quantity></Point><Point><position>8427</position><in_Quantity.quantity>0.000000</in_Quantity.quantity><out_Quantity.quantity>309.999793</out_Quantity.quantity></Point><Point><position>8428</position><in_Quantity.quantity>0.000000</in_Quantity.quantity><out_Quantity.quantity>623.483346</out_Quantity.quantity></Point><Point><position>8429</position><in_Quantity.quantity>0.000000</in_Quantity.quantity><out_Quantity.quantity>385.394704</out_Quantity.quantity></Point><Point><position>8430</position><in_Quantity.quantity>0.000000</in_Quantity.quantity><out_Quantity.quantity>372.531327</out_Quantity.quantity></Point><Point><position>8431</position><in_Quantity.quantity>0.000000</in_Quantity.quantity><out_Quantity.quantity>712.229591</out_Quantity.quantity></Point><Point><position>8432</position><in_Quantity.quantity>0.000000</in_Quantity.quantity><out_Quantity.quantity>316.317685</out_Quantity.quantity></Point><Point><position>8433</position><in_Quantity.quantity>0.000000</in_Quantity.quantity><out_Quantity.quantity>38.809850</out_Quantity.quantity></Point><Point><position>8434</position><in_Quantity.quantity>0.000000</in_Quantity.quantity><out_Quantity.quantity>266.554248</out_Quantity.quantity></Point><Point><position>8435</position><in_Quantity.quantity>0.000000</in_Quantity.quantity><out_Quantity.quantity>814.243597</out_Quantity.quantity></Point><Point><position>8436</position><in_Quantity.quantity>0.000000</in_Quantity.quantity><out_Quantity.quantity>893.106756</out_Quantity.quantity></Point><Point><position>8437</position><in_Quantity.quantity>0.000000</in_Quantity.quantity><out_Quantity.quantity>547.019069</out_Quantity.quantity></Point><Point><position>8438</position><in_Quantity.quantity>0.000000</in_Quantity.quantity><out_Quantity.quantity>795.474678</out_Quantity.quantity></Point><Point><position>8439</position><in_Quantity.quantity>0.000000</in_Quantity.quantity><out_Quantity.quantity>668.980958</out_Quantity.quantity></Point><Point><position>8440</position><in_Quantity.quantity>0.000000</in_Quantity.quantity><out_Quantity.quantity>786.275429</out_Quantity.quantity></Point><Point><position>8441</position><in_Quantity.quantity>0.000000</in_Quantity.quantity><out_Quantity.quantity>85.995438</out_Quantity.quantity></Point><Point><position>8442</position><in_Quantity.quantity>0.000000</in_Quantity.quantity><out_Quantity.quantity>959.727728</out_Quantity.quantity></Point><Point><position>8443</position><in_Quantity.quantity>0.000000</in_Quantity.quantity><out_Quantity.quantity>551.194884</out_Quantity.quantity></Point><Point><position>8444</position><in_Quantity.quantity>0.000000</in_Quantity.quantity><out_Quantity.quantity>238.685311</out_Quantity.quantity></Point><Point><position>8445</position><in_Quantity.quantity>0.000000</in_Quantity.quantity><out_Quantity.quantity>446.175776</out_Quantity.quantity></Point><Point><position>8446</position><in_Quantity.quantity>0.000000</in_Quantity.quantity><out_Quantity.quantity>397.388646</out_Quantity.quantity></Point><Point><position>8447</position><in_Quantity.quantity>0.000000</in_Quantity.quantity><out_Quantity.quantity>351.561189</out_Quantity.quantity></Point><Point><position>8448</position><in_Quantity.quantity>0.000000</in_Quantity.quantity><out_Quantity.quantity>167.145810</out_Quantity.quantity></Point><Point><position>8449</position><in_Quantity.quantity>0.000000</in_Quantity.quantity><out_Quantity.quantity>692.909545</out_Quantity.quantity></Point><Point><position>8450</position><in_Quantity.quantity>0.000000</in_Quantity.quantity><out_Quantity.quantity>409.399472</out_Quantity.quantity></Point><Point><position>8451</position><in_Quantity.quantity>0.000000</in_Quantity.quantity><out_Quantity.quantity>481.558087</out_Quantity.quantity></Point><Point><position>8452</position><in_Quantity.quantity>0.000000</in_Quantity.quantity><out_Quantity.quantity>72.252880</out_Quantity.quantity></Point><Point><position>8453</position><in_Quantity.quantity>0.000000</in_Quantity.quantity><out_Quantity.quantity>516.968080</out_Quantity.quantity></Point><Point><position>8454</position><in_Quantity.quantity>0.000000</in_Quantity.quantity><out_Quantity.quantity>243.548389</out_Quantity.quantity></Point><Point><position>8455</position><in_Quantity.quantity>0.000000</in_Quantity.quantity><out_Quantity.quantity>357.582354</out_Quantity.quantity></Point><Point><position>8456</position><in_Quantity.quantity>0.000000</in_Quantity.quantity><out_Quantity.quantity>668.635198</out_Quantity.quantity></Point><Point><position>8457</position><in_Quantity.quantity>0.000000</in_Quantity.quantity><out_Quantity.quantity>727.703096</out_Quantity.quantity></Point><Point><position>8458</position><in_Quantity.quantity>0.000000</in_Quantity.quantity><out_Quantity.quantity>366.037391</out_Quantity.quantity></Point><Point><position>8459</position><in_Quantity.quantity>0.000000</in_Quantity.quantity><out_Quantity.quantity>285.625836</out_Quantity.quantity></Point><Point><position>8460</position><in_Quantity.quantity>0.000000</in_Quantity.quantity><out_Quantity.quantity>692.868089</out_Quantity.quantity></Point><Point><position>8461</position><in_Quantity.quantity>0.000000</in_Quantity.quantity><out_Quantity.quantity>42.814201</out_Quantity.quantity></Point><Point><position>8462</position><in_Quantity.quantity>0.000000</in_Quantity.quantity><out_Quantity.quantity>44.869301</out_Quantity.quantity></Point><Point><position>8463</position><in_Quantity.quantity>0.000000</in_Quantity.quantity><out_Quantity.quantity>289.967676</out_Quantity.quantity></Point><Point><position>8464</position><in_Quantity.quantity>0.000000</in_Quantity.quantity><out_Quantity.quantity>604.375497</out_Quantity.quantity></Point><Point><position>8465</position><in_Quantity.quantity>0.000000</in_Quantity.quantity><out_Quantity.quantity>707.740002</out_Quantity.quantity></Point><Point><position>8466</position><in_Quantity.quantity>0.000000</in_Quantity.quantity><out_Quantity.quantity>495.154379</out_Quantity.quantity></Point><Point><position>8467</position><in_Quantity.quantity>0.000000</in_Quantity.quantity><out_Quantity.quantity>212.847924</out_Quantity.quantity></Point><Point><position>8468</position><in_Quantity.quantity>0.000000</in_Quantity.quantity><out_Quantity.quantity>983.480339</out_Quantity.quantity></Point><Point><position>8469</position><in_Quantity.quantity>0.000000</in_Quantity.quantity><out_Quantity.quantity>585.095416</out_Quantity.quantity></Point><Point><position>8470</position><in_Quantity.quantity>0.000000</in_Quantity.quantity><out_Quantity.quantity>634.855794</out_Quantity.quantity></Point><Point><position>8471</position><in_Quantity.quantity>0.000000</in_Quantity.quantity><out_Quantity.quantity>888.945513</out_Quantity.quantity></Point><Point><position>8472</position><in_Quantity.quantity>0.000000</in_Quantity.quantity><out_Quantity.quantity>659.865171</out_Quantity.quantity></Point><Point><position>8473</position><in_Quantity.quantity>0.000000</in_Quantity.quantity><out_Quantity.quantity>687.994894</out_Quantity.quantity></Point><Point><position>8474</position><in_Quantity.quantity>0.000000</in_Quantity.quantity><out_Quantity.quantity>130.115140</out_Quantity.quantity></Point><Point><position>8475</position><in_Quantity.quantity>0.000000</in_Quantity.quantity><out_Quantity.quantity>590.275361</out_Quantity.quantity></Point><Point><position>8476</position><in_Quantity.quantity>0.000000</in_Quantity.quantity><out_Quantity.quantity>405.153195</out_Quantity.quantity></Point><Point><position>8477</position><in_Quantity.quantity>0.000000</in_Quantity.quantity><out_Quantity.quantity>557.332416</out_Quantity.quantity></Point><Point><position>8478</position><in_Quantity.quantity>0.000000</in_Quantity.quantity><out_Quantity.quantity>187.918400</out_Quantity.quantity></Point><Point><position>8479</position><in_Quantity.quantity>0.000000</in_Quantity.quantity><out_Quantity.quantity>338.102333</out_Quantity.quantity></Point><Point><position>8480</position><in_Quantity.quantity>0.000000</in_Quantity.quantity><out_Quantity.quantity>230.592483</out_Quantity.quantity></Point><Point><position>8481</position><in_Quantity.quantity>0.000000</in_Quantity.quantity><out_Quantity.quantity>646.646435</out_Quantity.quantity></Point><Point><position>8482</position><in_Quantity.quantity>0.000000</in_Quantity.quantity><out_Quantity.quantity>475.695084</out_Quantity.quantity></Point><Point><position>8483</position><in_Quantity.quantity>0.000000</in_Quantity.quantity><out_Quantity.quantity>554.430826</out_Quantity.quantity></Point><Point><position>8484</position><in_Quantity.quantity>0.000000</in_Quantity.quantity><out_Quantity.quantity>290.779139</out_Quantity.quantity></Point><Point><position>8485</position><in_Quantity.quantity>0.000000</in_Quantity.quantity><out_Quantity.quantity>820.804553</out_Quantity.quantity></Point><Point><position>8486</position><in_Quantity.quantity>0.000000</in_Quantity.quantity><out_Quantity.quantity>684.772832</out_Quantity.quantity></Point><Point><position>8487</position><in_Quantity.quantity>0.000000</in_Quantity.quantity><out_Quantity.quantity>676.160177</out_Quantity.quantity></Point><Point><position>8488</position><in_Quantity.quantity>0.000000</in_Quantity.quantity><out_Quantity.quantity>812.665950</out_Quantity.quantity></Point><Point><position>8489</position><in_Quantity.quantity>0.000000</in_Quantity.quantity><out_Quantity.quantity>549.936562</out_Quantity.quantity></Point><Point><position>8490</position><in_Quantity.quantity>0.000000</in_Quantity.quantity><out_Quantity.quantity>888.757852</out_Quantity.quantity></Point><Point><position>8491</position><in_Quantity.quantity>0.000000</in_Quantity.quantity><out_Quantity.quantity>398.461871</out_Quantity.quantity></Point><Point><position>8492</position><in_Quantity.quantity>0.000000</in_Quantity.quantity><out_Quantity.quantity>257.718005</out_Quantity.quantity></Point><Point><position>8493</position><in_Quantity.quantity>0.000000</in_Quantity.quantity><out_Quantity.quantity>944.455016</out_Quantity.quantity></Point><Point><position>8494</position><in_Quantity.quantity>0.000000</in_Quantity.quantity><out_Quantity.quantity>150.310550</out_Quantity.quantity></Point><Point><position>8495</position><in_Quantity.quantity>0.000000</in_Quantity.quantity><out_Quantity.quantity>646.685975</out_Quantity.quantity></Point><Point><position>8496</position><in_Quantity.quantity>0.000000</in_Quantity.quantity><out_Quantity.quantity>506.717722</out_Quantity.quantity></Point><Point><position>8497</position><in_Quantity.quantity>0.000000</in_Quantity.quantity><out_Quantity.quantity>909.957406</out_Quantity.quantity></Point><Point><position>8498</position><in_Quantity.quantity>0.000000</in_Quantity.quantity><out_Quantity.quantity>423.646420</out_Quantity.quantity></Point><Point><position>8499</position><in_Quantity.quantity>0.000000</in_Quantity.quantity><out_Quantity.quantity>882.853883</out_Quantity.quantity></Point><Point><position>8500</position><in_Quantity.quantity>0.000000</in_Quantity.quantity><out_Quantity.quantity>643.660023</out_Quantity.quantity></Point><Point><position>8501</position><in_Quantity.quantity>0.000000</in_Quantity.quantity><out_Quantity.quantity>547.725457</out_Quantity.quantity></Point><Point><position>8502</position><in_Quantity.quantity>0.000000</in_Quantity.quantity><out_Quantity.quantity>868.902630</out_Quantity.quantity></Point><Point><position>8503</position><in_Quantity.quantity>0.000000</in_Quantity.quantity><out_Quantity.quantity>963.781699</out_Quantity.quantity></Point><Point><position>8504</position><in_Quantity.quantity>0.000000</in_Quantity.quantity><out_Quantity.quantity>61.530268</out_Quantity.quantity></Point><Point><position>8505</position><in_Quantity.quantity>0.000000</in_Quantity.quantity><out_Quantity.quantity>932.189543</out_Quantity.quantity></Point><Point><position>8506</position><in_Quantity.quantity>0.000000</in_Quantity.quantity><out_Quantity.quantity>439.959784</out_Quantity.quantity></Point><Point><position>8507</position><in_Quantity.quantity>0.000000</in_Quantity.quantity><out_Quantity.quantity>491.781226</out_Quantity.quantity></Point><Point><position>8508</position><in_Quantity.quantity>0.000000</in_Quantity.quantity><out_Quantity.quantity>824.460945</out_Quantity.quantity></Point><Point><position>8509</position><in_Quantity.quantity>0.000000</in_Quantity.quantity><out_Quantity.quantity>865.347790</out_Quantity.quantity></Point><Point><position>8510</position><in_Quantity.quantity>0.000000</in_Quantity.quantity><out_Quantity.quantity>16.840390</out_Quantity.quantity></Point><Point><position>8511</position><in_Quantity.quantity>0.000000</in_Quantity.quantity><out_Quantity.quantity>966.175559</out_Quantity.quantity></Point><Point><position>8512</position><in_Quantity.quantity>0.000000</in_Quantity.quantity><out_Quantity.quantity>411.292716</out_Quantity.quantity></Point><Point><position>8513</position><in_Quantity.quantity>0.000000</in_Quantity.quantity><out_Quantity.quantity>255.399097</out_Quantity.quantity></Point><Point><position>8514</position><in_Quantity.quantity>0.000000</in_Quantity.quantity><out_Quantity.quantity>572.015992</out_Quantity.quantity></Point><Point><position>8515</position><in_Quantity.quantity>0.000000</in_Quantity.quantity><out_Quantity.quantity>745.237648</out_Quantity.quantity></Point><Point><position>8516</position><in_Quantity.quantity>0.000000</in_Quantity.quantity><out_Quantity.quantity>127.691710</out_Quantity.quantity></Point><Point><position>8517</position><in_Quantity.quantity>0.000000</in_Quantity.quantity><out_Quantity.quantity>864.810416</out_Quantity.quantity></Point><Point><position>8518</position><in_Quantity.quantity>0.000000</in_Quantity.quantity><out_Quantity.quantity>385.593307</out_Quantity.quantity></Point><Point><position>8519</position><in_Quantity.quantity>0.000000</in_Quantity.quantity><out_Quantity.quantity>600.260115</out_Quantity.quantity></Point><Point><position>8520</position><in_Quantity.quantity>0.000000</in_Quantity.quantity><out_Quantity.quantity>868.487259</out_Quantity.quantity></Point><Point><position>8521</position><in_Quantity.quantity>0.000000</in_Quantity.quantity><out_Quantity.quantity>876.626262</out_Quantity.quantity></Point><Point><position>8522</position><in_Quantity.quantity>0.000000</in_Quantity.quantity><out_Quantity.quantity>438.555259</out_Quantity.quantity></Point><Point><position>8523</position><in_Quantity.quantity>0.000000</in_Quantity.quantity><out_Quantity.quantity>554.464472</out_Quantity.quantity></Point><Point><position>8524</position><in_Quantity.quantity>0.000000</in_Quantity.quantity><out_Quantity.quantity>7.344160</out_Quantity.quantity></Point><Point><position>8525</position><in_Quantity.quantity>0.000000</in_Quantity.quantity><out_Quantity.quantity>310.628470</out_Quantity.quantity></Point><Point><position>8526</position><in_Quantity.quantity>0.000000</in_Quantity.quantity><out_Quantity.quantity>29.956734</out_Quantity.quantity></Point><Point><position>8527</position><in_Quantity.quantity>0.000000</in_Quantity.quantity><out_Quantity.quantity>945.236249</out_Quantity.quantity></Point><Point><position>8528</position><in_Quantity.quantity>0.000000</in_Quantity.quantity><out_Quantity.quantity>549.119143</out_Quantity.quantity></Point><Point><position>8529</position><in_Quantity.quantity>0.000000</in_Quantity.quantity><out_Quantity.quantity>467.067976</out_Quantity.quantity></Point><Point><position>8530</position><in_Quantity.quantity>0.000000</in_Quantity.quantity><out_Quantity.quantity>582.707085</out_Quantity.quantity></Point><Point><position>8531</position><in_Quantity.quantity>0.000000</in_Quantity.quantity><out_Quantity.quantity>129.816214</out_Quantity.quantity></Point><Point><position>8532</position><in_Quantity.quantity>0.000000</in_Quantity.quantity><out_Quantity.quantity>765.292599</out_Quantity.quantity></Point><Point><position>8533</position><in_Quantity.quantity>0.000000</in_Quantity.quantity><out_Quantity.quantity>5.069132</out_Quantity.quantity></Point><Point><position>8534</position><in_Quantity.quantity>0.000000</in_Quantity.quantity><out_Quantity.quantity>727.071289</out_Quantity.quantity></Point><Point><position>8535</position><in_Quantity.quantity>0.000000</in_Quantity.quantity><out_Quantity.quantity>272.876411</out_Quantity.quantity></Point><Point><position>8536</position><in_Quantity.quantity>0.000000</in_Quantity.quantity><out_Quantity.quantity>460.587644</out_Quantity.quantity></Point><Point><position>8537</position><in_Quantity.quantity>0.000000</in_Quantity.quantity><out_Quantity.quantity>680.797693</out_Quantity.quantity></Point><Point><position>8538</position><in_Quantity.quantity>0.000000</in_Quantity.quantity><out_Quantity.quantity>293.493170</out_Quantity.quantity></Point><Point><position>8539</position><in_Quantity.quantity>0.000000</in_Quantity.quantity><out_Quantity.quantity>229.207317</out_Quantity.quantity></Point><Point><position>8540</position><in_Quantity.quantity>0.000000</in_Quantity.quantity><out_Quantity.quantity>235.812221</out_Quantity.quantity></Point><Point><position>8541</position><in_Quantity.quantity>0.000000</in_Quantity.quantity><out_Quantity.quantity>356.346676</out_Quantity.quantity></Point><Point><position>8542</position><in_Quantity.quantity>0.000000</in_Quantity.quantity><out_Quantity.quantity>482.830260</out_Quantity.quantity></Point><Point><position>8543</position><in_Quantity.quantity>0.000000</in_Quantity.quantity><out_Quantity.quantity>421.288346</out_Quantity.quantity></Point><Point><position>8544</position><in_Quantity.quantity>0.000000</in_Quantity.quantity><out_Quantity.quantity>445.814157</out_Quantity.quantity></Point><Point><position>8545</position><in_Quantity.quantity>0.000000</in_Quantity.quantity><out_Quantity.quantity>588.558508</out_Quantity.quantity></Point><Point><position>8546</position><in_Quantity.quantity>0.000000</in_Quantity.quantity><out_Quantity.quantity>996.830136</out_Quantity.quantity></Point><Point><position>8547</position><in_Quantity.quantity>0.000000</in_Quantity.quantity><out_Quantity.quantity>908.424435</out_Quantity.quantity></Point><Point><position>8548</position><in_Quantity.quantity>0.000000</in_Quantity.quantity><out_Quantity.quantity>172.798831</out_Quantity.quantity></Point><Point><position>8549</position><in_Quantity.quantity>0.000000</in_Quantity.quantity><out_Quantity.quantity>820.035011</out_Quantity.quantity></Point><Point><position>8550</position><in_Quantity.quantity>0.000000</in_Quantity.quantity><out_Quantity.quantity>654.265837</out_Quantity.quantity></Point><Point><position>8551</position><in_Quantity.quantity>0.000000</in_Quantity.quantity><out_Quantity.quantity>737.986434</out_Quantity.quantity></Point><Point><position>8552</position><in_Quantity.quantity>0.000000</in_Quantity.quantity><out_Quantity.quantity>258.752555</out_Quantity.quantity></Point><Point><position>8553</position><in_Quantity.quantity>0.000000</in_Quantity.quantity><out_Quantity.quantity>116.452898</out_Quantity.quantity></Point><Point><position>8554</position><in_Quantity.quantity>0.000000</in_Quantity.quantity><out_Quantity.quantity>936.027978</out_Quantity.quantity></Point><Point><position>8555</position><in_Quantity.quantity>0.000000</in_Quantity.quantity><out_Quantity.quantity>375.647361</out_Quantity.quantity></Point><Point><position>8556</position><in_Quantity.quantity>0.000000</in_Quantity.quantity><out_Quantity.quantity>313.818479</out_Quantity.quantity></Point><Point><position>8557</position><in_Quantity.quantity>0.000000</in_Quantity.quantity><out_Quantity.quantity>923.720746</out_Quantity.quantity></Point><Point><position>8558</position><in_Quantity.quantity>0.000000</in_Quantity.quantity><out_Quantity.quantity>624.368387</out_Quantity.quantity></Point><Point><position>8559</position><in_Quantity.quantity>0.000000</in_Quantity.quantity><out_Quantity.quantity>822.247600</out_Quantity.quantity></Point><Point><position>8560</position><in_Quantity.quantity>0.000000</in_Quantity.quantity><out_Quantity.quantity>257.454787</out_Quantity.quantity></Point><Point><position>8561</position><in_Quantity.quantity>0.000000</in_Quantity.quantity><out_Quantity.quantity>172.953492</out_Quantity.quantity></Point><Point><position>8562</position><in_Quantity.quantity>0.000000</in_Quantity.quantity><out_Quantity.quantity>883.080792</out_Quantity.quantity></Point><Point><position>8563</position><in_Quantity.quantity>0.000000</in_Quantity.quantity><out_Quantity.quantity>354.011723</out_Quantity.quantity></Point><Point><position>8564</position><in_Quantity.quantity>0.000000</in_Quantity.quantity><out_Quantity.quantity>691.756684</out_Quantity.quantity></Point><Point><position>8565</position><in_Quantity.quantity>0.000000</in_Quantity.quantity><out_Quantity.quantity>559.315319</out_Quantity.quantity></Point><Point><position>8566</position><in_Quantity.quantity>0.000000</in_Quantity.quantity><out_Quantity.quantity>849.417128</out_Quantity.quantity></Point><Point><position>8567</position><in_Quantity.quantity>0.000000</in_Quantity.quantity><out_Quantity.quantity>385.383615</out_Quantity.quantity></Point><Point><position>8568</position><in_Quantity.quantity>0.000000</in_Quantity.quantity><out_Quantity.quantity>437.871894</out_Quantity.quantity></Point><Point><position>8569</position><in_Quantity.quantity>0.000000</in_Quantity.quantity><out_Quantity.quantity>401.932372</out_Quantity.quantity></Point><Point><position>8570</position><in_Quantity.quantity>0.000000</in_Quantity.quantity><out_Quantity.quantity>555.138364</out_Quantity.quantity></Point><Point><position>8571</position><in_Quantity.quantity>0.000000</in_Quantity.quantity><out_Quantity.quantity>626.760476</out_Quantity.quantity></Point><Point><position>8572</position><in_Quantity.quantity>0.000000</in_Quantity.quantity><out_Quantity.quantity>769.546111</out_Quantity.quantity></Point><Point><position>8573</position><in_Quantity.quantity>0.000000</in_Quantity.quantity><out_Quantity.quantity>513.468589</out_Quantity.quantity></Point><Point><position>8574</position><in_Quantity.quantity>0.000000</in_Quantity.quantity><out_Quantity.quantity>217.115715</out_Quantity.quantity></Point><Point><position>8575</position><in_Quantity.quantity>0.000000</in_Quantity.quantity><out_Quantity.quantity>853.335899</out_Quantity.quantity></Point><Point><position>8576</position><in_Quantity.quantity>0.000000</in_Quantity.quantity><out_Quantity.quantity>643.277921</out_Quantity.quantity></Point><Point><position>8577</position><in_Quantity.quantity>0.000000</in_Quantity.quantity><out_Quantity.quantity>16.628544</out_Quantity.quantity></Point><Point><position>8578</position><in_Quantity.quantity>0.000000</in_Quantity.quantity><out_Quantity.quantity>933.768814</out_Quantity.quantity></Point><Point><position>8579</position><in_Quantity.quantity>0.000000</in_Quantity.quantity><out_Quantity.quantity>282.532858</out_Quantity.quantity></Point><Point><position>8580</position><in_Quantity.quantity>0.000000</in_Quantity.quantity><out_Quantity.quantity>38.912509</out_Quantity.quantity></Point><Point><position>8581</position><in_Quantity.quantity>0.000000</in_Quantity.quantity><out_Quantity.quantity>85.543796</out_Quantity.quantity></Point><Point><position>8582</position><in_Quantity.quantity>0.000000</in_Quantity.quantity><out_Quantity.quantity>483.019943</out_Quantity.quantity></Point><Point><position>8583</position><in_Quantity.quantity>0.000000</in_Quantity.quantity><out_Quantity.quantity>801.126574</out_Quantity.quantity></Point><Point><position>8584</position><in_Quantity.quantity>0.000000</in_Quantity.quantity><out_Quantity.quantity>401.991979</out_Quantity.quantity></Point><Point><position>8585</position><in_Quantity.quantity>0.000000</in_Quantity.quantity><out_Quantity.quantity>603.489015</out_Quantity.quantity></Point><Point><position>8586</position><in_Quantity.quantity>0.000000</in_Quantity.quantity><out_Quantity.quantity>274.078473</out_Quantity.quantity></Point><Point><position>8587</position><in_Quantity.quantity>0.000000</in_Quantity.quantity><out_Quantity.quantity>47.486373</out_Quantity.quantity></Point><Point><position>8588</position><in_Quantity.quantity>0.000000</in_Quantity.quantity><out_Quantity.quantity>300.852600</out_Quantity.quantity></Point><Point><position>8589</position><in_Quantity.quantity>0.000000</in_Quantity.quantity><out_Quantity.quantity>655.759905</out_Quantity.quantity></Point><Point><position>8590</position><in_Quantity.quantity>0.000000</in_Quantity.quantity><out_Quantity.quantity>654.190620</out_Quantity.quantity></Point><Point><position>8591</position><in_Quantity.quantity>0.000000</in_Quantity.quantity><out_Quantity.quantity>222.850132</out_Quantity.quantity></Point><Point><position>8592</position><in_Quantity.quantity>0.000000</in_Quantity.quantity><out_Quantity.quantity>940.716058</out_Quantity.quantity></Point><Point><position>8593</position><in_Quantity.quantity>0.000000</in_Quantity.quantity><out_Quantity.quantity>289.449461</out_Quantity.quantity></Point><Point><position>8594</position><in_Quantity.quantity>0.000000</in_Quantity.quantity><out_Quantity.quantity>438.695214</out_Quantity.quantity></Point><Point><position>8595</position><in_Quantity.quantity>0.000000</in_Quantity.quantity><out_Quantity.quantity>766.364478</out_Quantity.quantity></Point><Point><position>8596</position><in_Quantity.quantity>0.000000</in_Quantity.quantity><out_Quantity.quantity>662.289518</out_Quantity.quantity></Point><Point><position>8597</position><in_Quantity.quantity>0.000000</in_Quantity.quantity><out_Quantity.quantity>870.595452</out_Quantity.quantity></Point><Point><position>8598</position><in_Quantity.quantity>0.000000</in_Quantity.quantity><out_Quantity.quantity>131.489692</out_Quantity.quantity></Point><Point><position>8599</position><in_Quantity.quantity>0.000000</in_Quantity.quantity><out_Quantity.quantity>11.700583</out_Quantity.quantity></Point><Point><position>8600</position><in_Quantity.quantity>0.000000</in_Quantity.quantity><out_Quantity.quantity>27.780985</out_Quantity.quantity></Point><Point><position>8601</position><in_Quantity.quantity>0.000000</in_Quantity.quantity><out_Quantity.quantity>16.897030</out_Quantity.quantity></Point><Point><position>8602</position><in_Quantity.quantity>0.000000</in_Quantity.quantity><out_Quantity.quantity>209.617799</out_Quantity.quantity></Point><Point><position>8603</position><in_Quantity.quantity>0.000000</in_Quantity.quantity><out_Quantity.quantity>161.604283</out_Quantity.quantity></Point><Point><position>8604</position><in_Quantity.quantity>0.000000</in_Quantity.quantity><out_Quantity.quantity>998.434559</out_Quantity.quantity></Point><Point><position>8605</position><in_Quantity.quantity>0.000000</in_Quantity.quantity><out_Quantity.quantity>440.620897</out_Quantity.quantity></Point><Point><position>8606</position><in_Quantity.quantity>0.000000</in_Quantity.quantity><out_Quantity.quantity>293.518204</out_Quantity.quantity></Point><Point><position>8607</position><in_Quantity.quantity>0.000000</in_Quantity.quantity><out_Quantity.quantity>833.333634</out_Quantity.quantity></Point><Point><position>8608</position><in_Quantity.quantity>0.000000</in_Quantity.quantity><out_Quantity.quantity>984.039164</out_Quantity.quantity></Point><Point><position>8609</position><in_Quantity.quantity>0.000000</in_Quantity.quantity><out_Quantity.quantity>760.979967</out_Quantity.quantity></Point><Point><position>8610</position><in_Quantity.quantity>0.000000</in_Quantity.quantity><out_Quantity.quantity>913.389668</out_Quantity.quantity></Point><Point><position>8611</position><in_Quantity.quantity>0.000000</in_Quantity.quantity><out_Quantity.quantity>826.448515</out_Quantity.quantity></Point><Point><position>8612</position><in_Quantity.quantity>0.000000</in_Quantity.quantity><out_Quantity.quantity>889.225735</out_Quantity.quantity></Point><Point><position>8613</position><in_Quantity.quantity>0.000000</in_Quantity.quantity><out_Quantity.quantity>463.895941</out_Quantity.quantity></Point><Point><position>8614</position><in_Quantity.quantity>0.000000</in_Quantity.quantity><out_Quantity.quantity>686.734777</out_Quantity.quantity></Point><Point><position>8615</position><in_Quantity.quantity>0.000000</in_Quantity.quantity><out_Quantity.quantity>77.647606</out_Quantity.quantity></Point><Point><position>8616</position><in_Quantity.quantity>0.000000</in_Quantity.quantity><out_Quantity.quantity>910.192771</out_Quantity.quantity></Point><Point><position>8617</position><in_Quantity.quantity>0.000000</in_Quantity.quantity><out_Quantity.quantity>980.728454</out_Quantity.quantity></Point><Point><position>8618</position><in_Quantity.quantity>0.000000</in_Quantity.quantity><out_Quantity.quantity>650.239955</out_Quantity.quantity></Point><Point><position>8619</position><in_Quantity.quantity>0.000000</in_Quantity.quantity><out_Quantity.quantity>383.394524</out_Quantity.quantity></Point><Point><position>8620</position><in_Quantity.quantity>0.000000</in_Quantity.quantity><out_Quantity.quantity>75.253510</out_Quantity.quantity></Point><Point><position>8621</position><in_Quantity.quantity>0.000000</in_Quantity.quantity><out_Quantity.quantity>133.419629</out_Quantity.quantity></Point><Point><position>8622</position><in_Quantity.quantity>0.000000</in_Quantity.quantity><out_Quantity.quantity>219.676494</out_Quantity.quantity></Point><Point><position>8623</position><in_Quantity.quantity>0.000000</in_Quantity.quantity><out_Quantity.quantity>783.001602</out_Quantity.quantity></Point><Point><position>8624</position><in_Quantity.quantity>0.000000</in_Quantity.quantity><out_Quantity.quantity>947.117163</out_Quantity.quantity></Point><Point><position>8625</position><in_Quantity.quantity>0.000000</in_Quantity.quantity><out_Quantity.quantity>870.384271</out_Quantity.quantity></Point><Point><position>8626</position><in_Quantity.quantity>0.000000</in_Quantity.quantity><out_Quantity.quantity>289.591929</out_Quantity.quantity></Point><Point><position>8627</position><in_Quantity.quantity>0.000000</in_Quantity.quantity><out_Quantity.quantity>634.635011</out_Quantity.quantity></Point><Point><position>8628</position><in_Quantity.quantity>0.000000</in_Quantity.quantity><out_Quantity.quantity>915.313604</out_Quantity.quantity></Point><Point><position>8629</position><in_Quantity.quantity>0.000000</in_Quantity.quantity><out_Quantity.quantity>511.965686</out_Quantity.quantity></Point><Point><position>8630</position><in_Quantity.quantity>0.000000</in_Quantity.quantity><out_Quantity.quantity>602.674627</out_Quantity.quantity></Point><Point><position>8631</position><in_Quantity.quantity>0.000000</in_Quantity.quantity><out_Quantity.quantity>27.268447</out_Quantity.quantity></Point><Point><position>8632</position><in_Quantity.quantity>0.000000</in_Quantity.quantity><out_Quantity.quantity>148.448046</out_Quantity.quantity></Point><Point><position>8633</position><in_Quantity.quantity>0.000000</in_Quantity.quantity><out_Quantity.quantity>43.447950</out_Quantity.quantity></Point><Point><position>8634</position><in_Quantity.quantity>0.000000</in_Quantity.quantity><out_Quantity.quantity>840.203917</out_Quantity.quantity></Point><Point><position>8635</position><in_Quantity.quantity>0.000000</in_Quantity.quantity><out_Quantity.quantity>485.013721</out_Quantity.quantity></Point><Point><position>8636</position><in_Quantity.quantity>0.000000</in_Quantity.quantity><out_Quantity.quantity>527.653238</out_Quantity.quantity></Point><Point><position>8637</position><in_Quantity.quantity>0.000000</in_Quantity.quantity><out_Quantity.quantity>375.116629</out_Quantity.quantity></Point><Point><position>8638</position><in_Quantity.quantity>0.000000</in_Quantity.quantity><out_Quantity.quantity>364.926108</out_Quantity.quantity></Point><Point><position>8639</position><in_Quantity.quantity>0.000000</in_Quantity.quantity><out_Quantity.quantity>131.540014</out_Quantity.quantity></Point><Point><position>8640</position><in_Quantity.quantity>0.000000</in_Quantity.quantity><out_Quantity.quantity>155.819505</out_Quantity.quantity></Point><Point><position>8641</position><in_Quantity.quantity>0.000000</in_Quantity.quantity><out_Quantity.quantity>362.022613</out_Quantity.quantity></Point><Point><position>8642</position><in_Quantity.quantity>0.000000</in_Quantity.quantity><out_Quantity.quantity>408.872761</out_Quantity.quantity></Point><Point><position>8643</position><in_Quantity.quantity>0.000000</in_Quantity.quantity><out_Quantity.quantity>171.054332</out_Quantity.quantity></Point><Point><position>8644</position><in_Quantity.quantity>0.000000</in_Quantity.quantity><out_Quantity.quantity>265.900920</out_Quantity.quantity></Point><Point><position>8645</position><in_Quantity.quantity>0.000000</in_Quantity.quantity><out_Quantity.quantity>832.299266</out_Quantity.quantity></Point><Point><position>8646</position><in_Quantity.quantity>0.000000</in_Quantity.quantity><out_Quantity.quantity>797.300963</out_Quantity.quantity></Point><Point><position>8647</position><in_Quantity.quantity>0.000000</in_Quantity.quantity><out_Quantity.quantity>121.351808</out_Quantity.quantity></Point><Point><position>8648</position><in_Quantity.quantity>0.000000</in_Quantity.quantity><out_Quantity.quantity>998.525232</out_Quantity.quantity></Point><Point><position>8649</position><in_Quantity.quantity>0.000000</in_Quantity.quantity><out_Quantity.quantity>17.219932</out_Quantity.quantity></Point><Point><position>8650</position><in_Quantity.quantity>0.000000</in_Quantity.quantity><out_Quantity.quantity>8.142440</out_Quantity.quantity></Point><Point><position>8651</position><in_Quantity.quantity>0.000000</in_Quantity.quantity><out_Quantity.quantity>709.682101</out_Quantity.quantity></Point><Point><position>8652</position><in_Quantity.quantity>0.000000</in_Quantity.quantity><out_Quantity.quantity>824.938964</out_Quantity.quantity></Point><Point><position>8653</position><in_Quantity.quantity>0.000000</in_Quantity.quantity><out_Quantity.quantity>662.630098</out_Quantity.quantity></Point><Point><position>8654</position><in_Quantity.quantity>0.000000</in_Quantity.quantity><out_Quantity.quantity>747.777531</out_Quantity.quantity></Point><Point><position>8655</position><in_Quantity.quantity>0.000000</in_Quantity.quantity><out_Quantity.quantity>338.978805</out_Quantity.quantity></Point><Point><position>8656</position><in_Quantity.quantity>0.000000</in_Quantity.quantity><out_Quantity.quantity>248.214591</out_Quantity.quantity></Point><Point><position>8657</position><in_Quantity.quantity>0.000000</in_Quantity.quantity><out_Quantity.quantity>511.863911</out_Quantity.quantity></Point><Point><position>8658</position><in_Quantity.quantity>0.000000</in_Quantity.quantity><out_Quantity.quantity>773.618831</out_Quantity.quantity></Point><Point><position>8659</position><in_Quantity.quantity>0.000000</in_Quantity.quantity><out_Quantity.quantity>58.951384</out_Quantity.quantity></Point><Point><position>8660</position><in_Quantity.quantity>0.000000</in_Quantity.quantity><out_Quantity.quantity>825.684451</out_Quantity.quantity></Point><Point><position>8661</position><in_Quantity.quantity>0.000000</in_Quantity.quantity><out_Quantity.quantity>452.524363</out_Quantity.quantity></Point><Point><position>8662</position><in_Quantity.quantity>0.000000</in_Quantity.quantity><out_Quantity.quantity>521.359904</out_Quantity.quantity></Point><Point><position>8663</position><in_Quantity.quantity>0.000000</in_Quantity.quantity><out_Quantity.quantity>348.508624</out_Quantity.quantity></Point><Point><position>8664</position><in_Quantity.quantity>0.000000</in_Quantity.quantity><out_Quantity.quantity>25.733433</out_Quantity.quantity></Point><Point><position>8665</position><in_Quantity.quantity>0.000000</in_Quantity.quantity><out_Quantity.quantity>328.137868</out_Quantity.quantity></Point><Point><position>8666</position><in_Quantity.quantity>0.000000</in_Quantity.quantity><out_Quantity.quantity>169.172880</out_Quantity.quantity></Point><Point><position>8667</position><in_Quantity.quantity>0.000000</in_Quantity.quantity><out_Quantity.quantity>887.148081</out_Quantity.quantity></Point><Point><position>8668</position><in_Quantity.quantity>0.000000</in_Quantity.quantity><out_Quantity.quantity>867.846196</out_Quantity.quantity></Point><Point><position>8669</position><in_Quantity.quantity>0.000000</in_Quantity.quantity><out_Quantity.quantity>655.434693</out_Quantity.quantity></Point><Point><position>8670</position><in_Quantity.quantity>0.000000</in_Quantity.quantity><out_Quantity.quantity>31.576903</out_Quantity.quantity></Point><Point><position>8671</position><in_Quantity.quantity>0.000000</in_Quantity.quantity><out_Quantity.quantity>473.999982</out_Quantity.quantity></Point><Point><position>8672</position><in_Quantity.quantity>0.000000</in_Quantity.quantity><out_Quantity.quantity>969.206836</out_Quantity.quantity></Point><Point><position>8673</position><in_Quantity.quantity>0.000000</in_Quantity.quantity><out_Quantity.quantity>219.182220</out_Quantity.quantity></Point><Point><position>8674</position><in_Quantity.quantity>0.000000</in_Quantity.quantity><out_Quantity.quantity>845.114843</out_Quantity.quantity></Point><Point><position>8675</position><in_Quantity.quantity>0.000000</in_Quantity.quantity><out_Quantity.quantity>359.309353</out_Quantity.quantity></Point><Point><position>8676</position><in_Quantity.quantity>0.000000</in_Quantity.quantity><out_Quantity.quantity>812.676292</out_Quantity.quantity></Point><Point><position>8677</position><in_Quantity.quantity>0.000000</in_Quantity.quantity><out_Quantity.quantity>779.323034</out_Quantity.quantity></Point><Point><position>8678</position><in_Quantity.quantity>0.000000</in_Quantity.quantity><out_Quantity.quantity>428.672526</out_Quantity.quantity></Point><Point><position>8679</position><in_Quantity.quantity>0.000000</in_Quantity.quantity><out_Quantity.quantity>720.317146</out_Quantity.quantity></Point><Point><position>8680</position><in_Quantity.quantity>0.000000</in_Quantity.quantity><out_Quantity.quantity>376.576822</out_Quantity.quantity></Point><Point><position>8681</position><in_Quantity.quantity>0.000000</in_Quantity.quantity><out_Quantity.quantity>857.460235</out_Quantity.quantity></Point><Point><position>8682</position><in_Quantity.quantity>0.000000</in_Quantity.quantity><out_Quantity.quantity>647.089528</out_Quantity.quantity></Point><Point><position>8683</position><in_Quantity.quantity>0.000000</in_Quantity.quantity><out_Quantity.quantity>535.039065</out_Quantity.quantity></Point><Point><position>8684</position><in_Quantity.quantity>0.000000</in_Quantity.quantity><out_Quantity.quantity>367.574675</out_Quantity.quantity></Point><Point><position>8685</position><in_Quantity.quantity>0.000000</in_Quantity.quantity><out_Quantity.quantity>20.882692</out_Quantity.quantity></Point><Point><position>8686</position><in_Quantity.quantity>0.000000</in_Quantity.quantity><out_Quantity.quantity>653.115588</out_Quantity.quantity></Point><Point><position>8687</position><in_Quantity.quantity>0.000000</in_Quantity.quantity><out_Quantity.quantity>625.654857</out_Quantity.quantity></Point><Point><position>8688</position><in_Quantity.quantity>0.000000</in_Quantity.quantity><out_Quantity.quantity>186.787594</out_Quantity.quantity></Point><Point><position>8689</position><in_Quantity.quantity>0.000000</in_Quantity.quantity><out_Quantity.quantity>502.793334</out_Quantity.quantity></Point><Point><position>8690</position><in_Quantity.quantity>0.000000</in_Quantity.quantity><out_Quantity.quantity>671.657444</out_Quantity.quantity></Point><Point><position>8691</position><in_Quantity.quantity>0.000000</in_Quantity.quantity><out_Quantity.quantity>58.160866</out_Quantity.quantity></Point><Point><position>8692</position><in_Quantity.quantity>0.000000</in_Quantity.quantity><out_Quantity.quantity>784.666250</out_Quantity.quantity></Point><Point><position>8693</position><in_Quantity.quantity>0.000000</in_Quantity.quantity><out_Quantity.quantity>84.307117</out_Quantity.quantity></Point><Point><position>8694</position><in_Quantity.quantity>0.000000</in_Quantity.quantity><out_Quantity.quantity>449.659798</out_Quantity.quantity></Point><Point><position>8695</position><in_Quantity.quantity>0.000000</in_Quantity.quantity><out_Quantity.quantity>785.594154</out_Quantity.quantity></Point><Point><position>8696</position><in_Quantity.quantity>0.000000</in_Quantity.quantity><out_Quantity.quantity>211.011159</out_Quantity.quantity></Point><Point><position>8697</position><in_Quantity.quantity>0.000000</in_Quantity.quantity><out_Quantity.quantity>79.068236</out_Quantity.quantity></Point><Point><position>8698</position><in_Quantity.quantity>0.000000</in_Quantity.quantity><out_Quantity.quantity>163.904907</out_Quantity.quantity></Point><Point><position>8699</position><in_Quantity.quantity>0.000000</in_Quantity.quantity><out_Quantity.quantity>627.479092</out_Quantity.quantity></Point><Point><position>8700</position><in_Quantity.quantity>0.000000</in_Quantity.quantity><out_Quantity.quantity>169.826257</out_Quantity.quantity></Point><Point><position>8701</position><in_Quantity.quantity>0.000000</in_Quantity.quantity><out_Quantity.quantity>308.382786</out_Quantity.quantity></Point><Point><position>8702</position><in_Quantity.quantity>0.000000</in_Quantity.quantity><out_Quantity.quantity>139.019354</out_Quantity.quantity></Point><Point><position>8703</position><in_Quantity.quantity>0.000000</in_Quantity.quantity><out_Quantity.quantity>75.471096</out_Quantity.quantity></Point><Point><position>8704</position><in_Quantity.quantity>0.000000</in_Quantity.quantity><out_Quantity.quantity>795.668554</out_Quantity.quantity></Point><Point><position>8705</position><in_Quantity.quantity>0.000000</in_Quantity.quantity><out_Quantity.quantity>350.630683</out_Quantity.quantity></Point><Point><position>8706</position><in_Quantity.quantity>0.000000</in_Quantity.quantity><out_Quantity.quantity>833.110345</out_Quantity.quantity></Point><Point><position>8707</position><in_Quantity.quantity>0.000000</in_Quantity.quantity><out_Quantity.quantity>236.266936</out_Quantity.quantity></Point><Point><position>8708</position><in_Quantity.quantity>0.000000</in_Quantity.quantity><out_Quantity.quantity>891.719861</out_Quantity.quantity></Point><Point><position>8709</position><in_Quantity.quantity>0.000000</in_Quantity.quantity><out_Quantity.quantity>339.135928</out_Quantity.quantity></Point><Point><position>8710</position><in_Quantity.quantity>0.000000</in_Quantity.quantity><out_Quantity.quantity>219.143154</out_Quantity.quantity></Point><Point><position>8711</position><in_Quantity.quantity>0.000000</in_Quantity.quantity><out_Quantity.quantity>98.053924</out_Quantity.quantity></Point><Point><position>8712</position><in_Quantity.quantity>0.000000</in_Quantity.quantity><out_Quantity.quantity>501.447082</out_Quantity.quantity></Point><Point><position>8713</position><in_Quantity.quantity>0.000000</in_Quantity.quantity><out_Quantity.quantity>330.479887</out_Quantity.quantity></Point><Point><position>8714</position><in_Quantity.quantity>0.000000</in_Quantity.quantity><out_Quantity.quantity>79.796578</out_Quantity.quantity></Point><Point><position>8715</position><in_Quantity.quantity>0.000000</in_Quantity.quantity><out_Quantity.quantity>740.263399</out_Quantity.quantity></Point><Point><position>8716</position><in_Quantity.quantity>0.000000</in_Quantity.quantity><out_Quantity.quantity>129.302165</out_Quantity.quantity></Point><Point><position>8717</position><in_Quantity.quantity>0.000000</in_Quantity.quantity><out_Quantity.quantity>793.201232</out_Quantity.quantity></Point><Point><position>8718</position><in_Quantity.quantity>0.000000</in_Quantity.quantity><out_Quantity.quantity>743.751794</out_Quantity.quantity></Point><Point><position>8719</position><in_Quantity.quantity>0.000000</in_Quantity.quantity><out_Quantity.quantity>315.171086</out_Quantity.quantity></Point><Point><position>8720</position><in_Quantity.quantity>0.000000</in_Quantity.quantity><out_Quantity.quantity>936.689269</out_Quantity.quantity></Point><Point><position>8721</position><in_Quantity.quantity>0.000000</in_Quantity.quantity><out_Quantity.quantity>412.450841</out_Quantity.quantity></Point><Point><position>8722</position><in_Quantity.quantity>0.000000</in_Quantity.quantity><out_Quantity.quantity>820.102640</out_Quantity.quantity></Point><Point><position>8723</position><in_Quantity.quantity>0.000000</in_Quantity.quantity><out_Quantity.quantity>614.064225</out_Quantity.quantity></Point><Point><position>8724</position><in_Quantity.quantity>0.000000</in_Quantity.quantity><out_Quantity.quantity>393.986266</out_Quantity.quantity></Point><Point><position>8725</position><in_Quantity.quantity>0.000000</in_Quantity.quantity><out_Quantity.quantity>763.955444</out_Quantity.quantity></Point><Point><position>8726</position><in_Quantity.quantity>0.000000</in_Quantity.quantity><out_Quantity.quantity>244.188805</out_Quantity.quantity></Point><Point><position>8727</position><in_Quantity.quantity>0.000000</in_Quantity.quantity><out_Quantity.quantity>36.468940</out_Quantity.quantity></Point><Point><position>8728</position><in_Quantity.quantity>0.000000</in_Quantity.quantity><out_Quantity.quantity>805.023029</out_Quantity.quantity></Point><Point><position>8729</position><in_Quantity.quantity>0.000000</in_Quantity.quantity><out_Quantity.quantity>930.318862</out_Quantity.quantity></Point><Point><position>8730</position><in_Quantity.quantity>0.000000</in_Quantity.quantity><out_Quantity.quantity>266.403161</out_Quantity.quantity></Point><Point><position>8731</position><in_Quantity.quantity>0.000000</in_Quantity.quantity><out_Quantity.quantity>430.490990</out_Quantity.quantity></Point><Point><position>8732</position><in_Quantity.quantity>0.000000</in_Quantity.quantity><out_Quantity.quantity>57.268190</out_Quantity.quantity></Point><Point><position>8733</position><in_Quantity.quantity>0.000000</in_Quantity.quantity><out_Quantity.quantity>271.971223</out_Quantity.quantity></Point><Point><position>8734</position><in_Quantity.quantity>0.000000</in_Quantity.quantity><out_Quantity.quantity>20.433248</out_Quantity.quantity></Point><Point><position>8735</position><in_Quantity.quantity>0.000000</in_Quantity.quantity><out_Quantity.quantity>801.869315</out_Quantity.quantity></Point><Point><position>8736</position><in_Quantity.quantity>0.000000</in_Quantity.quantity><out_Quantity.quantity>427.385799</out_Quantity.quantity></Point><Point><position>8737</position><in_Quantity.quantity>0.000000</in_Quantity.quantity><out_Quantity.quantity>78.505640</out_Quantity.quantity></Point><Point><position>8738</position><in_Quantity.quantity>0.000000</in_Quantity.quantity><out_Quantity.quantity>818.443504</out_Quantity.quantity></Point><Point><position>8739</position><in_Quantity.quantity>0.000000</in_Quantity.quantity><out_Quantity.quantity>729.076888</out_Quantity.quantity></Point><Point><position>8740</position><in_Quantity.quantity>0.000000</in_Quantity.quantity><out_Quantity.quantity>822.534911</out_Quantity.quantity></Point><Point><position>8741</position><in_Quantity.quantity>0.000000</in_Quantity.quantity><out_Quantity.quantity>25.546017</out_Quantity.quantity></Point><Point><position>8742</position><in_Quantity.quantity>0.000000</in_Quantity.quantity><out_Quantity.quantity>617.336900</out_Quantity.quantity></Point><Point><position>8743</position><in_Quantity.quantity>0.000000</in_Quantity.quantity><out_Quantity.quantity>30.519423</out_Quantity.quantity></Point><Point><position>8744</position><in_Quantity.quantity>0.000000</in_Quantity.quantity><out_Quantity.quantity>240.155913</out_Quantity.quantity></Point><Point><position>8745</position><in_Quantity.quantity>0.000000</in_Quantity.quantity><out_Quantity.quantity>17.621785</out_Quantity.quantity></Point><Point><position>8746</position><in_Quantity.quantity>0.000000</in_Quantity.quantity><out_Quantity.quantity>645.789730</out_Quantity.quantity></Point><Point><position>8747</position><in_Quantity.quantity>0.000000</in_Quantity.quantity><out_Quantity.quantity>547.646615</out_Quantity.quantity></Point><Point><position>8748</position><in_Quantity.quantity>0.000000</in_Quantity.quantity><out_Quantity.quantity>465.602737</out_Quantity.quantity></Point><Point><position>8749</position><in_Quantity.quantity>0.000000</in_Quantity.quantity><out_Quantity.quantity>114.030290</out_Quantity.quantity></Point><Point><position>8750</position><in_Quantity.quantity>0.000000</in_Quantity.quantity><out_Quantity.quantity>380.286023</out_Quantity.quantity></Point><Point><position>8751</position><in_Quantity.quantity>0.000000</in_Quantity.quantity><out_Quantity.quantity>873.635118</out_Quantity.quantity></Point><Point><position>8752</position><in_Quantity.quantity>0.000000</in_Quantity.quantity><out_Quantity.quantity>578.476965</out_Quantity.quantity></Point><Point><position>8753</position><in_Quantity.quantity>0.000000</in_Quantity.quantity><out_Quantity.quantity>142.391925</out_Quantity.quantity></Point><Point><position>8754</position><in_Quantity.quantity>0.000000</in_Quantity.quantity><out_Quantity.quantity>569.391497</out_Quantity.quantity></Point><Point><position>8755</position><in_Quantity.quantity>0.000000</in_Quantity.quantity><out_Quantity.quantity>77.764784</out_Quantity.quantity></Point><Point><position>8756</position><in_Quantity.quantity>0.000000</in_Quantity.quantity><out_Quantity.quantity>661.013546</out_Quantity.quantity></Point><Point><position>8757</position><in_Quantity.quantity>0.000000</in_Quantity.quantity><out_Quantity.quantity>705.186938</out_Quantity.quantity></Point><Point><position>8758</position><in_Quantity.quantity>0.000000</in_Quantity.quantity><out_Quantity.quantity>856.571771</out_Quantity.quantity></Point><Point><position>8759</position><in_Quantity.quantity>0.000000</in_Quantity.quantity><out_Quantity.quantity>500.682107</out_Quantity.quantity></Point><Point><position>8760</position><in_Quantity.quantity>0.000000</in_Quantity.quantity><out_Quantity.quantity>850.883175</out_Quantity.quantity></Point><Point><position>8761</position><in_Quantity.quantity>0.000000</in_Quantity.quantity><out_Quantity.quantity>657.728833</out_Quantity.quantity></Point><Point><position>8762</position><in_Quantity.quantity>0.000000</in_Quantity.quantity><out_Quantity.quantity>642.848776</out_Quantity.quantity></Point><Point><position>8763</position><in_Quantity.quantity>0.000000</in_Quantity.quantity><out_Quantity.quantity>995.286232</out_Quantity.quantity></Point><Point><position>8764</position><in_Quantity.quantity>0.000000</in_Quantity.quantity><out_Quantity.quantity>967.491234</out_Quantity.quantity></Point><Point><position>8765</position><in_Quantity.quantity>0.000000</in_Quantity.quantity><out_Quantity.quantity>724.579048</out_Quantity.quantity></Point><Point><position>8766</position><in_Quantity.quantity>0.000000</in_Quantity.quantity><out_Quantity.quantity>969.062143</out_Quantity.quantity></Point><Point><position>8767</position><in_Quantity.quantity>0.000000</in_Quantity.quantity><out_Quantity.quantity>979.612447</out_Quantity.quantity></Point><Point><position>8768</position><in_Quantity.quantity>0.000000</in_Quantity.quantity><out_Quantity.quantity>673.406444</out_Quantity.quantity></Point><Point><position>8769</position><in_Quantity.quantity>0.000000</in_Quantity.quantity><out_Quantity.quantity>148.883503</out_Quantity.quantity></Point><Point><position>8770</position><in_Quantity.quantity>0.000000</in_Quantity.quantity><out_Quantity.quantity>45.973879</out_Quantity.quantity></Point><Point><position>8771</position><in_Quantity.quantity>0.000000</in_Quantity.quantity><out_Quantity.quantity>926.782513</out_Quantity.quantity></Point><Point><position>8772</position><in_Quantity.quantity>0.000000</in_Quantity.quantity><out_Quantity.quantity>550.567945</out_Quantity.quantity></Point><Point><position>8773</position><in_Quantity.quantity>0.000000</in_Quantity.quantity><out_Quantity.quantity>868.495505</out_Quantity.quantity></Point><Point><position>8774</position><in_Quantity.quantity>0.000000</in_Quantity.quantity><out_Quantity.quantity>70.989817</out_Quantity.quantity></Point><Point><position>8775</position><in_Quantity.quantity>0.000000</in_Quantity.quantity><out_Quantity.quantity>273.759996</out_Quantity.quantity></Point><Point><position>8776</position><in_Quantity.quantity>0.000000</in_Quantity.quantity><out_Quantity.quantity>305.651753</out_Quantity.quantity></Point><Point><position>8777</position><in_Quantity.quantity>0.000000</in_Quantity.quantity><out_Quantity.quantity>479.474669</out_Quantity.quantity></Point><Point><position>8778</position><in_Quantity.quantity>0.000000</in_Quantity.quantity><out_Quantity.quantity>349.829390</out_Quantity.quantity></Point><Point><position>8779</position><in_Quantity.quantity>0.000000</in_Quantity.quantity><out_Quantity.quantity>974.976398</out_Quantity.quantity></Point><Point><position>8780</position><in_Quantity.quantity>0.000000</in_Quantity.quantity><out_Quantity.quantity>196.546800</out_Quantity.quantity></Point><Point><position>8781</position><in_Quantity.quantity>0.000000</in_Quantity.quantity><out_Quantity.quantity>283.271135</out_Quantity.quantity></Point><Point><position>8782</position><in_Quantity.quantity>0.000000</in_Quantity.quantity><out_Quantity.quantity>848.019708</out_Quantity.quantity></Point><Point><position>8783</position><in_Quantity.quantity>0.000000</in_Quantity.quantity><out_Quantity.quantity>802.183256</out_Quantity.quantity></Point><Point><position>8784</position><in_Quantity.quantity>0.000000</in_Quantity.quantity><out_Quantity.quantity>287.992928</out_Quantity.quantity></Point><Point><position>8785</position><in_Quantity.quantity>0.000000</in_Quantity.quantity><out_Quantity.quantity>872.169071</out_Quantity.quantity></Point><Point><position>8786</position><in_Quantity.quantity>0.000000</in_Quantity.quantity><out_Quantity.quantity>971.113499</out_Quantity.quantity></Point><Point><position>8787</position><in_Quantity.quantity>0.000000</in_Quantity.quantity><out_Quantity.quantity>653.090375</out_Quantity.quantity></Point><Point><position>8788</position><in_Quantity.quantity>0.000000</in_Quantity.quantity><out_Quantity.quantity>902.825822</out_Quantity.quantity></Point><Point><position>8789</position><in_Quantity.quantity>0.000000</in_Quantity.quantity><out_Quantity.quantity>793.311200</out_Quantity.quantity></Point><Point><position>8790</position><in_Quantity.quantity>0.000000</in_Quantity.quantity><out_Quantity.quantity>988.669432</out_Quantity.quantity></Point><Point><position>8791</position><in_Quantity.quantity>0.000000</in_Quantity.quantity><out_Quantity.quantity>374.644113</out_Quantity.quantity></Point><Point><position>8792</position><in_Quantity.quantity>0.000000</in_Quantity.quantity><out_Quantity.quantity>810.911689</out_Quantity.quantity></Point><Point><position>8793</position><in_Quantity.quantity>0.000000</in_Quantity.quantity><out_Quantity.quantity>111.514854</out_Quantity.quantity></Point><Point><position>8794</position><in_Quantity.quantity>0.000000</in_Quantity.quantity><out_Quantity.quantity>939.599362</out_Quantity.quantity></Point><Point><position>8795</position><in_Quantity.quantity>0.000000</in_Quantity.quantity><out_Quantity.quantity>357.502409</out_Quantity.quantity></Point><Point><position>8796</position><in_Quantity.quantity>0.000000</in_Quantity.quantity><out_Quantity.quantity>422.109197</out_Quantity.quantity></Point><Point><position>8797</position><in_Quantity.quantity>0.000000</in_Quantity.quantity><out_Quantity.quantity>347.829512</out_Quantity.quantity></Point><Point><position>8798</position><in_Quantity.quantity>0.000000</in_Quantity.quantity><out_Quantity.quantity>934.412689</out_Quantity.quantity></Point><Point><position>8799</position><in_Quantity.quantity>0.000000</in_Quantity.quantity><out_Quantity.quantity>945.485019</out_Quantity.quantity></Point><Point><position>8800</position><in_Quantity.quantity>0.000000</in_Quantity.quantity><out_Quantity.quantity>443.421053</out_Quantity.quantity></Point><Point><position>8801</position><in_Quantity.quantity>0.000000</in_Quantity.quantity><out_Quantity.quantity>897.384415</out_Quantity.quantity></Point><Point><position>8802</position><in_Quantity.quantity>0.000000</in_Quantity.quantity><out_Quantity.quantity>20.685659</out_Quantity.quantity></Point><Point><position>8803</position><in_Quantity.quantity>0.000000</in_Quantity.quantity><out_Quantity.quantity>182.563011</out_Quantity.quantity></Point><Point><position>8804</position><in_Quantity.quantity>0.000000</in_Quantity.quantity><out_Quantity.quantity>308.061985</out_Quantity.quantity></Point><Point><position>8805</position><in_Quantity.quantity>0.000000</in_Quantity.quantity><out_Quantity.quantity>709.296857</out_Quantity.quantity></Point><Point><position>8806</position><in_Quantity.quantity>0.000000</in_Quantity.quantity><out_Quantity.quantity>136.144123</out_Quantity.quantity></Point><Point><position>8807</position><in_Quantity.quantity>0.000000</in_Quantity.quantity><out_Quantity.quantity>894.127966</out_Quantity.quantity></Point><Point><position>8808</position><in_Quantity.quantity>0.000000</in_Quantity.quantity><out_Quantity.quantity>959.926811</out_Quantity.quantity></Point><Point><position>8809</position><in_Quantity.quantity>0.000000</in_Quantity.quantity><out_Quantity.quantity>908.310497</out_Quantity.quantity></Point><Point><position>8810</position><in_Quantity.quantity>0.000000</in_Quantity.quantity><out_Quantity.quantity>440.604101</out_Quantity.quantity></Point><Point><position>8811</position><in_Quantity.quantity>0.000000</in_Quantity.quantity><out_Quantity.quantity>548.840320</out_Quantity.quantity></Point><Point><position>8812</position><in_Quantity.quantity>0.000000</in_Quantity.quantity><out_Quantity.quantity>25.391560</out_Quantity.quantity></Point><Point><position>8813</position><in_Quantity.quantity>0.000000</in_Quantity.quantity><out_Quantity.quantity>10.183302</out_Quantity.quantity></Point><Point><position>8814</position><in_Quantity.quantity>0.000000</in_Quantity.quantity><out_Quantity.quantity>457.196888</out_Quantity.quantity></Point><Point><position>8815</position><in_Quantity.quantity>0.000000</in_Quantity.quantity><out_Quantity.quantity>126.563407</out_Quantity.quantity></Point><Point><position>8816</position><in_Quantity.quantity>0.000000</in_Quantity.quantity><out_Quantity.quantity>621.760700</out_Quantity.quantity></Point><Point><position>8817</position><in_Quantity.quantity>0.000000</in_Quantity.quantity><out_Quantity.quantity>167.500219</out_Quantity.quantity></Point><Point><position>8818</position><in_Quantity.quantity>0.000000</in_Quantity.quantity><out_Quantity.quantity>852.173967</out_Quantity.quantity></Point><Point><position>8819</position><in_Quantity.quantity>0.000000</in_Quantity.quantity><out_Quantity.quantity>815.127654</out_Quantity.quantity></Point><Point><position>8820</position><in_Quantity.quantity>0.000000</in_Quantity.quantity><out_Quantity.quantity>181.299015</out_Quantity.quantity></Point><Point><position>8821</position><in_Quantity.quantity>0.000000</in_Quantity.quantity><out_Quantity.quantity>667.580290</out_Quantity.quantity></Point><Point><position>8822</position><in_Quantity.quantity>0.000000</in_Quantity.quantity><out_Quantity.quantity>304.247952</out_Quantity.quantity></Point><Point><position>8823</position><in_Quantity.quantity>0.000000</in_Quantity.quantity><out_Quantity.quantity>247.461355</out_Quantity.quantity></Point><Point><position>8824</position><in_Quantity.quantity>0.000000</in_Quantity.quantity><out_Quantity.quantity>837.853164</out_Quantity.quantity></Point><Point><position>8825</position><in_Quantity.quantity>0.000000</in_Quantity.quantity><out_Quantity.quantity>767.458940</out_Quantity.quantity></Point><Point><position>8826</position><in_Quantity.quantity>0.000000</in_Quantity.quantity><out_Quantity.quantity>665.837304</out_Quantity.quantity></Point><Point><position>8827</position><in_Quantity.quantity>0.000000</in_Quantity.quantity><out_Quantity.quantity>820.505544</out_Quantity.quantity></Point><Point><position>8828</position><in_Quantity.quantity>0.000000</in_Quantity.quantity><out_Quantity.quantity>558.920631</out_Quantity.quantity></Point><Point><position>8829</position><in_Quantity.quantity>0.000000</in_Quantity.quantity><out_Quantity.quantity>611.826107</out_Quantity.quantity></Point><Point><position>8830</position><in_Quantity.quantity>0.000000</in_Quantity.quantity><out_Quantity.quantity>895.582564</out_Quantity.quantity></Point><Point><position>8831</position><in_Quantity.quantity>0.000000</in_Quantity.quantity><out_Quantity.quantity>699.503618</out_Quantity.quantity></Point><Point><position>8832</position><in_Quantity.quantity>0.000000</in_Quantity.quantity><out_Quantity.quantity>871.874944</out_Quantity.quantity></Point><Point><position>8833</position><in_Quantity.quantity>0.000000</in_Quantity.quantity><out_Quantity.quantity>986.415437</out_Quantity.quantity></Point><Point><position>8834</position><in_Quantity.quantity>0.000000</in_Quantity.quantity><out_Quantity.quantity>865.854995</out_Quantity.quantity></Point><Point><position>8835</position><in_Quantity.quantity>0.000000</in_Quantity.quantity><out_Quantity.quantity>792.977711</out_Quantity.quantity></Point><Point><position>8836</position><in_Quantity.quantity>0.000000</in_Quantity.quantity><out_Quantity.quantity>87.830689</out_Quantity.quantity></Point><Point><position>8837</position><in_Quantity.quantity>0.000000</in_Quantity.quantity><out_Quantity.quantity>312.653366</out_Quantity.quantity></Point><Point><position>8838</position><in_Quantity.quantity>0.000000</in_Quantity.quantity><out_Quantity.quantity>197.169379</out_Quantity.quantity></Point><Point><position>8839</position><in_Quantity.quantity>0.000000</in_Quantity.quantity><out_Quantity.quantity>923.901044</out_Quantity.quantity></Point><Point><position>8840</position><in_Quantity.quantity>0.000000</in_Quantity.quantity><out_Quantity.quantity>407.403467</out_Quantity.quantity></Point><Point><position>8841</position><in_Quantity.quantity>0.000000</in_Quantity.quantity><out_Quantity.quantity>686.223337</out_Quantity.quantity></Point><Point><position>8842</position><in_Quantity.quantity>0.000000</in_Quantity.quantity><out_Quantity.quantity>325.165862</out_Quantity.quantity></Point><Point><position>8843</position><in_Quantity.quantity>0.000000</in_Quantity.quantity><out_Quantity.quantity>651.295193</out_Quantity.quantity></Point><Point><position>8844</position><in_Quantity.quantity>0.000000</in_Quantity.quantity><out_Quantity.quantity>650.999695</out_Quantity.quantity></Point><Point><position>8845</position><in_Quantity.quantity>0.000000</in_Quantity.quantity><out_Quantity.quantity>525.562966</out_Quantity.quantity></Point><Point><position>8846</position><in_Quantity.quantity>0.000000</in_Quantity.quantity><out_Quantity.quantity>550.291390</out_Quantity.quantity></Point><Point><position>8847</position><in_Quantity.quantity>0.000000</in_Quantity.quantity><out_Quantity.quantity>820.511130</out_Quantity.quantity></Point><Point><position>8848</position><in_Quantity.quantity>0.000000</in_Quantity.quantity><out_Quantity.quantity>377.408262</out_Quantity.quantity></Point><Point><position>8849</position><in_Quantity.quantity>0.000000</in_Quantity.quantity><out_Quantity.quantity>999.180085</out_Quantity.quantity></Point><Point><position>8850</position><in_Quantity.quantity>0.000000</in_Quantity.quantity><out_Quantity.quantity>448.508456</out_Quantity.quantity></Point><Point><position>8851</position><in_Quantity.quantity>0.000000</in_Quantity.quantity><out_Quantity.quantity>485.006673</out_Quantity.quantity></Point><Point><position>8852</position><in_Quantity.quantity>0.000000</in_Quantity.quantity><out_Quantity.quantity>873.565770</out_Quantity.quantity></Point><Point><position>8853</position><in_Quantity.quantity>0.000000</in_Quantity.quantity><out_Quantity.quantity>532.405210</out_Quantity.quantity></Point><Point><position>8854</position><in_Quantity.quantity>0.000000</in_Quantity.quantity><out_Quantity.quantity>215.424237</out_Quantity.quantity></Point><Point><position>8855</position><in_Quantity.quantity>0.000000</in_Quantity.quantity><out_Quantity.quantity>989.122740</out_Quantity.quantity></Point><Point><position>8856</position><in_Quantity.quantity>0.000000</in_Quantity.quantity><out_Quantity.quantity>182.525291</out_Quantity.quantity></Point><Point><position>8857</position><in_Quantity.quantity>0.000000</in_Quantity.quantity><out_Quantity.quantity>931.675897</out_Quantity.quantity></Point><Point><position>8858</position><in_Quantity.quantity>0.000000</in_Quantity.quantity><out_Quantity.quantity>902.374713</out_Quantity.quantity></Point><Point><position>8859</position><in_Quantity.quantity>0.000000</in_Quantity.quantity><out_Quantity.quantity>508.078315</out_Quantity.quantity></Point><Point><position>8860</position><in_Quantity.quantity>0.000000</in_Quantity.quantity><out_Quantity.quantity>452.086129</out_Quantity.quantity></Point><Point><position>8861</position><in_Quantity.quantity>0.000000</in_Quantity.quantity><out_Quantity.quantity>609.858414</out_Quantity.quantity></Point><Point><position>8862</position><in_Quantity.quantity>0.000000</in_Quantity.quantity><out_Quantity.quantity>332.795366</out_Quantity.quantity></Point><Point><position>8863</position><in_Quantity.quantity>0.000000</in_Quantity.quantity><out_Quantity.quantity>194.603897</out_Quantity.quantity></Point><Point><position>8864</position><in_Quantity.quantity>0.000000</in_Quantity.quantity><out_Quantity.quantity>852.092518</out_Quantity.quantity></Point><Point><position>8865</position><in_Quantity.quantity>0.000000</in_Quantity.quantity><out_Quantity.quantity>719.332435</out_Quantity.quantity></Point><Point><position>8866</position><in_Quantity.quantity>0.000000</in_Quantity.quantity><out_Quantity.quantity>482.266705</out_Quantity.quantity></Point><Point><position>8867</position><in_Quantity.quantity>0.000000</in_Quantity.quantity><out_Quantity.quantity>278.769332</out_Quantity.quantity></Point><Point><position>8868</position><in_Quantity.quantity>0.000000</in_Quantity.quantity><out_Quantity.quantity>509.162845</out_Quantity.quantity></Point><Point><position>8869</position><in_Quantity.quantity>0.000000</in_Quantity.quantity><out_Quantity.quantity>77.236684</out_Quantity.quantity></Point><Point><position>8870</position><in_Quantity.quantity>0.000000</in_Quantity.quantity><out_Quantity.quantity>56.825127</out_Quantity.quantity></Point><Point><position>8871</position><in_Quantity.quantity>0.000000</in_Quantity.quantity><out_Quantity.quantity>315.811891</out_Quantity.quantity></Point><Point><position>8872</position><in_Quantity.quantity>0.000000</in_Quantity.quantity><out_Quantity.quantity>995.543141</out_Quantity.quantity></Point><Point><position>8873</position><in_Quantity.quantity>0.000000</in_Quantity.quantity><out_Quantity.quantity>950.083667</out_Quantity.quantity></Point><Point><position>8874</position><in_Quantity.quantity>0.000000</in_Quantity.quantity><out_Quantity.quantity>756.862079</out_Quantity.quantity></Point><Point><position>8875</position><in_Quantity.quantity>0.000000</in_Quantity.quantity><out_Quantity.quantity>97.063090</out_Quantity.quantity></Point><Point><position>8876</position><in_Quantity.quantity>0.000000</in_Quantity.quantity><out_Quantity.quantity>63.648243</out_Quantity.quantity></Point><Point><position>8877</position><in_Quantity.quantity>0.000000</in_Quantity.quantity><out_Quantity.quantity>790.922106</out_Quantity.quantity></Point><Point><position>8878</position><in_Quantity.quantity>0.000000</in_Quantity.quantity><out_Quantity.quantity>864.338870</out_Quantity.quantity></Point><Point><position>8879</position><in_Quantity.quantity>0.000000</in_Quantity.quantity><out_Quantity.quantity>841.184868</out_Quantity.quantity></Point><Point><position>8880</position><in_Quantity.quantity>0.000000</in_Quantity.quantity><out_Quantity.quantity>149.163330</out_Quantity.quantity></Point><Point><position>8881</position><in_Quantity.quantity>0.000000</in_Quantity.quantity><out_Quantity.quantity>602.058763</out_Quantity.quantity></Point><Point><position>8882</position><in_Quantity.quantity>0.000000</in_Quantity.quantity><out_Quantity.quantity>596.852393</out_Quantity.quantity></Point><Point><position>8883</position><in_Quantity.quantity>0.000000</in_Quantity.quantity><out_Quantity.quantity>109.502152</out_Quantity.quantity></Point><Point><position>8884</position><in_Quantity.quantity>0.000000</in_Quantity.quantity><out_Quantity.quantity>927.799642</out_Quantity.quantity></Point><Point><position>8885</position><in_Quantity.quantity>0.000000</in_Quantity.quantity><out_Quantity.quantity>63.808441</out_Quantity.quantity></Point><Point><position>8886</position><in_Quantity.quantity>0.000000</in_Quantity.quantity><out_Quantity.quantity>988.379143</out_Quantity.quantity></Point><Point><position>8887</position><in_Quantity.quantity>0.000000</in_Quantity.quantity><out_Quantity.quantity>547.897704</out_Quantity.quantity></Point><Point><position>8888</position><in_Quantity.quantity>0.000000</in_Quantity.quantity><out_Quantity.quantity>348.367223</out_Quantity.quantity></Point><Point><position>8889</position><in_Quantity.quantity>0.000000</in_Quantity.quantity><out_Quantity.quantity>602.071572</out_Quantity.quantity></Point><Point><position>8890</position><in_Quantity.quantity>0.000000</in_Quantity.quantity><out_Quantity.quantity>208.751143</out_Quantity.quantity></Point><Point><position>8891</position><in_Quantity.quantity>0.000000</in_Quantity.quantity><out_Quantity.quantity>696.369291</out_Quantity.quantity></Point><Point><position>8892</position><in_Quantity.quantity>0.000000</in_Quantity.quantity><out_Quantity.quantity>20.553681</out_Quantity.quantity></Point><Point><position>8893</position><in_Quantity.quantity>0.000000</in_Quantity.quantity><out_Quantity.quantity>452.319797</out_Quantity.quantity></Point><Point><position>8894</position><in_Quantity.quantity>0.000000</in_Quantity.quantity><out_Quantity.quantity>522.271469</out_Quantity.quantity></Point><Point><position>8895</position><in_Quantity.quantity>0.000000</in_Quantity.quantity><out_Quantity.quantity>704.713354</out_Quantity.quantity></Point><Point><position>8896</position><in_Quantity.quantity>0.000000</in_Quantity.quantity><out_Quantity.quantity>150.632013</out_Quantity.quantity></Point><Point><position>8897</position><in_Quantity.quantity>0.000000</in_Quantity.quantity><out_Quantity.quantity>24.841511</out_Quantity.quantity></Point><Point><position>8898</position><in_Quantity.quantity>0.000000</in_Quantity.quantity><out_Quantity.quantity>801.867168</out_Quantity.quantity></Point><Point><position>8899</position><in_Quantity.quantity>0.000000</in_Quantity.quantity><out_Quantity.quantity>433.069286</out_Quantity.quantity></Point><Point><position>8900</position><in_Quantity.quantity>0.000000</in_Quantity.quantity><out_Quantity.quantity>954.348217</out_Quantity.quantity></Point><Point><position>8901</position><in_Quantity.quantity>0.000000</in_Quantity.quantity><out_Quantity.quantity>399.838062</out_Quantity.quantity></Point><Point><position>8902</position><in_Quantity.quantity>0.000000</in_Quantity.quantity><out_Quantity.quantity>528.546256</out_Quantity.quantity></Point><Point><position>8903</position><in_Quantity.quantity>0.000000</in_Quantity.quantity><out_Quantity.quantity>674.174240</out_Quantity.quantity></Point><Point><position>8904</position><in_Quantity.quantity>0.000000</in_Quantity.quantity><out_Quantity.quantity>123.162071</out_Quantity.quantity></Point><Point><position>8905</position><in_Quantity.quantity>0.000000</in_Quantity.quantity><out_Quantity.quantity>945.794598</out_Quantity.quantity></Point><Point><position>8906</position><in_Quantity.quantity>0.000000</in_Quantity.quantity><out_Quantity.quantity>880.224429</out_Quantity.quantity></Point><Point><position>8907</position><in_Quantity.quantity>0.000000</in_Quantity.quantity><out_Quantity.quantity>509.074524</out_Quantity.quantity></Point><Point><position>8908</position><in_Quantity.quantity>0.000000</in_Quantity.quantity><out_Quantity.quantity>467.485764</out_Quantity.quantity></Point><Point><position>8909</position><in_Quantity.quantity>0.000000</in_Quantity.quantity><out_Quantity.quantity>503.712491</out_Quantity.quantity></Point><Point><position>8910</position><in_Quantity.quantity>0.000000</in_Quantity.quantity><out_Quantity.quantity>875.548392</out_Quantity.quantity></Point><Point><position>8911</position><in_Quantity.quantity>0.000000</in_Quantity.quantity><out_Quantity.quantity>40.333869</out_Quantity.quantity></Point><Point><position>8912</position><in_Quantity.quantity>0.000000</in_Quantity.quantity><out_Quantity.quantity>192.815896</out_Quantity.quantity></Point><Point><position>8913</position><in_Quantity.quantity>0.000000</in_Quantity.quantity><out_Quantity.quantity>112.020290</out_Quantity.quantity></Point><Point><position>8914</position><in_Quantity.quantity>0.000000</in_Quantity.quantity><out_Quantity.quantity>302.918631</out_Quantity.quantity></Point><Point><position>8915</position><in_Quantity.quantity>0.000000</in_Quantity.quantity><out_Quantity.quantity>943.476454</out_Quantity.quantity></Point><Point><position>8916</position><in_Quantity.quantity>0.000000</in_Quantity.quantity><out_Quantity.quantity>810.781645</out_Quantity.quantity></Point><Point><position>8917</position><in_Quantity.quantity>0.000000</in_Quantity.quantity><out_Quantity.quantity>134.000954</out_Quantity.quantity></Point><Point><position>8918</position><in_Quantity.quantity>0.000000</in_Quantity.quantity><out_Quantity.quantity>903.345153</out_Quantity.quantity></Point><Point><position>8919</position><in_Quantity.quantity>0.000000</in_Quantity.quantity><out_Quantity.quantity>79.236388</out_Quantity.quantity></Point><Point><position>8920</position><in_Quantity.quantity>0.000000</in_Quantity.quantity><out_Quantity.quantity>831.151860</out_Quantity.quantity></Point><Point><position>8921</position><in_Quantity.quantity>0.000000</in_Quantity.quantity><out_Quantity.quantity>557.152140</out_Quantity.quantity></Point><Point><position>8922</position><in_Quantity.quantity>0.000000</in_Quantity.quantity><out_Quantity.quantity>499.108165</out_Quantity.quantity></Point><Point><position>8923</position><in_Quantity.quantity>0.000000</in_Quantity.quantity><out_Quantity.quantity>184.230662</out_Quantity.quantity></Point><Point><position>8924</position><in_Quantity.quantity>0.000000</in_Quantity.quantity><out_Quantity.quantity>67.371870</out_Quantity.quantity></Point><Point><position>8925</position><in_Quantity.quantity>0.000000</in_Quantity.quantity><out_Quantity.quantity>248.984836</out_Quantity.quantity></Point><Point><position>8926</position><in_Quantity.quantity>0.000000</in_Quantity.quantity><out_Quantity.quantity>95.885169</out_Quantity.quantity></Point><Point><position>8927</position><in_Quantity.quantity>0.000000</in_Quantity.quantity><out_Quantity.quantity>691.621102</out_Quantity.quantity></Point><Point><position>8928</position><in_Quantity.quantity>0.000000</in_Quantity.quantity><out_Quantity.quantity>3.487594</out_Quantity.quantity></Point><Point><position>8929</position><in_Quantity.quantity>0.000000</in_Quantity.quantity><out_Quantity.quantity>684.175002</out_Quantity.quantity></Point><Point><position>8930</position><in_Quantity.quantity>0.000000</in_Quantity.quantity><out_Quantity.quantity>31.832021</out_Quantity.quantity></Point><Point><position>8931</position><in_Quantity.quantity>0.000000</in_Quantity.quantity><out_Quantity.quantity>775.628975</out_Quantity.quantity></Point><Point><position>8932</position><in_Quantity.quantity>0.000000</in_Quantity.quantity><out_Quantity.quantity>600.403518</out_Quantity.quantity></Point><Point><position>8933</position><in_Quantity.quantity>0.000000</in_Quantity.quantity><out_Quantity.quantity>984.435963</out_Quantity.quantity></Point><Point><position>8934</position><in_Quantity.quantity>0.000000</in_Quantity.quantity><out_Quantity.quantity>430.660126</out_Quantity.quantity></Point><Point><position>8935</position><in_Quantity.quantity>0.000000</in_Quantity.quantity><out_Quantity.quantity>699.087960</out_Quantity.quantity></Point><Point><position>8936</position><in_Quantity.quantity>0.000000</in_Quantity.quantity><out_Quantity.quantity>315.461194</out_Quantity.quantity></Point><Point><position>8937</position><in_Quantity.quantity>0.000000</in_Quantity.quantity><out_Quantity.quantity>561.839676</out_Quantity.quantity></Point><Point><position>8938</position><in_Quantity.quantity>0.000000</in_Quantity.quantity><out_Quantity.quantity>203.795113</out_Quantity.quantity></Point><Point><position>8939</position><in_Quantity.quantity>0.000000</in_Quantity.quantity><out_Quantity.quantity>942.453290</out_Quantity.quantity></Point><Point><position>8940</position><in_Quantity.quantity>0.000000</in_Quantity.quantity><out_Quantity.quantity>719.429125</out_Quantity.quantity></Point><Point><position>8941</position><in_Quantity.quantity>0.000000</in_Quantity.quantity><out_Quantity.quantity>895.810745</out_Quantity.quantity></Point><Point><position>8942</position><in_Quantity.quantity>0.000000</in_Quantity.quantity><out_Quantity.quantity>121.689282</out_Quantity.quantity></Point><Point><position>8943</position><in_Quantity.quantity>0.000000</in_Quantity.quantity><out_Quantity.quantity>474.726123</out_Quantity.quantity></Point><Point><position>8944</position><in_Quantity.quantity>0.000000</in_Quantity.quantity><out_Quantity.quantity>677.821851</out_Quantity.quantity></Point><Point><position>8945</position><in_Quantity.quantity>0.000000</in_Quantity.quantity><out_Quantity.quantity>747.598695</out_Quantity.quantity></Point><Point><position>8946</position><in_Quantity.quantity>0.000000</in_Quantity.quantity><out_Quantity.quantity>972.139593</out_Quantity.quantity></Point><Point><position>8947</position><in_Quantity.quantity>0.000000</in_Quantity.quantity><out_Quantity.quantity>478.682722</out_Quantity.quantity></Point><Point><position>8948</position><in_Quantity.quantity>0.000000</in_Quantity.quantity><out_Quantity.quantity>780.678374</out_Quantity.quantity></Point><Point><position>8949</position><in_Quantity.quantity>0.000000</in_Quantity.quantity><out_Quantity.quantity>387.503828</out_Quantity.quantity></Point><Point><position>8950</position><in_Quantity.quantity>0.000000</in_Quantity.quantity><out_Quantity.quantity>549.256468</out_Quantity.quantity></Point><Point><position>8951</position><in_Quantity.quantity>0.000000</in_Quantity.quantity><out_Quantity.quantity>34.308481</out_Quantity.quantity></Point><Point><position>8952</position><in_Quantity.quantity>0.000000</in_Quantity.quantity><out_Quantity.quantity>544.329118</out_Quantity.quantity></Point><Point><position>8953</position><in_Quantity.quantity>0.000000</in_Quantity.quantity><out_Quantity.quantity>716.577729</out_Quantity.quantity></Point><Point><position>8954</position><in_Quantity.quantity>0.000000</in_Quantity.quantity><out_Quantity.quantity>259.582530</out_Quantity.quantity></Point><Point><position>8955</position><in_Quantity.quantity>0.000000</in_Quantity.quantity><out_Quantity.quantity>78.966375</out_Quantity.quantity></Point><Point><position>8956</position><in_Quantity.quantity>0.000000</in_Quantity.quantity><out_Quantity.quantity>228.367757</out_Quantity.quantity></Point><Point><position>8957</position><in_Quantity.quantity>0.000000</in_Quantity.quantity><out_Quantity.quantity>647.439123</out_Quantity.quantity></Point><Point><position>8958</position><in_Quantity.quantity>0.000000</in_Quantity.quantity><out_Quantity.quantity>378.626988</out_Quantity.quantity></Point><Point><position>8959</position><in_Quantity.quantity>0.000000</in_Quantity.quantity><out_Quantity.quantity>993.223692</out_Quantity.quantity></Point><Point><position>8960</position><in_Quantity.quantity>0.000000</in_Quantity.quantity><out_Quantity.quantity>105.928174</out_Quantity.quantity></Point><Point><position>8961</position><in_Quantity.quantity>0.000000</in_Quantity.quantity><out_Quantity.quantity>478.552561</out_Quantity.quantity></Point><Point><position>8962</position><in_Quantity.quantity>0.000000</in_Quantity.quantity><out_Quantity.quantity>441.092565</out_Quantity.quantity></Point><Point><position>8963</position><in_Quantity.quantity>0.000000</in_Quantity.quantity><out_Quantity.quantity>501.432112</out_Quantity.quantity></Point><Point><position>8964</position><in_Quantity.quantity>0.000000</in_Quantity.quantity><out_Quantity.quantity>191.161518</out_Quantity.quantity></Point><Point><position>8965</position><in_Quantity.quantity>0.000000</in_Quantity.quantity><out_Quantity.quantity>129.148233</out_Quantity.quantity></Point><Point><position>8966</position><in_Quantity.quantity>0.000000</in_Quantity.quantity><out_Quantity.quantity>871.804523</out_Quantity.quantity></Point><Point><position>8967</position><in_Quantity.quantity>0.000000</in_Quantity.quantity><out_Quantity.quantity>666.255502</out_Quantity.quantity></Point><Point><position>8968</position><in_Quantity.quantity>0.000000</in_Quantity.quantity><out_Quantity.quantity>766.214112</out_Quantity.quantity></Point><Point><position>8969</position><in_Quantity.quantity>0.000000</in_Quantity.quantity><out_Quantity.quantity>258.257607</out_Quantity.quantity></Point><Point><position>8970</position><in_Quantity.quantity>0.000000</in_Quantity.quantity><out_Quantity.quantity>806.375087</out_Quantity.quantity></Point><Point><position>8971</position><in_Quantity.quantity>0.000000</in_Quantity.quantity><out_Quantity.quantity>689.974215</out_Quantity.quantity></Point><Point><position>8972</position><in_Quantity.quantity>0.000000</in_Quantity.quantity><out_Quantity.quantity>757.869652</out_Quantity.quantity></Point><Point><position>8973</position><in_Quantity.quantity>0.000000</in_Quantity.quantity><out_Quantity.quantity>350.426211</out_Quantity.quantity></Point><Point><position>8974</position><in_Quantity.quantity>0.000000</in_Quantity.quantity><out_Quantity.quantity>911.463113</out_Quantity.quantity></Point><Point><position>8975</position><in_Quantity.quantity>0.000000</in_Quantity.quantity><out_Quantity.quantity>972.646888</out_Quantity.quantity></Point><Point><position>8976</position><in_Quantity.quantity>0.000000</in_Quantity.quantity><out_Quantity.quantity>850.121662</out_Quantity.quantity></Point><Point><position>8977</position><in_Quantity.quantity>0.000000</in_Quantity.quantity><out_Quantity.quantity>200.525227</out_Quantity.quantity></Point><Point><position>8978</position><in_Quantity.quantity>0.000000</in_Quantity.quantity><out_Quantity.quantity>599.707119</out_Quantity.quantity></Point><Point><position>8979</position><in_Quantity.quantity>0.000000</in_Quantity.quantity><out_Quantity.quantity>214.149648</out_Quantity.quantity></Point><Point><position>8980</position><in_Quantity.quantity>0.000000</in_Quantity.quantity><out_Quantity.quantity>588.849886</out_Quantity.quantity></Point><Point><position>8981</position><in_Quantity.quantity>0.000000</in_Quantity.quantity><out_Quantity.quantity>365.124222</out_Quantity.quantity></Point><Point><position>8982</position><in_Quantity.quantity>0.000000</in_Quantity.quantity><out_Quantity.quantity>588.069033</out_Quantity.quantity></Point><Point><position>8983</position><in_Quantity.quantity>0.000000</in_Quantity.quantity><out_Quantity.quantity>667.912848</out_Quantity.quantity></Point><Point><position>8984</position><in_Quantity.quantity>0.000000</in_Quantity.quantity><out_Quantity.quantity>178.256838</out_Quantity.quantity></Point><Point><position>8985</position><in_Quantity.quantity>0.000000</in_Quantity.quantity><out_Quantity.quantity>116.685069</out_Quantity.quantity></Point><Point><position>8986</position><in_Quantity.quantity>0.000000</in_Quantity.quantity><out_Quantity.quantity>552.121760</out_Quantity.quantity></Point><Point><position>8987</position><in_Quantity.quantity>0.000000</in_Quantity.quantity><out_Quantity.quantity>947.906569</out_Quantity.quantity></Point><Point><position>8988</position><in_Quantity.quantity>0.000000</in_Quantity.quantity><out_Quantity.quantity>626.988996</out_Quantity.quantity></Point><Point><position>8989</position><in_Quantity.quantity>0.000000</in_Quantity.quantity><out_Quantity.quantity>922.386791</out_Quantity.quantity></Point><Point><position>8990</position><in_Quantity.quantity>0.000000</in_Quantity.quantity><out_Quantity.quantity>842.329613</out_Quantity.quantity></Point><Point><position>8991</position><in_Quantity.quantity>0.000000</in_Quantity.quantity><out_Quantity.quantity>479.863922</out_Quantity.quantity></Point><Point><position>8992</position><in_Quantity.quantity>0.000000</in_Quantity.quantity><out_Quantity.quantity>53.232810</out_Quantity.quantity></Point><Point><position>8993</position><in_Quantity.quantity>0.000000</in_Quantity.quantity><out_Quantity.quantity>0.115470</out_Quantity.quantity></Point><Point><position>8994</position><in_Quantity.quantity>0.000000</in_Quantity.quantity><out_Quantity.quantity>744.549164</out_Quantity.quantity></Point><Point><position>8995</position><in_Quantity.quantity>0.000000</in_Quantity.quantity><out_Quantity.quantity>653.177277</out_Quantity.quantity></Point><Point><position>8996</position><in_Quantity.quantity>0.000000</in_Quantity.quantity><out_Quantity.quantity>633.429040</out_Quantity.quantity></Point><Point><position>8997</position><in_Quantity.quantity>0.000000</in_Quantity.quantity><out_Quantity.quantity>689.917753</out_Quantity.quantity></Point><Point><position>8998</position><in_Quantity.quantity>0.000000</in_Quantity.quantity><out_Quantity.quantity>232.467080</out_Quantity.quantity></Point><Point><position>8999</position><in_Quantity.quantity>0.000000</in_Quantity.quantity><out_Quantity.quantity>8.846919</out_Quantity.quantity></Point><Point><position>9000</position><in_Quantity.quantity>0.000000</in_Quantity.quantity><out_Quantity.quantity>634.831335</out_Quantity.quantity></Point><Point><position>9001</position><in_Quantity.quantity>0.000000</in_Quantity.quantity><out_Quantity.quantity>63.100963</out_Quantity.quantity></Point><Point><position>9002</position><in_Quantity.quantity>0.000000</in_Quantity.quantity><out_Quantity.quantity>766.664604</out_Quantity.quantity></Point><Point><position>9003</position><in_Quantity.quantity>0.000000</in_Quantity.quantity><out_Quantity.quantity>363.443895</out_Quantity.quantity></Point><Point><position>9004</position><in_Quantity.quantity>0.000000</in_Quantity.quantity><out_Quantity.quantity>167.101731</out_Quantity.quantity></Point><Point><position>9005</position><in_Quantity.quantity>0.000000</in_Quantity.quantity><out_Quantity.quantity>212.697789</out_Quantity.quantity></Point><Point><position>9006</position><in_Quantity.quantity>0.000000</in_Quantity.quantity><out_Quantity.quantity>113.037337</out_Quantity.quantity></Point><Point><position>9007</position><in_Quantity.quantity>0.000000</in_Quantity.quantity><out_Quantity.quantity>67.175912</out_Quantity.quantity></Point><Point><position>9008</position><in_Quantity.quantity>0.000000</in_Quantity.quantity><out_Quantity.quantity>582.781488</out_Quantity.quantity></Point><Point><position>9009</position><in_Quantity.quantity>0.000000</in_Quantity.quantity><out_Quantity.quantity>106.421216</out_Quantity.quantity></Point><Point><position>9010</position><in_Quantity.quantity>0.000000</in_Quantity.quantity><out_Quantity.quantity>107.549126</out_Quantity.quantity></Point><Point><position>9011</position><in_Quantity.quantity>0.000000</in_Quantity.quantity><out_Quantity.quantity>126.321419</out_Quantity.quantity></Point><Point><position>9012</position><in_Quantity.quantity>0.000000</in_Quantity.quantity><out_Quantity.quantity>968.875938</out_Quantity.quantity></Point><Point><position>9013</position><in_Quantity.quantity>0.000000</in_Quantity.quantity><out_Quantity.quantity>521.452974</out_Quantity.quantity></Point><Point><position>9014</position><in_Quantity.quantity>0.000000</in_Quantity.quantity><out_Quantity.quantity>899.207887</out_Quantity.quantity></Point><Point><position>9015</position><in_Quantity.quantity>0.000000</in_Quantity.quantity><out_Quantity.quantity>598.593488</out_Quantity.quantity></Point><Point><position>9016</position><in_Quantity.quantity>0.000000</in_Quantity.quantity><out_Quantity.quantity>51.524094</out_Quantity.quantity></Point><Point><position>9017</position><in_Quantity.quantity>0.000000</in_Quantity.quantity><out_Quantity.quantity>85.726587</out_Quantity.quantity></Point><Point><position>9018</position><in_Quantity.quantity>0.000000</in_Quantity.quantity><out_Quantity.quantity>657.767257</out_Quantity.quantity></Point><Point><position>9019</position><in_Quantity.quantity>0.000000</in_Quantity.quantity><out_Quantity.quantity>529.839205</out_Quantity.quantity></Point><Point><position>9020</position><in_Quantity.quantity>0.000000</in_Quantity.quantity><out_Quantity.quantity>751.127544</out_Quantity.quantity></Point><Point><position>9021</position><in_Quantity.quantity>0.000000</in_Quantity.quantity><out_Quantity.quantity>610.080496</out_Quantity.quantity></Point><Point><position>9022</position><in_Quantity.quantity>0.000000</in_Quantity.quantity><out_Quantity.quantity>943.048554</out_Quantity.quantity></Point><Point><position>9023</position><in_Quantity.quantity>0.000000</in_Quantity.quantity><out_Quantity.quantity>945.629667</out_Quantity.quantity></Point><Point><position>9024</position><in_Quantity.quantity>0.000000</in_Quantity.quantity><out_Quantity.quantity>290.585039</out_Quantity.quantity></Point><Point><position>9025</position><in_Quantity.quantity>0.000000</in_Quantity.quantity><out_Quantity.quantity>377.715525</out_Quantity.quantity></Point><Point><position>9026</position><in_Quantity.quantity>0.000000</in_Quantity.quantity><out_Quantity.quantity>216.309470</out_Quantity.quantity></Point><Point><position>9027</position><in_Quantity.quantity>0.000000</in_Quantity.quantity><out_Quantity.quantity>696.874881</out_Quantity.quantity></Point><Point><position>9028</position><in_Quantity.quantity>0.000000</in_Quantity.quantity><out_Quantity.quantity>88.429775</out_Quantity.quantity></Point><Point><position>9029</position><in_Quantity.quantity>0.000000</in_Quantity.quantity><out_Quantity.quantity>60.656948</out_Quantity.quantity></Point><Point><position>9030</position><in_Quantity.quantity>0.000000</in_Quantity.quantity><out_Quantity.quantity>632.907925</out_Quantity.quantity></Point><Point><position>9031</position><in_Quantity.quantity>0.000000</in_Quantity.quantity><out_Quantity.quantity>572.081501</out_Quantity.quantity></Point><Point><position>9032</position><in_Quantity.quantity>0.000000</in_Quantity.quantity><out_Quantity.quantity>746.400646</out_Quantity.quantity></Point><Point><position>9033</position><in_Quantity.quantity>0.000000</in_Quantity.quantity><out_Quantity.quantity>166.590420</out_Quantity.quantity></Point><Point><position>9034</position><in_Quantity.quantity>0.000000</in_Quantity.quantity><out_Quantity.quantity>325.472734</out_Quantity.quantity></Point><Point><position>9035</position><in_Quantity.quantity>0.000000</in_Quantity.quantity><out_Quantity.quantity>875.245964</out_Quantity.quantity></Point><Point><position>9036</position><in_Quantity.quantity>0.000000</in_Quantity.quantity><out_Quantity.quantity>556.006870</out_Quantity.quantity></Point><Point><position>9037</position><in_Quantity.quantity>0.000000</in_Quantity.quantity><out_Quantity.quantity>717.034808</out_Quantity.quantity></Point><Point><position>9038</position><in_Quantity.quantity>0.000000</in_Quantity.quantity><out_Quantity.quantity>545.445279</out_Quantity.quantity></Point><Point><position>9039</position><in_Quantity.quantity>0.000000</in_Quantity.quantity><out_Quantity.quantity>714.955499</out_Quantity.quantity></Point><Point><position>9040</position><in_Quantity.quantity>0.000000</in_Quantity.quantity><out_Quantity.quantity>455.735149</out_Quantity.quantity></Point><Point><position>9041</position><in_Quantity.quantity>0.000000</in_Quantity.quantity><out_Quantity.quantity>576.542693</out_Quantity.quantity></Point><Point><position>9042</position><in_Quantity.quantity>0.000000</in_Quantity.quantity><out_Quantity.quantity>678.458199</out_Quantity.quantity></Point><Point><position>9043</position><in_Quantity.quantity>0.000000</in_Quantity.quantity><out_Quantity.quantity>233.184691</out_Quantity.quantity></Point><Point><position>9044</position><in_Quantity.quantity>0.000000</in_Quantity.quantity><out_Quantity.quantity>19.412565</out_Quantity.quantity></Point><Point><position>9045</position><in_Quantity.quantity>0.000000</in_Quantity.quantity><out_Quantity.quantity>84.245112</out_Quantity.quantity></Point><Point><position>9046</position><in_Quantity.quantity>0.000000</in_Quantity.quantity><out_Quantity.quantity>224.815112</out_Quantity.quantity></Point><Point><position>9047</position><in_Quantity.quantity>0.000000</in_Quantity.quantity><out_Quantity.quantity>410.986214</out_Quantity.quantity></Point><Point><position>9048</position><in_Quantity.quantity>0.000000</in_Quantity.quantity><out_Quantity.quantity>389.668448</out_Quantity.quantity></Point><Point><position>9049</position><in_Quantity.quantity>0.000000</in_Quantity.quantity><out_Quantity.quantity>815.971253</out_Quantity.quantity></Point><Point><position>9050</position><in_Quantity.quantity>0.000000</in_Quantity.quantity><out_Quantity.quantity>37.645381</out_Quantity.quantity></Point><Point><position>9051</position><in_Quantity.quantity>0.000000</in_Quantity.quantity><out_Quantity.quantity>611.934889</out_Quantity.quantity></Point><Point><position>9052</position><in_Quantity.quantity>0.000000</in_Quantity.quantity><out_Quantity.quantity>331.571460</out_Quantity.quantity></Point><Point><position>9053</position><in_Quantity.quantity>0.000000</in_Quantity.quantity><out_Quantity.quantity>725.188718</out_Quantity.quantity></Point><Point><position>9054</position><in_Quantity.quantity>0.000000</in_Quantity.quantity><out_Quantity.quantity>935.445202</out_Quantity.quantity></Point><Point><position>9055</position><in_Quantity.quantity>0.000000</in_Quantity.quantity><out_Quantity.quantity>263.263692</out_Quantity.quantity></Point><Point><position>9056</position><in_Quantity.quantity>0.000000</in_Quantity.quantity><out_Quantity.quantity>918.491862</out_Quantity.quantity></Point><Point><position>9057</position><in_Quantity.quantity>0.000000</in_Quantity.quantity><out_Quantity.quantity>466.975445</out_Quantity.quantity></Point><Point><position>9058</position><in_Quantity.quantity>0.000000</in_Quantity.quantity><out_Quantity.quantity>981.131398</out_Quantity.quantity></Point><Point><position>9059</position><in_Quantity.quantity>0.000000</in_Quantity.quantity><out_Quantity.quantity>908.685680</out_Quantity.quantity></Point><Point><position>9060</position><in_Quantity.quantity>0.000000</in_Quantity.quantity><out_Quantity.quantity>517.075006</out_Quantity.quantity></Point><Point><position>9061</position><in_Quantity.quantity>0.000000</in_Quantity.quantity><out_Quantity.quantity>597.975018</out_Quantity.quantity></Point><Point><position>9062</position><in_Quantity.quantity>0.000000</in_Quantity.quantity><out_Quantity.quantity>605.462332</out_Quantity.quantity></Point><Point><position>9063</position><in_Quantity.quantity>0.000000</in_Quantity.quantity><out_Quantity.quantity>331.959234</out_Quantity.quantity></Point><Point><position>9064</position><in_Quantity.quantity>0.000000</in_Quantity.quantity><out_Quantity.quantity>945.372237</out_Quantity.quantity></Point><Point><position>9065</position><in_Quantity.quantity>0.000000</in_Quantity.quantity><out_Quantity.quantity>387.269782</out_Quantity.quantity></Point><Point><position>9066</position><in_Quantity.quantity>0.000000</in_Quantity.quantity><out_Quantity.quantity>147.601544</out_Quantity.quantity></Point><Point><position>9067</position><in_Quantity.quantity>0.000000</in_Quantity.quantity><out_Quantity.quantity>736.632704</out_Quantity.quantity></Point><Point><position>9068</position><in_Quantity.quantity>0.000000</in_Quantity.quantity><out_Quantity.quantity>409.125176</out_Quantity.quantity></Point><Point><position>9069</position><in_Quantity.quantity>0.000000</in_Quantity.quantity><out_Quantity.quantity>295.072805</out_Quantity.quantity></Point><Point><position>9070</position><in_Quantity.quantity>0.000000</in_Quantity.quantity><out_Quantity.quantity>456.286066</out_Quantity.quantity></Point><Point><position>9071</position><in_Quantity.quantity>0.000000</in_Quantity.quantity><out_Quantity.quantity>971.380796</out_Quantity.quantity></Point><Point><position>9072</position><in_Quantity.quantity>0.000000</in_Quantity.quantity><out_Quantity.quantity>953.759600</out_Quantity.quantity></Point><Point><position>9073</position><in_Quantity.quantity>0.000000</in_Quantity.quantity><out_Quantity.quantity>983.381305</out_Quantity.quantity></Point><Point><position>9074</position><in_Quantity.quantity>0.000000</in_Quantity.quantity><out_Quantity.quantity>857.221329</out_Quantity.quantity></Point><Point><position>9075</position><in_Quantity.quantity>0.000000</in_Quantity.quantity><out_Quantity.quantity>672.646783</out_Quantity.quantity></Point><Point><position>9076</position><in_Quantity.quantity>0.000000</in_Quantity.quantity><out_Quantity.quantity>502.440300</out_Quantity.quantity></Point><Point><position>9077</position><in_Quantity.quantity>0.000000</in_Quantity.quantity><out_Quantity.quantity>879.851033</out_Quantity.quantity></Point><Point><position>9078</position><in_Quantity.quantity>0.000000</in_Quantity.quantity><out_Quantity.quantity>678.206920</out_Quantity.quantity></Point><Point><position>9079</position><in_Quantity.quantity>0.000000</in_Quantity.quantity><out_Quantity.quantity>254.748836</out_Quantity.quantity></Point><Point><position>9080</position><in_Quantity.quantity>0.000000</in_Quantity.quantity><out_Quantity.quantity>96.738491</out_Quantity.quantity></Point><Point><position>9081</position><in_Quantity.quantity>0.000000</in_Quantity.quantity><out_Quantity.quantity>337.946593</out_Quantity.quantity></Point><Point><position>9082</position><in_Quantity.quantity>0.000000</in_Quantity.quantity><out_Quantity.quantity>588.184535</out_Quantity.quantity></Point><Point><position>9083</position><in_Quantity.quantity>0.000000</in_Quantity.quantity><out_Quantity.quantity>607.701315</out_Quantity.quantity></Point><Point><position>9084</position><in_Quantity.quantity>0.000000</in_Quantity.quantity><out_Quantity.quantity>290.041533</out_Quantity.quantity></Point><Point><position>9085</position><in_Quantity.quantity>0.000000</in_Quantity.quantity><out_Quantity.quantity>239.489031</out_Quantity.quantity></Point><Point><position>9086</position><in_Quantity.quantity>0.000000</in_Quantity.quantity><out_Quantity.quantity>706.270946</out_Quantity.quantity></Point><Point><position>9087</position><in_Quantity.quantity>0.000000</in_Quantity.quantity><out_Quantity.quantity>927.419753</out_Quantity.quantity></Point><Point><position>9088</position><in_Quantity.quantity>0.000000</in_Quantity.quantity><out_Quantity.quantity>423.109440</out_Quantity.quantity></Point><Point><position>9089</position><in_Quantity.quantity>0.000000</in_Quantity.quantity><out_Quantity.quantity>860.862681</out_Quantity.quantity></Point><Point><position>9090</position><in_Quantity.quantity>0.000000</in_Quantity.quantity><out_Quantity.quantity>423.511315</out_Quantity.quantity></Point><Point><position>9091</position><in_Quantity.quantity>0.000000</in_Quantity.quantity><out_Quantity.quantity>411.369411</out_Quantity.quantity></Point><Point><position>9092</position><in_Quantity.quantity>0.000000</in_Quantity.quantity><out_Quantity.quantity>879.476119</out_Quantity.quantity></Point><Point><position>9093</position><in_Quantity.quantity>0.000000</in_Quantity.quantity><out_Quantity.quantity>460.548434</out_Quantity.quantity></Point><Point><position>9094</position><in_Quantity.quantity>0.000000</in_Quantity.quantity><out_Quantity.quantity>889.367033</out_Quantity.quantity></Point><Point><position>9095</position><in_Quantity.quantity>0.000000</in_Quantity.quantity><out_Quantity.quantity>745.327223</out_Quantity.quantity></Point><Point><position>9096</position><in_Quantity.quantity>0.000000</in_Quantity.quantity><out_Quantity.quantity>754.503383</out_Quantity.quantity></Point><Point><position>9097</position><in_Quantity.quantity>0.000000</in_Quantity.quantity><out_Quantity.quantity>237.331685</out_Quantity.quantity></Point><Point><position>9098</position><in_Quantity.quantity>0.000000</in_Quantity.quantity><out_Quantity.quantity>347.032387</out_Quantity.quantity></Point><Point><position>9099</position><in_Quantity.quantity>0.000000</in_Quantity.quantity><out_Quantity.quantity>1.299113</out_Quantity.quantity></Point><Point><position>9100</position><in_Quantity.quantity>0.000000</in_Quantity.quantity><out_Quantity.quantity>151.165781</out_Quantity.quantity></Point><Point><position>9101</position><in_Quantity.quantity>0.000000</in_Quantity.quantity><out_Quantity.quantity>941.077009</out_Quantity.quantity></Point><Point><position>9102</position><in_Quantity.quantity>0.000000</in_Quantity.quantity><out_Quantity.quantity>336.701419</out_Quantity.quantity></Point><Point><position>9103</position><in_Quantity.quantity>0.000000</in_Quantity.quantity><out_Quantity.quantity>732.416189</out_Quantity.quantity></Point><Point><position>9104</position><in_Quantity.quantity>0.000000</in_Quantity.quantity><out_Quantity.quantity>370.123477</out_Quantity.quantity></Point><Point><position>9105</position><in_Quantity.quantity>0.000000</in_Quantity.quantity><out_Quantity.quantity>661.400150</out_Quantity.quantity></Point><Point><position>9106</position><in_Quantity.quantity>0.000000</in_Quantity.quantity><out_Quantity.quantity>106.250256</out_Quantity.quantity></Point><Point><position>9107</position><in_Quantity.quantity>0.000000</in_Quantity.quantity><out_Quantity.quantity>431.702695</out_Quantity.quantity></Point><Point><position>9108</position><in_Quantity.quantity>0.000000</in_Quantity.quantity><out_Quantity.quantity>918.779492</out_Quantity.quantity></Point><Point><position>9109</position><in_Quantity.quantity>0.000000</in_Quantity.quantity><out_Quantity.quantity>196.514461</out_Quantity.quantity></Point><Point><position>9110</position><in_Quantity.quantity>0.000000</in_Quantity.quantity><out_Quantity.quantity>344.654911</out_Quantity.quantity></Point><Point><position>9111</position><in_Quantity.quantity>0.000000</in_Quantity.quantity><out_Quantity.quantity>839.952817</out_Quantity.quantity></Point><Point><position>9112</position><in_Quantity.quantity>0.000000</in_Quantity.quantity><out_Quantity.quantity>145.738791</out_Quantity.quantity></Point><Point><position>9113</position><in_Quantity.quantity>0.000000</in_Quantity.quantity><out_Quantity.quantity>468.337781</out_Quantity.quantity></Point><Point><position>9114</position><in_Quantity.quantity>0.000000</in_Quantity.quantity><out_Quantity.quantity>542.678612</out_Quantity.quantity></Point><Point><position>9115</position><in_Quantity.quantity>0.000000</in_Quantity.quantity><out_Quantity.quantity>916.791916</out_Quantity.quantity></Point><Point><position>9116</position><in_Quantity.quantity>0.000000</in_Quantity.quantity><out_Quantity.quantity>839.479757</out_Quantity.quantity></Point><Point><position>9117</position><in_Quantity.quantity>0.000000</in_Quantity.quantity><out_Quantity.quantity>940.545635</out_Quantity.quantity></Point><Point><position>9118</position><in_Quantity.quantity>0.000000</in_Quantity.quantity><out_Quantity.quantity>840.159507</out_Quantity.quantity></Point><Point><position>9119</position><in_Quantity.quantity>0.000000</in_Quantity.quantity><out_Quantity.quantity>75.702503</out_Quantity.quantity></Point><Point><position>9120</position><in_Quantity.quantity>0.000000</in_Quantity.quantity><out_Quantity.quantity>732.108666</out_Quantity.quantity></Point><Point><position>9121</position><in_Quantity.quantity>0.000000</in_Quantity.quantity><out_Quantity.quantity>799.458473</out_Quantity.quantity></Point><Point><position>9122</position><in_Quantity.quantity>0.000000</in_Quantity.quantity><out_Quantity.quantity>532.529475</out_Quantity.quantity></Point><Point><position>9123</position><in_Quantity.quantity>0.000000</in_Quantity.quantity><out_Quantity.quantity>323.304973</out_Quantity.quantity></Point><Point><position>9124</position><in_Quantity.quantity>0.000000</in_Quantity.quantity><out_Quantity.quantity>482.219248</out_Quantity.quantity></Point><Point><position>9125</position><in_Quantity.quantity>0.000000</in_Quantity.quantity><out_Quantity.quantity>587.005480</out_Quantity.quantity></Point><Point><position>9126</position><in_Quantity.quantity>0.000000</in_Quantity.quantity><out_Quantity.quantity>585.711791</out_Quantity.quantity></Point><Point><position>9127</position><in_Quantity.quantity>0.000000</in_Quantity.quantity><out_Quantity.quantity>215.591450</out_Quantity.quantity></Point><Point><position>9128</position><in_Quantity.quantity>0.000000</in_Quantity.quantity><out_Quantity.quantity>369.782061</out_Quantity.quantity></Point><Point><position>9129</position><in_Quantity.quantity>0.000000</in_Quantity.quantity><out_Quantity.quantity>795.419984</out_Quantity.quantity></Point><Point><position>9130</position><in_Quantity.quantity>0.000000</in_Quantity.quantity><out_Quantity.quantity>548.190223</out_Quantity.quantity></Point><Point><position>9131</position><in_Quantity.quantity>0.000000</in_Quantity.quantity><out_Quantity.quantity>723.760184</out_Quantity.quantity></Point><Point><position>9132</position><in_Quantity.quantity>0.000000</in_Quantity.quantity><out_Quantity.quantity>89.499183</out_Quantity.quantity></Point><Point><position>9133</position><in_Quantity.quantity>0.000000</in_Quantity.quantity><out_Quantity.quantity>866.779718</out_Quantity.quantity></Point><Point><position>9134</position><in_Quantity.quantity>0.000000</in_Quantity.quantity><out_Quantity.quantity>66.974136</out_Quantity.quantity></Point><Point><position>9135</position><in_Quantity.quantity>0.000000</in_Quantity.quantity><out_Quantity.quantity>227.522692</out_Quantity.quantity></Point><Point><position>9136</position><in_Quantity.quantity>0.000000</in_Quantity.quantity><out_Quantity.quantity>832.416504</out_Quantity.quantity></Point><Point><position>9137</position><in_Quantity.quantity>0.000000</in_Quantity.quantity><out_Quantity.quantity>104.053504</out_Quantity.quantity></Point><Point><position>9138</position><in_Quantity.quantity>0.000000</in_Quantity.quantity><out_Quantity.quantity>963.750185</out_Quantity.quantity></Point><Point><position>9139</position><in_Quantity.quantity>0.000000</in_Quantity.quantity><out_Quantity.quantity>958.182622</out_Quantity.quantity></Point><Point><position>9140</position><in_Quantity.quantity>0.000000</in_Quantity.quantity><out_Quantity.quantity>985.660029</out_Quantity.quantity></Point><Point><position>9141</position><in_Quantity.quantity>0.000000</in_Quantity.quantity><out_Quantity.quantity>115.985916</out_Quantity.quantity></Point><Point><position>9142</position><in_Quantity.quantity>0.000000</in_Quantity.quantity><out_Quantity.quantity>715.485246</out_Quantity.quantity></Point><Point><position>9143</position><in_Quantity.quantity>0.000000</in_Quantity.quantity><out_Quantity.quantity>550.708717</out_Quantity.quantity></Point><Point><position>9144</position><in_Quantity.quantity>0.000000</in_Quantity.quantity><out_Quantity.quantity>104.946766</out_Quantity.quantity></Point><Point><position>9145</position><in_Quantity.quantity>0.000000</in_Quantity.quantity><out_Quantity.quantity>934.507682</out_Quantity.quantity></Point><Point><position>9146</position><in_Quantity.quantity>0.000000</in_Quantity.quantity><out_Quantity.quantity>162.674992</out_Quantity.quantity></Point><Point><position>9147</position><in_Quantity.quantity>0.000000</in_Quantity.quantity><out_Quantity.quantity>265.545838</out_Quantity.quantity></Point><Point><position>9148</position><in_Quantity.quantity>0.000000</in_Quantity.quantity><out_Quantity.quantity>909.331329</out_Quantity.quantity></Point><Point><position>9149</position><in_Quantity.quantity>0.000000</in_Quantity.quantity><out_Quantity.quantity>126.287650</out_Quantity.quantity></Point><Point><position>9150</position><in_Quantity.quantity>0.000000</in_Quantity.quantity><out_Quantity.quantity>217.519460</out_Quantity.quantity></Point><Point><position>9151</position><in_Quantity.quantity>0.000000</in_Quantity.quantity><out_Quantity.quantity>296.978220</out_Quantity.quantity></Point><Point><position>9152</position><in_Quantity.quantity>0.000000</in_Quantity.quantity><out_Quantity.quantity>867.302000</out_Quantity.quantity></Point><Point><position>9153</position><in_Quantity.quantity>0.000000</in_Quantity.quantity><out_Quantity.quantity>674.863206</out_Quantity.quantity></Point><Point><position>9154</position><in_Quantity.quantity>0.000000</in_Quantity.quantity><out_Quantity.quantity>968.049904</out_Quantity.quantity></Point><Point><position>9155</position><in_Quantity.quantity>0.000000</in_Quantity.quantity><out_Quantity.quantity>332.302882</out_Quantity.quantity></Point><Point><position>9156</position><in_Quantity.quantity>0.000000</in_Quantity.quantity><out_Quantity.quantity>139.472949</out_Quantity.quantity></Point><Point><position>9157</position><in_Quantity.quantity>0.000000</in_Quantity.quantity><out_Quantity.quantity>451.391592</out_Quantity.quantity></Point><Point><position>9158</position><in_Quantity.quantity>0.000000</in_Quantity.quantity><out_Quantity.quantity>44.934573</out_Quantity.quantity></Point><Point><position>9159</position><in_Quantity.quantity>0.000000</in_Quantity.quantity><out_Quantity.quantity>819.529370</out_Quantity.quantity></Point><Point><position>9160</position><in_Quantity.quantity>0.000000</in_Quantity.quantity><out_Quantity.quantity>178.585431</out_Quantity.quantity></Point><Point><position>9161</position><in_Quantity.quantity>0.000000</in_Quantity.quantity><out_Quantity.quantity>146.937101</out_Quantity.quantity></Point><Point><position>9162</position><in_Quantity.quantity>0.000000</in_Quantity.quantity><out_Quantity.quantity>346.714403</out_Quantity.quantity></Point><Point><position>9163</position><in_Quantity.quantity>0.000000</in_Quantity.quantity><out_Quantity.quantity>435.602251</out_Quantity.quantity></Point><Point><position>9164</position><in_Quantity.quantity>0.000000</in_Quantity.quantity><out_Quantity.quantity>688.385692</out_Quantity.quantity></Point><Point><position>9165</position><in_Quantity.quantity>0.000000</in_Quantity.quantity><out_Quantity.quantity>211.293555</out_Quantity.quantity></Point><Point><position>9166</position><in_Quantity.quantity>0.000000</in_Quantity.quantity><out_Quantity.quantity>439.107190</out_Quantity.quantity></Point><Point><position>9167</position><in_Quantity.quantity>0.000000</in_Quantity.quantity><out_Quantity.quantity>712.519406</out_Quantity.quantity></Point><Point><position>9168</position><in_Quantity.quantity>0.000000</in_Quantity.quantity><out_Quantity.quantity>618.002089</out_Quantity.quantity></Point><Point><position>9169</position><in_Quantity.quantity>0.000000</in_Quantity.quantity><out_Quantity.quantity>15.195795</out_Quantity.quantity></Point><Point><position>9170</position><in_Quantity.quantity>0.000000</in_Quantity.quantity><out_Quantity.quantity>444.286776</out_Quantity.quantity></Point><Point><position>9171</position><in_Quantity.quantity>0.000000</in_Quantity.quantity><out_Quantity.quantity>976.970433</out_Quantity.quantity></Point><Point><position>9172</position><in_Quantity.quantity>0.000000</in_Quantity.quantity><out_Quantity.quantity>169.717784</out_Quantity.quantity></Point><Point><position>9173</position><in_Quantity.quantity>0.000000</in_Quantity.quantity><out_Quantity.quantity>282.038375</out_Quantity.quantity></Point><Point><position>9174</position><in_Quantity.quantity>0.000000</in_Quantity.quantity><out_Quantity.quantity>536.198061</out_Quantity.quantity></Point><Point><position>9175</position><in_Quantity.quantity>0.000000</in_Quantity.quantity><out_Quantity.quantity>133.986598</out_Quantity.quantity></Point><Point><position>9176</position><in_Quantity.quantity>0.000000</in_Quantity.quantity><out_Quantity.quantity>568.501652</out_Quantity.quantity></Point><Point><position>9177</position><in_Quantity.quantity>0.000000</in_Quantity.quantity><out_Quantity.quantity>746.123251</out_Quantity.quantity></Point><Point><position>9178</position><in_Quantity.quantity>0.000000</in_Quantity.quantity><out_Quantity.quantity>483.359038</out_Quantity.quantity></Point><Point><position>9179</position><in_Quantity.quantity>0.000000</in_Quantity.quantity><out_Quantity.quantity>90.260720</out_Quantity.quantity></Point><Point><position>9180</position><in_Quantity.quantity>0.000000</in_Quantity.quantity><out_Quantity.quantity>517.345585</out_Quantity.quantity></Point><Point><position>9181</position><in_Quantity.quantity>0.000000</in_Quantity.quantity><out_Quantity.quantity>14.543976</out_Quantity.quantity></Point><Point><position>9182</position><in_Quantity.quantity>0.000000</in_Quantity.quantity><out_Quantity.quantity>689.802593</out_Quantity.quantity></Point><Point><position>9183</position><in_Quantity.quantity>0.000000</in_Quantity.quantity><out_Quantity.quantity>659.123164</out_Quantity.quantity></Point><Point><position>9184</position><in_Quantity.quantity>0.000000</in_Quantity.quantity><out_Quantity.quantity>836.703569</out_Quantity.quantity></Point><Point><position>9185</position><in_Quantity.quantity>0.000000</in_Quantity.quantity><out_Quantity.quantity>174.620344</out_Quantity.quantity></Point><Point><position>9186</position><in_Quantity.quantity>0.000000</in_Quantity.quantity><out_Quantity.quantity>478.190425</out_Quantity.quantity></Point><Point><position>9187</position><in_Quantity.quantity>0.000000</in_Quantity.quantity><out_Quantity.quantity>325.599969</out_Quantity.quantity></Point><Point><position>9188</position><in_Quantity.quantity>0.000000</in_Quantity.quantity><out_Quantity.quantity>70.370219</out_Quantity.quantity></Point><Point><position>9189</position><in_Quantity.quantity>0.000000</in_Quantity.quantity><out_Quantity.quantity>608.258480</out_Quantity.quantity></Point><Point><position>9190</position><in_Quantity.quantity>0.000000</in_Quantity.quantity><out_Quantity.quantity>104.036278</out_Quantity.quantity></Point><Point><position>9191</position><in_Quantity.quantity>0.000000</in_Quantity.quantity><out_Quantity.quantity>972.610995</out_Quantity.quantity></Point><Point><position>9192</position><in_Quantity.quantity>0.000000</in_Quantity.quantity><out_Quantity.quantity>310.253396</out_Quantity.quantity></Point><Point><position>9193</position><in_Quantity.quantity>0.000000</in_Quantity.quantity><out_Quantity.quantity>329.328852</out_Quantity.quantity></Point><Point><position>9194</position><in_Quantity.quantity>0.000000</in_Quantity.quantity><out_Quantity.quantity>284.147898</out_Quantity.quantity></Point><Point><position>9195</position><in_Quantity.quantity>0.000000</in_Quantity.quantity><out_Quantity.quantity>549.102456</out_Quantity.quantity></Point><Point><position>9196</position><in_Quantity.quantity>0.000000</in_Quantity.quantity><out_Quantity.quantity>292.046862</out_Quantity.quantity></Point><Point><position>9197</position><in_Quantity.quantity>0.000000</in_Quantity.quantity><out_Quantity.quantity>418.540256</out_Quantity.quantity></Point><Point><position>9198</position><in_Quantity.quantity>0.000000</in_Quantity.quantity><out_Quantity.quantity>159.720186</out_Quantity.quantity></Point><Point><position>9199</position><in_Quantity.quantity>0.000000</in_Quantity.quantity><out_Quantity.quantity>733.348322</out_Quantity.quantity></Point><Point><position>9200</position><in_Quantity.quantity>0.000000</in_Quantity.quantity><out_Quantity.quantity>197.744413</out_Quantity.quantity></Point><Point><position>9201</position><in_Quantity.quantity>0.000000</in_Quantity.quantity><out_Quantity.quantity>608.028056</out_Quantity.quantity></Point><Point><position>9202</position><in_Quantity.quantity>0.000000</in_Quantity.quantity><out_Quantity.quantity>32.416317</out_Quantity.quantity></Point><Point><position>9203</position><in_Quantity.quantity>0.000000</in_Quantity.quantity><out_Quantity.quantity>983.724002</out_Quantity.quantity></Point><Point><position>9204</position><in_Quantity.quantity>0.000000</in_Quantity.quantity><out_Quantity.quantity>206.127991</out_Quantity.quantity></Point><Point><position>9205</position><in_Quantity.quantity>0.000000</in_Quantity.quantity><out_Quantity.quantity>841.294216</out_Quantity.quantity></Point><Point><position>9206</position><in_Quantity.quantity>0.000000</in_Quantity.quantity><out_Quantity.quantity>668.526965</out_Quantity.quantity></Point><Point><position>9207</position><in_Quantity.quantity>0.000000</in_Quantity.quantity><out_Quantity.quantity>790.067339</out_Quantity.quantity></Point><Point><position>9208</position><in_Quantity.quantity>0.000000</in_Quantity.quantity><out_Quantity.quantity>217.818843</out_Quantity.quantity></Point><Point><position>9209</position><in_Quantity.quantity>0.000000</in_Quantity.quantity><out_Quantity.quantity>226.528748</out_Quantity.quantity></Point><Point><position>9210</position><in_Quantity.quantity>0.000000</in_Quantity.quantity><out_Quantity.quantity>672.508480</out_Quantity.quantity></Point><Point><position>9211</position><in_Quantity.quantity>0.000000</in_Quantity.quantity><out_Quantity.quantity>933.282691</out_Quantity.quantity></Point><Point><position>9212</position><in_Quantity.quantity>0.000000</in_Quantity.quantity><out_Quantity.quantity>711.955037</out_Quantity.quantity></Point><Point><position>9213</position><in_Quantity.quantity>0.000000</in_Quantity.quantity><out_Quantity.quantity>332.863871</out_Quantity.quantity></Point><Point><position>9214</position><in_Quantity.quantity>0.000000</in_Quantity.quantity><out_Quantity.quantity>105.409774</out_Quantity.quantity></Point><Point><position>9215</position><in_Quantity.quantity>0.000000</in_Quantity.quantity><out_Quantity.quantity>622.741557</out_Quantity.quantity></Point><Point><position>9216</position><in_Quantity.quantity>0.000000</in_Quantity.quantity><out_Quantity.quantity>993.965893</out_Quantity.quantity></Point><Point><position>9217</position><in_Quantity.quantity>0.000000</in_Quantity.quantity><out_Quantity.quantity>682.737253</out_Quantity.quantity></Point><Point><position>9218</position><in_Quantity.quantity>0.000000</in_Quantity.quantity><out_Quantity.quantity>907.369221</out_Quantity.quantity></Point><Point><position>9219</position><in_Quantity.quantity>0.000000</in_Quantity.quantity><out_Quantity.quantity>704.917147</out_Quantity.quantity></Point><Point><position>9220</position><in_Quantity.quantity>0.000000</in_Quantity.quantity><out_Quantity.quantity>22.170149</out_Quantity.quantity></Point><Point><position>9221</position><in_Quantity.quantity>0.000000</in_Quantity.quantity><out_Quantity.quantity>528.998293</out_Quantity.quantity></Point><Point><position>9222</position><in_Quantity.quantity>0.000000</in_Quantity.quantity><out_Quantity.quantity>118.842008</out_Quantity.quantity></Point><Point><position>9223</position><in_Quantity.quantity>0.000000</in_Quantity.quantity><out_Quantity.quantity>549.009940</out_Quantity.quantity></Point><Point><position>9224</position><in_Quantity.quantity>0.000000</in_Quantity.quantity><out_Quantity.quantity>916.734262</out_Quantity.quantity></Point><Point><position>9225</position><in_Quantity.quantity>0.000000</in_Quantity.quantity><out_Quantity.quantity>333.621363</out_Quantity.quantity></Point><Point><position>9226</position><in_Quantity.quantity>0.000000</in_Quantity.quantity><out_Quantity.quantity>98.535836</out_Quantity.quantity></Point><Point><position>9227</position><in_Quantity.quantity>0.000000</in_Quantity.quantity><out_Quantity.quantity>361.457126</out_Quantity.quantity></Point><Point><position>9228</position><in_Quantity.quantity>0.000000</in_Quantity.quantity><out_Quantity.quantity>348.566560</out_Quantity.quantity></Point><Point><position>9229</position><in_Quantity.quantity>0.000000</in_Quantity.quantity><out_Quantity.quantity>717.890940</out_Quantity.quantity></Point><Point><position>9230</position><in_Quantity.quantity>0.000000</in_Quantity.quantity><out_Quantity.quantity>829.552926</out_Quantity.quantity></Point><Point><position>9231</position><in_Quantity.quantity>0.000000</in_Quantity.quantity><out_Quantity.quantity>60.005000</out_Quantity.quantity></Point><Point><position>9232</position><in_Quantity.quantity>0.000000</in_Quantity.quantity><out_Quantity.quantity>279.624336</out_Quantity.quantity></Point><Point><position>9233</position><in_Quantity.quantity>0.000000</in_Quantity.quantity><out_Quantity.quantity>147.710089</out_Quantity.quantity></Point><Point><position>9234</position><in_Quantity.quantity>0.000000</in_Quantity.quantity><out_Quantity.quantity>967.471992</out_Quantity.quantity></Point><Point><position>9235</position><in_Quantity.quantity>0.000000</in_Quantity.quantity><out_Quantity.quantity>129.437565</out_Quantity.quantity></Point><Point><position>9236</position><in_Quantity.quantity>0.000000</in_Quantity.quantity><out_Quantity.quantity>910.185919</out_Quantity.quantity></Point><Point><position>9237</position><in_Quantity.quantity>0.000000</in_Quantity.quantity><out_Quantity.quantity>789.193540</out_Quantity.quantity></Point><Point><position>9238</position><in_Quantity.quantity>0.000000</in_Quantity.quantity><out_Quantity.quantity>644.607421</out_Quantity.quantity></Point><Point><position>9239</position><in_Quantity.quantity>0.000000</in_Quantity.quantity><out_Quantity.quantity>784.948585</out_Quantity.quantity></Point><Point><position>9240</position><in_Quantity.quantity>0.000000</in_Quantity.quantity><out_Quantity.quantity>627.703884</out_Quantity.quantity></Point><Point><position>9241</position><in_Quantity.quantity>0.000000</in_Quantity.quantity><out_Quantity.quantity>292.662056</out_Quantity.quantity></Point><Point><position>9242</position><in_Quantity.quantity>0.000000</in_Quantity.quantity><out_Quantity.quantity>770.382765</out_Quantity.quantity></Point><Point><position>9243</position><in_Quantity.quantity>0.000000</in_Quantity.quantity><out_Quantity.quantity>84.658029</out_Quantity.quantity></Point><Point><position>9244</position><in_Quantity.quantity>0.000000</in_Quantity.quantity><out_Quantity.quantity>483.460753</out_Quantity.quantity></Point><Point><position>9245</position><in_Quantity.quantity>0.000000</in_Quantity.quantity><out_Quantity.quantity>305.701596</out_Quantity.quantity></Point><Point><position>9246</position><in_Quantity.quantity>0.000000</in_Quantity.quantity><out_Quantity.quantity>228.099522</out_Quantity.quantity></Point><Point><position>9247</position><in_Quantity.quantity>0.000000</in_Quantity.quantity><out_Quantity.quantity>670.051861</out_Quantity.quantity></Point><Point><position>9248</position><in_Quantity.quantity>0.000000</in_Quantity.quantity><out_Quantity.quantity>384.695376</out_Quantity.quantity></Point><Point><position>9249</position><in_Quantity.quantity>0.000000</in_Quantity.quantity><out_Quantity.quantity>15.034180</out_Quantity.quantity></Point><Point><position>9250</position><in_Quantity.quantity>0.000000</in_Quantity.quantity><out_Quantity.quantity>224.695949</out_Quantity.quantity></Point><Point><position>9251</position><in_Quantity.quantity>0.000000</in_Quantity.quantity><out_Quantity.quantity>501.854729</out_Quantity.quantity></Point><Point><position>9252</position><in_Quantity.quantity>0.000000</in_Quantity.quantity><out_Quantity.quantity>296.223917</out_Quantity.quantity></Point><Point><position>9253</position><in_Quantity.quantity>0.000000</in_Quantity.quantity><out_Quantity.quantity>479.754386</out_Quantity.quantity></Point><Point><position>9254</position><in_Quantity.quantity>0.000000</in_Quantity.quantity><out_Quantity.quantity>832.338860</out_Quantity.quantity></Point><Point><position>9255</position><in_Quantity.quantity>0.000000</in_Quantity.quantity><out_Quantity.quantity>51.211577</out_Quantity.quantity></Point><Point><position>9256</position><in_Quantity.quantity>0.000000</in_Quantity.quantity><out_Quantity.quantity>396.574789</out_Quantity.quantity></Point><Point><position>9257</position><in_Quantity.quantity>0.000000</in_Quantity.quantity><out_Quantity.quantity>207.401478</out_Quantity.quantity></Point><Point><position>9258</position><in_Quantity.quantity>0.000000</in_Quantity.quantity><out_Quantity.quantity>922.480434</out_Quantity.quantity></Point><Point><position>9259</position><in_Quantity.quantity>0.000000</in_Quantity.quantity><out_Quantity.quantity>236.868231</out_Quantity.quantity></Point><Point><position>9260</position><in_Quantity.quantity>0.000000</in_Quantity.quantity><out_Quantity.quantity>534.337617</out_Quantity.quantity></Point><Point><position>9261</position><in_Quantity.quantity>0.000000</in_Quantity.quantity><out_Quantity.quantity>870.065913</out_Quantity.quantity></Point><Point><position>9262</position><in_Quantity.quantity>0.000000</in_Quantity.quantity><out_Quantity.quantity>309.072115</out_Quantity.quantity></Point><Point><position>9263</position><in_Quantity.quantity>0.000000</in_Quantity.quantity><out_Quantity.quantity>80.662905</out_Quantity.quantity></Point><Point><position>9264</position><in_Quantity.quantity>0.000000</in_Quantity.quantity><out_Quantity.quantity>82.988755</out_Quantity.quantity></Point><Point><position>9265</position><in_Quantity.quantity>0.000000</in_Quantity.quantity><out_Quantity.quantity>131.794407</out_Quantity.quantity></Point><Point><position>9266</position><in_Quantity.quantity>0.000000</in_Quantity.quantity><out_Quantity.quantity>735.258779</out_Quantity.quantity></Point><Point><position>9267</position><in_Quantity.quantity>0.000000</in_Quantity.quantity><out_Quantity.quantity>750.878785</out_Quantity.quantity></Point><Point><position>9268</position><in_Quantity.quantity>0.000000</in_Quantity.quantity><out_Quantity.quantity>144.322025</out_Quantity.quantity></Point><Point><position>9269</position><in_Quantity.quantity>0.000000</in_Quantity.quantity><out_Quantity.quantity>633.505010</out_Quantity.quantity></Point><Point><position>9270</position><in_Quantity.quantity>0.000000</in_Quantity.quantity><out_Quantity.quantity>138.108333</out_Quantity.quantity></Point><Point><position>9271</position><in_Quantity.quantity>0.000000</in_Quantity.quantity><out_Quantity.quantity>767.692816</out_Quantity.quantity></Point><Point><position>9272</position><in_Quantity.quantity>0.000000</in_Quantity.quantity><out_Quantity.quantity>844.549063</out_Quantity.quantity></Point><Point><position>9273</position><in_Quantity.quantity>0.000000</in_Quantity.quantity><out_Quantity.quantity>646.646304</out_Quantity.quantity></Point><Point><position>9274</position><in_Quantity.quantity>0.000000</in_Quantity.quantity><out_Quantity.quantity>733.765846</out_Quantity.quantity></Point><Point><position>9275</position><in_Quantity.quantity>0.000000</in_Quantity.quantity><out_Quantity.quantity>566.045593</out_Quantity.quantity></Point><Point><position>9276</position><in_Quantity.quantity>0.000000</in_Quantity.quantity><out_Quantity.quantity>470.304826</out_Quantity.quantity></Point><Point><position>9277</position><in_Quantity.quantity>0.000000</in_Quantity.quantity><out_Quantity.quantity>309.073848</out_Quantity.quantity></Point><Point><position>9278</position><in_Quantity.quantity>0.000000</in_Quantity.quantity><out_Quantity.quantity>118.804485</out_Quantity.quantity></Point><Point><position>9279</position><in_Quantity.quantity>0.000000</in_Quantity.quantity><out_Quantity.quantity>496.400562</out_Quantity.quantity></Point><Point><position>9280</position><in_Quantity.quantity>0.000000</in_Quantity.quantity><out_Quantity.quantity>879.515495</out_Quantity.quantity></Point><Point><position>9281</position><in_Quantity.quantity>0.000000</in_Quantity.quantity><out_Quantity.quantity>871.391117</out_Quantity.quantity></Point><Point><position>9282</position><in_Quantity.quantity>0.000000</in_Quantity.quantity><out_Quantity.quantity>514.612317</out_Quantity.quantity></Point><Point><position>9283</position><in_Quantity.quantity>0.000000</in_Quantity.quantity><out_Quantity.quantity>780.300107</out_Quantity.quantity></Point><Point><position>9284</position><in_Quantity.quantity>0.000000</in_Quantity.quantity><out_Quantity.quantity>953.034351</out_Quantity.quantity></Point><Point><position>9285</position><in_Quantity.quantity>0.000000</in_Quantity.quantity><out_Quantity.quantity>963.596941</out_Quantity.quantity></Point><Point><position>9286</position><in_Quantity.quantity>0.000000</in_Quantity.quantity><out_Quantity.quantity>125.945486</out_Quantity.quantity></Point><Point><position>9287</position><in_Quantity.quantity>0.000000</in_Quantity.quantity><out_Quantity.quantity>891.886319</out_Quantity.quantity></Point><Point><position>9288</position><in_Quantity.quantity>0.000000</in_Quantity.quantity><out_Quantity.quantity>598.487693</out_Quantity.quantity></Point><Point><position>9289</position><in_Quantity.quantity>0.000000</in_Quantity.quantity><out_Quantity.quantity>873.939589</out_Quantity.quantity></Point><Point><position>9290</position><in_Quantity.quantity>0.000000</in_Quantity.quantity><out_Quantity.quantity>628.525743</out_Quantity.quantity></Point><Point><position>9291</position><in_Quantity.quantity>0.000000</in_Quantity.quantity><out_Quantity.quantity>428.912454</out_Quantity.quantity></Point><Point><position>9292</position><in_Quantity.quantity>0.000000</in_Quantity.quantity><out_Quantity.quantity>154.961981</out_Quantity.quantity></Point><Point><position>9293</position><in_Quantity.quantity>0.000000</in_Quantity.quantity><out_Quantity.quantity>856.558635</out_Quantity.quantity></Point><Point><position>9294</position><in_Quantity.quantity>0.000000</in_Quantity.quantity><out_Quantity.quantity>861.989672</out_Quantity.quantity></Point><Point><position>9295</position><in_Quantity.quantity>0.000000</in_Quantity.quantity><out_Quantity.quantity>946.664491</out_Quantity.quantity></Point><Point><position>9296</position><in_Quantity.quantity>0.000000</in_Quantity.quantity><out_Quantity.quantity>345.287123</out_Quantity.quantity></Point><Point><position>9297</position><in_Quantity.quantity>0.000000</in_Quantity.quantity><out_Quantity.quantity>624.656707</out_Quantity.quantity></Point><Point><position>9298</position><in_Quantity.quantity>0.000000</in_Quantity.quantity><out_Quantity.quantity>850.019613</out_Quantity.quantity></Point><Point><position>9299</position><in_Quantity.quantity>0.000000</in_Quantity.quantity><out_Quantity.quantity>515.463734</out_Quantity.quantity></Point><Point><position>9300</position><in_Quantity.quantity>0.000000</in_Quantity.quantity><out_Quantity.quantity>910.138044</out_Quantity.quantity></Point><Point><position>9301</position><in_Quantity.quantity>0.000000</in_Quantity.quantity><out_Quantity.quantity>98.860457</out_Quantity.quantity></Point><Point><position>9302</position><in_Quantity.quantity>0.000000</in_Quantity.quantity><out_Quantity.quantity>261.949832</out_Quantity.quantity></Point><Point><position>9303</position><in_Quantity.quantity>0.000000</in_Quantity.quantity><out_Quantity.quantity>852.602696</out_Quantity.quantity></Point><Point><position>9304</position><in_Quantity.quantity>0.000000</in_Quantity.quantity><out_Quantity.quantity>226.814823</out_Quantity.quantity></Point><Point><position>9305</position><in_Quantity.quantity>0.000000</in_Quantity.quantity><out_Quantity.quantity>690.323360</out_Quantity.quantity></Point><Point><position>9306</position><in_Quantity.quantity>0.000000</in_Quantity.quantity><out_Quantity.quantity>236.406508</out_Quantity.quantity></Point><Point><position>9307</position><in_Quantity.quantity>0.000000</in_Quantity.quantity><out_Quantity.quantity>121.491290</out_Quantity.quantity></Point><Point><position>9308</position><in_Quantity.quantity>0.000000</in_Quantity.quantity><out_Quantity.quantity>985.094331</out_Quantity.quantity></Point><Point><position>9309</position><in_Quantity.quantity>0.000000</in_Quantity.quantity><out_Quantity.quantity>1.069772</out_Quantity.quantity></Point><Point><position>9310</position><in_Quantity.quantity>0.000000</in_Quantity.quantity><out_Quantity.quantity>955.853536</out_Quantity.quantity></Point><Point><position>9311</position><in_Quantity.quantity>0.000000</in_Quantity.quantity><out_Quantity.quantity>151.423666</out_Quantity.quantity></Point><Point><position>9312</position><in_Quantity.quantity>0.000000</in_Quantity.quantity><out_Quantity.quantity>947.265841</out_Quantity.quantity></Point><Point><position>9313</position><in_Quantity.quantity>0.000000</in_Quantity.quantity><out_Quantity.quantity>13.272865</out_Quantity.quantity></Point><Point><position>9314</position><in_Quantity.quantity>0.000000</in_Quantity.quantity><out_Quantity.quantity>788.957011</out_Quantity.quantity></Point><Point><position>9315</position><in_Quantity.quantity>0.000000</in_Quantity.quantity><out_Quantity.quantity>256.622361</out_Quantity.quantity></Point><Point><position>9316</position><in_Quantity.quantity>0.000000</in_Quantity.quantity><out_Quantity.quantity>995.018315</out_Quantity.quantity></Point><Point><position>9317</position><in_Quantity.quantity>0.000000</in_Quantity.quantity><out_Quantity.quantity>494.117680</out_Quantity.quantity></Point><Point><position>9318</position><in_Quantity.quantity>0.000000</in_Quantity.quantity><out_Quantity.quantity>988.593361</out_Quantity.quantity></Point><Point><position>9319</position><in_Quantity.quantity>0.000000</in_Quantity.quantity><out_Quantity.quantity>41.686717</out_Quantity.quantity></Point><Point><position>9320</position><in_Quantity.quantity>0.000000</in_Quantity.quantity><out_Quantity.quantity>319.859832</out_Quantity.quantity></Point><Point><position>9321</position><in_Quantity.quantity>0.000000</in_Quantity.quantity><out_Quantity.quantity>462.570772</out_Quantity.quantity></Point><Point><position>9322</position><in_Quantity.quantity>0.000000</in_Quantity.quantity><out_Quantity.quantity>474.084486</out_Quantity.quantity></Point><Point><position>9323</position><in_Quantity.quantity>0.000000</in_Quantity.quantity><out_Quantity.quantity>38.035450</out_Quantity.quantity></Point><Point><position>9324</position><in_Quantity.quantity>0.000000</in_Quantity.quantity><out_Quantity.quantity>960.241354</out_Quantity.quantity></Point><Point><position>9325</position><in_Quantity.quantity>0.000000</in_Quantity.quantity><out_Quantity.quantity>494.544961</out_Quantity.quantity></Point><Point><position>9326</position><in_Quantity.quantity>0.000000</in_Quantity.quantity><out_Quantity.quantity>121.018615</out_Quantity.quantity></Point><Point><position>9327</position><in_Quantity.quantity>0.000000</in_Quantity.quantity><out_Quantity.quantity>253.641115</out_Quantity.quantity></Point><Point><position>9328</position><in_Quantity.quantity>0.000000</in_Quantity.quantity><out_Quantity.quantity>863.126039</out_Quantity.quantity></Point><Point><position>9329</position><in_Quantity.quantity>0.000000</in_Quantity.quantity><out_Quantity.quantity>86.532150</out_Quantity.quantity></Point><Point><position>9330</position><in_Quantity.quantity>0.000000</in_Quantity.quantity><out_Quantity.quantity>759.733862</out_Quantity.quantity></Point><Point><position>9331</position><in_Quantity.quantity>0.000000</in_Quantity.quantity><out_Quantity.quantity>672.813387</out_Quantity.quantity></Point><Point><position>9332</position><in_Quantity.quantity>0.000000</in_Quantity.quantity><out_Quantity.quantity>403.501134</out_Quantity.quantity></Point><Point><position>9333</position><in_Quantity.quantity>0.000000</in_Quantity.quantity><out_Quantity.quantity>897.445716</out_Quantity.quantity></Point><Point><position>9334</position><in_Quantity.quantity>0.000000</in_Quantity.quantity><out_Quantity.quantity>404.052866</out_Quantity.quantity></Point><Point><position>9335</position><in_Quantity.quantity>0.000000</in_Quantity.quantity><out_Quantity.quantity>558.338419</out_Quantity.quantity></Point><Point><position>9336</position><in_Quantity.quantity>0.000000</in_Quantity.quantity><out_Quantity.quantity>263.099161</out_Quantity.quantity></Point><Point><position>9337</position><in_Quantity.quantity>0.000000</in_Quantity.quantity><out_Quantity.quantity>439.867406</out_Quantity.quantity></Point><Point><position>9338</position><in_Quantity.quantity>0.000000</in_Quantity.quantity><out_Quantity.quantity>595.061516</out_Quantity.quantity></Point><Point><position>9339</position><in_Quantity.quantity>0.000000</in_Quantity.quantity><out_Quantity.quantity>655.951029</out_Quantity.quantity></Point><Point><position>9340</position><in_Quantity.quantity>0.000000</in_Quantity.quantity><out_Quantity.quantity>405.904374</out_Quantity.quantity></Point><Point><position>9341</position><in_Quantity.quantity>0.000000</in_Quantity.quantity><out_Quantity.quantity>471.079091</out_Quantity.quantity></Point><Point><position>9342</position><in_Quantity.quantity>0.000000</in_Quantity.quantity><out_Quantity.quantity>595.805513</out_Quantity.quantity></Point><Point><position>9343</position><in_Quantity.quantity>0.000000</in_Quantity.quantity><out_Quantity.quantity>966.360869</out_Quantity.quantity></Point><Point><position>9344</position><in_Quantity.quantity>0.000000</in_Quantity.quantity><out_Quantity.quantity>311.055441</out_Quantity.quantity></Point><Point><position>9345</position><in_Quantity.quantity>0.000000</in_Quantity.quantity><out_Quantity.quantity>824.171073</out_Quantity.quantity></Point><Point><position>9346</position><in_Quantity.quantity>0.000000</in_Quantity.quantity><out_Quantity.quantity>416.894603</out_Quantity.quantity></Point><Point><position>9347</position><in_Quantity.quantity>0.000000</in_Quantity.quantity><out_Quantity.quantity>379.961590</out_Quantity.quantity></Point><Point><position>9348</position><in_Quantity.quantity>0.000000</in_Quantity.quantity><out_Quantity.quantity>5.644770</out_Quantity.quantity></Point><Point><position>9349</position><in_Quantity.quantity>0.000000</in_Quantity.quantity><out_Quantity.quantity>904.627058</out_Quantity.quantity></Point><Point><position>9350</position><in_Quantity.quantity>0.000000</in_Quantity.quantity><out_Quantity.quantity>277.260227</out_Quantity.quantity></Point><Point><position>9351</position><in_Quantity.quantity>0.000000</in_Quantity.quantity><out_Quantity.quantity>163.644935</out_Quantity.quantity></Point><Point><position>9352</position><in_Quantity.quantity>0.000000</in_Quantity.quantity><out_Quantity.quantity>337.247668</out_Quantity.quantity></Point><Point><position>9353</position><in_Quantity.quantity>0.000000</in_Quantity.quantity><out_Quantity.quantity>269.855643</out_Quantity.quantity></Point><Point><position>9354</position><in_Quantity.quantity>0.000000</in_Quantity.quantity><out_Quantity.quantity>218.608758</out_Quantity.quantity></Point><Point><position>9355</position><in_Quantity.quantity>0.000000</in_Quantity.quantity><out_Quantity.quantity>550.592718</out_Quantity.quantity></Point><Point><position>9356</position><in_Quantity.quantity>0.000000</in_Quantity.quantity><out_Quantity.quantity>460.116102</out_Quantity.quantity></Point><Point><position>9357</position><in_Quantity.quantity>0.000000</in_Quantity.quantity><out_Quantity.quantity>102.885014</out_Quantity.quantity></Point><Point><position>9358</position><in_Quantity.quantity>0.000000</in_Quantity.quantity><out_Quantity.quantity>823.247992</out_Quantity.quantity></Point><Point><position>9359</position><in_Quantity.quantity>0.000000</in_Quantity.quantity><out_Quantity.quantity>721.771004</out_Quantity.quantity></Point><Point><position>9360</position><in_Quantity.quantity>0.000000</in_Quantity.quantity><out_Quantity.quantity>403.202238</out_Quantity.quantity></Point><Point><position>9361</position><in_Quantity.quantity>0.000000</in_Quantity.quantity><out_Quantity.quantity>488.979045</out_Quantity.quantity></Point><Point><position>9362</position><in_Quantity.quantity>0.000000</in_Quantity.quantity><out_Quantity.quantity>663.060309</out_Quantity.quantity></Point><Point><position>9363</position><in_Quantity.quantity>0.000000</in_Quantity.quantity><out_Quantity.quantity>284.570560</out_Quantity.quantity></Point><Point><position>9364</position><in_Quantity.quantity>0.000000</in_Quantity.quantity><out_Quantity.quantity>566.133083</out_Quantity.quantity></Point><Point><position>9365</position><in_Quantity.quantity>0.000000</in_Quantity.quantity><out_Quantity.quantity>135.682258</out_Quantity.quantity></Point><Point><position>9366</position><in_Quantity.quantity>0.000000</in_Quantity.quantity><out_Quantity.quantity>628.971295</out_Quantity.quantity></Point><Point><position>9367</position><in_Quantity.quantity>0.000000</in_Quantity.quantity><out_Quantity.quantity>113.379815</out_Quantity.quantity></Point><Point><position>9368</position><in_Quantity.quantity>0.000000</in_Quantity.quantity><out_Quantity.quantity>94.595013</out_Quantity.quantity></Point><Point><position>9369</position><in_Quantity.quantity>0.000000</in_Quantity.quantity><out_Quantity.quantity>798.598599</out_Quantity.quantity></Point><Point><position>9370</position><in_Quantity.quantity>0.000000</in_Quantity.quantity><out_Quantity.quantity>746.482907</out_Quantity.quantity></Point><Point><position>9371</position><in_Quantity.quantity>0.000000</in_Quantity.quantity><out_Quantity.quantity>321.364245</out_Quantity.quantity></Point><Point><position>9372</position><in_Quantity.quantity>0.000000</in_Quantity.quantity><out_Quantity.quantity>466.623638</out_Quantity.quantity></Point><Point><position>9373</position><in_Quantity.quantity>0.000000</in_Quantity.quantity><out_Quantity.quantity>696.072412</out_Quantity.quantity></Point><Point><position>9374</position><in_Quantity.quantity>0.000000</in_Quantity.quantity><out_Quantity.quantity>380.298709</out_Quantity.quantity></Point><Point><position>9375</position><in_Quantity.quantity>0.000000</in_Quantity.quantity><out_Quantity.quantity>880.206464</out_Quantity.quantity></Point><Point><position>9376</position><in_Quantity.quantity>0.000000</in_Quantity.quantity><out_Quantity.quantity>968.850898</out_Quantity.quantity></Point><Point><position>9377</position><in_Quantity.quantity>0.000000</in_Quantity.quantity><out_Quantity.quantity>606.772133</out_Quantity.quantity></Point><Point><position>9378</position><in_Quantity.quantity>0.000000</in_Quantity.quantity><out_Quantity.quantity>648.382001</out_Quantity.quantity></Point><Point><position>9379</position><in_Quantity.quantity>0.000000</in_Quantity.quantity><out_Quantity.quantity>612.657917</out_Quantity.quantity></Point><Point><position>9380</position><in_Quantity.quantity>0.000000</in_Quantity.quantity><out_Quantity.quantity>356.090611</out_Quantity.quantity></Point><Point><position>9381</position><in_Quantity.quantity>0.000000</in_Quantity.quantity><out_Quantity.quantity>187.799824</out_Quantity.quantity></Point><Point><position>9382</position><in_Quantity.quantity>0.000000</in_Quantity.quantity><out_Quantity.quantity>908.746177</out_Quantity.quantity></Point><Point><position>9383</position><in_Quantity.quantity>0.000000</in_Quantity.quantity><out_Quantity.quantity>296.474193</out_Quantity.quantity></Point><Point><position>9384</position><in_Quantity.quantity>0.000000</in_Quantity.quantity><out_Quantity.quantity>905.096782</out_Quantity.quantity></Point><Point><position>9385</position><in_Quantity.quantity>0.000000</in_Quantity.quantity><out_Quantity.quantity>149.783015</out_Quantity.quantity></Point><Point><position>9386</position><in_Quantity.quantity>0.000000</in_Quantity.quantity><out_Quantity.quantity>358.661494</out_Quantity.quantity></Point><Point><position>9387</position><in_Quantity.quantity>0.000000</in_Quantity.quantity><out_Quantity.quantity>3.351946</out_Quantity.quantity></Point><Point><position>9388</position><in_Quantity.quantity>0.000000</in_Quantity.quantity><out_Quantity.quantity>365.150403</out_Quantity.quantity></Point><Point><position>9389</position><in_Quantity.quantity>0.000000</in_Quantity.quantity><out_Quantity.quantity>552.361060</out_Quantity.quantity></Point><Point><position>9390</position><in_Quantity.quantity>0.000000</in_Quantity.quantity><out_Quantity.quantity>664.101459</out_Quantity.quantity></Point><Point><position>9391</position><in_Quantity.quantity>0.000000</in_Quantity.quantity><out_Quantity.quantity>937.493097</out_Quantity.quantity></Point><Point><position>9392</position><in_Quantity.quantity>0.000000</in_Quantity.quantity><out_Quantity.quantity>861.353313</out_Quantity.quantity></Point><Point><position>9393</position><in_Quantity.quantity>0.000000</in_Quantity.quantity><out_Quantity.quantity>333.534162</out_Quantity.quantity></Point><Point><position>9394</position><in_Quantity.quantity>0.000000</in_Quantity.quantity><out_Quantity.quantity>566.265290</out_Quantity.quantity></Point><Point><position>9395</position><in_Quantity.quantity>0.000000</in_Quantity.quantity><out_Quantity.quantity>713.628797</out_Quantity.quantity></Point><Point><position>9396</position><in_Quantity.quantity>0.000000</in_Quantity.quantity><out_Quantity.quantity>408.709311</out_Quantity.quantity></Point><Point><position>9397</position><in_Quantity.quantity>0.000000</in_Quantity.quantity><out_Quantity.quantity>736.989450</out_Quantity.quantity></Point><Point><position>9398</position><in_Quantity.quantity>0.000000</in_Quantity.quantity><out_Quantity.quantity>806.840333</out_Quantity.quantity></Point><Point><position>9399</position><in_Quantity.quantity>0.000000</in_Quantity.quantity><out_Quantity.quantity>612.101065</out_Quantity.quantity></Point><Point><position>9400</position><in_Quantity.quantity>0.000000</in_Quantity.quantity><out_Quantity.quantity>846.768431</out_Quantity.quantity></Point><Point><position>9401</position><in_Quantity.quantity>0.000000</in_Quantity.quantity><out_Quantity.quantity>281.657958</out_Quantity.quantity></Point><Point><position>9402</position><in_Quantity.quantity>0.000000</in_Quantity.quantity><out_Quantity.quantity>198.613966</out_Quantity.quantity></Point><Point><position>9403</position><in_Quantity.quantity>0.000000</in_Quantity.quantity><out_Quantity.quantity>846.593572</out_Quantity.quantity></Point><Point><position>9404</position><in_Quantity.quantity>0.000000</in_Quantity.quantity><out_Quantity.quantity>169.382056</out_Quantity.quantity></Point><Point><position>9405</position><in_Quantity.quantity>0.000000</in_Quantity.quantity><out_Quantity.quantity>254.036332</out_Quantity.quantity></Point><Point><position>9406</position><in_Quantity.quantity>0.000000</in_Quantity.quantity><out_Quantity.quantity>731.638739</out_Quantity.quantity></Point><Point><position>9407</position><in_Quantity.quantity>0.000000</in_Quantity.quantity><out_Quantity.quantity>487.250962</out_Quantity.quantity></Point><Point><position>9408</position><in_Quantity.quantity>0.000000</in_Quantity.quantity><out_Quantity.quantity>785.578908</out_Quantity.quantity></Point><Point><position>9409</position><in_Quantity.quantity>0.000000</in_Quantity.quantity><out_Quantity.quantity>816.371616</out_Quantity.quantity></Point><Point><position>9410</position><in_Quantity.quantity>0.000000</in_Quantity.quantity><out_Quantity.quantity>442.941862</out_Quantity.quantity></Point><Point><position>9411</position><in_Quantity.quantity>0.000000</in_Quantity.quantity><out_Quantity.quantity>21.365310</out_Quantity.quantity></Point><Point><position>9412</position><in_Quantity.quantity>0.000000</in_Quantity.quantity><out_Quantity.quantity>197.056400</out_Quantity.quantity></Point><Point><position>9413</position><in_Quantity.quantity>0.000000</in_Quantity.quantity><out_Quantity.quantity>451.230718</out_Quantity.quantity></Point><Point><position>9414</position><in_Quantity.quantity>0.000000</in_Quantity.quantity><out_Quantity.quantity>952.164051</out_Quantity.quantity></Point><Point><position>9415</position><in_Quantity.quantity>0.000000</in_Quantity.quantity><out_Quantity.quantity>570.657402</out_Quantity.quantity></Point><Point><position>9416</position><in_Quantity.quantity>0.000000</in_Quantity.quantity><out_Quantity.quantity>741.921442</out_Quantity.quantity></Point><Point><position>9417</position><in_Quantity.quantity>0.000000</in_Quantity.quantity><out_Quantity.quantity>967.917155</out_Quantity.quantity></Point><Point><position>9418</position><in_Quantity.quantity>0.000000</in_Quantity.quantity><out_Quantity.quantity>396.476270</out_Quantity.quantity></Point><Point><position>9419</position><in_Quantity.quantity>0.000000</in_Quantity.quantity><out_Quantity.quantity>352.871471</out_Quantity.quantity></Point><Point><position>9420</position><in_Quantity.quantity>0.000000</in_Quantity.quantity><out_Quantity.quantity>938.856952</out_Quantity.quantity></Point><Point><position>9421</position><in_Quantity.quantity>0.000000</in_Quantity.quantity><out_Quantity.quantity>304.862806</out_Quantity.quantity></Point><Point><position>9422</position><in_Quantity.quantity>0.000000</in_Quantity.quantity><out_Quantity.quantity>623.451982</out_Quantity.quantity></Point><Point><position>9423</position><in_Quantity.quantity>0.000000</in_Quantity.quantity><out_Quantity.quantity>756.685331</out_Quantity.quantity></Point><Point><position>9424</position><in_Quantity.quantity>0.000000</in_Quantity.quantity><out_Quantity.quantity>235.657036</out_Quantity.quantity></Point><Point><position>9425</position><in_Quantity.quantity>0.000000</in_Quantity.quantity><out_Quantity.quantity>468.963225</out_Quantity.quantity></Point><Point><position>9426</position><in_Quantity.quantity>0.000000</in_Quantity.quantity><out_Quantity.quantity>167.557402</out_Quantity.quantity></Point><Point><position>9427</position><in_Quantity.quantity>0.000000</in_Quantity.quantity><out_Quantity.quantity>598.793005</out_Quantity.quantity></Point><Point><position>9428</position><in_Quantity.quantity>0.000000</in_Quantity.quantity><out_Quantity.quantity>437.454318</out_Quantity.quantity></Point><Point><position>9429</position><in_Quantity.quantity>0.000000</in_Quantity.quantity><out_Quantity.quantity>175.562932</out_Quantity.quantity></Point><Point><position>9430</position><in_Quantity.quantity>0.000000</in_Quantity.quantity><out_Quantity.quantity>787.696168</out_Quantity.quantity></Point><Point><position>9431</position><in_Quantity.quantity>0.000000</in_Quantity.quantity><out_Quantity.quantity>177.841497</out_Quantity.quantity></Point><Point><position>9432</position><in_Quantity.quantity>0.000000</in_Quantity.quantity><out_Quantity.quantity>733.165964</out_Quantity.quantity></Point><Point><position>9433</position><in_Quantity.quantity>0.000000</in_Quantity.quantity><out_Quantity.quantity>848.575879</out_Quantity.quantity></Point><Point><position>9434</position><in_Quantity.quantity>0.000000</in_Quantity.quantity><out_Quantity.quantity>655.679103</out_Quantity.quantity></Point><Point><position>9435</position><in_Quantity.quantity>0.000000</in_Quantity.quantity><out_Quantity.quantity>714.386300</out_Quantity.quantity></Point><Point><position>9436</position><in_Quantity.quantity>0.000000</in_Quantity.quantity><out_Quantity.quantity>120.264759</out_Quantity.quantity></Point><Point><position>9437</position><in_Quantity.quantity>0.000000</in_Quantity.quantity><out_Quantity.quantity>646.353726</out_Quantity.quantity></Point><Point><position>9438</position><in_Quantity.quantity>0.000000</in_Quantity.quantity><out_Quantity.quantity>386.972821</out_Quantity.quantity></Point><Point><position>9439</position><in_Quantity.quantity>0.000000</in_Quantity.quantity><out_Quantity.quantity>110.185846</out_Quantity.quantity></Point><Point><position>9440</position><in_Quantity.quantity>0.000000</in_Quantity.quantity><out_Quantity.quantity>246.318922</out_Quantity.quantity></Point><Point><position>9441</position><in_Quantity.quantity>0.000000</in_Quantity.quantity><out_Quantity.quantity>30.609223</out_Quantity.quantity></Point><Point><position>9442</position><in_Quantity.quantity>0.000000</in_Quantity.quantity><out_Quantity.quantity>130.474488</out_Quantity.quantity></Point><Point><position>9443</position><in_Quantity.quantity>0.000000</in_Quantity.quantity><out_Quantity.quantity>340.448153</out_Quantity.quantity></Point><Point><position>9444</position><in_Quantity.quantity>0.000000</in_Quantity.quantity><out_Quantity.quantity>115.739372</out_Quantity.quantity></Point><Point><position>9445</position><in_Quantity.quantity>0.000000</in_Quantity.quantity><out_Quantity.quantity>2.361757</out_Quantity.quantity></Point><Point><position>9446</position><in_Quantity.quantity>0.000000</in_Quantity.quantity><out_Quantity.quantity>659.002790</out_Quantity.quantity></Point><Point><position>9447</position><in_Quantity.quantity>0.000000</in_Quantity.quantity><out_Quantity.quantity>36.150128</out_Quantity.quantity></Point><Point><position>9448</position><in_Quantity.quantity>0.000000</in_Quantity.quantity><out_Quantity.quantity>618.970572</out_Quantity.quantity></Point><Point><position>9449</position><in_Quantity.quantity>0.000000</in_Quantity.quantity><out_Quantity.quantity>488.913652</out_Quantity.quantity></Point><Point><position>9450</position><in_Quantity.quantity>0.000000</in_Quantity.quantity><out_Quantity.quantity>936.957230</out_Quantity.quantity></Point><Point><position>9451</position><in_Quantity.quantity>0.000000</in_Quantity.quantity><out_Quantity.quantity>758.419257</out_Quantity.quantity></Point><Point><position>9452</position><in_Quantity.quantity>0.000000</in_Quantity.quantity><out_Quantity.quantity>729.841300</out_Quantity.quantity></Point><Point><position>9453</position><in_Quantity.quantity>0.000000</in_Quantity.quantity><out_Quantity.quantity>467.207357</out_Quantity.quantity></Point><Point><position>9454</position><in_Quantity.quantity>0.000000</in_Quantity.quantity><out_Quantity.quantity>337.954762</out_Quantity.quantity></Point><Point><position>9455</position><in_Quantity.quantity>0.000000</in_Quantity.quantity><out_Quantity.quantity>166.875783</out_Quantity.quantity></Point><Point><position>9456</position><in_Quantity.quantity>0.000000</in_Quantity.quantity><out_Quantity.quantity>292.863247</out_Quantity.quantity></Point><Point><position>9457</position><in_Quantity.quantity>0.000000</in_Quantity.quantity><out_Quantity.quantity>495.529327</out_Quantity.quantity></Point><Point><position>9458</position><in_Quantity.quantity>0.000000</in_Quantity.quantity><out_Quantity.quantity>834.011467</out_Quantity.quantity></Point><Point><position>9459</position><in_Quantity.quantity>0.000000</in_Quantity.quantity><out_Quantity.quantity>706.004542</out_Quantity.quantity></Point><Point><position>9460</position><in_Quantity.quantity>0.000000</in_Quantity.quantity><out_Quantity.quantity>161.066158</out_Quantity.quantity></Point><Point><position>9461</position><in_Quantity.quantity>0.000000</in_Quantity.quantity><out_Quantity.quantity>866.812632</out_Quantity.quantity></Point><Point><position>9462</position><in_Quantity.quantity>0.000000</in_Quantity.quantity><out_Quantity.quantity>899.302292</out_Quantity.quantity></Point><Point><position>9463</position><in_Quantity.quantity>0.000000</in_Quantity.quantity><out_Quantity.quantity>802.615376</out_Quantity.quantity></Point><Point><position>9464</position><in_Quantity.quantity>0.000000</in_Quantity.quantity><out_Quantity.quantity>104.950641</out_Quantity.quantity></Point><Point><position>9465</position><in_Quantity.quantity>0.000000</in_Quantity.quantity><out_Quantity.quantity>963.500595</out_Quantity.quantity></Point><Point><position>9466</position><in_Quantity.quantity>0.000000</in_Quantity.quantity><out_Quantity.quantity>535.851024</out_Quantity.quantity></Point><Point><position>9467</position><in_Quantity.quantity>0.000000</in_Quantity.quantity><out_Quantity.quantity>428.030156</out_Quantity.quantity></Point><Point><position>9468</position><in_Quantity.quantity>0.000000</in_Quantity.quantity><out_Quantity.quantity>173.862987</out_Quantity.quantity></Point><Point><position>9469</position><in_Quantity.quantity>0.000000</in_Quantity.quantity><out_Quantity.quantity>17.256607</out_Quantity.quantity></Point><Point><position>9470</position><in_Quantity.quantity>0.000000</in_Quantity.quantity><out_Quantity.quantity>650.208711</out_Quantity.quantity></Point><Point><position>9471</position><in_Quantity.quantity>0.000000</in_Quantity.quantity><out_Quantity.quantity>970.595357</out_Quantity.quantity></Point><Point><position>9472</position><in_Quantity.quantity>0.000000</in_Quantity.quantity><out_Quantity.quantity>717.473858</out_Quantity.quantity></Point><Point><position>9473</position><in_Quantity.quantity>0.000000</in_Quantity.quantity><out_Quantity.quantity>997.977330</out_Quantity.quantity></Point><Point><position>9474</position><in_Quantity.quantity>0.000000</in_Quantity.quantity><out_Quantity.quantity>505.528439</out_Quantity.quantity></Point><Point><position>9475</position><in_Quantity.quantity>0.000000</in_Quantity.quantity><out_Quantity.quantity>399.625442</out_Quantity.quantity></Point><Point><position>9476</position><in_Quantity.quantity>0.000000</in_Quantity.quantity><out_Quantity.quantity>829.491990</out_Quantity.quantity></Point><Point><position>9477</position><in_Quantity.quantity>0.000000</in_Quantity.quantity><out_Quantity.quantity>777.992449</out_Quantity.quantity></Point><Point><position>9478</position><in_Quantity.quantity>0.000000</in_Quantity.quantity><out_Quantity.quantity>639.176303</out_Quantity.quantity></Point><Point><position>9479</position><in_Quantity.quantity>0.000000</in_Quantity.quantity><out_Quantity.quantity>883.364372</out_Quantity.quantity></Point><Point><position>9480</position><in_Quantity.quantity>0.000000</in_Quantity.quantity><out_Quantity.quantity>740.535932</out_Quantity.quantity></Point><Point><position>9481</position><in_Quantity.quantity>0.000000</in_Quantity.quantity><out_Quantity.quantity>503.660968</out_Quantity.quantity></Point><Point><position>9482</position><in_Quantity.quantity>0.000000</in_Quantity.quantity><out_Quantity.quantity>526.187654</out_Quantity.quantity></Point><Point><position>9483</position><in_Quantity.quantity>0.000000</in_Quantity.quantity><out_Quantity.quantity>760.250200</out_Quantity.quantity></Point><Point><position>9484</position><in_Quantity.quantity>0.000000</in_Quantity.quantity><out_Quantity.quantity>453.877321</out_Quantity.quantity></Point><Point><position>9485</position><in_Quantity.quantity>0.000000</in_Quantity.quantity><out_Quantity.quantity>687.579621</out_Quantity.quantity></Point><Point><position>9486</position><in_Quantity.quantity>0.000000</in_Quantity.quantity><out_Quantity.quantity>598.634691</out_Quantity.quantity></Point><Point><position>9487</position><in_Quantity.quantity>0.000000</in_Quantity.quantity><out_Quantity.quantity>969.311463</out_Quantity.quantity></Point><Point><position>9488</position><in_Quantity.quantity>0.000000</in_Quantity.quantity><out_Quantity.quantity>662.981083</out_Quantity.quantity></Point><Point><position>9489</position><in_Quantity.quantity>0.000000</in_Quantity.quantity><out_Quantity.quantity>559.124683</out_Quantity.quantity></Point><Point><position>9490</position><in_Quantity.quantity>0.000000</in_Quantity.quantity><out_Quantity.quantity>183.473686</out_Quantity.quantity></Point><Point><position>9491</position><in_Quantity.quantity>0.000000</in_Quantity.quantity><out_Quantity.quantity>698.352594</out_Quantity.quantity></Point><Point><position>9492</position><in_Quantity.quantity>0.000000</in_Quantity.quantity><out_Quantity.quantity>604.646945</out_Quantity.quantity></Point><Point><position>9493</position><in_Quantity.quantity>0.000000</in_Quantity.quantity><out_Quantity.quantity>642.173037</out_Quantity.quantity></Point><Point><position>9494</position><in_Quantity.quantity>0.000000</in_Quantity.quantity><out_Quantity.quantity>291.971831</out_Quantity.quantity></Point><Point><position>9495</position><in_Quantity.quantity>0.000000</in_Quantity.quantity><out_Quantity.quantity>480.063823</out_Quantity.quantity></Point><Point><position>9496</position><in_Quantity.quantity>0.000000</in_Quantity.quantity><out_Quantity.quantity>828.480872</out_Quantity.quantity></Point><Point><position>9497</position><in_Quantity.quantity>0.000000</in_Quantity.quantity><out_Quantity.quantity>508.012915</out_Quantity.quantity></Point><Point><position>9498</position><in_Quantity.quantity>0.000000</in_Quantity.quantity><out_Quantity.quantity>837.450481</out_Quantity.quantity></Point><Point><position>9499</position><in_Quantity.quantity>0.000000</in_Quantity.quantity><out_Quantity.quantity>272.123037</out_Quantity.quantity></Point><Point><position>9500</position><in_Quantity.quantity>0.000000</in_Quantity.quantity><out_Quantity.quantity>355.232318</out_Quantity.quantity></Point><Point><position>9501</position><in_Quantity.quantity>0.000000</in_Quantity.quantity><out_Quantity.quantity>647.430125</out_Quantity.quantity></Point><Point><position>9502</position><in_Quantity.quantity>0.000000</in_Quantity.quantity><out_Quantity.quantity>361.065029</out_Quantity.quantity></Point><Point><position>9503</position><in_Quantity.quantity>0.000000</in_Quantity.quantity><out_Quantity.quantity>405.052039</out_Quantity.quantity></Point><Point><position>9504</position><in_Quantity.quantity>0.000000</in_Quantity.quantity><out_Quantity.quantity>92.499673</out_Quantity.quantity></Point><Point><position>9505</position><in_Quantity.quantity>0.000000</in_Quantity.quantity><out_Quantity.quantity>743.763667</out_Quantity.quantity></Point><Point><position>9506</position><in_Quantity.quantity>0.000000</in_Quantity.quantity><out_Quantity.quantity>186.513385</out_Quantity.quantity></Point><Point><position>9507</position><in_Quantity.quantity>0.000000</in_Quantity.quantity><out_Quantity.quantity>725.104185</out_Quantity.quantity></Point><Point><position>9508</position><in_Quantity.quantity>0.000000</in_Quantity.quantity><out_Quantity.quantity>517.490379</out_Quantity.quantity></Point><Point><position>9509</position><in_Quantity.quantity>0.000000</in_Quantity.quantity><out_Quantity.quantity>772.941365</out_Quantity.quantity></Point><Point><position>9510</position><in_Quantity.quantity>0.000000</in_Quantity.quantity><out_Quantity.quantity>500.463084</out_Quantity.quantity></Point><Point><position>9511</position><in_Quantity.quantity>0.000000</in_Quantity.quantity><out_Quantity.quantity>352.710773</out_Quantity.quantity></Point><Point><position>9512</position><in_Quantity.quantity>0.000000</in_Quantity.quantity><out_Quantity.quantity>257.637054</out_Quantity.quantity></Point><Point><position>9513</position><in_Quantity.quantity>0.000000</in_Quantity.quantity><out_Quantity.quantity>164.767158</out_Quantity.quantity></Point><Point><position>9514</position><in_Quantity.quantity>0.000000</in_Quantity.quantity><out_Quantity.quantity>753.137883</out_Quantity.quantity></Point><Point><position>9515</position><in_Quantity.quantity>0.000000</in_Quantity.quantity><out_Quantity.quantity>912.480705</out_Quantity.quantity></Point><Point><position>9516</position><in_Quantity.quantity>0.000000</in_Quantity.quantity><out_Quantity.quantity>993.103864</out_Quantity.quantity></Point><Point><position>9517</position><in_Quantity.quantity>0.000000</in_Quantity.quantity><out_Quantity.quantity>39.528582</out_Quantity.quantity></Point><Point><position>9518</position><in_Quantity.quantity>0.000000</in_Quantity.quantity><out_Quantity.quantity>120.361207</out_Quantity.quantity></Point><Point><position>9519</position><in_Quantity.quantity>0.000000</in_Quantity.quantity><out_Quantity.quantity>175.437419</out_Quantity.quantity></Point><Point><position>9520</position><in_Quantity.quantity>0.000000</in_Quantity.quantity><out_Quantity.quantity>702.423869</out_Quantity.quantity></Point><Point><position>9521</position><in_Quantity.quantity>0.000000</in_Quantity.quantity><out_Quantity.quantity>329.463903</out_Quantity.quantity></Point><Point><position>9522</position><in_Quantity.quantity>0.000000</in_Quantity.quantity><out_Quantity.quantity>743.364435</out_Quantity.quantity></Point><Point><position>9523</position><in_Quantity.quantity>0.000000</in_Quantity.quantity><out_Quantity.quantity>12.406935</out_Quantity.quantity></Point><Point><position>9524</position><in_Quantity.quantity>0.000000</in_Quantity.quantity><out_Quantity.quantity>629.750363</out_Quantity.quantity></Point><Point><position>9525</position><in_Quantity.quantity>0.000000</in_Quantity.quantity><out_Quantity.quantity>359.982281</out_Quantity.quantity></Point><Point><position>9526</position><in_Quantity.quantity>0.000000</in_Quantity.quantity><out_Quantity.quantity>417.734741</out_Quantity.quantity></Point><Point><position>9527</position><in_Quantity.quantity>0.000000</in_Quantity.quantity><out_Quantity.quantity>542.051233</out_Quantity.quantity></Point><Point><position>9528</position><in_Quantity.quantity>0.000000</in_Quantity.quantity><out_Quantity.quantity>459.392819</out_Quantity.quantity></Point><Point><position>9529</position><in_Quantity.quantity>0.000000</in_Quantity.quantity><out_Quantity.quantity>903.775062</out_Quantity.quantity></Point><Point><position>9530</position><in_Quantity.quantity>0.000000</in_Quantity.quantity><out_Quantity.quantity>141.155791</out_Quantity.quantity></Point><Point><position>9531</position><in_Quantity.quantity>0.000000</in_Quantity.quantity><out_Quantity.quantity>589.625244</out_Quantity.quantity></Point><Point><position>9532</position><in_Quantity.quantity>0.000000</in_Quantity.quantity><out_Quantity.quantity>680.695561</out_Quantity.quantity></Point><Point><position>9533</position><in_Quantity.quantity>0.000000</in_Quantity.quantity><out_Quantity.quantity>994.374696</out_Quantity.quantity></Point><Point><position>9534</position><in_Quantity.quantity>0.000000</in_Quantity.quantity><out_Quantity.quantity>672.114861</out_Quantity.quantity></Point><Point><position>9535</position><in_Quantity.quantity>0.000000</in_Quantity.quantity><out_Quantity.quantity>649.489137</out_Quantity.quantity></Point><Point><position>9536</position><in_Quantity.quantity>0.000000</in_Quantity.quantity><out_Quantity.quantity>437.705182</out_Quantity.quantity></Point><Point><position>9537</position><in_Quantity.quantity>0.000000</in_Quantity.quantity><out_Quantity.quantity>883.060111</out_Quantity.quantity></Point><Point><position>9538</position><in_Quantity.quantity>0.000000</in_Quantity.quantity><out_Quantity.quantity>971.909451</out_Quantity.quantity></Point><Point><position>9539</position><in_Quantity.quantity>0.000000</in_Quantity.quantity><out_Quantity.quantity>923.301461</out_Quantity.quantity></Point><Point><position>9540</position><in_Quantity.quantity>0.000000</in_Quantity.quantity><out_Quantity.quantity>42.271552</out_Quantity.quantity></Point><Point><position>9541</position><in_Quantity.quantity>0.000000</in_Quantity.quantity><out_Quantity.quantity>765.124397</out_Quantity.quantity></Point><Point><position>9542</position><in_Quantity.quantity>0.000000</in_Quantity.quantity><out_Quantity.quantity>505.622318</out_Quantity.quantity></Point><Point><position>9543</position><in_Quantity.quantity>0.000000</in_Quantity.quantity><out_Quantity.quantity>809.522815</out_Quantity.quantity></Point><Point><position>9544</position><in_Quantity.quantity>0.000000</in_Quantity.quantity><out_Quantity.quantity>531.267304</out_Quantity.quantity></Point><Point><position>9545</position><in_Quantity.quantity>0.000000</in_Quantity.quantity><out_Quantity.quantity>761.441140</out_Quantity.quantity></Point><Point><position>9546</position><in_Quantity.quantity>0.000000</in_Quantity.quantity><out_Quantity.quantity>141.332268</out_Quantity.quantity></Point><Point><position>9547</position><in_Quantity.quantity>0.000000</in_Quantity.quantity><out_Quantity.quantity>831.977469</out_Quantity.quantity></Point><Point><position>9548</position><in_Quantity.quantity>0.000000</in_Quantity.quantity><out_Quantity.quantity>345.661775</out_Quantity.quantity></Point><Point><position>9549</position><in_Quantity.quantity>0.000000</in_Quantity.quantity><out_Quantity.quantity>436.826260</out_Quantity.quantity></Point><Point><position>9550</position><in_Quantity.quantity>0.000000</in_Quantity.quantity><out_Quantity.quantity>871.088093</out_Quantity.quantity></Point><Point><position>9551</position><in_Quantity.quantity>0.000000</in_Quantity.quantity><out_Quantity.quantity>924.788705</out_Quantity.quantity></Point><Point><position>9552</position><in_Quantity.quantity>0.000000</in_Quantity.quantity><out_Quantity.quantity>655.871861</out_Quantity.quantity></Point><Point><position>9553</position><in_Quantity.quantity>0.000000</in_Quantity.quantity><out_Quantity.quantity>805.562688</out_Quantity.quantity></Point><Point><position>9554</position><in_Quantity.quantity>0.000000</in_Quantity.quantity><out_Quantity.quantity>43.000311</out_Quantity.quantity></Point><Point><position>9555</position><in_Quantity.quantity>0.000000</in_Quantity.quantity><out_Quantity.quantity>362.853005</out_Quantity.quantity></Point><Point><position>9556</position><in_Quantity.quantity>0.000000</in_Quantity.quantity><out_Quantity.quantity>834.810548</out_Quantity.quantity></Point><Point><position>9557</position><in_Quantity.quantity>0.000000</in_Quantity.quantity><out_Quantity.quantity>102.089260</out_Quantity.quantity></Point><Point><position>9558</position><in_Quantity.quantity>0.000000</in_Quantity.quantity><out_Quantity.quantity>473.669645</out_Quantity.quantity></Point><Point><position>9559</position><in_Quantity.quantity>0.000000</in_Quantity.quantity><out_Quantity.quantity>871.560588</out_Quantity.quantity></Point><Point><position>9560</position><in_Quantity.quantity>0.000000</in_Quantity.quantity><out_Quantity.quantity>789.560362</out_Quantity.quantity></Point><Point><position>9561</position><in_Quantity.quantity>0.000000</in_Quantity.quantity><out_Quantity.quantity>732.807616</out_Quantity.quantity></Point><Point><position>9562</position><in_Quantity.quantity>0.000000</in_Quantity.quantity><out_Quantity.quantity>650.205343</out_Quantity.quantity></Point><Point><position>9563</position><in_Quantity.quantity>0.000000</in_Quantity.quantity><out_Quantity.quantity>523.621311</out_Quantity.quantity></Point><Point><position>9564</position><in_Quantity.quantity>0.000000</in_Quantity.quantity><out_Quantity.quantity>13.636747</out_Quantity.quantity></Point><Point><position>9565</position><in_Quantity.quantity>0.000000</in_Quantity.quantity><out_Quantity.quantity>280.847958</out_Quantity.quantity></Point><Point><position>9566</position><in_Quantity.quantity>0.000000</in_Quantity.quantity><out_Quantity.quantity>165.476940</out_Quantity.quantity></Point><Point><position>9567</position><in_Quantity.quantity>0.000000</in_Quantity.quantity><out_Quantity.quantity>228.775654</out_Quantity.quantity></Point><Point><position>9568</position><in_Quantity.quantity>0.000000</in_Quantity.quantity><out_Quantity.quantity>696.706239</out_Quantity.quantity></Point><Point><position>9569</position><in_Quantity.quantity>0.000000</in_Quantity.quantity><out_Quantity.quantity>965.843980</out_Quantity.quantity></Point><Point><position>9570</position><in_Quantity.quantity>0.000000</in_Quantity.quantity><out_Quantity.quantity>902.211031</out_Quantity.quantity></Point><Point><position>9571</position><in_Quantity.quantity>0.000000</in_Quantity.quantity><out_Quantity.quantity>375.995144</out_Quantity.quantity></Point><Point><position>9572</position><in_Quantity.quantity>0.000000</in_Quantity.quantity><out_Quantity.quantity>478.313367</out_Quantity.quantity></Point><Point><position>9573</position><in_Quantity.quantity>0.000000</in_Quantity.quantity><out_Quantity.quantity>176.096390</out_Quantity.quantity></Point><Point><position>9574</position><in_Quantity.quantity>0.000000</in_Quantity.quantity><out_Quantity.quantity>479.741291</out_Quantity.quantity></Point><Point><position>9575</position><in_Quantity.quantity>0.000000</in_Quantity.quantity><out_Quantity.quantity>661.206930</out_Quantity.quantity></Point><Point><position>9576</position><in_Quantity.quantity>0.000000</in_Quantity.quantity><out_Quantity.quantity>905.172162</out_Quantity.quantity></Point><Point><position>9577</position><in_Quantity.quantity>0.000000</in_Quantity.quantity><out_Quantity.quantity>592.525397</out_Quantity.quantity></Point><Point><position>9578</position><in_Quantity.quantity>0.000000</in_Quantity.quantity><out_Quantity.quantity>702.941470</out_Quantity.quantity></Point><Point><position>9579</position><in_Quantity.quantity>0.000000</in_Quantity.quantity><out_Quantity.quantity>277.498089</out_Quantity.quantity></Point><Point><position>9580</position><in_Quantity.quantity>0.000000</in_Quantity.quantity><out_Quantity.quantity>937.734348</out_Quantity.quantity></Point><Point><position>9581</position><in_Quantity.quantity>0.000000</in_Quantity.quantity><out_Quantity.quantity>131.937394</out_Quantity.quantity></Point><Point><position>9582</position><in_Quantity.quantity>0.000000</in_Quantity.quantity><out_Quantity.quantity>612.873858</out_Quantity.quantity></Point><Point><position>9583</position><in_Quantity.quantity>0.000000</in_Quantity.quantity><out_Quantity.quantity>588.587572</out_Quantity.quantity></Point><Point><position>9584</position><in_Quantity.quantity>0.000000</in_Quantity.quantity><out_Quantity.quantity>308.586818</out_Quantity.quantity></Point><Point><position>9585</position><in_Quantity.quantity>0.000000</in_Quantity.quantity><out_Quantity.quantity>561.506706</out_Quantity.quantity></Point><Point><position>9586</position><in_Quantity.quantity>0.000000</in_Quantity.quantity><out_Quantity.quantity>613.997307</out_Quantity.quantity></Point><Point><position>9587</position><in_Quantity.quantity>0.000000</in_Quantity.quantity><out_Quantity.quantity>983.060279</out_Quantity.quantity></Point><Point><position>9588</position><in_Quantity.quantity>0.000000</in_Quantity.quantity><out_Quantity.quantity>151.178098</out_Quantity.quantity></Point><Point><position>9589</position><in_Quantity.quantity>0.000000</in_Quantity.quantity><out_Quantity.quantity>679.266824</out_Quantity.quantity></Point><Point><position>9590</position><in_Quantity.quantity>0.000000</in_Quantity.quantity><out_Quantity.quantity>852.959138</out_Quantity.quantity></Point><Point><position>9591</position><in_Quantity.quantity>0.000000</in_Quantity.quantity><out_Quantity.quantity>762.106351</out_Quantity.quantity></Point><Point><position>9592</position><in_Quantity.quantity>0.000000</in_Quantity.quantity><out_Quantity.quantity>759.275361</out_Quantity.quantity></Point><Point><position>9593</position><in_Quantity.quantity>0.000000</in_Quantity.quantity><out_Quantity.quantity>340.648988</out_Quantity.quantity></Point><Point><position>9594</position><in_Quantity.quantity>0.000000</in_Quantity.quantity><out_Quantity.quantity>507.526810</out_Quantity.quantity></Point><Point><position>9595</position><in_Quantity.quantity>0.000000</in_Quantity.quantity><out_Quantity.quantity>440.210036</out_Quantity.quantity></Point><Point><position>9596</position><in_Quantity.quantity>0.000000</in_Quantity.quantity><out_Quantity.quantity>662.813750</out_Quantity.quantity></Point><Point><position>9597</position><in_Quantity.quantity>0.000000</in_Quantity.quantity><out_Quantity.quantity>545.638041</out_Quantity.quantity></Point><Point><position>9598</position><in_Quantity.quantity>0.000000</in_Quantity.quantity><out_Quantity.quantity>439.968590</out_Quantity.quantity></Point><Point><position>9599</position><in_Quantity.quantity>0.000000</in_Quantity.quantity><out_Quantity.quantity>845.401378</out_Quantity.quantity></Point><Point><position>9600</position><in_Quantity.quantity>0.000000</in_Quantity.quantity><out_Quantity.quantity>667.142220</out_Quantity.quantity></Point><Point><position>9601</position><in_Quantity.quantity>0.000000</in_Quantity.quantity><out_Quantity.quantity>777.868643</out_Quantity.quantity></Point><Point><position>9602</position><in_Quantity.quantity>0.000000</in_Quantity.quantity><out_Quantity.quantity>747.429314</out_Quantity.quantity></Point><Point><position>9603</position><in_Quantity.quantity>0.000000</in_Quantity.quantity><out_Quantity.quantity>987.312963</out_Quantity.quantity></Point><Point><position>9604</position><in_Quantity.quantity>0.000000</in_Quantity.quantity><out_Quantity.quantity>207.248813</out_Quantity.quantity></Point><Point><position>9605</position><in_Quantity.quantity>0.000000</in_Quantity.quantity><out_Quantity.quantity>233.032206</out_Quantity.quantity></Point><Point><position>9606</position><in_Quantity.quantity>0.000000</in_Quantity.quantity><out_Quantity.quantity>667.562204</out_Quantity.quantity></Point><Point><position>9607</position><in_Quantity.quantity>0.000000</in_Quantity.quantity><out_Quantity.quantity>633.349236</out_Quantity.quantity></Point><Point><position>9608</position><in_Quantity.quantity>0.000000</in_Quantity.quantity><out_Quantity.quantity>236.971167</out_Quantity.quantity></Point><Point><position>9609</position><in_Quantity.quantity>0.000000</in_Quantity.quantity><out_Quantity.quantity>169.712277</out_Quantity.quantity></Point><Point><position>9610</position><in_Quantity.quantity>0.000000</in_Quantity.quantity><out_Quantity.quantity>87.784916</out_Quantity.quantity></Point><Point><position>9611</position><in_Quantity.quantity>0.000000</in_Quantity.quantity><out_Quantity.quantity>199.885750</out_Quantity.quantity></Point><Point><position>9612</position><in_Quantity.quantity>0.000000</in_Quantity.quantity><out_Quantity.quantity>444.040412</out_Quantity.quantity></Point><Point><position>9613</position><in_Quantity.quantity>0.000000</in_Quantity.quantity><out_Quantity.quantity>366.813831</out_Quantity.quantity></Point><Point><position>9614</position><in_Quantity.quantity>0.000000</in_Quantity.quantity><out_Quantity.quantity>235.000657</out_Quantity.quantity></Point><Point><position>9615</position><in_Quantity.quantity>0.000000</in_Quantity.quantity><out_Quantity.quantity>20.507148</out_Quantity.quantity></Point><Point><position>9616</position><in_Quantity.quantity>0.000000</in_Quantity.quantity><out_Quantity.quantity>324.556641</out_Quantity.quantity></Point><Point><position>9617</position><in_Quantity.quantity>0.000000</in_Quantity.quantity><out_Quantity.quantity>742.237189</out_Quantity.quantity></Point><Point><position>9618</position><in_Quantity.quantity>0.000000</in_Quantity.quantity><out_Quantity.quantity>481.040597</out_Quantity.quantity></Point><Point><position>9619</position><in_Quantity.quantity>0.000000</in_Quantity.quantity><out_Quantity.quantity>355.790736</out_Quantity.quantity></Point><Point><position>9620</position><in_Quantity.quantity>0.000000</in_Quantity.quantity><out_Quantity.quantity>864.790322</out_Quantity.quantity></Point><Point><position>9621</position><in_Quantity.quantity>0.000000</in_Quantity.quantity><out_Quantity.quantity>60.699228</out_Quantity.quantity></Point><Point><position>9622</position><in_Quantity.quantity>0.000000</in_Quantity.quantity><out_Quantity.quantity>691.594976</out_Quantity.quantity></Point><Point><position>9623</position><in_Quantity.quantity>0.000000</in_Quantity.quantity><out_Quantity.quantity>779.792304</out_Quantity.quantity></Point><Point><position>9624</position><in_Quantity.quantity>0.000000</in_Quantity.quantity><out_Quantity.quantity>645.970250</out_Quantity.quantity></Point><Point><position>9625</position><in_Quantity.quantity>0.000000</in_Quantity.quantity><out_Quantity.quantity>187.687521</out_Quantity.quantity></Point><Point><position>9626</position><in_Quantity.quantity>0.000000</in_Quantity.quantity><out_Quantity.quantity>897.475266</out_Quantity.quantity></Point><Point><position>9627</position><in_Quantity.quantity>0.000000</in_Quantity.quantity><out_Quantity.quantity>611.385223</out_Quantity.quantity></Point><Point><position>9628</position><in_Quantity.quantity>0.000000</in_Quantity.quantity><out_Quantity.quantity>757.854287</out_Quantity.quantity></Point><Point><position>9629</position><in_Quantity.quantity>0.000000</in_Quantity.quantity><out_Quantity.quantity>340.812397</out_Quantity.quantity></Point><Point><position>9630</position><in_Quantity.quantity>0.000000</in_Quantity.quantity><out_Quantity.quantity>624.010556</out_Quantity.quantity></Point><Point><position>9631</position><in_Quantity.quantity>0.000000</in_Quantity.quantity><out_Quantity.quantity>534.471462</out_Quantity.quantity></Point><Point><position>9632</position><in_Quantity.quantity>0.000000</in_Quantity.quantity><out_Quantity.quantity>305.399544</out_Quantity.quantity></Point><Point><position>9633</position><in_Quantity.quantity>0.000000</in_Quantity.quantity><out_Quantity.quantity>988.846618</out_Quantity.quantity></Point><Point><position>9634</position><in_Quantity.quantity>0.000000</in_Quantity.quantity><out_Quantity.quantity>705.299394</out_Quantity.quantity></Point><Point><position>9635</position><in_Quantity.quantity>0.000000</in_Quantity.quantity><out_Quantity.quantity>574.457981</out_Quantity.quantity></Point><Point><position>9636</position><in_Quantity.quantity>0.000000</in_Quantity.quantity><out_Quantity.quantity>358.107301</out_Quantity.quantity></Point><Point><position>9637</position><in_Quantity.quantity>0.000000</in_Quantity.quantity><out_Quantity.quantity>175.324777</out_Quantity.quantity></Point><Point><position>9638</position><in_Quantity.quantity>0.000000</in_Quantity.quantity><out_Quantity.quantity>853.844765</out_Quantity.quantity></Point><Point><position>9639</position><in_Quantity.quantity>0.000000</in_Quantity.quantity><out_Quantity.quantity>687.895967</out_Quantity.quantity></Point><Point><position>9640</position><in_Quantity.quantity>0.000000</in_Quantity.quantity><out_Quantity.quantity>579.722412</out_Quantity.quantity></Point><Point><position>9641</position><in_Quantity.quantity>0.000000</in_Quantity.quantity><out_Quantity.quantity>780.951304</out_Quantity.quantity></Point><Point><position>9642</position><in_Quantity.quantity>0.000000</in_Quantity.quantity><out_Quantity.quantity>680.025146</out_Quantity.quantity></Point><Point><position>9643</position><in_Quantity.quantity>0.000000</in_Quantity.quantity><out_Quantity.quantity>426.454097</out_Quantity.quantity></Point><Point><position>9644</position><in_Quantity.quantity>0.000000</in_Quantity.quantity><out_Quantity.quantity>371.955639</out_Quantity.quantity></Point><Point><position>9645</position><in_Quantity.quantity>0.000000</in_Quantity.quantity><out_Quantity.quantity>215.039609</out_Quantity.quantity></Point><Point><position>9646</position><in_Quantity.quantity>0.000000</in_Quantity.quantity><out_Quantity.quantity>524.838521</out_Quantity.quantity></Point><Point><position>9647</position><in_Quantity.quantity>0.000000</in_Quantity.quantity><out_Quantity.quantity>241.338404</out_Quantity.quantity></Point><Point><position>9648</position><in_Quantity.quantity>0.000000</in_Quantity.quantity><out_Quantity.quantity>176.709807</out_Quantity.quantity></Point><Point><position>9649</position><in_Quantity.quantity>0.000000</in_Quantity.quantity><out_Quantity.quantity>614.175191</out_Quantity.quantity></Point><Point><position>9650</position><in_Quantity.quantity>0.000000</in_Quantity.quantity><out_Quantity.quantity>195.233261</out_Quantity.quantity></Point><Point><position>9651</position><in_Quantity.quantity>0.000000</in_Quantity.quantity><out_Quantity.quantity>431.656343</out_Quantity.quantity></Point><Point><position>9652</position><in_Quantity.quantity>0.000000</in_Quantity.quantity><out_Quantity.quantity>361.532879</out_Quantity.quantity></Point><Point><position>9653</position><in_Quantity.quantity>0.000000</in_Quantity.quantity><out_Quantity.quantity>261.863305</out_Quantity.quantity></Point><Point><position>9654</position><in_Quantity.quantity>0.000000</in_Quantity.quantity><out_Quantity.quantity>919.356275</out_Quantity.quantity></Point><Point><position>9655</position><in_Quantity.quantity>0.000000</in_Quantity.quantity><out_Quantity.quantity>639.083040</out_Quantity.quantity></Point><Point><position>9656</position><in_Quantity.quantity>0.000000</in_Quantity.quantity><out_Quantity.quantity>855.309181</out_Quantity.quantity></Point><Point><position>9657</position><in_Quantity.quantity>0.000000</in_Quantity.quantity><out_Quantity.quantity>552.657250</out_Quantity.quantity></Point><Point><position>9658</position><in_Quantity.quantity>0.000000</in_Quantity.quantity><out_Quantity.quantity>329.202019</out_Quantity.quantity></Point><Point><position>9659</position><in_Quantity.quantity>0.000000</in_Quantity.quantity><out_Quantity.quantity>181.139948</out_Quantity.quantity></Point><Point><position>9660</position><in_Quantity.quantity>0.000000</in_Quantity.quantity><out_Quantity.quantity>333.839409</out_Quantity.quantity></Point><Point><position>9661</position><in_Quantity.quantity>0.000000</in_Quantity.quantity><out_Quantity.quantity>516.823904</out_Quantity.quantity></Point><Point><position>9662</position><in_Quantity.quantity>0.000000</in_Quantity.quantity><out_Quantity.quantity>241.431416</out_Quantity.quantity></Point><Point><position>9663</position><in_Quantity.quantity>0.000000</in_Quantity.quantity><out_Quantity.quantity>953.834916</out_Quantity.quantity></Point><Point><position>9664</position><in_Quantity.quantity>0.000000</in_Quantity.quantity><out_Quantity.quantity>417.968179</out_Quantity.quantity></Point><Point><position>9665</position><in_Quantity.quantity>0.000000</in_Quantity.quantity><out_Quantity.quantity>585.997467</out_Quantity.quantity></Point><Point><position>9666</position><in_Quantity.quantity>0.000000</in_Quantity.quantity><out_Quantity.quantity>19.019227</out_Quantity.quantity></Point><Point><position>9667</position><in_Quantity.quantity>0.000000</in_Quantity.quantity><out_Quantity.quantity>225.981053</out_Quantity.quantity></Point><Point><position>9668</position><in_Quantity.quantity>0.000000</in_Quantity.quantity><out_Quantity.quantity>70.600096</out_Quantity.quantity></Point><Point><position>9669</position><in_Quantity.quantity>0.000000</in_Quantity.quantity><out_Quantity.quantity>986.314653</out_Quantity.quantity></Point><Point><position>9670</position><in_Quantity.quantity>0.000000</in_Quantity.quantity><out_Quantity.quantity>448.738038</out_Quantity.quantity></Point><Point><position>9671</position><in_Quantity.quantity>0.000000</in_Quantity.quantity><out_Quantity.quantity>291.072513</out_Quantity.quantity></Point><Point><position>9672</position><in_Quantity.quantity>0.000000</in_Quantity.quantity><out_Quantity.quantity>468.068359</out_Quantity.quantity></Point><Point><position>9673</position><in_Quantity.quantity>0.000000</in_Quantity.quantity><out_Quantity.quantity>384.821354</out_Quantity.quantity></Point><Point><position>9674</position><in_Quantity.quantity>0.000000</in_Quantity.quantity><out_Quantity.quantity>599.038530</out_Quantity.quantity></Point><Point><position>9675</position><in_Quantity.quantity>0.000000</in_Quantity.quantity><out_Quantity.quantity>712.449033</out_Quantity.quantity></Point><Point><position>9676</position><in_Quantity.quantity>0.000000</in_Quantity.quantity><out_Quantity.quantity>848.358312</out_Quantity.quantity></Point><Point><position>9677</position><in_Quantity.quantity>0.000000</in_Quantity.quantity><out_Quantity.quantity>597.683460</out_Quantity.quantity></Point><Point><position>9678</position><in_Quantity.quantity>0.000000</in_Quantity.quantity><out_Quantity.quantity>274.342034</out_Quantity.quantity></Point><Point><position>9679</position><in_Quantity.quantity>0.000000</in_Quantity.quantity><out_Quantity.quantity>317.484507</out_Quantity.quantity></Point><Point><position>9680</position><in_Quantity.quantity>0.000000</in_Quantity.quantity><out_Quantity.quantity>774.308921</out_Quantity.quantity></Point><Point><position>9681</position><in_Quantity.quantity>0.000000</in_Quantity.quantity><out_Quantity.quantity>836.656607</out_Quantity.quantity></Point><Point><position>9682</position><in_Quantity.quantity>0.000000</in_Quantity.quantity><out_Quantity.quantity>327.186832</out_Quantity.quantity></Point><Point><position>9683</position><in_Quantity.quantity>0.000000</in_Quantity.quantity><out_Quantity.quantity>321.674092</out_Quantity.quantity></Point><Point><position>9684</position><in_Quantity.quantity>0.000000</in_Quantity.quantity><out_Quantity.quantity>125.066993</out_Quantity.quantity></Point><Point><position>9685</position><in_Quantity.quantity>0.000000</in_Quantity.quantity><out_Quantity.quantity>789.648325</out_Quantity.quantity></Point><Point><position>9686</position><in_Quantity.quantity>0.000000</in_Quantity.quantity><out_Quantity.quantity>302.645870</out_Quantity.quantity></Point><Point><position>9687</position><in_Quantity.quantity>0.000000</in_Quantity.quantity><out_Quantity.quantity>866.818910</out_Quantity.quantity></Point><Point><position>9688</position><in_Quantity.quantity>0.000000</in_Quantity.quantity><out_Quantity.quantity>882.845570</out_Quantity.quantity></Point><Point><position>9689</position><in_Quantity.quantity>0.000000</in_Quantity.quantity><out_Quantity.quantity>26.810354</out_Quantity.quantity></Point><Point><position>9690</position><in_Quantity.quantity>0.000000</in_Quantity.quantity><out_Quantity.quantity>415.333148</out_Quantity.quantity></Point><Point><position>9691</position><in_Quantity.quantity>0.000000</in_Quantity.quantity><out_Quantity.quantity>335.788566</out_Quantity.quantity></Point><Point><position>9692</position><in_Quantity.quantity>0.000000</in_Quantity.quantity><out_Quantity.quantity>85.343241</out_Quantity.quantity></Point><Point><position>9693</position><in_Quantity.quantity>0.000000</in_Quantity.quantity><out_Quantity.quantity>330.730492</out_Quantity.quantity></Point><Point><position>9694</position><in_Quantity.quantity>0.000000</in_Quantity.quantity><out_Quantity.quantity>611.829019</out_Quantity.quantity></Point><Point><position>9695</position><in_Quantity.quantity>0.000000</in_Quantity.quantity><out_Quantity.quantity>376.441494</out_Quantity.quantity></Point><Point><position>9696</position><in_Quantity.quantity>0.000000</in_Quantity.quantity><out_Quantity.quantity>320.082995</out_Quantity.quantity></Point><Point><position>9697</position><in_Quantity.quantity>0.000000</in_Quantity.quantity><out_Quantity.quantity>932.130303</out_Quantity.quantity></Point><Point><position>9698</position><in_Quantity.quantity>0.000000</in_Quantity.quantity><out_Quantity.quantity>523.092620</out_Quantity.quantity></Point><Point><position>9699</position><in_Quantity.quantity>0.000000</in_Quantity.quantity><out_Quantity.quantity>738.301193</out_Quantity.quantity></Point><Point><position>9700</position><in_Quantity.quantity>0.000000</in_Quantity.quantity><out_Quantity.quantity>892.275317</out_Quantity.quantity></Point><Point><position>9701</position><in_Quantity.quantity>0.000000</in_Quantity.quantity><out_Quantity.quantity>280.346100</out_Quantity.quantity></Point><Point><position>9702</position><in_Quantity.quantity>0.000000</in_Quantity.quantity><out_Quantity.quantity>555.357638</out_Quantity.quantity></Point><Point><position>9703</position><in_Quantity.quantity>0.000000</in_Quantity.quantity><out_Quantity.quantity>42.796738</out_Quantity.quantity></Point><Point><position>9704</position><in_Quantity.quantity>0.000000</in_Quantity.quantity><out_Quantity.quantity>229.857274</out_Quantity.quantity></Point><Point><position>9705</position><in_Quantity.quantity>0.000000</in_Quantity.quantity><out_Quantity.quantity>161.416671</out_Quantity.quantity></Point><Point><position>9706</position><in_Quantity.quantity>0.000000</in_Quantity.quantity><out_Quantity.quantity>73.913367</out_Quantity.quantity></Point><Point><position>9707</position><in_Quantity.quantity>0.000000</in_Quantity.quantity><out_Quantity.quantity>305.712664</out_Quantity.quantity></Point><Point><position>9708</position><in_Quantity.quantity>0.000000</in_Quantity.quantity><out_Quantity.quantity>623.982440</out_Quantity.quantity></Point><Point><position>9709</position><in_Quantity.quantity>0.000000</in_Quantity.quantity><out_Quantity.quantity>436.256927</out_Quantity.quantity></Point><Point><position>9710</position><in_Quantity.quantity>0.000000</in_Quantity.quantity><out_Quantity.quantity>516.253546</out_Quantity.quantity></Point><Point><position>9711</position><in_Quantity.quantity>0.000000</in_Quantity.quantity><out_Quantity.quantity>597.646602</out_Quantity.quantity></Point><Point><position>9712</position><in_Quantity.quantity>0.000000</in_Quantity.quantity><out_Quantity.quantity>522.272516</out_Quantity.quantity></Point><Point><position>9713</position><in_Quantity.quantity>0.000000</in_Quantity.quantity><out_Quantity.quantity>162.241471</out_Quantity.quantity></Point><Point><position>9714</position><in_Quantity.quantity>0.000000</in_Quantity.quantity><out_Quantity.quantity>360.393393</out_Quantity.quantity></Point><Point><position>9715</position><in_Quantity.quantity>0.000000</in_Quantity.quantity><out_Quantity.quantity>923.054062</out_Quantity.quantity></Point><Point><position>9716</position><in_Quantity.quantity>0.000000</in_Quantity.quantity><out_Quantity.quantity>637.651368</out_Quantity.quantity></Point><Point><position>9717</position><in_Quantity.quantity>0.000000</in_Quantity.quantity><out_Quantity.quantity>547.714514</out_Quantity.quantity></Point><Point><position>9718</position><in_Quantity.quantity>0.000000</in_Quantity.quantity><out_Quantity.quantity>630.176140</out_Quantity.quantity></Point><Point><position>9719</position><in_Quantity.quantity>0.000000</in_Quantity.quantity><out_Quantity.quantity>394.866803</out_Quantity.quantity></Point><Point><position>9720</position><in_Quantity.quantity>0.000000</in_Quantity.quantity><out_Quantity.quantity>380.709843</out_Quantity.quantity></Point><Point><position>9721</position><in_Quantity.quantity>0.000000</in_Quantity.quantity><out_Quantity.quantity>830.355541</out_Quantity.quantity></Point><Point><position>9722</position><in_Quantity.quantity>0.000000</in_Quantity.quantity><out_Quantity.quantity>364.805036</out_Quantity.quantity></Point><Point><position>9723</position><in_Quantity.quantity>0.000000</in_Quantity.quantity><out_Quantity.quantity>877.231276</out_Quantity.quantity></Point><Point><position>9724</position><in_Quantity.quantity>0.000000</in_Quantity.quantity><out_Quantity.quantity>822.529715</out_Quantity.quantity></Point><Point><position>9725</position><in_Quantity.quantity>0.000000</in_Quantity.quantity><out_Quantity.quantity>89.716251</out_Quantity.quantity></Point><Point><position>9726</position><in_Quantity.quantity>0.000000</in_Quantity.quantity><out_Quantity.quantity>104.488934</out_Quantity.quantity></Point><Point><position>9727</position><in_Quantity.quantity>0.000000</in_Quantity.quantity><out_Quantity.quantity>211.161065</out_Quantity.quantity></Point><Point><position>9728</position><in_Quantity.quantity>0.000000</in_Quantity.quantity><out_Quantity.quantity>836.483173</out_Quantity.quantity></Point><Point><position>9729</position><in_Quantity.quantity>0.000000</in_Quantity.quantity><out_Quantity.quantity>677.731290</out_Quantity.quantity></Point><Point><position>9730</position><in_Quantity.quantity>0.000000</in_Quantity.quantity><out_Quantity.quantity>509.027877</out_Quantity.quantity></Point><Point><position>9731</position><in_Quantity.quantity>0.000000</in_Quantity.quantity><out_Quantity.quantity>926.000168</out_Quantity.quantity></Point><Point><position>9732</position><in_Quantity.quantity>0.000000</in_Quantity.quantity><out_Quantity.quantity>284.999382</out_Quantity.quantity></Point><Point><position>9733</position><in_Quantity.quantity>0.000000</in_Quantity.quantity><out_Quantity.quantity>632.770505</out_Quantity.quantity></Point><Point><position>9734</position><in_Quantity.quantity>0.000000</in_Quantity.quantity><out_Quantity.quantity>399.716109</out_Quantity.quantity></Point><Point><position>9735</position><in_Quantity.quantity>0.000000</in_Quantity.quantity><out_Quantity.quantity>310.491303</out_Quantity.quantity></Point><Point><position>9736</position><in_Quantity.quantity>0.000000</in_Quantity.quantity><out_Quantity.quantity>727.452866</out_Quantity.quantity></Point><Point><position>9737</position><in_Quantity.quantity>0.000000</in_Quantity.quantity><out_Quantity.quantity>224.290532</out_Quantity.quantity></Point><Point><position>9738</position><in_Quantity.quantity>0.000000</in_Quantity.quantity><out_Quantity.quantity>709.233349</out_Quantity.quantity></Point><Point><position>9739</position><in_Quantity.quantity>0.000000</in_Quantity.quantity><out_Quantity.quantity>107.272532</out_Quantity.quantity></Point><Point><position>9740</position><in_Quantity.quantity>0.000000</in_Quantity.quantity><out_Quantity.quantity>796.452988</out_Quantity.quantity></Point><Point><position>9741</position><in_Quantity.quantity>0.000000</in_Quantity.quantity><out_Quantity.quantity>982.947542</out_Quantity.quantity></Point><Point><position>9742</position><in_Quantity.quantity>0.000000</in_Quantity.quantity><out_Quantity.quantity>337.413057</out_Quantity.quantity></Point><Point><position>9743</position><in_Quantity.quantity>0.000000</in_Quantity.quantity><out_Quantity.quantity>591.070243</out_Quantity.quantity></Point><Point><position>9744</position><in_Quantity.quantity>0.000000</in_Quantity.quantity><out_Quantity.quantity>506.115971</out_Quantity.quantity></Point><Point><position>9745</position><in_Quantity.quantity>0.000000</in_Quantity.quantity><out_Quantity.quantity>884.986412</out_Quantity.quantity></Point><Point><position>9746</position><in_Quantity.quantity>0.000000</in_Quantity.quantity><out_Quantity.quantity>800.046643</out_Quantity.quantity></Point><Point><position>9747</position><in_Quantity.quantity>0.000000</in_Quantity.quantity><out_Quantity.quantity>516.744278</out_Quantity.quantity></Point><Point><position>9748</position><in_Quantity.quantity>0.000000</in_Quantity.quantity><out_Quantity.quantity>297.764342</out_Quantity.quantity></Point><Point><position>9749</position><in_Quantity.quantity>0.000000</in_Quantity.quantity><out_Quantity.quantity>936.839537</out_Quantity.quantity></Point><Point><position>9750</position><in_Quantity.quantity>0.000000</in_Quantity.quantity><out_Quantity.quantity>489.669832</out_Quantity.quantity></Point><Point><position>9751</position><in_Quantity.quantity>0.000000</in_Quantity.quantity><out_Quantity.quantity>142.168795</out_Quantity.quantity></Point><Point><position>9752</position><in_Quantity.quantity>0.000000</in_Quantity.quantity><out_Quantity.quantity>830.819887</out_Quantity.quantity></Point><Point><position>9753</position><in_Quantity.quantity>0.000000</in_Quantity.quantity><out_Quantity.quantity>733.269219</out_Quantity.quantity></Point><Point><position>9754</position><in_Quantity.quantity>0.000000</in_Quantity.quantity><out_Quantity.quantity>82.970938</out_Quantity.quantity></Point><Point><position>9755</position><in_Quantity.quantity>0.000000</in_Quantity.quantity><out_Quantity.quantity>271.641000</out_Quantity.quantity></Point><Point><position>9756</position><in_Quantity.quantity>0.000000</in_Quantity.quantity><out_Quantity.quantity>975.018686</out_Quantity.quantity></Point><Point><position>9757</position><in_Quantity.quantity>0.000000</in_Quantity.quantity><out_Quantity.quantity>306.722977</out_Quantity.quantity></Point><Point><position>9758</position><in_Quantity.quantity>0.000000</in_Quantity.quantity><out_Quantity.quantity>524.340705</out_Quantity.quantity></Point><Point><position>9759</position><in_Quantity.quantity>0.000000</in_Quantity.quantity><out_Quantity.quantity>999.232326</out_Quantity.quantity></Point><Point><position>9760</position><in_Quantity.quantity>0.000000</in_Quantity.quantity><out_Quantity.quantity>813.320569</out_Quantity.quantity></Point><Point><position>9761</position><in_Quantity.quantity>0.000000</in_Quantity.quantity><out_Quantity.quantity>733.238464</out_Quantity.quantity></Point><Point><position>9762</position><in_Quantity.quantity>0.000000</in_Quantity.quantity><out_Quantity.quantity>802.848887</out_Quantity.quantity></Point><Point><position>9763</position><in_Quantity.quantity>0.000000</in_Quantity.quantity><out_Quantity.quantity>889.002787</out_Quantity.quantity></Point><Point><position>9764</position><in_Quantity.quantity>0.000000</in_Quantity.quantity><out_Quantity.quantity>718.982113</out_Quantity.quantity></Point><Point><position>9765</position><in_Quantity.quantity>0.000000</in_Quantity.quantity><out_Quantity.quantity>570.126806</out_Quantity.quantity></Point><Point><position>9766</position><in_Quantity.quantity>0.000000</in_Quantity.quantity><out_Quantity.quantity>348.859093</out_Quantity.quantity></Point><Point><position>9767</position><in_Quantity.quantity>0.000000</in_Quantity.quantity><out_Quantity.quantity>296.142564</out_Quantity.quantity></Point><Point><position>9768</position><in_Quantity.quantity>0.000000</in_Quantity.quantity><out_Quantity.quantity>758.717662</out_Quantity.quantity></Point><Point><position>9769</position><in_Quantity.quantity>0.000000</in_Quantity.quantity><out_Quantity.quantity>685.673579</out_Quantity.quantity></Point><Point><position>9770</position><in_Quantity.quantity>0.000000</in_Quantity.quantity><out_Quantity.quantity>235.494399</out_Quantity.quantity></Point><Point><position>9771</position><in_Quantity.quantity>0.000000</in_Quantity.quantity><out_Quantity.quantity>509.749732</out_Quantity.quantity></Point><Point><position>9772</position><in_Quantity.quantity>0.000000</in_Quantity.quantity><out_Quantity.quantity>305.159294</out_Quantity.quantity></Point><Point><position>9773</position><in_Quantity.quantity>0.000000</in_Quantity.quantity><out_Quantity.quantity>517.821554</out_Quantity.quantity></Point><Point><position>9774</position><in_Quantity.quantity>0.000000</in_Quantity.quantity><out_Quantity.quantity>655.296958</out_Quantity.quantity></Point><Point><position>9775</position><in_Quantity.quantity>0.000000</in_Quantity.quantity><out_Quantity.quantity>454.729551</out_Quantity.quantity></Point><Point><position>9776</position><in_Quantity.quantity>0.000000</in_Quantity.quantity><out_Quantity.quantity>322.001674</out_Quantity.quantity></Point><Point><position>9777</position><in_Quantity.quantity>0.000000</in_Quantity.quantity><out_Quantity.quantity>971.260884</out_Quantity.quantity></Point><Point><position>9778</position><in_Quantity.quantity>0.000000</in_Quantity.quantity><out_Quantity.quantity>559.710447</out_Quantity.quantity></Point><Point><position>9779</position><in_Quantity.quantity>0.000000</in_Quantity.quantity><out_Quantity.quantity>953.457448</out_Quantity.quantity></Point><Point><position>9780</position><in_Quantity.quantity>0.000000</in_Quantity.quantity><out_Quantity.quantity>77.251345</out_Quantity.quantity></Point><Point><position>9781</position><in_Quantity.quantity>0.000000</in_Quantity.quantity><out_Quantity.quantity>1.911228</out_Quantity.quantity></Point><Point><position>9782</position><in_Quantity.quantity>0.000000</in_Quantity.quantity><out_Quantity.quantity>172.490304</out_Quantity.quantity></Point><Point><position>9783</position><in_Quantity.quantity>0.000000</in_Quantity.quantity><out_Quantity.quantity>873.741632</out_Quantity.quantity></Point><Point><position>9784</position><in_Quantity.quantity>0.000000</in_Quantity.quantity><out_Quantity.quantity>634.526282</out_Quantity.quantity></Point><Point><position>9785</position><in_Quantity.quantity>0.000000</in_Quantity.quantity><out_Quantity.quantity>198.981572</out_Quantity.quantity></Point><Point><position>9786</position><in_Quantity.quantity>0.000000</in_Quantity.quantity><out_Quantity.quantity>85.317635</out_Quantity.quantity></Point><Point><position>9787</position><in_Quantity.quantity>0.000000</in_Quantity.quantity><out_Quantity.quantity>200.870564</out_Quantity.quantity></Point><Point><position>9788</position><in_Quantity.quantity>0.000000</in_Quantity.quantity><out_Quantity.quantity>663.138496</out_Quantity.quantity></Point><Point><position>9789</position><in_Quantity.quantity>0.000000</in_Quantity.quantity><out_Quantity.quantity>456.222694</out_Quantity.quantity></Point><Point><position>9790</position><in_Quantity.quantity>0.000000</in_Quantity.quantity><out_Quantity.quantity>118.926153</out_Quantity.quantity></Point><Point><position>9791</position><in_Quantity.quantity>0.000000</in_Quantity.quantity><out_Quantity.quantity>564.149640</out_Quantity.quantity></Point><Point><position>9792</position><in_Quantity.quantity>0.000000</in_Quantity.quantity><out_Quantity.quantity>945.099415</out_Quantity.quantity></Point><Point><position>9793</position><in_Quantity.quantity>0.000000</in_Quantity.quantity><out_Quantity.quantity>455.623049</out_Quantity.quantity></Point><Point><position>9794</position><in_Quantity.quantity>0.000000</in_Quantity.quantity><out_Quantity.quantity>909.347380</out_Quantity.quantity></Point><Point><position>9795</position><in_Quantity.quantity>0.000000</in_Quantity.quantity><out_Quantity.quantity>343.945450</out_Quantity.quantity></Point><Point><position>9796</position><in_Quantity.quantity>0.000000</in_Quantity.quantity><out_Quantity.quantity>165.618035</out_Quantity.quantity></Point><Point><position>9797</position><in_Quantity.quantity>0.000000</in_Quantity.quantity><out_Quantity.quantity>920.704777</out_Quantity.quantity></Point><Point><position>9798</position><in_Quantity.quantity>0.000000</in_Quantity.quantity><out_Quantity.quantity>494.213308</out_Quantity.quantity></Point><Point><position>9799</position><in_Quantity.quantity>0.000000</in_Quantity.quantity><out_Quantity.quantity>86.498025</out_Quantity.quantity></Point><Point><position>9800</position><in_Quantity.quantity>0.000000</in_Quantity.quantity><out_Quantity.quantity>150.537689</out_Quantity.quantity></Point><Point><position>9801</position><in_Quantity.quantity>0.000000</in_Quantity.quantity><out_Quantity.quantity>841.354120</out_Quantity.quantity></Point><Point><position>9802</position><in_Quantity.quantity>0.000000</in_Quantity.quantity><out_Quantity.quantity>535.330242</out_Quantity.quantity></Point><Point><position>9803</position><in_Quantity.quantity>0.000000</in_Quantity.quantity><out_Quantity.quantity>596.409411</out_Quantity.quantity></Point><Point><position>9804</position><in_Quantity.quantity>0.000000</in_Quantity.quantity><out_Quantity.quantity>455.628882</out_Quantity.quantity></Point><Point><position>9805</position><in_Quantity.quantity>0.000000</in_Quantity.quantity><out_Quantity.quantity>109.391180</out_Quantity.quantity></Point><Point><position>9806</position><in_Quantity.quantity>0.000000</in_Quantity.quantity><out_Quantity.quantity>138.010996</out_Quantity.quantity></Point><Point><position>9807</position><in_Quantity.quantity>0.000000</in_Quantity.quantity><out_Quantity.quantity>924.482793</out_Quantity.quantity></Point><Point><position>9808</position><in_Quantity.quantity>0.000000</in_Quantity.quantity><out_Quantity.quantity>66.362566</out_Quantity.quantity></Point><Point><position>9809</position><in_Quantity.quantity>0.000000</in_Quantity.quantity><out_Quantity.quantity>101.835311</out_Quantity.quantity></Point><Point><position>9810</position><in_Quantity.quantity>0.000000</in_Quantity.quantity><out_Quantity.quantity>286.407580</out_Quantity.quantity></Point><Point><position>9811</position><in_Quantity.quantity>0.000000</in_Quantity.quantity><out_Quantity.quantity>621.200554</out_Quantity.quantity></Point><Point><position>9812</position><in_Quantity.quantity>0.000000</in_Quantity.quantity><out_Quantity.quantity>828.763285</out_Quantity.quantity></Point><Point><position>9813</position><in_Quantity.quantity>0.000000</in_Quantity.quantity><out_Quantity.quantity>364.394742</out_Quantity.quantity></Point><Point><position>9814</position><in_Quantity.quantity>0.000000</in_Quantity.quantity><out_Quantity.quantity>674.479546</out_Quantity.quantity></Point><Point><position>9815</position><in_Quantity.quantity>0.000000</in_Quantity.quantity><out_Quantity.quantity>953.701113</out_Quantity.quantity></Point><Point><position>9816</position><in_Quantity.quantity>0.000000</in_Quantity.quantity><out_Quantity.quantity>162.902897</out_Quantity.quantity></Point><Point><position>9817</position><in_Quantity.quantity>0.000000</in_Quantity.quantity><out_Quantity.quantity>682.634075</out_Quantity.quantity></Point><Point><position>9818</position><in_Quantity.quantity>0.000000</in_Quantity.quantity><out_Quantity.quantity>430.342537</out_Quantity.quantity></Point><Point><position>9819</position><in_Quantity.quantity>0.000000</in_Quantity.quantity><out_Quantity.quantity>598.013384</out_Quantity.quantity></Point><Point><position>9820</position><in_Quantity.quantity>0.000000</in_Quantity.quantity><out_Quantity.quantity>509.748075</out_Quantity.quantity></Point><Point><position>9821</position><in_Quantity.quantity>0.000000</in_Quantity.quantity><out_Quantity.quantity>540.494510</out_Quantity.quantity></Point><Point><position>9822</position><in_Quantity.quantity>0.000000</in_Quantity.quantity><out_Quantity.quantity>994.479191</out_Quantity.quantity></Point><Point><position>9823</position><in_Quantity.quantity>0.000000</in_Quantity.quantity><out_Quantity.quantity>156.452154</out_Quantity.quantity></Point><Point><position>9824</position><in_Quantity.quantity>0.000000</in_Quantity.quantity><out_Quantity.quantity>649.539266</out_Quantity.quantity></Point><Point><position>9825</position><in_Quantity.quantity>0.000000</in_Quantity.quantity><out_Quantity.quantity>759.807366</out_Quantity.quantity></Point><Point><position>9826</position><in_Quantity.quantity>0.000000</in_Quantity.quantity><out_Quantity.quantity>473.787609</out_Quantity.quantity></Point><Point><position>9827</position><in_Quantity.quantity>0.000000</in_Quantity.quantity><out_Quantity.quantity>959.388500</out_Quantity.quantity></Point><Point><position>9828</position><in_Quantity.quantity>0.000000</in_Quantity.quantity><out_Quantity.quantity>548.207891</out_Quantity.quantity></Point><Point><position>9829</position><in_Quantity.quantity>0.000000</in_Quantity.quantity><out_Quantity.quantity>727.933282</out_Quantity.quantity></Point><Point><position>9830</position><in_Quantity.quantity>0.000000</in_Quantity.quantity><out_Quantity.quantity>850.107573</out_Quantity.quantity></Point><Point><position>9831</position><in_Quantity.quantity>0.000000</in_Quantity.quantity><out_Quantity.quantity>377.063151</out_Quantity.quantity></Point><Point><position>9832</position><in_Quantity.quantity>0.000000</in_Quantity.quantity><out_Quantity.quantity>320.106117</out_Quantity.quantity></Point><Point><position>9833</position><in_Quantity.quantity>0.000000</in_Quantity.quantity><out_Quantity.quantity>781.126796</out_Quantity.quantity></Point><Point><position>9834</position><in_Quantity.quantity>0.000000</in_Quantity.quantity><out_Quantity.quantity>50.298539</out_Quantity.quantity></Point><Point><position>9835</position><in_Quantity.quantity>0.000000</in_Quantity.quantity><out_Quantity.quantity>710.425739</out_Quantity.quantity></Point><Point><position>9836</position><in_Quantity.quantity>0.000000</in_Quantity.quantity><out_Quantity.quantity>296.548850</out_Quantity.quantity></Point><Point><position>9837</position><in_Quantity.quantity>0.000000</in_Quantity.quantity><out_Quantity.quantity>434.051040</out_Quantity.quantity></Point><Point><position>9838</position><in_Quantity.quantity>0.000000</in_Quantity.quantity><out_Quantity.quantity>977.841937</out_Quantity.quantity></Point><Point><position>9839</position><in_Quantity.quantity>0.000000</in_Quantity.quantity><out_Quantity.quantity>478.459714</out_Quantity.quantity></Point><Point><position>9840</position><in_Quantity.quantity>0.000000</in_Quantity.quantity><out_Quantity.quantity>47.471696</out_Quantity.quantity></Point><Point><position>9841</position><in_Quantity.quantity>0.000000</in_Quantity.quantity><out_Quantity.quantity>887.493880</out_Quantity.quantity></Point><Point><position>9842</position><in_Quantity.quantity>0.000000</in_Quantity.quantity><out_Quantity.quantity>501.538589</out_Quantity.quantity></Point><Point><position>9843</position><in_Quantity.quantity>0.000000</in_Quantity.quantity><out_Quantity.quantity>942.573185</out_Quantity.quantity></Point><Point><position>9844</position><in_Quantity.quantity>0.000000</in_Quantity.quantity><out_Quantity.quantity>974.123544</out_Quantity.quantity></Point><Point><position>9845</position><in_Quantity.quantity>0.000000</in_Quantity.quantity><out_Quantity.quantity>63.081433</out_Quantity.quantity></Point><Point><position>9846</position><in_Quantity.quantity>0.000000</in_Quantity.quantity><out_Quantity.quantity>449.002889</out_Quantity.quantity></Point><Point><position>9847</position><in_Quantity.quantity>0.000000</in_Quantity.quantity><out_Quantity.quantity>738.279038</out_Quantity.quantity></Point><Point><position>9848</position><in_Quantity.quantity>0.000000</in_Quantity.quantity><out_Quantity.quantity>512.236787</out_Quantity.quantity></Point><Point><position>9849</position><in_Quantity.quantity>0.000000</in_Quantity.quantity><out_Quantity.quantity>852.883719</out_Quantity.quantity></Point><Point><position>9850</position><in_Quantity.quantity>0.000000</in_Quantity.quantity><out_Quantity.quantity>588.396015</out_Quantity.quantity></Point><Point><position>9851</position><in_Quantity.quantity>0.000000</in_Quantity.quantity><out_Quantity.quantity>660.874353</out_Quantity.quantity></Point><Point><position>9852</position><in_Quantity.quantity>0.000000</in_Quantity.quantity><out_Quantity.quantity>586.138677</out_Quantity.quantity></Point><Point><position>9853</position><in_Quantity.quantity>0.000000</in_Quantity.quantity><out_Quantity.quantity>553.475763</out_Quantity.quantity></Point><Point><position>9854</position><in_Quantity.quantity>0.000000</in_Quantity.quantity><out_Quantity.quantity>162.042184</out_Quantity.quantity></Point><Point><position>9855</position><in_Quantity.quantity>0.000000</in_Quantity.quantity><out_Quantity.quantity>65.842943</out_Quantity.quantity></Point><Point><position>9856</position><in_Quantity.quantity>0.000000</in_Quantity.quantity><out_Quantity.quantity>90.804241</out_Quantity.quantity></Point><Point><position>9857</position><in_Quantity.quantity>0.000000</in_Quantity.quantity><out_Quantity.quantity>861.972812</out_Quantity.quantity></Point><Point><position>9858</position><in_Quantity.quantity>0.000000</in_Quantity.quantity><out_Quantity.quantity>90.581405</out_Quantity.quantity></Point><Point><position>9859</position><in_Quantity.quantity>0.000000</in_Quantity.quantity><out_Quantity.quantity>156.785687</out_Quantity.quantity></Point><Point><position>9860</position><in_Quantity.quantity>0.000000</in_Quantity.quantity><out_Quantity.quantity>809.238296</out_Quantity.quantity></Point><Point><position>9861</position><in_Quantity.quantity>0.000000</in_Quantity.quantity><out_Quantity.quantity>722.994316</out_Quantity.quantity></Point><Point><position>9862</position><in_Quantity.quantity>0.000000</in_Quantity.quantity><out_Quantity.quantity>70.872953</out_Quantity.quantity></Point><Point><position>9863</position><in_Quantity.quantity>0.000000</in_Quantity.quantity><out_Quantity.quantity>105.853010</out_Quantity.quantity></Point><Point><position>9864</position><in_Quantity.quantity>0.000000</in_Quantity.quantity><out_Quantity.quantity>766.783308</out_Quantity.quantity></Point><Point><position>9865</position><in_Quantity.quantity>0.000000</in_Quantity.quantity><out_Quantity.quantity>499.405027</out_Quantity.quantity></Point><Point><position>9866</position><in_Quantity.quantity>0.000000</in_Quantity.quantity><out_Quantity.quantity>274.644880</out_Quantity.quantity></Point><Point><position>9867</position><in_Quantity.quantity>0.000000</in_Quantity.quantity><out_Quantity.quantity>808.931943</out_Quantity.quantity></Point><Point><position>9868</position><in_Quantity.quantity>0.000000</in_Quantity.quantity><out_Quantity.quantity>102.305029</out_Quantity.quantity></Point><Point><position>9869</position><in_Quantity.quantity>0.000000</in_Quantity.quantity><out_Quantity.quantity>611.517967</out_Quantity.quantity></Point><Point><position>9870</position><in_Quantity.quantity>0.000000</in_Quantity.quantity><out_Quantity.quantity>715.952318</out_Quantity.quantity></Point><Point><position>9871</position><in_Quantity.quantity>0.000000</in_Quantity.quantity><out_Quantity.quantity>860.854176</out_Quantity.quantity></Point><Point><position>9872</position><in_Quantity.quantity>0.000000</in_Quantity.quantity><out_Quantity.quantity>340.901893</out_Quantity.quantity></Point><Point><position>9873</position><in_Quantity.quantity>0.000000</in_Quantity.quantity><out_Quantity.quantity>652.098501</out_Quantity.quantity></Point><Point><position>9874</position><in_Quantity.quantity>0.000000</in_Quantity.quantity><out_Quantity.quantity>629.361367</out_Quantity.quantity></Point><Point><position>9875</position><in_Quantity.quantity>0.000000</in_Quantity.quantity><out_Quantity.quantity>900.308645</out_Quantity.quantity></Point><Point><position>9876</position><in_Quantity.quantity>0.000000</in_Quantity.quantity><out_Quantity.quantity>645.010538</out_Quantity.quantity></Point><Point><position>9877</position><in_Quantity.quantity>0.000000</in_Quantity.quantity><out_Quantity.quantity>276.825484</out_Quantity.quantity></Point><Point><position>9878</position><in_Quantity.quantity>0.000000</in_Quantity.quantity><out_Quantity.quantity>483.285517</out_Quantity.quantity></Point><Point><position>9879</position><in_Quantity.quantity>0.000000</in_Quantity.quantity><out_Quantity.quantity>722.093601</out_Quantity.quantity></Point><Point><position>9880</position><in_Quantity.quantity>0.000000</in_Quantity.quantity><out_Quantity.quantity>933.096237</out_Quantity.quantity></Point><Point><position>9881</position><in_Quantity.quantity>0.000000</in_Quantity.quantity><out_Quantity.quantity>397.606778</out_Quantity.quantity></Point><Point><position>9882</position><in_Quantity.quantity>0.000000</in_Quantity.quantity><out_Quantity.quantity>347.346826</out_Quantity.quantity></Point><Point><position>9883</position><in_Quantity.quantity>0.000000</in_Quantity.quantity><out_Quantity.quantity>628.263502</out_Quantity.quantity></Point><Point><position>9884</position><in_Quantity.quantity>0.000000</in_Quantity.quantity><out_Quantity.quantity>16.608747</out_Quantity.quantity></Point><Point><position>9885</position><in_Quantity.quantity>0.000000</in_Quantity.quantity><out_Quantity.quantity>817.944426</out_Quantity.quantity></Point><Point><position>9886</position><in_Quantity.quantity>0.000000</in_Quantity.quantity><out_Quantity.quantity>910.013650</out_Quantity.quantity></Point><Point><position>9887</position><in_Quantity.quantity>0.000000</in_Quantity.quantity><out_Quantity.quantity>836.712499</out_Quantity.quantity></Point><Point><position>9888</position><in_Quantity.quantity>0.000000</in_Quantity.quantity><out_Quantity.quantity>823.589456</out_Quantity.quantity></Point><Point><position>9889</position><in_Quantity.quantity>0.000000</in_Quantity.quantity><out_Quantity.quantity>262.660839</out_Quantity.quantity></Point><Point><position>9890</position><in_Quantity.quantity>0.000000</in_Quantity.quantity><out_Quantity.quantity>161.474054</out_Quantity.quantity></Point><Point><position>9891</position><in_Quantity.quantity>0.000000</in_Quantity.quantity><out_Quantity.quantity>185.485846</out_Quantity.quantity></Point><Point><position>9892</position><in_Quantity.quantity>0.000000</in_Quantity.quantity><out_Quantity.quantity>625.581316</out_Quantity.quantity></Point><Point><position>9893</position><in_Quantity.quantity>0.000000</in_Quantity.quantity><out_Quantity.quantity>911.993198</out_Quantity.quantity></Point><Point><position>9894</position><in_Quantity.quantity>0.000000</in_Quantity.quantity><out_Quantity.quantity>587.574490</out_Quantity.quantity></Point><Point><position>9895</position><in_Quantity.quantity>0.000000</in_Quantity.quantity><out_Quantity.quantity>213.935579</out_Quantity.quantity></Point><Point><position>9896</position><in_Quantity.quantity>0.000000</in_Quantity.quantity><out_Quantity.quantity>329.831992</out_Quantity.quantity></Point><Point><position>9897</position><in_Quantity.quantity>0.000000</in_Quantity.quantity><out_Quantity.quantity>801.852716</out_Quantity.quantity></Point><Point><position>9898</position><in_Quantity.quantity>0.000000</in_Quantity.quantity><out_Quantity.quantity>973.500772</out_Quantity.quantity></Point><Point><position>9899</position><in_Quantity.quantity>0.000000</in_Quantity.quantity><out_Quantity.quantity>706.881488</out_Quantity.quantity></Point><Point><position>9900</position><in_Quantity.quantity>0.000000</in_Quantity.quantity><out_Quantity.quantity>720.801102</out_Quantity.quantity></Point><Point><position>9901</position><in_Quantity.quantity>0.000000</in_Quantity.quantity><out_Quantity.quantity>530.708648</out_Quantity.quantity></Point><Point><position>9902</position><in_Quantity.quantity>0.000000</in_Quantity.quantity><out_Quantity.quantity>371.274226</out_Quantity.quantity></Point><Point><position>9903</position><in_Quantity.quantity>0.000000</in_Quantity.quantity><out_Quantity.quantity>770.508578</out_Quantity.quantity></Point><Point><position>9904</position><in_Quantity.quantity>0.000000</in_Quantity.quantity><out_Quantity.quantity>775.074507</out_Quantity.quantity></Point><Point><position>9905</position><in_Quantity.quantity>0.000000</in_Quantity.quantity><out_Quantity.quantity>814.037145</out_Quantity.quantity></Point><Point><position>9906</position><in_Quantity.quantity>0.000000</in_Quantity.quantity><out_Quantity.quantity>980.667927</out_Quantity.quantity></Point><Point><position>9907</position><in_Quantity.quantity>0.000000</in_Quantity.quantity><out_Quantity.quantity>35.114639</out_Quantity.quantity></Point><Point><position>9908</position><in_Quantity.quantity>0.000000</in_Quantity.quantity><out_Quantity.quantity>588.335073</out_Quantity.quantity></Point><Point><position>9909</position><in_Quantity.quantity>0.000000</in_Quantity.quantity><out_Quantity.quantity>797.779138</out_Quantity.quantity></Point><Point><position>9910</position><in_Quantity.quantity>0.000000</in_Quantity.quantity><out_Quantity.quantity>235.353973</out_Quantity.quantity></Point><Point><position>9911</position><in_Quantity.quantity>0.000000</in_Quantity.quantity><out_Quantity.quantity>826.277876</out_Quantity.quantity></Point><Point><position>9912</position><in_Quantity.quantity>0.000000</in_Quantity.quantity><out_Quantity.quantity>37.495086</out_Quantity.quantity></Point><Point><position>9913</position><in_Quantity.quantity>0.000000</in_Quantity.quantity><out_Quantity.quantity>22.121935</out_Quantity.quantity></Point><Point><position>9914</position><in_Quantity.quantity>0.000000</in_Quantity.quantity><out_Quantity.quantity>756.848529</out_Quantity.quantity></Point><Point><position>9915</position><in_Quantity.quantity>0.000000</in_Quantity.quantity><out_Quantity.quantity>853.447077</out_Quantity.quantity></Point><Point><position>9916</position><in_Quantity.quantity>0.000000</in_Quantity.quantity><out_Quantity.quantity>606.794510</out_Quantity.quantity></Point><Point><position>9917</position><in_Quantity.quantity>0.000000</in_Quantity.quantity><out_Quantity.quantity>587.919711</out_Quantity.quantity></Point><Point><position>9918</position><in_Quantity.quantity>0.000000</in_Quantity.quantity><out_Quantity.quantity>156.663881</out_Quantity.quantity></Point><Point><position>9919</position><in_Quantity.quantity>0.000000</in_Quantity.quantity><out_Quantity.quantity>616.507118</out_Quantity.quantity></Point><Point><position>9920</position><in_Quantity.quantity>0.000000</in_Quantity.quantity><out_Quantity.quantity>363.463173</out_Quantity.quantity></Point><Point><position>9921</position><in_Quantity.quantity>0.000000</in_Quantity.quantity><out_Quantity.quantity>449.076613</out_Quantity.quantity></Point><Point><position>9922</position><in_Quantity.quantity>0.000000</in_Quantity.quantity><out_Quantity.quantity>777.060553</out_Quantity.quantity></Point><Point><position>9923</position><in_Quantity.quantity>0.000000</in_Quantity.quantity><out_Quantity.quantity>338.361661</out_Quantity.quantity></Point><Point><position>9924</position><in_Quantity.quantity>0.000000</in_Quantity.quantity><out_Quantity.quantity>420.306154</out_Quantity.quantity></Point><Point><position>9925</position><in_Quantity.quantity>0.000000</in_Quantity.quantity><out_Quantity.quantity>370.332868</out_Quantity.quantity></Point><Point><position>9926</position><in_Quantity.quantity>0.000000</in_Quantity.quantity><out_Quantity.quantity>191.497366</out_Quantity.quantity></Point><Point><position>9927</position><in_Quantity.quantity>0.000000</in_Quantity.quantity><out_Quantity.quantity>148.378522</out_Quantity.quantity></Point><Point><position>9928</position><in_Quantity.quantity>0.000000</in_Quantity.quantity><out_Quantity.quantity>139.070514</out_Quantity.quantity></Point><Point><position>9929</position><in_Quantity.quantity>0.000000</in_Quantity.quantity><out_Quantity.quantity>333.539479</out_Quantity.quantity></Point><Point><position>9930</position><in_Quantity.quantity>0.000000</in_Quantity.quantity><out_Quantity.quantity>812.468061</out_Quantity.quantity></Point><Point><position>9931</position><in_Quantity.quantity>0.000000</in_Quantity.quantity><out_Quantity.quantity>817.763352</out_Quantity.quantity></Point><Point><position>9932</position><in_Quantity.quantity>0.000000</in_Quantity.quantity><out_Quantity.quantity>181.883329</out_Quantity.quantity></Point><Point><position>9933</position><in_Quantity.quantity>0.000000</in_Quantity.quantity><out_Quantity.quantity>309.597736</out_Quantity.quantity></Point><Point><position>9934</position><in_Quantity.quantity>0.000000</in_Quantity.quantity><out_Quantity.quantity>102.392876</out_Quantity.quantity></Point><Point><position>9935</position><in_Quantity.quantity>0.000000</in_Quantity.quantity><out_Quantity.quantity>842.022192</out_Quantity.quantity></Point><Point><position>9936</position><in_Quantity.quantity>0.000000</in_Quantity.quantity><out_Quantity.quantity>180.800147</out_Quantity.quantity></Point><Point><position>9937</position><in_Quantity.quantity>0.000000</in_Quantity.quantity><out_Quantity.quantity>743.631537</out_Quantity.quantity></Point><Point><position>9938</position><in_Quantity.quantity>0.000000</in_Quantity.quantity><out_Quantity.quantity>786.248016</out_Quantity.quantity></Point><Point><position>9939</position><in_Quantity.quantity>0.000000</in_Quantity.quantity><out_Quantity.quantity>16.403322</out_Quantity.quantity></Point><Point><position>9940</position><in_Quantity.quantity>0.000000</in_Quantity.quantity><out_Quantity.quantity>701.522781</out_Quantity.quantity></Point><Point><position>9941</position><in_Quantity.quantity>0.000000</in_Quantity.quantity><out_Quantity.quantity>542.341099</out_Quantity.quantity></Point><Point><position>9942</position><in_Quantity.quantity>0.000000</in_Quantity.quantity><out_Quantity.quantity>282.912092</out_Quantity.quantity></Point><Point><position>9943</position><in_Quantity.quantity>0.000000</in_Quantity.quantity><out_Quantity.quantity>401.055544</out_Quantity.quantity></Point><Point><position>9944</position><in_Quantity.quantity>0.000000</in_Quantity.quantity><out_Quantity.quantity>6.012498</out_Quantity.quantity></Point><Point><position>9945</position><in_Quantity.quantity>0.000000</in_Quantity.quantity><out_Quantity.quantity>651.227843</out_Quantity.quantity></Point><Point><position>9946</position><in_Quantity.quantity>0.000000</in_Quantity.quantity><out_Quantity.quantity>166.286969</out_Quantity.quantity></Point><Point><position>9947</position><in_Quantity.quantity>0.000000</in_Quantity.quantity><out_Quantity.quantity>137.142676</out_Quantity.quantity></Point><Point><position>9948</position><in_Quantity.quantity>0.000000</in_Quantity.quantity><out_Quantity.quantity>450.181895</out_Quantity.quantity></Point><Point><position>9949</position><in_Quantity.quantity>0.000000</in_Quantity.quantity><out_Quantity.quantity>241.962123</out_Quantity.quantity></Point><Point><position>9950</position><in_Quantity.quantity>0.000000</in_Quantity.quantity><out_Quantity.quantity>919.765473</out_Quantity.quantity></Point><Point><position>9951</position><in_Quantity.quantity>0.000000</in_Quantity.quantity><out_Quantity.quantity>353.016290</out_Quantity.quantity></Point><Point><position>9952</position><in_Quantity.quantity>0.000000</in_Quantity.quantity><out_Quantity.quantity>411.300327</out_Quantity.quantity></Point><Point><position>9953</position><in_Quantity.quantity>0.000000</in_Quantity.quantity><out_Quantity.quantity>347.106557</out_Quantity.quantity></Point><Point><position>9954</position><in_Quantity.quantity>0.000000</in_Quantity.quantity><out_Quantity.quantity>285.127710</out_Quantity.quantity></Point><Point><position>9955</position><in_Quantity.quantity>0.000000</in_Quantity.quantity><out_Quantity.quantity>543.431608</out_Quantity.quantity></Point><Point><position>9956</position><in_Quantity.quantity>0.000000</in_Quantity.quantity><out_Quantity.quantity>815.165071</out_Quantity.quantity></Point><Point><position>9957</position><in_Quantity.quantity>0.000000</in_Quantity.quantity><out_Quantity.quantity>411.284002</out_Quantity.quantity></Point><Point><position>9958</position><in_Quantity.quantity>0.000000</in_Quantity.quantity><out_Quantity.quantity>425.082688</out_Quantity.quantity></Point><Point><position>9959</position><in_Quantity.quantity>0.000000</in_Quantity.quantity><out_Quantity.quantity>76.114149</out_Quantity.quantity></Point><Point><position>9960</position><in_Quantity.quantity>0.000000</in_Quantity.quantity><out_Quantity.quantity>564.127713</out_Quantity.quantity></Point><Point><position>9961</position><in_Quantity.quantity>0.000000</in_Quantity.quantity><out_Quantity.quantity>97.737270</out_Quantity.quantity></Point><Point><position>9962</position><in_Quantity.quantity>0.000000</in_Quantity.quantity><out_Quantity.quantity>316.560036</out_Quantity.quantity></Point><Point><position>9963</position><in_Quantity.quantity>0.000000</in_Quantity.quantity><out_Quantity.quantity>800.238364</out_Quantity.quantity></Point><Point><position>9964</position><in_Quantity.quantity>0.000000</in_Quantity.quantity><out_Quantity.quantity>370.279857</out_Quantity.quantity></Point><Point><position>9965</position><in_Quantity.quantity>0.000000</in_Quantity.quantity><out_Quantity.quantity>309.162273</out_Quantity.quantity></Point><Point><position>9966</position><in_Quantity.quantity>0.000000</in_Quantity.quantity><out_Quantity.quantity>249.571088</out_Quantity.quantity></Point><Point><position>9967</position><in_Quantity.quantity>0.000000</in_Quantity.quantity><out_Quantity.quantity>413.165295</out_Quantity.quantity></Point><Point><position>9968</position><in_Quantity.quantity>0.000000</in_Quantity.quantity><out_Quantity.quantity>963.343112</out_Quantity.quantity></Point><Point><position>9969</position><in_Quantity.quantity>0.000000</in_Quantity.quantity><out_Quantity.quantity>237.457283</out_Quantity.quantity></Point><Point><position>9970</position><in_Quantity.quantity>0.000000</in_Quantity.quantity><out_Quantity.quantity>731.734647</out_Quantity.quantity></Point><Point><position>9971</position><in_Quantity.quantity>0.000000</in_Quantity.quantity><out_Quantity.quantity>408.035419</out_Quantity.quantity></Point><Point><position>9972</position><in_Quantity.quantity>0.000000</in_Quantity.quantity><out_Quantity.quantity>536.800955</out_Quantity.quantity></Point><Point><position>9973</position><in_Quantity.quantity>0.000000</in_Quantity.quantity><out_Quantity.quantity>428.049599</out_Quantity.quantity></Point><Point><position>9974</position><in_Quantity.quantity>0.000000</in_Quantity.quantity><out_Quantity.quantity>492.722186</out_Quantity.quantity></Point><Point><position>9975</position><in_Quantity.quantity>0.000000</in_Quantity.quantity><out_Quantity.quantity>667.868143</out_Quantity.quantity></Point><Point><position>9976</position><in_Quantity.quantity>0.000000</in_Quantity.quantity><out_Quantity.quantity>827.723089</out_Quantity.quantity></Point><Point><position>9977</position><in_Quantity.quantity>0.000000</in_Quantity.quantity><out_Quantity.quantity>701.604994</out_Quantity.quantity></Point><Point><position>9978</position><in_Quantity.quantity>0.000000</in_Quantity.quantity><out_Quantity.quantity>47.523373</out_Quantity.quantity></Point><Point><position>9979</position><in_Quantity.quantity>0.000000</in_Quantity.quantity><out_Quantity.quantity>130.636263</out_Quantity.quantity></Point><Point><position>9980</position><in_Quantity.quantity>0.000000</in_Quantity.quantity><out_Quantity.quantity>461.798264</out_Quantity.quantity></Point><Point><position>9981</position><in_Quantity.quantity>0.000000</in_Quantity.quantity><out_Quantity.quantity>874.642937</out_Quantity.quantity></Point><Point><position>9982</position><in_Quantity.quantity>0.000000</in_Quantity.quantity><out_Quantity.quantity>725.231639</out_Quantity.quantity></Point><Point><position>9983</position><in_Quantity.quantity>0.000000</in_Quantity.quantity><out_Quantity.quantity>341.641694</out_Quantity.quantity></Point><Point><position>9984</position><in_Quantity.quantity>0.000000</in_Quantity.quantity><out_Quantity.quantity>26.258745</out_Quantity.quantity></Point><Point><position>9985</position><in_Quantity.quantity>0.000000</in_Quantity.quantity><out_Quantity.quantity>452.565702</out_Quantity.quantity></Point><Point><position>9986</position><in_Quantity.quantity>0.000000</in_Quantity.quantity><out_Quantity.quantity>845.688525</out_Quantity.quantity></Point><Point><position>9987</position><in_Quantity.quantity>0.000000</in_Quantity.quantity><out_Quantity.quantity>480.924618</out_Quantity.quantity></Point><Point><position>9988</position><in_Quantity.quantity>0.000000</in_Quantity.quantity><out_Quantity.quantity>306.030671</out_Quantity.quantity></Point><Point><position>9989</position><in_Quantity.quantity>0.000000</in_Quantity.quantity><out_Quantity.quantity>4.683571</out_Quantity.quantity></Point><Point><position>9990</position><in_Quantity.quantity>0.000000</in_Quantity.quantity><out_Quantity.quantity>598.489363</out_Quantity.quantity></Point><Point><position>9991</position><in_Quantity.quantity>0.000000</in_Quantity.quantity><out_Quantity.quantity>466.266723</out_Quantity.quantity></Point><Point><position>9992</position><in_Quantity.quantity>0.000000</in_Quantity.quantity><out_Quantity.quantity>62.158164</out_Quantity.quantity></Point><Point><position>9993</position><in_Quantity.quantity>0.000000</in_Quantity.quantity><out_Quantity.quantity>310.213088</out_Quantity.quantity></Point><Point><position>9994</position><in_Quantity.quantity>0.000000</in_Quantity.quantity><out_Quantity.quantity>941.993397</out_Quantity.quantity></Point><Point><position>9995</position><in_Quantity.quantity>0.000000</in_Quantity.quantity><out_Quantity.quantity>299.172251</out_Quantity.quantity></Point><Point><position>9996</position><in_Quantity.quantity>0.000000</in_Quantity.quantity><out_Quantity.quantity>38.892703</out_Quantity.quantity></Point><Point><position>9997</position><in_Quantity.quantity>0.000000</in_Quantity.quantity><out_Quantity.quantity>205.520161</out_Quantity.quantity></Point><Point><position>9998</position><in_Quantity.quantity>0.000000</in_Quantity.quantity><out_Quantity.quantity>917.059078</out_Quantity.quantity></Point><Point><position>9999</position><in_Quantity.quantity>0.000000</in_Quantity.quantity><out_Quantity.quantity>315.576963</out_Quantity.quantity></Point><Point><position>10000</position><in_Quantity.quantity>0.000000</in_Quantity.quantity><out_Quantity.quantity>623.808230</out_Quantity.quantity></Point><Point><position>10001</position><in_Quantity.quantity>0.000000</in_Quantity.quantity><out_Quantity.quantity>284.209792</out_Quantity.quantity></Point><Point><position>10002</position><in_Quantity.quantity>0.000000</in_Quantity.quantity><out_Quantity.quantity>537.553555</out_Quantity.quantity></Point><Point><position>10003</position><in_Quantity.quantity>0.000000</in_Quantity.quantity><out_Quantity.quantity>77.382191</out_Quantity.quantity></Point><Point><position>10004</position><in_Quantity.quantity>0.000000</in_Quantity.quantity><out_Quantity.quantity>792.001706</out_Quantity.quantity></Point><Point><position>10005</position><in_Quantity.quantity>0.000000</in_Quantity.quantity><out_Quantity.quantity>985.376213</out_Quantity.quantity></Point><Point><position>10006</position><in_Quantity.quantity>0.000000</in_Quantity.quantity><out_Quantity.quantity>433.547188</out_Quantity.quantity></Point><Point><position>10007</position><in_Quantity.quantity>0.000000</in_Quantity.quantity><out_Quantity.quantity>108.067985</out_Quantity.quantity></Point><Point><position>10008</position><in_Quantity.quantity>0.000000</in_Quantity.quantity><out_Quantity.quantity>535.447844</out_Quantity.quantity></Point><Point><position>10009</position><in_Quantity.quantity>0.000000</in_Quantity.quantity><out_Quantity.quantity>119.670654</out_Quantity.quantity></Point><Point><position>10010</position><in_Quantity.quantity>0.000000</in_Quantity.quantity><out_Quantity.quantity>341.487079</out_Quantity.quantity></Point><Point><position>10011</position><in_Quantity.quantity>0.000000</in_Quantity.quantity><out_Quantity.quantity>746.280322</out_Quantity.quantity></Point><Point><position>10012</position><in_Quantity.quantity>0.000000</in_Quantity.quantity><out_Quantity.quantity>677.273426</out_Quantity.quantity></Point><Point><position>10013</position><in_Quantity.quantity>0.000000</in_Quantity.quantity><out_Quantity.quantity>552.206609</out_Quantity.quantity></Point><Point><position>10014</position><in_Quantity.quantity>0.000000</in_Quantity.quantity><out_Quantity.quantity>87.609307</out_Quantity.quantity></Point><Point><position>10015</position><in_Quantity.quantity>0.000000</in_Quantity.quantity><out_Quantity.quantity>132.230293</out_Quantity.quantity></Point><Point><position>10016</position><in_Quantity.quantity>0.000000</in_Quantity.quantity><out_Quantity.quantity>594.985973</out_Quantity.quantity></Point><Point><position>10017</position><in_Quantity.quantity>0.000000</in_Quantity.quantity><out_Quantity.quantity>292.760872</out_Quantity.quantity></Point><Point><position>10018</position><in_Quantity.quantity>0.000000</in_Quantity.quantity><out_Quantity.quantity>78.927177</out_Quantity.quantity></Point><Point><position>10019</position><in_Quantity.quantity>0.000000</in_Quantity.quantity><out_Quantity.quantity>542.920429</out_Quantity.quantity></Point><Point><position>10020</position><in_Quantity.quantity>0.000000</in_Quantity.quantity><out_Quantity.quantity>646.566754</out_Quantity.quantity></Point><Point><position>10021</position><in_Quantity.quantity>0.000000</in_Quantity.quantity><out_Quantity.quantity>539.303662</out_Quantity.quantity></Point><Point><position>10022</position><in_Quantity.quantity>0.000000</in_Quantity.quantity><out_Quantity.quantity>135.838681</out_Quantity.quantity></Point><Point><position>10023</position><in_Quantity.quantity>0.000000</in_Quantity.quantity><out_Quantity.quantity>580.228804</out_Quantity.quantity></Point><Point><position>10024</position><in_Quantity.quantity>0.000000</in_Quantity.quantity><out_Quantity.quantity>49.078106</out_Quantity.quantity></Point><Point><position>10025</position><in_Quantity.quantity>0.000000</in_Quantity.quantity><out_Quantity.quantity>653.905115</out_Quantity.quantity></Point><Point><position>10026</position><in_Quantity.quantity>0.000000</in_Quantity.quantity><out_Quantity.quantity>820.724646</out_Quantity.quantity></Point><Point><position>10027</position><in_Quantity.quantity>0.000000</in_Quantity.quantity><out_Quantity.quantity>177.181527</out_Quantity.quantity></Point><Point><position>10028</position><in_Quantity.quantity>0.000000</in_Quantity.quantity><out_Quantity.quantity>284.386912</out_Quantity.quantity></Point><Point><position>10029</position><in_Quantity.quantity>0.000000</in_Quantity.quantity><out_Quantity.quantity>46.912046</out_Quantity.quantity></Point><Point><position>10030</position><in_Quantity.quantity>0.000000</in_Quantity.quantity><out_Quantity.quantity>225.147585</out_Quantity.quantity></Point><Point><position>10031</position><in_Quantity.quantity>0.000000</in_Quantity.quantity><out_Quantity.quantity>926.109746</out_Quantity.quantity></Point><Point><position>10032</position><in_Quantity.quantity>0.000000</in_Quantity.quantity><out_Quantity.quantity>36.005089</out_Quantity.quantity></Point><Point><position>10033</position><in_Quantity.quantity>0.000000</in_Quantity.quantity><out_Quantity.quantity>487.151579</out_Quantity.quantity></Point><Point><position>10034</position><in_Quantity.quantity>0.000000</in_Quantity.quantity><out_Quantity.quantity>851.157929</out_Quantity.quantity></Point><Point><position>10035</position><in_Quantity.quantity>0.000000</in_Quantity.quantity><out_Quantity.quantity>406.361852</out_Quantity.quantity></Point><Point><position>10036</position><in_Quantity.quantity>0.000000</in_Quantity.quantity><out_Quantity.quantity>74.111030</out_Quantity.quantity></Point><Point><position>10037</position><in_Quantity.quantity>0.000000</in_Quantity.quantity><out_Quantity.quantity>937.025399</out_Quantity.quantity></Point><Point><position>10038</position><in_Quantity.quantity>0.000000</in_Quantity.quantity><out_Quantity.quantity>687.846083</out_Quantity.quantity></Point><Point><position>10039</position><in_Quantity.quantity>0.000000</in_Quantity.quantity><out_Quantity.quantity>980.553350</out_Quantity.quantity></Point><Point><position>10040</position><in_Quantity.quantity>0.000000</in_Quantity.quantity><out_Quantity.quantity>577.799443</out_Quantity.quantity></Point><Point><position>10041</position><in_Quantity.quantity>0.000000</in_Quantity.quantity><out_Quantity.quantity>358.683869</out_Quantity.quantity></Point><Point><position>10042</position><in_Quantity.quantity>0.000000</in_Quantity.quantity><out_Quantity.quantity>400.051662</out_Quantity.quantity></Point><Point><position>10043</position><in_Quantity.quantity>0.000000</in_Quantity.quantity><out_Quantity.quantity>945.669684</out_Quantity.quantity></Point><Point><position>10044</position><in_Quantity.quantity>0.000000</in_Quantity.quantity><out_Quantity.quantity>899.062061</out_Quantity.quantity></Point><Point><position>10045</position><in_Quantity.quantity>0.000000</in_Quantity.quantity><out_Quantity.quantity>488.695445</out_Quantity.quantity></Point><Point><position>10046</position><in_Quantity.quantity>0.000000</in_Quantity.quantity><out_Quantity.quantity>818.586937</out_Quantity.quantity></Point><Point><position>10047</position><in_Quantity.quantity>0.000000</in_Quantity.quantity><out_Quantity.quantity>20.662772</out_Quantity.quantity></Point><Point><position>10048</position><in_Quantity.quantity>0.000000</in_Quantity.quantity><out_Quantity.quantity>722.753712</out_Quantity.quantity></Point><Point><position>10049</position><in_Quantity.quantity>0.000000</in_Quantity.quantity><out_Quantity.quantity>689.561493</out_Quantity.quantity></Point><Point><position>10050</position><in_Quantity.quantity>0.000000</in_Quantity.quantity><out_Quantity.quantity>763.143039</out_Quantity.quantity></Point><Point><position>10051</position><in_Quantity.quantity>0.000000</in_Quantity.quantity><out_Quantity.quantity>785.007527</out_Quantity.quantity></Point><Point><position>10052</position><in_Quantity.quantity>0.000000</in_Quantity.quantity><out_Quantity.quantity>812.495714</out_Quantity.quantity></Point><Point><position>10053</position><in_Quantity.quantity>0.000000</in_Quantity.quantity><out_Quantity.quantity>20.331660</out_Quantity.quantity></Point><Point><position>10054</position><in_Quantity.quantity>0.000000</in_Quantity.quantity><out_Quantity.quantity>607.808789</out_Quantity.quantity></Point><Point><position>10055</position><in_Quantity.quantity>0.000000</in_Quantity.quantity><out_Quantity.quantity>830.673542</out_Quantity.quantity></Point><Point><position>10056</position><in_Quantity.quantity>0.000000</in_Quantity.quantity><out_Quantity.quantity>159.430416</out_Quantity.quantity></Point><Point><position>10057</position><in_Quantity.quantity>0.000000</in_Quantity.quantity><out_Quantity.quantity>9.915568</out_Quantity.quantity></Point><Point><position>10058</position><in_Quantity.quantity>0.000000</in_Quantity.quantity><out_Quantity.quantity>946.480894</out_Quantity.quantity></Point><Point><position>10059</position><in_Quantity.quantity>0.000000</in_Quantity.quantity><out_Quantity.quantity>403.149977</out_Quantity.quantity></Point><Point><position>10060</position><in_Quantity.quantity>0.000000</in_Quantity.quantity><out_Quantity.quantity>189.464422</out_Quantity.quantity></Point><Point><position>10061</position><in_Quantity.quantity>0.000000</in_Quantity.quantity><out_Quantity.quantity>610.340377</out_Quantity.quantity></Point><Point><position>10062</position><in_Quantity.quantity>0.000000</in_Quantity.quantity><out_Quantity.quantity>360.785104</out_Quantity.quantity></Point><Point><position>10063</position><in_Quantity.quantity>0.000000</in_Quantity.quantity><out_Quantity.quantity>87.648680</out_Quantity.quantity></Point><Point><position>10064</position><in_Quantity.quantity>0.000000</in_Quantity.quantity><out_Quantity.quantity>29.617752</out_Quantity.quantity></Point><Point><position>10065</position><in_Quantity.quantity>0.000000</in_Quantity.quantity><out_Quantity.quantity>398.323559</out_Quantity.quantity></Point><Point><position>10066</position><in_Quantity.quantity>0.000000</in_Quantity.quantity><out_Quantity.quantity>84.685334</out_Quantity.quantity></Point><Point><position>10067</position><in_Quantity.quantity>0.000000</in_Quantity.quantity><out_Quantity.quantity>519.926167</out_Quantity.quantity></Point><Point><position>10068</position><in_Quantity.quantity>0.000000</in_Quantity.quantity><out_Quantity.quantity>230.910908</out_Quantity.quantity></Point><Point><position>10069</position><in_Quantity.quantity>0.000000</in_Quantity.quantity><out_Quantity.quantity>759.448839</out_Quantity.quantity></Point><Point><position>10070</position><in_Quantity.quantity>0.000000</in_Quantity.quantity><out_Quantity.quantity>550.883883</out_Quantity.quantity></Point><Point><position>10071</position><in_Quantity.quantity>0.000000</in_Quantity.quantity><out_Quantity.quantity>76.987969</out_Quantity.quantity></Point><Point><position>10072</position><in_Quantity.quantity>0.000000</in_Quantity.quantity><out_Quantity.quantity>217.215134</out_Quantity.quantity></Point><Point><position>10073</position><in_Quantity.quantity>0.000000</in_Quantity.quantity><out_Quantity.quantity>733.490187</out_Quantity.quantity></Point><Point><position>10074</position><in_Quantity.quantity>0.000000</in_Quantity.quantity><out_Quantity.quantity>204.952754</out_Quantity.quantity></Point><Point><position>10075</position><in_Quantity.quantity>0.000000</in_Quantity.quantity><out_Quantity.quantity>567.514358</out_Quantity.quantity></Point><Point><position>10076</position><in_Quantity.quantity>0.000000</in_Quantity.quantity><out_Quantity.quantity>733.148655</out_Quantity.quantity></Point><Point><position>10077</position><in_Quantity.quantity>0.000000</in_Quantity.quantity><out_Quantity.quantity>815.163038</out_Quantity.quantity></Point><Point><position>10078</position><in_Quantity.quantity>0.000000</in_Quantity.quantity><out_Quantity.quantity>583.627178</out_Quantity.quantity></Point><Point><position>10079</position><in_Quantity.quantity>0.000000</in_Quantity.quantity><out_Quantity.quantity>272.009152</out_Quantity.quantity></Point><Point><position>10080</position><in_Quantity.quantity>0.000000</in_Quantity.quantity><out_Quantity.quantity>737.940165</out_Quantity.quantity></Point><Point><position>10081</position><in_Quantity.quantity>0.000000</in_Quantity.quantity><out_Quantity.quantity>844.825120</out_Quantity.quantity></Point><Point><position>10082</position><in_Quantity.quantity>0.000000</in_Quantity.quantity><out_Quantity.quantity>607.803679</out_Quantity.quantity></Point><Point><position>10083</position><in_Quantity.quantity>0.000000</in_Quantity.quantity><out_Quantity.quantity>771.950775</out_Quantity.quantity></Point><Point><position>10084</position><in_Quantity.quantity>0.000000</in_Quantity.quantity><out_Quantity.quantity>369.944968</out_Quantity.quantity></Point><Point><position>10085</position><in_Quantity.quantity>0.000000</in_Quantity.quantity><out_Quantity.quantity>464.636344</out_Quantity.quantity></Point><Point><position>10086</position><in_Quantity.quantity>0.000000</in_Quantity.quantity><out_Quantity.quantity>508.526363</out_Quantity.quantity></Point><Point><position>10087</position><in_Quantity.quantity>0.000000</in_Quantity.quantity><out_Quantity.quantity>983.637988</out_Quantity.quantity></Point><Point><position>10088</position><in_Quantity.quantity>0.000000</in_Quantity.quantity><out_Quantity.quantity>777.689965</out_Quantity.quantity></Point><Point><position>10089</position><in_Quantity.quantity>0.000000</in_Quantity.quantity><out_Quantity.quantity>564.322445</out_Quantity.quantity></Point><Point><position>10090</position><in_Quantity.quantity>0.000000</in_Quantity.quantity><out_Quantity.quantity>955.762218</out_Quantity.quantity></Point><Point><position>10091</position><in_Quantity.quantity>0.000000</in_Quantity.quantity><out_Quantity.quantity>835.194550</out_Quantity.quantity></Point><Point><position>10092</position><in_Quantity.quantity>0.000000</in_Quantity.quantity><out_Quantity.quantity>809.459681</out_Quantity.quantity></Point><Point><position>10093</position><in_Quantity.quantity>0.000000</in_Quantity.quantity><out_Quantity.quantity>807.534297</out_Quantity.quantity></Point><Point><position>10094</position><in_Quantity.quantity>0.000000</in_Quantity.quantity><out_Quantity.quantity>237.508285</out_Quantity.quantity></Point><Point><position>10095</position><in_Quantity.quantity>0.000000</in_Quantity.quantity><out_Quantity.quantity>679.374994</out_Quantity.quantity></Point><Point><position>10096</position><in_Quantity.quantity>0.000000</in_Quantity.quantity><out_Quantity.quantity>599.995073</out_Quantity.quantity></Point><Point><position>10097</position><in_Quantity.quantity>0.000000</in_Quantity.quantity><out_Quantity.quantity>535.138967</out_Quantity.quantity></Point><Point><position>10098</position><in_Quantity.quantity>0.000000</in_Quantity.quantity><out_Quantity.quantity>529.094805</out_Quantity.quantity></Point><Point><position>10099</position><in_Quantity.quantity>0.000000</in_Quantity.quantity><out_Quantity.quantity>316.719965</out_Quantity.quantity></Point><Point><position>10100</position><in_Quantity.quantity>0.000000</in_Quantity.quantity><out_Quantity.quantity>430.479009</out_Quantity.quantity></Point><Point><position>10101</position><in_Quantity.quantity>0.000000</in_Quantity.quantity><out_Quantity.quantity>217.936912</out_Quantity.quantity></Point><Point><position>10102</position><in_Quantity.quantity>0.000000</in_Quantity.quantity><out_Quantity.quantity>184.237401</out_Quantity.quantity></Point><Point><position>10103</position><in_Quantity.quantity>0.000000</in_Quantity.quantity><out_Quantity.quantity>446.854129</out_Quantity.quantity></Point><Point><position>10104</position><in_Quantity.quantity>0.000000</in_Quantity.quantity><out_Quantity.quantity>695.179804</out_Quantity.quantity></Point><Point><position>10105</position><in_Quantity.quantity>0.000000</in_Quantity.quantity><out_Quantity.quantity>505.632176</out_Quantity.quantity></Point><Point><position>10106</position><in_Quantity.quantity>0.000000</in_Quantity.quantity><out_Quantity.quantity>303.530918</out_Quantity.quantity></Point><Point><position>10107</position><in_Quantity.quantity>0.000000</in_Quantity.quantity><out_Quantity.quantity>859.297729</out_Quantity.quantity></Point><Point><position>10108</position><in_Quantity.quantity>0.000000</in_Quantity.quantity><out_Quantity.quantity>208.736928</out_Quantity.quantity></Point><Point><position>10109</position><in_Quantity.quantity>0.000000</in_Quantity.quantity><out_Quantity.quantity>692.956533</out_Quantity.quantity></Point><Point><position>10110</position><in_Quantity.quantity>0.000000</in_Quantity.quantity><out_Quantity.quantity>41.825295</out_Quantity.quantity></Point><Point><position>10111</position><in_Quantity.quantity>0.000000</in_Quantity.quantity><out_Quantity.quantity>553.929733</out_Quantity.quantity></Point><Point><position>10112</position><in_Quantity.quantity>0.000000</in_Quantity.quantity><out_Quantity.quantity>564.057839</out_Quantity.quantity></Point><Point><position>10113</position><in_Quantity.quantity>0.000000</in_Quantity.quantity><out_Quantity.quantity>612.356770</out_Quantity.quantity></Point><Point><position>10114</position><in_Quantity.quantity>0.000000</in_Quantity.quantity><out_Quantity.quantity>114.937254</out_Quantity.quantity></Point><Point><position>10115</position><in_Quantity.quantity>0.000000</in_Quantity.quantity><out_Quantity.quantity>812.205568</out_Quantity.quantity></Point><Point><position>10116</position><in_Quantity.quantity>0.000000</in_Quantity.quantity><out_Quantity.quantity>864.326600</out_Quantity.quantity></Point><Point><position>10117</position><in_Quantity.quantity>0.000000</in_Quantity.quantity><out_Quantity.quantity>373.697787</out_Quantity.quantity></Point><Point><position>10118</position><in_Quantity.quantity>0.000000</in_Quantity.quantity><out_Quantity.quantity>511.703279</out_Quantity.quantity></Point><Point><position>10119</position><in_Quantity.quantity>0.000000</in_Quantity.quantity><out_Quantity.quantity>469.522019</out_Quantity.quantity></Point><Point><position>10120</position><in_Quantity.quantity>0.000000</in_Quantity.quantity><out_Quantity.quantity>180.872650</out_Quantity.quantity></Point><Point><position>10121</position><in_Quantity.quantity>0.000000</in_Quantity.quantity><out_Quantity.quantity>87.804410</out_Quantity.quantity></Point><Point><position>10122</position><in_Quantity.quantity>0.000000</in_Quantity.quantity><out_Quantity.quantity>361.261642</out_Quantity.quantity></Point><Point><position>10123</position><in_Quantity.quantity>0.000000</in_Quantity.quantity><out_Quantity.quantity>718.450995</out_Quantity.quantity></Point><Point><position>10124</position><in_Quantity.quantity>0.000000</in_Quantity.quantity><out_Quantity.quantity>270.241773</out_Quantity.quantity></Point><Point><position>10125</position><in_Quantity.quantity>0.000000</in_Quantity.quantity><out_Quantity.quantity>20.563892</out_Quantity.quantity></Point><Point><position>10126</position><in_Quantity.quantity>0.000000</in_Quantity.quantity><out_Quantity.quantity>238.270750</out_Quantity.quantity></Point><Point><position>10127</position><in_Quantity.quantity>0.000000</in_Quantity.quantity><out_Quantity.quantity>308.555637</out_Quantity.quantity></Point><Point><position>10128</position><in_Quantity.quantity>0.000000</in_Quantity.quantity><out_Quantity.quantity>730.720443</out_Quantity.quantity></Point><Point><position>10129</position><in_Quantity.quantity>0.000000</in_Quantity.quantity><out_Quantity.quantity>94.870690</out_Quantity.quantity></Point><Point><position>10130</position><in_Quantity.quantity>0.000000</in_Quantity.quantity><out_Quantity.quantity>320.226083</out_Quantity.quantity></Point><Point><position>10131</position><in_Quantity.quantity>0.000000</in_Quantity.quantity><out_Quantity.quantity>778.355385</out_Quantity.quantity></Point><Point><position>10132</position><in_Quantity.quantity>0.000000</in_Quantity.quantity><out_Quantity.quantity>58.618652</out_Quantity.quantity></Point><Point><position>10133</position><in_Quantity.quantity>0.000000</in_Quantity.quantity><out_Quantity.quantity>809.445507</out_Quantity.quantity></Point><Point><position>10134</position><in_Quantity.quantity>0.000000</in_Quantity.quantity><out_Quantity.quantity>691.078962</out_Quantity.quantity></Point><Point><position>10135</position><in_Quantity.quantity>0.000000</in_Quantity.quantity><out_Quantity.quantity>577.967092</out_Quantity.quantity></Point><Point><position>10136</position><in_Quantity.quantity>0.000000</in_Quantity.quantity><out_Quantity.quantity>899.646732</out_Quantity.quantity></Point><Point><position>10137</position><in_Quantity.quantity>0.000000</in_Quantity.quantity><out_Quantity.quantity>774.894515</out_Quantity.quantity></Point><Point><position>10138</position><in_Quantity.quantity>0.000000</in_Quantity.quantity><out_Quantity.quantity>271.054855</out_Quantity.quantity></Point><Point><position>10139</position><in_Quantity.quantity>0.000000</in_Quantity.quantity><out_Quantity.quantity>87.241991</out_Quantity.quantity></Point><Point><position>10140</position><in_Quantity.quantity>0.000000</in_Quantity.quantity><out_Quantity.quantity>175.038557</out_Quantity.quantity></Point><Point><position>10141</position><in_Quantity.quantity>0.000000</in_Quantity.quantity><out_Quantity.quantity>599.880156</out_Quantity.quantity></Point><Point><position>10142</position><in_Quantity.quantity>0.000000</in_Quantity.quantity><out_Quantity.quantity>736.639705</out_Quantity.quantity></Point><Point><position>10143</position><in_Quantity.quantity>0.000000</in_Quantity.quantity><out_Quantity.quantity>492.617891</out_Quantity.quantity></Point><Point><position>10144</position><in_Quantity.quantity>0.000000</in_Quantity.quantity><out_Quantity.quantity>472.219608</out_Quantity.quantity></Point><Point><position>10145</position><in_Quantity.quantity>0.000000</in_Quantity.quantity><out_Quantity.quantity>831.599454</out_Quantity.quantity></Point><Point><position>10146</position><in_Quantity.quantity>0.000000</in_Quantity.quantity><out_Quantity.quantity>312.343110</out_Quantity.quantity></Point><Point><position>10147</position><in_Quantity.quantity>0.000000</in_Quantity.quantity><out_Quantity.quantity>12.255647</out_Quantity.quantity></Point><Point><position>10148</position><in_Quantity.quantity>0.000000</in_Quantity.quantity><out_Quantity.quantity>761.291869</out_Quantity.quantity></Point><Point><position>10149</position><in_Quantity.quantity>0.000000</in_Quantity.quantity><out_Quantity.quantity>840.895918</out_Quantity.quantity></Point><Point><position>10150</position><in_Quantity.quantity>0.000000</in_Quantity.quantity><out_Quantity.quantity>322.269882</out_Quantity.quantity></Point><Point><position>10151</position><in_Quantity.quantity>0.000000</in_Quantity.quantity><out_Quantity.quantity>436.120383</out_Quantity.quantity></Point><Point><position>10152</position><in_Quantity.quantity>0.000000</in_Quantity.quantity><out_Quantity.quantity>120.690305</out_Quantity.quantity></Point><Point><position>10153</position><in_Quantity.quantity>0.000000</in_Quantity.quantity><out_Quantity.quantity>370.044519</out_Quantity.quantity></Point><Point><position>10154</position><in_Quantity.quantity>0.000000</in_Quantity.quantity><out_Quantity.quantity>919.620045</out_Quantity.quantity></Point><Point><position>10155</position><in_Quantity.quantity>0.000000</in_Quantity.quantity><out_Quantity.quantity>492.782687</out_Quantity.quantity></Point><Point><position>10156</position><in_Quantity.quantity>0.000000</in_Quantity.quantity><out_Quantity.quantity>140.881045</out_Quantity.quantity></Point><Point><position>10157</position><in_Quantity.quantity>0.000000</in_Quantity.quantity><out_Quantity.quantity>261.794341</out_Quantity.quantity></Point><Point><position>10158</position><in_Quantity.quantity>0.000000</in_Quantity.quantity><out_Quantity.quantity>839.045171</out_Quantity.quantity></Point><Point><position>10159</position><in_Quantity.quantity>0.000000</in_Quantity.quantity><out_Quantity.quantity>557.275928</out_Quantity.quantity></Point><Point><position>10160</position><in_Quantity.quantity>0.000000</in_Quantity.quantity><out_Quantity.quantity>544.203702</out_Quantity.quantity></Point><Point><position>10161</position><in_Quantity.quantity>0.000000</in_Quantity.quantity><out_Quantity.quantity>663.644777</out_Quantity.quantity></Point><Point><position>10162</position><in_Quantity.quantity>0.000000</in_Quantity.quantity><out_Quantity.quantity>612.922912</out_Quantity.quantity></Point><Point><position>10163</position><in_Quantity.quantity>0.000000</in_Quantity.quantity><out_Quantity.quantity>351.111263</out_Quantity.quantity></Point><Point><position>10164</position><in_Quantity.quantity>0.000000</in_Quantity.quantity><out_Quantity.quantity>556.626324</out_Quantity.quantity></Point><Point><position>10165</position><in_Quantity.quantity>0.000000</in_Quantity.quantity><out_Quantity.quantity>127.206548</out_Quantity.quantity></Point><Point><position>10166</position><in_Quantity.quantity>0.000000</in_Quantity.quantity><out_Quantity.quantity>224.361600</out_Quantity.quantity></Point><Point><position>10167</position><in_Quantity.quantity>0.000000</in_Quantity.quantity><out_Quantity.quantity>910.933908</out_Quantity.quantity></Point><Point><position>10168</position><in_Quantity.quantity>0.000000</in_Quantity.quantity><out_Quantity.quantity>586.667965</out_Quantity.quantity></Point><Point><position>10169</position><in_Quantity.quantity>0.000000</in_Quantity.quantity><out_Quantity.quantity>997.929980</out_Quantity.quantity></Point><Point><position>10170</position><in_Quantity.quantity>0.000000</in_Quantity.quantity><out_Quantity.quantity>849.043026</out_Quantity.quantity></Point><Point><position>10171</position><in_Quantity.quantity>0.000000</in_Quantity.quantity><out_Quantity.quantity>631.514663</out_Quantity.quantity></Point><Point><position>10172</position><in_Quantity.quantity>0.000000</in_Quantity.quantity><out_Quantity.quantity>352.675769</out_Quantity.quantity></Point><Point><position>10173</position><in_Quantity.quantity>0.000000</in_Quantity.quantity><out_Quantity.quantity>163.935968</out_Quantity.quantity></Point><Point><position>10174</position><in_Quantity.quantity>0.000000</in_Quantity.quantity><out_Quantity.quantity>56.257399</out_Quantity.quantity></Point><Point><position>10175</position><in_Quantity.quantity>0.000000</in_Quantity.quantity><out_Quantity.quantity>894.164733</out_Quantity.quantity></Point><Point><position>10176</position><in_Quantity.quantity>0.000000</in_Quantity.quantity><out_Quantity.quantity>50.911150</out_Quantity.quantity></Point><Point><position>10177</position><in_Quantity.quantity>0.000000</in_Quantity.quantity><out_Quantity.quantity>15.502180</out_Quantity.quantity></Point><Point><position>10178</position><in_Quantity.quantity>0.000000</in_Quantity.quantity><out_Quantity.quantity>709.570309</out_Quantity.quantity></Point><Point><position>10179</position><in_Quantity.quantity>0.000000</in_Quantity.quantity><out_Quantity.quantity>994.200424</out_Quantity.quantity></Point><Point><position>10180</position><in_Quantity.quantity>0.000000</in_Quantity.quantity><out_Quantity.quantity>56.681493</out_Quantity.quantity></Point><Point><position>10181</position><in_Quantity.quantity>0.000000</in_Quantity.quantity><out_Quantity.quantity>118.140727</out_Quantity.quantity></Point><Point><position>10182</position><in_Quantity.quantity>0.000000</in_Quantity.quantity><out_Quantity.quantity>786.312220</out_Quantity.quantity></Point><Point><position>10183</position><in_Quantity.quantity>0.000000</in_Quantity.quantity><out_Quantity.quantity>229.129432</out_Quantity.quantity></Point><Point><position>10184</position><in_Quantity.quantity>0.000000</in_Quantity.quantity><out_Quantity.quantity>898.319002</out_Quantity.quantity></Point><Point><position>10185</position><in_Quantity.quantity>0.000000</in_Quantity.quantity><out_Quantity.quantity>63.805006</out_Quantity.quantity></Point><Point><position>10186</position><in_Quantity.quantity>0.000000</in_Quantity.quantity><out_Quantity.quantity>896.002466</out_Quantity.quantity></Point><Point><position>10187</position><in_Quantity.quantity>0.000000</in_Quantity.quantity><out_Quantity.quantity>290.857344</out_Quantity.quantity></Point><Point><position>10188</position><in_Quantity.quantity>0.000000</in_Quantity.quantity><out_Quantity.quantity>409.151060</out_Quantity.quantity></Point><Point><position>10189</position><in_Quantity.quantity>0.000000</in_Quantity.quantity><out_Quantity.quantity>128.094069</out_Quantity.quantity></Point><Point><position>10190</position><in_Quantity.quantity>0.000000</in_Quantity.quantity><out_Quantity.quantity>791.391522</out_Quantity.quantity></Point><Point><position>10191</position><in_Quantity.quantity>0.000000</in_Quantity.quantity><out_Quantity.quantity>96.388563</out_Quantity.quantity></Point><Point><position>10192</position><in_Quantity.quantity>0.000000</in_Quantity.quantity><out_Quantity.quantity>867.421122</out_Quantity.quantity></Point><Point><position>10193</position><in_Quantity.quantity>0.000000</in_Quantity.quantity><out_Quantity.quantity>706.352773</out_Quantity.quantity></Point><Point><position>10194</position><in_Quantity.quantity>0.000000</in_Quantity.quantity><out_Quantity.quantity>66.504807</out_Quantity.quantity></Point><Point><position>10195</position><in_Quantity.quantity>0.000000</in_Quantity.quantity><out_Quantity.quantity>140.978826</out_Quantity.quantity></Point><Point><position>10196</position><in_Quantity.quantity>0.000000</in_Quantity.quantity><out_Quantity.quantity>294.299037</out_Quantity.quantity></Point><Point><position>10197</position><in_Quantity.quantity>0.000000</in_Quantity.quantity><out_Quantity.quantity>277.968459</out_Quantity.quantity></Point><Point><position>10198</position><in_Quantity.quantity>0.000000</in_Quantity.quantity><out_Quantity.quantity>440.152569</out_Quantity.quantity></Point><Point><position>10199</position><in_Quantity.quantity>0.000000</in_Quantity.quantity><out_Quantity.quantity>362.273398</out_Quantity.quantity></Point><Point><position>10200</position><in_Quantity.quantity>0.000000</in_Quantity.quantity><out_Quantity.quantity>105.078362</out_Quantity.quantity></Point><Point><position>10201</position><in_Quantity.quantity>0.000000</in_Quantity.quantity><out_Quantity.quantity>965.699988</out_Quantity.quantity></Point><Point><position>10202</position><in_Quantity.quantity>0.000000</in_Quantity.quantity><out_Quantity.quantity>618.642868</out_Quantity.quantity></Point><Point><position>10203</position><in_Quantity.quantity>0.000000</in_Quantity.quantity><out_Quantity.quantity>228.240181</out_Quantity.quantity></Point><Point><position>10204</position><in_Quantity.quantity>0.000000</in_Quantity.quantity><out_Quantity.quantity>330.428081</out_Quantity.quantity></Point><Point><position>10205</position><in_Quantity.quantity>0.000000</in_Quantity.quantity><out_Quantity.quantity>457.444394</out_Quantity.quantity></Point><Point><position>10206</position><in_Quantity.quantity>0.000000</in_Quantity.quantity><out_Quantity.quantity>344.763593</out_Quantity.quantity></Point><Point><position>10207</position><in_Quantity.quantity>0.000000</in_Quantity.quantity><out_Quantity.quantity>410.721822</out_Quantity.quantity></Point><Point><position>10208</position><in_Quantity.quantity>0.000000</in_Quantity.quantity><out_Quantity.quantity>62.249113</out_Quantity.quantity></Point><Point><position>10209</position><in_Quantity.quantity>0.000000</in_Quantity.quantity><out_Quantity.quantity>568.315147</out_Quantity.quantity></Point><Point><position>10210</position><in_Quantity.quantity>0.000000</in_Quantity.quantity><out_Quantity.quantity>114.686862</out_Quantity.quantity></Point><Point><position>10211</position><in_Quantity.quantity>0.000000</in_Quantity.quantity><out_Quantity.quantity>92.216048</out_Quantity.quantity></Point><Point><position>10212</position><in_Quantity.quantity>0.000000</in_Quantity.quantity><out_Quantity.quantity>553.287480</out_Quantity.quantity></Point><Point><position>10213</position><in_Quantity.quantity>0.000000</in_Quantity.quantity><out_Quantity.quantity>178.951287</out_Quantity.quantity></Point><Point><position>10214</position><in_Quantity.quantity>0.000000</in_Quantity.quantity><out_Quantity.quantity>704.984466</out_Quantity.quantity></Point><Point><position>10215</position><in_Quantity.quantity>0.000000</in_Quantity.quantity><out_Quantity.quantity>940.509511</out_Quantity.quantity></Point><Point><position>10216</position><in_Quantity.quantity>0.000000</in_Quantity.quantity><out_Quantity.quantity>427.103265</out_Quantity.quantity></Point><Point><position>10217</position><in_Quantity.quantity>0.000000</in_Quantity.quantity><out_Quantity.quantity>435.004067</out_Quantity.quantity></Point><Point><position>10218</position><in_Quantity.quantity>0.000000</in_Quantity.quantity><out_Quantity.quantity>827.327891</out_Quantity.quantity></Point><Point><position>10219</position><in_Quantity.quantity>0.000000</in_Quantity.quantity><out_Quantity.quantity>419.020997</out_Quantity.quantity></Point><Point><position>10220</position><in_Quantity.quantity>0.000000</in_Quantity.quantity><out_Quantity.quantity>865.794178</out_Quantity.quantity></Point><Point><position>10221</position><in_Quantity.quantity>0.000000</in_Quantity.quantity><out_Quantity.quantity>450.690010</out_Quantity.quantity></Point><Point><position>10222</position><in_Quantity.quantity>0.000000</in_Quantity.quantity><out_Quantity.quantity>549.988825</out_Quantity.quantity></Point><Point><position>10223</position><in_Quantity.quantity>0.000000</in_Quantity.quantity><out_Quantity.quantity>665.842744</out_Quantity.quantity></Point><Point><position>10224</position><in_Quantity.quantity>0.000000</in_Quantity.quantity><out_Quantity.quantity>63.238289</out_Quantity.quantity></Point><Point><position>10225</position><in_Quantity.quantity>0.000000</in_Quantity.quantity><out_Quantity.quantity>664.616980</out_Quantity.quantity></Point><Point><position>10226</position><in_Quantity.quantity>0.000000</in_Quantity.quantity><out_Quantity.quantity>639.479092</out_Quantity.quantity></Point><Point><position>10227</position><in_Quantity.quantity>0.000000</in_Quantity.quantity><out_Quantity.quantity>413.870305</out_Quantity.quantity></Point><Point><position>10228</position><in_Quantity.quantity>0.000000</in_Quantity.quantity><out_Quantity.quantity>25.655683</out_Quantity.quantity></Point><Point><position>10229</position><in_Quantity.quantity>0.000000</in_Quantity.quantity><out_Quantity.quantity>653.813093</out_Quantity.quantity></Point><Point><position>10230</position><in_Quantity.quantity>0.000000</in_Quantity.quantity><out_Quantity.quantity>230.053332</out_Quantity.quantity></Point><Point><position>10231</position><in_Quantity.quantity>0.000000</in_Quantity.quantity><out_Quantity.quantity>585.295581</out_Quantity.quantity></Point><Point><position>10232</position><in_Quantity.quantity>0.000000</in_Quantity.quantity><out_Quantity.quantity>939.844567</out_Quantity.quantity></Point><Point><position>10233</position><in_Quantity.quantity>0.000000</in_Quantity.quantity><out_Quantity.quantity>886.984394</out_Quantity.quantity></Point><Point><position>10234</position><in_Quantity.quantity>0.000000</in_Quantity.quantity><out_Quantity.quantity>475.586420</out_Quantity.quantity></Point><Point><position>10235</position><in_Quantity.quantity>0.000000</in_Quantity.quantity><out_Quantity.quantity>419.542065</out_Quantity.quantity></Point><Point><position>10236</position><in_Quantity.quantity>0.000000</in_Quantity.quantity><out_Quantity.quantity>536.700549</out_Quantity.quantity></Point><Point><position>10237</position><in_Quantity.quantity>0.000000</in_Quantity.quantity><out_Quantity.quantity>867.912308</out_Quantity.quantity></Point><Point><position>10238</position><in_Quantity.quantity>0.000000</in_Quantity.quantity><out_Quantity.quantity>408.963975</out_Quantity.quantity></Point><Point><position>10239</position><in_Quantity.quantity>0.000000</in_Quantity.quantity><out_Quantity.quantity>992.921611</out_Quantity.quantity></Point><Point><position>10240</position><in_Quantity.quantity>0.000000</in_Quantity.quantity><out_Quantity.quantity>72.914890</out_Quantity.quantity></Point><Point><position>10241</position><in_Quantity.quantity>0.000000</in_Quantity.quantity><out_Quantity.quantity>21.777957</out_Quantity.quantity></Point><Point><position>10242</position><in_Quantity.quantity>0.000000</in_Quantity.quantity><out_Quantity.quantity>532.893299</out_Quantity.quantity></Point><Point><position>10243</position><in_Quantity.quantity>0.000000</in_Quantity.quantity><out_Quantity.quantity>413.451676</out_Quantity.quantity></Point><Point><position>10244</position><in_Quantity.quantity>0.000000</in_Quantity.quantity><out_Quantity.quantity>649.795940</out_Quantity.quantity></Point><Point><position>10245</position><in_Quantity.quantity>0.000000</in_Quantity.quantity><out_Quantity.quantity>719.531135</out_Quantity.quantity></Point><Point><position>10246</position><in_Quantity.quantity>0.000000</in_Quantity.quantity><out_Quantity.quantity>766.553474</out_Quantity.quantity></Point><Point><position>10247</position><in_Quantity.quantity>0.000000</in_Quantity.quantity><out_Quantity.quantity>789.712497</out_Quantity.quantity></Point><Point><position>10248</position><in_Quantity.quantity>0.000000</in_Quantity.quantity><out_Quantity.quantity>640.427010</out_Quantity.quantity></Point><Point><position>10249</position><in_Quantity.quantity>0.000000</in_Quantity.quantity><out_Quantity.quantity>689.196692</out_Quantity.quantity></Point><Point><position>10250</position><in_Quantity.quantity>0.000000</in_Quantity.quantity><out_Quantity.quantity>913.550794</out_Quantity.quantity></Point><Point><position>10251</position><in_Quantity.quantity>0.000000</in_Quantity.quantity><out_Quantity.quantity>713.377121</out_Quantity.quantity></Point><Point><position>10252</position><in_Quantity.quantity>0.000000</in_Quantity.quantity><out_Quantity.quantity>826.731162</out_Quantity.quantity></Point><Point><position>10253</position><in_Quantity.quantity>0.000000</in_Quantity.quantity><out_Quantity.quantity>467.938894</out_Quantity.quantity></Point><Point><position>10254</position><in_Quantity.quantity>0.000000</in_Quantity.quantity><out_Quantity.quantity>529.551611</out_Quantity.quantity></Point><Point><position>10255</position><in_Quantity.quantity>0.000000</in_Quantity.quantity><out_Quantity.quantity>910.259218</out_Quantity.quantity></Point><Point><position>10256</position><in_Quantity.quantity>0.000000</in_Quantity.quantity><out_Quantity.quantity>682.185808</out_Quantity.quantity></Point><Point><position>10257</position><in_Quantity.quantity>0.000000</in_Quantity.quantity><out_Quantity.quantity>22.758196</out_Quantity.quantity></Point><Point><position>10258</position><in_Quantity.quantity>0.000000</in_Quantity.quantity><out_Quantity.quantity>930.861245</out_Quantity.quantity></Point><Point><position>10259</position><in_Quantity.quantity>0.000000</in_Quantity.quantity><out_Quantity.quantity>347.478947</out_Quantity.quantity></Point><Point><position>10260</position><in_Quantity.quantity>0.000000</in_Quantity.quantity><out_Quantity.quantity>166.165390</out_Quantity.quantity></Point><Point><position>10261</position><in_Quantity.quantity>0.000000</in_Quantity.quantity><out_Quantity.quantity>403.734207</out_Quantity.quantity></Point><Point><position>10262</position><in_Quantity.quantity>0.000000</in_Quantity.quantity><out_Quantity.quantity>899.461456</out_Quantity.quantity></Point><Point><position>10263</position><in_Quantity.quantity>0.000000</in_Quantity.quantity><out_Quantity.quantity>16.295342</out_Quantity.quantity></Point><Point><position>10264</position><in_Quantity.quantity>0.000000</in_Quantity.quantity><out_Quantity.quantity>445.605910</out_Quantity.quantity></Point><Point><position>10265</position><in_Quantity.quantity>0.000000</in_Quantity.quantity><out_Quantity.quantity>668.592833</out_Quantity.quantity></Point><Point><position>10266</position><in_Quantity.quantity>0.000000</in_Quantity.quantity><out_Quantity.quantity>333.882330</out_Quantity.quantity></Point><Point><position>10267</position><in_Quantity.quantity>0.000000</in_Quantity.quantity><out_Quantity.quantity>746.499493</out_Quantity.quantity></Point><Point><position>10268</position><in_Quantity.quantity>0.000000</in_Quantity.quantity><out_Quantity.quantity>187.429935</out_Quantity.quantity></Point><Point><position>10269</position><in_Quantity.quantity>0.000000</in_Quantity.quantity><out_Quantity.quantity>983.803788</out_Quantity.quantity></Point><Point><position>10270</position><in_Quantity.quantity>0.000000</in_Quantity.quantity><out_Quantity.quantity>700.254376</out_Quantity.quantity></Point><Point><position>10271</position><in_Quantity.quantity>0.000000</in_Quantity.quantity><out_Quantity.quantity>535.303771</out_Quantity.quantity></Point><Point><position>10272</position><in_Quantity.quantity>0.000000</in_Quantity.quantity><out_Quantity.quantity>920.190031</out_Quantity.quantity></Point><Point><position>10273</position><in_Quantity.quantity>0.000000</in_Quantity.quantity><out_Quantity.quantity>456.274422</out_Quantity.quantity></Point><Point><position>10274</position><in_Quantity.quantity>0.000000</in_Quantity.quantity><out_Quantity.quantity>295.042059</out_Quantity.quantity></Point><Point><position>10275</position><in_Quantity.quantity>0.000000</in_Quantity.quantity><out_Quantity.quantity>718.938998</out_Quantity.quantity></Point><Point><position>10276</position><in_Quantity.quantity>0.000000</in_Quantity.quantity><out_Quantity.quantity>725.154752</out_Quantity.quantity></Point><Point><position>10277</position><in_Quantity.quantity>0.000000</in_Quantity.quantity><out_Quantity.quantity>83.609254</out_Quantity.quantity></Point><Point><position>10278</position><in_Quantity.quantity>0.000000</in_Quantity.quantity><out_Quantity.quantity>779.669005</out_Quantity.quantity></Point><Point><position>10279</position><in_Quantity.quantity>0.000000</in_Quantity.quantity><out_Quantity.quantity>360.121171</out_Quantity.quantity></Point><Point><position>10280</position><in_Quantity.quantity>0.000000</in_Quantity.quantity><out_Quantity.quantity>262.579448</out_Quantity.quantity></Point><Point><position>10281</position><in_Quantity.quantity>0.000000</in_Quantity.quantity><out_Quantity.quantity>839.946925</out_Quantity.quantity></Point><Point><position>10282</position><in_Quantity.quantity>0.000000</in_Quantity.quantity><out_Quantity.quantity>635.933652</out_Quantity.quantity></Point><Point><position>10283</position><in_Quantity.quantity>0.000000</in_Quantity.quantity><out_Quantity.quantity>609.037961</out_Quantity.quantity></Point><Point><position>10284</position><in_Quantity.quantity>0.000000</in_Quantity.quantity><out_Quantity.quantity>289.998245</out_Quantity.quantity></Point><Point><position>10285</position><in_Quantity.quantity>0.000000</in_Quantity.quantity><out_Quantity.quantity>125.025775</out_Quantity.quantity></Point><Point><position>10286</position><in_Quantity.quantity>0.000000</in_Quantity.quantity><out_Quantity.quantity>327.652667</out_Quantity.quantity></Point><Point><position>10287</position><in_Quantity.quantity>0.000000</in_Quantity.quantity><out_Quantity.quantity>74.200167</out_Quantity.quantity></Point><Point><position>10288</position><in_Quantity.quantity>0.000000</in_Quantity.quantity><out_Quantity.quantity>111.068204</out_Quantity.quantity></Point><Point><position>10289</position><in_Quantity.quantity>0.000000</in_Quantity.quantity><out_Quantity.quantity>594.773612</out_Quantity.quantity></Point><Point><position>10290</position><in_Quantity.quantity>0.000000</in_Quantity.quantity><out_Quantity.quantity>330.730593</out_Quantity.quantity></Point><Point><position>10291</position><in_Quantity.quantity>0.000000</in_Quantity.quantity><out_Quantity.quantity>729.975134</out_Quantity.quantity></Point><Point><position>10292</position><in_Quantity.quantity>0.000000</in_Quantity.quantity><out_Quantity.quantity>456.660793</out_Quantity.quantity></Point><Point><position>10293</position><in_Quantity.quantity>0.000000</in_Quantity.quantity><out_Quantity.quantity>533.138501</out_Quantity.quantity></Point><Point><position>10294</position><in_Quantity.quantity>0.000000</in_Quantity.quantity><out_Quantity.quantity>685.063644</out_Quantity.quantity></Point><Point><position>10295</position><in_Quantity.quantity>0.000000</in_Quantity.quantity><out_Quantity.quantity>700.474307</out_Quantity.quantity></Point><Point><position>10296</position><in_Quantity.quantity>0.000000</in_Quantity.quantity><out_Quantity.quantity>457.988648</out_Quantity.quantity></Point><Point><position>10297</position><in_Quantity.quantity>0.000000</in_Quantity.quantity><out_Quantity.quantity>270.727718</out_Quantity.quantity></Point><Point><position>10298</position><in_Quantity.quantity>0.000000</in_Quantity.quantity><out_Quantity.quantity>598.572103</out_Quantity.quantity></Point><Point><position>10299</position><in_Quantity.quantity>0.000000</in_Quantity.quantity><out_Quantity.quantity>450.536214</out_Quantity.quantity></Point><Point><position>10300</position><in_Quantity.quantity>0.000000</in_Quantity.quantity><out_Quantity.quantity>770.995016</out_Quantity.quantity></Point><Point><position>10301</position><in_Quantity.quantity>0.000000</in_Quantity.quantity><out_Quantity.quantity>33.215341</out_Quantity.quantity></Point><Point><position>10302</position><in_Quantity.quantity>0.000000</in_Quantity.quantity><out_Quantity.quantity>930.686419</out_Quantity.quantity></Point><Point><position>10303</position><in_Quantity.quantity>0.000000</in_Quantity.quantity><out_Quantity.quantity>81.633888</out_Quantity.quantity></Point><Point><position>10304</position><in_Quantity.quantity>0.000000</in_Quantity.quantity><out_Quantity.quantity>13.511756</out_Quantity.quantity></Point><Point><position>10305</position><in_Quantity.quantity>0.000000</in_Quantity.quantity><out_Quantity.quantity>692.278909</out_Quantity.quantity></Point><Point><position>10306</position><in_Quantity.quantity>0.000000</in_Quantity.quantity><out_Quantity.quantity>811.094477</out_Quantity.quantity></Point><Point><position>10307</position><in_Quantity.quantity>0.000000</in_Quantity.quantity><out_Quantity.quantity>753.284312</out_Quantity.quantity></Point><Point><position>10308</position><in_Quantity.quantity>0.000000</in_Quantity.quantity><out_Quantity.quantity>178.131153</out_Quantity.quantity></Point><Point><position>10309</position><in_Quantity.quantity>0.000000</in_Quantity.quantity><out_Quantity.quantity>673.710054</out_Quantity.quantity></Point><Point><position>10310</position><in_Quantity.quantity>0.000000</in_Quantity.quantity><out_Quantity.quantity>486.679054</out_Quantity.quantity></Point><Point><position>10311</position><in_Quantity.quantity>0.000000</in_Quantity.quantity><out_Quantity.quantity>544.911686</out_Quantity.quantity></Point><Point><position>10312</position><in_Quantity.quantity>0.000000</in_Quantity.quantity><out_Quantity.quantity>185.757641</out_Quantity.quantity></Point><Point><position>10313</position><in_Quantity.quantity>0.000000</in_Quantity.quantity><out_Quantity.quantity>794.213073</out_Quantity.quantity></Point><Point><position>10314</position><in_Quantity.quantity>0.000000</in_Quantity.quantity><out_Quantity.quantity>187.384118</out_Quantity.quantity></Point><Point><position>10315</position><in_Quantity.quantity>0.000000</in_Quantity.quantity><out_Quantity.quantity>34.310044</out_Quantity.quantity></Point><Point><position>10316</position><in_Quantity.quantity>0.000000</in_Quantity.quantity><out_Quantity.quantity>500.216866</out_Quantity.quantity></Point><Point><position>10317</position><in_Quantity.quantity>0.000000</in_Quantity.quantity><out_Quantity.quantity>252.053775</out_Quantity.quantity></Point><Point><position>10318</position><in_Quantity.quantity>0.000000</in_Quantity.quantity><out_Quantity.quantity>112.461076</out_Quantity.quantity></Point><Point><position>10319</position><in_Quantity.quantity>0.000000</in_Quantity.quantity><out_Quantity.quantity>502.554788</out_Quantity.quantity></Point><Point><position>10320</position><in_Quantity.quantity>0.000000</in_Quantity.quantity><out_Quantity.quantity>433.799368</out_Quantity.quantity></Point><Point><position>10321</position><in_Quantity.quantity>0.000000</in_Quantity.quantity><out_Quantity.quantity>563.258145</out_Quantity.quantity></Point><Point><position>10322</position><in_Quantity.quantity>0.000000</in_Quantity.quantity><out_Quantity.quantity>135.511580</out_Quantity.quantity></Point><Point><position>10323</position><in_Quantity.quantity>0.000000</in_Quantity.quantity><out_Quantity.quantity>914.942201</out_Quantity.quantity></Point><Point><position>10324</position><in_Quantity.quantity>0.000000</in_Quantity.quantity><out_Quantity.quantity>904.558387</out_Quantity.quantity></Point><Point><position>10325</position><in_Quantity.quantity>0.000000</in_Quantity.quantity><out_Quantity.quantity>806.873689</out_Quantity.quantity></Point><Point><position>10326</position><in_Quantity.quantity>0.000000</in_Quantity.quantity><out_Quantity.quantity>423.171622</out_Quantity.quantity></Point><Point><position>10327</position><in_Quantity.quantity>0.000000</in_Quantity.quantity><out_Quantity.quantity>104.107193</out_Quantity.quantity></Point><Point><position>10328</position><in_Quantity.quantity>0.000000</in_Quantity.quantity><out_Quantity.quantity>141.761782</out_Quantity.quantity></Point><Point><position>10329</position><in_Quantity.quantity>0.000000</in_Quantity.quantity><out_Quantity.quantity>542.812814</out_Quantity.quantity></Point><Point><position>10330</position><in_Quantity.quantity>0.000000</in_Quantity.quantity><out_Quantity.quantity>164.916765</out_Quantity.quantity></Point><Point><position>10331</position><in_Quantity.quantity>0.000000</in_Quantity.quantity><out_Quantity.quantity>871.342490</out_Quantity.quantity></Point><Point><position>10332</position><in_Quantity.quantity>0.000000</in_Quantity.quantity><out_Quantity.quantity>748.259421</out_Quantity.quantity></Point><Point><position>10333</position><in_Quantity.quantity>0.000000</in_Quantity.quantity><out_Quantity.quantity>506.456151</out_Quantity.quantity></Point><Point><position>10334</position><in_Quantity.quantity>0.000000</in_Quantity.quantity><out_Quantity.quantity>927.400133</out_Quantity.quantity></Point><Point><position>10335</position><in_Quantity.quantity>0.000000</in_Quantity.quantity><out_Quantity.quantity>742.058493</out_Quantity.quantity></Point><Point><position>10336</position><in_Quantity.quantity>0.000000</in_Quantity.quantity><out_Quantity.quantity>997.048315</out_Quantity.quantity></Point><Point><position>10337</position><in_Quantity.quantity>0.000000</in_Quantity.quantity><out_Quantity.quantity>126.622081</out_Quantity.quantity></Point><Point><position>10338</position><in_Quantity.quantity>0.000000</in_Quantity.quantity><out_Quantity.quantity>738.687219</out_Quantity.quantity></Point><Point><position>10339</position><in_Quantity.quantity>0.000000</in_Quantity.quantity><out_Quantity.quantity>457.336195</out_Quantity.quantity></Point><Point><position>10340</position><in_Quantity.quantity>0.000000</in_Quantity.quantity><out_Quantity.quantity>550.062134</out_Quantity.quantity></Point><Point><position>10341</position><in_Quantity.quantity>0.000000</in_Quantity.quantity><out_Quantity.quantity>452.444524</out_Quantity.quantity></Point><Point><position>10342</position><in_Quantity.quantity>0.000000</in_Quantity.quantity><out_Quantity.quantity>546.426945</out_Quantity.quantity></Point><Point><position>10343</position><in_Quantity.quantity>0.000000</in_Quantity.quantity><out_Quantity.quantity>490.731431</out_Quantity.quantity></Point><Point><position>10344</position><in_Quantity.quantity>0.000000</in_Quantity.quantity><out_Quantity.quantity>491.328710</out_Quantity.quantity></Point><Point><position>10345</position><in_Quantity.quantity>0.000000</in_Quantity.quantity><out_Quantity.quantity>742.001767</out_Quantity.quantity></Point><Point><position>10346</position><in_Quantity.quantity>0.000000</in_Quantity.quantity><out_Quantity.quantity>361.487519</out_Quantity.quantity></Point><Point><position>10347</position><in_Quantity.quantity>0.000000</in_Quantity.quantity><out_Quantity.quantity>649.536719</out_Quantity.quantity></Point><Point><position>10348</position><in_Quantity.quantity>0.000000</in_Quantity.quantity><out_Quantity.quantity>139.345374</out_Quantity.quantity></Point><Point><position>10349</position><in_Quantity.quantity>0.000000</in_Quantity.quantity><out_Quantity.quantity>754.595270</out_Quantity.quantity></Point><Point><position>10350</position><in_Quantity.quantity>0.000000</in_Quantity.quantity><out_Quantity.quantity>643.624866</out_Quantity.quantity></Point><Point><position>10351</position><in_Quantity.quantity>0.000000</in_Quantity.quantity><out_Quantity.quantity>737.211022</out_Quantity.quantity></Point><Point><position>10352</position><in_Quantity.quantity>0.000000</in_Quantity.quantity><out_Quantity.quantity>233.023696</out_Quantity.quantity></Point><Point><position>10353</position><in_Quantity.quantity>0.000000</in_Quantity.quantity><out_Quantity.quantity>242.723331</out_Quantity.quantity></Point><Point><position>10354</position><in_Quantity.quantity>0.000000</in_Quantity.quantity><out_Quantity.quantity>89.091087</out_Quantity.quantity></Point><Point><position>10355</position><in_Quantity.quantity>0.000000</in_Quantity.quantity><out_Quantity.quantity>583.937662</out_Quantity.quantity></Point><Point><position>10356</position><in_Quantity.quantity>0.000000</in_Quantity.quantity><out_Quantity.quantity>193.887098</out_Quantity.quantity></Point><Point><position>10357</position><in_Quantity.quantity>0.000000</in_Quantity.quantity><out_Quantity.quantity>687.888261</out_Quantity.quantity></Point><Point><position>10358</position><in_Quantity.quantity>0.000000</in_Quantity.quantity><out_Quantity.quantity>288.226657</out_Quantity.quantity></Point><Point><position>10359</position><in_Quantity.quantity>0.000000</in_Quantity.quantity><out_Quantity.quantity>353.957220</out_Quantity.quantity></Point><Point><position>10360</position><in_Quantity.quantity>0.000000</in_Quantity.quantity><out_Quantity.quantity>859.363681</out_Quantity.quantity></Point><Point><position>10361</position><in_Quantity.quantity>0.000000</in_Quantity.quantity><out_Quantity.quantity>816.643368</out_Quantity.quantity></Point><Point><position>10362</position><in_Quantity.quantity>0.000000</in_Quantity.quantity><out_Quantity.quantity>121.882407</out_Quantity.quantity></Point><Point><position>10363</position><in_Quantity.quantity>0.000000</in_Quantity.quantity><out_Quantity.quantity>683.793061</out_Quantity.quantity></Point><Point><position>10364</position><in_Quantity.quantity>0.000000</in_Quantity.quantity><out_Quantity.quantity>624.506902</out_Quantity.quantity></Point><Point><position>10365</position><in_Quantity.quantity>0.000000</in_Quantity.quantity><out_Quantity.quantity>823.786365</out_Quantity.quantity></Point><Point><position>10366</position><in_Quantity.quantity>0.000000</in_Quantity.quantity><out_Quantity.quantity>641.567996</out_Quantity.quantity></Point><Point><position>10367</position><in_Quantity.quantity>0.000000</in_Quantity.quantity><out_Quantity.quantity>72.097433</out_Quantity.quantity></Point><Point><position>10368</position><in_Quantity.quantity>0.000000</in_Quantity.quantity><out_Quantity.quantity>969.243944</out_Quantity.quantity></Point><Point><position>10369</position><in_Quantity.quantity>0.000000</in_Quantity.quantity><out_Quantity.quantity>245.061132</out_Quantity.quantity></Point><Point><position>10370</position><in_Quantity.quantity>0.000000</in_Quantity.quantity><out_Quantity.quantity>226.224957</out_Quantity.quantity></Point><Point><position>10371</position><in_Quantity.quantity>0.000000</in_Quantity.quantity><out_Quantity.quantity>639.625198</out_Quantity.quantity></Point><Point><position>10372</position><in_Quantity.quantity>0.000000</in_Quantity.quantity><out_Quantity.quantity>24.295204</out_Quantity.quantity></Point><Point><position>10373</position><in_Quantity.quantity>0.000000</in_Quantity.quantity><out_Quantity.quantity>828.315938</out_Quantity.quantity></Point><Point><position>10374</position><in_Quantity.quantity>0.000000</in_Quantity.quantity><out_Quantity.quantity>177.847961</out_Quantity.quantity></Point><Point><position>10375</position><in_Quantity.quantity>0.000000</in_Quantity.quantity><out_Quantity.quantity>457.601456</out_Quantity.quantity></Point><Point><position>10376</position><in_Quantity.quantity>0.000000</in_Quantity.quantity><out_Quantity.quantity>282.176560</out_Quantity.quantity></Point><Point><position>10377</position><in_Quantity.quantity>0.000000</in_Quantity.quantity><out_Quantity.quantity>864.664610</out_Quantity.quantity></Point><Point><position>10378</position><in_Quantity.quantity>0.000000</in_Quantity.quantity><out_Quantity.quantity>234.597251</out_Quantity.quantity></Point><Point><position>10379</position><in_Quantity.quantity>0.000000</in_Quantity.quantity><out_Quantity.quantity>909.959656</out_Quantity.quantity></Point><Point><position>10380</position><in_Quantity.quantity>0.000000</in_Quantity.quantity><out_Quantity.quantity>869.894633</out_Quantity.quantity></Point><Point><position>10381</position><in_Quantity.quantity>0.000000</in_Quantity.quantity><out_Quantity.quantity>7.979815</out_Quantity.quantity></Point><Point><position>10382</position><in_Quantity.quantity>0.000000</in_Quantity.quantity><out_Quantity.quantity>988.179413</out_Quantity.quantity></Point><Point><position>10383</position><in_Quantity.quantity>0.000000</in_Quantity.quantity><out_Quantity.quantity>207.153956</out_Quantity.quantity></Point><Point><position>10384</position><in_Quantity.quantity>0.000000</in_Quantity.quantity><out_Quantity.quantity>739.336382</out_Quantity.quantity></Point><Point><position>10385</position><in_Quantity.quantity>0.000000</in_Quantity.quantity><out_Quantity.quantity>479.291149</out_Quantity.quantity></Point><Point><position>10386</position><in_Quantity.quantity>0.000000</in_Quantity.quantity><out_Quantity.quantity>563.240513</out_Quantity.quantity></Point><Point><position>10387</position><in_Quantity.quantity>0.000000</in_Quantity.quantity><out_Quantity.quantity>45.695463</out_Quantity.quantity></Point><Point><position>10388</position><in_Quantity.quantity>0.000000</in_Quantity.quantity><out_Quantity.quantity>769.248837</out_Quantity.quantity></Point><Point><position>10389</position><in_Quantity.quantity>0.000000</in_Quantity.quantity><out_Quantity.quantity>448.754953</out_Quantity.quantity></Point><Point><position>10390</position><in_Quantity.quantity>0.000000</in_Quantity.quantity><out_Quantity.quantity>265.334534</out_Quantity.quantity></Point><Point><position>10391</position><in_Quantity.quantity>0.000000</in_Quantity.quantity><out_Quantity.quantity>579.638121</out_Quantity.quantity></Point><Point><position>10392</position><in_Quantity.quantity>0.000000</in_Quantity.quantity><out_Quantity.quantity>539.876146</out_Quantity.quantity></Point><Point><position>10393</position><in_Quantity.quantity>0.000000</in_Quantity.quantity><out_Quantity.quantity>995.427761</out_Quantity.quantity></Point><Point><position>10394</position><in_Quantity.quantity>0.000000</in_Quantity.quantity><out_Quantity.quantity>982.793549</out_Quantity.quantity></Point><Point><position>10395</position><in_Quantity.quantity>0.000000</in_Quantity.quantity><out_Quantity.quantity>712.215562</out_Quantity.quantity></Point><Point><position>10396</position><in_Quantity.quantity>0.000000</in_Quantity.quantity><out_Quantity.quantity>934.545412</out_Quantity.quantity></Point><Point><position>10397</position><in_Quantity.quantity>0.000000</in_Quantity.quantity><out_Quantity.quantity>895.425024</out_Quantity.quantity></Point><Point><position>10398</position><in_Quantity.quantity>0.000000</in_Quantity.quantity><out_Quantity.quantity>920.906504</out_Quantity.quantity></Point><Point><position>10399</position><in_Quantity.quantity>0.000000</in_Quantity.quantity><out_Quantity.quantity>198.650243</out_Quantity.quantity></Point><Point><position>10400</position><in_Quantity.quantity>0.000000</in_Quantity.quantity><out_Quantity.quantity>92.343806</out_Quantity.quantity></Point><Point><position>10401</position><in_Quantity.quantity>0.000000</in_Quantity.quantity><out_Quantity.quantity>280.340805</out_Quantity.quantity></Point><Point><position>10402</position><in_Quantity.quantity>0.000000</in_Quantity.quantity><out_Quantity.quantity>997.932463</out_Quantity.quantity></Point><Point><position>10403</position><in_Quantity.quantity>0.000000</in_Quantity.quantity><out_Quantity.quantity>568.313379</out_Quantity.quantity></Point><Point><position>10404</position><in_Quantity.quantity>0.000000</in_Quantity.quantity><out_Quantity.quantity>115.136756</out_Quantity.quantity></Point><Point><position>10405</position><in_Quantity.quantity>0.000000</in_Quantity.quantity><out_Quantity.quantity>848.336272</out_Quantity.quantity></Point><Point><position>10406</position><in_Quantity.quantity>0.000000</in_Quantity.quantity><out_Quantity.quantity>908.039194</out_Quantity.quantity></Point><Point><position>10407</position><in_Quantity.quantity>0.000000</in_Quantity.quantity><out_Quantity.quantity>420.828364</out_Quantity.quantity></Point><Point><position>10408</position><in_Quantity.quantity>0.000000</in_Quantity.quantity><out_Quantity.quantity>723.009941</out_Quantity.quantity></Point><Point><position>10409</position><in_Quantity.quantity>0.000000</in_Quantity.quantity><out_Quantity.quantity>182.753661</out_Quantity.quantity></Point><Point><position>10410</position><in_Quantity.quantity>0.000000</in_Quantity.quantity><out_Quantity.quantity>338.309008</out_Quantity.quantity></Point><Point><position>10411</position><in_Quantity.quantity>0.000000</in_Quantity.quantity><out_Quantity.quantity>516.656934</out_Quantity.quantity></Point><Point><position>10412</position><in_Quantity.quantity>0.000000</in_Quantity.quantity><out_Quantity.quantity>520.458447</out_Quantity.quantity></Point><Point><position>10413</position><in_Quantity.quantity>0.000000</in_Quantity.quantity><out_Quantity.quantity>94.720985</out_Quantity.quantity></Point><Point><position>10414</position><in_Quantity.quantity>0.000000</in_Quantity.quantity><out_Quantity.quantity>626.506945</out_Quantity.quantity></Point><Point><position>10415</position><in_Quantity.quantity>0.000000</in_Quantity.quantity><out_Quantity.quantity>568.398658</out_Quantity.quantity></Point><Point><position>10416</position><in_Quantity.quantity>0.000000</in_Quantity.quantity><out_Quantity.quantity>643.532250</out_Quantity.quantity></Point><Point><position>10417</position><in_Quantity.quantity>0.000000</in_Quantity.quantity><out_Quantity.quantity>624.308812</out_Quantity.quantity></Point><Point><position>10418</position><in_Quantity.quantity>0.000000</in_Quantity.quantity><out_Quantity.quantity>436.498111</out_Quantity.quantity></Point><Point><position>10419</position><in_Quantity.quantity>0.000000</in_Quantity.quantity><out_Quantity.quantity>653.523735</out_Quantity.quantity></Point><Point><position>10420</position><in_Quantity.quantity>0.000000</in_Quantity.quantity><out_Quantity.quantity>344.014909</out_Quantity.quantity></Point><Point><position>10421</position><in_Quantity.quantity>0.000000</in_Quantity.quantity><out_Quantity.quantity>35.918063</out_Quantity.quantity></Point><Point><position>10422</position><in_Quantity.quantity>0.000000</in_Quantity.quantity><out_Quantity.quantity>36.271586</out_Quantity.quantity></Point><Point><position>10423</position><in_Quantity.quantity>0.000000</in_Quantity.quantity><out_Quantity.quantity>453.243559</out_Quantity.quantity></Point><Point><position>10424</position><in_Quantity.quantity>0.000000</in_Quantity.quantity><out_Quantity.quantity>429.093623</out_Quantity.quantity></Point><Point><position>10425</position><in_Quantity.quantity>0.000000</in_Quantity.quantity><out_Quantity.quantity>461.245348</out_Quantity.quantity></Point><Point><position>10426</position><in_Quantity.quantity>0.000000</in_Quantity.quantity><out_Quantity.quantity>82.620303</out_Quantity.quantity></Point><Point><position>10427</position><in_Quantity.quantity>0.000000</in_Quantity.quantity><out_Quantity.quantity>344.972315</out_Quantity.quantity></Point><Point><position>10428</position><in_Quantity.quantity>0.000000</in_Quantity.quantity><out_Quantity.quantity>512.785082</out_Quantity.quantity></Point><Point><position>10429</position><in_Quantity.quantity>0.000000</in_Quantity.quantity><out_Quantity.quantity>513.100797</out_Quantity.quantity></Point><Point><position>10430</position><in_Quantity.quantity>0.000000</in_Quantity.quantity><out_Quantity.quantity>661.653461</out_Quantity.quantity></Point><Point><position>10431</position><in_Quantity.quantity>0.000000</in_Quantity.quantity><out_Quantity.quantity>370.781264</out_Quantity.quantity></Point><Point><position>10432</position><in_Quantity.quantity>0.000000</in_Quantity.quantity><out_Quantity.quantity>569.431887</out_Quantity.quantity></Point><Point><position>10433</position><in_Quantity.quantity>0.000000</in_Quantity.quantity><out_Quantity.quantity>367.805123</out_Quantity.quantity></Point><Point><position>10434</position><in_Quantity.quantity>0.000000</in_Quantity.quantity><out_Quantity.quantity>683.441086</out_Quantity.quantity></Point><Point><position>10435</position><in_Quantity.quantity>0.000000</in_Quantity.quantity><out_Quantity.quantity>92.541610</out_Quantity.quantity></Point><Point><position>10436</position><in_Quantity.quantity>0.000000</in_Quantity.quantity><out_Quantity.quantity>799.693468</out_Quantity.quantity></Point><Point><position>10437</position><in_Quantity.quantity>0.000000</in_Quantity.quantity><out_Quantity.quantity>267.232676</out_Quantity.quantity></Point><Point><position>10438</position><in_Quantity.quantity>0.000000</in_Quantity.quantity><out_Quantity.quantity>711.516349</out_Quantity.quantity></Point><Point><position>10439</position><in_Quantity.quantity>0.000000</in_Quantity.quantity><out_Quantity.quantity>34.959202</out_Quantity.quantity></Point><Point><position>10440</position><in_Quantity.quantity>0.000000</in_Quantity.quantity><out_Quantity.quantity>645.274481</out_Quantity.quantity></Point><Point><position>10441</position><in_Quantity.quantity>0.000000</in_Quantity.quantity><out_Quantity.quantity>65.885139</out_Quantity.quantity></Point><Point><position>10442</position><in_Quantity.quantity>0.000000</in_Quantity.quantity><out_Quantity.quantity>180.531782</out_Quantity.quantity></Point><Point><position>10443</position><in_Quantity.quantity>0.000000</in_Quantity.quantity><out_Quantity.quantity>877.430294</out_Quantity.quantity></Point><Point><position>10444</position><in_Quantity.quantity>0.000000</in_Quantity.quantity><out_Quantity.quantity>480.287450</out_Quantity.quantity></Point><Point><position>10445</position><in_Quantity.quantity>0.000000</in_Quantity.quantity><out_Quantity.quantity>645.326611</out_Quantity.quantity></Point><Point><position>10446</position><in_Quantity.quantity>0.000000</in_Quantity.quantity><out_Quantity.quantity>567.092514</out_Quantity.quantity></Point><Point><position>10447</position><in_Quantity.quantity>0.000000</in_Quantity.quantity><out_Quantity.quantity>691.557295</out_Quantity.quantity></Point><Point><position>10448</position><in_Quantity.quantity>0.000000</in_Quantity.quantity><out_Quantity.quantity>618.836849</out_Quantity.quantity></Point><Point><position>10449</position><in_Quantity.quantity>0.000000</in_Quantity.quantity><out_Quantity.quantity>485.390594</out_Quantity.quantity></Point><Point><position>10450</position><in_Quantity.quantity>0.000000</in_Quantity.quantity><out_Quantity.quantity>353.933149</out_Quantity.quantity></Point><Point><position>10451</position><in_Quantity.quantity>0.000000</in_Quantity.quantity><out_Quantity.quantity>347.780834</out_Quantity.quantity></Point><Point><position>10452</position><in_Quantity.quantity>0.000000</in_Quantity.quantity><out_Quantity.quantity>531.251072</out_Quantity.quantity></Point><Point><position>10453</position><in_Quantity.quantity>0.000000</in_Quantity.quantity><out_Quantity.quantity>321.904106</out_Quantity.quantity></Point><Point><position>10454</position><in_Quantity.quantity>0.000000</in_Quantity.quantity><out_Quantity.quantity>447.026342</out_Quantity.quantity></Point><Point><position>10455</position><in_Quantity.quantity>0.000000</in_Quantity.quantity><out_Quantity.quantity>403.470366</out_Quantity.quantity></Point><Point><position>10456</position><in_Quantity.quantity>0.000000</in_Quantity.quantity><out_Quantity.quantity>75.547450</out_Quantity.quantity></Point><Point><position>10457</position><in_Quantity.quantity>0.000000</in_Quantity.quantity><out_Quantity.quantity>974.991935</out_Quantity.quantity></Point><Point><position>10458</position><in_Quantity.quantity>0.000000</in_Quantity.quantity><out_Quantity.quantity>596.000626</out_Quantity.quantity></Point><Point><position>10459</position><in_Quantity.quantity>0.000000</in_Quantity.quantity><out_Quantity.quantity>554.580426</out_Quantity.quantity></Point><Point><position>10460</position><in_Quantity.quantity>0.000000</in_Quantity.quantity><out_Quantity.quantity>25.570704</out_Quantity.quantity></Point><Point><position>10461</position><in_Quantity.quantity>0.000000</in_Quantity.quantity><out_Quantity.quantity>902.347799</out_Quantity.quantity></Point><Point><position>10462</position><in_Quantity.quantity>0.000000</in_Quantity.quantity><out_Quantity.quantity>846.419034</out_Quantity.quantity></Point><Point><position>10463</position><in_Quantity.quantity>0.000000</in_Quantity.quantity><out_Quantity.quantity>959.599931</out_Quantity.quantity></Point><Point><position>10464</position><in_Quantity.quantity>0.000000</in_Quantity.quantity><out_Quantity.quantity>316.698897</out_Quantity.quantity></Point><Point><position>10465</position><in_Quantity.quantity>0.000000</in_Quantity.quantity><out_Quantity.quantity>532.672067</out_Quantity.quantity></Point><Point><position>10466</position><in_Quantity.quantity>0.000000</in_Quantity.quantity><out_Quantity.quantity>566.148380</out_Quantity.quantity></Point><Point><position>10467</position><in_Quantity.quantity>0.000000</in_Quantity.quantity><out_Quantity.quantity>249.116879</out_Quantity.quantity></Point><Point><position>10468</position><in_Quantity.quantity>0.000000</in_Quantity.quantity><out_Quantity.quantity>507.002952</out_Quantity.quantity></Point><Point><position>10469</position><in_Quantity.quantity>0.000000</in_Quantity.quantity><out_Quantity.quantity>540.087506</out_Quantity.quantity></Point><Point><position>10470</position><in_Quantity.quantity>0.000000</in_Quantity.quantity><out_Quantity.quantity>719.003166</out_Quantity.quantity></Point><Point><position>10471</position><in_Quantity.quantity>0.000000</in_Quantity.quantity><out_Quantity.quantity>494.246760</out_Quantity.quantity></Point><Point><position>10472</position><in_Quantity.quantity>0.000000</in_Quantity.quantity><out_Quantity.quantity>589.153359</out_Quantity.quantity></Point><Point><position>10473</position><in_Quantity.quantity>0.000000</in_Quantity.quantity><out_Quantity.quantity>926.884238</out_Quantity.quantity></Point><Point><position>10474</position><in_Quantity.quantity>0.000000</in_Quantity.quantity><out_Quantity.quantity>808.187034</out_Quantity.quantity></Point><Point><position>10475</position><in_Quantity.quantity>0.000000</in_Quantity.quantity><out_Quantity.quantity>428.723187</out_Quantity.quantity></Point><Point><position>10476</position><in_Quantity.quantity>0.000000</in_Quantity.quantity><out_Quantity.quantity>81.347670</out_Quantity.quantity></Point><Point><position>10477</position><in_Quantity.quantity>0.000000</in_Quantity.quantity><out_Quantity.quantity>79.141591</out_Quantity.quantity></Point><Point><position>10478</position><in_Quantity.quantity>0.000000</in_Quantity.quantity><out_Quantity.quantity>216.731448</out_Quantity.quantity></Point><Point><position>10479</position><in_Quantity.quantity>0.000000</in_Quantity.quantity><out_Quantity.quantity>372.082317</out_Quantity.quantity></Point><Point><position>10480</position><in_Quantity.quantity>0.000000</in_Quantity.quantity><out_Quantity.quantity>685.452227</out_Quantity.quantity></Point><Point><position>10481</position><in_Quantity.quantity>0.000000</in_Quantity.quantity><out_Quantity.quantity>100.964403</out_Quantity.quantity></Point><Point><position>10482</position><in_Quantity.quantity>0.000000</in_Quantity.quantity><out_Quantity.quantity>339.458788</out_Quantity.quantity></Point><Point><position>10483</position><in_Quantity.quantity>0.000000</in_Quantity.quantity><out_Quantity.quantity>717.701236</out_Quantity.quantity></Point><Point><position>10484</position><in_Quantity.quantity>0.000000</in_Quantity.quantity><out_Quantity.quantity>389.855849</out_Quantity.quantity></Point><Point><position>10485</position><in_Quantity.quantity>0.000000</in_Quantity.quantity><out_Quantity.quantity>427.914758</out_Quantity.quantity></Point><Point><position>10486</position><in_Quantity.quantity>0.000000</in_Quantity.quantity><out_Quantity.quantity>72.207234</out_Quantity.quantity></Point><Point><position>10487</position><in_Quantity.quantity>0.000000</in_Quantity.quantity><out_Quantity.quantity>947.005336</out_Quantity.quantity></Point><Point><position>10488</position><in_Quantity.quantity>0.000000</in_Quantity.quantity><out_Quantity.quantity>338.589032</out_Quantity.quantity></Point><Point><position>10489</position><in_Quantity.quantity>0.000000</in_Quantity.quantity><out_Quantity.quantity>899.717699</out_Quantity.quantity></Point><Point><position>10490</position><in_Quantity.quantity>0.000000</in_Quantity.quantity><out_Quantity.quantity>563.229256</out_Quantity.quantity></Point><Point><position>10491</position><in_Quantity.quantity>0.000000</in_Quantity.quantity><out_Quantity.quantity>754.263106</out_Quantity.quantity></Point><Point><position>10492</position><in_Quantity.quantity>0.000000</in_Quantity.quantity><out_Quantity.quantity>250.402886</out_Quantity.quantity></Point><Point><position>10493</position><in_Quantity.quantity>0.000000</in_Quantity.quantity><out_Quantity.quantity>835.418360</out_Quantity.quantity></Point><Point><position>10494</position><in_Quantity.quantity>0.000000</in_Quantity.quantity><out_Quantity.quantity>126.346280</out_Quantity.quantity></Point><Point><position>10495</position><in_Quantity.quantity>0.000000</in_Quantity.quantity><out_Quantity.quantity>767.193453</out_Quantity.quantity></Point><Point><position>10496</position><in_Quantity.quantity>0.000000</in_Quantity.quantity><out_Quantity.quantity>208.659736</out_Quantity.quantity></Point><Point><position>10497</position><in_Quantity.quantity>0.000000</in_Quantity.quantity><out_Quantity.quantity>27.850785</out_Quantity.quantity></Point><Point><position>10498</position><in_Quantity.quantity>0.000000</in_Quantity.quantity><out_Quantity.quantity>239.550726</out_Quantity.quantity></Point><Point><position>10499</position><in_Quantity.quantity>0.000000</in_Quantity.quantity><out_Quantity.quantity>799.539568</out_Quantity.quantity></Point><Point><position>10500</position><in_Quantity.quantity>0.000000</in_Quantity.quantity><out_Quantity.quantity>866.494324</out_Quantity.quantity></Point><Point><position>10501</position><in_Quantity.quantity>0.000000</in_Quantity.quantity><out_Quantity.quantity>540.072848</out_Quantity.quantity></Point><Point><position>10502</position><in_Quantity.quantity>0.000000</in_Quantity.quantity><out_Quantity.quantity>939.048116</out_Quantity.quantity></Point><Point><position>10503</position><in_Quantity.quantity>0.000000</in_Quantity.quantity><out_Quantity.quantity>299.863509</out_Quantity.quantity></Point><Point><position>10504</position><in_Quantity.quantity>0.000000</in_Quantity.quantity><out_Quantity.quantity>806.118992</out_Quantity.quantity></Point><Point><position>10505</position><in_Quantity.quantity>0.000000</in_Quantity.quantity><out_Quantity.quantity>600.338912</out_Quantity.quantity></Point><Point><position>10506</position><in_Quantity.quantity>0.000000</in_Quantity.quantity><out_Quantity.quantity>875.201942</out_Quantity.quantity></Point><Point><position>10507</position><in_Quantity.quantity>0.000000</in_Quantity.quantity><out_Quantity.quantity>218.629085</out_Quantity.quantity></Point><Point><position>10508</position><in_Quantity.quantity>0.000000</in_Quantity.quantity><out_Quantity.quantity>771.861743</out_Quantity.quantity></Point><Point><position>10509</position><in_Quantity.quantity>0.000000</in_Quantity.quantity><out_Quantity.quantity>801.631335</out_Quantity.quantity></Point><Point><position>10510</position><in_Quantity.quantity>0.000000</in_Quantity.quantity><out_Quantity.quantity>32.369994</out_Quantity.quantity></Point><Point><position>10511</position><in_Quantity.quantity>0.000000</in_Quantity.quantity><out_Quantity.quantity>317.870221</out_Quantity.quantity></Point><Point><position>10512</position><in_Quantity.quantity>0.000000</in_Quantity.quantity><out_Quantity.quantity>388.380317</out_Quantity.quantity></Point><Point><position>10513</position><in_Quantity.quantity>0.000000</in_Quantity.quantity><out_Quantity.quantity>913.957873</out_Quantity.quantity></Point><Point><position>10514</position><in_Quantity.quantity>0.000000</in_Quantity.quantity><out_Quantity.quantity>517.239329</out_Quantity.quantity></Point><Point><position>10515</position><in_Quantity.quantity>0.000000</in_Quantity.quantity><out_Quantity.quantity>117.012164</out_Quantity.quantity></Point><Point><position>10516</position><in_Quantity.quantity>0.000000</in_Quantity.quantity><out_Quantity.quantity>281.440751</out_Quantity.quantity></Point><Point><position>10517</position><in_Quantity.quantity>0.000000</in_Quantity.quantity><out_Quantity.quantity>584.321665</out_Quantity.quantity></Point><Point><position>10518</position><in_Quantity.quantity>0.000000</in_Quantity.quantity><out_Quantity.quantity>998.562904</out_Quantity.quantity></Point><Point><position>10519</position><in_Quantity.quantity>0.000000</in_Quantity.quantity><out_Quantity.quantity>407.836881</out_Quantity.quantity></Point><Point><position>10520</position><in_Quantity.quantity>0.000000</in_Quantity.quantity><out_Quantity.quantity>633.556099</out_Quantity.quantity></Point><Point><position>10521</position><in_Quantity.quantity>0.000000</in_Quantity.quantity><out_Quantity.quantity>293.436926</out_Quantity.quantity></Point><Point><position>10522</position><in_Quantity.quantity>0.000000</in_Quantity.quantity><out_Quantity.quantity>820.218937</out_Quantity.quantity></Point><Point><position>10523</position><in_Quantity.quantity>0.000000</in_Quantity.quantity><out_Quantity.quantity>5.518580</out_Quantity.quantity></Point><Point><position>10524</position><in_Quantity.quantity>0.000000</in_Quantity.quantity><out_Quantity.quantity>423.175747</out_Quantity.quantity></Point><Point><position>10525</position><in_Quantity.quantity>0.000000</in_Quantity.quantity><out_Quantity.quantity>618.513734</out_Quantity.quantity></Point><Point><position>10526</position><in_Quantity.quantity>0.000000</in_Quantity.quantity><out_Quantity.quantity>93.188197</out_Quantity.quantity></Point><Point><position>10527</position><in_Quantity.quantity>0.000000</in_Quantity.quantity><out_Quantity.quantity>259.504703</out_Quantity.quantity></Point><Point><position>10528</position><in_Quantity.quantity>0.000000</in_Quantity.quantity><out_Quantity.quantity>515.368681</out_Quantity.quantity></Point><Point><position>10529</position><in_Quantity.quantity>0.000000</in_Quantity.quantity><out_Quantity.quantity>748.888614</out_Quantity.quantity></Point><Point><position>10530</position><in_Quantity.quantity>0.000000</in_Quantity.quantity><out_Quantity.quantity>588.405619</out_Quantity.quantity></Point><Point><position>10531</position><in_Quantity.quantity>0.000000</in_Quantity.quantity><out_Quantity.quantity>857.255482</out_Quantity.quantity></Point><Point><position>10532</position><in_Quantity.quantity>0.000000</in_Quantity.quantity><out_Quantity.quantity>717.124225</out_Quantity.quantity></Point><Point><position>10533</position><in_Quantity.quantity>0.000000</in_Quantity.quantity><out_Quantity.quantity>19.254630</out_Quantity.quantity></Point><Point><position>10534</position><in_Quantity.quantity>0.000000</in_Quantity.quantity><out_Quantity.quantity>822.168324</out_Quantity.quantity></Point><Point><position>10535</position><in_Quantity.quantity>0.000000</in_Quantity.quantity><out_Quantity.quantity>647.213610</out_Quantity.quantity></Point><Point><position>10536</position><in_Quantity.quantity>0.000000</in_Quantity.quantity><out_Quantity.quantity>227.018429</out_Quantity.quantity></Point><Point><position>10537</position><in_Quantity.quantity>0.000000</in_Quantity.quantity><out_Quantity.quantity>367.734582</out_Quantity.quantity></Point><Point><position>10538</position><in_Quantity.quantity>0.000000</in_Quantity.quantity><out_Quantity.quantity>56.489514</out_Quantity.quantity></Point><Point><position>10539</position><in_Quantity.quantity>0.000000</in_Quantity.quantity><out_Quantity.quantity>448.684297</out_Quantity.quantity></Point><Point><position>10540</position><in_Quantity.quantity>0.000000</in_Quantity.quantity><out_Quantity.quantity>83.360880</out_Quantity.quantity></Point><Point><position>10541</position><in_Quantity.quantity>0.000000</in_Quantity.quantity><out_Quantity.quantity>422.878095</out_Quantity.quantity></Point><Point><position>10542</position><in_Quantity.quantity>0.000000</in_Quantity.quantity><out_Quantity.quantity>616.217736</out_Quantity.quantity></Point><Point><position>10543</position><in_Quantity.quantity>0.000000</in_Quantity.quantity><out_Quantity.quantity>929.226582</out_Quantity.quantity></Point><Point><position>10544</position><in_Quantity.quantity>0.000000</in_Quantity.quantity><out_Quantity.quantity>273.773891</out_Quantity.quantity></Point><Point><position>10545</position><in_Quantity.quantity>0.000000</in_Quantity.quantity><out_Quantity.quantity>790.750081</out_Quantity.quantity></Point><Point><position>10546</position><in_Quantity.quantity>0.000000</in_Quantity.quantity><out_Quantity.quantity>726.761046</out_Quantity.quantity></Point><Point><position>10547</position><in_Quantity.quantity>0.000000</in_Quantity.quantity><out_Quantity.quantity>200.627537</out_Quantity.quantity></Point><Point><position>10548</position><in_Quantity.quantity>0.000000</in_Quantity.quantity><out_Quantity.quantity>83.257593</out_Quantity.quantity></Point><Point><position>10549</position><in_Quantity.quantity>0.000000</in_Quantity.quantity><out_Quantity.quantity>52.392129</out_Quantity.quantity></Point><Point><position>10550</position><in_Quantity.quantity>0.000000</in_Quantity.quantity><out_Quantity.quantity>465.484669</out_Quantity.quantity></Point><Point><position>10551</position><in_Quantity.quantity>0.000000</in_Quantity.quantity><out_Quantity.quantity>3.472397</out_Quantity.quantity></Point><Point><position>10552</position><in_Quantity.quantity>0.000000</in_Quantity.quantity><out_Quantity.quantity>234.090498</out_Quantity.quantity></Point><Point><position>10553</position><in_Quantity.quantity>0.000000</in_Quantity.quantity><out_Quantity.quantity>756.510579</out_Quantity.quantity></Point><Point><position>10554</position><in_Quantity.quantity>0.000000</in_Quantity.quantity><out_Quantity.quantity>668.801906</out_Quantity.quantity></Point><Point><position>10555</position><in_Quantity.quantity>0.000000</in_Quantity.quantity><out_Quantity.quantity>26.286145</out_Quantity.quantity></Point><Point><position>10556</position><in_Quantity.quantity>0.000000</in_Quantity.quantity><out_Quantity.quantity>61.524964</out_Quantity.quantity></Point><Point><position>10557</position><in_Quantity.quantity>0.000000</in_Quantity.quantity><out_Quantity.quantity>715.453759</out_Quantity.quantity></Point><Point><position>10558</position><in_Quantity.quantity>0.000000</in_Quantity.quantity><out_Quantity.quantity>159.906670</out_Quantity.quantity></Point><Point><position>10559</position><in_Quantity.quantity>0.000000</in_Quantity.quantity><out_Quantity.quantity>870.320604</out_Quantity.quantity></Point><Point><position>10560</position><in_Quantity.quantity>0.000000</in_Quantity.quantity><out_Quantity.quantity>511.127356</out_Quantity.quantity></Point><Point><position>10561</position><in_Quantity.quantity>0.000000</in_Quantity.quantity><out_Quantity.quantity>500.797928</out_Quantity.quantity></Point><Point><position>10562</position><in_Quantity.quantity>0.000000</in_Quantity.quantity><out_Quantity.quantity>294.044283</out_Quantity.quantity></Point><Point><position>10563</position><in_Quantity.quantity>0.000000</in_Quantity.quantity><out_Quantity.quantity>364.441959</out_Quantity.quantity></Point><Point><position>10564</position><in_Quantity.quantity>0.000000</in_Quantity.quantity><out_Quantity.quantity>994.768074</out_Quantity.quantity></Point><Point><position>10565</position><in_Quantity.quantity>0.000000</in_Quantity.quantity><out_Quantity.quantity>696.691060</out_Quantity.quantity></Point><Point><position>10566</position><in_Quantity.quantity>0.000000</in_Quantity.quantity><out_Quantity.quantity>772.185201</out_Quantity.quantity></Point><Point><position>10567</position><in_Quantity.quantity>0.000000</in_Quantity.quantity><out_Quantity.quantity>546.504086</out_Quantity.quantity></Point><Point><position>10568</position><in_Quantity.quantity>0.000000</in_Quantity.quantity><out_Quantity.quantity>332.842207</out_Quantity.quantity></Point><Point><position>10569</position><in_Quantity.quantity>0.000000</in_Quantity.quantity><out_Quantity.quantity>572.070566</out_Quantity.quantity></Point><Point><position>10570</position><in_Quantity.quantity>0.000000</in_Quantity.quantity><out_Quantity.quantity>850.569000</out_Quantity.quantity></Point><Point><position>10571</position><in_Quantity.quantity>0.000000</in_Quantity.quantity><out_Quantity.quantity>695.019394</out_Quantity.quantity></Point><Point><position>10572</position><in_Quantity.quantity>0.000000</in_Quantity.quantity><out_Quantity.quantity>950.570695</out_Quantity.quantity></Point><Point><position>10573</position><in_Quantity.quantity>0.000000</in_Quantity.quantity><out_Quantity.quantity>918.184736</out_Quantity.quantity></Point><Point><position>10574</position><in_Quantity.quantity>0.000000</in_Quantity.quantity><out_Quantity.quantity>93.463017</out_Quantity.quantity></Point><Point><position>10575</position><in_Quantity.quantity>0.000000</in_Quantity.quantity><out_Quantity.quantity>192.297025</out_Quantity.quantity></Point><Point><position>10576</position><in_Quantity.quantity>0.000000</in_Quantity.quantity><out_Quantity.quantity>249.104610</out_Quantity.quantity></Point><Point><position>10577</position><in_Quantity.quantity>0.000000</in_Quantity.quantity><out_Quantity.quantity>531.859063</out_Quantity.quantity></Point><Point><position>10578</position><in_Quantity.quantity>0.000000</in_Quantity.quantity><out_Quantity.quantity>94.490804</out_Quantity.quantity></Point><Point><position>10579</position><in_Quantity.quantity>0.000000</in_Quantity.quantity><out_Quantity.quantity>519.736089</out_Quantity.quantity></Point><Point><position>10580</position><in_Quantity.quantity>0.000000</in_Quantity.quantity><out_Quantity.quantity>16.834180</out_Quantity.quantity></Point><Point><position>10581</position><in_Quantity.quantity>0.000000</in_Quantity.quantity><out_Quantity.quantity>153.397812</out_Quantity.quantity></Point><Point><position>10582</position><in_Quantity.quantity>0.000000</in_Quantity.quantity><out_Quantity.quantity>611.237301</out_Quantity.quantity></Point><Point><position>10583</position><in_Quantity.quantity>0.000000</in_Quantity.quantity><out_Quantity.quantity>757.192484</out_Quantity.quantity></Point><Point><position>10584</position><in_Quantity.quantity>0.000000</in_Quantity.quantity><out_Quantity.quantity>78.311978</out_Quantity.quantity></Point><Point><position>10585</position><in_Quantity.quantity>0.000000</in_Quantity.quantity><out_Quantity.quantity>981.553529</out_Quantity.quantity></Point><Point><position>10586</position><in_Quantity.quantity>0.000000</in_Quantity.quantity><out_Quantity.quantity>134.544284</out_Quantity.quantity></Point><Point><position>10587</position><in_Quantity.quantity>0.000000</in_Quantity.quantity><out_Quantity.quantity>881.751588</out_Quantity.quantity></Point><Point><position>10588</position><in_Quantity.quantity>0.000000</in_Quantity.quantity><out_Quantity.quantity>949.963530</out_Quantity.quantity></Point><Point><position>10589</position><in_Quantity.quantity>0.000000</in_Quantity.quantity><out_Quantity.quantity>330.442521</out_Quantity.quantity></Point><Point><position>10590</position><in_Quantity.quantity>0.000000</in_Quantity.quantity><out_Quantity.quantity>30.952820</out_Quantity.quantity></Point><Point><position>10591</position><in_Quantity.quantity>0.000000</in_Quantity.quantity><out_Quantity.quantity>706.945700</out_Quantity.quantity></Point><Point><position>10592</position><in_Quantity.quantity>0.000000</in_Quantity.quantity><out_Quantity.quantity>256.852435</out_Quantity.quantity></Point><Point><position>10593</position><in_Quantity.quantity>0.000000</in_Quantity.quantity><out_Quantity.quantity>701.171747</out_Quantity.quantity></Point><Point><position>10594</position><in_Quantity.quantity>0.000000</in_Quantity.quantity><out_Quantity.quantity>569.511266</out_Quantity.quantity></Point><Point><position>10595</position><in_Quantity.quantity>0.000000</in_Quantity.quantity><out_Quantity.quantity>86.887613</out_Quantity.quantity></Point><Point><position>10596</position><in_Quantity.quantity>0.000000</in_Quantity.quantity><out_Quantity.quantity>83.127544</out_Quantity.quantity></Point><Point><position>10597</position><in_Quantity.quantity>0.000000</in_Quantity.quantity><out_Quantity.quantity>485.293736</out_Quantity.quantity></Point><Point><position>10598</position><in_Quantity.quantity>0.000000</in_Quantity.quantity><out_Quantity.quantity>186.834727</out_Quantity.quantity></Point><Point><position>10599</position><in_Quantity.quantity>0.000000</in_Quantity.quantity><out_Quantity.quantity>482.058194</out_Quantity.quantity></Point><Point><position>10600</position><in_Quantity.quantity>0.000000</in_Quantity.quantity><out_Quantity.quantity>750.497753</out_Quantity.quantity></Point><Point><position>10601</position><in_Quantity.quantity>0.000000</in_Quantity.quantity><out_Quantity.quantity>166.924250</out_Quantity.quantity></Point><Point><position>10602</position><in_Quantity.quantity>0.000000</in_Quantity.quantity><out_Quantity.quantity>215.087830</out_Quantity.quantity></Point><Point><position>10603</position><in_Quantity.quantity>0.000000</in_Quantity.quantity><out_Quantity.quantity>500.837028</out_Quantity.quantity></Point><Point><position>10604</position><in_Quantity.quantity>0.000000</in_Quantity.quantity><out_Quantity.quantity>11.817837</out_Quantity.quantity></Point><Point><position>10605</position><in_Quantity.quantity>0.000000</in_Quantity.quantity><out_Quantity.quantity>681.265435</out_Quantity.quantity></Point><Point><position>10606</position><in_Quantity.quantity>0.000000</in_Quantity.quantity><out_Quantity.quantity>977.469388</out_Quantity.quantity></Point><Point><position>10607</position><in_Quantity.quantity>0.000000</in_Quantity.quantity><out_Quantity.quantity>730.651718</out_Quantity.quantity></Point><Point><position>10608</position><in_Quantity.quantity>0.000000</in_Quantity.quantity><out_Quantity.quantity>918.240599</out_Quantity.quantity></Point><Point><position>10609</position><in_Quantity.quantity>0.000000</in_Quantity.quantity><out_Quantity.quantity>795.860328</out_Quantity.quantity></Point><Point><position>10610</position><in_Quantity.quantity>0.000000</in_Quantity.quantity><out_Quantity.quantity>655.385506</out_Quantity.quantity></Point><Point><position>10611</position><in_Quantity.quantity>0.000000</in_Quantity.quantity><out_Quantity.quantity>13.303770</out_Quantity.quantity></Point><Point><position>10612</position><in_Quantity.quantity>0.000000</in_Quantity.quantity><out_Quantity.quantity>887.079883</out_Quantity.quantity></Point><Point><position>10613</position><in_Quantity.quantity>0.000000</in_Quantity.quantity><out_Quantity.quantity>79.916823</out_Quantity.quantity></Point><Point><position>10614</position><in_Quantity.quantity>0.000000</in_Quantity.quantity><out_Quantity.quantity>941.436903</out_Quantity.quantity></Point><Point><position>10615</position><in_Quantity.quantity>0.000000</in_Quantity.quantity><out_Quantity.quantity>551.575588</out_Quantity.quantity></Point><Point><position>10616</position><in_Quantity.quantity>0.000000</in_Quantity.quantity><out_Quantity.quantity>211.980677</out_Quantity.quantity></Point><Point><position>10617</position><in_Quantity.quantity>0.000000</in_Quantity.quantity><out_Quantity.quantity>347.669215</out_Quantity.quantity></Point><Point><position>10618</position><in_Quantity.quantity>0.000000</in_Quantity.quantity><out_Quantity.quantity>250.305993</out_Quantity.quantity></Point><Point><position>10619</position><in_Quantity.quantity>0.000000</in_Quantity.quantity><out_Quantity.quantity>526.894673</out_Quantity.quantity></Point><Point><position>10620</position><in_Quantity.quantity>0.000000</in_Quantity.quantity><out_Quantity.quantity>459.550380</out_Quantity.quantity></Point><Point><position>10621</position><in_Quantity.quantity>0.000000</in_Quantity.quantity><out_Quantity.quantity>771.726173</out_Quantity.quantity></Point><Point><position>10622</position><in_Quantity.quantity>0.000000</in_Quantity.quantity><out_Quantity.quantity>318.648001</out_Quantity.quantity></Point><Point><position>10623</position><in_Quantity.quantity>0.000000</in_Quantity.quantity><out_Quantity.quantity>667.985946</out_Quantity.quantity></Point><Point><position>10624</position><in_Quantity.quantity>0.000000</in_Quantity.quantity><out_Quantity.quantity>682.305079</out_Quantity.quantity></Point><Point><position>10625</position><in_Quantity.quantity>0.000000</in_Quantity.quantity><out_Quantity.quantity>323.978462</out_Quantity.quantity></Point><Point><position>10626</position><in_Quantity.quantity>0.000000</in_Quantity.quantity><out_Quantity.quantity>323.868368</out_Quantity.quantity></Point><Point><position>10627</position><in_Quantity.quantity>0.000000</in_Quantity.quantity><out_Quantity.quantity>669.036944</out_Quantity.quantity></Point><Point><position>10628</position><in_Quantity.quantity>0.000000</in_Quantity.quantity><out_Quantity.quantity>664.400842</out_Quantity.quantity></Point><Point><position>10629</position><in_Quantity.quantity>0.000000</in_Quantity.quantity><out_Quantity.quantity>50.918323</out_Quantity.quantity></Point><Point><position>10630</position><in_Quantity.quantity>0.000000</in_Quantity.quantity><out_Quantity.quantity>264.144211</out_Quantity.quantity></Point><Point><position>10631</position><in_Quantity.quantity>0.000000</in_Quantity.quantity><out_Quantity.quantity>838.259240</out_Quantity.quantity></Point><Point><position>10632</position><in_Quantity.quantity>0.000000</in_Quantity.quantity><out_Quantity.quantity>142.454603</out_Quantity.quantity></Point><Point><position>10633</position><in_Quantity.quantity>0.000000</in_Quantity.quantity><out_Quantity.quantity>79.495627</out_Quantity.quantity></Point><Point><position>10634</position><in_Quantity.quantity>0.000000</in_Quantity.quantity><out_Quantity.quantity>869.742088</out_Quantity.quantity></Point><Point><position>10635</position><in_Quantity.quantity>0.000000</in_Quantity.quantity><out_Quantity.quantity>247.145640</out_Quantity.quantity></Point><Point><position>10636</position><in_Quantity.quantity>0.000000</in_Quantity.quantity><out_Quantity.quantity>963.522993</out_Quantity.quantity></Point><Point><position>10637</position><in_Quantity.quantity>0.000000</in_Quantity.quantity><out_Quantity.quantity>706.039220</out_Quantity.quantity></Point><Point><position>10638</position><in_Quantity.quantity>0.000000</in_Quantity.quantity><out_Quantity.quantity>213.827586</out_Quantity.quantity></Point><Point><position>10639</position><in_Quantity.quantity>0.000000</in_Quantity.quantity><out_Quantity.quantity>171.204331</out_Quantity.quantity></Point><Point><position>10640</position><in_Quantity.quantity>0.000000</in_Quantity.quantity><out_Quantity.quantity>90.617401</out_Quantity.quantity></Point><Point><position>10641</position><in_Quantity.quantity>0.000000</in_Quantity.quantity><out_Quantity.quantity>710.417684</out_Quantity.quantity></Point><Point><position>10642</position><in_Quantity.quantity>0.000000</in_Quantity.quantity><out_Quantity.quantity>615.328205</out_Quantity.quantity></Point><Point><position>10643</position><in_Quantity.quantity>0.000000</in_Quantity.quantity><out_Quantity.quantity>416.315738</out_Quantity.quantity></Point><Point><position>10644</position><in_Quantity.quantity>0.000000</in_Quantity.quantity><out_Quantity.quantity>115.295209</out_Quantity.quantity></Point><Point><position>10645</position><in_Quantity.quantity>0.000000</in_Quantity.quantity><out_Quantity.quantity>321.836783</out_Quantity.quantity></Point><Point><position>10646</position><in_Quantity.quantity>0.000000</in_Quantity.quantity><out_Quantity.quantity>740.655690</out_Quantity.quantity></Point><Point><position>10647</position><in_Quantity.quantity>0.000000</in_Quantity.quantity><out_Quantity.quantity>810.039499</out_Quantity.quantity></Point><Point><position>10648</position><in_Quantity.quantity>0.000000</in_Quantity.quantity><out_Quantity.quantity>570.020251</out_Quantity.quantity></Point><Point><position>10649</position><in_Quantity.quantity>0.000000</in_Quantity.quantity><out_Quantity.quantity>735.000433</out_Quantity.quantity></Point><Point><position>10650</position><in_Quantity.quantity>0.000000</in_Quantity.quantity><out_Quantity.quantity>948.766170</out_Quantity.quantity></Point><Point><position>10651</position><in_Quantity.quantity>0.000000</in_Quantity.quantity><out_Quantity.quantity>677.584277</out_Quantity.quantity></Point><Point><position>10652</position><in_Quantity.quantity>0.000000</in_Quantity.quantity><out_Quantity.quantity>17.272080</out_Quantity.quantity></Point><Point><position>10653</position><in_Quantity.quantity>0.000000</in_Quantity.quantity><out_Quantity.quantity>273.443800</out_Quantity.quantity></Point><Point><position>10654</position><in_Quantity.quantity>0.000000</in_Quantity.quantity><out_Quantity.quantity>532.060210</out_Quantity.quantity></Point><Point><position>10655</position><in_Quantity.quantity>0.000000</in_Quantity.quantity><out_Quantity.quantity>825.803915</out_Quantity.quantity></Point><Point><position>10656</position><in_Quantity.quantity>0.000000</in_Quantity.quantity><out_Quantity.quantity>358.982920</out_Quantity.quantity></Point><Point><position>10657</position><in_Quantity.quantity>0.000000</in_Quantity.quantity><out_Quantity.quantity>805.453706</out_Quantity.quantity></Point><Point><position>10658</position><in_Quantity.quantity>0.000000</in_Quantity.quantity><out_Quantity.quantity>849.851795</out_Quantity.quantity></Point><Point><position>10659</position><in_Quantity.quantity>0.000000</in_Quantity.quantity><out_Quantity.quantity>527.008249</out_Quantity.quantity></Point><Point><position>10660</position><in_Quantity.quantity>0.000000</in_Quantity.quantity><out_Quantity.quantity>152.655769</out_Quantity.quantity></Point><Point><position>10661</position><in_Quantity.quantity>0.000000</in_Quantity.quantity><out_Quantity.quantity>937.933877</out_Quantity.quantity></Point><Point><position>10662</position><in_Quantity.quantity>0.000000</in_Quantity.quantity><out_Quantity.quantity>863.293457</out_Quantity.quantity></Point><Point><position>10663</position><in_Quantity.quantity>0.000000</in_Quantity.quantity><out_Quantity.quantity>465.640027</out_Quantity.quantity></Point><Point><position>10664</position><in_Quantity.quantity>0.000000</in_Quantity.quantity><out_Quantity.quantity>53.143179</out_Quantity.quantity></Point><Point><position>10665</position><in_Quantity.quantity>0.000000</in_Quantity.quantity><out_Quantity.quantity>294.172108</out_Quantity.quantity></Point><Point><position>10666</position><in_Quantity.quantity>0.000000</in_Quantity.quantity><out_Quantity.quantity>779.681283</out_Quantity.quantity></Point><Point><position>10667</position><in_Quantity.quantity>0.000000</in_Quantity.quantity><out_Quantity.quantity>154.404980</out_Quantity.quantity></Point><Point><position>10668</position><in_Quantity.quantity>0.000000</in_Quantity.quantity><out_Quantity.quantity>83.631967</out_Quantity.quantity></Point><Point><position>10669</position><in_Quantity.quantity>0.000000</in_Quantity.quantity><out_Quantity.quantity>761.107169</out_Quantity.quantity></Point><Point><position>10670</position><in_Quantity.quantity>0.000000</in_Quantity.quantity><out_Quantity.quantity>948.580151</out_Quantity.quantity></Point><Point><position>10671</position><in_Quantity.quantity>0.000000</in_Quantity.quantity><out_Quantity.quantity>853.425406</out_Quantity.quantity></Point><Point><position>10672</position><in_Quantity.quantity>0.000000</in_Quantity.quantity><out_Quantity.quantity>241.165485</out_Quantity.quantity></Point><Point><position>10673</position><in_Quantity.quantity>0.000000</in_Quantity.quantity><out_Quantity.quantity>426.319072</out_Quantity.quantity></Point><Point><position>10674</position><in_Quantity.quantity>0.000000</in_Quantity.quantity><out_Quantity.quantity>800.585580</out_Quantity.quantity></Point><Point><position>10675</position><in_Quantity.quantity>0.000000</in_Quantity.quantity><out_Quantity.quantity>695.146599</out_Quantity.quantity></Point><Point><position>10676</position><in_Quantity.quantity>0.000000</in_Quantity.quantity><out_Quantity.quantity>911.291874</out_Quantity.quantity></Point><Point><position>10677</position><in_Quantity.quantity>0.000000</in_Quantity.quantity><out_Quantity.quantity>80.532319</out_Quantity.quantity></Point><Point><position>10678</position><in_Quantity.quantity>0.000000</in_Quantity.quantity><out_Quantity.quantity>71.055285</out_Quantity.quantity></Point><Point><position>10679</position><in_Quantity.quantity>0.000000</in_Quantity.quantity><out_Quantity.quantity>674.096273</out_Quantity.quantity></Point><Point><position>10680</position><in_Quantity.quantity>0.000000</in_Quantity.quantity><out_Quantity.quantity>369.366949</out_Quantity.quantity></Point><Point><position>10681</position><in_Quantity.quantity>0.000000</in_Quantity.quantity><out_Quantity.quantity>407.606174</out_Quantity.quantity></Point><Point><position>10682</position><in_Quantity.quantity>0.000000</in_Quantity.quantity><out_Quantity.quantity>660.490372</out_Quantity.quantity></Point><Point><position>10683</position><in_Quantity.quantity>0.000000</in_Quantity.quantity><out_Quantity.quantity>325.010121</out_Quantity.quantity></Point><Point><position>10684</position><in_Quantity.quantity>0.000000</in_Quantity.quantity><out_Quantity.quantity>858.852029</out_Quantity.quantity></Point><Point><position>10685</position><in_Quantity.quantity>0.000000</in_Quantity.quantity><out_Quantity.quantity>573.994310</out_Quantity.quantity></Point><Point><position>10686</position><in_Quantity.quantity>0.000000</in_Quantity.quantity><out_Quantity.quantity>469.613932</out_Quantity.quantity></Point><Point><position>10687</position><in_Quantity.quantity>0.000000</in_Quantity.quantity><out_Quantity.quantity>758.330724</out_Quantity.quantity></Point><Point><position>10688</position><in_Quantity.quantity>0.000000</in_Quantity.quantity><out_Quantity.quantity>948.327642</out_Quantity.quantity></Point><Point><position>10689</position><in_Quantity.quantity>0.000000</in_Quantity.quantity><out_Quantity.quantity>846.377412</out_Quantity.quantity></Point><Point><position>10690</position><in_Quantity.quantity>0.000000</in_Quantity.quantity><out_Quantity.quantity>92.020350</out_Quantity.quantity></Point><Point><position>10691</position><in_Quantity.quantity>0.000000</in_Quantity.quantity><out_Quantity.quantity>150.098072</out_Quantity.quantity></Point><Point><position>10692</position><in_Quantity.quantity>0.000000</in_Quantity.quantity><out_Quantity.quantity>192.644021</out_Quantity.quantity></Point><Point><position>10693</position><in_Quantity.quantity>0.000000</in_Quantity.quantity><out_Quantity.quantity>617.192672</out_Quantity.quantity></Point><Point><position>10694</position><in_Quantity.quantity>0.000000</in_Quantity.quantity><out_Quantity.quantity>573.807522</out_Quantity.quantity></Point><Point><position>10695</position><in_Quantity.quantity>0.000000</in_Quantity.quantity><out_Quantity.quantity>513.422238</out_Quantity.quantity></Point><Point><position>10696</position><in_Quantity.quantity>0.000000</in_Quantity.quantity><out_Quantity.quantity>192.369666</out_Quantity.quantity></Point><Point><position>10697</position><in_Quantity.quantity>0.000000</in_Quantity.quantity><out_Quantity.quantity>856.506606</out_Quantity.quantity></Point><Point><position>10698</position><in_Quantity.quantity>0.000000</in_Quantity.quantity><out_Quantity.quantity>364.717251</out_Quantity.quantity></Point><Point><position>10699</position><in_Quantity.quantity>0.000000</in_Quantity.quantity><out_Quantity.quantity>949.909165</out_Quantity.quantity></Point><Point><position>10700</position><in_Quantity.quantity>0.000000</in_Quantity.quantity><out_Quantity.quantity>548.654479</out_Quantity.quantity></Point><Point><position>10701</position><in_Quantity.quantity>0.000000</in_Quantity.quantity><out_Quantity.quantity>116.205758</out_Quantity.quantity></Point><Point><position>10702</position><in_Quantity.quantity>0.000000</in_Quantity.quantity><out_Quantity.quantity>658.380818</out_Quantity.quantity></Point><Point><position>10703</position><in_Quantity.quantity>0.000000</in_Quantity.quantity><out_Quantity.quantity>804.398671</out_Quantity.quantity></Point><Point><position>10704</position><in_Quantity.quantity>0.000000</in_Quantity.quantity><out_Quantity.quantity>673.044262</out_Quantity.quantity></Point><Point><position>10705</position><in_Quantity.quantity>0.000000</in_Quantity.quantity><out_Quantity.quantity>396.438144</out_Quantity.quantity></Point><Point><position>10706</position><in_Quantity.quantity>0.000000</in_Quantity.quantity><out_Quantity.quantity>565.406297</out_Quantity.quantity></Point><Point><position>10707</position><in_Quantity.quantity>0.000000</in_Quantity.quantity><out_Quantity.quantity>244.553291</out_Quantity.quantity></Point><Point><position>10708</position><in_Quantity.quantity>0.000000</in_Quantity.quantity><out_Quantity.quantity>428.440833</out_Quantity.quantity></Point><Point><position>10709</position><in_Quantity.quantity>0.000000</in_Quantity.quantity><out_Quantity.quantity>599.680986</out_Quantity.quantity></Point><Point><position>10710</position><in_Quantity.quantity>0.000000</in_Quantity.quantity><out_Quantity.quantity>38.158045</out_Quantity.quantity></Point><Point><position>10711</position><in_Quantity.quantity>0.000000</in_Quantity.quantity><out_Quantity.quantity>185.357222</out_Quantity.quantity></Point><Point><position>10712</position><in_Quantity.quantity>0.000000</in_Quantity.quantity><out_Quantity.quantity>262.936376</out_Quantity.quantity></Point><Point><position>10713</position><in_Quantity.quantity>0.000000</in_Quantity.quantity><out_Quantity.quantity>280.150849</out_Quantity.quantity></Point><Point><position>10714</position><in_Quantity.quantity>0.000000</in_Quantity.quantity><out_Quantity.quantity>476.724789</out_Quantity.quantity></Point><Point><position>10715</position><in_Quantity.quantity>0.000000</in_Quantity.quantity><out_Quantity.quantity>261.448884</out_Quantity.quantity></Point><Point><position>10716</position><in_Quantity.quantity>0.000000</in_Quantity.quantity><out_Quantity.quantity>929.833058</out_Quantity.quantity></Point><Point><position>10717</position><in_Quantity.quantity>0.000000</in_Quantity.quantity><out_Quantity.quantity>49.505747</out_Quantity.quantity></Point><Point><position>10718</position><in_Quantity.quantity>0.000000</in_Quantity.quantity><out_Quantity.quantity>210.871731</out_Quantity.quantity></Point><Point><position>10719</position><in_Quantity.quantity>0.000000</in_Quantity.quantity><out_Quantity.quantity>748.568947</out_Quantity.quantity></Point><Point><position>10720</position><in_Quantity.quantity>0.000000</in_Quantity.quantity><out_Quantity.quantity>28.497337</out_Quantity.quantity></Point><Point><position>10721</position><in_Quantity.quantity>0.000000</in_Quantity.quantity><out_Quantity.quantity>666.798109</out_Quantity.quantity></Point><Point><position>10722</position><in_Quantity.quantity>0.000000</in_Quantity.quantity><out_Quantity.quantity>151.981397</out_Quantity.quantity></Point><Point><position>10723</position><in_Quantity.quantity>0.000000</in_Quantity.quantity><out_Quantity.quantity>137.926538</out_Quantity.quantity></Point><Point><position>10724</position><in_Quantity.quantity>0.000000</in_Quantity.quantity><out_Quantity.quantity>943.605455</out_Quantity.quantity></Point><Point><position>10725</position><in_Quantity.quantity>0.000000</in_Quantity.quantity><out_Quantity.quantity>889.982201</out_Quantity.quantity></Point><Point><position>10726</position><in_Quantity.quantity>0.000000</in_Quantity.quantity><out_Quantity.quantity>448.085551</out_Quantity.quantity></Point><Point><position>10727</position><in_Quantity.quantity>0.000000</in_Quantity.quantity><out_Quantity.quantity>574.178524</out_Quantity.quantity></Point><Point><position>10728</position><in_Quantity.quantity>0.000000</in_Quantity.quantity><out_Quantity.quantity>413.572041</out_Quantity.quantity></Point><Point><position>10729</position><in_Quantity.quantity>0.000000</in_Quantity.quantity><out_Quantity.quantity>645.347046</out_Quantity.quantity></Point><Point><position>10730</position><in_Quantity.quantity>0.000000</in_Quantity.quantity><out_Quantity.quantity>781.930764</out_Quantity.quantity></Point><Point><position>10731</position><in_Quantity.quantity>0.000000</in_Quantity.quantity><out_Quantity.quantity>504.645638</out_Quantity.quantity></Point><Point><position>10732</position><in_Quantity.quantity>0.000000</in_Quantity.quantity><out_Quantity.quantity>335.934706</out_Quantity.quantity></Point><Point><position>10733</position><in_Quantity.quantity>0.000000</in_Quantity.quantity><out_Quantity.quantity>399.390596</out_Quantity.quantity></Point><Point><position>10734</position><in_Quantity.quantity>0.000000</in_Quantity.quantity><out_Quantity.quantity>419.670832</out_Quantity.quantity></Point><Point><position>10735</position><in_Quantity.quantity>0.000000</in_Quantity.quantity><out_Quantity.quantity>324.909482</out_Quantity.quantity></Point><Point><position>10736</position><in_Quantity.quantity>0.000000</in_Quantity.quantity><out_Quantity.quantity>177.047602</out_Quantity.quantity></Point><Point><position>10737</position><in_Quantity.quantity>0.000000</in_Quantity.quantity><out_Quantity.quantity>634.207141</out_Quantity.quantity></Point><Point><position>10738</position><in_Quantity.quantity>0.000000</in_Quantity.quantity><out_Quantity.quantity>376.355591</out_Quantity.quantity></Point><Point><position>10739</position><in_Quantity.quantity>0.000000</in_Quantity.quantity><out_Quantity.quantity>627.558182</out_Quantity.quantity></Point><Point><position>10740</position><in_Quantity.quantity>0.000000</in_Quantity.quantity><out_Quantity.quantity>357.774624</out_Quantity.quantity></Point><Point><position>10741</position><in_Quantity.quantity>0.000000</in_Quantity.quantity><out_Quantity.quantity>249.936382</out_Quantity.quantity></Point><Point><position>10742</position><in_Quantity.quantity>0.000000</in_Quantity.quantity><out_Quantity.quantity>361.968666</out_Quantity.quantity></Point><Point><position>10743</position><in_Quantity.quantity>0.000000</in_Quantity.quantity><out_Quantity.quantity>74.142585</out_Quantity.quantity></Point><Point><position>10744</position><in_Quantity.quantity>0.000000</in_Quantity.quantity><out_Quantity.quantity>452.799424</out_Quantity.quantity></Point><Point><position>10745</position><in_Quantity.quantity>0.000000</in_Quantity.quantity><out_Quantity.quantity>944.997772</out_Quantity.quantity></Point><Point><position>10746</position><in_Quantity.quantity>0.000000</in_Quantity.quantity><out_Quantity.quantity>462.283029</out_Quantity.quantity></Point><Point><position>10747</position><in_Quantity.quantity>0.000000</in_Quantity.quantity><out_Quantity.quantity>291.126974</out_Quantity.quantity></Point><Point><position>10748</position><in_Quantity.quantity>0.000000</in_Quantity.quantity><out_Quantity.quantity>178.203422</out_Quantity.quantity></Point><Point><position>10749</position><in_Quantity.quantity>0.000000</in_Quantity.quantity><out_Quantity.quantity>771.830005</out_Quantity.quantity></Point><Point><position>10750</position><in_Quantity.quantity>0.000000</in_Quantity.quantity><out_Quantity.quantity>478.361086</out_Quantity.quantity></Point><Point><position>10751</position><in_Quantity.quantity>0.000000</in_Quantity.quantity><out_Quantity.quantity>123.185152</out_Quantity.quantity></Point><Point><position>10752</position><in_Quantity.quantity>0.000000</in_Quantity.quantity><out_Quantity.quantity>402.162225</out_Quantity.quantity></Point><Point><position>10753</position><in_Quantity.quantity>0.000000</in_Quantity.quantity><out_Quantity.quantity>838.563753</out_Quantity.quantity></Point><Point><position>10754</position><in_Quantity.quantity>0.000000</in_Quantity.quantity><out_Quantity.quantity>65.726282</out_Quantity.quantity></Point><Point><position>10755</position><in_Quantity.quantity>0.000000</in_Quantity.quantity><out_Quantity.quantity>19.447257</out_Quantity.quantity></Point><Point><position>10756</position><in_Quantity.quantity>0.000000</in_Quantity.quantity><out_Quantity.quantity>730.828826</out_Quantity.quantity></Point><Point><position>10757</position><in_Quantity.quantity>0.000000</in_Quantity.quantity><out_Quantity.quantity>684.694423</out_Quantity.quantity></Point><Point><position>10758</position><in_Quantity.quantity>0.000000</in_Quantity.quantity><out_Quantity.quantity>996.144178</out_Quantity.quantity></Point><Point><position>10759</position><in_Quantity.quantity>0.000000</in_Quantity.quantity><out_Quantity.quantity>891.766022</out_Quantity.quantity></Point><Point><position>10760</position><in_Quantity.quantity>0.000000</in_Quantity.quantity><out_Quantity.quantity>681.827875</out_Quantity.quantity></Point><Point><position>10761</position><in_Quantity.quantity>0.000000</in_Quantity.quantity><out_Quantity.quantity>624.511864</out_Quantity.quantity></Point><Point><position>10762</position><in_Quantity.quantity>0.000000</in_Quantity.quantity><out_Quantity.quantity>497.534655</out_Quantity.quantity></Point><Point><position>10763</position><in_Quantity.quantity>0.000000</in_Quantity.quantity><out_Quantity.quantity>340.549590</out_Quantity.quantity></Point><Point><position>10764</position><in_Quantity.quantity>0.000000</in_Quantity.quantity><out_Quantity.quantity>81.423168</out_Quantity.quantity></Point><Point><position>10765</position><in_Quantity.quantity>0.000000</in_Quantity.quantity><out_Quantity.quantity>266.902258</out_Quantity.quantity></Point><Point><position>10766</position><in_Quantity.quantity>0.000000</in_Quantity.quantity><out_Quantity.quantity>776.910377</out_Quantity.quantity></Point><Point><position>10767</position><in_Quantity.quantity>0.000000</in_Quantity.quantity><out_Quantity.quantity>858.297028</out_Quantity.quantity></Point><Point><position>10768</position><in_Quantity.quantity>0.000000</in_Quantity.quantity><out_Quantity.quantity>188.286927</out_Quantity.quantity></Point><Point><position>10769</position><in_Quantity.quantity>0.000000</in_Quantity.quantity><out_Quantity.quantity>52.576686</out_Quantity.quantity></Point><Point><position>10770</position><in_Quantity.quantity>0.000000</in_Quantity.quantity><out_Quantity.quantity>448.496440</out_Quantity.quantity></Point><Point><position>10771</position><in_Quantity.quantity>0.000000</in_Quantity.quantity><out_Quantity.quantity>949.545114</out_Quantity.quantity></Point><Point><position>10772</position><in_Quantity.quantity>0.000000</in_Quantity.quantity><out_Quantity.quantity>272.919272</out_Quantity.quantity></Point><Point><position>10773</position><in_Quantity.quantity>0.000000</in_Quantity.quantity><out_Quantity.quantity>527.477420</out_Quantity.quantity></Point><Point><position>10774</position><in_Quantity.quantity>0.000000</in_Quantity.quantity><out_Quantity.quantity>617.406748</out_Quantity.quantity></Point><Point><position>10775</position><in_Quantity.quantity>0.000000</in_Quantity.quantity><out_Quantity.quantity>674.835020</out_Quantity.quantity></Point><Point><position>10776</position><in_Quantity.quantity>0.000000</in_Quantity.quantity><out_Quantity.quantity>242.620975</out_Quantity.quantity></Point><Point><position>10777</position><in_Quantity.quantity>0.000000</in_Quantity.quantity><out_Quantity.quantity>533.465919</out_Quantity.quantity></Point><Point><position>10778</position><in_Quantity.quantity>0.000000</in_Quantity.quantity><out_Quantity.quantity>624.760596</out_Quantity.quantity></Point><Point><position>10779</position><in_Quantity.quantity>0.000000</in_Quantity.quantity><out_Quantity.quantity>474.852202</out_Quantity.quantity></Point><Point><position>10780</position><in_Quantity.quantity>0.000000</in_Quantity.quantity><out_Quantity.quantity>985.352790</out_Quantity.quantity></Point><Point><position>10781</position><in_Quantity.quantity>0.000000</in_Quantity.quantity><out_Quantity.quantity>826.820435</out_Quantity.quantity></Point><Point><position>10782</position><in_Quantity.quantity>0.000000</in_Quantity.quantity><out_Quantity.quantity>796.695568</out_Quantity.quantity></Point><Point><position>10783</position><in_Quantity.quantity>0.000000</in_Quantity.quantity><out_Quantity.quantity>803.753602</out_Quantity.quantity></Point><Point><position>10784</position><in_Quantity.quantity>0.000000</in_Quantity.quantity><out_Quantity.quantity>875.919951</out_Quantity.quantity></Point><Point><position>10785</position><in_Quantity.quantity>0.000000</in_Quantity.quantity><out_Quantity.quantity>284.698282</out_Quantity.quantity></Point><Point><position>10786</position><in_Quantity.quantity>0.000000</in_Quantity.quantity><out_Quantity.quantity>54.861654</out_Quantity.quantity></Point><Point><position>10787</position><in_Quantity.quantity>0.000000</in_Quantity.quantity><out_Quantity.quantity>440.408434</out_Quantity.quantity></Point><Point><position>10788</position><in_Quantity.quantity>0.000000</in_Quantity.quantity><out_Quantity.quantity>833.881334</out_Quantity.quantity></Point><Point><position>10789</position><in_Quantity.quantity>0.000000</in_Quantity.quantity><out_Quantity.quantity>400.886915</out_Quantity.quantity></Point><Point><position>10790</position><in_Quantity.quantity>0.000000</in_Quantity.quantity><out_Quantity.quantity>736.397747</out_Quantity.quantity></Point><Point><position>10791</position><in_Quantity.quantity>0.000000</in_Quantity.quantity><out_Quantity.quantity>121.969746</out_Quantity.quantity></Point><Point><position>10792</position><in_Quantity.quantity>0.000000</in_Quantity.quantity><out_Quantity.quantity>151.325431</out_Quantity.quantity></Point><Point><position>10793</position><in_Quantity.quantity>0.000000</in_Quantity.quantity><out_Quantity.quantity>757.265522</out_Quantity.quantity></Point><Point><position>10794</position><in_Quantity.quantity>0.000000</in_Quantity.quantity><out_Quantity.quantity>72.682450</out_Quantity.quantity></Point><Point><position>10795</position><in_Quantity.quantity>0.000000</in_Quantity.quantity><out_Quantity.quantity>712.274337</out_Quantity.quantity></Point><Point><position>10796</position><in_Quantity.quantity>0.000000</in_Quantity.quantity><out_Quantity.quantity>838.676628</out_Quantity.quantity></Point><Point><position>10797</position><in_Quantity.quantity>0.000000</in_Quantity.quantity><out_Quantity.quantity>919.730711</out_Quantity.quantity></Point><Point><position>10798</position><in_Quantity.quantity>0.000000</in_Quantity.quantity><out_Quantity.quantity>367.707321</out_Quantity.quantity></Point><Point><position>10799</position><in_Quantity.quantity>0.000000</in_Quantity.quantity><out_Quantity.quantity>856.241807</out_Quantity.quantity></Point><Point><position>10800</position><in_Quantity.quantity>0.000000</in_Quantity.quantity><out_Quantity.quantity>581.174853</out_Quantity.quantity></Point><Point><position>10801</position><in_Quantity.quantity>0.000000</in_Quantity.quantity><out_Quantity.quantity>762.454223</out_Quantity.quantity></Point><Point><position>10802</position><in_Quantity.quantity>0.000000</in_Quantity.quantity><out_Quantity.quantity>412.860741</out_Quantity.quantity></Point><Point><position>10803</position><in_Quantity.quantity>0.000000</in_Quantity.quantity><out_Quantity.quantity>519.659591</out_Quantity.quantity></Point><Point><position>10804</position><in_Quantity.quantity>0.000000</in_Quantity.quantity><out_Quantity.quantity>860.392704</out_Quantity.quantity></Point><Point><position>10805</position><in_Quantity.quantity>0.000000</in_Quantity.quantity><out_Quantity.quantity>751.363662</out_Quantity.quantity></Point><Point><position>10806</position><in_Quantity.quantity>0.000000</in_Quantity.quantity><out_Quantity.quantity>78.643881</out_Quantity.quantity></Point><Point><position>10807</position><in_Quantity.quantity>0.000000</in_Quantity.quantity><out_Quantity.quantity>915.934871</out_Quantity.quantity></Point><Point><position>10808</position><in_Quantity.quantity>0.000000</in_Quantity.quantity><out_Quantity.quantity>278.396280</out_Quantity.quantity></Point><Point><position>10809</position><in_Quantity.quantity>0.000000</in_Quantity.quantity><out_Quantity.quantity>686.658754</out_Quantity.quantity></Point><Point><position>10810</position><in_Quantity.quantity>0.000000</in_Quantity.quantity><out_Quantity.quantity>622.377634</out_Quantity.quantity></Point><Point><position>10811</position><in_Quantity.quantity>0.000000</in_Quantity.quantity><out_Quantity.quantity>200.208462</out_Quantity.quantity></Point><Point><position>10812</position><in_Quantity.quantity>0.000000</in_Quantity.quantity><out_Quantity.quantity>315.256947</out_Quantity.quantity></Point><Point><position>10813</position><in_Quantity.quantity>0.000000</in_Quantity.quantity><out_Quantity.quantity>498.881802</out_Quantity.quantity></Point><Point><position>10814</position><in_Quantity.quantity>0.000000</in_Quantity.quantity><out_Quantity.quantity>791.057511</out_Quantity.quantity></Point><Point><position>10815</position><in_Quantity.quantity>0.000000</in_Quantity.quantity><out_Quantity.quantity>527.912832</out_Quantity.quantity></Point><Point><position>10816</position><in_Quantity.quantity>0.000000</in_Quantity.quantity><out_Quantity.quantity>711.752575</out_Quantity.quantity></Point><Point><position>10817</position><in_Quantity.quantity>0.000000</in_Quantity.quantity><out_Quantity.quantity>509.934108</out_Quantity.quantity></Point><Point><position>10818</position><in_Quantity.quantity>0.000000</in_Quantity.quantity><out_Quantity.quantity>66.165149</out_Quantity.quantity></Point><Point><position>10819</position><in_Quantity.quantity>0.000000</in_Quantity.quantity><out_Quantity.quantity>13.493516</out_Quantity.quantity></Point><Point><position>10820</position><in_Quantity.quantity>0.000000</in_Quantity.quantity><out_Quantity.quantity>45.571616</out_Quantity.quantity></Point><Point><position>10821</position><in_Quantity.quantity>0.000000</in_Quantity.quantity><out_Quantity.quantity>229.932097</out_Quantity.quantity></Point><Point><position>10822</position><in_Quantity.quantity>0.000000</in_Quantity.quantity><out_Quantity.quantity>587.088091</out_Quantity.quantity></Point><Point><position>10823</position><in_Quantity.quantity>0.000000</in_Quantity.quantity><out_Quantity.quantity>941.694786</out_Quantity.quantity></Point><Point><position>10824</position><in_Quantity.quantity>0.000000</in_Quantity.quantity><out_Quantity.quantity>482.719623</out_Quantity.quantity></Point><Point><position>10825</position><in_Quantity.quantity>0.000000</in_Quantity.quantity><out_Quantity.quantity>42.978237</out_Quantity.quantity></Point><Point><position>10826</position><in_Quantity.quantity>0.000000</in_Quantity.quantity><out_Quantity.quantity>448.312373</out_Quantity.quantity></Point><Point><position>10827</position><in_Quantity.quantity>0.000000</in_Quantity.quantity><out_Quantity.quantity>555.475612</out_Quantity.quantity></Point><Point><position>10828</position><in_Quantity.quantity>0.000000</in_Quantity.quantity><out_Quantity.quantity>315.338807</out_Quantity.quantity></Point><Point><position>10829</position><in_Quantity.quantity>0.000000</in_Quantity.quantity><out_Quantity.quantity>222.505950</out_Quantity.quantity></Point><Point><position>10830</position><in_Quantity.quantity>0.000000</in_Quantity.quantity><out_Quantity.quantity>189.786974</out_Quantity.quantity></Point><Point><position>10831</position><in_Quantity.quantity>0.000000</in_Quantity.quantity><out_Quantity.quantity>996.589729</out_Quantity.quantity></Point><Point><position>10832</position><in_Quantity.quantity>0.000000</in_Quantity.quantity><out_Quantity.quantity>671.267889</out_Quantity.quantity></Point><Point><position>10833</position><in_Quantity.quantity>0.000000</in_Quantity.quantity><out_Quantity.quantity>84.513519</out_Quantity.quantity></Point><Point><position>10834</position><in_Quantity.quantity>0.000000</in_Quantity.quantity><out_Quantity.quantity>353.217498</out_Quantity.quantity></Point><Point><position>10835</position><in_Quantity.quantity>0.000000</in_Quantity.quantity><out_Quantity.quantity>968.176021</out_Quantity.quantity></Point><Point><position>10836</position><in_Quantity.quantity>0.000000</in_Quantity.quantity><out_Quantity.quantity>570.471862</out_Quantity.quantity></Point><Point><position>10837</position><in_Quantity.quantity>0.000000</in_Quantity.quantity><out_Quantity.quantity>917.094654</out_Quantity.quantity></Point><Point><position>10838</position><in_Quantity.quantity>0.000000</in_Quantity.quantity><out_Quantity.quantity>54.962599</out_Quantity.quantity></Point><Point><position>10839</position><in_Quantity.quantity>0.000000</in_Quantity.quantity><out_Quantity.quantity>429.229936</out_Quantity.quantity></Point><Point><position>10840</position><in_Quantity.quantity>0.000000</in_Quantity.quantity><out_Quantity.quantity>290.877517</out_Quantity.quantity></Point><Point><position>10841</position><in_Quantity.quantity>0.000000</in_Quantity.quantity><out_Quantity.quantity>314.825451</out_Quantity.quantity></Point><Point><position>10842</position><in_Quantity.quantity>0.000000</in_Quantity.quantity><out_Quantity.quantity>973.530742</out_Quantity.quantity></Point><Point><position>10843</position><in_Quantity.quantity>0.000000</in_Quantity.quantity><out_Quantity.quantity>276.274393</out_Quantity.quantity></Point><Point><position>10844</position><in_Quantity.quantity>0.000000</in_Quantity.quantity><out_Quantity.quantity>574.845659</out_Quantity.quantity></Point><Point><position>10845</position><in_Quantity.quantity>0.000000</in_Quantity.quantity><out_Quantity.quantity>381.584975</out_Quantity.quantity></Point><Point><position>10846</position><in_Quantity.quantity>0.000000</in_Quantity.quantity><out_Quantity.quantity>267.750463</out_Quantity.quantity></Point><Point><position>10847</position><in_Quantity.quantity>0.000000</in_Quantity.quantity><out_Quantity.quantity>468.618553</out_Quantity.quantity></Point><Point><position>10848</position><in_Quantity.quantity>0.000000</in_Quantity.quantity><out_Quantity.quantity>562.703217</out_Quantity.quantity></Point><Point><position>10849</position><in_Quantity.quantity>0.000000</in_Quantity.quantity><out_Quantity.quantity>731.200265</out_Quantity.quantity></Point><Point><position>10850</position><in_Quantity.quantity>0.000000</in_Quantity.quantity><out_Quantity.quantity>746.303477</out_Quantity.quantity></Point><Point><position>10851</position><in_Quantity.quantity>0.000000</in_Quantity.quantity><out_Quantity.quantity>317.899157</out_Quantity.quantity></Point><Point><position>10852</position><in_Quantity.quantity>0.000000</in_Quantity.quantity><out_Quantity.quantity>245.646567</out_Quantity.quantity></Point><Point><position>10853</position><in_Quantity.quantity>0.000000</in_Quantity.quantity><out_Quantity.quantity>552.480225</out_Quantity.quantity></Point><Point><position>10854</position><in_Quantity.quantity>0.000000</in_Quantity.quantity><out_Quantity.quantity>876.871414</out_Quantity.quantity></Point><Point><position>10855</position><in_Quantity.quantity>0.000000</in_Quantity.quantity><out_Quantity.quantity>100.308957</out_Quantity.quantity></Point><Point><position>10856</position><in_Quantity.quantity>0.000000</in_Quantity.quantity><out_Quantity.quantity>448.288679</out_Quantity.quantity></Point><Point><position>10857</position><in_Quantity.quantity>0.000000</in_Quantity.quantity><out_Quantity.quantity>944.473751</out_Quantity.quantity></Point><Point><position>10858</position><in_Quantity.quantity>0.000000</in_Quantity.quantity><out_Quantity.quantity>158.979438</out_Quantity.quantity></Point><Point><position>10859</position><in_Quantity.quantity>0.000000</in_Quantity.quantity><out_Quantity.quantity>581.063543</out_Quantity.quantity></Point><Point><position>10860</position><in_Quantity.quantity>0.000000</in_Quantity.quantity><out_Quantity.quantity>768.697330</out_Quantity.quantity></Point><Point><position>10861</position><in_Quantity.quantity>0.000000</in_Quantity.quantity><out_Quantity.quantity>731.877144</out_Quantity.quantity></Point><Point><position>10862</position><in_Quantity.quantity>0.000000</in_Quantity.quantity><out_Quantity.quantity>187.847883</out_Quantity.quantity></Point><Point><position>10863</position><in_Quantity.quantity>0.000000</in_Quantity.quantity><out_Quantity.quantity>891.611220</out_Quantity.quantity></Point><Point><position>10864</position><in_Quantity.quantity>0.000000</in_Quantity.quantity><out_Quantity.quantity>279.315000</out_Quantity.quantity></Point><Point><position>10865</position><in_Quantity.quantity>0.000000</in_Quantity.quantity><out_Quantity.quantity>602.280781</out_Quantity.quantity></Point><Point><position>10866</position><in_Quantity.quantity>0.000000</in_Quantity.quantity><out_Quantity.quantity>227.106025</out_Quantity.quantity></Point><Point><position>10867</position><in_Quantity.quantity>0.000000</in_Quantity.quantity><out_Quantity.quantity>773.062239</out_Quantity.quantity></Point><Point><position>10868</position><in_Quantity.quantity>0.000000</in_Quantity.quantity><out_Quantity.quantity>105.141572</out_Quantity.quantity></Point><Point><position>10869</position><in_Quantity.quantity>0.000000</in_Quantity.quantity><out_Quantity.quantity>312.516459</out_Quantity.quantity></Point><Point><position>10870</position><in_Quantity.quantity>0.000000</in_Quantity.quantity><out_Quantity.quantity>465.120981</out_Quantity.quantity></Point><Point><position>10871</position><in_Quantity.quantity>0.000000</in_Quantity.quantity><out_Quantity.quantity>108.252786</out_Quantity.quantity></Point><Point><position>10872</position><in_Quantity.quantity>0.000000</in_Quantity.quantity><out_Quantity.quantity>600.645659</out_Quantity.quantity></Point><Point><position>10873</position><in_Quantity.quantity>0.000000</in_Quantity.quantity><out_Quantity.quantity>394.288122</out_Quantity.quantity></Point><Point><position>10874</position><in_Quantity.quantity>0.000000</in_Quantity.quantity><out_Quantity.quantity>670.711540</out_Quantity.quantity></Point><Point><position>10875</position><in_Quantity.quantity>0.000000</in_Quantity.quantity><out_Quantity.quantity>895.802358</out_Quantity.quantity></Point><Point><position>10876</position><in_Quantity.quantity>0.000000</in_Quantity.quantity><out_Quantity.quantity>529.034823</out_Quantity.quantity></Point><Point><position>10877</position><in_Quantity.quantity>0.000000</in_Quantity.quantity><out_Quantity.quantity>147.290511</out_Quantity.quantity></Point><Point><position>10878</position><in_Quantity.quantity>0.000000</in_Quantity.quantity><out_Quantity.quantity>441.252611</out_Quantity.quantity></Point><Point><position>10879</position><in_Quantity.quantity>0.000000</in_Quantity.quantity><out_Quantity.quantity>948.327395</out_Quantity.quantity></Point><Point><position>10880</position><in_Quantity.quantity>0.000000</in_Quantity.quantity><out_Quantity.quantity>622.454300</out_Quantity.quantity></Point><Point><position>10881</position><in_Quantity.quantity>0.000000</in_Quantity.quantity><out_Quantity.quantity>713.695317</out_Quantity.quantity></Point><Point><position>10882</position><in_Quantity.quantity>0.000000</in_Quantity.quantity><out_Quantity.quantity>175.144766</out_Quantity.quantity></Point><Point><position>10883</position><in_Quantity.quantity>0.000000</in_Quantity.quantity><out_Quantity.quantity>313.852755</out_Quantity.quantity></Point><Point><position>10884</position><in_Quantity.quantity>0.000000</in_Quantity.quantity><out_Quantity.quantity>150.948219</out_Quantity.quantity></Point><Point><position>10885</position><in_Quantity.quantity>0.000000</in_Quantity.quantity><out_Quantity.quantity>389.274926</out_Quantity.quantity></Point><Point><position>10886</position><in_Quantity.quantity>0.000000</in_Quantity.quantity><out_Quantity.quantity>823.483375</out_Quantity.quantity></Point><Point><position>10887</position><in_Quantity.quantity>0.000000</in_Quantity.quantity><out_Quantity.quantity>778.109974</out_Quantity.quantity></Point><Point><position>10888</position><in_Quantity.quantity>0.000000</in_Quantity.quantity><out_Quantity.quantity>651.742128</out_Quantity.quantity></Point><Point><position>10889</position><in_Quantity.quantity>0.000000</in_Quantity.quantity><out_Quantity.quantity>463.923344</out_Quantity.quantity></Point><Point><position>10890</position><in_Quantity.quantity>0.000000</in_Quantity.quantity><out_Quantity.quantity>388.062552</out_Quantity.quantity></Point><Point><position>10891</position><in_Quantity.quantity>0.000000</in_Quantity.quantity><out_Quantity.quantity>670.407395</out_Quantity.quantity></Point><Point><position>10892</position><in_Quantity.quantity>0.000000</in_Quantity.quantity><out_Quantity.quantity>713.635077</out_Quantity.quantity></Point><Point><position>10893</position><in_Quantity.quantity>0.000000</in_Quantity.quantity><out_Quantity.quantity>84.994289</out_Quantity.quantity></Point><Point><position>10894</position><in_Quantity.quantity>0.000000</in_Quantity.quantity><out_Quantity.quantity>359.566157</out_Quantity.quantity></Point><Point><position>10895</position><in_Quantity.quantity>0.000000</in_Quantity.quantity><out_Quantity.quantity>721.058006</out_Quantity.quantity></Point><Point><position>10896</position><in_Quantity.quantity>0.000000</in_Quantity.quantity><out_Quantity.quantity>656.471597</out_Quantity.quantity></Point><Point><position>10897</position><in_Quantity.quantity>0.000000</in_Quantity.quantity><out_Quantity.quantity>597.809268</out_Quantity.quantity></Point><Point><position>10898</position><in_Quantity.quantity>0.000000</in_Quantity.quantity><out_Quantity.quantity>526.476826</out_Quantity.quantity></Point><Point><position>10899</position><in_Quantity.quantity>0.000000</in_Quantity.quantity><out_Quantity.quantity>88.851119</out_Quantity.quantity></Point><Point><position>10900</position><in_Quantity.quantity>0.000000</in_Quantity.quantity><out_Quantity.quantity>797.470496</out_Quantity.quantity></Point><Point><position>10901</position><in_Quantity.quantity>0.000000</in_Quantity.quantity><out_Quantity.quantity>167.816010</out_Quantity.quantity></Point><Point><position>10902</position><in_Quantity.quantity>0.000000</in_Quantity.quantity><out_Quantity.quantity>419.668600</out_Quantity.quantity></Point><Point><position>10903</position><in_Quantity.quantity>0.000000</in_Quantity.quantity><out_Quantity.quantity>156.922313</out_Quantity.quantity></Point><Point><position>10904</position><in_Quantity.quantity>0.000000</in_Quantity.quantity><out_Quantity.quantity>798.184098</out_Quantity.quantity></Point><Point><position>10905</position><in_Quantity.quantity>0.000000</in_Quantity.quantity><out_Quantity.quantity>859.948385</out_Quantity.quantity></Point><Point><position>10906</position><in_Quantity.quantity>0.000000</in_Quantity.quantity><out_Quantity.quantity>429.009580</out_Quantity.quantity></Point><Point><position>10907</position><in_Quantity.quantity>0.000000</in_Quantity.quantity><out_Quantity.quantity>420.389455</out_Quantity.quantity></Point><Point><position>10908</position><in_Quantity.quantity>0.000000</in_Quantity.quantity><out_Quantity.quantity>853.805470</out_Quantity.quantity></Point><Point><position>10909</position><in_Quantity.quantity>0.000000</in_Quantity.quantity><out_Quantity.quantity>670.819603</out_Quantity.quantity></Point><Point><position>10910</position><in_Quantity.quantity>0.000000</in_Quantity.quantity><out_Quantity.quantity>161.294446</out_Quantity.quantity></Point><Point><position>10911</position><in_Quantity.quantity>0.000000</in_Quantity.quantity><out_Quantity.quantity>778.374357</out_Quantity.quantity></Point><Point><position>10912</position><in_Quantity.quantity>0.000000</in_Quantity.quantity><out_Quantity.quantity>443.295205</out_Quantity.quantity></Point><Point><position>10913</position><in_Quantity.quantity>0.000000</in_Quantity.quantity><out_Quantity.quantity>857.715081</out_Quantity.quantity></Point><Point><position>10914</position><in_Quantity.quantity>0.000000</in_Quantity.quantity><out_Quantity.quantity>859.286530</out_Quantity.quantity></Point><Point><position>10915</position><in_Quantity.quantity>0.000000</in_Quantity.quantity><out_Quantity.quantity>809.581580</out_Quantity.quantity></Point><Point><position>10916</position><in_Quantity.quantity>0.000000</in_Quantity.quantity><out_Quantity.quantity>326.198850</out_Quantity.quantity></Point><Point><position>10917</position><in_Quantity.quantity>0.000000</in_Quantity.quantity><out_Quantity.quantity>594.396618</out_Quantity.quantity></Point><Point><position>10918</position><in_Quantity.quantity>0.000000</in_Quantity.quantity><out_Quantity.quantity>147.439806</out_Quantity.quantity></Point><Point><position>10919</position><in_Quantity.quantity>0.000000</in_Quantity.quantity><out_Quantity.quantity>223.417642</out_Quantity.quantity></Point><Point><position>10920</position><in_Quantity.quantity>0.000000</in_Quantity.quantity><out_Quantity.quantity>693.740513</out_Quantity.quantity></Point><Point><position>10921</position><in_Quantity.quantity>0.000000</in_Quantity.quantity><out_Quantity.quantity>600.227658</out_Quantity.quantity></Point><Point><position>10922</position><in_Quantity.quantity>0.000000</in_Quantity.quantity><out_Quantity.quantity>825.654853</out_Quantity.quantity></Point><Point><position>10923</position><in_Quantity.quantity>0.000000</in_Quantity.quantity><out_Quantity.quantity>710.699933</out_Quantity.quantity></Point><Point><position>10924</position><in_Quantity.quantity>0.000000</in_Quantity.quantity><out_Quantity.quantity>105.151080</out_Quantity.quantity></Point><Point><position>10925</position><in_Quantity.quantity>0.000000</in_Quantity.quantity><out_Quantity.quantity>36.315399</out_Quantity.quantity></Point><Point><position>10926</position><in_Quantity.quantity>0.000000</in_Quantity.quantity><out_Quantity.quantity>168.332411</out_Quantity.quantity></Point><Point><position>10927</position><in_Quantity.quantity>0.000000</in_Quantity.quantity><out_Quantity.quantity>928.298690</out_Quantity.quantity></Point><Point><position>10928</position><in_Quantity.quantity>0.000000</in_Quantity.quantity><out_Quantity.quantity>15.017361</out_Quantity.quantity></Point><Point><position>10929</position><in_Quantity.quantity>0.000000</in_Quantity.quantity><out_Quantity.quantity>476.088814</out_Quantity.quantity></Point><Point><position>10930</position><in_Quantity.quantity>0.000000</in_Quantity.quantity><out_Quantity.quantity>717.995993</out_Quantity.quantity></Point><Point><position>10931</position><in_Quantity.quantity>0.000000</in_Quantity.quantity><out_Quantity.quantity>922.780644</out_Quantity.quantity></Point><Point><position>10932</position><in_Quantity.quantity>0.000000</in_Quantity.quantity><out_Quantity.quantity>837.013035</out_Quantity.quantity></Point><Point><position>10933</position><in_Quantity.quantity>0.000000</in_Quantity.quantity><out_Quantity.quantity>530.965139</out_Quantity.quantity></Point><Point><position>10934</position><in_Quantity.quantity>0.000000</in_Quantity.quantity><out_Quantity.quantity>417.255296</out_Quantity.quantity></Point><Point><position>10935</position><in_Quantity.quantity>0.000000</in_Quantity.quantity><out_Quantity.quantity>123.276344</out_Quantity.quantity></Point><Point><position>10936</position><in_Quantity.quantity>0.000000</in_Quantity.quantity><out_Quantity.quantity>206.890873</out_Quantity.quantity></Point><Point><position>10937</position><in_Quantity.quantity>0.000000</in_Quantity.quantity><out_Quantity.quantity>508.484909</out_Quantity.quantity></Point><Point><position>10938</position><in_Quantity.quantity>0.000000</in_Quantity.quantity><out_Quantity.quantity>642.202043</out_Quantity.quantity></Point><Point><position>10939</position><in_Quantity.quantity>0.000000</in_Quantity.quantity><out_Quantity.quantity>488.208223</out_Quantity.quantity></Point><Point><position>10940</position><in_Quantity.quantity>0.000000</in_Quantity.quantity><out_Quantity.quantity>766.952522</out_Quantity.quantity></Point><Point><position>10941</position><in_Quantity.quantity>0.000000</in_Quantity.quantity><out_Quantity.quantity>341.232686</out_Quantity.quantity></Point><Point><position>10942</position><in_Quantity.quantity>0.000000</in_Quantity.quantity><out_Quantity.quantity>11.447266</out_Quantity.quantity></Point><Point><position>10943</position><in_Quantity.quantity>0.000000</in_Quantity.quantity><out_Quantity.quantity>184.441316</out_Quantity.quantity></Point><Point><position>10944</position><in_Quantity.quantity>0.000000</in_Quantity.quantity><out_Quantity.quantity>904.735105</out_Quantity.quantity></Point><Point><position>10945</position><in_Quantity.quantity>0.000000</in_Quantity.quantity><out_Quantity.quantity>776.571690</out_Quantity.quantity></Point><Point><position>10946</position><in_Quantity.quantity>0.000000</in_Quantity.quantity><out_Quantity.quantity>465.250943</out_Quantity.quantity></Point><Point><position>10947</position><in_Quantity.quantity>0.000000</in_Quantity.quantity><out_Quantity.quantity>426.904778</out_Quantity.quantity></Point><Point><position>10948</position><in_Quantity.quantity>0.000000</in_Quantity.quantity><out_Quantity.quantity>74.081538</out_Quantity.quantity></Point><Point><position>10949</position><in_Quantity.quantity>0.000000</in_Quantity.quantity><out_Quantity.quantity>4.274255</out_Quantity.quantity></Point><Point><position>10950</position><in_Quantity.quantity>0.000000</in_Quantity.quantity><out_Quantity.quantity>741.499552</out_Quantity.quantity></Point><Point><position>10951</position><in_Quantity.quantity>0.000000</in_Quantity.quantity><out_Quantity.quantity>486.885487</out_Quantity.quantity></Point><Point><position>10952</position><in_Quantity.quantity>0.000000</in_Quantity.quantity><out_Quantity.quantity>429.244890</out_Quantity.quantity></Point><Point><position>10953</position><in_Quantity.quantity>0.000000</in_Quantity.quantity><out_Quantity.quantity>354.397107</out_Quantity.quantity></Point><Point><position>10954</position><in_Quantity.quantity>0.000000</in_Quantity.quantity><out_Quantity.quantity>105.271096</out_Quantity.quantity></Point><Point><position>10955</position><in_Quantity.quantity>0.000000</in_Quantity.quantity><out_Quantity.quantity>721.801649</out_Quantity.quantity></Point><Point><position>10956</position><in_Quantity.quantity>0.000000</in_Quantity.quantity><out_Quantity.quantity>305.006530</out_Quantity.quantity></Point><Point><position>10957</position><in_Quantity.quantity>0.000000</in_Quantity.quantity><out_Quantity.quantity>726.595008</out_Quantity.quantity></Point><Point><position>10958</position><in_Quantity.quantity>0.000000</in_Quantity.quantity><out_Quantity.quantity>902.721102</out_Quantity.quantity></Point><Point><position>10959</position><in_Quantity.quantity>0.000000</in_Quantity.quantity><out_Quantity.quantity>326.797827</out_Quantity.quantity></Point><Point><position>10960</position><in_Quantity.quantity>0.000000</in_Quantity.quantity><out_Quantity.quantity>781.077042</out_Quantity.quantity></Point><Point><position>10961</position><in_Quantity.quantity>0.000000</in_Quantity.quantity><out_Quantity.quantity>816.256610</out_Quantity.quantity></Point><Point><position>10962</position><in_Quantity.quantity>0.000000</in_Quantity.quantity><out_Quantity.quantity>445.071506</out_Quantity.quantity></Point><Point><position>10963</position><in_Quantity.quantity>0.000000</in_Quantity.quantity><out_Quantity.quantity>718.344823</out_Quantity.quantity></Point><Point><position>10964</position><in_Quantity.quantity>0.000000</in_Quantity.quantity><out_Quantity.quantity>219.264493</out_Quantity.quantity></Point><Point><position>10965</position><in_Quantity.quantity>0.000000</in_Quantity.quantity><out_Quantity.quantity>641.878291</out_Quantity.quantity></Point><Point><position>10966</position><in_Quantity.quantity>0.000000</in_Quantity.quantity><out_Quantity.quantity>657.850278</out_Quantity.quantity></Point><Point><position>10967</position><in_Quantity.quantity>0.000000</in_Quantity.quantity><out_Quantity.quantity>561.153029</out_Quantity.quantity></Point><Point><position>10968</position><in_Quantity.quantity>0.000000</in_Quantity.quantity><out_Quantity.quantity>848.643618</out_Quantity.quantity></Point><Point><position>10969</position><in_Quantity.quantity>0.000000</in_Quantity.quantity><out_Quantity.quantity>288.819684</out_Quantity.quantity></Point><Point><position>10970</position><in_Quantity.quantity>0.000000</in_Quantity.quantity><out_Quantity.quantity>793.019235</out_Quantity.quantity></Point><Point><position>10971</position><in_Quantity.quantity>0.000000</in_Quantity.quantity><out_Quantity.quantity>399.511274</out_Quantity.quantity></Point><Point><position>10972</position><in_Quantity.quantity>0.000000</in_Quantity.quantity><out_Quantity.quantity>801.003567</out_Quantity.quantity></Point><Point><position>10973</position><in_Quantity.quantity>0.000000</in_Quantity.quantity><out_Quantity.quantity>326.490138</out_Quantity.quantity></Point><Point><position>10974</position><in_Quantity.quantity>0.000000</in_Quantity.quantity><out_Quantity.quantity>308.434383</out_Quantity.quantity></Point><Point><position>10975</position><in_Quantity.quantity>0.000000</in_Quantity.quantity><out_Quantity.quantity>365.250101</out_Quantity.quantity></Point><Point><position>10976</position><in_Quantity.quantity>0.000000</in_Quantity.quantity><out_Quantity.quantity>167.427141</out_Quantity.quantity></Point><Point><position>10977</position><in_Quantity.quantity>0.000000</in_Quantity.quantity><out_Quantity.quantity>304.961029</out_Quantity.quantity></Point><Point><position>10978</position><in_Quantity.quantity>0.000000</in_Quantity.quantity><out_Quantity.quantity>800.516154</out_Quantity.quantity></Point><Point><position>10979</position><in_Quantity.quantity>0.000000</in_Quantity.quantity><out_Quantity.quantity>638.394209</out_Quantity.quantity></Point><Point><position>10980</position><in_Quantity.quantity>0.000000</in_Quantity.quantity><out_Quantity.quantity>454.485070</out_Quantity.quantity></Point><Point><position>10981</position><in_Quantity.quantity>0.000000</in_Quantity.quantity><out_Quantity.quantity>424.253034</out_Quantity.quantity></Point><Point><position>10982</position><in_Quantity.quantity>0.000000</in_Quantity.quantity><out_Quantity.quantity>108.135671</out_Quantity.quantity></Point><Point><position>10983</position><in_Quantity.quantity>0.000000</in_Quantity.quantity><out_Quantity.quantity>56.293186</out_Quantity.quantity></Point><Point><position>10984</position><in_Quantity.quantity>0.000000</in_Quantity.quantity><out_Quantity.quantity>633.492339</out_Quantity.quantity></Point><Point><position>10985</position><in_Quantity.quantity>0.000000</in_Quantity.quantity><out_Quantity.quantity>812.166262</out_Quantity.quantity></Point><Point><position>10986</position><in_Quantity.quantity>0.000000</in_Quantity.quantity><out_Quantity.quantity>266.143076</out_Quantity.quantity></Point><Point><position>10987</position><in_Quantity.quantity>0.000000</in_Quantity.quantity><out_Quantity.quantity>968.390404</out_Quantity.quantity></Point><Point><position>10988</position><in_Quantity.quantity>0.000000</in_Quantity.quantity><out_Quantity.quantity>896.207028</out_Quantity.quantity></Point><Point><position>10989</position><in_Quantity.quantity>0.000000</in_Quantity.quantity><out_Quantity.quantity>834.076500</out_Quantity.quantity></Point><Point><position>10990</position><in_Quantity.quantity>0.000000</in_Quantity.quantity><out_Quantity.quantity>859.806916</out_Quantity.quantity></Point><Point><position>10991</position><in_Quantity.quantity>0.000000</in_Quantity.quantity><out_Quantity.quantity>113.056265</out_Quantity.quantity></Point><Point><position>10992</position><in_Quantity.quantity>0.000000</in_Quantity.quantity><out_Quantity.quantity>660.456143</out_Quantity.quantity></Point><Point><position>10993</position><in_Quantity.quantity>0.000000</in_Quantity.quantity><out_Quantity.quantity>940.809530</out_Quantity.quantity></Point><Point><position>10994</position><in_Quantity.quantity>0.000000</in_Quantity.quantity><out_Quantity.quantity>579.648709</out_Quantity.quantity></Point><Point><position>10995</position><in_Quantity.quantity>0.000000</in_Quantity.quantity><out_Quantity.quantity>895.028210</out_Quantity.quantity></Point><Point><position>10996</position><in_Quantity.quantity>0.000000</in_Quantity.quantity><out_Quantity.quantity>850.908802</out_Quantity.quantity></Point><Point><position>10997</position><in_Quantity.quantity>0.000000</in_Quantity.quantity><out_Quantity.quantity>641.653158</out_Quantity.quantity></Point><Point><position>10998</position><in_Quantity.quantity>0.000000</in_Quantity.quantity><out_Quantity.quantity>973.257764</out_Quantity.quantity></Point><Point><position>10999</position><in_Quantity.quantity>0.000000</in_Quantity.quantity><out_Quantity.quantity>800.179581</out_Quantity.quantity></Point><Point><position>11000</position><in_Quantity.quantity>0.000000</in_Quantity.quantity><out_Quantity.quantity>709.147278</out_Quantity.quantity></Point><Point><position>11001</position><in_Quantity.quantity>0.000000</in_Quantity.quantity><out_Quantity.quantity>930.711256</out_Quantity.quantity></Point><Point><position>11002</position><in_Quantity.quantity>0.000000</in_Quantity.quantity><out_Quantity.quantity>248.545120</out_Quantity.quantity></Point><Point><position>11003</position><in_Quantity.quantity>0.000000</in_Quantity.quantity><out_Quantity.quantity>678.349556</out_Quantity.quantity></Point><Point><position>11004</position><in_Quantity.quantity>0.000000</in_Quantity.quantity><out_Quantity.quantity>542.884579</out_Quantity.quantity></Point><Point><position>11005</position><in_Quantity.quantity>0.000000</in_Quantity.quantity><out_Quantity.quantity>617.290786</out_Quantity.quantity></Point><Point><position>11006</position><in_Quantity.quantity>0.000000</in_Quantity.quantity><out_Quantity.quantity>692.626173</out_Quantity.quantity></Point><Point><position>11007</position><in_Quantity.quantity>0.000000</in_Quantity.quantity><out_Quantity.quantity>769.376727</out_Quantity.quantity></Point><Point><position>11008</position><in_Quantity.quantity>0.000000</in_Quantity.quantity><out_Quantity.quantity>749.613819</out_Quantity.quantity></Point><Point><position>11009</position><in_Quantity.quantity>0.000000</in_Quantity.quantity><out_Quantity.quantity>624.231254</out_Quantity.quantity></Point><Point><position>11010</position><in_Quantity.quantity>0.000000</in_Quantity.quantity><out_Quantity.quantity>377.437382</out_Quantity.quantity></Point><Point><position>11011</position><in_Quantity.quantity>0.000000</in_Quantity.quantity><out_Quantity.quantity>2.306323</out_Quantity.quantity></Point><Point><position>11012</position><in_Quantity.quantity>0.000000</in_Quantity.quantity><out_Quantity.quantity>832.743914</out_Quantity.quantity></Point><Point><position>11013</position><in_Quantity.quantity>0.000000</in_Quantity.quantity><out_Quantity.quantity>990.052454</out_Quantity.quantity></Point><Point><position>11014</position><in_Quantity.quantity>0.000000</in_Quantity.quantity><out_Quantity.quantity>957.850713</out_Quantity.quantity></Point><Point><position>11015</position><in_Quantity.quantity>0.000000</in_Quantity.quantity><out_Quantity.quantity>917.339550</out_Quantity.quantity></Point><Point><position>11016</position><in_Quantity.quantity>0.000000</in_Quantity.quantity><out_Quantity.quantity>370.406338</out_Quantity.quantity></Point><Point><position>11017</position><in_Quantity.quantity>0.000000</in_Quantity.quantity><out_Quantity.quantity>551.083239</out_Quantity.quantity></Point><Point><position>11018</position><in_Quantity.quantity>0.000000</in_Quantity.quantity><out_Quantity.quantity>119.508323</out_Quantity.quantity></Point><Point><position>11019</position><in_Quantity.quantity>0.000000</in_Quantity.quantity><out_Quantity.quantity>82.573288</out_Quantity.quantity></Point><Point><position>11020</position><in_Quantity.quantity>0.000000</in_Quantity.quantity><out_Quantity.quantity>518.179249</out_Quantity.quantity></Point><Point><position>11021</position><in_Quantity.quantity>0.000000</in_Quantity.quantity><out_Quantity.quantity>644.461750</out_Quantity.quantity></Point><Point><position>11022</position><in_Quantity.quantity>0.000000</in_Quantity.quantity><out_Quantity.quantity>755.902789</out_Quantity.quantity></Point><Point><position>11023</position><in_Quantity.quantity>0.000000</in_Quantity.quantity><out_Quantity.quantity>596.028223</out_Quantity.quantity></Point><Point><position>11024</position><in_Quantity.quantity>0.000000</in_Quantity.quantity><out_Quantity.quantity>774.282704</out_Quantity.quantity></Point><Point><position>11025</position><in_Quantity.quantity>0.000000</in_Quantity.quantity><out_Quantity.quantity>912.622540</out_Quantity.quantity></Point><Point><position>11026</position><in_Quantity.quantity>0.000000</in_Quantity.quantity><out_Quantity.quantity>834.543470</out_Quantity.quantity></Point><Point><position>11027</position><in_Quantity.quantity>0.000000</in_Quantity.quantity><out_Quantity.quantity>335.631810</out_Quantity.quantity></Point><Point><position>11028</position><in_Quantity.quantity>0.000000</in_Quantity.quantity><out_Quantity.quantity>848.831515</out_Quantity.quantity></Point><Point><position>11029</position><in_Quantity.quantity>0.000000</in_Quantity.quantity><out_Quantity.quantity>146.896223</out_Quantity.quantity></Point><Point><position>11030</position><in_Quantity.quantity>0.000000</in_Quantity.quantity><out_Quantity.quantity>278.635066</out_Quantity.quantity></Point><Point><position>11031</position><in_Quantity.quantity>0.000000</in_Quantity.quantity><out_Quantity.quantity>588.130158</out_Quantity.quantity></Point><Point><position>11032</position><in_Quantity.quantity>0.000000</in_Quantity.quantity><out_Quantity.quantity>754.738768</out_Quantity.quantity></Point><Point><position>11033</position><in_Quantity.quantity>0.000000</in_Quantity.quantity><out_Quantity.quantity>919.131541</out_Quantity.quantity></Point><Point><position>11034</position><in_Quantity.quantity>0.000000</in_Quantity.quantity><out_Quantity.quantity>620.036269</out_Quantity.quantity></Point><Point><position>11035</position><in_Quantity.quantity>0.000000</in_Quantity.quantity><out_Quantity.quantity>190.329156</out_Quantity.quantity></Point><Point><position>11036</position><in_Quantity.quantity>0.000000</in_Quantity.quantity><out_Quantity.quantity>338.872122</out_Quantity.quantity></Point><Point><position>11037</position><in_Quantity.quantity>0.000000</in_Quantity.quantity><out_Quantity.quantity>973.376424</out_Quantity.quantity></Point><Point><position>11038</position><in_Quantity.quantity>0.000000</in_Quantity.quantity><out_Quantity.quantity>646.935460</out_Quantity.quantity></Point><Point><position>11039</position><in_Quantity.quantity>0.000000</in_Quantity.quantity><out_Quantity.quantity>651.444332</out_Quantity.quantity></Point><Point><position>11040</position><in_Quantity.quantity>0.000000</in_Quantity.quantity><out_Quantity.quantity>717.508915</out_Quantity.quantity></Point><Point><position>11041</position><in_Quantity.quantity>0.000000</in_Quantity.quantity><out_Quantity.quantity>131.189336</out_Quantity.quantity></Point><Point><position>11042</position><in_Quantity.quantity>0.000000</in_Quantity.quantity><out_Quantity.quantity>980.805385</out_Quantity.quantity></Point><Point><position>11043</position><in_Quantity.quantity>0.000000</in_Quantity.quantity><out_Quantity.quantity>139.688446</out_Quantity.quantity></Point><Point><position>11044</position><in_Quantity.quantity>0.000000</in_Quantity.quantity><out_Quantity.quantity>46.453467</out_Quantity.quantity></Point><Point><position>11045</position><in_Quantity.quantity>0.000000</in_Quantity.quantity><out_Quantity.quantity>317.147281</out_Quantity.quantity></Point><Point><position>11046</position><in_Quantity.quantity>0.000000</in_Quantity.quantity><out_Quantity.quantity>926.284083</out_Quantity.quantity></Point><Point><position>11047</position><in_Quantity.quantity>0.000000</in_Quantity.quantity><out_Quantity.quantity>73.928700</out_Quantity.quantity></Point><Point><position>11048</position><in_Quantity.quantity>0.000000</in_Quantity.quantity><out_Quantity.quantity>887.334584</out_Quantity.quantity></Point><Point><position>11049</position><in_Quantity.quantity>0.000000</in_Quantity.quantity><out_Quantity.quantity>928.885081</out_Quantity.quantity></Point><Point><position>11050</position><in_Quantity.quantity>0.000000</in_Quantity.quantity><out_Quantity.quantity>842.593121</out_Quantity.quantity></Point><Point><position>11051</position><in_Quantity.quantity>0.000000</in_Quantity.quantity><out_Quantity.quantity>62.533581</out_Quantity.quantity></Point><Point><position>11052</position><in_Quantity.quantity>0.000000</in_Quantity.quantity><out_Quantity.quantity>204.957323</out_Quantity.quantity></Point><Point><position>11053</position><in_Quantity.quantity>0.000000</in_Quantity.quantity><out_Quantity.quantity>301.815936</out_Quantity.quantity></Point><Point><position>11054</position><in_Quantity.quantity>0.000000</in_Quantity.quantity><out_Quantity.quantity>895.359905</out_Quantity.quantity></Point><Point><position>11055</position><in_Quantity.quantity>0.000000</in_Quantity.quantity><out_Quantity.quantity>96.589687</out_Quantity.quantity></Point><Point><position>11056</position><in_Quantity.quantity>0.000000</in_Quantity.quantity><out_Quantity.quantity>939.091047</out_Quantity.quantity></Point><Point><position>11057</position><in_Quantity.quantity>0.000000</in_Quantity.quantity><out_Quantity.quantity>496.541885</out_Quantity.quantity></Point><Point><position>11058</position><in_Quantity.quantity>0.000000</in_Quantity.quantity><out_Quantity.quantity>820.532768</out_Quantity.quantity></Point><Point><position>11059</position><in_Quantity.quantity>0.000000</in_Quantity.quantity><out_Quantity.quantity>568.856645</out_Quantity.quantity></Point><Point><position>11060</position><in_Quantity.quantity>0.000000</in_Quantity.quantity><out_Quantity.quantity>698.174241</out_Quantity.quantity></Point><Point><position>11061</position><in_Quantity.quantity>0.000000</in_Quantity.quantity><out_Quantity.quantity>829.717559</out_Quantity.quantity></Point><Point><position>11062</position><in_Quantity.quantity>0.000000</in_Quantity.quantity><out_Quantity.quantity>419.862346</out_Quantity.quantity></Point><Point><position>11063</position><in_Quantity.quantity>0.000000</in_Quantity.quantity><out_Quantity.quantity>487.723304</out_Quantity.quantity></Point><Point><position>11064</position><in_Quantity.quantity>0.000000</in_Quantity.quantity><out_Quantity.quantity>512.241550</out_Quantity.quantity></Point><Point><position>11065</position><in_Quantity.quantity>0.000000</in_Quantity.quantity><out_Quantity.quantity>543.877525</out_Quantity.quantity></Point><Point><position>11066</position><in_Quantity.quantity>0.000000</in_Quantity.quantity><out_Quantity.quantity>147.090649</out_Quantity.quantity></Point><Point><position>11067</position><in_Quantity.quantity>0.000000</in_Quantity.quantity><out_Quantity.quantity>641.350786</out_Quantity.quantity></Point><Point><position>11068</position><in_Quantity.quantity>0.000000</in_Quantity.quantity><out_Quantity.quantity>420.300995</out_Quantity.quantity></Point><Point><position>11069</position><in_Quantity.quantity>0.000000</in_Quantity.quantity><out_Quantity.quantity>201.877261</out_Quantity.quantity></Point><Point><position>11070</position><in_Quantity.quantity>0.000000</in_Quantity.quantity><out_Quantity.quantity>940.597521</out_Quantity.quantity></Point><Point><position>11071</position><in_Quantity.quantity>0.000000</in_Quantity.quantity><out_Quantity.quantity>550.386748</out_Quantity.quantity></Point><Point><position>11072</position><in_Quantity.quantity>0.000000</in_Quantity.quantity><out_Quantity.quantity>686.802256</out_Quantity.quantity></Point><Point><position>11073</position><in_Quantity.quantity>0.000000</in_Quantity.quantity><out_Quantity.quantity>343.900256</out_Quantity.quantity></Point><Point><position>11074</position><in_Quantity.quantity>0.000000</in_Quantity.quantity><out_Quantity.quantity>367.185069</out_Quantity.quantity></Point><Point><position>11075</position><in_Quantity.quantity>0.000000</in_Quantity.quantity><out_Quantity.quantity>453.710625</out_Quantity.quantity></Point><Point><position>11076</position><in_Quantity.quantity>0.000000</in_Quantity.quantity><out_Quantity.quantity>684.641705</out_Quantity.quantity></Point><Point><position>11077</position><in_Quantity.quantity>0.000000</in_Quantity.quantity><out_Quantity.quantity>337.508457</out_Quantity.quantity></Point><Point><position>11078</position><in_Quantity.quantity>0.000000</in_Quantity.quantity><out_Quantity.quantity>704.477194</out_Quantity.quantity></Point><Point><position>11079</position><in_Quantity.quantity>0.000000</in_Quantity.quantity><out_Quantity.quantity>380.462275</out_Quantity.quantity></Point><Point><position>11080</position><in_Quantity.quantity>0.000000</in_Quantity.quantity><out_Quantity.quantity>685.926480</out_Quantity.quantity></Point><Point><position>11081</position><in_Quantity.quantity>0.000000</in_Quantity.quantity><out_Quantity.quantity>449.822101</out_Quantity.quantity></Point><Point><position>11082</position><in_Quantity.quantity>0.000000</in_Quantity.quantity><out_Quantity.quantity>608.860725</out_Quantity.quantity></Point><Point><position>11083</position><in_Quantity.quantity>0.000000</in_Quantity.quantity><out_Quantity.quantity>363.412844</out_Quantity.quantity></Point><Point><position>11084</position><in_Quantity.quantity>0.000000</in_Quantity.quantity><out_Quantity.quantity>612.246293</out_Quantity.quantity></Point><Point><position>11085</position><in_Quantity.quantity>0.000000</in_Quantity.quantity><out_Quantity.quantity>397.765054</out_Quantity.quantity></Point><Point><position>11086</position><in_Quantity.quantity>0.000000</in_Quantity.quantity><out_Quantity.quantity>720.890674</out_Quantity.quantity></Point><Point><position>11087</position><in_Quantity.quantity>0.000000</in_Quantity.quantity><out_Quantity.quantity>309.335582</out_Quantity.quantity></Point><Point><position>11088</position><in_Quantity.quantity>0.000000</in_Quantity.quantity><out_Quantity.quantity>498.393123</out_Quantity.quantity></Point><Point><position>11089</position><in_Quantity.quantity>0.000000</in_Quantity.quantity><out_Quantity.quantity>320.925205</out_Quantity.quantity></Point><Point><position>11090</position><in_Quantity.quantity>0.000000</in_Quantity.quantity><out_Quantity.quantity>710.345041</out_Quantity.quantity></Point><Point><position>11091</position><in_Quantity.quantity>0.000000</in_Quantity.quantity><out_Quantity.quantity>79.238426</out_Quantity.quantity></Point><Point><position>11092</position><in_Quantity.quantity>0.000000</in_Quantity.quantity><out_Quantity.quantity>394.529526</out_Quantity.quantity></Point><Point><position>11093</position><in_Quantity.quantity>0.000000</in_Quantity.quantity><out_Quantity.quantity>245.691946</out_Quantity.quantity></Point><Point><position>11094</position><in_Quantity.quantity>0.000000</in_Quantity.quantity><out_Quantity.quantity>855.208126</out_Quantity.quantity></Point><Point><position>11095</position><in_Quantity.quantity>0.000000</in_Quantity.quantity><out_Quantity.quantity>21.213305</out_Quantity.quantity></Point><Point><position>11096</position><in_Quantity.quantity>0.000000</in_Quantity.quantity><out_Quantity.quantity>796.259191</out_Quantity.quantity></Point><Point><position>11097</position><in_Quantity.quantity>0.000000</in_Quantity.quantity><out_Quantity.quantity>709.529840</out_Quantity.quantity></Point><Point><position>11098</position><in_Quantity.quantity>0.000000</in_Quantity.quantity><out_Quantity.quantity>930.943391</out_Quantity.quantity></Point><Point><position>11099</position><in_Quantity.quantity>0.000000</in_Quantity.quantity><out_Quantity.quantity>0.856864</out_Quantity.quantity></Point><Point><position>11100</position><in_Quantity.quantity>0.000000</in_Quantity.quantity><out_Quantity.quantity>745.864563</out_Quantity.quantity></Point><Point><position>11101</position><in_Quantity.quantity>0.000000</in_Quantity.quantity><out_Quantity.quantity>526.633377</out_Quantity.quantity></Point><Point><position>11102</position><in_Quantity.quantity>0.000000</in_Quantity.quantity><out_Quantity.quantity>561.606151</out_Quantity.quantity></Point><Point><position>11103</position><in_Quantity.quantity>0.000000</in_Quantity.quantity><out_Quantity.quantity>98.049113</out_Quantity.quantity></Point><Point><position>11104</position><in_Quantity.quantity>0.000000</in_Quantity.quantity><out_Quantity.quantity>783.751594</out_Quantity.quantity></Point><Point><position>11105</position><in_Quantity.quantity>0.000000</in_Quantity.quantity><out_Quantity.quantity>990.131587</out_Quantity.quantity></Point><Point><position>11106</position><in_Quantity.quantity>0.000000</in_Quantity.quantity><out_Quantity.quantity>673.638212</out_Quantity.quantity></Point><Point><position>11107</position><in_Quantity.quantity>0.000000</in_Quantity.quantity><out_Quantity.quantity>360.276688</out_Quantity.quantity></Point><Point><position>11108</position><in_Quantity.quantity>0.000000</in_Quantity.quantity><out_Quantity.quantity>796.428661</out_Quantity.quantity></Point><Point><position>11109</position><in_Quantity.quantity>0.000000</in_Quantity.quantity><out_Quantity.quantity>558.633220</out_Quantity.quantity></Point><Point><position>11110</position><in_Quantity.quantity>0.000000</in_Quantity.quantity><out_Quantity.quantity>678.748164</out_Quantity.quantity></Point><Point><position>11111</position><in_Quantity.quantity>0.000000</in_Quantity.quantity><out_Quantity.quantity>394.246992</out_Quantity.quantity></Point><Point><position>11112</position><in_Quantity.quantity>0.000000</in_Quantity.quantity><out_Quantity.quantity>924.779457</out_Quantity.quantity></Point><Point><position>11113</position><in_Quantity.quantity>0.000000</in_Quantity.quantity><out_Quantity.quantity>73.034992</out_Quantity.quantity></Point><Point><position>11114</position><in_Quantity.quantity>0.000000</in_Quantity.quantity><out_Quantity.quantity>357.926089</out_Quantity.quantity></Point><Point><position>11115</position><in_Quantity.quantity>0.000000</in_Quantity.quantity><out_Quantity.quantity>707.516902</out_Quantity.quantity></Point><Point><position>11116</position><in_Quantity.quantity>0.000000</in_Quantity.quantity><out_Quantity.quantity>24.893817</out_Quantity.quantity></Point><Point><position>11117</position><in_Quantity.quantity>0.000000</in_Quantity.quantity><out_Quantity.quantity>899.891869</out_Quantity.quantity></Point><Point><position>11118</position><in_Quantity.quantity>0.000000</in_Quantity.quantity><out_Quantity.quantity>113.125609</out_Quantity.quantity></Point><Point><position>11119</position><in_Quantity.quantity>0.000000</in_Quantity.quantity><out_Quantity.quantity>784.391455</out_Quantity.quantity></Point><Point><position>11120</position><in_Quantity.quantity>0.000000</in_Quantity.quantity><out_Quantity.quantity>185.248038</out_Quantity.quantity></Point><Point><position>11121</position><in_Quantity.quantity>0.000000</in_Quantity.quantity><out_Quantity.quantity>139.138370</out_Quantity.quantity></Point><Point><position>11122</position><in_Quantity.quantity>0.000000</in_Quantity.quantity><out_Quantity.quantity>690.246375</out_Quantity.quantity></Point><Point><position>11123</position><in_Quantity.quantity>0.000000</in_Quantity.quantity><out_Quantity.quantity>61.024143</out_Quantity.quantity></Point><Point><position>11124</position><in_Quantity.quantity>0.000000</in_Quantity.quantity><out_Quantity.quantity>217.320972</out_Quantity.quantity></Point><Point><position>11125</position><in_Quantity.quantity>0.000000</in_Quantity.quantity><out_Quantity.quantity>741.820166</out_Quantity.quantity></Point><Point><position>11126</position><in_Quantity.quantity>0.000000</in_Quantity.quantity><out_Quantity.quantity>620.589372</out_Quantity.quantity></Point><Point><position>11127</position><in_Quantity.quantity>0.000000</in_Quantity.quantity><out_Quantity.quantity>41.045366</out_Quantity.quantity></Point><Point><position>11128</position><in_Quantity.quantity>0.000000</in_Quantity.quantity><out_Quantity.quantity>495.839725</out_Quantity.quantity></Point><Point><position>11129</position><in_Quantity.quantity>0.000000</in_Quantity.quantity><out_Quantity.quantity>664.328402</out_Quantity.quantity></Point><Point><position>11130</position><in_Quantity.quantity>0.000000</in_Quantity.quantity><out_Quantity.quantity>688.931950</out_Quantity.quantity></Point><Point><position>11131</position><in_Quantity.quantity>0.000000</in_Quantity.quantity><out_Quantity.quantity>956.249137</out_Quantity.quantity></Point><Point><position>11132</position><in_Quantity.quantity>0.000000</in_Quantity.quantity><out_Quantity.quantity>324.782156</out_Quantity.quantity></Point><Point><position>11133</position><in_Quantity.quantity>0.000000</in_Quantity.quantity><out_Quantity.quantity>103.769424</out_Quantity.quantity></Point><Point><position>11134</position><in_Quantity.quantity>0.000000</in_Quantity.quantity><out_Quantity.quantity>277.742235</out_Quantity.quantity></Point><Point><position>11135</position><in_Quantity.quantity>0.000000</in_Quantity.quantity><out_Quantity.quantity>376.929279</out_Quantity.quantity></Point><Point><position>11136</position><in_Quantity.quantity>0.000000</in_Quantity.quantity><out_Quantity.quantity>770.618956</out_Quantity.quantity></Point><Point><position>11137</position><in_Quantity.quantity>0.000000</in_Quantity.quantity><out_Quantity.quantity>168.509992</out_Quantity.quantity></Point><Point><position>11138</position><in_Quantity.quantity>0.000000</in_Quantity.quantity><out_Quantity.quantity>329.224232</out_Quantity.quantity></Point><Point><position>11139</position><in_Quantity.quantity>0.000000</in_Quantity.quantity><out_Quantity.quantity>978.354699</out_Quantity.quantity></Point><Point><position>11140</position><in_Quantity.quantity>0.000000</in_Quantity.quantity><out_Quantity.quantity>983.932389</out_Quantity.quantity></Point><Point><position>11141</position><in_Quantity.quantity>0.000000</in_Quantity.quantity><out_Quantity.quantity>194.236967</out_Quantity.quantity></Point><Point><position>11142</position><in_Quantity.quantity>0.000000</in_Quantity.quantity><out_Quantity.quantity>535.591917</out_Quantity.quantity></Point><Point><position>11143</position><in_Quantity.quantity>0.000000</in_Quantity.quantity><out_Quantity.quantity>216.974779</out_Quantity.quantity></Point><Point><position>11144</position><in_Quantity.quantity>0.000000</in_Quantity.quantity><out_Quantity.quantity>889.688833</out_Quantity.quantity></Point><Point><position>11145</position><in_Quantity.quantity>0.000000</in_Quantity.quantity><out_Quantity.quantity>991.948039</out_Quantity.quantity></Point><Point><position>11146</position><in_Quantity.quantity>0.000000</in_Quantity.quantity><out_Quantity.quantity>511.938215</out_Quantity.quantity></Point><Point><position>11147</position><in_Quantity.quantity>0.000000</in_Quantity.quantity><out_Quantity.quantity>907.419328</out_Quantity.quantity></Point><Point><position>11148</position><in_Quantity.quantity>0.000000</in_Quantity.quantity><out_Quantity.quantity>339.652938</out_Quantity.quantity></Point><Point><position>11149</position><in_Quantity.quantity>0.000000</in_Quantity.quantity><out_Quantity.quantity>193.149123</out_Quantity.quantity></Point><Point><position>11150</position><in_Quantity.quantity>0.000000</in_Quantity.quantity><out_Quantity.quantity>867.264714</out_Quantity.quantity></Point><Point><position>11151</position><in_Quantity.quantity>0.000000</in_Quantity.quantity><out_Quantity.quantity>995.519425</out_Quantity.quantity></Point><Point><position>11152</position><in_Quantity.quantity>0.000000</in_Quantity.quantity><out_Quantity.quantity>488.340668</out_Quantity.quantity></Point><Point><position>11153</position><in_Quantity.quantity>0.000000</in_Quantity.quantity><out_Quantity.quantity>276.533792</out_Quantity.quantity></Point><Point><position>11154</position><in_Quantity.quantity>0.000000</in_Quantity.quantity><out_Quantity.quantity>451.392270</out_Quantity.quantity></Point><Point><position>11155</position><in_Quantity.quantity>0.000000</in_Quantity.quantity><out_Quantity.quantity>88.224483</out_Quantity.quantity></Point><Point><position>11156</position><in_Quantity.quantity>0.000000</in_Quantity.quantity><out_Quantity.quantity>558.748690</out_Quantity.quantity></Point><Point><position>11157</position><in_Quantity.quantity>0.000000</in_Quantity.quantity><out_Quantity.quantity>866.321196</out_Quantity.quantity></Point><Point><position>11158</position><in_Quantity.quantity>0.000000</in_Quantity.quantity><out_Quantity.quantity>125.625961</out_Quantity.quantity></Point><Point><position>11159</position><in_Quantity.quantity>0.000000</in_Quantity.quantity><out_Quantity.quantity>598.365354</out_Quantity.quantity></Point><Point><position>11160</position><in_Quantity.quantity>0.000000</in_Quantity.quantity><out_Quantity.quantity>375.592099</out_Quantity.quantity></Point><Point><position>11161</position><in_Quantity.quantity>0.000000</in_Quantity.quantity><out_Quantity.quantity>76.149232</out_Quantity.quantity></Point><Point><position>11162</position><in_Quantity.quantity>0.000000</in_Quantity.quantity><out_Quantity.quantity>593.912789</out_Quantity.quantity></Point><Point><position>11163</position><in_Quantity.quantity>0.000000</in_Quantity.quantity><out_Quantity.quantity>64.620060</out_Quantity.quantity></Point><Point><position>11164</position><in_Quantity.quantity>0.000000</in_Quantity.quantity><out_Quantity.quantity>646.807559</out_Quantity.quantity></Point><Point><position>11165</position><in_Quantity.quantity>0.000000</in_Quantity.quantity><out_Quantity.quantity>755.194485</out_Quantity.quantity></Point><Point><position>11166</position><in_Quantity.quantity>0.000000</in_Quantity.quantity><out_Quantity.quantity>678.935384</out_Quantity.quantity></Point><Point><position>11167</position><in_Quantity.quantity>0.000000</in_Quantity.quantity><out_Quantity.quantity>501.912996</out_Quantity.quantity></Point><Point><position>11168</position><in_Quantity.quantity>0.000000</in_Quantity.quantity><out_Quantity.quantity>807.071359</out_Quantity.quantity></Point><Point><position>11169</position><in_Quantity.quantity>0.000000</in_Quantity.quantity><out_Quantity.quantity>316.062720</out_Quantity.quantity></Point><Point><position>11170</position><in_Quantity.quantity>0.000000</in_Quantity.quantity><out_Quantity.quantity>349.736018</out_Quantity.quantity></Point><Point><position>11171</position><in_Quantity.quantity>0.000000</in_Quantity.quantity><out_Quantity.quantity>696.065821</out_Quantity.quantity></Point><Point><position>11172</position><in_Quantity.quantity>0.000000</in_Quantity.quantity><out_Quantity.quantity>196.069201</out_Quantity.quantity></Point><Point><position>11173</position><in_Quantity.quantity>0.000000</in_Quantity.quantity><out_Quantity.quantity>228.271175</out_Quantity.quantity></Point><Point><position>11174</position><in_Quantity.quantity>0.000000</in_Quantity.quantity><out_Quantity.quantity>727.929707</out_Quantity.quantity></Point><Point><position>11175</position><in_Quantity.quantity>0.000000</in_Quantity.quantity><out_Quantity.quantity>321.898710</out_Quantity.quantity></Point><Point><position>11176</position><in_Quantity.quantity>0.000000</in_Quantity.quantity><out_Quantity.quantity>675.086573</out_Quantity.quantity></Point><Point><position>11177</position><in_Quantity.quantity>0.000000</in_Quantity.quantity><out_Quantity.quantity>746.724081</out_Quantity.quantity></Point><Point><position>11178</position><in_Quantity.quantity>0.000000</in_Quantity.quantity><out_Quantity.quantity>54.125304</out_Quantity.quantity></Point><Point><position>11179</position><in_Quantity.quantity>0.000000</in_Quantity.quantity><out_Quantity.quantity>624.048520</out_Quantity.quantity></Point><Point><position>11180</position><in_Quantity.quantity>0.000000</in_Quantity.quantity><out_Quantity.quantity>307.315610</out_Quantity.quantity></Point><Point><position>11181</position><in_Quantity.quantity>0.000000</in_Quantity.quantity><out_Quantity.quantity>572.260597</out_Quantity.quantity></Point><Point><position>11182</position><in_Quantity.quantity>0.000000</in_Quantity.quantity><out_Quantity.quantity>763.853227</out_Quantity.quantity></Point><Point><position>11183</position><in_Quantity.quantity>0.000000</in_Quantity.quantity><out_Quantity.quantity>286.359896</out_Quantity.quantity></Point><Point><position>11184</position><in_Quantity.quantity>0.000000</in_Quantity.quantity><out_Quantity.quantity>804.334589</out_Quantity.quantity></Point><Point><position>11185</position><in_Quantity.quantity>0.000000</in_Quantity.quantity><out_Quantity.quantity>416.310625</out_Quantity.quantity></Point><Point><position>11186</position><in_Quantity.quantity>0.000000</in_Quantity.quantity><out_Quantity.quantity>102.895512</out_Quantity.quantity></Point><Point><position>11187</position><in_Quantity.quantity>0.000000</in_Quantity.quantity><out_Quantity.quantity>461.144393</out_Quantity.quantity></Point><Point><position>11188</position><in_Quantity.quantity>0.000000</in_Quantity.quantity><out_Quantity.quantity>942.753299</out_Quantity.quantity></Point><Point><position>11189</position><in_Quantity.quantity>0.000000</in_Quantity.quantity><out_Quantity.quantity>676.189945</out_Quantity.quantity></Point><Point><position>11190</position><in_Quantity.quantity>0.000000</in_Quantity.quantity><out_Quantity.quantity>947.659829</out_Quantity.quantity></Point><Point><position>11191</position><in_Quantity.quantity>0.000000</in_Quantity.quantity><out_Quantity.quantity>985.056774</out_Quantity.quantity></Point><Point><position>11192</position><in_Quantity.quantity>0.000000</in_Quantity.quantity><out_Quantity.quantity>66.121189</out_Quantity.quantity></Point><Point><position>11193</position><in_Quantity.quantity>0.000000</in_Quantity.quantity><out_Quantity.quantity>379.599875</out_Quantity.quantity></Point><Point><position>11194</position><in_Quantity.quantity>0.000000</in_Quantity.quantity><out_Quantity.quantity>754.227683</out_Quantity.quantity></Point><Point><position>11195</position><in_Quantity.quantity>0.000000</in_Quantity.quantity><out_Quantity.quantity>265.104055</out_Quantity.quantity></Point><Point><position>11196</position><in_Quantity.quantity>0.000000</in_Quantity.quantity><out_Quantity.quantity>164.113258</out_Quantity.quantity></Point><Point><position>11197</position><in_Quantity.quantity>0.000000</in_Quantity.quantity><out_Quantity.quantity>225.634353</out_Quantity.quantity></Point><Point><position>11198</position><in_Quantity.quantity>0.000000</in_Quantity.quantity><out_Quantity.quantity>280.262925</out_Quantity.quantity></Point><Point><position>11199</position><in_Quantity.quantity>0.000000</in_Quantity.quantity><out_Quantity.quantity>656.079161</out_Quantity.quantity></Point><Point><position>11200</position><in_Quantity.quantity>0.000000</in_Quantity.quantity><out_Quantity.quantity>562.452167</out_Quantity.quantity></Point><Point><position>11201</position><in_Quantity.quantity>0.000000</in_Quantity.quantity><out_Quantity.quantity>154.780923</out_Quantity.quantity></Point><Point><position>11202</position><in_Quantity.quantity>0.000000</in_Quantity.quantity><out_Quantity.quantity>440.515903</out_Quantity.quantity></Point><Point><position>11203</position><in_Quantity.quantity>0.000000</in_Quantity.quantity><out_Quantity.quantity>593.191551</out_Quantity.quantity></Point><Point><position>11204</position><in_Quantity.quantity>0.000000</in_Quantity.quantity><out_Quantity.quantity>965.645569</out_Quantity.quantity></Point><Point><position>11205</position><in_Quantity.quantity>0.000000</in_Quantity.quantity><out_Quantity.quantity>892.449223</out_Quantity.quantity></Point><Point><position>11206</position><in_Quantity.quantity>0.000000</in_Quantity.quantity><out_Quantity.quantity>201.379072</out_Quantity.quantity></Point><Point><position>11207</position><in_Quantity.quantity>0.000000</in_Quantity.quantity><out_Quantity.quantity>285.796705</out_Quantity.quantity></Point><Point><position>11208</position><in_Quantity.quantity>0.000000</in_Quantity.quantity><out_Quantity.quantity>101.917452</out_Quantity.quantity></Point><Point><position>11209</position><in_Quantity.quantity>0.000000</in_Quantity.quantity><out_Quantity.quantity>509.379629</out_Quantity.quantity></Point><Point><position>11210</position><in_Quantity.quantity>0.000000</in_Quantity.quantity><out_Quantity.quantity>46.060241</out_Quantity.quantity></Point><Point><position>11211</position><in_Quantity.quantity>0.000000</in_Quantity.quantity><out_Quantity.quantity>994.532326</out_Quantity.quantity></Point><Point><position>11212</position><in_Quantity.quantity>0.000000</in_Quantity.quantity><out_Quantity.quantity>227.907560</out_Quantity.quantity></Point><Point><position>11213</position><in_Quantity.quantity>0.000000</in_Quantity.quantity><out_Quantity.quantity>255.927558</out_Quantity.quantity></Point><Point><position>11214</position><in_Quantity.quantity>0.000000</in_Quantity.quantity><out_Quantity.quantity>234.346236</out_Quantity.quantity></Point><Point><position>11215</position><in_Quantity.quantity>0.000000</in_Quantity.quantity><out_Quantity.quantity>907.512637</out_Quantity.quantity></Point><Point><position>11216</position><in_Quantity.quantity>0.000000</in_Quantity.quantity><out_Quantity.quantity>483.989907</out_Quantity.quantity></Point><Point><position>11217</position><in_Quantity.quantity>0.000000</in_Quantity.quantity><out_Quantity.quantity>659.537794</out_Quantity.quantity></Point><Point><position>11218</position><in_Quantity.quantity>0.000000</in_Quantity.quantity><out_Quantity.quantity>16.536487</out_Quantity.quantity></Point><Point><position>11219</position><in_Quantity.quantity>0.000000</in_Quantity.quantity><out_Quantity.quantity>37.738446</out_Quantity.quantity></Point><Point><position>11220</position><in_Quantity.quantity>0.000000</in_Quantity.quantity><out_Quantity.quantity>551.130456</out_Quantity.quantity></Point><Point><position>11221</position><in_Quantity.quantity>0.000000</in_Quantity.quantity><out_Quantity.quantity>185.458604</out_Quantity.quantity></Point><Point><position>11222</position><in_Quantity.quantity>0.000000</in_Quantity.quantity><out_Quantity.quantity>981.765841</out_Quantity.quantity></Point><Point><position>11223</position><in_Quantity.quantity>0.000000</in_Quantity.quantity><out_Quantity.quantity>435.225035</out_Quantity.quantity></Point><Point><position>11224</position><in_Quantity.quantity>0.000000</in_Quantity.quantity><out_Quantity.quantity>747.115879</out_Quantity.quantity></Point><Point><position>11225</position><in_Quantity.quantity>0.000000</in_Quantity.quantity><out_Quantity.quantity>308.524983</out_Quantity.quantity></Point><Point><position>11226</position><in_Quantity.quantity>0.000000</in_Quantity.quantity><out_Quantity.quantity>801.425849</out_Quantity.quantity></Point><Point><position>11227</position><in_Quantity.quantity>0.000000</in_Quantity.quantity><out_Quantity.quantity>978.209793</out_Quantity.quantity></Point><Point><position>11228</position><in_Quantity.quantity>0.000000</in_Quantity.quantity><out_Quantity.quantity>597.158902</out_Quantity.quantity></Point><Point><position>11229</position><in_Quantity.quantity>0.000000</in_Quantity.quantity><out_Quantity.quantity>875.772987</out_Quantity.quantity></Point><Point><position>11230</position><in_Quantity.quantity>0.000000</in_Quantity.quantity><out_Quantity.quantity>625.058851</out_Quantity.quantity></Point><Point><position>11231</position><in_Quantity.quantity>0.000000</in_Quantity.quantity><out_Quantity.quantity>841.499688</out_Quantity.quantity></Point><Point><position>11232</position><in_Quantity.quantity>0.000000</in_Quantity.quantity><out_Quantity.quantity>156.503115</out_Quantity.quantity></Point><Point><position>11233</position><in_Quantity.quantity>0.000000</in_Quantity.quantity><out_Quantity.quantity>139.205947</out_Quantity.quantity></Point><Point><position>11234</position><in_Quantity.quantity>0.000000</in_Quantity.quantity><out_Quantity.quantity>961.166624</out_Quantity.quantity></Point><Point><position>11235</position><in_Quantity.quantity>0.000000</in_Quantity.quantity><out_Quantity.quantity>3.269850</out_Quantity.quantity></Point><Point><position>11236</position><in_Quantity.quantity>0.000000</in_Quantity.quantity><out_Quantity.quantity>976.906416</out_Quantity.quantity></Point><Point><position>11237</position><in_Quantity.quantity>0.000000</in_Quantity.quantity><out_Quantity.quantity>344.837118</out_Quantity.quantity></Point><Point><position>11238</position><in_Quantity.quantity>0.000000</in_Quantity.quantity><out_Quantity.quantity>181.077346</out_Quantity.quantity></Point><Point><position>11239</position><in_Quantity.quantity>0.000000</in_Quantity.quantity><out_Quantity.quantity>436.286368</out_Quantity.quantity></Point><Point><position>11240</position><in_Quantity.quantity>0.000000</in_Quantity.quantity><out_Quantity.quantity>224.919447</out_Quantity.quantity></Point><Point><position>11241</position><in_Quantity.quantity>0.000000</in_Quantity.quantity><out_Quantity.quantity>10.974106</out_Quantity.quantity></Point><Point><position>11242</position><in_Quantity.quantity>0.000000</in_Quantity.quantity><out_Quantity.quantity>689.941119</out_Quantity.quantity></Point><Point><position>11243</position><in_Quantity.quantity>0.000000</in_Quantity.quantity><out_Quantity.quantity>821.243627</out_Quantity.quantity></Point><Point><position>11244</position><in_Quantity.quantity>0.000000</in_Quantity.quantity><out_Quantity.quantity>473.346235</out_Quantity.quantity></Point><Point><position>11245</position><in_Quantity.quantity>0.000000</in_Quantity.quantity><out_Quantity.quantity>356.002164</out_Quantity.quantity></Point><Point><position>11246</position><in_Quantity.quantity>0.000000</in_Quantity.quantity><out_Quantity.quantity>341.612640</out_Quantity.quantity></Point><Point><position>11247</position><in_Quantity.quantity>0.000000</in_Quantity.quantity><out_Quantity.quantity>678.145703</out_Quantity.quantity></Point><Point><position>11248</position><in_Quantity.quantity>0.000000</in_Quantity.quantity><out_Quantity.quantity>95.050444</out_Quantity.quantity></Point><Point><position>11249</position><in_Quantity.quantity>0.000000</in_Quantity.quantity><out_Quantity.quantity>808.337702</out_Quantity.quantity></Point><Point><position>11250</position><in_Quantity.quantity>0.000000</in_Quantity.quantity><out_Quantity.quantity>930.329588</out_Quantity.quantity></Point><Point><position>11251</position><in_Quantity.quantity>0.000000</in_Quantity.quantity><out_Quantity.quantity>780.339409</out_Quantity.quantity></Point><Point><position>11252</position><in_Quantity.quantity>0.000000</in_Quantity.quantity><out_Quantity.quantity>809.032014</out_Quantity.quantity></Point><Point><position>11253</position><in_Quantity.quantity>0.000000</in_Quantity.quantity><out_Quantity.quantity>544.016515</out_Quantity.quantity></Point><Point><position>11254</position><in_Quantity.quantity>0.000000</in_Quantity.quantity><out_Quantity.quantity>214.525690</out_Quantity.quantity></Point><Point><position>11255</position><in_Quantity.quantity>0.000000</in_Quantity.quantity><out_Quantity.quantity>654.956313</out_Quantity.quantity></Point><Point><position>11256</position><in_Quantity.quantity>0.000000</in_Quantity.quantity><out_Quantity.quantity>27.353760</out_Quantity.quantity></Point><Point><position>11257</position><in_Quantity.quantity>0.000000</in_Quantity.quantity><out_Quantity.quantity>625.496645</out_Quantity.quantity></Point><Point><position>11258</position><in_Quantity.quantity>0.000000</in_Quantity.quantity><out_Quantity.quantity>668.395857</out_Quantity.quantity></Point><Point><position>11259</position><in_Quantity.quantity>0.000000</in_Quantity.quantity><out_Quantity.quantity>784.473501</out_Quantity.quantity></Point><Point><position>11260</position><in_Quantity.quantity>0.000000</in_Quantity.quantity><out_Quantity.quantity>479.642199</out_Quantity.quantity></Point><Point><position>11261</position><in_Quantity.quantity>0.000000</in_Quantity.quantity><out_Quantity.quantity>59.031310</out_Quantity.quantity></Point><Point><position>11262</position><in_Quantity.quantity>0.000000</in_Quantity.quantity><out_Quantity.quantity>883.910752</out_Quantity.quantity></Point><Point><position>11263</position><in_Quantity.quantity>0.000000</in_Quantity.quantity><out_Quantity.quantity>303.015685</out_Quantity.quantity></Point><Point><position>11264</position><in_Quantity.quantity>0.000000</in_Quantity.quantity><out_Quantity.quantity>28.340659</out_Quantity.quantity></Point><Point><position>11265</position><in_Quantity.quantity>0.000000</in_Quantity.quantity><out_Quantity.quantity>415.798235</out_Quantity.quantity></Point><Point><position>11266</position><in_Quantity.quantity>0.000000</in_Quantity.quantity><out_Quantity.quantity>238.446873</out_Quantity.quantity></Point><Point><position>11267</position><in_Quantity.quantity>0.000000</in_Quantity.quantity><out_Quantity.quantity>363.430176</out_Quantity.quantity></Point><Point><position>11268</position><in_Quantity.quantity>0.000000</in_Quantity.quantity><out_Quantity.quantity>262.213360</out_Quantity.quantity></Point><Point><position>11269</position><in_Quantity.quantity>0.000000</in_Quantity.quantity><out_Quantity.quantity>55.847496</out_Quantity.quantity></Point><Point><position>11270</position><in_Quantity.quantity>0.000000</in_Quantity.quantity><out_Quantity.quantity>180.304831</out_Quantity.quantity></Point><Point><position>11271</position><in_Quantity.quantity>0.000000</in_Quantity.quantity><out_Quantity.quantity>794.875208</out_Quantity.quantity></Point><Point><position>11272</position><in_Quantity.quantity>0.000000</in_Quantity.quantity><out_Quantity.quantity>17.048657</out_Quantity.quantity></Point><Point><position>11273</position><in_Quantity.quantity>0.000000</in_Quantity.quantity><out_Quantity.quantity>568.886473</out_Quantity.quantity></Point><Point><position>11274</position><in_Quantity.quantity>0.000000</in_Quantity.quantity><out_Quantity.quantity>72.791133</out_Quantity.quantity></Point><Point><position>11275</position><in_Quantity.quantity>0.000000</in_Quantity.quantity><out_Quantity.quantity>196.812298</out_Quantity.quantity></Point><Point><position>11276</position><in_Quantity.quantity>0.000000</in_Quantity.quantity><out_Quantity.quantity>835.351943</out_Quantity.quantity></Point><Point><position>11277</position><in_Quantity.quantity>0.000000</in_Quantity.quantity><out_Quantity.quantity>723.704364</out_Quantity.quantity></Point><Point><position>11278</position><in_Quantity.quantity>0.000000</in_Quantity.quantity><out_Quantity.quantity>541.070577</out_Quantity.quantity></Point><Point><position>11279</position><in_Quantity.quantity>0.000000</in_Quantity.quantity><out_Quantity.quantity>351.941308</out_Quantity.quantity></Point><Point><position>11280</position><in_Quantity.quantity>0.000000</in_Quantity.quantity><out_Quantity.quantity>183.483954</out_Quantity.quantity></Point><Point><position>11281</position><in_Quantity.quantity>0.000000</in_Quantity.quantity><out_Quantity.quantity>523.477103</out_Quantity.quantity></Point><Point><position>11282</position><in_Quantity.quantity>0.000000</in_Quantity.quantity><out_Quantity.quantity>839.819020</out_Quantity.quantity></Point><Point><position>11283</position><in_Quantity.quantity>0.000000</in_Quantity.quantity><out_Quantity.quantity>29.524206</out_Quantity.quantity></Point><Point><position>11284</position><in_Quantity.quantity>0.000000</in_Quantity.quantity><out_Quantity.quantity>527.488869</out_Quantity.quantity></Point><Point><position>11285</position><in_Quantity.quantity>0.000000</in_Quantity.quantity><out_Quantity.quantity>149.756810</out_Quantity.quantity></Point><Point><position>11286</position><in_Quantity.quantity>0.000000</in_Quantity.quantity><out_Quantity.quantity>986.371844</out_Quantity.quantity></Point><Point><position>11287</position><in_Quantity.quantity>0.000000</in_Quantity.quantity><out_Quantity.quantity>165.638886</out_Quantity.quantity></Point><Point><position>11288</position><in_Quantity.quantity>0.000000</in_Quantity.quantity><out_Quantity.quantity>551.255951</out_Quantity.quantity></Point><Point><position>11289</position><in_Quantity.quantity>0.000000</in_Quantity.quantity><out_Quantity.quantity>652.564816</out_Quantity.quantity></Point><Point><position>11290</position><in_Quantity.quantity>0.000000</in_Quantity.quantity><out_Quantity.quantity>389.347489</out_Quantity.quantity></Point><Point><position>11291</position><in_Quantity.quantity>0.000000</in_Quantity.quantity><out_Quantity.quantity>201.423592</out_Quantity.quantity></Point><Point><position>11292</position><in_Quantity.quantity>0.000000</in_Quantity.quantity><out_Quantity.quantity>891.402077</out_Quantity.quantity></Point><Point><position>11293</position><in_Quantity.quantity>0.000000</in_Quantity.quantity><out_Quantity.quantity>469.137673</out_Quantity.quantity></Point><Point><position>11294</position><in_Quantity.quantity>0.000000</in_Quantity.quantity><out_Quantity.quantity>745.119657</out_Quantity.quantity></Point><Point><position>11295</position><in_Quantity.quantity>0.000000</in_Quantity.quantity><out_Quantity.quantity>912.114324</out_Quantity.quantity></Point><Point><position>11296</position><in_Quantity.quantity>0.000000</in_Quantity.quantity><out_Quantity.quantity>808.571129</out_Quantity.quantity></Point><Point><position>11297</position><in_Quantity.quantity>0.000000</in_Quantity.quantity><out_Quantity.quantity>535.881863</out_Quantity.quantity></Point><Point><position>11298</position><in_Quantity.quantity>0.000000</in_Quantity.quantity><out_Quantity.quantity>142.198025</out_Quantity.quantity></Point><Point><position>11299</position><in_Quantity.quantity>0.000000</in_Quantity.quantity><out_Quantity.quantity>555.049520</out_Quantity.quantity></Point><Point><position>11300</position><in_Quantity.quantity>0.000000</in_Quantity.quantity><out_Quantity.quantity>966.966674</out_Quantity.quantity></Point><Point><position>11301</position><in_Quantity.quantity>0.000000</in_Quantity.quantity><out_Quantity.quantity>181.014169</out_Quantity.quantity></Point><Point><position>11302</position><in_Quantity.quantity>0.000000</in_Quantity.quantity><out_Quantity.quantity>493.652103</out_Quantity.quantity></Point><Point><position>11303</position><in_Quantity.quantity>0.000000</in_Quantity.quantity><out_Quantity.quantity>568.760260</out_Quantity.quantity></Point><Point><position>11304</position><in_Quantity.quantity>0.000000</in_Quantity.quantity><out_Quantity.quantity>823.060081</out_Quantity.quantity></Point><Point><position>11305</position><in_Quantity.quantity>0.000000</in_Quantity.quantity><out_Quantity.quantity>672.412913</out_Quantity.quantity></Point><Point><position>11306</position><in_Quantity.quantity>0.000000</in_Quantity.quantity><out_Quantity.quantity>84.248317</out_Quantity.quantity></Point><Point><position>11307</position><in_Quantity.quantity>0.000000</in_Quantity.quantity><out_Quantity.quantity>358.358793</out_Quantity.quantity></Point><Point><position>11308</position><in_Quantity.quantity>0.000000</in_Quantity.quantity><out_Quantity.quantity>991.944381</out_Quantity.quantity></Point><Point><position>11309</position><in_Quantity.quantity>0.000000</in_Quantity.quantity><out_Quantity.quantity>315.343008</out_Quantity.quantity></Point><Point><position>11310</position><in_Quantity.quantity>0.000000</in_Quantity.quantity><out_Quantity.quantity>762.327425</out_Quantity.quantity></Point><Point><position>11311</position><in_Quantity.quantity>0.000000</in_Quantity.quantity><out_Quantity.quantity>747.481087</out_Quantity.quantity></Point><Point><position>11312</position><in_Quantity.quantity>0.000000</in_Quantity.quantity><out_Quantity.quantity>448.304316</out_Quantity.quantity></Point><Point><position>11313</position><in_Quantity.quantity>0.000000</in_Quantity.quantity><out_Quantity.quantity>233.942391</out_Quantity.quantity></Point><Point><position>11314</position><in_Quantity.quantity>0.000000</in_Quantity.quantity><out_Quantity.quantity>436.080735</out_Quantity.quantity></Point><Point><position>11315</position><in_Quantity.quantity>0.000000</in_Quantity.quantity><out_Quantity.quantity>287.866783</out_Quantity.quantity></Point><Point><position>11316</position><in_Quantity.quantity>0.000000</in_Quantity.quantity><out_Quantity.quantity>964.586649</out_Quantity.quantity></Point><Point><position>11317</position><in_Quantity.quantity>0.000000</in_Quantity.quantity><out_Quantity.quantity>665.865413</out_Quantity.quantity></Point><Point><position>11318</position><in_Quantity.quantity>0.000000</in_Quantity.quantity><out_Quantity.quantity>890.445578</out_Quantity.quantity></Point><Point><position>11319</position><in_Quantity.quantity>0.000000</in_Quantity.quantity><out_Quantity.quantity>626.869528</out_Quantity.quantity></Point><Point><position>11320</position><in_Quantity.quantity>0.000000</in_Quantity.quantity><out_Quantity.quantity>942.132670</out_Quantity.quantity></Point><Point><position>11321</position><in_Quantity.quantity>0.000000</in_Quantity.quantity><out_Quantity.quantity>563.586789</out_Quantity.quantity></Point><Point><position>11322</position><in_Quantity.quantity>0.000000</in_Quantity.quantity><out_Quantity.quantity>823.943105</out_Quantity.quantity></Point><Point><position>11323</position><in_Quantity.quantity>0.000000</in_Quantity.quantity><out_Quantity.quantity>86.935321</out_Quantity.quantity></Point><Point><position>11324</position><in_Quantity.quantity>0.000000</in_Quantity.quantity><out_Quantity.quantity>453.566447</out_Quantity.quantity></Point><Point><position>11325</position><in_Quantity.quantity>0.000000</in_Quantity.quantity><out_Quantity.quantity>852.479946</out_Quantity.quantity></Point><Point><position>11326</position><in_Quantity.quantity>0.000000</in_Quantity.quantity><out_Quantity.quantity>175.819496</out_Quantity.quantity></Point><Point><position>11327</position><in_Quantity.quantity>0.000000</in_Quantity.quantity><out_Quantity.quantity>627.470371</out_Quantity.quantity></Point><Point><position>11328</position><in_Quantity.quantity>0.000000</in_Quantity.quantity><out_Quantity.quantity>282.143303</out_Quantity.quantity></Point><Point><position>11329</position><in_Quantity.quantity>0.000000</in_Quantity.quantity><out_Quantity.quantity>662.392067</out_Quantity.quantity></Point><Point><position>11330</position><in_Quantity.quantity>0.000000</in_Quantity.quantity><out_Quantity.quantity>467.281206</out_Quantity.quantity></Point><Point><position>11331</position><in_Quantity.quantity>0.000000</in_Quantity.quantity><out_Quantity.quantity>481.267169</out_Quantity.quantity></Point><Point><position>11332</position><in_Quantity.quantity>0.000000</in_Quantity.quantity><out_Quantity.quantity>704.217350</out_Quantity.quantity></Point><Point><position>11333</position><in_Quantity.quantity>0.000000</in_Quantity.quantity><out_Quantity.quantity>254.467243</out_Quantity.quantity></Point><Point><position>11334</position><in_Quantity.quantity>0.000000</in_Quantity.quantity><out_Quantity.quantity>78.314058</out_Quantity.quantity></Point><Point><position>11335</position><in_Quantity.quantity>0.000000</in_Quantity.quantity><out_Quantity.quantity>571.602424</out_Quantity.quantity></Point><Point><position>11336</position><in_Quantity.quantity>0.000000</in_Quantity.quantity><out_Quantity.quantity>286.047301</out_Quantity.quantity></Point><Point><position>11337</position><in_Quantity.quantity>0.000000</in_Quantity.quantity><out_Quantity.quantity>403.874117</out_Quantity.quantity></Point><Point><position>11338</position><in_Quantity.quantity>0.000000</in_Quantity.quantity><out_Quantity.quantity>245.916312</out_Quantity.quantity></Point><Point><position>11339</position><in_Quantity.quantity>0.000000</in_Quantity.quantity><out_Quantity.quantity>49.641959</out_Quantity.quantity></Point><Point><position>11340</position><in_Quantity.quantity>0.000000</in_Quantity.quantity><out_Quantity.quantity>586.630773</out_Quantity.quantity></Point><Point><position>11341</position><in_Quantity.quantity>0.000000</in_Quantity.quantity><out_Quantity.quantity>424.823624</out_Quantity.quantity></Point><Point><position>11342</position><in_Quantity.quantity>0.000000</in_Quantity.quantity><out_Quantity.quantity>279.639330</out_Quantity.quantity></Point><Point><position>11343</position><in_Quantity.quantity>0.000000</in_Quantity.quantity><out_Quantity.quantity>311.605982</out_Quantity.quantity></Point><Point><position>11344</position><in_Quantity.quantity>0.000000</in_Quantity.quantity><out_Quantity.quantity>122.107463</out_Quantity.quantity></Point><Point><position>11345</position><in_Quantity.quantity>0.000000</in_Quantity.quantity><out_Quantity.quantity>325.500444</out_Quantity.quantity></Point><Point><position>11346</position><in_Quantity.quantity>0.000000</in_Quantity.quantity><out_Quantity.quantity>438.372166</out_Quantity.quantity></Point><Point><position>11347</position><in_Quantity.quantity>0.000000</in_Quantity.quantity><out_Quantity.quantity>227.314146</out_Quantity.quantity></Point><Point><position>11348</position><in_Quantity.quantity>0.000000</in_Quantity.quantity><out_Quantity.quantity>350.406057</out_Quantity.quantity></Point><Point><position>11349</position><in_Quantity.quantity>0.000000</in_Quantity.quantity><out_Quantity.quantity>983.648169</out_Quantity.quantity></Point><Point><position>11350</position><in_Quantity.quantity>0.000000</in_Quantity.quantity><out_Quantity.quantity>614.655413</out_Quantity.quantity></Point><Point><position>11351</position><in_Quantity.quantity>0.000000</in_Quantity.quantity><out_Quantity.quantity>70.066396</out_Quantity.quantity></Point><Point><position>11352</position><in_Quantity.quantity>0.000000</in_Quantity.quantity><out_Quantity.quantity>578.265438</out_Quantity.quantity></Point><Point><position>11353</position><in_Quantity.quantity>0.000000</in_Quantity.quantity><out_Quantity.quantity>457.236629</out_Quantity.quantity></Point><Point><position>11354</position><in_Quantity.quantity>0.000000</in_Quantity.quantity><out_Quantity.quantity>610.037030</out_Quantity.quantity></Point><Point><position>11355</position><in_Quantity.quantity>0.000000</in_Quantity.quantity><out_Quantity.quantity>268.354424</out_Quantity.quantity></Point><Point><position>11356</position><in_Quantity.quantity>0.000000</in_Quantity.quantity><out_Quantity.quantity>153.836720</out_Quantity.quantity></Point><Point><position>11357</position><in_Quantity.quantity>0.000000</in_Quantity.quantity><out_Quantity.quantity>525.675722</out_Quantity.quantity></Point><Point><position>11358</position><in_Quantity.quantity>0.000000</in_Quantity.quantity><out_Quantity.quantity>856.295174</out_Quantity.quantity></Point><Point><position>11359</position><in_Quantity.quantity>0.000000</in_Quantity.quantity><out_Quantity.quantity>15.516100</out_Quantity.quantity></Point><Point><position>11360</position><in_Quantity.quantity>0.000000</in_Quantity.quantity><out_Quantity.quantity>108.612108</out_Quantity.quantity></Point><Point><position>11361</position><in_Quantity.quantity>0.000000</in_Quantity.quantity><out_Quantity.quantity>884.987642</out_Quantity.quantity></Point><Point><position>11362</position><in_Quantity.quantity>0.000000</in_Quantity.quantity><out_Quantity.quantity>570.762859</out_Quantity.quantity></Point><Point><position>11363</position><in_Quantity.quantity>0.000000</in_Quantity.quantity><out_Quantity.quantity>518.407323</out_Quantity.quantity></Point><Point><position>11364</position><in_Quantity.quantity>0.000000</in_Quantity.quantity><out_Quantity.quantity>30.347494</out_Quantity.quantity></Point><Point><position>11365</position><in_Quantity.quantity>0.000000</in_Quantity.quantity><out_Quantity.quantity>920.178168</out_Quantity.quantity></Point><Point><position>11366</position><in_Quantity.quantity>0.000000</in_Quantity.quantity><out_Quantity.quantity>941.115202</out_Quantity.quantity></Point><Point><position>11367</position><in_Quantity.quantity>0.000000</in_Quantity.quantity><out_Quantity.quantity>45.381821</out_Quantity.quantity></Point><Point><position>11368</position><in_Quantity.quantity>0.000000</in_Quantity.quantity><out_Quantity.quantity>553.239342</out_Quantity.quantity></Point><Point><position>11369</position><in_Quantity.quantity>0.000000</in_Quantity.quantity><out_Quantity.quantity>53.935024</out_Quantity.quantity></Point><Point><position>11370</position><in_Quantity.quantity>0.000000</in_Quantity.quantity><out_Quantity.quantity>342.985221</out_Quantity.quantity></Point><Point><position>11371</position><in_Quantity.quantity>0.000000</in_Quantity.quantity><out_Quantity.quantity>997.116122</out_Quantity.quantity></Point><Point><position>11372</position><in_Quantity.quantity>0.000000</in_Quantity.quantity><out_Quantity.quantity>801.015344</out_Quantity.quantity></Point><Point><position>11373</position><in_Quantity.quantity>0.000000</in_Quantity.quantity><out_Quantity.quantity>524.462169</out_Quantity.quantity></Point><Point><position>11374</position><in_Quantity.quantity>0.000000</in_Quantity.quantity><out_Quantity.quantity>726.315486</out_Quantity.quantity></Point><Point><position>11375</position><in_Quantity.quantity>0.000000</in_Quantity.quantity><out_Quantity.quantity>783.433698</out_Quantity.quantity></Point><Point><position>11376</position><in_Quantity.quantity>0.000000</in_Quantity.quantity><out_Quantity.quantity>932.522201</out_Quantity.quantity></Point><Point><position>11377</position><in_Quantity.quantity>0.000000</in_Quantity.quantity><out_Quantity.quantity>103.560913</out_Quantity.quantity></Point><Point><position>11378</position><in_Quantity.quantity>0.000000</in_Quantity.quantity><out_Quantity.quantity>216.041194</out_Quantity.quantity></Point><Point><position>11379</position><in_Quantity.quantity>0.000000</in_Quantity.quantity><out_Quantity.quantity>117.195316</out_Quantity.quantity></Point><Point><position>11380</position><in_Quantity.quantity>0.000000</in_Quantity.quantity><out_Quantity.quantity>896.297776</out_Quantity.quantity></Point><Point><position>11381</position><in_Quantity.quantity>0.000000</in_Quantity.quantity><out_Quantity.quantity>183.510093</out_Quantity.quantity></Point><Point><position>11382</position><in_Quantity.quantity>0.000000</in_Quantity.quantity><out_Quantity.quantity>79.868212</out_Quantity.quantity></Point><Point><position>11383</position><in_Quantity.quantity>0.000000</in_Quantity.quantity><out_Quantity.quantity>691.656222</out_Quantity.quantity></Point><Point><position>11384</position><in_Quantity.quantity>0.000000</in_Quantity.quantity><out_Quantity.quantity>931.346885</out_Quantity.quantity></Point><Point><position>11385</position><in_Quantity.quantity>0.000000</in_Quantity.quantity><out_Quantity.quantity>375.087934</out_Quantity.quantity></Point><Point><position>11386</position><in_Quantity.quantity>0.000000</in_Quantity.quantity><out_Quantity.quantity>297.089178</out_Quantity.quantity></Point><Point><position>11387</position><in_Quantity.quantity>0.000000</in_Quantity.quantity><out_Quantity.quantity>259.494418</out_Quantity.quantity></Point><Point><position>11388</position><in_Quantity.quantity>0.000000</in_Quantity.quantity><out_Quantity.quantity>720.260514</out_Quantity.quantity></Point><Point><position>11389</position><in_Quantity.quantity>0.000000</in_Quantity.quantity><out_Quantity.quantity>628.738561</out_Quantity.quantity></Point><Point><position>11390</position><in_Quantity.quantity>0.000000</in_Quantity.quantity><out_Quantity.quantity>838.388765</out_Quantity.quantity></Point><Point><position>11391</position><in_Quantity.quantity>0.000000</in_Quantity.quantity><out_Quantity.quantity>126.814339</out_Quantity.quantity></Point><Point><position>11392</position><in_Quantity.quantity>0.000000</in_Quantity.quantity><out_Quantity.quantity>63.364458</out_Quantity.quantity></Point><Point><position>11393</position><in_Quantity.quantity>0.000000</in_Quantity.quantity><out_Quantity.quantity>897.731112</out_Quantity.quantity></Point><Point><position>11394</position><in_Quantity.quantity>0.000000</in_Quantity.quantity><out_Quantity.quantity>780.849764</out_Quantity.quantity></Point><Point><position>11395</position><in_Quantity.quantity>0.000000</in_Quantity.quantity><out_Quantity.quantity>73.530199</out_Quantity.quantity></Point><Point><position>11396</position><in_Quantity.quantity>0.000000</in_Quantity.quantity><out_Quantity.quantity>132.416581</out_Quantity.quantity></Point><Point><position>11397</position><in_Quantity.quantity>0.000000</in_Quantity.quantity><out_Quantity.quantity>309.490125</out_Quantity.quantity></Point><Point><position>11398</position><in_Quantity.quantity>0.000000</in_Quantity.quantity><out_Quantity.quantity>317.156950</out_Quantity.quantity></Point><Point><position>11399</position><in_Quantity.quantity>0.000000</in_Quantity.quantity><out_Quantity.quantity>866.633474</out_Quantity.quantity></Point><Point><position>11400</position><in_Quantity.quantity>0.000000</in_Quantity.quantity><out_Quantity.quantity>511.860108</out_Quantity.quantity></Point><Point><position>11401</position><in_Quantity.quantity>0.000000</in_Quantity.quantity><out_Quantity.quantity>47.355482</out_Quantity.quantity></Point><Point><position>11402</position><in_Quantity.quantity>0.000000</in_Quantity.quantity><out_Quantity.quantity>938.040731</out_Quantity.quantity></Point><Point><position>11403</position><in_Quantity.quantity>0.000000</in_Quantity.quantity><out_Quantity.quantity>700.849697</out_Quantity.quantity></Point><Point><position>11404</position><in_Quantity.quantity>0.000000</in_Quantity.quantity><out_Quantity.quantity>757.486190</out_Quantity.quantity></Point><Point><position>11405</position><in_Quantity.quantity>0.000000</in_Quantity.quantity><out_Quantity.quantity>233.897821</out_Quantity.quantity></Point><Point><position>11406</position><in_Quantity.quantity>0.000000</in_Quantity.quantity><out_Quantity.quantity>786.767988</out_Quantity.quantity></Point><Point><position>11407</position><in_Quantity.quantity>0.000000</in_Quantity.quantity><out_Quantity.quantity>883.531027</out_Quantity.quantity></Point><Point><position>11408</position><in_Quantity.quantity>0.000000</in_Quantity.quantity><out_Quantity.quantity>859.629386</out_Quantity.quantity></Point><Point><position>11409</position><in_Quantity.quantity>0.000000</in_Quantity.quantity><out_Quantity.quantity>38.469874</out_Quantity.quantity></Point><Point><position>11410</position><in_Quantity.quantity>0.000000</in_Quantity.quantity><out_Quantity.quantity>729.685169</out_Quantity.quantity></Point><Point><position>11411</position><in_Quantity.quantity>0.000000</in_Quantity.quantity><out_Quantity.quantity>451.863052</out_Quantity.quantity></Point><Point><position>11412</position><in_Quantity.quantity>0.000000</in_Quantity.quantity><out_Quantity.quantity>494.856737</out_Quantity.quantity></Point><Point><position>11413</position><in_Quantity.quantity>0.000000</in_Quantity.quantity><out_Quantity.quantity>494.484473</out_Quantity.quantity></Point><Point><position>11414</position><in_Quantity.quantity>0.000000</in_Quantity.quantity><out_Quantity.quantity>437.179391</out_Quantity.quantity></Point><Point><position>11415</position><in_Quantity.quantity>0.000000</in_Quantity.quantity><out_Quantity.quantity>53.083611</out_Quantity.quantity></Point><Point><position>11416</position><in_Quantity.quantity>0.000000</in_Quantity.quantity><out_Quantity.quantity>912.016215</out_Quantity.quantity></Point><Point><position>11417</position><in_Quantity.quantity>0.000000</in_Quantity.quantity><out_Quantity.quantity>68.501818</out_Quantity.quantity></Point><Point><position>11418</position><in_Quantity.quantity>0.000000</in_Quantity.quantity><out_Quantity.quantity>223.294731</out_Quantity.quantity></Point><Point><position>11419</position><in_Quantity.quantity>0.000000</in_Quantity.quantity><out_Quantity.quantity>697.394042</out_Quantity.quantity></Point><Point><position>11420</position><in_Quantity.quantity>0.000000</in_Quantity.quantity><out_Quantity.quantity>334.414831</out_Quantity.quantity></Point><Point><position>11421</position><in_Quantity.quantity>0.000000</in_Quantity.quantity><out_Quantity.quantity>516.955274</out_Quantity.quantity></Point><Point><position>11422</position><in_Quantity.quantity>0.000000</in_Quantity.quantity><out_Quantity.quantity>837.863416</out_Quantity.quantity></Point><Point><position>11423</position><in_Quantity.quantity>0.000000</in_Quantity.quantity><out_Quantity.quantity>892.987407</out_Quantity.quantity></Point><Point><position>11424</position><in_Quantity.quantity>0.000000</in_Quantity.quantity><out_Quantity.quantity>106.279062</out_Quantity.quantity></Point><Point><position>11425</position><in_Quantity.quantity>0.000000</in_Quantity.quantity><out_Quantity.quantity>406.098739</out_Quantity.quantity></Point><Point><position>11426</position><in_Quantity.quantity>0.000000</in_Quantity.quantity><out_Quantity.quantity>158.321538</out_Quantity.quantity></Point><Point><position>11427</position><in_Quantity.quantity>0.000000</in_Quantity.quantity><out_Quantity.quantity>506.808897</out_Quantity.quantity></Point><Point><position>11428</position><in_Quantity.quantity>0.000000</in_Quantity.quantity><out_Quantity.quantity>823.474800</out_Quantity.quantity></Point><Point><position>11429</position><in_Quantity.quantity>0.000000</in_Quantity.quantity><out_Quantity.quantity>349.545100</out_Quantity.quantity></Point><Point><position>11430</position><in_Quantity.quantity>0.000000</in_Quantity.quantity><out_Quantity.quantity>850.743319</out_Quantity.quantity></Point><Point><position>11431</position><in_Quantity.quantity>0.000000</in_Quantity.quantity><out_Quantity.quantity>797.945545</out_Quantity.quantity></Point><Point><position>11432</position><in_Quantity.quantity>0.000000</in_Quantity.quantity><out_Quantity.quantity>713.301584</out_Quantity.quantity></Point><Point><position>11433</position><in_Quantity.quantity>0.000000</in_Quantity.quantity><out_Quantity.quantity>611.967813</out_Quantity.quantity></Point><Point><position>11434</position><in_Quantity.quantity>0.000000</in_Quantity.quantity><out_Quantity.quantity>570.001857</out_Quantity.quantity></Point><Point><position>11435</position><in_Quantity.quantity>0.000000</in_Quantity.quantity><out_Quantity.quantity>956.176876</out_Quantity.quantity></Point><Point><position>11436</position><in_Quantity.quantity>0.000000</in_Quantity.quantity><out_Quantity.quantity>773.269676</out_Quantity.quantity></Point><Point><position>11437</position><in_Quantity.quantity>0.000000</in_Quantity.quantity><out_Quantity.quantity>234.800019</out_Quantity.quantity></Point><Point><position>11438</position><in_Quantity.quantity>0.000000</in_Quantity.quantity><out_Quantity.quantity>854.047673</out_Quantity.quantity></Point><Point><position>11439</position><in_Quantity.quantity>0.000000</in_Quantity.quantity><out_Quantity.quantity>259.633956</out_Quantity.quantity></Point><Point><position>11440</position><in_Quantity.quantity>0.000000</in_Quantity.quantity><out_Quantity.quantity>255.640257</out_Quantity.quantity></Point><Point><position>11441</position><in_Quantity.quantity>0.000000</in_Quantity.quantity><out_Quantity.quantity>154.672000</out_Quantity.quantity></Point><Point><position>11442</position><in_Quantity.quantity>0.000000</in_Quantity.quantity><out_Quantity.quantity>429.812572</out_Quantity.quantity></Point><Point><position>11443</position><in_Quantity.quantity>0.000000</in_Quantity.quantity><out_Quantity.quantity>509.650775</out_Quantity.quantity></Point><Point><position>11444</position><in_Quantity.quantity>0.000000</in_Quantity.quantity><out_Quantity.quantity>788.659954</out_Quantity.quantity></Point><Point><position>11445</position><in_Quantity.quantity>0.000000</in_Quantity.quantity><out_Quantity.quantity>594.793923</out_Quantity.quantity></Point><Point><position>11446</position><in_Quantity.quantity>0.000000</in_Quantity.quantity><out_Quantity.quantity>762.499078</out_Quantity.quantity></Point><Point><position>11447</position><in_Quantity.quantity>0.000000</in_Quantity.quantity><out_Quantity.quantity>929.682206</out_Quantity.quantity></Point><Point><position>11448</position><in_Quantity.quantity>0.000000</in_Quantity.quantity><out_Quantity.quantity>219.334017</out_Quantity.quantity></Point><Point><position>11449</position><in_Quantity.quantity>0.000000</in_Quantity.quantity><out_Quantity.quantity>32.896317</out_Quantity.quantity></Point><Point><position>11450</position><in_Quantity.quantity>0.000000</in_Quantity.quantity><out_Quantity.quantity>481.802065</out_Quantity.quantity></Point><Point><position>11451</position><in_Quantity.quantity>0.000000</in_Quantity.quantity><out_Quantity.quantity>889.378811</out_Quantity.quantity></Point><Point><position>11452</position><in_Quantity.quantity>0.000000</in_Quantity.quantity><out_Quantity.quantity>100.094594</out_Quantity.quantity></Point><Point><position>11453</position><in_Quantity.quantity>0.000000</in_Quantity.quantity><out_Quantity.quantity>132.658070</out_Quantity.quantity></Point><Point><position>11454</position><in_Quantity.quantity>0.000000</in_Quantity.quantity><out_Quantity.quantity>378.424610</out_Quantity.quantity></Point><Point><position>11455</position><in_Quantity.quantity>0.000000</in_Quantity.quantity><out_Quantity.quantity>153.075845</out_Quantity.quantity></Point><Point><position>11456</position><in_Quantity.quantity>0.000000</in_Quantity.quantity><out_Quantity.quantity>302.699778</out_Quantity.quantity></Point><Point><position>11457</position><in_Quantity.quantity>0.000000</in_Quantity.quantity><out_Quantity.quantity>267.934345</out_Quantity.quantity></Point><Point><position>11458</position><in_Quantity.quantity>0.000000</in_Quantity.quantity><out_Quantity.quantity>899.375414</out_Quantity.quantity></Point><Point><position>11459</position><in_Quantity.quantity>0.000000</in_Quantity.quantity><out_Quantity.quantity>523.849937</out_Quantity.quantity></Point><Point><position>11460</position><in_Quantity.quantity>0.000000</in_Quantity.quantity><out_Quantity.quantity>282.041182</out_Quantity.quantity></Point><Point><position>11461</position><in_Quantity.quantity>0.000000</in_Quantity.quantity><out_Quantity.quantity>482.027696</out_Quantity.quantity></Point><Point><position>11462</position><in_Quantity.quantity>0.000000</in_Quantity.quantity><out_Quantity.quantity>348.254974</out_Quantity.quantity></Point><Point><position>11463</position><in_Quantity.quantity>0.000000</in_Quantity.quantity><out_Quantity.quantity>639.816756</out_Quantity.quantity></Point><Point><position>11464</position><in_Quantity.quantity>0.000000</in_Quantity.quantity><out_Quantity.quantity>292.409357</out_Quantity.quantity></Point><Point><position>11465</position><in_Quantity.quantity>0.000000</in_Quantity.quantity><out_Quantity.quantity>802.189724</out_Quantity.quantity></Point><Point><position>11466</position><in_Quantity.quantity>0.000000</in_Quantity.quantity><out_Quantity.quantity>538.947898</out_Quantity.quantity></Point><Point><position>11467</position><in_Quantity.quantity>0.000000</in_Quantity.quantity><out_Quantity.quantity>357.058727</out_Quantity.quantity></Point><Point><position>11468</position><in_Quantity.quantity>0.000000</in_Quantity.quantity><out_Quantity.quantity>320.610741</out_Quantity.quantity></Point><Point><position>11469</position><in_Quantity.quantity>0.000000</in_Quantity.quantity><out_Quantity.quantity>676.382661</out_Quantity.quantity></Point><Point><position>11470</position><in_Quantity.quantity>0.000000</in_Quantity.quantity><out_Quantity.quantity>299.045037</out_Quantity.quantity></Point><Point><position>11471</position><in_Quantity.quantity>0.000000</in_Quantity.quantity><out_Quantity.quantity>154.280497</out_Quantity.quantity></Point><Point><position>11472</position><in_Quantity.quantity>0.000000</in_Quantity.quantity><out_Quantity.quantity>572.658742</out_Quantity.quantity></Point><Point><position>11473</position><in_Quantity.quantity>0.000000</in_Quantity.quantity><out_Quantity.quantity>577.050077</out_Quantity.quantity></Point><Point><position>11474</position><in_Quantity.quantity>0.000000</in_Quantity.quantity><out_Quantity.quantity>655.568222</out_Quantity.quantity></Point><Point><position>11475</position><in_Quantity.quantity>0.000000</in_Quantity.quantity><out_Quantity.quantity>784.579111</out_Quantity.quantity></Point><Point><position>11476</position><in_Quantity.quantity>0.000000</in_Quantity.quantity><out_Quantity.quantity>963.575809</out_Quantity.quantity></Point><Point><position>11477</position><in_Quantity.quantity>0.000000</in_Quantity.quantity><out_Quantity.quantity>537.439691</out_Quantity.quantity></Point><Point><position>11478</position><in_Quantity.quantity>0.000000</in_Quantity.quantity><out_Quantity.quantity>244.013535</out_Quantity.quantity></Point><Point><position>11479</position><in_Quantity.quantity>0.000000</in_Quantity.quantity><out_Quantity.quantity>499.542639</out_Quantity.quantity></Point><Point><position>11480</position><in_Quantity.quantity>0.000000</in_Quantity.quantity><out_Quantity.quantity>556.911092</out_Quantity.quantity></Point><Point><position>11481</position><in_Quantity.quantity>0.000000</in_Quantity.quantity><out_Quantity.quantity>515.626735</out_Quantity.quantity></Point><Point><position>11482</position><in_Quantity.quantity>0.000000</in_Quantity.quantity><out_Quantity.quantity>66.246258</out_Quantity.quantity></Point><Point><position>11483</position><in_Quantity.quantity>0.000000</in_Quantity.quantity><out_Quantity.quantity>721.803554</out_Quantity.quantity></Point><Point><position>11484</position><in_Quantity.quantity>0.000000</in_Quantity.quantity><out_Quantity.quantity>862.431367</out_Quantity.quantity></Point><Point><position>11485</position><in_Quantity.quantity>0.000000</in_Quantity.quantity><out_Quantity.quantity>341.660615</out_Quantity.quantity></Point><Point><position>11486</position><in_Quantity.quantity>0.000000</in_Quantity.quantity><out_Quantity.quantity>949.287481</out_Quantity.quantity></Point><Point><position>11487</position><in_Quantity.quantity>0.000000</in_Quantity.quantity><out_Quantity.quantity>328.618386</out_Quantity.quantity></Point><Point><position>11488</position><in_Quantity.quantity>0.000000</in_Quantity.quantity><out_Quantity.quantity>541.392586</out_Quantity.quantity></Point><Point><position>11489</position><in_Quantity.quantity>0.000000</in_Quantity.quantity><out_Quantity.quantity>693.148071</out_Quantity.quantity></Point><Point><position>11490</position><in_Quantity.quantity>0.000000</in_Quantity.quantity><out_Quantity.quantity>852.310072</out_Quantity.quantity></Point><Point><position>11491</position><in_Quantity.quantity>0.000000</in_Quantity.quantity><out_Quantity.quantity>542.404005</out_Quantity.quantity></Point><Point><position>11492</position><in_Quantity.quantity>0.000000</in_Quantity.quantity><out_Quantity.quantity>980.172272</out_Quantity.quantity></Point><Point><position>11493</position><in_Quantity.quantity>0.000000</in_Quantity.quantity><out_Quantity.quantity>340.740064</out_Quantity.quantity></Point><Point><position>11494</position><in_Quantity.quantity>0.000000</in_Quantity.quantity><out_Quantity.quantity>589.738526</out_Quantity.quantity></Point><Point><position>11495</position><in_Quantity.quantity>0.000000</in_Quantity.quantity><out_Quantity.quantity>66.954021</out_Quantity.quantity></Point><Point><position>11496</position><in_Quantity.quantity>0.000000</in_Quantity.quantity><out_Quantity.quantity>512.946312</out_Quantity.quantity></Point><Point><position>11497</position><in_Quantity.quantity>0.000000</in_Quantity.quantity><out_Quantity.quantity>848.434005</out_Quantity.quantity></Point><Point><position>11498</position><in_Quantity.quantity>0.000000</in_Quantity.quantity><out_Quantity.quantity>860.894090</out_Quantity.quantity></Point><Point><position>11499</position><in_Quantity.quantity>0.000000</in_Quantity.quantity><out_Quantity.quantity>738.698130</out_Quantity.quantity></Point><Point><position>11500</position><in_Quantity.quantity>0.000000</in_Quantity.quantity><out_Quantity.quantity>566.177471</out_Quantity.quantity></Point><Point><position>11501</position><in_Quantity.quantity>0.000000</in_Quantity.quantity><out_Quantity.quantity>558.284160</out_Quantity.quantity></Point><Point><position>11502</position><in_Quantity.quantity>0.000000</in_Quantity.quantity><out_Quantity.quantity>194.884946</out_Quantity.quantity></Point><Point><position>11503</position><in_Quantity.quantity>0.000000</in_Quantity.quantity><out_Quantity.quantity>302.401860</out_Quantity.quantity></Point><Point><position>11504</position><in_Quantity.quantity>0.000000</in_Quantity.quantity><out_Quantity.quantity>514.264356</out_Quantity.quantity></Point><Point><position>11505</position><in_Quantity.quantity>0.000000</in_Quantity.quantity><out_Quantity.quantity>103.209289</out_Quantity.quantity></Point><Point><position>11506</position><in_Quantity.quantity>0.000000</in_Quantity.quantity><out_Quantity.quantity>273.555962</out_Quantity.quantity></Point><Point><position>11507</position><in_Quantity.quantity>0.000000</in_Quantity.quantity><out_Quantity.quantity>314.147004</out_Quantity.quantity></Point><Point><position>11508</position><in_Quantity.quantity>0.000000</in_Quantity.quantity><out_Quantity.quantity>301.519360</out_Quantity.quantity></Point><Point><position>11509</position><in_Quantity.quantity>0.000000</in_Quantity.quantity><out_Quantity.quantity>508.046013</out_Quantity.quantity></Point><Point><position>11510</position><in_Quantity.quantity>0.000000</in_Quantity.quantity><out_Quantity.quantity>155.511877</out_Quantity.quantity></Point><Point><position>11511</position><in_Quantity.quantity>0.000000</in_Quantity.quantity><out_Quantity.quantity>386.004412</out_Quantity.quantity></Point><Point><position>11512</position><in_Quantity.quantity>0.000000</in_Quantity.quantity><out_Quantity.quantity>251.780347</out_Quantity.quantity></Point><Point><position>11513</position><in_Quantity.quantity>0.000000</in_Quantity.quantity><out_Quantity.quantity>443.974747</out_Quantity.quantity></Point><Point><position>11514</position><in_Quantity.quantity>0.000000</in_Quantity.quantity><out_Quantity.quantity>37.484419</out_Quantity.quantity></Point><Point><position>11515</position><in_Quantity.quantity>0.000000</in_Quantity.quantity><out_Quantity.quantity>480.856978</out_Quantity.quantity></Point><Point><position>11516</position><in_Quantity.quantity>0.000000</in_Quantity.quantity><out_Quantity.quantity>544.303340</out_Quantity.quantity></Point><Point><position>11517</position><in_Quantity.quantity>0.000000</in_Quantity.quantity><out_Quantity.quantity>977.347225</out_Quantity.quantity></Point><Point><position>11518</position><in_Quantity.quantity>0.000000</in_Quantity.quantity><out_Quantity.quantity>169.912103</out_Quantity.quantity></Point><Point><position>11519</position><in_Quantity.quantity>0.000000</in_Quantity.quantity><out_Quantity.quantity>307.012778</out_Quantity.quantity></Point><Point><position>11520</position><in_Quantity.quantity>0.000000</in_Quantity.quantity><out_Quantity.quantity>441.557400</out_Quantity.quantity></Point><Point><position>11521</position><in_Quantity.quantity>0.000000</in_Quantity.quantity><out_Quantity.quantity>681.421937</out_Quantity.quantity></Point><Point><position>11522</position><in_Quantity.quantity>0.000000</in_Quantity.quantity><out_Quantity.quantity>496.929996</out_Quantity.quantity></Point><Point><position>11523</position><in_Quantity.quantity>0.000000</in_Quantity.quantity><out_Quantity.quantity>24.024494</out_Quantity.quantity></Point><Point><position>11524</position><in_Quantity.quantity>0.000000</in_Quantity.quantity><out_Quantity.quantity>98.541108</out_Quantity.quantity></Point><Point><position>11525</position><in_Quantity.quantity>0.000000</in_Quantity.quantity><out_Quantity.quantity>726.250298</out_Quantity.quantity></Point><Point><position>11526</position><in_Quantity.quantity>0.000000</in_Quantity.quantity><out_Quantity.quantity>782.068149</out_Quantity.quantity></Point><Point><position>11527</position><in_Quantity.quantity>0.000000</in_Quantity.quantity><out_Quantity.quantity>822.837762</out_Quantity.quantity></Point><Point><position>11528</position><in_Quantity.quantity>0.000000</in_Quantity.quantity><out_Quantity.quantity>24.112285</out_Quantity.quantity></Point><Point><position>11529</position><in_Quantity.quantity>0.000000</in_Quantity.quantity><out_Quantity.quantity>229.896655</out_Quantity.quantity></Point><Point><position>11530</position><in_Quantity.quantity>0.000000</in_Quantity.quantity><out_Quantity.quantity>579.085941</out_Quantity.quantity></Point><Point><position>11531</position><in_Quantity.quantity>0.000000</in_Quantity.quantity><out_Quantity.quantity>54.058090</out_Quantity.quantity></Point><Point><position>11532</position><in_Quantity.quantity>0.000000</in_Quantity.quantity><out_Quantity.quantity>816.121002</out_Quantity.quantity></Point><Point><position>11533</position><in_Quantity.quantity>0.000000</in_Quantity.quantity><out_Quantity.quantity>122.507921</out_Quantity.quantity></Point><Point><position>11534</position><in_Quantity.quantity>0.000000</in_Quantity.quantity><out_Quantity.quantity>23.606229</out_Quantity.quantity></Point><Point><position>11535</position><in_Quantity.quantity>0.000000</in_Quantity.quantity><out_Quantity.quantity>499.933897</out_Quantity.quantity></Point><Point><position>11536</position><in_Quantity.quantity>0.000000</in_Quantity.quantity><out_Quantity.quantity>626.749215</out_Quantity.quantity></Point><Point><position>11537</position><in_Quantity.quantity>0.000000</in_Quantity.quantity><out_Quantity.quantity>72.691194</out_Quantity.quantity></Point><Point><position>11538</position><in_Quantity.quantity>0.000000</in_Quantity.quantity><out_Quantity.quantity>48.678895</out_Quantity.quantity></Point><Point><position>11539</position><in_Quantity.quantity>0.000000</in_Quantity.quantity><out_Quantity.quantity>111.566685</out_Quantity.quantity></Point><Point><position>11540</position><in_Quantity.quantity>0.000000</in_Quantity.quantity><out_Quantity.quantity>603.262036</out_Quantity.quantity></Point><Point><position>11541</position><in_Quantity.quantity>0.000000</in_Quantity.quantity><out_Quantity.quantity>257.442484</out_Quantity.quantity></Point><Point><position>11542</position><in_Quantity.quantity>0.000000</in_Quantity.quantity><out_Quantity.quantity>803.746832</out_Quantity.quantity></Point><Point><position>11543</position><in_Quantity.quantity>0.000000</in_Quantity.quantity><out_Quantity.quantity>189.680435</out_Quantity.quantity></Point><Point><position>11544</position><in_Quantity.quantity>0.000000</in_Quantity.quantity><out_Quantity.quantity>242.674786</out_Quantity.quantity></Point><Point><position>11545</position><in_Quantity.quantity>0.000000</in_Quantity.quantity><out_Quantity.quantity>536.203087</out_Quantity.quantity></Point><Point><position>11546</position><in_Quantity.quantity>0.000000</in_Quantity.quantity><out_Quantity.quantity>440.030710</out_Quantity.quantity></Point><Point><position>11547</position><in_Quantity.quantity>0.000000</in_Quantity.quantity><out_Quantity.quantity>315.350729</out_Quantity.quantity></Point><Point><position>11548</position><in_Quantity.quantity>0.000000</in_Quantity.quantity><out_Quantity.quantity>354.813875</out_Quantity.quantity></Point><Point><position>11549</position><in_Quantity.quantity>0.000000</in_Quantity.quantity><out_Quantity.quantity>202.936578</out_Quantity.quantity></Point><Point><position>11550</position><in_Quantity.quantity>0.000000</in_Quantity.quantity><out_Quantity.quantity>700.212596</out_Quantity.quantity></Point><Point><position>11551</position><in_Quantity.quantity>0.000000</in_Quantity.quantity><out_Quantity.quantity>718.058819</out_Quantity.quantity></Point><Point><position>11552</position><in_Quantity.quantity>0.000000</in_Quantity.quantity><out_Quantity.quantity>3.923733</out_Quantity.quantity></Point><Point><position>11553</position><in_Quantity.quantity>0.000000</in_Quantity.quantity><out_Quantity.quantity>416.426459</out_Quantity.quantity></Point><Point><position>11554</position><in_Quantity.quantity>0.000000</in_Quantity.quantity><out_Quantity.quantity>276.758485</out_Quantity.quantity></Point><Point><position>11555</position><in_Quantity.quantity>0.000000</in_Quantity.quantity><out_Quantity.quantity>113.649403</out_Quantity.quantity></Point><Point><position>11556</position><in_Quantity.quantity>0.000000</in_Quantity.quantity><out_Quantity.quantity>595.513901</out_Quantity.quantity></Point><Point><position>11557</position><in_Quantity.quantity>0.000000</in_Quantity.quantity><out_Quantity.quantity>166.908654</out_Quantity.quantity></Point><Point><position>11558</position><in_Quantity.quantity>0.000000</in_Quantity.quantity><out_Quantity.quantity>103.020807</out_Quantity.quantity></Point><Point><position>11559</position><in_Quantity.quantity>0.000000</in_Quantity.quantity><out_Quantity.quantity>965.018548</out_Quantity.quantity></Point><Point><position>11560</position><in_Quantity.quantity>0.000000</in_Quantity.quantity><out_Quantity.quantity>850.561832</out_Quantity.quantity></Point><Point><position>11561</position><in_Quantity.quantity>0.000000</in_Quantity.quantity><out_Quantity.quantity>274.457704</out_Quantity.quantity></Point><Point><position>11562</position><in_Quantity.quantity>0.000000</in_Quantity.quantity><out_Quantity.quantity>259.334065</out_Quantity.quantity></Point><Point><position>11563</position><in_Quantity.quantity>0.000000</in_Quantity.quantity><out_Quantity.quantity>172.960632</out_Quantity.quantity></Point><Point><position>11564</position><in_Quantity.quantity>0.000000</in_Quantity.quantity><out_Quantity.quantity>168.160611</out_Quantity.quantity></Point><Point><position>11565</position><in_Quantity.quantity>0.000000</in_Quantity.quantity><out_Quantity.quantity>825.926488</out_Quantity.quantity></Point><Point><position>11566</position><in_Quantity.quantity>0.000000</in_Quantity.quantity><out_Quantity.quantity>628.183462</out_Quantity.quantity></Point><Point><position>11567</position><in_Quantity.quantity>0.000000</in_Quantity.quantity><out_Quantity.quantity>818.741583</out_Quantity.quantity></Point><Point><position>11568</position><in_Quantity.quantity>0.000000</in_Quantity.quantity><out_Quantity.quantity>187.740647</out_Quantity.quantity></Point><Point><position>11569</position><in_Quantity.quantity>0.000000</in_Quantity.quantity><out_Quantity.quantity>657.072391</out_Quantity.quantity></Point><Point><position>11570</position><in_Quantity.quantity>0.000000</in_Quantity.quantity><out_Quantity.quantity>91.993454</out_Quantity.quantity></Point><Point><position>11571</position><in_Quantity.quantity>0.000000</in_Quantity.quantity><out_Quantity.quantity>50.501909</out_Quantity.quantity></Point><Point><position>11572</position><in_Quantity.quantity>0.000000</in_Quantity.quantity><out_Quantity.quantity>781.537367</out_Quantity.quantity></Point><Point><position>11573</position><in_Quantity.quantity>0.000000</in_Quantity.quantity><out_Quantity.quantity>945.550295</out_Quantity.quantity></Point><Point><position>11574</position><in_Quantity.quantity>0.000000</in_Quantity.quantity><out_Quantity.quantity>158.575525</out_Quantity.quantity></Point><Point><position>11575</position><in_Quantity.quantity>0.000000</in_Quantity.quantity><out_Quantity.quantity>236.905734</out_Quantity.quantity></Point><Point><position>11576</position><in_Quantity.quantity>0.000000</in_Quantity.quantity><out_Quantity.quantity>454.780244</out_Quantity.quantity></Point><Point><position>11577</position><in_Quantity.quantity>0.000000</in_Quantity.quantity><out_Quantity.quantity>253.843775</out_Quantity.quantity></Point><Point><position>11578</position><in_Quantity.quantity>0.000000</in_Quantity.quantity><out_Quantity.quantity>269.638015</out_Quantity.quantity></Point><Point><position>11579</position><in_Quantity.quantity>0.000000</in_Quantity.quantity><out_Quantity.quantity>802.737355</out_Quantity.quantity></Point><Point><position>11580</position><in_Quantity.quantity>0.000000</in_Quantity.quantity><out_Quantity.quantity>319.216661</out_Quantity.quantity></Point><Point><position>11581</position><in_Quantity.quantity>0.000000</in_Quantity.quantity><out_Quantity.quantity>798.691238</out_Quantity.quantity></Point><Point><position>11582</position><in_Quantity.quantity>0.000000</in_Quantity.quantity><out_Quantity.quantity>591.988234</out_Quantity.quantity></Point><Point><position>11583</position><in_Quantity.quantity>0.000000</in_Quantity.quantity><out_Quantity.quantity>757.898099</out_Quantity.quantity></Point><Point><position>11584</position><in_Quantity.quantity>0.000000</in_Quantity.quantity><out_Quantity.quantity>217.429323</out_Quantity.quantity></Point><Point><position>11585</position><in_Quantity.quantity>0.000000</in_Quantity.quantity><out_Quantity.quantity>831.259100</out_Quantity.quantity></Point><Point><position>11586</position><in_Quantity.quantity>0.000000</in_Quantity.quantity><out_Quantity.quantity>317.264673</out_Quantity.quantity></Point><Point><position>11587</position><in_Quantity.quantity>0.000000</in_Quantity.quantity><out_Quantity.quantity>19.331101</out_Quantity.quantity></Point><Point><position>11588</position><in_Quantity.quantity>0.000000</in_Quantity.quantity><out_Quantity.quantity>59.222994</out_Quantity.quantity></Point><Point><position>11589</position><in_Quantity.quantity>0.000000</in_Quantity.quantity><out_Quantity.quantity>947.917234</out_Quantity.quantity></Point><Point><position>11590</position><in_Quantity.quantity>0.000000</in_Quantity.quantity><out_Quantity.quantity>413.622095</out_Quantity.quantity></Point><Point><position>11591</position><in_Quantity.quantity>0.000000</in_Quantity.quantity><out_Quantity.quantity>944.541205</out_Quantity.quantity></Point><Point><position>11592</position><in_Quantity.quantity>0.000000</in_Quantity.quantity><out_Quantity.quantity>578.344228</out_Quantity.quantity></Point><Point><position>11593</position><in_Quantity.quantity>0.000000</in_Quantity.quantity><out_Quantity.quantity>563.115943</out_Quantity.quantity></Point><Point><position>11594</position><in_Quantity.quantity>0.000000</in_Quantity.quantity><out_Quantity.quantity>877.016591</out_Quantity.quantity></Point><Point><position>11595</position><in_Quantity.quantity>0.000000</in_Quantity.quantity><out_Quantity.quantity>642.832231</out_Quantity.quantity></Point><Point><position>11596</position><in_Quantity.quantity>0.000000</in_Quantity.quantity><out_Quantity.quantity>315.291429</out_Quantity.quantity></Point><Point><position>11597</position><in_Quantity.quantity>0.000000</in_Quantity.quantity><out_Quantity.quantity>776.877161</out_Quantity.quantity></Point><Point><position>11598</position><in_Quantity.quantity>0.000000</in_Quantity.quantity><out_Quantity.quantity>248.121692</out_Quantity.quantity></Point><Point><position>11599</position><in_Quantity.quantity>0.000000</in_Quantity.quantity><out_Quantity.quantity>552.172789</out_Quantity.quantity></Point><Point><position>11600</position><in_Quantity.quantity>0.000000</in_Quantity.quantity><out_Quantity.quantity>32.460619</out_Quantity.quantity></Point><Point><position>11601</position><in_Quantity.quantity>0.000000</in_Quantity.quantity><out_Quantity.quantity>389.227296</out_Quantity.quantity></Point><Point><position>11602</position><in_Quantity.quantity>0.000000</in_Quantity.quantity><out_Quantity.quantity>151.057754</out_Quantity.quantity></Point><Point><position>11603</position><in_Quantity.quantity>0.000000</in_Quantity.quantity><out_Quantity.quantity>589.997578</out_Quantity.quantity></Point><Point><position>11604</position><in_Quantity.quantity>0.000000</in_Quantity.quantity><out_Quantity.quantity>995.497320</out_Quantity.quantity></Point><Point><position>11605</position><in_Quantity.quantity>0.000000</in_Quantity.quantity><out_Quantity.quantity>321.977309</out_Quantity.quantity></Point><Point><position>11606</position><in_Quantity.quantity>0.000000</in_Quantity.quantity><out_Quantity.quantity>199.229116</out_Quantity.quantity></Point><Point><position>11607</position><in_Quantity.quantity>0.000000</in_Quantity.quantity><out_Quantity.quantity>86.586744</out_Quantity.quantity></Point><Point><position>11608</position><in_Quantity.quantity>0.000000</in_Quantity.quantity><out_Quantity.quantity>610.403892</out_Quantity.quantity></Point><Point><position>11609</position><in_Quantity.quantity>0.000000</in_Quantity.quantity><out_Quantity.quantity>423.768449</out_Quantity.quantity></Point><Point><position>11610</position><in_Quantity.quantity>0.000000</in_Quantity.quantity><out_Quantity.quantity>230.689097</out_Quantity.quantity></Point><Point><position>11611</position><in_Quantity.quantity>0.000000</in_Quantity.quantity><out_Quantity.quantity>227.664949</out_Quantity.quantity></Point><Point><position>11612</position><in_Quantity.quantity>0.000000</in_Quantity.quantity><out_Quantity.quantity>535.930699</out_Quantity.quantity></Point><Point><position>11613</position><in_Quantity.quantity>0.000000</in_Quantity.quantity><out_Quantity.quantity>989.756043</out_Quantity.quantity></Point><Point><position>11614</position><in_Quantity.quantity>0.000000</in_Quantity.quantity><out_Quantity.quantity>427.207540</out_Quantity.quantity></Point><Point><position>11615</position><in_Quantity.quantity>0.000000</in_Quantity.quantity><out_Quantity.quantity>251.590100</out_Quantity.quantity></Point><Point><position>11616</position><in_Quantity.quantity>0.000000</in_Quantity.quantity><out_Quantity.quantity>512.547497</out_Quantity.quantity></Point><Point><position>11617</position><in_Quantity.quantity>0.000000</in_Quantity.quantity><out_Quantity.quantity>228.058047</out_Quantity.quantity></Point><Point><position>11618</position><in_Quantity.quantity>0.000000</in_Quantity.quantity><out_Quantity.quantity>635.702743</out_Quantity.quantity></Point><Point><position>11619</position><in_Quantity.quantity>0.000000</in_Quantity.quantity><out_Quantity.quantity>783.388492</out_Quantity.quantity></Point><Point><position>11620</position><in_Quantity.quantity>0.000000</in_Quantity.quantity><out_Quantity.quantity>466.326172</out_Quantity.quantity></Point><Point><position>11621</position><in_Quantity.quantity>0.000000</in_Quantity.quantity><out_Quantity.quantity>589.015220</out_Quantity.quantity></Point><Point><position>11622</position><in_Quantity.quantity>0.000000</in_Quantity.quantity><out_Quantity.quantity>464.363194</out_Quantity.quantity></Point><Point><position>11623</position><in_Quantity.quantity>0.000000</in_Quantity.quantity><out_Quantity.quantity>998.616283</out_Quantity.quantity></Point><Point><position>11624</position><in_Quantity.quantity>0.000000</in_Quantity.quantity><out_Quantity.quantity>343.790437</out_Quantity.quantity></Point><Point><position>11625</position><in_Quantity.quantity>0.000000</in_Quantity.quantity><out_Quantity.quantity>582.920077</out_Quantity.quantity></Point><Point><position>11626</position><in_Quantity.quantity>0.000000</in_Quantity.quantity><out_Quantity.quantity>502.376121</out_Quantity.quantity></Point><Point><position>11627</position><in_Quantity.quantity>0.000000</in_Quantity.quantity><out_Quantity.quantity>143.408224</out_Quantity.quantity></Point><Point><position>11628</position><in_Quantity.quantity>0.000000</in_Quantity.quantity><out_Quantity.quantity>458.371669</out_Quantity.quantity></Point><Point><position>11629</position><in_Quantity.quantity>0.000000</in_Quantity.quantity><out_Quantity.quantity>143.750166</out_Quantity.quantity></Point><Point><position>11630</position><in_Quantity.quantity>0.000000</in_Quantity.quantity><out_Quantity.quantity>59.883527</out_Quantity.quantity></Point><Point><position>11631</position><in_Quantity.quantity>0.000000</in_Quantity.quantity><out_Quantity.quantity>592.985454</out_Quantity.quantity></Point><Point><position>11632</position><in_Quantity.quantity>0.000000</in_Quantity.quantity><out_Quantity.quantity>892.515973</out_Quantity.quantity></Point><Point><position>11633</position><in_Quantity.quantity>0.000000</in_Quantity.quantity><out_Quantity.quantity>123.115441</out_Quantity.quantity></Point><Point><position>11634</position><in_Quantity.quantity>0.000000</in_Quantity.quantity><out_Quantity.quantity>385.796288</out_Quantity.quantity></Point><Point><position>11635</position><in_Quantity.quantity>0.000000</in_Quantity.quantity><out_Quantity.quantity>24.048188</out_Quantity.quantity></Point><Point><position>11636</position><in_Quantity.quantity>0.000000</in_Quantity.quantity><out_Quantity.quantity>916.046068</out_Quantity.quantity></Point><Point><position>11637</position><in_Quantity.quantity>0.000000</in_Quantity.quantity><out_Quantity.quantity>427.624629</out_Quantity.quantity></Point><Point><position>11638</position><in_Quantity.quantity>0.000000</in_Quantity.quantity><out_Quantity.quantity>119.949376</out_Quantity.quantity></Point><Point><position>11639</position><in_Quantity.quantity>0.000000</in_Quantity.quantity><out_Quantity.quantity>847.250746</out_Quantity.quantity></Point><Point><position>11640</position><in_Quantity.quantity>0.000000</in_Quantity.quantity><out_Quantity.quantity>597.697351</out_Quantity.quantity></Point><Point><position>11641</position><in_Quantity.quantity>0.000000</in_Quantity.quantity><out_Quantity.quantity>512.812509</out_Quantity.quantity></Point><Point><position>11642</position><in_Quantity.quantity>0.000000</in_Quantity.quantity><out_Quantity.quantity>4.238677</out_Quantity.quantity></Point><Point><position>11643</position><in_Quantity.quantity>0.000000</in_Quantity.quantity><out_Quantity.quantity>793.353798</out_Quantity.quantity></Point><Point><position>11644</position><in_Quantity.quantity>0.000000</in_Quantity.quantity><out_Quantity.quantity>704.812122</out_Quantity.quantity></Point><Point><position>11645</position><in_Quantity.quantity>0.000000</in_Quantity.quantity><out_Quantity.quantity>888.381328</out_Quantity.quantity></Point><Point><position>11646</position><in_Quantity.quantity>0.000000</in_Quantity.quantity><out_Quantity.quantity>878.313945</out_Quantity.quantity></Point><Point><position>11647</position><in_Quantity.quantity>0.000000</in_Quantity.quantity><out_Quantity.quantity>588.173547</out_Quantity.quantity></Point><Point><position>11648</position><in_Quantity.quantity>0.000000</in_Quantity.quantity><out_Quantity.quantity>701.744527</out_Quantity.quantity></Point><Point><position>11649</position><in_Quantity.quantity>0.000000</in_Quantity.quantity><out_Quantity.quantity>787.819544</out_Quantity.quantity></Point><Point><position>11650</position><in_Quantity.quantity>0.000000</in_Quantity.quantity><out_Quantity.quantity>457.454951</out_Quantity.quantity></Point><Point><position>11651</position><in_Quantity.quantity>0.000000</in_Quantity.quantity><out_Quantity.quantity>2.480382</out_Quantity.quantity></Point><Point><position>11652</position><in_Quantity.quantity>0.000000</in_Quantity.quantity><out_Quantity.quantity>740.353548</out_Quantity.quantity></Point><Point><position>11653</position><in_Quantity.quantity>0.000000</in_Quantity.quantity><out_Quantity.quantity>653.412322</out_Quantity.quantity></Point><Point><position>11654</position><in_Quantity.quantity>0.000000</in_Quantity.quantity><out_Quantity.quantity>280.526627</out_Quantity.quantity></Point><Point><position>11655</position><in_Quantity.quantity>0.000000</in_Quantity.quantity><out_Quantity.quantity>434.212356</out_Quantity.quantity></Point><Point><position>11656</position><in_Quantity.quantity>0.000000</in_Quantity.quantity><out_Quantity.quantity>780.796750</out_Quantity.quantity></Point><Point><position>11657</position><in_Quantity.quantity>0.000000</in_Quantity.quantity><out_Quantity.quantity>161.083272</out_Quantity.quantity></Point><Point><position>11658</position><in_Quantity.quantity>0.000000</in_Quantity.quantity><out_Quantity.quantity>449.865654</out_Quantity.quantity></Point><Point><position>11659</position><in_Quantity.quantity>0.000000</in_Quantity.quantity><out_Quantity.quantity>28.221357</out_Quantity.quantity></Point><Point><position>11660</position><in_Quantity.quantity>0.000000</in_Quantity.quantity><out_Quantity.quantity>851.622421</out_Quantity.quantity></Point><Point><position>11661</position><in_Quantity.quantity>0.000000</in_Quantity.quantity><out_Quantity.quantity>558.849268</out_Quantity.quantity></Point><Point><position>11662</position><in_Quantity.quantity>0.000000</in_Quantity.quantity><out_Quantity.quantity>153.490936</out_Quantity.quantity></Point><Point><position>11663</position><in_Quantity.quantity>0.000000</in_Quantity.quantity><out_Quantity.quantity>0.966818</out_Quantity.quantity></Point><Point><position>11664</position><in_Quantity.quantity>0.000000</in_Quantity.quantity><out_Quantity.quantity>994.979207</out_Quantity.quantity></Point><Point><position>11665</position><in_Quantity.quantity>0.000000</in_Quantity.quantity><out_Quantity.quantity>134.492496</out_Quantity.quantity></Point><Point><position>11666</position><in_Quantity.quantity>0.000000</in_Quantity.quantity><out_Quantity.quantity>267.184717</out_Quantity.quantity></Point><Point><position>11667</position><in_Quantity.quantity>0.000000</in_Quantity.quantity><out_Quantity.quantity>615.703690</out_Quantity.quantity></Point><Point><position>11668</position><in_Quantity.quantity>0.000000</in_Quantity.quantity><out_Quantity.quantity>773.183637</out_Quantity.quantity></Point><Point><position>11669</position><in_Quantity.quantity>0.000000</in_Quantity.quantity><out_Quantity.quantity>896.748748</out_Quantity.quantity></Point><Point><position>11670</position><in_Quantity.quantity>0.000000</in_Quantity.quantity><out_Quantity.quantity>440.196555</out_Quantity.quantity></Point><Point><position>11671</position><in_Quantity.quantity>0.000000</in_Quantity.quantity><out_Quantity.quantity>57.219997</out_Quantity.quantity></Point><Point><position>11672</position><in_Quantity.quantity>0.000000</in_Quantity.quantity><out_Quantity.quantity>953.569313</out_Quantity.quantity></Point><Point><position>11673</position><in_Quantity.quantity>0.000000</in_Quantity.quantity><out_Quantity.quantity>291.633091</out_Quantity.quantity></Point><Point><position>11674</position><in_Quantity.quantity>0.000000</in_Quantity.quantity><out_Quantity.quantity>721.729479</out_Quantity.quantity></Point><Point><position>11675</position><in_Quantity.quantity>0.000000</in_Quantity.quantity><out_Quantity.quantity>902.791882</out_Quantity.quantity></Point><Point><position>11676</position><in_Quantity.quantity>0.000000</in_Quantity.quantity><out_Quantity.quantity>861.115646</out_Quantity.quantity></Point><Point><position>11677</position><in_Quantity.quantity>0.000000</in_Quantity.quantity><out_Quantity.quantity>803.154252</out_Quantity.quantity></Point><Point><position>11678</position><in_Quantity.quantity>0.000000</in_Quantity.quantity><out_Quantity.quantity>618.992776</out_Quantity.quantity></Point><Point><position>11679</position><in_Quantity.quantity>0.000000</in_Quantity.quantity><out_Quantity.quantity>423.436415</out_Quantity.quantity></Point><Point><position>11680</position><in_Quantity.quantity>0.000000</in_Quantity.quantity><out_Quantity.quantity>733.780147</out_Quantity.quantity></Point><Point><position>11681</position><in_Quantity.quantity>0.000000</in_Quantity.quantity><out_Quantity.quantity>304.427065</out_Quantity.quantity></Point><Point><position>11682</position><in_Quantity.quantity>0.000000</in_Quantity.quantity><out_Quantity.quantity>901.779814</out_Quantity.quantity></Point><Point><position>11683</position><in_Quantity.quantity>0.000000</in_Quantity.quantity><out_Quantity.quantity>379.947509</out_Quantity.quantity></Point><Point><position>11684</position><in_Quantity.quantity>0.000000</in_Quantity.quantity><out_Quantity.quantity>541.967043</out_Quantity.quantity></Point><Point><position>11685</position><in_Quantity.quantity>0.000000</in_Quantity.quantity><out_Quantity.quantity>285.700557</out_Quantity.quantity></Point><Point><position>11686</position><in_Quantity.quantity>0.000000</in_Quantity.quantity><out_Quantity.quantity>887.098760</out_Quantity.quantity></Point><Point><position>11687</position><in_Quantity.quantity>0.000000</in_Quantity.quantity><out_Quantity.quantity>592.236803</out_Quantity.quantity></Point><Point><position>11688</position><in_Quantity.quantity>0.000000</in_Quantity.quantity><out_Quantity.quantity>561.269812</out_Quantity.quantity></Point><Point><position>11689</position><in_Quantity.quantity>0.000000</in_Quantity.quantity><out_Quantity.quantity>784.980371</out_Quantity.quantity></Point><Point><position>11690</position><in_Quantity.quantity>0.000000</in_Quantity.quantity><out_Quantity.quantity>258.044290</out_Quantity.quantity></Point><Point><position>11691</position><in_Quantity.quantity>0.000000</in_Quantity.quantity><out_Quantity.quantity>373.638197</out_Quantity.quantity></Point><Point><position>11692</position><in_Quantity.quantity>0.000000</in_Quantity.quantity><out_Quantity.quantity>933.277293</out_Quantity.quantity></Point><Point><position>11693</position><in_Quantity.quantity>0.000000</in_Quantity.quantity><out_Quantity.quantity>240.983676</out_Quantity.quantity></Point><Point><position>11694</position><in_Quantity.quantity>0.000000</in_Quantity.quantity><out_Quantity.quantity>995.059810</out_Quantity.quantity></Point><Point><position>11695</position><in_Quantity.quantity>0.000000</in_Quantity.quantity><out_Quantity.quantity>321.258833</out_Quantity.quantity></Point><Point><position>11696</position><in_Quantity.quantity>0.000000</in_Quantity.quantity><out_Quantity.quantity>194.880717</out_Quantity.quantity></Point><Point><position>11697</position><in_Quantity.quantity>0.000000</in_Quantity.quantity><out_Quantity.quantity>895.355027</out_Quantity.quantity></Point><Point><position>11698</position><in_Quantity.quantity>0.000000</in_Quantity.quantity><out_Quantity.quantity>751.346521</out_Quantity.quantity></Point><Point><position>11699</position><in_Quantity.quantity>0.000000</in_Quantity.quantity><out_Quantity.quantity>312.658879</out_Quantity.quantity></Point><Point><position>11700</position><in_Quantity.quantity>0.000000</in_Quantity.quantity><out_Quantity.quantity>942.243755</out_Quantity.quantity></Point><Point><position>11701</position><in_Quantity.quantity>0.000000</in_Quantity.quantity><out_Quantity.quantity>805.868930</out_Quantity.quantity></Point><Point><position>11702</position><in_Quantity.quantity>0.000000</in_Quantity.quantity><out_Quantity.quantity>636.458811</out_Quantity.quantity></Point><Point><position>11703</position><in_Quantity.quantity>0.000000</in_Quantity.quantity><out_Quantity.quantity>406.159335</out_Quantity.quantity></Point><Point><position>11704</position><in_Quantity.quantity>0.000000</in_Quantity.quantity><out_Quantity.quantity>747.469108</out_Quantity.quantity></Point><Point><position>11705</position><in_Quantity.quantity>0.000000</in_Quantity.quantity><out_Quantity.quantity>216.904280</out_Quantity.quantity></Point><Point><position>11706</position><in_Quantity.quantity>0.000000</in_Quantity.quantity><out_Quantity.quantity>258.808981</out_Quantity.quantity></Point><Point><position>11707</position><in_Quantity.quantity>0.000000</in_Quantity.quantity><out_Quantity.quantity>42.791608</out_Quantity.quantity></Point><Point><position>11708</position><in_Quantity.quantity>0.000000</in_Quantity.quantity><out_Quantity.quantity>798.383789</out_Quantity.quantity></Point><Point><position>11709</position><in_Quantity.quantity>0.000000</in_Quantity.quantity><out_Quantity.quantity>424.320472</out_Quantity.quantity></Point><Point><position>11710</position><in_Quantity.quantity>0.000000</in_Quantity.quantity><out_Quantity.quantity>375.937740</out_Quantity.quantity></Point><Point><position>11711</position><in_Quantity.quantity>0.000000</in_Quantity.quantity><out_Quantity.quantity>578.606491</out_Quantity.quantity></Point><Point><position>11712</position><in_Quantity.quantity>0.000000</in_Quantity.quantity><out_Quantity.quantity>516.143243</out_Quantity.quantity></Point><Point><position>11713</position><in_Quantity.quantity>0.000000</in_Quantity.quantity><out_Quantity.quantity>956.126775</out_Quantity.quantity></Point><Point><position>11714</position><in_Quantity.quantity>0.000000</in_Quantity.quantity><out_Quantity.quantity>670.932110</out_Quantity.quantity></Point><Point><position>11715</position><in_Quantity.quantity>0.000000</in_Quantity.quantity><out_Quantity.quantity>661.794579</out_Quantity.quantity></Point><Point><position>11716</position><in_Quantity.quantity>0.000000</in_Quantity.quantity><out_Quantity.quantity>640.029916</out_Quantity.quantity></Point><Point><position>11717</position><in_Quantity.quantity>0.000000</in_Quantity.quantity><out_Quantity.quantity>134.844464</out_Quantity.quantity></Point><Point><position>11718</position><in_Quantity.quantity>0.000000</in_Quantity.quantity><out_Quantity.quantity>211.758295</out_Quantity.quantity></Point><Point><position>11719</position><in_Quantity.quantity>0.000000</in_Quantity.quantity><out_Quantity.quantity>732.703499</out_Quantity.quantity></Point><Point><position>11720</position><in_Quantity.quantity>0.000000</in_Quantity.quantity><out_Quantity.quantity>405.395132</out_Quantity.quantity></Point><Point><position>11721</position><in_Quantity.quantity>0.000000</in_Quantity.quantity><out_Quantity.quantity>776.798556</out_Quantity.quantity></Point><Point><position>11722</position><in_Quantity.quantity>0.000000</in_Quantity.quantity><out_Quantity.quantity>183.391203</out_Quantity.quantity></Point><Point><position>11723</position><in_Quantity.quantity>0.000000</in_Quantity.quantity><out_Quantity.quantity>217.149250</out_Quantity.quantity></Point><Point><position>11724</position><in_Quantity.quantity>0.000000</in_Quantity.quantity><out_Quantity.quantity>76.172813</out_Quantity.quantity></Point><Point><position>11725</position><in_Quantity.quantity>0.000000</in_Quantity.quantity><out_Quantity.quantity>84.712211</out_Quantity.quantity></Point><Point><position>11726</position><in_Quantity.quantity>0.000000</in_Quantity.quantity><out_Quantity.quantity>416.756641</out_Quantity.quantity></Point><Point><position>11727</position><in_Quantity.quantity>0.000000</in_Quantity.quantity><out_Quantity.quantity>688.644624</out_Quantity.quantity></Point><Point><position>11728</position><in_Quantity.quantity>0.000000</in_Quantity.quantity><out_Quantity.quantity>168.858085</out_Quantity.quantity></Point><Point><position>11729</position><in_Quantity.quantity>0.000000</in_Quantity.quantity><out_Quantity.quantity>638.947138</out_Quantity.quantity></Point><Point><position>11730</position><in_Quantity.quantity>0.000000</in_Quantity.quantity><out_Quantity.quantity>428.415530</out_Quantity.quantity></Point><Point><position>11731</position><in_Quantity.quantity>0.000000</in_Quantity.quantity><out_Quantity.quantity>232.545968</out_Quantity.quantity></Point><Point><position>11732</position><in_Quantity.quantity>0.000000</in_Quantity.quantity><out_Quantity.quantity>399.999621</out_Quantity.quantity></Point><Point><position>11733</position><in_Quantity.quantity>0.000000</in_Quantity.quantity><out_Quantity.quantity>596.380125</out_Quantity.quantity></Point><Point><position>11734</position><in_Quantity.quantity>0.000000</in_Quantity.quantity><out_Quantity.quantity>190.054285</out_Quantity.quantity></Point><Point><position>11735</position><in_Quantity.quantity>0.000000</in_Quantity.quantity><out_Quantity.quantity>294.494776</out_Quantity.quantity></Point><Point><position>11736</position><in_Quantity.quantity>0.000000</in_Quantity.quantity><out_Quantity.quantity>175.968942</out_Quantity.quantity></Point><Point><position>11737</position><in_Quantity.quantity>0.000000</in_Quantity.quantity><out_Quantity.quantity>654.510453</out_Quantity.quantity></Point><Point><position>11738</position><in_Quantity.quantity>0.000000</in_Quantity.quantity><out_Quantity.quantity>79.366182</out_Quantity.quantity></Point><Point><position>11739</position><in_Quantity.quantity>0.000000</in_Quantity.quantity><out_Quantity.quantity>346.295023</out_Quantity.quantity></Point><Point><position>11740</position><in_Quantity.quantity>0.000000</in_Quantity.quantity><out_Quantity.quantity>262.665463</out_Quantity.quantity></Point><Point><position>11741</position><in_Quantity.quantity>0.000000</in_Quantity.quantity><out_Quantity.quantity>803.074826</out_Quantity.quantity></Point><Point><position>11742</position><in_Quantity.quantity>0.000000</in_Quantity.quantity><out_Quantity.quantity>224.128691</out_Quantity.quantity></Point><Point><position>11743</position><in_Quantity.quantity>0.000000</in_Quantity.quantity><out_Quantity.quantity>209.470995</out_Quantity.quantity></Point><Point><position>11744</position><in_Quantity.quantity>0.000000</in_Quantity.quantity><out_Quantity.quantity>704.541731</out_Quantity.quantity></Point><Point><position>11745</position><in_Quantity.quantity>0.000000</in_Quantity.quantity><out_Quantity.quantity>140.216540</out_Quantity.quantity></Point><Point><position>11746</position><in_Quantity.quantity>0.000000</in_Quantity.quantity><out_Quantity.quantity>236.992101</out_Quantity.quantity></Point><Point><position>11747</position><in_Quantity.quantity>0.000000</in_Quantity.quantity><out_Quantity.quantity>909.435797</out_Quantity.quantity></Point><Point><position>11748</position><in_Quantity.quantity>0.000000</in_Quantity.quantity><out_Quantity.quantity>400.585311</out_Quantity.quantity></Point><Point><position>11749</position><in_Quantity.quantity>0.000000</in_Quantity.quantity><out_Quantity.quantity>843.496162</out_Quantity.quantity></Point><Point><position>11750</position><in_Quantity.quantity>0.000000</in_Quantity.quantity><out_Quantity.quantity>292.457419</out_Quantity.quantity></Point><Point><position>11751</position><in_Quantity.quantity>0.000000</in_Quantity.quantity><out_Quantity.quantity>917.227159</out_Quantity.quantity></Point><Point><position>11752</position><in_Quantity.quantity>0.000000</in_Quantity.quantity><out_Quantity.quantity>261.979939</out_Quantity.quantity></Point><Point><position>11753</position><in_Quantity.quantity>0.000000</in_Quantity.quantity><out_Quantity.quantity>619.107672</out_Quantity.quantity></Point><Point><position>11754</position><in_Quantity.quantity>0.000000</in_Quantity.quantity><out_Quantity.quantity>629.571379</out_Quantity.quantity></Point><Point><position>11755</position><in_Quantity.quantity>0.000000</in_Quantity.quantity><out_Quantity.quantity>896.564300</out_Quantity.quantity></Point><Point><position>11756</position><in_Quantity.quantity>0.000000</in_Quantity.quantity><out_Quantity.quantity>842.778818</out_Quantity.quantity></Point><Point><position>11757</position><in_Quantity.quantity>0.000000</in_Quantity.quantity><out_Quantity.quantity>735.947055</out_Quantity.quantity></Point><Point><position>11758</position><in_Quantity.quantity>0.000000</in_Quantity.quantity><out_Quantity.quantity>301.597622</out_Quantity.quantity></Point><Point><position>11759</position><in_Quantity.quantity>0.000000</in_Quantity.quantity><out_Quantity.quantity>157.634141</out_Quantity.quantity></Point><Point><position>11760</position><in_Quantity.quantity>0.000000</in_Quantity.quantity><out_Quantity.quantity>995.577197</out_Quantity.quantity></Point><Point><position>11761</position><in_Quantity.quantity>0.000000</in_Quantity.quantity><out_Quantity.quantity>187.772842</out_Quantity.quantity></Point><Point><position>11762</position><in_Quantity.quantity>0.000000</in_Quantity.quantity><out_Quantity.quantity>447.856497</out_Quantity.quantity></Point><Point><position>11763</position><in_Quantity.quantity>0.000000</in_Quantity.quantity><out_Quantity.quantity>208.193592</out_Quantity.quantity></Point><Point><position>11764</position><in_Quantity.quantity>0.000000</in_Quantity.quantity><out_Quantity.quantity>874.288609</out_Quantity.quantity></Point><Point><position>11765</position><in_Quantity.quantity>0.000000</in_Quantity.quantity><out_Quantity.quantity>174.829319</out_Quantity.quantity></Point><Point><position>11766</position><in_Quantity.quantity>0.000000</in_Quantity.quantity><out_Quantity.quantity>517.875530</out_Quantity.quantity></Point><Point><position>11767</position><in_Quantity.quantity>0.000000</in_Quantity.quantity><out_Quantity.quantity>593.624665</out_Quantity.quantity></Point><Point><position>11768</position><in_Quantity.quantity>0.000000</in_Quantity.quantity><out_Quantity.quantity>645.704705</out_Quantity.quantity></Point><Point><position>11769</position><in_Quantity.quantity>0.000000</in_Quantity.quantity><out_Quantity.quantity>731.773214</out_Quantity.quantity></Point><Point><position>11770</position><in_Quantity.quantity>0.000000</in_Quantity.quantity><out_Quantity.quantity>839.918855</out_Quantity.quantity></Point><Point><position>11771</position><in_Quantity.quantity>0.000000</in_Quantity.quantity><out_Quantity.quantity>247.255741</out_Quantity.quantity></Point><Point><position>11772</position><in_Quantity.quantity>0.000000</in_Quantity.quantity><out_Quantity.quantity>471.396868</out_Quantity.quantity></Point><Point><position>11773</position><in_Quantity.quantity>0.000000</in_Quantity.quantity><out_Quantity.quantity>684.673759</out_Quantity.quantity></Point><Point><position>11774</position><in_Quantity.quantity>0.000000</in_Quantity.quantity><out_Quantity.quantity>470.645267</out_Quantity.quantity></Point><Point><position>11775</position><in_Quantity.quantity>0.000000</in_Quantity.quantity><out_Quantity.quantity>61.661151</out_Quantity.quantity></Point><Point><position>11776</position><in_Quantity.quantity>0.000000</in_Quantity.quantity><out_Quantity.quantity>81.725869</out_Quantity.quantity></Point><Point><position>11777</position><in_Quantity.quantity>0.000000</in_Quantity.quantity><out_Quantity.quantity>410.851642</out_Quantity.quantity></Point><Point><position>11778</position><in_Quantity.quantity>0.000000</in_Quantity.quantity><out_Quantity.quantity>356.749299</out_Quantity.quantity></Point><Point><position>11779</position><in_Quantity.quantity>0.000000</in_Quantity.quantity><out_Quantity.quantity>50.000684</out_Quantity.quantity></Point><Point><position>11780</position><in_Quantity.quantity>0.000000</in_Quantity.quantity><out_Quantity.quantity>214.827918</out_Quantity.quantity></Point><Point><position>11781</position><in_Quantity.quantity>0.000000</in_Quantity.quantity><out_Quantity.quantity>676.360527</out_Quantity.quantity></Point><Point><position>11782</position><in_Quantity.quantity>0.000000</in_Quantity.quantity><out_Quantity.quantity>201.905506</out_Quantity.quantity></Point><Point><position>11783</position><in_Quantity.quantity>0.000000</in_Quantity.quantity><out_Quantity.quantity>81.340611</out_Quantity.quantity></Point><Point><position>11784</position><in_Quantity.quantity>0.000000</in_Quantity.quantity><out_Quantity.quantity>918.290919</out_Quantity.quantity></Point><Point><position>11785</position><in_Quantity.quantity>0.000000</in_Quantity.quantity><out_Quantity.quantity>63.913075</out_Quantity.quantity></Point><Point><position>11786</position><in_Quantity.quantity>0.000000</in_Quantity.quantity><out_Quantity.quantity>975.195720</out_Quantity.quantity></Point><Point><position>11787</position><in_Quantity.quantity>0.000000</in_Quantity.quantity><out_Quantity.quantity>595.351651</out_Quantity.quantity></Point><Point><position>11788</position><in_Quantity.quantity>0.000000</in_Quantity.quantity><out_Quantity.quantity>241.510011</out_Quantity.quantity></Point><Point><position>11789</position><in_Quantity.quantity>0.000000</in_Quantity.quantity><out_Quantity.quantity>66.015505</out_Quantity.quantity></Point><Point><position>11790</position><in_Quantity.quantity>0.000000</in_Quantity.quantity><out_Quantity.quantity>586.028060</out_Quantity.quantity></Point><Point><position>11791</position><in_Quantity.quantity>0.000000</in_Quantity.quantity><out_Quantity.quantity>805.137649</out_Quantity.quantity></Point><Point><position>11792</position><in_Quantity.quantity>0.000000</in_Quantity.quantity><out_Quantity.quantity>170.230650</out_Quantity.quantity></Point><Point><position>11793</position><in_Quantity.quantity>0.000000</in_Quantity.quantity><out_Quantity.quantity>148.157834</out_Quantity.quantity></Point><Point><position>11794</position><in_Quantity.quantity>0.000000</in_Quantity.quantity><out_Quantity.quantity>523.173918</out_Quantity.quantity></Point><Point><position>11795</position><in_Quantity.quantity>0.000000</in_Quantity.quantity><out_Quantity.quantity>554.245455</out_Quantity.quantity></Point><Point><position>11796</position><in_Quantity.quantity>0.000000</in_Quantity.quantity><out_Quantity.quantity>375.294939</out_Quantity.quantity></Point><Point><position>11797</position><in_Quantity.quantity>0.000000</in_Quantity.quantity><out_Quantity.quantity>498.374030</out_Quantity.quantity></Point><Point><position>11798</position><in_Quantity.quantity>0.000000</in_Quantity.quantity><out_Quantity.quantity>80.341879</out_Quantity.quantity></Point><Point><position>11799</position><in_Quantity.quantity>0.000000</in_Quantity.quantity><out_Quantity.quantity>359.610264</out_Quantity.quantity></Point><Point><position>11800</position><in_Quantity.quantity>0.000000</in_Quantity.quantity><out_Quantity.quantity>14.900822</out_Quantity.quantity></Point><Point><position>11801</position><in_Quantity.quantity>0.000000</in_Quantity.quantity><out_Quantity.quantity>465.488850</out_Quantity.quantity></Point><Point><position>11802</position><in_Quantity.quantity>0.000000</in_Quantity.quantity><out_Quantity.quantity>577.952011</out_Quantity.quantity></Point><Point><position>11803</position><in_Quantity.quantity>0.000000</in_Quantity.quantity><out_Quantity.quantity>782.100397</out_Quantity.quantity></Point><Point><position>11804</position><in_Quantity.quantity>0.000000</in_Quantity.quantity><out_Quantity.quantity>630.403798</out_Quantity.quantity></Point><Point><position>11805</position><in_Quantity.quantity>0.000000</in_Quantity.quantity><out_Quantity.quantity>420.928809</out_Quantity.quantity></Point><Point><position>11806</position><in_Quantity.quantity>0.000000</in_Quantity.quantity><out_Quantity.quantity>579.699093</out_Quantity.quantity></Point><Point><position>11807</position><in_Quantity.quantity>0.000000</in_Quantity.quantity><out_Quantity.quantity>655.161644</out_Quantity.quantity></Point><Point><position>11808</position><in_Quantity.quantity>0.000000</in_Quantity.quantity><out_Quantity.quantity>493.834039</out_Quantity.quantity></Point><Point><position>11809</position><in_Quantity.quantity>0.000000</in_Quantity.quantity><out_Quantity.quantity>771.984124</out_Quantity.quantity></Point><Point><position>11810</position><in_Quantity.quantity>0.000000</in_Quantity.quantity><out_Quantity.quantity>231.104379</out_Quantity.quantity></Point><Point><position>11811</position><in_Quantity.quantity>0.000000</in_Quantity.quantity><out_Quantity.quantity>336.205263</out_Quantity.quantity></Point><Point><position>11812</position><in_Quantity.quantity>0.000000</in_Quantity.quantity><out_Quantity.quantity>742.927735</out_Quantity.quantity></Point><Point><position>11813</position><in_Quantity.quantity>0.000000</in_Quantity.quantity><out_Quantity.quantity>856.330689</out_Quantity.quantity></Point><Point><position>11814</position><in_Quantity.quantity>0.000000</in_Quantity.quantity><out_Quantity.quantity>521.558144</out_Quantity.quantity></Point><Point><position>11815</position><in_Quantity.quantity>0.000000</in_Quantity.quantity><out_Quantity.quantity>960.689761</out_Quantity.quantity></Point><Point><position>11816</position><in_Quantity.quantity>0.000000</in_Quantity.quantity><out_Quantity.quantity>134.725386</out_Quantity.quantity></Point><Point><position>11817</position><in_Quantity.quantity>0.000000</in_Quantity.quantity><out_Quantity.quantity>870.637226</out_Quantity.quantity></Point><Point><position>11818</position><in_Quantity.quantity>0.000000</in_Quantity.quantity><out_Quantity.quantity>559.839371</out_Quantity.quantity></Point><Point><position>11819</position><in_Quantity.quantity>0.000000</in_Quantity.quantity><out_Quantity.quantity>162.135027</out_Quantity.quantity></Point><Point><position>11820</position><in_Quantity.quantity>0.000000</in_Quantity.quantity><out_Quantity.quantity>986.041287</out_Quantity.quantity></Point><Point><position>11821</position><in_Quantity.quantity>0.000000</in_Quantity.quantity><out_Quantity.quantity>773.321674</out_Quantity.quantity></Point><Point><position>11822</position><in_Quantity.quantity>0.000000</in_Quantity.quantity><out_Quantity.quantity>857.581014</out_Quantity.quantity></Point><Point><position>11823</position><in_Quantity.quantity>0.000000</in_Quantity.quantity><out_Quantity.quantity>447.954595</out_Quantity.quantity></Point><Point><position>11824</position><in_Quantity.quantity>0.000000</in_Quantity.quantity><out_Quantity.quantity>765.038578</out_Quantity.quantity></Point><Point><position>11825</position><in_Quantity.quantity>0.000000</in_Quantity.quantity><out_Quantity.quantity>182.053463</out_Quantity.quantity></Point><Point><position>11826</position><in_Quantity.quantity>0.000000</in_Quantity.quantity><out_Quantity.quantity>858.600503</out_Quantity.quantity></Point><Point><position>11827</position><in_Quantity.quantity>0.000000</in_Quantity.quantity><out_Quantity.quantity>972.722697</out_Quantity.quantity></Point><Point><position>11828</position><in_Quantity.quantity>0.000000</in_Quantity.quantity><out_Quantity.quantity>905.121859</out_Quantity.quantity></Point><Point><position>11829</position><in_Quantity.quantity>0.000000</in_Quantity.quantity><out_Quantity.quantity>422.563310</out_Quantity.quantity></Point><Point><position>11830</position><in_Quantity.quantity>0.000000</in_Quantity.quantity><out_Quantity.quantity>293.818842</out_Quantity.quantity></Point><Point><position>11831</position><in_Quantity.quantity>0.000000</in_Quantity.quantity><out_Quantity.quantity>156.914652</out_Quantity.quantity></Point><Point><position>11832</position><in_Quantity.quantity>0.000000</in_Quantity.quantity><out_Quantity.quantity>496.237834</out_Quantity.quantity></Point><Point><position>11833</position><in_Quantity.quantity>0.000000</in_Quantity.quantity><out_Quantity.quantity>819.935844</out_Quantity.quantity></Point><Point><position>11834</position><in_Quantity.quantity>0.000000</in_Quantity.quantity><out_Quantity.quantity>847.387811</out_Quantity.quantity></Point><Point><position>11835</position><in_Quantity.quantity>0.000000</in_Quantity.quantity><out_Quantity.quantity>634.459572</out_Quantity.quantity></Point><Point><position>11836</position><in_Quantity.quantity>0.000000</in_Quantity.quantity><out_Quantity.quantity>345.062997</out_Quantity.quantity></Point><Point><position>11837</position><in_Quantity.quantity>0.000000</in_Quantity.quantity><out_Quantity.quantity>202.351106</out_Quantity.quantity></Point><Point><position>11838</position><in_Quantity.quantity>0.000000</in_Quantity.quantity><out_Quantity.quantity>177.516211</out_Quantity.quantity></Point><Point><position>11839</position><in_Quantity.quantity>0.000000</in_Quantity.quantity><out_Quantity.quantity>501.149113</out_Quantity.quantity></Point><Point><position>11840</position><in_Quantity.quantity>0.000000</in_Quantity.quantity><out_Quantity.quantity>282.659594</out_Quantity.quantity></Point><Point><position>11841</position><in_Quantity.quantity>0.000000</in_Quantity.quantity><out_Quantity.quantity>586.821417</out_Quantity.quantity></Point><Point><position>11842</position><in_Quantity.quantity>0.000000</in_Quantity.quantity><out_Quantity.quantity>546.027984</out_Quantity.quantity></Point><Point><position>11843</position><in_Quantity.quantity>0.000000</in_Quantity.quantity><out_Quantity.quantity>261.773588</out_Quantity.quantity></Point><Point><position>11844</position><in_Quantity.quantity>0.000000</in_Quantity.quantity><out_Quantity.quantity>474.951959</out_Quantity.quantity></Point><Point><position>11845</position><in_Quantity.quantity>0.000000</in_Quantity.quantity><out_Quantity.quantity>776.275795</out_Quantity.quantity></Point><Point><position>11846</position><in_Quantity.quantity>0.000000</in_Quantity.quantity><out_Quantity.quantity>799.659346</out_Quantity.quantity></Point><Point><position>11847</position><in_Quantity.quantity>0.000000</in_Quantity.quantity><out_Quantity.quantity>638.268740</out_Quantity.quantity></Point><Point><position>11848</position><in_Quantity.quantity>0.000000</in_Quantity.quantity><out_Quantity.quantity>937.359923</out_Quantity.quantity></Point><Point><position>11849</position><in_Quantity.quantity>0.000000</in_Quantity.quantity><out_Quantity.quantity>475.855503</out_Quantity.quantity></Point><Point><position>11850</position><in_Quantity.quantity>0.000000</in_Quantity.quantity><out_Quantity.quantity>586.625024</out_Quantity.quantity></Point><Point><position>11851</position><in_Quantity.quantity>0.000000</in_Quantity.quantity><out_Quantity.quantity>516.785752</out_Quantity.quantity></Point><Point><position>11852</position><in_Quantity.quantity>0.000000</in_Quantity.quantity><out_Quantity.quantity>798.837308</out_Quantity.quantity></Point><Point><position>11853</position><in_Quantity.quantity>0.000000</in_Quantity.quantity><out_Quantity.quantity>136.808569</out_Quantity.quantity></Point><Point><position>11854</position><in_Quantity.quantity>0.000000</in_Quantity.quantity><out_Quantity.quantity>481.701344</out_Quantity.quantity></Point><Point><position>11855</position><in_Quantity.quantity>0.000000</in_Quantity.quantity><out_Quantity.quantity>771.910080</out_Quantity.quantity></Point><Point><position>11856</position><in_Quantity.quantity>0.000000</in_Quantity.quantity><out_Quantity.quantity>319.042764</out_Quantity.quantity></Point><Point><position>11857</position><in_Quantity.quantity>0.000000</in_Quantity.quantity><out_Quantity.quantity>79.937661</out_Quantity.quantity></Point><Point><position>11858</position><in_Quantity.quantity>0.000000</in_Quantity.quantity><out_Quantity.quantity>371.728188</out_Quantity.quantity></Point><Point><position>11859</position><in_Quantity.quantity>0.000000</in_Quantity.quantity><out_Quantity.quantity>731.016048</out_Quantity.quantity></Point><Point><position>11860</position><in_Quantity.quantity>0.000000</in_Quantity.quantity><out_Quantity.quantity>19.161722</out_Quantity.quantity></Point><Point><position>11861</position><in_Quantity.quantity>0.000000</in_Quantity.quantity><out_Quantity.quantity>371.762885</out_Quantity.quantity></Point><Point><position>11862</position><in_Quantity.quantity>0.000000</in_Quantity.quantity><out_Quantity.quantity>278.941488</out_Quantity.quantity></Point><Point><position>11863</position><in_Quantity.quantity>0.000000</in_Quantity.quantity><out_Quantity.quantity>561.890540</out_Quantity.quantity></Point><Point><position>11864</position><in_Quantity.quantity>0.000000</in_Quantity.quantity><out_Quantity.quantity>844.545043</out_Quantity.quantity></Point><Point><position>11865</position><in_Quantity.quantity>0.000000</in_Quantity.quantity><out_Quantity.quantity>363.229254</out_Quantity.quantity></Point><Point><position>11866</position><in_Quantity.quantity>0.000000</in_Quantity.quantity><out_Quantity.quantity>953.821066</out_Quantity.quantity></Point><Point><position>11867</position><in_Quantity.quantity>0.000000</in_Quantity.quantity><out_Quantity.quantity>945.737596</out_Quantity.quantity></Point><Point><position>11868</position><in_Quantity.quantity>0.000000</in_Quantity.quantity><out_Quantity.quantity>553.278350</out_Quantity.quantity></Point><Point><position>11869</position><in_Quantity.quantity>0.000000</in_Quantity.quantity><out_Quantity.quantity>196.015410</out_Quantity.quantity></Point><Point><position>11870</position><in_Quantity.quantity>0.000000</in_Quantity.quantity><out_Quantity.quantity>589.729615</out_Quantity.quantity></Point><Point><position>11871</position><in_Quantity.quantity>0.000000</in_Quantity.quantity><out_Quantity.quantity>386.546676</out_Quantity.quantity></Point><Point><position>11872</position><in_Quantity.quantity>0.000000</in_Quantity.quantity><out_Quantity.quantity>960.119067</out_Quantity.quantity></Point><Point><position>11873</position><in_Quantity.quantity>0.000000</in_Quantity.quantity><out_Quantity.quantity>179.554144</out_Quantity.quantity></Point><Point><position>11874</position><in_Quantity.quantity>0.000000</in_Quantity.quantity><out_Quantity.quantity>15.643931</out_Quantity.quantity></Point><Point><position>11875</position><in_Quantity.quantity>0.000000</in_Quantity.quantity><out_Quantity.quantity>309.469095</out_Quantity.quantity></Point><Point><position>11876</position><in_Quantity.quantity>0.000000</in_Quantity.quantity><out_Quantity.quantity>163.143272</out_Quantity.quantity></Point><Point><position>11877</position><in_Quantity.quantity>0.000000</in_Quantity.quantity><out_Quantity.quantity>679.988645</out_Quantity.quantity></Point><Point><position>11878</position><in_Quantity.quantity>0.000000</in_Quantity.quantity><out_Quantity.quantity>955.978905</out_Quantity.quantity></Point><Point><position>11879</position><in_Quantity.quantity>0.000000</in_Quantity.quantity><out_Quantity.quantity>433.379875</out_Quantity.quantity></Point><Point><position>11880</position><in_Quantity.quantity>0.000000</in_Quantity.quantity><out_Quantity.quantity>902.237640</out_Quantity.quantity></Point><Point><position>11881</position><in_Quantity.quantity>0.000000</in_Quantity.quantity><out_Quantity.quantity>936.218884</out_Quantity.quantity></Point><Point><position>11882</position><in_Quantity.quantity>0.000000</in_Quantity.quantity><out_Quantity.quantity>470.260639</out_Quantity.quantity></Point><Point><position>11883</position><in_Quantity.quantity>0.000000</in_Quantity.quantity><out_Quantity.quantity>966.557504</out_Quantity.quantity></Point><Point><position>11884</position><in_Quantity.quantity>0.000000</in_Quantity.quantity><out_Quantity.quantity>277.738292</out_Quantity.quantity></Point><Point><position>11885</position><in_Quantity.quantity>0.000000</in_Quantity.quantity><out_Quantity.quantity>806.669900</out_Quantity.quantity></Point><Point><position>11886</position><in_Quantity.quantity>0.000000</in_Quantity.quantity><out_Quantity.quantity>533.233864</out_Quantity.quantity></Point><Point><position>11887</position><in_Quantity.quantity>0.000000</in_Quantity.quantity><out_Quantity.quantity>461.546037</out_Quantity.quantity></Point><Point><position>11888</position><in_Quantity.quantity>0.000000</in_Quantity.quantity><out_Quantity.quantity>908.557930</out_Quantity.quantity></Point><Point><position>11889</position><in_Quantity.quantity>0.000000</in_Quantity.quantity><out_Quantity.quantity>852.598151</out_Quantity.quantity></Point><Point><position>11890</position><in_Quantity.quantity>0.000000</in_Quantity.quantity><out_Quantity.quantity>379.452807</out_Quantity.quantity></Point><Point><position>11891</position><in_Quantity.quantity>0.000000</in_Quantity.quantity><out_Quantity.quantity>731.584710</out_Quantity.quantity></Point><Point><position>11892</position><in_Quantity.quantity>0.000000</in_Quantity.quantity><out_Quantity.quantity>778.052650</out_Quantity.quantity></Point><Point><position>11893</position><in_Quantity.quantity>0.000000</in_Quantity.quantity><out_Quantity.quantity>708.590506</out_Quantity.quantity></Point><Point><position>11894</position><in_Quantity.quantity>0.000000</in_Quantity.quantity><out_Quantity.quantity>698.730044</out_Quantity.quantity></Point><Point><position>11895</position><in_Quantity.quantity>0.000000</in_Quantity.quantity><out_Quantity.quantity>751.693466</out_Quantity.quantity></Point><Point><position>11896</position><in_Quantity.quantity>0.000000</in_Quantity.quantity><out_Quantity.quantity>244.127037</out_Quantity.quantity></Point><Point><position>11897</position><in_Quantity.quantity>0.000000</in_Quantity.quantity><out_Quantity.quantity>202.001709</out_Quantity.quantity></Point><Point><position>11898</position><in_Quantity.quantity>0.000000</in_Quantity.quantity><out_Quantity.quantity>620.787019</out_Quantity.quantity></Point><Point><position>11899</position><in_Quantity.quantity>0.000000</in_Quantity.quantity><out_Quantity.quantity>844.390947</out_Quantity.quantity></Point><Point><position>11900</position><in_Quantity.quantity>0.000000</in_Quantity.quantity><out_Quantity.quantity>738.242716</out_Quantity.quantity></Point><Point><position>11901</position><in_Quantity.quantity>0.000000</in_Quantity.quantity><out_Quantity.quantity>995.580660</out_Quantity.quantity></Point><Point><position>11902</position><in_Quantity.quantity>0.000000</in_Quantity.quantity><out_Quantity.quantity>61.766960</out_Quantity.quantity></Point><Point><position>11903</position><in_Quantity.quantity>0.000000</in_Quantity.quantity><out_Quantity.quantity>139.627958</out_Quantity.quantity></Point><Point><position>11904</position><in_Quantity.quantity>0.000000</in_Quantity.quantity><out_Quantity.quantity>878.622616</out_Quantity.quantity></Point><Point><position>11905</position><in_Quantity.quantity>0.000000</in_Quantity.quantity><out_Quantity.quantity>705.087596</out_Quantity.quantity></Point><Point><position>11906</position><in_Quantity.quantity>0.000000</in_Quantity.quantity><out_Quantity.quantity>444.171452</out_Quantity.quantity></Point><Point><position>11907</position><in_Quantity.quantity>0.000000</in_Quantity.quantity><out_Quantity.quantity>427.512430</out_Quantity.quantity></Point><Point><position>11908</position><in_Quantity.quantity>0.000000</in_Quantity.quantity><out_Quantity.quantity>160.521858</out_Quantity.quantity></Point><Point><position>11909</position><in_Quantity.quantity>0.000000</in_Quantity.quantity><out_Quantity.quantity>406.847700</out_Quantity.quantity></Point><Point><position>11910</position><in_Quantity.quantity>0.000000</in_Quantity.quantity><out_Quantity.quantity>185.725767</out_Quantity.quantity></Point><Point><position>11911</position><in_Quantity.quantity>0.000000</in_Quantity.quantity><out_Quantity.quantity>296.383820</out_Quantity.quantity></Point><Point><position>11912</position><in_Quantity.quantity>0.000000</in_Quantity.quantity><out_Quantity.quantity>996.772948</out_Quantity.quantity></Point><Point><position>11913</position><in_Quantity.quantity>0.000000</in_Quantity.quantity><out_Quantity.quantity>387.200898</out_Quantity.quantity></Point><Point><position>11914</position><in_Quantity.quantity>0.000000</in_Quantity.quantity><out_Quantity.quantity>562.074547</out_Quantity.quantity></Point><Point><position>11915</position><in_Quantity.quantity>0.000000</in_Quantity.quantity><out_Quantity.quantity>689.223736</out_Quantity.quantity></Point><Point><position>11916</position><in_Quantity.quantity>0.000000</in_Quantity.quantity><out_Quantity.quantity>686.153128</out_Quantity.quantity></Point><Point><position>11917</position><in_Quantity.quantity>0.000000</in_Quantity.quantity><out_Quantity.quantity>385.394255</out_Quantity.quantity></Point><Point><position>11918</position><in_Quantity.quantity>0.000000</in_Quantity.quantity><out_Quantity.quantity>746.847528</out_Quantity.quantity></Point><Point><position>11919</position><in_Quantity.quantity>0.000000</in_Quantity.quantity><out_Quantity.quantity>226.048331</out_Quantity.quantity></Point><Point><position>11920</position><in_Quantity.quantity>0.000000</in_Quantity.quantity><out_Quantity.quantity>885.801672</out_Quantity.quantity></Point><Point><position>11921</position><in_Quantity.quantity>0.000000</in_Quantity.quantity><out_Quantity.quantity>942.342163</out_Quantity.quantity></Point><Point><position>11922</position><in_Quantity.quantity>0.000000</in_Quantity.quantity><out_Quantity.quantity>747.136799</out_Quantity.quantity></Point><Point><position>11923</position><in_Quantity.quantity>0.000000</in_Quantity.quantity><out_Quantity.quantity>563.602262</out_Quantity.quantity></Point><Point><position>11924</position><in_Quantity.quantity>0.000000</in_Quantity.quantity><out_Quantity.quantity>932.151759</out_Quantity.quantity></Point><Point><position>11925</position><in_Quantity.quantity>0.000000</in_Quantity.quantity><out_Quantity.quantity>119.381853</out_Quantity.quantity></Point><Point><position>11926</position><in_Quantity.quantity>0.000000</in_Quantity.quantity><out_Quantity.quantity>620.690438</out_Quantity.quantity></Point><Point><position>11927</position><in_Quantity.quantity>0.000000</in_Quantity.quantity><out_Quantity.quantity>2.724781</out_Quantity.quantity></Point><Point><position>11928</position><in_Quantity.quantity>0.000000</in_Quantity.quantity><out_Quantity.quantity>175.656246</out_Quantity.quantity></Point><Point><position>11929</position><in_Quantity.quantity>0.000000</in_Quantity.quantity><out_Quantity.quantity>623.017549</out_Quantity.quantity></Point><Point><position>11930</position><in_Quantity.quantity>0.000000</in_Quantity.quantity><out_Quantity.quantity>533.438404</out_Quantity.quantity></Point><Point><position>11931</position><in_Quantity.quantity>0.000000</in_Quantity.quantity><out_Quantity.quantity>643.317886</out_Quantity.quantity></Point><Point><position>11932</position><in_Quantity.quantity>0.000000</in_Quantity.quantity><out_Quantity.quantity>828.300894</out_Quantity.quantity></Point><Point><position>11933</position><in_Quantity.quantity>0.000000</in_Quantity.quantity><out_Quantity.quantity>864.434095</out_Quantity.quantity></Point><Point><position>11934</position><in_Quantity.quantity>0.000000</in_Quantity.quantity><out_Quantity.quantity>162.736322</out_Quantity.quantity></Point><Point><position>11935</position><in_Quantity.quantity>0.000000</in_Quantity.quantity><out_Quantity.quantity>846.838936</out_Quantity.quantity></Point><Point><position>11936</position><in_Quantity.quantity>0.000000</in_Quantity.quantity><out_Quantity.quantity>199.642769</out_Quantity.quantity></Point><Point><position>11937</position><in_Quantity.quantity>0.000000</in_Quantity.quantity><out_Quantity.quantity>247.768077</out_Quantity.quantity></Point><Point><position>11938</position><in_Quantity.quantity>0.000000</in_Quantity.quantity><out_Quantity.quantity>713.253942</out_Quantity.quantity></Point><Point><position>11939</position><in_Quantity.quantity>0.000000</in_Quantity.quantity><out_Quantity.quantity>603.133914</out_Quantity.quantity></Point><Point><position>11940</position><in_Quantity.quantity>0.000000</in_Quantity.quantity><out_Quantity.quantity>951.278410</out_Quantity.quantity></Point><Point><position>11941</position><in_Quantity.quantity>0.000000</in_Quantity.quantity><out_Quantity.quantity>876.850069</out_Quantity.quantity></Point><Point><position>11942</position><in_Quantity.quantity>0.000000</in_Quantity.quantity><out_Quantity.quantity>795.992917</out_Quantity.quantity></Point><Point><position>11943</position><in_Quantity.quantity>0.000000</in_Quantity.quantity><out_Quantity.quantity>404.683178</out_Quantity.quantity></Point><Point><position>11944</position><in_Quantity.quantity>0.000000</in_Quantity.quantity><out_Quantity.quantity>420.612948</out_Quantity.quantity></Point><Point><position>11945</position><in_Quantity.quantity>0.000000</in_Quantity.quantity><out_Quantity.quantity>766.545727</out_Quantity.quantity></Point><Point><position>11946</position><in_Quantity.quantity>0.000000</in_Quantity.quantity><out_Quantity.quantity>424.852752</out_Quantity.quantity></Point><Point><position>11947</position><in_Quantity.quantity>0.000000</in_Quantity.quantity><out_Quantity.quantity>31.312715</out_Quantity.quantity></Point><Point><position>11948</position><in_Quantity.quantity>0.000000</in_Quantity.quantity><out_Quantity.quantity>358.023379</out_Quantity.quantity></Point><Point><position>11949</position><in_Quantity.quantity>0.000000</in_Quantity.quantity><out_Quantity.quantity>530.936348</out_Quantity.quantity></Point><Point><position>11950</position><in_Quantity.quantity>0.000000</in_Quantity.quantity><out_Quantity.quantity>787.135865</out_Quantity.quantity></Point><Point><position>11951</position><in_Quantity.quantity>0.000000</in_Quantity.quantity><out_Quantity.quantity>49.121121</out_Quantity.quantity></Point><Point><position>11952</position><in_Quantity.quantity>0.000000</in_Quantity.quantity><out_Quantity.quantity>778.182976</out_Quantity.quantity></Point><Point><position>11953</position><in_Quantity.quantity>0.000000</in_Quantity.quantity><out_Quantity.quantity>861.997079</out_Quantity.quantity></Point><Point><position>11954</position><in_Quantity.quantity>0.000000</in_Quantity.quantity><out_Quantity.quantity>504.363963</out_Quantity.quantity></Point><Point><position>11955</position><in_Quantity.quantity>0.000000</in_Quantity.quantity><out_Quantity.quantity>143.677315</out_Quantity.quantity></Point><Point><position>11956</position><in_Quantity.quantity>0.000000</in_Quantity.quantity><out_Quantity.quantity>431.150318</out_Quantity.quantity></Point><Point><position>11957</position><in_Quantity.quantity>0.000000</in_Quantity.quantity><out_Quantity.quantity>314.576667</out_Quantity.quantity></Point><Point><position>11958</position><in_Quantity.quantity>0.000000</in_Quantity.quantity><out_Quantity.quantity>546.629675</out_Quantity.quantity></Point><Point><position>11959</position><in_Quantity.quantity>0.000000</in_Quantity.quantity><out_Quantity.quantity>769.876945</out_Quantity.quantity></Point><Point><position>11960</position><in_Quantity.quantity>0.000000</in_Quantity.quantity><out_Quantity.quantity>1.324876</out_Quantity.quantity></Point><Point><position>11961</position><in_Quantity.quantity>0.000000</in_Quantity.quantity><out_Quantity.quantity>2.031638</out_Quantity.quantity></Point><Point><position>11962</position><in_Quantity.quantity>0.000000</in_Quantity.quantity><out_Quantity.quantity>450.610639</out_Quantity.quantity></Point><Point><position>11963</position><in_Quantity.quantity>0.000000</in_Quantity.quantity><out_Quantity.quantity>270.971313</out_Quantity.quantity></Point><Point><position>11964</position><in_Quantity.quantity>0.000000</in_Quantity.quantity><out_Quantity.quantity>2.530362</out_Quantity.quantity></Point><Point><position>11965</position><in_Quantity.quantity>0.000000</in_Quantity.quantity><out_Quantity.quantity>574.010863</out_Quantity.quantity></Point><Point><position>11966</position><in_Quantity.quantity>0.000000</in_Quantity.quantity><out_Quantity.quantity>317.475685</out_Quantity.quantity></Point><Point><position>11967</position><in_Quantity.quantity>0.000000</in_Quantity.quantity><out_Quantity.quantity>65.118065</out_Quantity.quantity></Point><Point><position>11968</position><in_Quantity.quantity>0.000000</in_Quantity.quantity><out_Quantity.quantity>149.056669</out_Quantity.quantity></Point><Point><position>11969</position><in_Quantity.quantity>0.000000</in_Quantity.quantity><out_Quantity.quantity>590.475171</out_Quantity.quantity></Point><Point><position>11970</position><in_Quantity.quantity>0.000000</in_Quantity.quantity><out_Quantity.quantity>462.037113</out_Quantity.quantity></Point><Point><position>11971</position><in_Quantity.quantity>0.000000</in_Quantity.quantity><out_Quantity.quantity>63.913093</out_Quantity.quantity></Point><Point><position>11972</position><in_Quantity.quantity>0.000000</in_Quantity.quantity><out_Quantity.quantity>461.545823</out_Quantity.quantity></Point><Point><position>11973</position><in_Quantity.quantity>0.000000</in_Quantity.quantity><out_Quantity.quantity>202.977060</out_Quantity.quantity></Point><Point><position>11974</position><in_Quantity.quantity>0.000000</in_Quantity.quantity><out_Quantity.quantity>897.568589</out_Quantity.quantity></Point><Point><position>11975</position><in_Quantity.quantity>0.000000</in_Quantity.quantity><out_Quantity.quantity>375.349183</out_Quantity.quantity></Point><Point><position>11976</position><in_Quantity.quantity>0.000000</in_Quantity.quantity><out_Quantity.quantity>855.868383</out_Quantity.quantity></Point><Point><position>11977</position><in_Quantity.quantity>0.000000</in_Quantity.quantity><out_Quantity.quantity>24.132056</out_Quantity.quantity></Point><Point><position>11978</position><in_Quantity.quantity>0.000000</in_Quantity.quantity><out_Quantity.quantity>884.893420</out_Quantity.quantity></Point><Point><position>11979</position><in_Quantity.quantity>0.000000</in_Quantity.quantity><out_Quantity.quantity>712.508706</out_Quantity.quantity></Point><Point><position>11980</position><in_Quantity.quantity>0.000000</in_Quantity.quantity><out_Quantity.quantity>872.621793</out_Quantity.quantity></Point><Point><position>11981</position><in_Quantity.quantity>0.000000</in_Quantity.quantity><out_Quantity.quantity>225.705022</out_Quantity.quantity></Point><Point><position>11982</position><in_Quantity.quantity>0.000000</in_Quantity.quantity><out_Quantity.quantity>839.873901</out_Quantity.quantity></Point><Point><position>11983</position><in_Quantity.quantity>0.000000</in_Quantity.quantity><out_Quantity.quantity>893.546417</out_Quantity.quantity></Point><Point><position>11984</position><in_Quantity.quantity>0.000000</in_Quantity.quantity><out_Quantity.quantity>277.015103</out_Quantity.quantity></Point><Point><position>11985</position><in_Quantity.quantity>0.000000</in_Quantity.quantity><out_Quantity.quantity>795.343511</out_Quantity.quantity></Point><Point><position>11986</position><in_Quantity.quantity>0.000000</in_Quantity.quantity><out_Quantity.quantity>94.195387</out_Quantity.quantity></Point><Point><position>11987</position><in_Quantity.quantity>0.000000</in_Quantity.quantity><out_Quantity.quantity>784.500653</out_Quantity.quantity></Point><Point><position>11988</position><in_Quantity.quantity>0.000000</in_Quantity.quantity><out_Quantity.quantity>359.831797</out_Quantity.quantity></Point><Point><position>11989</position><in_Quantity.quantity>0.000000</in_Quantity.quantity><out_Quantity.quantity>77.381298</out_Quantity.quantity></Point><Point><position>11990</position><in_Quantity.quantity>0.000000</in_Quantity.quantity><out_Quantity.quantity>773.757673</out_Quantity.quantity></Point><Point><position>11991</position><in_Quantity.quantity>0.000000</in_Quantity.quantity><out_Quantity.quantity>438.387837</out_Quantity.quantity></Point><Point><position>11992</position><in_Quantity.quantity>0.000000</in_Quantity.quantity><out_Quantity.quantity>431.000004</out_Quantity.quantity></Point><Point><position>11993</position><in_Quantity.quantity>0.000000</in_Quantity.quantity><out_Quantity.quantity>271.128392</out_Quantity.quantity></Point><Point><position>11994</position><in_Quantity.quantity>0.000000</in_Quantity.quantity><out_Quantity.quantity>74.458704</out_Quantity.quantity></Point><Point><position>11995</position><in_Quantity.quantity>0.000000</in_Quantity.quantity><out_Quantity.quantity>53.101031</out_Quantity.quantity></Point><Point><position>11996</position><in_Quantity.quantity>0.000000</in_Quantity.quantity><out_Quantity.quantity>373.999046</out_Quantity.quantity></Point><Point><position>11997</position><in_Quantity.quantity>0.000000</in_Quantity.quantity><out_Quantity.quantity>356.683315</out_Quantity.quantity></Point><Point><position>11998</position><in_Quantity.quantity>0.000000</in_Quantity.quantity><out_Quantity.quantity>41.563301</out_Quantity.quantity></Point><Point><position>11999</position><in_Quantity.quantity>0.000000</in_Quantity.quantity><out_Quantity.quantity>190.029719</out_Quantity.quantity></Point><Point><position>12000</position><in_Quantity.quantity>0.000000</in_Quantity.quantity><out_Quantity.quantity>38.123913</out_Quantity.quantity></Point><Point><position>12001</position><in_Quantity.quantity>0.000000</in_Quantity.quantity><out_Quantity.quantity>958.262932</out_Quantity.quantity></Point><Point><position>12002</position><in_Quantity.quantity>0.000000</in_Quantity.quantity><out_Quantity.quantity>305.130940</out_Quantity.quantity></Point><Point><position>12003</position><in_Quantity.quantity>0.000000</in_Quantity.quantity><out_Quantity.quantity>225.191849</out_Quantity.quantity></Point><Point><position>12004</position><in_Quantity.quantity>0.000000</in_Quantity.quantity><out_Quantity.quantity>266.467106</out_Quantity.quantity></Point><Point><position>12005</position><in_Quantity.quantity>0.000000</in_Quantity.quantity><out_Quantity.quantity>396.724262</out_Quantity.quantity></Point><Point><position>12006</position><in_Quantity.quantity>0.000000</in_Quantity.quantity><out_Quantity.quantity>918.635111</out_Quantity.quantity></Point><Point><position>12007</position><in_Quantity.quantity>0.000000</in_Quantity.quantity><out_Quantity.quantity>75.258183</out_Quantity.quantity></Point><Point><position>12008</position><in_Quantity.quantity>0.000000</in_Quantity.quantity><out_Quantity.quantity>17.593306</out_Quantity.quantity></Point><Point><position>12009</position><in_Quantity.quantity>0.000000</in_Quantity.quantity><out_Quantity.quantity>246.602781</out_Quantity.quantity></Point><Point><position>12010</position><in_Quantity.quantity>0.000000</in_Quantity.quantity><out_Quantity.quantity>959.839684</out_Quantity.quantity></Point><Point><position>12011</position><in_Quantity.quantity>0.000000</in_Quantity.quantity><out_Quantity.quantity>259.971787</out_Quantity.quantity></Point><Point><position>12012</position><in_Quantity.quantity>0.000000</in_Quantity.quantity><out_Quantity.quantity>405.319957</out_Quantity.quantity></Point><Point><position>12013</position><in_Quantity.quantity>0.000000</in_Quantity.quantity><out_Quantity.quantity>853.336072</out_Quantity.quantity></Point><Point><position>12014</position><in_Quantity.quantity>0.000000</in_Quantity.quantity><out_Quantity.quantity>678.105015</out_Quantity.quantity></Point><Point><position>12015</position><in_Quantity.quantity>0.000000</in_Quantity.quantity><out_Quantity.quantity>571.909067</out_Quantity.quantity></Point><Point><position>12016</position><in_Quantity.quantity>0.000000</in_Quantity.quantity><out_Quantity.quantity>180.852481</out_Quantity.quantity></Point><Point><position>12017</position><in_Quantity.quantity>0.000000</in_Quantity.quantity><out_Quantity.quantity>75.983446</out_Quantity.quantity></Point><Point><position>12018</position><in_Quantity.quantity>0.000000</in_Quantity.quantity><out_Quantity.quantity>415.869297</out_Quantity.quantity></Point><Point><position>12019</position><in_Quantity.quantity>0.000000</in_Quantity.quantity><out_Quantity.quantity>214.120088</out_Quantity.quantity></Point><Point><position>12020</position><in_Quantity.quantity>0.000000</in_Quantity.quantity><out_Quantity.quantity>589.341513</out_Quantity.quantity></Point><Point><position>12021</position><in_Quantity.quantity>0.000000</in_Quantity.quantity><out_Quantity.quantity>402.100839</out_Quantity.quantity></Point><Point><position>12022</position><in_Quantity.quantity>0.000000</in_Quantity.quantity><out_Quantity.quantity>993.784980</out_Quantity.quantity></Point><Point><position>12023</position><in_Quantity.quantity>0.000000</in_Quantity.quantity><out_Quantity.quantity>526.902853</out_Quantity.quantity></Point><Point><position>12024</position><in_Quantity.quantity>0.000000</in_Quantity.quantity><out_Quantity.quantity>41.232047</out_Quantity.quantity></Point><Point><position>12025</position><in_Quantity.quantity>0.000000</in_Quantity.quantity><out_Quantity.quantity>656.839754</out_Quantity.quantity></Point><Point><position>12026</position><in_Quantity.quantity>0.000000</in_Quantity.quantity><out_Quantity.quantity>928.431053</out_Quantity.quantity></Point><Point><position>12027</position><in_Quantity.quantity>0.000000</in_Quantity.quantity><out_Quantity.quantity>841.664831</out_Quantity.quantity></Point><Point><position>12028</position><in_Quantity.quantity>0.000000</in_Quantity.quantity><out_Quantity.quantity>104.332524</out_Quantity.quantity></Point><Point><position>12029</position><in_Quantity.quantity>0.000000</in_Quantity.quantity><out_Quantity.quantity>846.549270</out_Quantity.quantity></Point><Point><position>12030</position><in_Quantity.quantity>0.000000</in_Quantity.quantity><out_Quantity.quantity>831.908870</out_Quantity.quantity></Point><Point><position>12031</position><in_Quantity.quantity>0.000000</in_Quantity.quantity><out_Quantity.quantity>581.828977</out_Quantity.quantity></Point><Point><position>12032</position><in_Quantity.quantity>0.000000</in_Quantity.quantity><out_Quantity.quantity>449.902814</out_Quantity.quantity></Point><Point><position>12033</position><in_Quantity.quantity>0.000000</in_Quantity.quantity><out_Quantity.quantity>139.388557</out_Quantity.quantity></Point><Point><position>12034</position><in_Quantity.quantity>0.000000</in_Quantity.quantity><out_Quantity.quantity>649.239010</out_Quantity.quantity></Point><Point><position>12035</position><in_Quantity.quantity>0.000000</in_Quantity.quantity><out_Quantity.quantity>289.573351</out_Quantity.quantity></Point><Point><position>12036</position><in_Quantity.quantity>0.000000</in_Quantity.quantity><out_Quantity.quantity>119.245291</out_Quantity.quantity></Point><Point><position>12037</position><in_Quantity.quantity>0.000000</in_Quantity.quantity><out_Quantity.quantity>985.279570</out_Quantity.quantity></Point><Point><position>12038</position><in_Quantity.quantity>0.000000</in_Quantity.quantity><out_Quantity.quantity>176.415270</out_Quantity.quantity></Point><Point><position>12039</position><in_Quantity.quantity>0.000000</in_Quantity.quantity><out_Quantity.quantity>870.498554</out_Quantity.quantity></Point><Point><position>12040</position><in_Quantity.quantity>0.000000</in_Quantity.quantity><out_Quantity.quantity>685.676596</out_Quantity.quantity></Point><Point><position>12041</position><in_Quantity.quantity>0.000000</in_Quantity.quantity><out_Quantity.quantity>17.793153</out_Quantity.quantity></Point><Point><position>12042</position><in_Quantity.quantity>0.000000</in_Quantity.quantity><out_Quantity.quantity>684.723414</out_Quantity.quantity></Point><Point><position>12043</position><in_Quantity.quantity>0.000000</in_Quantity.quantity><out_Quantity.quantity>744.692726</out_Quantity.quantity></Point><Point><position>12044</position><in_Quantity.quantity>0.000000</in_Quantity.quantity><out_Quantity.quantity>905.304695</out_Quantity.quantity></Point><Point><position>12045</position><in_Quantity.quantity>0.000000</in_Quantity.quantity><out_Quantity.quantity>632.632419</out_Quantity.quantity></Point><Point><position>12046</position><in_Quantity.quantity>0.000000</in_Quantity.quantity><out_Quantity.quantity>470.913281</out_Quantity.quantity></Point><Point><position>12047</position><in_Quantity.quantity>0.000000</in_Quantity.quantity><out_Quantity.quantity>773.200829</out_Quantity.quantity></Point><Point><position>12048</position><in_Quantity.quantity>0.000000</in_Quantity.quantity><out_Quantity.quantity>682.627163</out_Quantity.quantity></Point><Point><position>12049</position><in_Quantity.quantity>0.000000</in_Quantity.quantity><out_Quantity.quantity>479.580174</out_Quantity.quantity></Point><Point><position>12050</position><in_Quantity.quantity>0.000000</in_Quantity.quantity><out_Quantity.quantity>665.390913</out_Quantity.quantity></Point><Point><position>12051</position><in_Quantity.quantity>0.000000</in_Quantity.quantity><out_Quantity.quantity>516.677196</out_Quantity.quantity></Point><Point><position>12052</position><in_Quantity.quantity>0.000000</in_Quantity.quantity><out_Quantity.quantity>9.191602</out_Quantity.quantity></Point><Point><position>12053</position><in_Quantity.quantity>0.000000</in_Quantity.quantity><out_Quantity.quantity>948.212706</out_Quantity.quantity></Point><Point><position>12054</position><in_Quantity.quantity>0.000000</in_Quantity.quantity><out_Quantity.quantity>28.274070</out_Quantity.quantity></Point><Point><position>12055</position><in_Quantity.quantity>0.000000</in_Quantity.quantity><out_Quantity.quantity>281.366330</out_Quantity.quantity></Point><Point><position>12056</position><in_Quantity.quantity>0.000000</in_Quantity.quantity><out_Quantity.quantity>313.039492</out_Quantity.quantity></Point><Point><position>12057</position><in_Quantity.quantity>0.000000</in_Quantity.quantity><out_Quantity.quantity>167.815282</out_Quantity.quantity></Point><Point><position>12058</position><in_Quantity.quantity>0.000000</in_Quantity.quantity><out_Quantity.quantity>131.902324</out_Quantity.quantity></Point><Point><position>12059</position><in_Quantity.quantity>0.000000</in_Quantity.quantity><out_Quantity.quantity>582.307793</out_Quantity.quantity></Point><Point><position>12060</position><in_Quantity.quantity>0.000000</in_Quantity.quantity><out_Quantity.quantity>726.613100</out_Quantity.quantity></Point><Point><position>12061</position><in_Quantity.quantity>0.000000</in_Quantity.quantity><out_Quantity.quantity>393.428994</out_Quantity.quantity></Point><Point><position>12062</position><in_Quantity.quantity>0.000000</in_Quantity.quantity><out_Quantity.quantity>9.819843</out_Quantity.quantity></Point><Point><position>12063</position><in_Quantity.quantity>0.000000</in_Quantity.quantity><out_Quantity.quantity>481.980707</out_Quantity.quantity></Point><Point><position>12064</position><in_Quantity.quantity>0.000000</in_Quantity.quantity><out_Quantity.quantity>679.878744</out_Quantity.quantity></Point><Point><position>12065</position><in_Quantity.quantity>0.000000</in_Quantity.quantity><out_Quantity.quantity>601.688539</out_Quantity.quantity></Point><Point><position>12066</position><in_Quantity.quantity>0.000000</in_Quantity.quantity><out_Quantity.quantity>814.927764</out_Quantity.quantity></Point><Point><position>12067</position><in_Quantity.quantity>0.000000</in_Quantity.quantity><out_Quantity.quantity>446.333651</out_Quantity.quantity></Point><Point><position>12068</position><in_Quantity.quantity>0.000000</in_Quantity.quantity><out_Quantity.quantity>384.200227</out_Quantity.quantity></Point><Point><position>12069</position><in_Quantity.quantity>0.000000</in_Quantity.quantity><out_Quantity.quantity>134.394363</out_Quantity.quantity></Point><Point><position>12070</position><in_Quantity.quantity>0.000000</in_Quantity.quantity><out_Quantity.quantity>439.893145</out_Quantity.quantity></Point><Point><position>12071</position><in_Quantity.quantity>0.000000</in_Quantity.quantity><out_Quantity.quantity>946.959977</out_Quantity.quantity></Point><Point><position>12072</position><in_Quantity.quantity>0.000000</in_Quantity.quantity><out_Quantity.quantity>675.318911</out_Quantity.quantity></Point><Point><position>12073</position><in_Quantity.quantity>0.000000</in_Quantity.quantity><out_Quantity.quantity>482.631440</out_Quantity.quantity></Point><Point><position>12074</position><in_Quantity.quantity>0.000000</in_Quantity.quantity><out_Quantity.quantity>372.647295</out_Quantity.quantity></Point><Point><position>12075</position><in_Quantity.quantity>0.000000</in_Quantity.quantity><out_Quantity.quantity>475.401024</out_Quantity.quantity></Point><Point><position>12076</position><in_Quantity.quantity>0.000000</in_Quantity.quantity><out_Quantity.quantity>147.554104</out_Quantity.quantity></Point><Point><position>12077</position><in_Quantity.quantity>0.000000</in_Quantity.quantity><out_Quantity.quantity>195.790970</out_Quantity.quantity></Point><Point><position>12078</position><in_Quantity.quantity>0.000000</in_Quantity.quantity><out_Quantity.quantity>512.865002</out_Quantity.quantity></Point><Point><position>12079</position><in_Quantity.quantity>0.000000</in_Quantity.quantity><out_Quantity.quantity>358.980436</out_Quantity.quantity></Point><Point><position>12080</position><in_Quantity.quantity>0.000000</in_Quantity.quantity><out_Quantity.quantity>509.883148</out_Quantity.quantity></Point><Point><position>12081</position><in_Quantity.quantity>0.000000</in_Quantity.quantity><out_Quantity.quantity>996.498801</out_Quantity.quantity></Point><Point><position>12082</position><in_Quantity.quantity>0.000000</in_Quantity.quantity><out_Quantity.quantity>562.482158</out_Quantity.quantity></Point><Point><position>12083</position><in_Quantity.quantity>0.000000</in_Quantity.quantity><out_Quantity.quantity>37.277881</out_Quantity.quantity></Point><Point><position>12084</position><in_Quantity.quantity>0.000000</in_Quantity.quantity><out_Quantity.quantity>267.742238</out_Quantity.quantity></Point><Point><position>12085</position><in_Quantity.quantity>0.000000</in_Quantity.quantity><out_Quantity.quantity>864.627000</out_Quantity.quantity></Point><Point><position>12086</position><in_Quantity.quantity>0.000000</in_Quantity.quantity><out_Quantity.quantity>171.973934</out_Quantity.quantity></Point><Point><position>12087</position><in_Quantity.quantity>0.000000</in_Quantity.quantity><out_Quantity.quantity>973.400881</out_Quantity.quantity></Point><Point><position>12088</position><in_Quantity.quantity>0.000000</in_Quantity.quantity><out_Quantity.quantity>642.402525</out_Quantity.quantity></Point><Point><position>12089</position><in_Quantity.quantity>0.000000</in_Quantity.quantity><out_Quantity.quantity>483.799351</out_Quantity.quantity></Point><Point><position>12090</position><in_Quantity.quantity>0.000000</in_Quantity.quantity><out_Quantity.quantity>4.794673</out_Quantity.quantity></Point><Point><position>12091</position><in_Quantity.quantity>0.000000</in_Quantity.quantity><out_Quantity.quantity>564.942816</out_Quantity.quantity></Point><Point><position>12092</position><in_Quantity.quantity>0.000000</in_Quantity.quantity><out_Quantity.quantity>275.750971</out_Quantity.quantity></Point><Point><position>12093</position><in_Quantity.quantity>0.000000</in_Quantity.quantity><out_Quantity.quantity>652.134760</out_Quantity.quantity></Point><Point><position>12094</position><in_Quantity.quantity>0.000000</in_Quantity.quantity><out_Quantity.quantity>174.947377</out_Quantity.quantity></Point><Point><position>12095</position><in_Quantity.quantity>0.000000</in_Quantity.quantity><out_Quantity.quantity>195.672028</out_Quantity.quantity></Point><Point><position>12096</position><in_Quantity.quantity>0.000000</in_Quantity.quantity><out_Quantity.quantity>518.637303</out_Quantity.quantity></Point><Point><position>12097</position><in_Quantity.quantity>0.000000</in_Quantity.quantity><out_Quantity.quantity>422.767490</out_Quantity.quantity></Point><Point><position>12098</position><in_Quantity.quantity>0.000000</in_Quantity.quantity><out_Quantity.quantity>967.007191</out_Quantity.quantity></Point><Point><position>12099</position><in_Quantity.quantity>0.000000</in_Quantity.quantity><out_Quantity.quantity>888.664634</out_Quantity.quantity></Point><Point><position>12100</position><in_Quantity.quantity>0.000000</in_Quantity.quantity><out_Quantity.quantity>491.573649</out_Quantity.quantity></Point><Point><position>12101</position><in_Quantity.quantity>0.000000</in_Quantity.quantity><out_Quantity.quantity>912.624012</out_Quantity.quantity></Point><Point><position>12102</position><in_Quantity.quantity>0.000000</in_Quantity.quantity><out_Quantity.quantity>420.059264</out_Quantity.quantity></Point><Point><position>12103</position><in_Quantity.quantity>0.000000</in_Quantity.quantity><out_Quantity.quantity>476.106221</out_Quantity.quantity></Point><Point><position>12104</position><in_Quantity.quantity>0.000000</in_Quantity.quantity><out_Quantity.quantity>706.872787</out_Quantity.quantity></Point><Point><position>12105</position><in_Quantity.quantity>0.000000</in_Quantity.quantity><out_Quantity.quantity>921.184846</out_Quantity.quantity></Point><Point><position>12106</position><in_Quantity.quantity>0.000000</in_Quantity.quantity><out_Quantity.quantity>385.449886</out_Quantity.quantity></Point><Point><position>12107</position><in_Quantity.quantity>0.000000</in_Quantity.quantity><out_Quantity.quantity>914.156917</out_Quantity.quantity></Point><Point><position>12108</position><in_Quantity.quantity>0.000000</in_Quantity.quantity><out_Quantity.quantity>837.117782</out_Quantity.quantity></Point><Point><position>12109</position><in_Quantity.quantity>0.000000</in_Quantity.quantity><out_Quantity.quantity>235.116192</out_Quantity.quantity></Point><Point><position>12110</position><in_Quantity.quantity>0.000000</in_Quantity.quantity><out_Quantity.quantity>433.451611</out_Quantity.quantity></Point><Point><position>12111</position><in_Quantity.quantity>0.000000</in_Quantity.quantity><out_Quantity.quantity>761.213238</out_Quantity.quantity></Point><Point><position>12112</position><in_Quantity.quantity>0.000000</in_Quantity.quantity><out_Quantity.quantity>896.019747</out_Quantity.quantity></Point><Point><position>12113</position><in_Quantity.quantity>0.000000</in_Quantity.quantity><out_Quantity.quantity>917.279229</out_Quantity.quantity></Point><Point><position>12114</position><in_Quantity.quantity>0.000000</in_Quantity.quantity><out_Quantity.quantity>530.545733</out_Quantity.quantity></Point><Point><position>12115</position><in_Quantity.quantity>0.000000</in_Quantity.quantity><out_Quantity.quantity>91.755622</out_Quantity.quantity></Point><Point><position>12116</position><in_Quantity.quantity>0.000000</in_Quantity.quantity><out_Quantity.quantity>405.509486</out_Quantity.quantity></Point><Point><position>12117</position><in_Quantity.quantity>0.000000</in_Quantity.quantity><out_Quantity.quantity>527.630276</out_Quantity.quantity></Point><Point><position>12118</position><in_Quantity.quantity>0.000000</in_Quantity.quantity><out_Quantity.quantity>28.041034</out_Quantity.quantity></Point><Point><position>12119</position><in_Quantity.quantity>0.000000</in_Quantity.quantity><out_Quantity.quantity>549.587165</out_Quantity.quantity></Point><Point><position>12120</position><in_Quantity.quantity>0.000000</in_Quantity.quantity><out_Quantity.quantity>92.716819</out_Quantity.quantity></Point><Point><position>12121</position><in_Quantity.quantity>0.000000</in_Quantity.quantity><out_Quantity.quantity>216.278074</out_Quantity.quantity></Point><Point><position>12122</position><in_Quantity.quantity>0.000000</in_Quantity.quantity><out_Quantity.quantity>232.281573</out_Quantity.quantity></Point><Point><position>12123</position><in_Quantity.quantity>0.000000</in_Quantity.quantity><out_Quantity.quantity>761.058206</out_Quantity.quantity></Point><Point><position>12124</position><in_Quantity.quantity>0.000000</in_Quantity.quantity><out_Quantity.quantity>638.632868</out_Quantity.quantity></Point><Point><position>12125</position><in_Quantity.quantity>0.000000</in_Quantity.quantity><out_Quantity.quantity>740.337712</out_Quantity.quantity></Point><Point><position>12126</position><in_Quantity.quantity>0.000000</in_Quantity.quantity><out_Quantity.quantity>834.633857</out_Quantity.quantity></Point><Point><position>12127</position><in_Quantity.quantity>0.000000</in_Quantity.quantity><out_Quantity.quantity>946.999772</out_Quantity.quantity></Point><Point><position>12128</position><in_Quantity.quantity>0.000000</in_Quantity.quantity><out_Quantity.quantity>143.532644</out_Quantity.quantity></Point><Point><position>12129</position><in_Quantity.quantity>0.000000</in_Quantity.quantity><out_Quantity.quantity>871.699492</out_Quantity.quantity></Point><Point><position>12130</position><in_Quantity.quantity>0.000000</in_Quantity.quantity><out_Quantity.quantity>278.192195</out_Quantity.quantity></Point><Point><position>12131</position><in_Quantity.quantity>0.000000</in_Quantity.quantity><out_Quantity.quantity>333.117359</out_Quantity.quantity></Point><Point><position>12132</position><in_Quantity.quantity>0.000000</in_Quantity.quantity><out_Quantity.quantity>556.967491</out_Quantity.quantity></Point><Point><position>12133</position><in_Quantity.quantity>0.000000</in_Quantity.quantity><out_Quantity.quantity>112.132798</out_Quantity.quantity></Point><Point><position>12134</position><in_Quantity.quantity>0.000000</in_Quantity.quantity><out_Quantity.quantity>892.765818</out_Quantity.quantity></Point><Point><position>12135</position><in_Quantity.quantity>0.000000</in_Quantity.quantity><out_Quantity.quantity>449.801183</out_Quantity.quantity></Point><Point><position>12136</position><in_Quantity.quantity>0.000000</in_Quantity.quantity><out_Quantity.quantity>550.270438</out_Quantity.quantity></Point><Point><position>12137</position><in_Quantity.quantity>0.000000</in_Quantity.quantity><out_Quantity.quantity>969.931729</out_Quantity.quantity></Point><Point><position>12138</position><in_Quantity.quantity>0.000000</in_Quantity.quantity><out_Quantity.quantity>548.864195</out_Quantity.quantity></Point><Point><position>12139</position><in_Quantity.quantity>0.000000</in_Quantity.quantity><out_Quantity.quantity>94.545306</out_Quantity.quantity></Point><Point><position>12140</position><in_Quantity.quantity>0.000000</in_Quantity.quantity><out_Quantity.quantity>886.801901</out_Quantity.quantity></Point><Point><position>12141</position><in_Quantity.quantity>0.000000</in_Quantity.quantity><out_Quantity.quantity>677.024366</out_Quantity.quantity></Point><Point><position>12142</position><in_Quantity.quantity>0.000000</in_Quantity.quantity><out_Quantity.quantity>346.786914</out_Quantity.quantity></Point><Point><position>12143</position><in_Quantity.quantity>0.000000</in_Quantity.quantity><out_Quantity.quantity>421.358628</out_Quantity.quantity></Point><Point><position>12144</position><in_Quantity.quantity>0.000000</in_Quantity.quantity><out_Quantity.quantity>513.308797</out_Quantity.quantity></Point><Point><position>12145</position><in_Quantity.quantity>0.000000</in_Quantity.quantity><out_Quantity.quantity>641.690245</out_Quantity.quantity></Point><Point><position>12146</position><in_Quantity.quantity>0.000000</in_Quantity.quantity><out_Quantity.quantity>630.251152</out_Quantity.quantity></Point><Point><position>12147</position><in_Quantity.quantity>0.000000</in_Quantity.quantity><out_Quantity.quantity>23.239873</out_Quantity.quantity></Point><Point><position>12148</position><in_Quantity.quantity>0.000000</in_Quantity.quantity><out_Quantity.quantity>20.026459</out_Quantity.quantity></Point><Point><position>12149</position><in_Quantity.quantity>0.000000</in_Quantity.quantity><out_Quantity.quantity>121.721200</out_Quantity.quantity></Point><Point><position>12150</position><in_Quantity.quantity>0.000000</in_Quantity.quantity><out_Quantity.quantity>666.198061</out_Quantity.quantity></Point><Point><position>12151</position><in_Quantity.quantity>0.000000</in_Quantity.quantity><out_Quantity.quantity>90.967073</out_Quantity.quantity></Point><Point><position>12152</position><in_Quantity.quantity>0.000000</in_Quantity.quantity><out_Quantity.quantity>946.722264</out_Quantity.quantity></Point><Point><position>12153</position><in_Quantity.quantity>0.000000</in_Quantity.quantity><out_Quantity.quantity>243.456093</out_Quantity.quantity></Point><Point><position>12154</position><in_Quantity.quantity>0.000000</in_Quantity.quantity><out_Quantity.quantity>655.556690</out_Quantity.quantity></Point><Point><position>12155</position><in_Quantity.quantity>0.000000</in_Quantity.quantity><out_Quantity.quantity>811.670618</out_Quantity.quantity></Point><Point><position>12156</position><in_Quantity.quantity>0.000000</in_Quantity.quantity><out_Quantity.quantity>452.113000</out_Quantity.quantity></Point><Point><position>12157</position><in_Quantity.quantity>0.000000</in_Quantity.quantity><out_Quantity.quantity>816.992963</out_Quantity.quantity></Point><Point><position>12158</position><in_Quantity.quantity>0.000000</in_Quantity.quantity><out_Quantity.quantity>665.863766</out_Quantity.quantity></Point><Point><position>12159</position><in_Quantity.quantity>0.000000</in_Quantity.quantity><out_Quantity.quantity>554.426119</out_Quantity.quantity></Point><Point><position>12160</position><in_Quantity.quantity>0.000000</in_Quantity.quantity><out_Quantity.quantity>201.694678</out_Quantity.quantity></Point><Point><position>12161</position><in_Quantity.quantity>0.000000</in_Quantity.quantity><out_Quantity.quantity>877.068847</out_Quantity.quantity></Point><Point><position>12162</position><in_Quantity.quantity>0.000000</in_Quantity.quantity><out_Quantity.quantity>746.950708</out_Quantity.quantity></Point><Point><position>12163</position><in_Quantity.quantity>0.000000</in_Quantity.quantity><out_Quantity.quantity>34.752411</out_Quantity.quantity></Point><Point><position>12164</position><in_Quantity.quantity>0.000000</in_Quantity.quantity><out_Quantity.quantity>644.583709</out_Quantity.quantity></Point><Point><position>12165</position><in_Quantity.quantity>0.000000</in_Quantity.quantity><out_Quantity.quantity>58.655114</out_Quantity.quantity></Point><Point><position>12166</position><in_Quantity.quantity>0.000000</in_Quantity.quantity><out_Quantity.quantity>79.417118</out_Quantity.quantity></Point><Point><position>12167</position><in_Quantity.quantity>0.000000</in_Quantity.quantity><out_Quantity.quantity>728.210471</out_Quantity.quantity></Point><Point><position>12168</position><in_Quantity.quantity>0.000000</in_Quantity.quantity><out_Quantity.quantity>946.230082</out_Quantity.quantity></Point><Point><position>12169</position><in_Quantity.quantity>0.000000</in_Quantity.quantity><out_Quantity.quantity>253.747153</out_Quantity.quantity></Point><Point><position>12170</position><in_Quantity.quantity>0.000000</in_Quantity.quantity><out_Quantity.quantity>367.712278</out_Quantity.quantity></Point><Point><position>12171</position><in_Quantity.quantity>0.000000</in_Quantity.quantity><out_Quantity.quantity>252.724836</out_Quantity.quantity></Point><Point><position>12172</position><in_Quantity.quantity>0.000000</in_Quantity.quantity><out_Quantity.quantity>73.567239</out_Quantity.quantity></Point><Point><position>12173</position><in_Quantity.quantity>0.000000</in_Quantity.quantity><out_Quantity.quantity>848.499934</out_Quantity.quantity></Point><Point><position>12174</position><in_Quantity.quantity>0.000000</in_Quantity.quantity><out_Quantity.quantity>53.669811</out_Quantity.quantity></Point><Point><position>12175</position><in_Quantity.quantity>0.000000</in_Quantity.quantity><out_Quantity.quantity>651.681206</out_Quantity.quantity></Point><Point><position>12176</position><in_Quantity.quantity>0.000000</in_Quantity.quantity><out_Quantity.quantity>176.206140</out_Quantity.quantity></Point><Point><position>12177</position><in_Quantity.quantity>0.000000</in_Quantity.quantity><out_Quantity.quantity>519.457930</out_Quantity.quantity></Point><Point><position>12178</position><in_Quantity.quantity>0.000000</in_Quantity.quantity><out_Quantity.quantity>289.169010</out_Quantity.quantity></Point><Point><position>12179</position><in_Quantity.quantity>0.000000</in_Quantity.quantity><out_Quantity.quantity>46.649310</out_Quantity.quantity></Point><Point><position>12180</position><in_Quantity.quantity>0.000000</in_Quantity.quantity><out_Quantity.quantity>184.299425</out_Quantity.quantity></Point><Point><position>12181</position><in_Quantity.quantity>0.000000</in_Quantity.quantity><out_Quantity.quantity>618.443903</out_Quantity.quantity></Point><Point><position>12182</position><in_Quantity.quantity>0.000000</in_Quantity.quantity><out_Quantity.quantity>61.529861</out_Quantity.quantity></Point><Point><position>12183</position><in_Quantity.quantity>0.000000</in_Quantity.quantity><out_Quantity.quantity>434.762342</out_Quantity.quantity></Point><Point><position>12184</position><in_Quantity.quantity>0.000000</in_Quantity.quantity><out_Quantity.quantity>72.179162</out_Quantity.quantity></Point><Point><position>12185</position><in_Quantity.quantity>0.000000</in_Quantity.quantity><out_Quantity.quantity>615.687774</out_Quantity.quantity></Point><Point><position>12186</position><in_Quantity.quantity>0.000000</in_Quantity.quantity><out_Quantity.quantity>375.461303</out_Quantity.quantity></Point><Point><position>12187</position><in_Quantity.quantity>0.000000</in_Quantity.quantity><out_Quantity.quantity>690.515308</out_Quantity.quantity></Point><Point><position>12188</position><in_Quantity.quantity>0.000000</in_Quantity.quantity><out_Quantity.quantity>951.289195</out_Quantity.quantity></Point><Point><position>12189</position><in_Quantity.quantity>0.000000</in_Quantity.quantity><out_Quantity.quantity>210.008558</out_Quantity.quantity></Point><Point><position>12190</position><in_Quantity.quantity>0.000000</in_Quantity.quantity><out_Quantity.quantity>194.031377</out_Quantity.quantity></Point><Point><position>12191</position><in_Quantity.quantity>0.000000</in_Quantity.quantity><out_Quantity.quantity>540.859265</out_Quantity.quantity></Point><Point><position>12192</position><in_Quantity.quantity>0.000000</in_Quantity.quantity><out_Quantity.quantity>793.537426</out_Quantity.quantity></Point><Point><position>12193</position><in_Quantity.quantity>0.000000</in_Quantity.quantity><out_Quantity.quantity>636.231753</out_Quantity.quantity></Point><Point><position>12194</position><in_Quantity.quantity>0.000000</in_Quantity.quantity><out_Quantity.quantity>759.959475</out_Quantity.quantity></Point><Point><position>12195</position><in_Quantity.quantity>0.000000</in_Quantity.quantity><out_Quantity.quantity>215.550900</out_Quantity.quantity></Point><Point><position>12196</position><in_Quantity.quantity>0.000000</in_Quantity.quantity><out_Quantity.quantity>259.863337</out_Quantity.quantity></Point><Point><position>12197</position><in_Quantity.quantity>0.000000</in_Quantity.quantity><out_Quantity.quantity>445.550284</out_Quantity.quantity></Point><Point><position>12198</position><in_Quantity.quantity>0.000000</in_Quantity.quantity><out_Quantity.quantity>332.737038</out_Quantity.quantity></Point><Point><position>12199</position><in_Quantity.quantity>0.000000</in_Quantity.quantity><out_Quantity.quantity>711.912402</out_Quantity.quantity></Point><Point><position>12200</position><in_Quantity.quantity>0.000000</in_Quantity.quantity><out_Quantity.quantity>329.811170</out_Quantity.quantity></Point><Point><position>12201</position><in_Quantity.quantity>0.000000</in_Quantity.quantity><out_Quantity.quantity>103.737706</out_Quantity.quantity></Point><Point><position>12202</position><in_Quantity.quantity>0.000000</in_Quantity.quantity><out_Quantity.quantity>752.337319</out_Quantity.quantity></Point><Point><position>12203</position><in_Quantity.quantity>0.000000</in_Quantity.quantity><out_Quantity.quantity>322.683667</out_Quantity.quantity></Point><Point><position>12204</position><in_Quantity.quantity>0.000000</in_Quantity.quantity><out_Quantity.quantity>197.364248</out_Quantity.quantity></Point><Point><position>12205</position><in_Quantity.quantity>0.000000</in_Quantity.quantity><out_Quantity.quantity>674.827653</out_Quantity.quantity></Point><Point><position>12206</position><in_Quantity.quantity>0.000000</in_Quantity.quantity><out_Quantity.quantity>906.791351</out_Quantity.quantity></Point><Point><position>12207</position><in_Quantity.quantity>0.000000</in_Quantity.quantity><out_Quantity.quantity>493.410946</out_Quantity.quantity></Point><Point><position>12208</position><in_Quantity.quantity>0.000000</in_Quantity.quantity><out_Quantity.quantity>280.892915</out_Quantity.quantity></Point><Point><position>12209</position><in_Quantity.quantity>0.000000</in_Quantity.quantity><out_Quantity.quantity>900.887730</out_Quantity.quantity></Point><Point><position>12210</position><in_Quantity.quantity>0.000000</in_Quantity.quantity><out_Quantity.quantity>545.609921</out_Quantity.quantity></Point><Point><position>12211</position><in_Quantity.quantity>0.000000</in_Quantity.quantity><out_Quantity.quantity>246.428997</out_Quantity.quantity></Point><Point><position>12212</position><in_Quantity.quantity>0.000000</in_Quantity.quantity><out_Quantity.quantity>665.514102</out_Quantity.quantity></Point><Point><position>12213</position><in_Quantity.quantity>0.000000</in_Quantity.quantity><out_Quantity.quantity>364.003209</out_Quantity.quantity></Point><Point><position>12214</position><in_Quantity.quantity>0.000000</in_Quantity.quantity><out_Quantity.quantity>187.773128</out_Quantity.quantity></Point><Point><position>12215</position><in_Quantity.quantity>0.000000</in_Quantity.quantity><out_Quantity.quantity>393.727804</out_Quantity.quantity></Point><Point><position>12216</position><in_Quantity.quantity>0.000000</in_Quantity.quantity><out_Quantity.quantity>495.314310</out_Quantity.quantity></Point><Point><position>12217</position><in_Quantity.quantity>0.000000</in_Quantity.quantity><out_Quantity.quantity>637.369170</out_Quantity.quantity></Point><Point><position>12218</position><in_Quantity.quantity>0.000000</in_Quantity.quantity><out_Quantity.quantity>734.853966</out_Quantity.quantity></Point><Point><position>12219</position><in_Quantity.quantity>0.000000</in_Quantity.quantity><out_Quantity.quantity>583.726646</out_Quantity.quantity></Point><Point><position>12220</position><in_Quantity.quantity>0.000000</in_Quantity.quantity><out_Quantity.quantity>2.965516</out_Quantity.quantity></Point><Point><position>12221</position><in_Quantity.quantity>0.000000</in_Quantity.quantity><out_Quantity.quantity>740.822170</out_Quantity.quantity></Point><Point><position>12222</position><in_Quantity.quantity>0.000000</in_Quantity.quantity><out_Quantity.quantity>552.880438</out_Quantity.quantity></Point><Point><position>12223</position><in_Quantity.quantity>0.000000</in_Quantity.quantity><out_Quantity.quantity>965.314712</out_Quantity.quantity></Point><Point><position>12224</position><in_Quantity.quantity>0.000000</in_Quantity.quantity><out_Quantity.quantity>964.802368</out_Quantity.quantity></Point><Point><position>12225</position><in_Quantity.quantity>0.000000</in_Quantity.quantity><out_Quantity.quantity>595.470101</out_Quantity.quantity></Point><Point><position>12226</position><in_Quantity.quantity>0.000000</in_Quantity.quantity><out_Quantity.quantity>656.998127</out_Quantity.quantity></Point><Point><position>12227</position><in_Quantity.quantity>0.000000</in_Quantity.quantity><out_Quantity.quantity>154.188536</out_Quantity.quantity></Point><Point><position>12228</position><in_Quantity.quantity>0.000000</in_Quantity.quantity><out_Quantity.quantity>761.488572</out_Quantity.quantity></Point><Point><position>12229</position><in_Quantity.quantity>0.000000</in_Quantity.quantity><out_Quantity.quantity>424.856422</out_Quantity.quantity></Point><Point><position>12230</position><in_Quantity.quantity>0.000000</in_Quantity.quantity><out_Quantity.quantity>997.894270</out_Quantity.quantity></Point><Point><position>12231</position><in_Quantity.quantity>0.000000</in_Quantity.quantity><out_Quantity.quantity>822.587018</out_Quantity.quantity></Point><Point><position>12232</position><in_Quantity.quantity>0.000000</in_Quantity.quantity><out_Quantity.quantity>421.466659</out_Quantity.quantity></Point><Point><position>12233</position><in_Quantity.quantity>0.000000</in_Quantity.quantity><out_Quantity.quantity>441.307698</out_Quantity.quantity></Point><Point><position>12234</position><in_Quantity.quantity>0.000000</in_Quantity.quantity><out_Quantity.quantity>228.926228</out_Quantity.quantity></Point><Point><position>12235</position><in_Quantity.quantity>0.000000</in_Quantity.quantity><out_Quantity.quantity>287.168392</out_Quantity.quantity></Point><Point><position>12236</position><in_Quantity.quantity>0.000000</in_Quantity.quantity><out_Quantity.quantity>609.760596</out_Quantity.quantity></Point><Point><position>12237</position><in_Quantity.quantity>0.000000</in_Quantity.quantity><out_Quantity.quantity>402.753520</out_Quantity.quantity></Point><Point><position>12238</position><in_Quantity.quantity>0.000000</in_Quantity.quantity><out_Quantity.quantity>379.024497</out_Quantity.quantity></Point><Point><position>12239</position><in_Quantity.quantity>0.000000</in_Quantity.quantity><out_Quantity.quantity>416.013318</out_Quantity.quantity></Point><Point><position>12240</position><in_Quantity.quantity>0.000000</in_Quantity.quantity><out_Quantity.quantity>311.701377</out_Quantity.quantity></Point><Point><position>12241</position><in_Quantity.quantity>0.000000</in_Quantity.quantity><out_Quantity.quantity>598.303294</out_Quantity.quantity></Point><Point><position>12242</position><in_Quantity.quantity>0.000000</in_Quantity.quantity><out_Quantity.quantity>903.829722</out_Quantity.quantity></Point><Point><position>12243</position><in_Quantity.quantity>0.000000</in_Quantity.quantity><out_Quantity.quantity>334.010209</out_Quantity.quantity></Point><Point><position>12244</position><in_Quantity.quantity>0.000000</in_Quantity.quantity><out_Quantity.quantity>254.560282</out_Quantity.quantity></Point><Point><position>12245</position><in_Quantity.quantity>0.000000</in_Quantity.quantity><out_Quantity.quantity>934.099147</out_Quantity.quantity></Point><Point><position>12246</position><in_Quantity.quantity>0.000000</in_Quantity.quantity><out_Quantity.quantity>677.852936</out_Quantity.quantity></Point><Point><position>12247</position><in_Quantity.quantity>0.000000</in_Quantity.quantity><out_Quantity.quantity>571.730117</out_Quantity.quantity></Point><Point><position>12248</position><in_Quantity.quantity>0.000000</in_Quantity.quantity><out_Quantity.quantity>402.867041</out_Quantity.quantity></Point><Point><position>12249</position><in_Quantity.quantity>0.000000</in_Quantity.quantity><out_Quantity.quantity>486.810439</out_Quantity.quantity></Point><Point><position>12250</position><in_Quantity.quantity>0.000000</in_Quantity.quantity><out_Quantity.quantity>182.474245</out_Quantity.quantity></Point><Point><position>12251</position><in_Quantity.quantity>0.000000</in_Quantity.quantity><out_Quantity.quantity>139.250264</out_Quantity.quantity></Point><Point><position>12252</position><in_Quantity.quantity>0.000000</in_Quantity.quantity><out_Quantity.quantity>554.419630</out_Quantity.quantity></Point><Point><position>12253</position><in_Quantity.quantity>0.000000</in_Quantity.quantity><out_Quantity.quantity>570.198170</out_Quantity.quantity></Point><Point><position>12254</position><in_Quantity.quantity>0.000000</in_Quantity.quantity><out_Quantity.quantity>325.778390</out_Quantity.quantity></Point><Point><position>12255</position><in_Quantity.quantity>0.000000</in_Quantity.quantity><out_Quantity.quantity>703.505002</out_Quantity.quantity></Point><Point><position>12256</position><in_Quantity.quantity>0.000000</in_Quantity.quantity><out_Quantity.quantity>989.250529</out_Quantity.quantity></Point><Point><position>12257</position><in_Quantity.quantity>0.000000</in_Quantity.quantity><out_Quantity.quantity>780.245822</out_Quantity.quantity></Point><Point><position>12258</position><in_Quantity.quantity>0.000000</in_Quantity.quantity><out_Quantity.quantity>741.604841</out_Quantity.quantity></Point><Point><position>12259</position><in_Quantity.quantity>0.000000</in_Quantity.quantity><out_Quantity.quantity>926.337264</out_Quantity.quantity></Point><Point><position>12260</position><in_Quantity.quantity>0.000000</in_Quantity.quantity><out_Quantity.quantity>575.435860</out_Quantity.quantity></Point><Point><position>12261</position><in_Quantity.quantity>0.000000</in_Quantity.quantity><out_Quantity.quantity>531.473004</out_Quantity.quantity></Point><Point><position>12262</position><in_Quantity.quantity>0.000000</in_Quantity.quantity><out_Quantity.quantity>507.062947</out_Quantity.quantity></Point><Point><position>12263</position><in_Quantity.quantity>0.000000</in_Quantity.quantity><out_Quantity.quantity>114.268788</out_Quantity.quantity></Point><Point><position>12264</position><in_Quantity.quantity>0.000000</in_Quantity.quantity><out_Quantity.quantity>993.051501</out_Quantity.quantity></Point><Point><position>12265</position><in_Quantity.quantity>0.000000</in_Quantity.quantity><out_Quantity.quantity>674.292428</out_Quantity.quantity></Point><Point><position>12266</position><in_Quantity.quantity>0.000000</in_Quantity.quantity><out_Quantity.quantity>583.580509</out_Quantity.quantity></Point><Point><position>12267</position><in_Quantity.quantity>0.000000</in_Quantity.quantity><out_Quantity.quantity>629.675211</out_Quantity.quantity></Point><Point><position>12268</position><in_Quantity.quantity>0.000000</in_Quantity.quantity><out_Quantity.quantity>201.115205</out_Quantity.quantity></Point><Point><position>12269</position><in_Quantity.quantity>0.000000</in_Quantity.quantity><out_Quantity.quantity>122.233242</out_Quantity.quantity></Point><Point><position>12270</position><in_Quantity.quantity>0.000000</in_Quantity.quantity><out_Quantity.quantity>187.275695</out_Quantity.quantity></Point><Point><position>12271</position><in_Quantity.quantity>0.000000</in_Quantity.quantity><out_Quantity.quantity>786.801872</out_Quantity.quantity></Point><Point><position>12272</position><in_Quantity.quantity>0.000000</in_Quantity.quantity><out_Quantity.quantity>582.895225</out_Quantity.quantity></Point><Point><position>12273</position><in_Quantity.quantity>0.000000</in_Quantity.quantity><out_Quantity.quantity>217.357536</out_Quantity.quantity></Point><Point><position>12274</position><in_Quantity.quantity>0.000000</in_Quantity.quantity><out_Quantity.quantity>580.385294</out_Quantity.quantity></Point><Point><position>12275</position><in_Quantity.quantity>0.000000</in_Quantity.quantity><out_Quantity.quantity>626.373004</out_Quantity.quantity></Point><Point><position>12276</position><in_Quantity.quantity>0.000000</in_Quantity.quantity><out_Quantity.quantity>260.978627</out_Quantity.quantity></Point><Point><position>12277</position><in_Quantity.quantity>0.000000</in_Quantity.quantity><out_Quantity.quantity>676.704715</out_Quantity.quantity></Point><Point><position>12278</position><in_Quantity.quantity>0.000000</in_Quantity.quantity><out_Quantity.quantity>372.486155</out_Quantity.quantity></Point><Point><position>12279</position><in_Quantity.quantity>0.000000</in_Quantity.quantity><out_Quantity.quantity>646.880643</out_Quantity.quantity></Point><Point><position>12280</position><in_Quantity.quantity>0.000000</in_Quantity.quantity><out_Quantity.quantity>203.964654</out_Quantity.quantity></Point><Point><position>12281</position><in_Quantity.quantity>0.000000</in_Quantity.quantity><out_Quantity.quantity>740.387300</out_Quantity.quantity></Point><Point><position>12282</position><in_Quantity.quantity>0.000000</in_Quantity.quantity><out_Quantity.quantity>283.883719</out_Quantity.quantity></Point><Point><position>12283</position><in_Quantity.quantity>0.000000</in_Quantity.quantity><out_Quantity.quantity>543.723810</out_Quantity.quantity></Point><Point><position>12284</position><in_Quantity.quantity>0.000000</in_Quantity.quantity><out_Quantity.quantity>9.120379</out_Quantity.quantity></Point><Point><position>12285</position><in_Quantity.quantity>0.000000</in_Quantity.quantity><out_Quantity.quantity>658.375511</out_Quantity.quantity></Point><Point><position>12286</position><in_Quantity.quantity>0.000000</in_Quantity.quantity><out_Quantity.quantity>24.892556</out_Quantity.quantity></Point><Point><position>12287</position><in_Quantity.quantity>0.000000</in_Quantity.quantity><out_Quantity.quantity>658.567870</out_Quantity.quantity></Point><Point><position>12288</position><in_Quantity.quantity>0.000000</in_Quantity.quantity><out_Quantity.quantity>745.284500</out_Quantity.quantity></Point><Point><position>12289</position><in_Quantity.quantity>0.000000</in_Quantity.quantity><out_Quantity.quantity>112.572296</out_Quantity.quantity></Point><Point><position>12290</position><in_Quantity.quantity>0.000000</in_Quantity.quantity><out_Quantity.quantity>850.586881</out_Quantity.quantity></Point><Point><position>12291</position><in_Quantity.quantity>0.000000</in_Quantity.quantity><out_Quantity.quantity>26.219875</out_Quantity.quantity></Point><Point><position>12292</position><in_Quantity.quantity>0.000000</in_Quantity.quantity><out_Quantity.quantity>339.178969</out_Quantity.quantity></Point><Point><position>12293</position><in_Quantity.quantity>0.000000</in_Quantity.quantity><out_Quantity.quantity>321.591424</out_Quantity.quantity></Point><Point><position>12294</position><in_Quantity.quantity>0.000000</in_Quantity.quantity><out_Quantity.quantity>431.607951</out_Quantity.quantity></Point><Point><position>12295</position><in_Quantity.quantity>0.000000</in_Quantity.quantity><out_Quantity.quantity>181.186648</out_Quantity.quantity></Point><Point><position>12296</position><in_Quantity.quantity>0.000000</in_Quantity.quantity><out_Quantity.quantity>438.801658</out_Quantity.quantity></Point><Point><position>12297</position><in_Quantity.quantity>0.000000</in_Quantity.quantity><out_Quantity.quantity>339.211965</out_Quantity.quantity></Point><Point><position>12298</position><in_Quantity.quantity>0.000000</in_Quantity.quantity><out_Quantity.quantity>897.606753</out_Quantity.quantity></Point><Point><position>12299</position><in_Quantity.quantity>0.000000</in_Quantity.quantity><out_Quantity.quantity>835.177738</out_Quantity.quantity></Point><Point><position>12300</position><in_Quantity.quantity>0.000000</in_Quantity.quantity><out_Quantity.quantity>937.965561</out_Quantity.quantity></Point><Point><position>12301</position><in_Quantity.quantity>0.000000</in_Quantity.quantity><out_Quantity.quantity>508.813377</out_Quantity.quantity></Point><Point><position>12302</position><in_Quantity.quantity>0.000000</in_Quantity.quantity><out_Quantity.quantity>197.672442</out_Quantity.quantity></Point><Point><position>12303</position><in_Quantity.quantity>0.000000</in_Quantity.quantity><out_Quantity.quantity>411.494496</out_Quantity.quantity></Point><Point><position>12304</position><in_Quantity.quantity>0.000000</in_Quantity.quantity><out_Quantity.quantity>518.126537</out_Quantity.quantity></Point><Point><position>12305</position><in_Quantity.quantity>0.000000</in_Quantity.quantity><out_Quantity.quantity>303.092169</out_Quantity.quantity></Point><Point><position>12306</position><in_Quantity.quantity>0.000000</in_Quantity.quantity><out_Quantity.quantity>768.231797</out_Quantity.quantity></Point><Point><position>12307</position><in_Quantity.quantity>0.000000</in_Quantity.quantity><out_Quantity.quantity>804.260164</out_Quantity.quantity></Point><Point><position>12308</position><in_Quantity.quantity>0.000000</in_Quantity.quantity><out_Quantity.quantity>456.796892</out_Quantity.quantity></Point><Point><position>12309</position><in_Quantity.quantity>0.000000</in_Quantity.quantity><out_Quantity.quantity>883.240495</out_Quantity.quantity></Point><Point><position>12310</position><in_Quantity.quantity>0.000000</in_Quantity.quantity><out_Quantity.quantity>223.995293</out_Quantity.quantity></Point><Point><position>12311</position><in_Quantity.quantity>0.000000</in_Quantity.quantity><out_Quantity.quantity>931.031642</out_Quantity.quantity></Point><Point><position>12312</position><in_Quantity.quantity>0.000000</in_Quantity.quantity><out_Quantity.quantity>516.151275</out_Quantity.quantity></Point><Point><position>12313</position><in_Quantity.quantity>0.000000</in_Quantity.quantity><out_Quantity.quantity>386.792734</out_Quantity.quantity></Point><Point><position>12314</position><in_Quantity.quantity>0.000000</in_Quantity.quantity><out_Quantity.quantity>540.928893</out_Quantity.quantity></Point><Point><position>12315</position><in_Quantity.quantity>0.000000</in_Quantity.quantity><out_Quantity.quantity>975.901199</out_Quantity.quantity></Point><Point><position>12316</position><in_Quantity.quantity>0.000000</in_Quantity.quantity><out_Quantity.quantity>874.506694</out_Quantity.quantity></Point><Point><position>12317</position><in_Quantity.quantity>0.000000</in_Quantity.quantity><out_Quantity.quantity>93.217208</out_Quantity.quantity></Point><Point><position>12318</position><in_Quantity.quantity>0.000000</in_Quantity.quantity><out_Quantity.quantity>417.797592</out_Quantity.quantity></Point><Point><position>12319</position><in_Quantity.quantity>0.000000</in_Quantity.quantity><out_Quantity.quantity>711.745208</out_Quantity.quantity></Point><Point><position>12320</position><in_Quantity.quantity>0.000000</in_Quantity.quantity><out_Quantity.quantity>358.314441</out_Quantity.quantity></Point><Point><position>12321</position><in_Quantity.quantity>0.000000</in_Quantity.quantity><out_Quantity.quantity>310.864833</out_Quantity.quantity></Point><Point><position>12322</position><in_Quantity.quantity>0.000000</in_Quantity.quantity><out_Quantity.quantity>14.350221</out_Quantity.quantity></Point><Point><position>12323</position><in_Quantity.quantity>0.000000</in_Quantity.quantity><out_Quantity.quantity>689.646280</out_Quantity.quantity></Point><Point><position>12324</position><in_Quantity.quantity>0.000000</in_Quantity.quantity><out_Quantity.quantity>535.902244</out_Quantity.quantity></Point><Point><position>12325</position><in_Quantity.quantity>0.000000</in_Quantity.quantity><out_Quantity.quantity>138.773008</out_Quantity.quantity></Point><Point><position>12326</position><in_Quantity.quantity>0.000000</in_Quantity.quantity><out_Quantity.quantity>929.429761</out_Quantity.quantity></Point><Point><position>12327</position><in_Quantity.quantity>0.000000</in_Quantity.quantity><out_Quantity.quantity>877.518099</out_Quantity.quantity></Point><Point><position>12328</position><in_Quantity.quantity>0.000000</in_Quantity.quantity><out_Quantity.quantity>120.252902</out_Quantity.quantity></Point><Point><position>12329</position><in_Quantity.quantity>0.000000</in_Quantity.quantity><out_Quantity.quantity>609.694719</out_Quantity.quantity></Point><Point><position>12330</position><in_Quantity.quantity>0.000000</in_Quantity.quantity><out_Quantity.quantity>168.882261</out_Quantity.quantity></Point><Point><position>12331</position><in_Quantity.quantity>0.000000</in_Quantity.quantity><out_Quantity.quantity>499.012158</out_Quantity.quantity></Point><Point><position>12332</position><in_Quantity.quantity>0.000000</in_Quantity.quantity><out_Quantity.quantity>424.990965</out_Quantity.quantity></Point><Point><position>12333</position><in_Quantity.quantity>0.000000</in_Quantity.quantity><out_Quantity.quantity>198.154830</out_Quantity.quantity></Point><Point><position>12334</position><in_Quantity.quantity>0.000000</in_Quantity.quantity><out_Quantity.quantity>503.211015</out_Quantity.quantity></Point><Point><position>12335</position><in_Quantity.quantity>0.000000</in_Quantity.quantity><out_Quantity.quantity>837.416319</out_Quantity.quantity></Point><Point><position>12336</position><in_Quantity.quantity>0.000000</in_Quantity.quantity><out_Quantity.quantity>653.116498</out_Quantity.quantity></Point><Point><position>12337</position><in_Quantity.quantity>0.000000</in_Quantity.quantity><out_Quantity.quantity>102.696757</out_Quantity.quantity></Point><Point><position>12338</position><in_Quantity.quantity>0.000000</in_Quantity.quantity><out_Quantity.quantity>790.761482</out_Quantity.quantity></Point><Point><position>12339</position><in_Quantity.quantity>0.000000</in_Quantity.quantity><out_Quantity.quantity>855.449687</out_Quantity.quantity></Point><Point><position>12340</position><in_Quantity.quantity>0.000000</in_Quantity.quantity><out_Quantity.quantity>611.379267</out_Quantity.quantity></Point><Point><position>12341</position><in_Quantity.quantity>0.000000</in_Quantity.quantity><out_Quantity.quantity>371.331431</out_Quantity.quantity></Point><Point><position>12342</position><in_Quantity.quantity>0.000000</in_Quantity.quantity><out_Quantity.quantity>534.886337</out_Quantity.quantity></Point><Point><position>12343</position><in_Quantity.quantity>0.000000</in_Quantity.quantity><out_Quantity.quantity>383.711137</out_Quantity.quantity></Point><Point><position>12344</position><in_Quantity.quantity>0.000000</in_Quantity.quantity><out_Quantity.quantity>966.540507</out_Quantity.quantity></Point><Point><position>12345</position><in_Quantity.quantity>0.000000</in_Quantity.quantity><out_Quantity.quantity>864.923473</out_Quantity.quantity></Point><Point><position>12346</position><in_Quantity.quantity>0.000000</in_Quantity.quantity><out_Quantity.quantity>826.633311</out_Quantity.quantity></Point><Point><position>12347</position><in_Quantity.quantity>0.000000</in_Quantity.quantity><out_Quantity.quantity>198.464004</out_Quantity.quantity></Point><Point><position>12348</position><in_Quantity.quantity>0.000000</in_Quantity.quantity><out_Quantity.quantity>933.671130</out_Quantity.quantity></Point><Point><position>12349</position><in_Quantity.quantity>0.000000</in_Quantity.quantity><out_Quantity.quantity>290.012527</out_Quantity.quantity></Point><Point><position>12350</position><in_Quantity.quantity>0.000000</in_Quantity.quantity><out_Quantity.quantity>653.503439</out_Quantity.quantity></Point><Point><position>12351</position><in_Quantity.quantity>0.000000</in_Quantity.quantity><out_Quantity.quantity>307.512401</out_Quantity.quantity></Point><Point><position>12352</position><in_Quantity.quantity>0.000000</in_Quantity.quantity><out_Quantity.quantity>105.209315</out_Quantity.quantity></Point><Point><position>12353</position><in_Quantity.quantity>0.000000</in_Quantity.quantity><out_Quantity.quantity>794.923175</out_Quantity.quantity></Point><Point><position>12354</position><in_Quantity.quantity>0.000000</in_Quantity.quantity><out_Quantity.quantity>213.970975</out_Quantity.quantity></Point><Point><position>12355</position><in_Quantity.quantity>0.000000</in_Quantity.quantity><out_Quantity.quantity>579.205728</out_Quantity.quantity></Point><Point><position>12356</position><in_Quantity.quantity>0.000000</in_Quantity.quantity><out_Quantity.quantity>872.323630</out_Quantity.quantity></Point><Point><position>12357</position><in_Quantity.quantity>0.000000</in_Quantity.quantity><out_Quantity.quantity>777.998652</out_Quantity.quantity></Point><Point><position>12358</position><in_Quantity.quantity>0.000000</in_Quantity.quantity><out_Quantity.quantity>981.816067</out_Quantity.quantity></Point><Point><position>12359</position><in_Quantity.quantity>0.000000</in_Quantity.quantity><out_Quantity.quantity>682.633611</out_Quantity.quantity></Point><Point><position>12360</position><in_Quantity.quantity>0.000000</in_Quantity.quantity><out_Quantity.quantity>276.007968</out_Quantity.quantity></Point><Point><position>12361</position><in_Quantity.quantity>0.000000</in_Quantity.quantity><out_Quantity.quantity>703.990386</out_Quantity.quantity></Point><Point><position>12362</position><in_Quantity.quantity>0.000000</in_Quantity.quantity><out_Quantity.quantity>387.190841</out_Quantity.quantity></Point><Point><position>12363</position><in_Quantity.quantity>0.000000</in_Quantity.quantity><out_Quantity.quantity>747.800299</out_Quantity.quantity></Point><Point><position>12364</position><in_Quantity.quantity>0.000000</in_Quantity.quantity><out_Quantity.quantity>348.860781</out_Quantity.quantity></Point><Point><position>12365</position><in_Quantity.quantity>0.000000</in_Quantity.quantity><out_Quantity.quantity>559.037081</out_Quantity.quantity></Point><Point><position>12366</position><in_Quantity.quantity>0.000000</in_Quantity.quantity><out_Quantity.quantity>555.316457</out_Quantity.quantity></Point><Point><position>12367</position><in_Quantity.quantity>0.000000</in_Quantity.quantity><out_Quantity.quantity>892.296416</out_Quantity.quantity></Point><Point><position>12368</position><in_Quantity.quantity>0.000000</in_Quantity.quantity><out_Quantity.quantity>907.591910</out_Quantity.quantity></Point><Point><position>12369</position><in_Quantity.quantity>0.000000</in_Quantity.quantity><out_Quantity.quantity>14.765920</out_Quantity.quantity></Point><Point><position>12370</position><in_Quantity.quantity>0.000000</in_Quantity.quantity><out_Quantity.quantity>716.003584</out_Quantity.quantity></Point><Point><position>12371</position><in_Quantity.quantity>0.000000</in_Quantity.quantity><out_Quantity.quantity>986.434396</out_Quantity.quantity></Point><Point><position>12372</position><in_Quantity.quantity>0.000000</in_Quantity.quantity><out_Quantity.quantity>928.376648</out_Quantity.quantity></Point><Point><position>12373</position><in_Quantity.quantity>0.000000</in_Quantity.quantity><out_Quantity.quantity>254.524097</out_Quantity.quantity></Point><Point><position>12374</position><in_Quantity.quantity>0.000000</in_Quantity.quantity><out_Quantity.quantity>939.617791</out_Quantity.quantity></Point><Point><position>12375</position><in_Quantity.quantity>0.000000</in_Quantity.quantity><out_Quantity.quantity>118.452219</out_Quantity.quantity></Point><Point><position>12376</position><in_Quantity.quantity>0.000000</in_Quantity.quantity><out_Quantity.quantity>418.918698</out_Quantity.quantity></Point><Point><position>12377</position><in_Quantity.quantity>0.000000</in_Quantity.quantity><out_Quantity.quantity>754.869913</out_Quantity.quantity></Point><Point><position>12378</position><in_Quantity.quantity>0.000000</in_Quantity.quantity><out_Quantity.quantity>272.319033</out_Quantity.quantity></Point><Point><position>12379</position><in_Quantity.quantity>0.000000</in_Quantity.quantity><out_Quantity.quantity>466.604235</out_Quantity.quantity></Point><Point><position>12380</position><in_Quantity.quantity>0.000000</in_Quantity.quantity><out_Quantity.quantity>767.856510</out_Quantity.quantity></Point><Point><position>12381</position><in_Quantity.quantity>0.000000</in_Quantity.quantity><out_Quantity.quantity>242.909629</out_Quantity.quantity></Point><Point><position>12382</position><in_Quantity.quantity>0.000000</in_Quantity.quantity><out_Quantity.quantity>303.927675</out_Quantity.quantity></Point><Point><position>12383</position><in_Quantity.quantity>0.000000</in_Quantity.quantity><out_Quantity.quantity>549.764100</out_Quantity.quantity></Point><Point><position>12384</position><in_Quantity.quantity>0.000000</in_Quantity.quantity><out_Quantity.quantity>439.448111</out_Quantity.quantity></Point><Point><position>12385</position><in_Quantity.quantity>0.000000</in_Quantity.quantity><out_Quantity.quantity>107.667295</out_Quantity.quantity></Point><Point><position>12386</position><in_Quantity.quantity>0.000000</in_Quantity.quantity><out_Quantity.quantity>86.706224</out_Quantity.quantity></Point><Point><position>12387</position><in_Quantity.quantity>0.000000</in_Quantity.quantity><out_Quantity.quantity>453.280018</out_Quantity.quantity></Point><Point><position>12388</position><in_Quantity.quantity>0.000000</in_Quantity.quantity><out_Quantity.quantity>43.907214</out_Quantity.quantity></Point><Point><position>12389</position><in_Quantity.quantity>0.000000</in_Quantity.quantity><out_Quantity.quantity>270.783941</out_Quantity.quantity></Point><Point><position>12390</position><in_Quantity.quantity>0.000000</in_Quantity.quantity><out_Quantity.quantity>685.291303</out_Quantity.quantity></Point><Point><position>12391</position><in_Quantity.quantity>0.000000</in_Quantity.quantity><out_Quantity.quantity>762.901674</out_Quantity.quantity></Point><Point><position>12392</position><in_Quantity.quantity>0.000000</in_Quantity.quantity><out_Quantity.quantity>945.324645</out_Quantity.quantity></Point><Point><position>12393</position><in_Quantity.quantity>0.000000</in_Quantity.quantity><out_Quantity.quantity>302.759633</out_Quantity.quantity></Point><Point><position>12394</position><in_Quantity.quantity>0.000000</in_Quantity.quantity><out_Quantity.quantity>901.910328</out_Quantity.quantity></Point><Point><position>12395</position><in_Quantity.quantity>0.000000</in_Quantity.quantity><out_Quantity.quantity>724.746731</out_Quantity.quantity></Point><Point><position>12396</position><in_Quantity.quantity>0.000000</in_Quantity.quantity><out_Quantity.quantity>3.704393</out_Quantity.quantity></Point><Point><position>12397</position><in_Quantity.quantity>0.000000</in_Quantity.quantity><out_Quantity.quantity>369.667473</out_Quantity.quantity></Point><Point><position>12398</position><in_Quantity.quantity>0.000000</in_Quantity.quantity><out_Quantity.quantity>514.412949</out_Quantity.quantity></Point><Point><position>12399</position><in_Quantity.quantity>0.000000</in_Quantity.quantity><out_Quantity.quantity>369.929384</out_Quantity.quantity></Point><Point><position>12400</position><in_Quantity.quantity>0.000000</in_Quantity.quantity><out_Quantity.quantity>803.402186</out_Quantity.quantity></Point><Point><position>12401</position><in_Quantity.quantity>0.000000</in_Quantity.quantity><out_Quantity.quantity>279.533354</out_Quantity.quantity></Point><Point><position>12402</position><in_Quantity.quantity>0.000000</in_Quantity.quantity><out_Quantity.quantity>432.587596</out_Quantity.quantity></Point><Point><position>12403</position><in_Quantity.quantity>0.000000</in_Quantity.quantity><out_Quantity.quantity>585.424419</out_Quantity.quantity></Point><Point><position>12404</position><in_Quantity.quantity>0.000000</in_Quantity.quantity><out_Quantity.quantity>54.192000</out_Quantity.quantity></Point><Point><position>12405</position><in_Quantity.quantity>0.000000</in_Quantity.quantity><out_Quantity.quantity>563.928165</out_Quantity.quantity></Point><Point><position>12406</position><in_Quantity.quantity>0.000000</in_Quantity.quantity><out_Quantity.quantity>399.538624</out_Quantity.quantity></Point><Point><position>12407</position><in_Quantity.quantity>0.000000</in_Quantity.quantity><out_Quantity.quantity>366.090217</out_Quantity.quantity></Point><Point><position>12408</position><in_Quantity.quantity>0.000000</in_Quantity.quantity><out_Quantity.quantity>808.836742</out_Quantity.quantity></Point><Point><position>12409</position><in_Quantity.quantity>0.000000</in_Quantity.quantity><out_Quantity.quantity>426.294634</out_Quantity.quantity></Point><Point><position>12410</position><in_Quantity.quantity>0.000000</in_Quantity.quantity><out_Quantity.quantity>928.968931</out_Quantity.quantity></Point><Point><position>12411</position><in_Quantity.quantity>0.000000</in_Quantity.quantity><out_Quantity.quantity>806.422619</out_Quantity.quantity></Point><Point><position>12412</position><in_Quantity.quantity>0.000000</in_Quantity.quantity><out_Quantity.quantity>60.393022</out_Quantity.quantity></Point><Point><position>12413</position><in_Quantity.quantity>0.000000</in_Quantity.quantity><out_Quantity.quantity>98.660309</out_Quantity.quantity></Point><Point><position>12414</position><in_Quantity.quantity>0.000000</in_Quantity.quantity><out_Quantity.quantity>87.564290</out_Quantity.quantity></Point><Point><position>12415</position><in_Quantity.quantity>0.000000</in_Quantity.quantity><out_Quantity.quantity>118.378594</out_Quantity.quantity></Point><Point><position>12416</position><in_Quantity.quantity>0.000000</in_Quantity.quantity><out_Quantity.quantity>574.140141</out_Quantity.quantity></Point><Point><position>12417</position><in_Quantity.quantity>0.000000</in_Quantity.quantity><out_Quantity.quantity>805.253676</out_Quantity.quantity></Point><Point><position>12418</position><in_Quantity.quantity>0.000000</in_Quantity.quantity><out_Quantity.quantity>973.977816</out_Quantity.quantity></Point><Point><position>12419</position><in_Quantity.quantity>0.000000</in_Quantity.quantity><out_Quantity.quantity>264.696168</out_Quantity.quantity></Point><Point><position>12420</position><in_Quantity.quantity>0.000000</in_Quantity.quantity><out_Quantity.quantity>941.235806</out_Quantity.quantity></Point><Point><position>12421</position><in_Quantity.quantity>0.000000</in_Quantity.quantity><out_Quantity.quantity>351.727424</out_Quantity.quantity></Point><Point><position>12422</position><in_Quantity.quantity>0.000000</in_Quantity.quantity><out_Quantity.quantity>578.263915</out_Quantity.quantity></Point><Point><position>12423</position><in_Quantity.quantity>0.000000</in_Quantity.quantity><out_Quantity.quantity>247.616308</out_Quantity.quantity></Point><Point><position>12424</position><in_Quantity.quantity>0.000000</in_Quantity.quantity><out_Quantity.quantity>822.322722</out_Quantity.quantity></Point><Point><position>12425</position><in_Quantity.quantity>0.000000</in_Quantity.quantity><out_Quantity.quantity>207.433841</out_Quantity.quantity></Point><Point><position>12426</position><in_Quantity.quantity>0.000000</in_Quantity.quantity><out_Quantity.quantity>445.344519</out_Quantity.quantity></Point><Point><position>12427</position><in_Quantity.quantity>0.000000</in_Quantity.quantity><out_Quantity.quantity>627.877034</out_Quantity.quantity></Point><Point><position>12428</position><in_Quantity.quantity>0.000000</in_Quantity.quantity><out_Quantity.quantity>69.416516</out_Quantity.quantity></Point><Point><position>12429</position><in_Quantity.quantity>0.000000</in_Quantity.quantity><out_Quantity.quantity>906.511486</out_Quantity.quantity></Point><Point><position>12430</position><in_Quantity.quantity>0.000000</in_Quantity.quantity><out_Quantity.quantity>247.569092</out_Quantity.quantity></Point><Point><position>12431</position><in_Quantity.quantity>0.000000</in_Quantity.quantity><out_Quantity.quantity>291.308584</out_Quantity.quantity></Point><Point><position>12432</position><in_Quantity.quantity>0.000000</in_Quantity.quantity><out_Quantity.quantity>678.204572</out_Quantity.quantity></Point><Point><position>12433</position><in_Quantity.quantity>0.000000</in_Quantity.quantity><out_Quantity.quantity>848.757224</out_Quantity.quantity></Point><Point><position>12434</position><in_Quantity.quantity>0.000000</in_Quantity.quantity><out_Quantity.quantity>624.416087</out_Quantity.quantity></Point><Point><position>12435</position><in_Quantity.quantity>0.000000</in_Quantity.quantity><out_Quantity.quantity>285.074552</out_Quantity.quantity></Point><Point><position>12436</position><in_Quantity.quantity>0.000000</in_Quantity.quantity><out_Quantity.quantity>822.883197</out_Quantity.quantity></Point><Point><position>12437</position><in_Quantity.quantity>0.000000</in_Quantity.quantity><out_Quantity.quantity>450.320553</out_Quantity.quantity></Point><Point><position>12438</position><in_Quantity.quantity>0.000000</in_Quantity.quantity><out_Quantity.quantity>710.648117</out_Quantity.quantity></Point><Point><position>12439</position><in_Quantity.quantity>0.000000</in_Quantity.quantity><out_Quantity.quantity>696.373643</out_Quantity.quantity></Point><Point><position>12440</position><in_Quantity.quantity>0.000000</in_Quantity.quantity><out_Quantity.quantity>979.668430</out_Quantity.quantity></Point><Point><position>12441</position><in_Quantity.quantity>0.000000</in_Quantity.quantity><out_Quantity.quantity>276.409497</out_Quantity.quantity></Point><Point><position>12442</position><in_Quantity.quantity>0.000000</in_Quantity.quantity><out_Quantity.quantity>586.588100</out_Quantity.quantity></Point><Point><position>12443</position><in_Quantity.quantity>0.000000</in_Quantity.quantity><out_Quantity.quantity>510.064085</out_Quantity.quantity></Point><Point><position>12444</position><in_Quantity.quantity>0.000000</in_Quantity.quantity><out_Quantity.quantity>280.759737</out_Quantity.quantity></Point><Point><position>12445</position><in_Quantity.quantity>0.000000</in_Quantity.quantity><out_Quantity.quantity>776.806705</out_Quantity.quantity></Point><Point><position>12446</position><in_Quantity.quantity>0.000000</in_Quantity.quantity><out_Quantity.quantity>263.478855</out_Quantity.quantity></Point><Point><position>12447</position><in_Quantity.quantity>0.000000</in_Quantity.quantity><out_Quantity.quantity>214.836865</out_Quantity.quantity></Point><Point><position>12448</position><in_Quantity.quantity>0.000000</in_Quantity.quantity><out_Quantity.quantity>27.442697</out_Quantity.quantity></Point><Point><position>12449</position><in_Quantity.quantity>0.000000</in_Quantity.quantity><out_Quantity.quantity>482.134877</out_Quantity.quantity></Point><Point><position>12450</position><in_Quantity.quantity>0.000000</in_Quantity.quantity><out_Quantity.quantity>258.132271</out_Quantity.quantity></Point><Point><position>12451</position><in_Quantity.quantity>0.000000</in_Quantity.quantity><out_Quantity.quantity>554.070102</out_Quantity.quantity></Point><Point><position>12452</position><in_Quantity.quantity>0.000000</in_Quantity.quantity><out_Quantity.quantity>28.712622</out_Quantity.quantity></Point><Point><position>12453</position><in_Quantity.quantity>0.000000</in_Quantity.quantity><out_Quantity.quantity>398.121140</out_Quantity.quantity></Point><Point><position>12454</position><in_Quantity.quantity>0.000000</in_Quantity.quantity><out_Quantity.quantity>866.541963</out_Quantity.quantity></Point><Point><position>12455</position><in_Quantity.quantity>0.000000</in_Quantity.quantity><out_Quantity.quantity>646.599489</out_Quantity.quantity></Point><Point><position>12456</position><in_Quantity.quantity>0.000000</in_Quantity.quantity><out_Quantity.quantity>548.372406</out_Quantity.quantity></Point><Point><position>12457</position><in_Quantity.quantity>0.000000</in_Quantity.quantity><out_Quantity.quantity>189.330340</out_Quantity.quantity></Point><Point><position>12458</position><in_Quantity.quantity>0.000000</in_Quantity.quantity><out_Quantity.quantity>289.702814</out_Quantity.quantity></Point><Point><position>12459</position><in_Quantity.quantity>0.000000</in_Quantity.quantity><out_Quantity.quantity>892.671348</out_Quantity.quantity></Point><Point><position>12460</position><in_Quantity.quantity>0.000000</in_Quantity.quantity><out_Quantity.quantity>454.602052</out_Quantity.quantity></Point><Point><position>12461</position><in_Quantity.quantity>0.000000</in_Quantity.quantity><out_Quantity.quantity>751.905613</out_Quantity.quantity></Point><Point><position>12462</position><in_Quantity.quantity>0.000000</in_Quantity.quantity><out_Quantity.quantity>263.929178</out_Quantity.quantity></Point><Point><position>12463</position><in_Quantity.quantity>0.000000</in_Quantity.quantity><out_Quantity.quantity>952.708953</out_Quantity.quantity></Point><Point><position>12464</position><in_Quantity.quantity>0.000000</in_Quantity.quantity><out_Quantity.quantity>151.457614</out_Quantity.quantity></Point><Point><position>12465</position><in_Quantity.quantity>0.000000</in_Quantity.quantity><out_Quantity.quantity>511.898377</out_Quantity.quantity></Point><Point><position>12466</position><in_Quantity.quantity>0.000000</in_Quantity.quantity><out_Quantity.quantity>801.129462</out_Quantity.quantity></Point><Point><position>12467</position><in_Quantity.quantity>0.000000</in_Quantity.quantity><out_Quantity.quantity>253.599040</out_Quantity.quantity></Point><Point><position>12468</position><in_Quantity.quantity>0.000000</in_Quantity.quantity><out_Quantity.quantity>525.920923</out_Quantity.quantity></Point><Point><position>12469</position><in_Quantity.quantity>0.000000</in_Quantity.quantity><out_Quantity.quantity>574.908390</out_Quantity.quantity></Point><Point><position>12470</position><in_Quantity.quantity>0.000000</in_Quantity.quantity><out_Quantity.quantity>208.316038</out_Quantity.quantity></Point><Point><position>12471</position><in_Quantity.quantity>0.000000</in_Quantity.quantity><out_Quantity.quantity>19.698808</out_Quantity.quantity></Point><Point><position>12472</position><in_Quantity.quantity>0.000000</in_Quantity.quantity><out_Quantity.quantity>928.560545</out_Quantity.quantity></Point><Point><position>12473</position><in_Quantity.quantity>0.000000</in_Quantity.quantity><out_Quantity.quantity>745.294128</out_Quantity.quantity></Point><Point><position>12474</position><in_Quantity.quantity>0.000000</in_Quantity.quantity><out_Quantity.quantity>445.345007</out_Quantity.quantity></Point><Point><position>12475</position><in_Quantity.quantity>0.000000</in_Quantity.quantity><out_Quantity.quantity>655.637804</out_Quantity.quantity></Point><Point><position>12476</position><in_Quantity.quantity>0.000000</in_Quantity.quantity><out_Quantity.quantity>996.518397</out_Quantity.quantity></Point><Point><position>12477</position><in_Quantity.quantity>0.000000</in_Quantity.quantity><out_Quantity.quantity>646.791480</out_Quantity.quantity></Point><Point><position>12478</position><in_Quantity.quantity>0.000000</in_Quantity.quantity><out_Quantity.quantity>928.616651</out_Quantity.quantity></Point><Point><position>12479</position><in_Quantity.quantity>0.000000</in_Quantity.quantity><out_Quantity.quantity>179.288730</out_Quantity.quantity></Point><Point><position>12480</position><in_Quantity.quantity>0.000000</in_Quantity.quantity><out_Quantity.quantity>867.743628</out_Quantity.quantity></Point><Point><position>12481</position><in_Quantity.quantity>0.000000</in_Quantity.quantity><out_Quantity.quantity>294.348644</out_Quantity.quantity></Point><Point><position>12482</position><in_Quantity.quantity>0.000000</in_Quantity.quantity><out_Quantity.quantity>42.077238</out_Quantity.quantity></Point><Point><position>12483</position><in_Quantity.quantity>0.000000</in_Quantity.quantity><out_Quantity.quantity>511.365793</out_Quantity.quantity></Point><Point><position>12484</position><in_Quantity.quantity>0.000000</in_Quantity.quantity><out_Quantity.quantity>235.381287</out_Quantity.quantity></Point><Point><position>12485</position><in_Quantity.quantity>0.000000</in_Quantity.quantity><out_Quantity.quantity>648.739254</out_Quantity.quantity></Point><Point><position>12486</position><in_Quantity.quantity>0.000000</in_Quantity.quantity><out_Quantity.quantity>976.225119</out_Quantity.quantity></Point><Point><position>12487</position><in_Quantity.quantity>0.000000</in_Quantity.quantity><out_Quantity.quantity>482.226160</out_Quantity.quantity></Point><Point><position>12488</position><in_Quantity.quantity>0.000000</in_Quantity.quantity><out_Quantity.quantity>126.571796</out_Quantity.quantity></Point><Point><position>12489</position><in_Quantity.quantity>0.000000</in_Quantity.quantity><out_Quantity.quantity>874.099673</out_Quantity.quantity></Point><Point><position>12490</position><in_Quantity.quantity>0.000000</in_Quantity.quantity><out_Quantity.quantity>95.157965</out_Quantity.quantity></Point><Point><position>12491</position><in_Quantity.quantity>0.000000</in_Quantity.quantity><out_Quantity.quantity>126.977627</out_Quantity.quantity></Point><Point><position>12492</position><in_Quantity.quantity>0.000000</in_Quantity.quantity><out_Quantity.quantity>643.465608</out_Quantity.quantity></Point><Point><position>12493</position><in_Quantity.quantity>0.000000</in_Quantity.quantity><out_Quantity.quantity>150.054976</out_Quantity.quantity></Point><Point><position>12494</position><in_Quantity.quantity>0.000000</in_Quantity.quantity><out_Quantity.quantity>915.097219</out_Quantity.quantity></Point><Point><position>12495</position><in_Quantity.quantity>0.000000</in_Quantity.quantity><out_Quantity.quantity>986.608572</out_Quantity.quantity></Point><Point><position>12496</position><in_Quantity.quantity>0.000000</in_Quantity.quantity><out_Quantity.quantity>737.750338</out_Quantity.quantity></Point><Point><position>12497</position><in_Quantity.quantity>0.000000</in_Quantity.quantity><out_Quantity.quantity>534.621765</out_Quantity.quantity></Point><Point><position>12498</position><in_Quantity.quantity>0.000000</in_Quantity.quantity><out_Quantity.quantity>912.366200</out_Quantity.quantity></Point><Point><position>12499</position><in_Quantity.quantity>0.000000</in_Quantity.quantity><out_Quantity.quantity>573.793765</out_Quantity.quantity></Point><Point><position>12500</position><in_Quantity.quantity>0.000000</in_Quantity.quantity><out_Quantity.quantity>505.772322</out_Quantity.quantity></Point><Point><position>12501</position><in_Quantity.quantity>0.000000</in_Quantity.quantity><out_Quantity.quantity>258.449994</out_Quantity.quantity></Point><Point><position>12502</position><in_Quantity.quantity>0.000000</in_Quantity.quantity><out_Quantity.quantity>476.437204</out_Quantity.quantity></Point><Point><position>12503</position><in_Quantity.quantity>0.000000</in_Quantity.quantity><out_Quantity.quantity>415.318187</out_Quantity.quantity></Point><Point><position>12504</position><in_Quantity.quantity>0.000000</in_Quantity.quantity><out_Quantity.quantity>453.565175</out_Quantity.quantity></Point><Point><position>12505</position><in_Quantity.quantity>0.000000</in_Quantity.quantity><out_Quantity.quantity>398.299763</out_Quantity.quantity></Point><Point><position>12506</position><in_Quantity.quantity>0.000000</in_Quantity.quantity><out_Quantity.quantity>465.069713</out_Quantity.quantity></Point><Point><position>12507</position><in_Quantity.quantity>0.000000</in_Quantity.quantity><out_Quantity.quantity>393.508152</out_Quantity.quantity></Point><Point><position>12508</position><in_Quantity.quantity>0.000000</in_Quantity.quantity><out_Quantity.quantity>797.132174</out_Quantity.quantity></Point><Point><position>12509</position><in_Quantity.quantity>0.000000</in_Quantity.quantity><out_Quantity.quantity>752.021166</out_Quantity.quantity></Point><Point><position>12510</position><in_Quantity.quantity>0.000000</in_Quantity.quantity><out_Quantity.quantity>840.211463</out_Quantity.quantity></Point><Point><position>12511</position><in_Quantity.quantity>0.000000</in_Quantity.quantity><out_Quantity.quantity>685.249799</out_Quantity.quantity></Point><Point><position>12512</position><in_Quantity.quantity>0.000000</in_Quantity.quantity><out_Quantity.quantity>381.123085</out_Quantity.quantity></Point><Point><position>12513</position><in_Quantity.quantity>0.000000</in_Quantity.quantity><out_Quantity.quantity>157.924627</out_Quantity.quantity></Point><Point><position>12514</position><in_Quantity.quantity>0.000000</in_Quantity.quantity><out_Quantity.quantity>70.117633</out_Quantity.quantity></Point><Point><position>12515</position><in_Quantity.quantity>0.000000</in_Quantity.quantity><out_Quantity.quantity>209.131074</out_Quantity.quantity></Point><Point><position>12516</position><in_Quantity.quantity>0.000000</in_Quantity.quantity><out_Quantity.quantity>907.573725</out_Quantity.quantity></Point><Point><position>12517</position><in_Quantity.quantity>0.000000</in_Quantity.quantity><out_Quantity.quantity>899.689672</out_Quantity.quantity></Point><Point><position>12518</position><in_Quantity.quantity>0.000000</in_Quantity.quantity><out_Quantity.quantity>74.423804</out_Quantity.quantity></Point><Point><position>12519</position><in_Quantity.quantity>0.000000</in_Quantity.quantity><out_Quantity.quantity>462.030079</out_Quantity.quantity></Point><Point><position>12520</position><in_Quantity.quantity>0.000000</in_Quantity.quantity><out_Quantity.quantity>356.353494</out_Quantity.quantity></Point><Point><position>12521</position><in_Quantity.quantity>0.000000</in_Quantity.quantity><out_Quantity.quantity>185.831140</out_Quantity.quantity></Point><Point><position>12522</position><in_Quantity.quantity>0.000000</in_Quantity.quantity><out_Quantity.quantity>137.346992</out_Quantity.quantity></Point><Point><position>12523</position><in_Quantity.quantity>0.000000</in_Quantity.quantity><out_Quantity.quantity>945.151363</out_Quantity.quantity></Point><Point><position>12524</position><in_Quantity.quantity>0.000000</in_Quantity.quantity><out_Quantity.quantity>796.849763</out_Quantity.quantity></Point><Point><position>12525</position><in_Quantity.quantity>0.000000</in_Quantity.quantity><out_Quantity.quantity>846.625406</out_Quantity.quantity></Point><Point><position>12526</position><in_Quantity.quantity>0.000000</in_Quantity.quantity><out_Quantity.quantity>594.139530</out_Quantity.quantity></Point><Point><position>12527</position><in_Quantity.quantity>0.000000</in_Quantity.quantity><out_Quantity.quantity>746.820191</out_Quantity.quantity></Point><Point><position>12528</position><in_Quantity.quantity>0.000000</in_Quantity.quantity><out_Quantity.quantity>701.568150</out_Quantity.quantity></Point><Point><position>12529</position><in_Quantity.quantity>0.000000</in_Quantity.quantity><out_Quantity.quantity>851.657851</out_Quantity.quantity></Point><Point><position>12530</position><in_Quantity.quantity>0.000000</in_Quantity.quantity><out_Quantity.quantity>180.959196</out_Quantity.quantity></Point><Point><position>12531</position><in_Quantity.quantity>0.000000</in_Quantity.quantity><out_Quantity.quantity>7.540409</out_Quantity.quantity></Point><Point><position>12532</position><in_Quantity.quantity>0.000000</in_Quantity.quantity><out_Quantity.quantity>137.264271</out_Quantity.quantity></Point><Point><position>12533</position><in_Quantity.quantity>0.000000</in_Quantity.quantity><out_Quantity.quantity>11.688699</out_Quantity.quantity></Point><Point><position>12534</position><in_Quantity.quantity>0.000000</in_Quantity.quantity><out_Quantity.quantity>463.660056</out_Quantity.quantity></Point><Point><position>12535</position><in_Quantity.quantity>0.000000</in_Quantity.quantity><out_Quantity.quantity>210.267380</out_Quantity.quantity></Point><Point><position>12536</position><in_Quantity.quantity>0.000000</in_Quantity.quantity><out_Quantity.quantity>225.162382</out_Quantity.quantity></Point><Point><position>12537</position><in_Quantity.quantity>0.000000</in_Quantity.quantity><out_Quantity.quantity>353.456349</out_Quantity.quantity></Point><Point><position>12538</position><in_Quantity.quantity>0.000000</in_Quantity.quantity><out_Quantity.quantity>684.336623</out_Quantity.quantity></Point><Point><position>12539</position><in_Quantity.quantity>0.000000</in_Quantity.quantity><out_Quantity.quantity>559.562399</out_Quantity.quantity></Point><Point><position>12540</position><in_Quantity.quantity>0.000000</in_Quantity.quantity><out_Quantity.quantity>92.045933</out_Quantity.quantity></Point><Point><position>12541</position><in_Quantity.quantity>0.000000</in_Quantity.quantity><out_Quantity.quantity>635.004840</out_Quantity.quantity></Point><Point><position>12542</position><in_Quantity.quantity>0.000000</in_Quantity.quantity><out_Quantity.quantity>549.585334</out_Quantity.quantity></Point><Point><position>12543</position><in_Quantity.quantity>0.000000</in_Quantity.quantity><out_Quantity.quantity>187.190423</out_Quantity.quantity></Point><Point><position>12544</position><in_Quantity.quantity>0.000000</in_Quantity.quantity><out_Quantity.quantity>351.351509</out_Quantity.quantity></Point><Point><position>12545</position><in_Quantity.quantity>0.000000</in_Quantity.quantity><out_Quantity.quantity>644.705196</out_Quantity.quantity></Point><Point><position>12546</position><in_Quantity.quantity>0.000000</in_Quantity.quantity><out_Quantity.quantity>384.056623</out_Quantity.quantity></Point><Point><position>12547</position><in_Quantity.quantity>0.000000</in_Quantity.quantity><out_Quantity.quantity>758.314398</out_Quantity.quantity></Point><Point><position>12548</position><in_Quantity.quantity>0.000000</in_Quantity.quantity><out_Quantity.quantity>260.891370</out_Quantity.quantity></Point><Point><position>12549</position><in_Quantity.quantity>0.000000</in_Quantity.quantity><out_Quantity.quantity>910.794246</out_Quantity.quantity></Point><Point><position>12550</position><in_Quantity.quantity>0.000000</in_Quantity.quantity><out_Quantity.quantity>796.519854</out_Quantity.quantity></Point><Point><position>12551</position><in_Quantity.quantity>0.000000</in_Quantity.quantity><out_Quantity.quantity>617.627543</out_Quantity.quantity></Point><Point><position>12552</position><in_Quantity.quantity>0.000000</in_Quantity.quantity><out_Quantity.quantity>59.758263</out_Quantity.quantity></Point><Point><position>12553</position><in_Quantity.quantity>0.000000</in_Quantity.quantity><out_Quantity.quantity>764.288734</out_Quantity.quantity></Point><Point><position>12554</position><in_Quantity.quantity>0.000000</in_Quantity.quantity><out_Quantity.quantity>809.826471</out_Quantity.quantity></Point><Point><position>12555</position><in_Quantity.quantity>0.000000</in_Quantity.quantity><out_Quantity.quantity>760.511534</out_Quantity.quantity></Point><Point><position>12556</position><in_Quantity.quantity>0.000000</in_Quantity.quantity><out_Quantity.quantity>68.001220</out_Quantity.quantity></Point><Point><position>12557</position><in_Quantity.quantity>0.000000</in_Quantity.quantity><out_Quantity.quantity>852.535883</out_Quantity.quantity></Point><Point><position>12558</position><in_Quantity.quantity>0.000000</in_Quantity.quantity><out_Quantity.quantity>96.215398</out_Quantity.quantity></Point><Point><position>12559</position><in_Quantity.quantity>0.000000</in_Quantity.quantity><out_Quantity.quantity>694.766322</out_Quantity.quantity></Point><Point><position>12560</position><in_Quantity.quantity>0.000000</in_Quantity.quantity><out_Quantity.quantity>184.360945</out_Quantity.quantity></Point><Point><position>12561</position><in_Quantity.quantity>0.000000</in_Quantity.quantity><out_Quantity.quantity>509.024749</out_Quantity.quantity></Point><Point><position>12562</position><in_Quantity.quantity>0.000000</in_Quantity.quantity><out_Quantity.quantity>29.425957</out_Quantity.quantity></Point><Point><position>12563</position><in_Quantity.quantity>0.000000</in_Quantity.quantity><out_Quantity.quantity>957.958311</out_Quantity.quantity></Point><Point><position>12564</position><in_Quantity.quantity>0.000000</in_Quantity.quantity><out_Quantity.quantity>661.405649</out_Quantity.quantity></Point><Point><position>12565</position><in_Quantity.quantity>0.000000</in_Quantity.quantity><out_Quantity.quantity>881.685208</out_Quantity.quantity></Point><Point><position>12566</position><in_Quantity.quantity>0.000000</in_Quantity.quantity><out_Quantity.quantity>351.228291</out_Quantity.quantity></Point><Point><position>12567</position><in_Quantity.quantity>0.000000</in_Quantity.quantity><out_Quantity.quantity>641.071691</out_Quantity.quantity></Point><Point><position>12568</position><in_Quantity.quantity>0.000000</in_Quantity.quantity><out_Quantity.quantity>731.475804</out_Quantity.quantity></Point><Point><position>12569</position><in_Quantity.quantity>0.000000</in_Quantity.quantity><out_Quantity.quantity>707.458280</out_Quantity.quantity></Point><Point><position>12570</position><in_Quantity.quantity>0.000000</in_Quantity.quantity><out_Quantity.quantity>638.394781</out_Quantity.quantity></Point><Point><position>12571</position><in_Quantity.quantity>0.000000</in_Quantity.quantity><out_Quantity.quantity>190.141021</out_Quantity.quantity></Point><Point><position>12572</position><in_Quantity.quantity>0.000000</in_Quantity.quantity><out_Quantity.quantity>792.036444</out_Quantity.quantity></Point><Point><position>12573</position><in_Quantity.quantity>0.000000</in_Quantity.quantity><out_Quantity.quantity>927.182631</out_Quantity.quantity></Point><Point><position>12574</position><in_Quantity.quantity>0.000000</in_Quantity.quantity><out_Quantity.quantity>663.460259</out_Quantity.quantity></Point><Point><position>12575</position><in_Quantity.quantity>0.000000</in_Quantity.quantity><out_Quantity.quantity>303.085657</out_Quantity.quantity></Point><Point><position>12576</position><in_Quantity.quantity>0.000000</in_Quantity.quantity><out_Quantity.quantity>702.792499</out_Quantity.quantity></Point><Point><position>12577</position><in_Quantity.quantity>0.000000</in_Quantity.quantity><out_Quantity.quantity>503.835103</out_Quantity.quantity></Point><Point><position>12578</position><in_Quantity.quantity>0.000000</in_Quantity.quantity><out_Quantity.quantity>849.065827</out_Quantity.quantity></Point><Point><position>12579</position><in_Quantity.quantity>0.000000</in_Quantity.quantity><out_Quantity.quantity>590.527452</out_Quantity.quantity></Point><Point><position>12580</position><in_Quantity.quantity>0.000000</in_Quantity.quantity><out_Quantity.quantity>804.022483</out_Quantity.quantity></Point><Point><position>12581</position><in_Quantity.quantity>0.000000</in_Quantity.quantity><out_Quantity.quantity>657.871317</out_Quantity.quantity></Point><Point><position>12582</position><in_Quantity.quantity>0.000000</in_Quantity.quantity><out_Quantity.quantity>595.564908</out_Quantity.quantity></Point><Point><position>12583</position><in_Quantity.quantity>0.000000</in_Quantity.quantity><out_Quantity.quantity>342.379010</out_Quantity.quantity></Point><Point><position>12584</position><in_Quantity.quantity>0.000000</in_Quantity.quantity><out_Quantity.quantity>872.389556</out_Quantity.quantity></Point><Point><position>12585</position><in_Quantity.quantity>0.000000</in_Quantity.quantity><out_Quantity.quantity>285.681374</out_Quantity.quantity></Point><Point><position>12586</position><in_Quantity.quantity>0.000000</in_Quantity.quantity><out_Quantity.quantity>485.735389</out_Quantity.quantity></Point><Point><position>12587</position><in_Quantity.quantity>0.000000</in_Quantity.quantity><out_Quantity.quantity>507.933327</out_Quantity.quantity></Point><Point><position>12588</position><in_Quantity.quantity>0.000000</in_Quantity.quantity><out_Quantity.quantity>742.432429</out_Quantity.quantity></Point><Point><position>12589</position><in_Quantity.quantity>0.000000</in_Quantity.quantity><out_Quantity.quantity>54.604355</out_Quantity.quantity></Point><Point><position>12590</position><in_Quantity.quantity>0.000000</in_Quantity.quantity><out_Quantity.quantity>852.320664</out_Quantity.quantity></Point><Point><position>12591</position><in_Quantity.quantity>0.000000</in_Quantity.quantity><out_Quantity.quantity>372.212176</out_Quantity.quantity></Point><Point><position>12592</position><in_Quantity.quantity>0.000000</in_Quantity.quantity><out_Quantity.quantity>44.659227</out_Quantity.quantity></Point><Point><position>12593</position><in_Quantity.quantity>0.000000</in_Quantity.quantity><out_Quantity.quantity>854.460771</out_Quantity.quantity></Point><Point><position>12594</position><in_Quantity.quantity>0.000000</in_Quantity.quantity><out_Quantity.quantity>274.351848</out_Quantity.quantity></Point><Point><position>12595</position><in_Quantity.quantity>0.000000</in_Quantity.quantity><out_Quantity.quantity>555.416314</out_Quantity.quantity></Point><Point><position>12596</position><in_Quantity.quantity>0.000000</in_Quantity.quantity><out_Quantity.quantity>880.504553</out_Quantity.quantity></Point><Point><position>12597</position><in_Quantity.quantity>0.000000</in_Quantity.quantity><out_Quantity.quantity>410.811197</out_Quantity.quantity></Point><Point><position>12598</position><in_Quantity.quantity>0.000000</in_Quantity.quantity><out_Quantity.quantity>820.216402</out_Quantity.quantity></Point><Point><position>12599</position><in_Quantity.quantity>0.000000</in_Quantity.quantity><out_Quantity.quantity>18.609424</out_Quantity.quantity></Point><Point><position>12600</position><in_Quantity.quantity>0.000000</in_Quantity.quantity><out_Quantity.quantity>962.911827</out_Quantity.quantity></Point><Point><position>12601</position><in_Quantity.quantity>0.000000</in_Quantity.quantity><out_Quantity.quantity>622.307406</out_Quantity.quantity></Point><Point><position>12602</position><in_Quantity.quantity>0.000000</in_Quantity.quantity><out_Quantity.quantity>287.665912</out_Quantity.quantity></Point><Point><position>12603</position><in_Quantity.quantity>0.000000</in_Quantity.quantity><out_Quantity.quantity>237.581481</out_Quantity.quantity></Point><Point><position>12604</position><in_Quantity.quantity>0.000000</in_Quantity.quantity><out_Quantity.quantity>765.111050</out_Quantity.quantity></Point><Point><position>12605</position><in_Quantity.quantity>0.000000</in_Quantity.quantity><out_Quantity.quantity>406.081047</out_Quantity.quantity></Point><Point><position>12606</position><in_Quantity.quantity>0.000000</in_Quantity.quantity><out_Quantity.quantity>954.187399</out_Quantity.quantity></Point><Point><position>12607</position><in_Quantity.quantity>0.000000</in_Quantity.quantity><out_Quantity.quantity>364.451961</out_Quantity.quantity></Point><Point><position>12608</position><in_Quantity.quantity>0.000000</in_Quantity.quantity><out_Quantity.quantity>758.636937</out_Quantity.quantity></Point><Point><position>12609</position><in_Quantity.quantity>0.000000</in_Quantity.quantity><out_Quantity.quantity>640.295741</out_Quantity.quantity></Point><Point><position>12610</position><in_Quantity.quantity>0.000000</in_Quantity.quantity><out_Quantity.quantity>479.399857</out_Quantity.quantity></Point><Point><position>12611</position><in_Quantity.quantity>0.000000</in_Quantity.quantity><out_Quantity.quantity>635.648968</out_Quantity.quantity></Point><Point><position>12612</position><in_Quantity.quantity>0.000000</in_Quantity.quantity><out_Quantity.quantity>595.583190</out_Quantity.quantity></Point><Point><position>12613</position><in_Quantity.quantity>0.000000</in_Quantity.quantity><out_Quantity.quantity>954.407737</out_Quantity.quantity></Point><Point><position>12614</position><in_Quantity.quantity>0.000000</in_Quantity.quantity><out_Quantity.quantity>304.124678</out_Quantity.quantity></Point><Point><position>12615</position><in_Quantity.quantity>0.000000</in_Quantity.quantity><out_Quantity.quantity>671.294748</out_Quantity.quantity></Point><Point><position>12616</position><in_Quantity.quantity>0.000000</in_Quantity.quantity><out_Quantity.quantity>148.880349</out_Quantity.quantity></Point><Point><position>12617</position><in_Quantity.quantity>0.000000</in_Quantity.quantity><out_Quantity.quantity>39.041376</out_Quantity.quantity></Point><Point><position>12618</position><in_Quantity.quantity>0.000000</in_Quantity.quantity><out_Quantity.quantity>289.789264</out_Quantity.quantity></Point><Point><position>12619</position><in_Quantity.quantity>0.000000</in_Quantity.quantity><out_Quantity.quantity>839.847508</out_Quantity.quantity></Point><Point><position>12620</position><in_Quantity.quantity>0.000000</in_Quantity.quantity><out_Quantity.quantity>976.233149</out_Quantity.quantity></Point><Point><position>12621</position><in_Quantity.quantity>0.000000</in_Quantity.quantity><out_Quantity.quantity>631.669464</out_Quantity.quantity></Point><Point><position>12622</position><in_Quantity.quantity>0.000000</in_Quantity.quantity><out_Quantity.quantity>182.747194</out_Quantity.quantity></Point><Point><position>12623</position><in_Quantity.quantity>0.000000</in_Quantity.quantity><out_Quantity.quantity>173.999253</out_Quantity.quantity></Point><Point><position>12624</position><in_Quantity.quantity>0.000000</in_Quantity.quantity><out_Quantity.quantity>636.229338</out_Quantity.quantity></Point><Point><position>12625</position><in_Quantity.quantity>0.000000</in_Quantity.quantity><out_Quantity.quantity>834.934026</out_Quantity.quantity></Point><Point><position>12626</position><in_Quantity.quantity>0.000000</in_Quantity.quantity><out_Quantity.quantity>935.294530</out_Quantity.quantity></Point><Point><position>12627</position><in_Quantity.quantity>0.000000</in_Quantity.quantity><out_Quantity.quantity>370.767980</out_Quantity.quantity></Point><Point><position>12628</position><in_Quantity.quantity>0.000000</in_Quantity.quantity><out_Quantity.quantity>799.873386</out_Quantity.quantity></Point><Point><position>12629</position><in_Quantity.quantity>0.000000</in_Quantity.quantity><out_Quantity.quantity>519.391058</out_Quantity.quantity></Point><Point><position>12630</position><in_Quantity.quantity>0.000000</in_Quantity.quantity><out_Quantity.quantity>843.456483</out_Quantity.quantity></Point><Point><position>12631</position><in_Quantity.quantity>0.000000</in_Quantity.quantity><out_Quantity.quantity>967.157644</out_Quantity.quantity></Point><Point><position>12632</position><in_Quantity.quantity>0.000000</in_Quantity.quantity><out_Quantity.quantity>433.151619</out_Quantity.quantity></Point><Point><position>12633</position><in_Quantity.quantity>0.000000</in_Quantity.quantity><out_Quantity.quantity>484.980573</out_Quantity.quantity></Point><Point><position>12634</position><in_Quantity.quantity>0.000000</in_Quantity.quantity><out_Quantity.quantity>226.290381</out_Quantity.quantity></Point><Point><position>12635</position><in_Quantity.quantity>0.000000</in_Quantity.quantity><out_Quantity.quantity>144.708185</out_Quantity.quantity></Point><Point><position>12636</position><in_Quantity.quantity>0.000000</in_Quantity.quantity><out_Quantity.quantity>89.608451</out_Quantity.quantity></Point><Point><position>12637</position><in_Quantity.quantity>0.000000</in_Quantity.quantity><out_Quantity.quantity>797.112006</out_Quantity.quantity></Point><Point><position>12638</position><in_Quantity.quantity>0.000000</in_Quantity.quantity><out_Quantity.quantity>544.874039</out_Quantity.quantity></Point><Point><position>12639</position><in_Quantity.quantity>0.000000</in_Quantity.quantity><out_Quantity.quantity>775.558966</out_Quantity.quantity></Point><Point><position>12640</position><in_Quantity.quantity>0.000000</in_Quantity.quantity><out_Quantity.quantity>940.454105</out_Quantity.quantity></Point><Point><position>12641</position><in_Quantity.quantity>0.000000</in_Quantity.quantity><out_Quantity.quantity>552.152016</out_Quantity.quantity></Point><Point><position>12642</position><in_Quantity.quantity>0.000000</in_Quantity.quantity><out_Quantity.quantity>229.612045</out_Quantity.quantity></Point><Point><position>12643</position><in_Quantity.quantity>0.000000</in_Quantity.quantity><out_Quantity.quantity>344.469821</out_Quantity.quantity></Point><Point><position>12644</position><in_Quantity.quantity>0.000000</in_Quantity.quantity><out_Quantity.quantity>295.603592</out_Quantity.quantity></Point><Point><position>12645</position><in_Quantity.quantity>0.000000</in_Quantity.quantity><out_Quantity.quantity>785.627498</out_Quantity.quantity></Point><Point><position>12646</position><in_Quantity.quantity>0.000000</in_Quantity.quantity><out_Quantity.quantity>772.858020</out_Quantity.quantity></Point><Point><position>12647</position><in_Quantity.quantity>0.000000</in_Quantity.quantity><out_Quantity.quantity>936.920364</out_Quantity.quantity></Point><Point><position>12648</position><in_Quantity.quantity>0.000000</in_Quantity.quantity><out_Quantity.quantity>280.336402</out_Quantity.quantity></Point><Point><position>12649</position><in_Quantity.quantity>0.000000</in_Quantity.quantity><out_Quantity.quantity>877.219109</out_Quantity.quantity></Point><Point><position>12650</position><in_Quantity.quantity>0.000000</in_Quantity.quantity><out_Quantity.quantity>690.085791</out_Quantity.quantity></Point><Point><position>12651</position><in_Quantity.quantity>0.000000</in_Quantity.quantity><out_Quantity.quantity>437.025803</out_Quantity.quantity></Point><Point><position>12652</position><in_Quantity.quantity>0.000000</in_Quantity.quantity><out_Quantity.quantity>290.090797</out_Quantity.quantity></Point><Point><position>12653</position><in_Quantity.quantity>0.000000</in_Quantity.quantity><out_Quantity.quantity>209.330298</out_Quantity.quantity></Point><Point><position>12654</position><in_Quantity.quantity>0.000000</in_Quantity.quantity><out_Quantity.quantity>477.308840</out_Quantity.quantity></Point><Point><position>12655</position><in_Quantity.quantity>0.000000</in_Quantity.quantity><out_Quantity.quantity>28.190219</out_Quantity.quantity></Point><Point><position>12656</position><in_Quantity.quantity>0.000000</in_Quantity.quantity><out_Quantity.quantity>118.721451</out_Quantity.quantity></Point><Point><position>12657</position><in_Quantity.quantity>0.000000</in_Quantity.quantity><out_Quantity.quantity>529.581743</out_Quantity.quantity></Point><Point><position>12658</position><in_Quantity.quantity>0.000000</in_Quantity.quantity><out_Quantity.quantity>327.072497</out_Quantity.quantity></Point><Point><position>12659</position><in_Quantity.quantity>0.000000</in_Quantity.quantity><out_Quantity.quantity>618.364881</out_Quantity.quantity></Point><Point><position>12660</position><in_Quantity.quantity>0.000000</in_Quantity.quantity><out_Quantity.quantity>135.175235</out_Quantity.quantity></Point><Point><position>12661</position><in_Quantity.quantity>0.000000</in_Quantity.quantity><out_Quantity.quantity>441.095853</out_Quantity.quantity></Point><Point><position>12662</position><in_Quantity.quantity>0.000000</in_Quantity.quantity><out_Quantity.quantity>577.302340</out_Quantity.quantity></Point><Point><position>12663</position><in_Quantity.quantity>0.000000</in_Quantity.quantity><out_Quantity.quantity>316.978119</out_Quantity.quantity></Point><Point><position>12664</position><in_Quantity.quantity>0.000000</in_Quantity.quantity><out_Quantity.quantity>180.355933</out_Quantity.quantity></Point><Point><position>12665</position><in_Quantity.quantity>0.000000</in_Quantity.quantity><out_Quantity.quantity>952.918818</out_Quantity.quantity></Point><Point><position>12666</position><in_Quantity.quantity>0.000000</in_Quantity.quantity><out_Quantity.quantity>867.017630</out_Quantity.quantity></Point><Point><position>12667</position><in_Quantity.quantity>0.000000</in_Quantity.quantity><out_Quantity.quantity>672.040993</out_Quantity.quantity></Point><Point><position>12668</position><in_Quantity.quantity>0.000000</in_Quantity.quantity><out_Quantity.quantity>260.538550</out_Quantity.quantity></Point><Point><position>12669</position><in_Quantity.quantity>0.000000</in_Quantity.quantity><out_Quantity.quantity>333.276014</out_Quantity.quantity></Point><Point><position>12670</position><in_Quantity.quantity>0.000000</in_Quantity.quantity><out_Quantity.quantity>722.870275</out_Quantity.quantity></Point><Point><position>12671</position><in_Quantity.quantity>0.000000</in_Quantity.quantity><out_Quantity.quantity>749.174707</out_Quantity.quantity></Point><Point><position>12672</position><in_Quantity.quantity>0.000000</in_Quantity.quantity><out_Quantity.quantity>200.272947</out_Quantity.quantity></Point><Point><position>12673</position><in_Quantity.quantity>0.000000</in_Quantity.quantity><out_Quantity.quantity>712.274913</out_Quantity.quantity></Point><Point><position>12674</position><in_Quantity.quantity>0.000000</in_Quantity.quantity><out_Quantity.quantity>253.195162</out_Quantity.quantity></Point><Point><position>12675</position><in_Quantity.quantity>0.000000</in_Quantity.quantity><out_Quantity.quantity>898.871444</out_Quantity.quantity></Point><Point><position>12676</position><in_Quantity.quantity>0.000000</in_Quantity.quantity><out_Quantity.quantity>829.841429</out_Quantity.quantity></Point><Point><position>12677</position><in_Quantity.quantity>0.000000</in_Quantity.quantity><out_Quantity.quantity>104.935377</out_Quantity.quantity></Point><Point><position>12678</position><in_Quantity.quantity>0.000000</in_Quantity.quantity><out_Quantity.quantity>573.214243</out_Quantity.quantity></Point><Point><position>12679</position><in_Quantity.quantity>0.000000</in_Quantity.quantity><out_Quantity.quantity>345.659271</out_Quantity.quantity></Point><Point><position>12680</position><in_Quantity.quantity>0.000000</in_Quantity.quantity><out_Quantity.quantity>456.205024</out_Quantity.quantity></Point><Point><position>12681</position><in_Quantity.quantity>0.000000</in_Quantity.quantity><out_Quantity.quantity>291.044931</out_Quantity.quantity></Point><Point><position>12682</position><in_Quantity.quantity>0.000000</in_Quantity.quantity><out_Quantity.quantity>550.340123</out_Quantity.quantity></Point><Point><position>12683</position><in_Quantity.quantity>0.000000</in_Quantity.quantity><out_Quantity.quantity>236.014987</out_Quantity.quantity></Point><Point><position>12684</position><in_Quantity.quantity>0.000000</in_Quantity.quantity><out_Quantity.quantity>638.839195</out_Quantity.quantity></Point><Point><position>12685</position><in_Quantity.quantity>0.000000</in_Quantity.quantity><out_Quantity.quantity>858.787934</out_Quantity.quantity></Point><Point><position>12686</position><in_Quantity.quantity>0.000000</in_Quantity.quantity><out_Quantity.quantity>748.286911</out_Quantity.quantity></Point><Point><position>12687</position><in_Quantity.quantity>0.000000</in_Quantity.quantity><out_Quantity.quantity>369.743436</out_Quantity.quantity></Point><Point><position>12688</position><in_Quantity.quantity>0.000000</in_Quantity.quantity><out_Quantity.quantity>970.942737</out_Quantity.quantity></Point><Point><position>12689</position><in_Quantity.quantity>0.000000</in_Quantity.quantity><out_Quantity.quantity>844.319239</out_Quantity.quantity></Point><Point><position>12690</position><in_Quantity.quantity>0.000000</in_Quantity.quantity><out_Quantity.quantity>122.283649</out_Quantity.quantity></Point><Point><position>12691</position><in_Quantity.quantity>0.000000</in_Quantity.quantity><out_Quantity.quantity>356.238479</out_Quantity.quantity></Point><Point><position>12692</position><in_Quantity.quantity>0.000000</in_Quantity.quantity><out_Quantity.quantity>694.842413</out_Quantity.quantity></Point><Point><position>12693</position><in_Quantity.quantity>0.000000</in_Quantity.quantity><out_Quantity.quantity>213.863845</out_Quantity.quantity></Point><Point><position>12694</position><in_Quantity.quantity>0.000000</in_Quantity.quantity><out_Quantity.quantity>154.739676</out_Quantity.quantity></Point><Point><position>12695</position><in_Quantity.quantity>0.000000</in_Quantity.quantity><out_Quantity.quantity>840.131007</out_Quantity.quantity></Point><Point><position>12696</position><in_Quantity.quantity>0.000000</in_Quantity.quantity><out_Quantity.quantity>704.891918</out_Quantity.quantity></Point><Point><position>12697</position><in_Quantity.quantity>0.000000</in_Quantity.quantity><out_Quantity.quantity>2.272561</out_Quantity.quantity></Point><Point><position>12698</position><in_Quantity.quantity>0.000000</in_Quantity.quantity><out_Quantity.quantity>521.137188</out_Quantity.quantity></Point><Point><position>12699</position><in_Quantity.quantity>0.000000</in_Quantity.quantity><out_Quantity.quantity>463.244780</out_Quantity.quantity></Point><Point><position>12700</position><in_Quantity.quantity>0.000000</in_Quantity.quantity><out_Quantity.quantity>316.783003</out_Quantity.quantity></Point><Point><position>12701</position><in_Quantity.quantity>0.000000</in_Quantity.quantity><out_Quantity.quantity>509.680624</out_Quantity.quantity></Point><Point><position>12702</position><in_Quantity.quantity>0.000000</in_Quantity.quantity><out_Quantity.quantity>607.784974</out_Quantity.quantity></Point><Point><position>12703</position><in_Quantity.quantity>0.000000</in_Quantity.quantity><out_Quantity.quantity>277.590481</out_Quantity.quantity></Point><Point><position>12704</position><in_Quantity.quantity>0.000000</in_Quantity.quantity><out_Quantity.quantity>32.491270</out_Quantity.quantity></Point><Point><position>12705</position><in_Quantity.quantity>0.000000</in_Quantity.quantity><out_Quantity.quantity>179.150100</out_Quantity.quantity></Point><Point><position>12706</position><in_Quantity.quantity>0.000000</in_Quantity.quantity><out_Quantity.quantity>329.969108</out_Quantity.quantity></Point><Point><position>12707</position><in_Quantity.quantity>0.000000</in_Quantity.quantity><out_Quantity.quantity>658.386576</out_Quantity.quantity></Point><Point><position>12708</position><in_Quantity.quantity>0.000000</in_Quantity.quantity><out_Quantity.quantity>25.855356</out_Quantity.quantity></Point><Point><position>12709</position><in_Quantity.quantity>0.000000</in_Quantity.quantity><out_Quantity.quantity>427.753771</out_Quantity.quantity></Point><Point><position>12710</position><in_Quantity.quantity>0.000000</in_Quantity.quantity><out_Quantity.quantity>665.067283</out_Quantity.quantity></Point><Point><position>12711</position><in_Quantity.quantity>0.000000</in_Quantity.quantity><out_Quantity.quantity>285.976456</out_Quantity.quantity></Point><Point><position>12712</position><in_Quantity.quantity>0.000000</in_Quantity.quantity><out_Quantity.quantity>943.464625</out_Quantity.quantity></Point><Point><position>12713</position><in_Quantity.quantity>0.000000</in_Quantity.quantity><out_Quantity.quantity>33.120936</out_Quantity.quantity></Point><Point><position>12714</position><in_Quantity.quantity>0.000000</in_Quantity.quantity><out_Quantity.quantity>864.521368</out_Quantity.quantity></Point><Point><position>12715</position><in_Quantity.quantity>0.000000</in_Quantity.quantity><out_Quantity.quantity>422.763209</out_Quantity.quantity></Point><Point><position>12716</position><in_Quantity.quantity>0.000000</in_Quantity.quantity><out_Quantity.quantity>149.394077</out_Quantity.quantity></Point><Point><position>12717</position><in_Quantity.quantity>0.000000</in_Quantity.quantity><out_Quantity.quantity>129.688168</out_Quantity.quantity></Point><Point><position>12718</position><in_Quantity.quantity>0.000000</in_Quantity.quantity><out_Quantity.quantity>999.557947</out_Quantity.quantity></Point><Point><position>12719</position><in_Quantity.quantity>0.000000</in_Quantity.quantity><out_Quantity.quantity>464.840456</out_Quantity.quantity></Point><Point><position>12720</position><in_Quantity.quantity>0.000000</in_Quantity.quantity><out_Quantity.quantity>880.330532</out_Quantity.quantity></Point><Point><position>12721</position><in_Quantity.quantity>0.000000</in_Quantity.quantity><out_Quantity.quantity>868.818799</out_Quantity.quantity></Point><Point><position>12722</position><in_Quantity.quantity>0.000000</in_Quantity.quantity><out_Quantity.quantity>657.060229</out_Quantity.quantity></Point><Point><position>12723</position><in_Quantity.quantity>0.000000</in_Quantity.quantity><out_Quantity.quantity>786.164351</out_Quantity.quantity></Point><Point><position>12724</position><in_Quantity.quantity>0.000000</in_Quantity.quantity><out_Quantity.quantity>319.763263</out_Quantity.quantity></Point><Point><position>12725</position><in_Quantity.quantity>0.000000</in_Quantity.quantity><out_Quantity.quantity>96.814711</out_Quantity.quantity></Point><Point><position>12726</position><in_Quantity.quantity>0.000000</in_Quantity.quantity><out_Quantity.quantity>646.186944</out_Quantity.quantity></Point><Point><position>12727</position><in_Quantity.quantity>0.000000</in_Quantity.quantity><out_Quantity.quantity>453.415426</out_Quantity.quantity></Point><Point><position>12728</position><in_Quantity.quantity>0.000000</in_Quantity.quantity><out_Quantity.quantity>432.258123</out_Quantity.quantity></Point><Point><position>12729</position><in_Quantity.quantity>0.000000</in_Quantity.quantity><out_Quantity.quantity>203.481396</out_Quantity.quantity></Point><Point><position>12730</position><in_Quantity.quantity>0.000000</in_Quantity.quantity><out_Quantity.quantity>644.376945</out_Quantity.quantity></Point><Point><position>12731</position><in_Quantity.quantity>0.000000</in_Quantity.quantity><out_Quantity.quantity>351.673335</out_Quantity.quantity></Point><Point><position>12732</position><in_Quantity.quantity>0.000000</in_Quantity.quantity><out_Quantity.quantity>751.816944</out_Quantity.quantity></Point><Point><position>12733</position><in_Quantity.quantity>0.000000</in_Quantity.quantity><out_Quantity.quantity>312.916109</out_Quantity.quantity></Point><Point><position>12734</position><in_Quantity.quantity>0.000000</in_Quantity.quantity><out_Quantity.quantity>18.649364</out_Quantity.quantity></Point><Point><position>12735</position><in_Quantity.quantity>0.000000</in_Quantity.quantity><out_Quantity.quantity>126.310199</out_Quantity.quantity></Point><Point><position>12736</position><in_Quantity.quantity>0.000000</in_Quantity.quantity><out_Quantity.quantity>682.251562</out_Quantity.quantity></Point><Point><position>12737</position><in_Quantity.quantity>0.000000</in_Quantity.quantity><out_Quantity.quantity>152.829691</out_Quantity.quantity></Point><Point><position>12738</position><in_Quantity.quantity>0.000000</in_Quantity.quantity><out_Quantity.quantity>19.697463</out_Quantity.quantity></Point><Point><position>12739</position><in_Quantity.quantity>0.000000</in_Quantity.quantity><out_Quantity.quantity>914.960033</out_Quantity.quantity></Point><Point><position>12740</position><in_Quantity.quantity>0.000000</in_Quantity.quantity><out_Quantity.quantity>880.197551</out_Quantity.quantity></Point><Point><position>12741</position><in_Quantity.quantity>0.000000</in_Quantity.quantity><out_Quantity.quantity>738.060616</out_Quantity.quantity></Point><Point><position>12742</position><in_Quantity.quantity>0.000000</in_Quantity.quantity><out_Quantity.quantity>503.377073</out_Quantity.quantity></Point><Point><position>12743</position><in_Quantity.quantity>0.000000</in_Quantity.quantity><out_Quantity.quantity>981.550382</out_Quantity.quantity></Point><Point><position>12744</position><in_Quantity.quantity>0.000000</in_Quantity.quantity><out_Quantity.quantity>419.380152</out_Quantity.quantity></Point><Point><position>12745</position><in_Quantity.quantity>0.000000</in_Quantity.quantity><out_Quantity.quantity>809.499356</out_Quantity.quantity></Point><Point><position>12746</position><in_Quantity.quantity>0.000000</in_Quantity.quantity><out_Quantity.quantity>247.786403</out_Quantity.quantity></Point><Point><position>12747</position><in_Quantity.quantity>0.000000</in_Quantity.quantity><out_Quantity.quantity>466.296332</out_Quantity.quantity></Point><Point><position>12748</position><in_Quantity.quantity>0.000000</in_Quantity.quantity><out_Quantity.quantity>785.357225</out_Quantity.quantity></Point><Point><position>12749</position><in_Quantity.quantity>0.000000</in_Quantity.quantity><out_Quantity.quantity>485.928311</out_Quantity.quantity></Point><Point><position>12750</position><in_Quantity.quantity>0.000000</in_Quantity.quantity><out_Quantity.quantity>373.287367</out_Quantity.quantity></Point><Point><position>12751</position><in_Quantity.quantity>0.000000</in_Quantity.quantity><out_Quantity.quantity>799.769525</out_Quantity.quantity></Point><Point><position>12752</position><in_Quantity.quantity>0.000000</in_Quantity.quantity><out_Quantity.quantity>42.922360</out_Quantity.quantity></Point><Point><position>12753</position><in_Quantity.quantity>0.000000</in_Quantity.quantity><out_Quantity.quantity>431.388952</out_Quantity.quantity></Point><Point><position>12754</position><in_Quantity.quantity>0.000000</in_Quantity.quantity><out_Quantity.quantity>931.865458</out_Quantity.quantity></Point><Point><position>12755</position><in_Quantity.quantity>0.000000</in_Quantity.quantity><out_Quantity.quantity>995.170557</out_Quantity.quantity></Point><Point><position>12756</position><in_Quantity.quantity>0.000000</in_Quantity.quantity><out_Quantity.quantity>550.225363</out_Quantity.quantity></Point><Point><position>12757</position><in_Quantity.quantity>0.000000</in_Quantity.quantity><out_Quantity.quantity>431.581380</out_Quantity.quantity></Point><Point><position>12758</position><in_Quantity.quantity>0.000000</in_Quantity.quantity><out_Quantity.quantity>8.551022</out_Quantity.quantity></Point><Point><position>12759</position><in_Quantity.quantity>0.000000</in_Quantity.quantity><out_Quantity.quantity>683.369399</out_Quantity.quantity></Point><Point><position>12760</position><in_Quantity.quantity>0.000000</in_Quantity.quantity><out_Quantity.quantity>293.769725</out_Quantity.quantity></Point><Point><position>12761</position><in_Quantity.quantity>0.000000</in_Quantity.quantity><out_Quantity.quantity>186.039867</out_Quantity.quantity></Point><Point><position>12762</position><in_Quantity.quantity>0.000000</in_Quantity.quantity><out_Quantity.quantity>67.183254</out_Quantity.quantity></Point><Point><position>12763</position><in_Quantity.quantity>0.000000</in_Quantity.quantity><out_Quantity.quantity>27.531694</out_Quantity.quantity></Point><Point><position>12764</position><in_Quantity.quantity>0.000000</in_Quantity.quantity><out_Quantity.quantity>240.732598</out_Quantity.quantity></Point><Point><position>12765</position><in_Quantity.quantity>0.000000</in_Quantity.quantity><out_Quantity.quantity>841.610363</out_Quantity.quantity></Point><Point><position>12766</position><in_Quantity.quantity>0.000000</in_Quantity.quantity><out_Quantity.quantity>375.131888</out_Quantity.quantity></Point><Point><position>12767</position><in_Quantity.quantity>0.000000</in_Quantity.quantity><out_Quantity.quantity>647.356097</out_Quantity.quantity></Point><Point><position>12768</position><in_Quantity.quantity>0.000000</in_Quantity.quantity><out_Quantity.quantity>109.968489</out_Quantity.quantity></Point><Point><position>12769</position><in_Quantity.quantity>0.000000</in_Quantity.quantity><out_Quantity.quantity>753.871729</out_Quantity.quantity></Point><Point><position>12770</position><in_Quantity.quantity>0.000000</in_Quantity.quantity><out_Quantity.quantity>874.343209</out_Quantity.quantity></Point><Point><position>12771</position><in_Quantity.quantity>0.000000</in_Quantity.quantity><out_Quantity.quantity>237.596575</out_Quantity.quantity></Point><Point><position>12772</position><in_Quantity.quantity>0.000000</in_Quantity.quantity><out_Quantity.quantity>659.335523</out_Quantity.quantity></Point><Point><position>12773</position><in_Quantity.quantity>0.000000</in_Quantity.quantity><out_Quantity.quantity>995.224808</out_Quantity.quantity></Point><Point><position>12774</position><in_Quantity.quantity>0.000000</in_Quantity.quantity><out_Quantity.quantity>509.252551</out_Quantity.quantity></Point><Point><position>12775</position><in_Quantity.quantity>0.000000</in_Quantity.quantity><out_Quantity.quantity>506.193007</out_Quantity.quantity></Point><Point><position>12776</position><in_Quantity.quantity>0.000000</in_Quantity.quantity><out_Quantity.quantity>79.385801</out_Quantity.quantity></Point><Point><position>12777</position><in_Quantity.quantity>0.000000</in_Quantity.quantity><out_Quantity.quantity>616.883593</out_Quantity.quantity></Point><Point><position>12778</position><in_Quantity.quantity>0.000000</in_Quantity.quantity><out_Quantity.quantity>83.784029</out_Quantity.quantity></Point><Point><position>12779</position><in_Quantity.quantity>0.000000</in_Quantity.quantity><out_Quantity.quantity>560.955000</out_Quantity.quantity></Point><Point><position>12780</position><in_Quantity.quantity>0.000000</in_Quantity.quantity><out_Quantity.quantity>987.850706</out_Quantity.quantity></Point><Point><position>12781</position><in_Quantity.quantity>0.000000</in_Quantity.quantity><out_Quantity.quantity>404.035356</out_Quantity.quantity></Point><Point><position>12782</position><in_Quantity.quantity>0.000000</in_Quantity.quantity><out_Quantity.quantity>81.418249</out_Quantity.quantity></Point><Point><position>12783</position><in_Quantity.quantity>0.000000</in_Quantity.quantity><out_Quantity.quantity>413.218207</out_Quantity.quantity></Point><Point><position>12784</position><in_Quantity.quantity>0.000000</in_Quantity.quantity><out_Quantity.quantity>727.908537</out_Quantity.quantity></Point><Point><position>12785</position><in_Quantity.quantity>0.000000</in_Quantity.quantity><out_Quantity.quantity>347.700896</out_Quantity.quantity></Point><Point><position>12786</position><in_Quantity.quantity>0.000000</in_Quantity.quantity><out_Quantity.quantity>65.307681</out_Quantity.quantity></Point><Point><position>12787</position><in_Quantity.quantity>0.000000</in_Quantity.quantity><out_Quantity.quantity>145.601827</out_Quantity.quantity></Point><Point><position>12788</position><in_Quantity.quantity>0.000000</in_Quantity.quantity><out_Quantity.quantity>299.587974</out_Quantity.quantity></Point><Point><position>12789</position><in_Quantity.quantity>0.000000</in_Quantity.quantity><out_Quantity.quantity>311.626191</out_Quantity.quantity></Point><Point><position>12790</position><in_Quantity.quantity>0.000000</in_Quantity.quantity><out_Quantity.quantity>882.471773</out_Quantity.quantity></Point><Point><position>12791</position><in_Quantity.quantity>0.000000</in_Quantity.quantity><out_Quantity.quantity>358.805259</out_Quantity.quantity></Point><Point><position>12792</position><in_Quantity.quantity>0.000000</in_Quantity.quantity><out_Quantity.quantity>767.547360</out_Quantity.quantity></Point><Point><position>12793</position><in_Quantity.quantity>0.000000</in_Quantity.quantity><out_Quantity.quantity>629.167968</out_Quantity.quantity></Point><Point><position>12794</position><in_Quantity.quantity>0.000000</in_Quantity.quantity><out_Quantity.quantity>776.784275</out_Quantity.quantity></Point><Point><position>12795</position><in_Quantity.quantity>0.000000</in_Quantity.quantity><out_Quantity.quantity>912.951644</out_Quantity.quantity></Point><Point><position>12796</position><in_Quantity.quantity>0.000000</in_Quantity.quantity><out_Quantity.quantity>207.005235</out_Quantity.quantity></Point><Point><position>12797</position><in_Quantity.quantity>0.000000</in_Quantity.quantity><out_Quantity.quantity>856.446279</out_Quantity.quantity></Point><Point><position>12798</position><in_Quantity.quantity>0.000000</in_Quantity.quantity><out_Quantity.quantity>728.660472</out_Quantity.quantity></Point><Point><position>12799</position><in_Quantity.quantity>0.000000</in_Quantity.quantity><out_Quantity.quantity>424.403787</out_Quantity.quantity></Point><Point><position>12800</position><in_Quantity.quantity>0.000000</in_Quantity.quantity><out_Quantity.quantity>51.577988</out_Quantity.quantity></Point><Point><position>12801</position><in_Quantity.quantity>0.000000</in_Quantity.quantity><out_Quantity.quantity>424.743379</out_Quantity.quantity></Point><Point><position>12802</position><in_Quantity.quantity>0.000000</in_Quantity.quantity><out_Quantity.quantity>927.543057</out_Quantity.quantity></Point><Point><position>12803</position><in_Quantity.quantity>0.000000</in_Quantity.quantity><out_Quantity.quantity>43.013713</out_Quantity.quantity></Point><Point><position>12804</position><in_Quantity.quantity>0.000000</in_Quantity.quantity><out_Quantity.quantity>156.746607</out_Quantity.quantity></Point><Point><position>12805</position><in_Quantity.quantity>0.000000</in_Quantity.quantity><out_Quantity.quantity>239.691571</out_Quantity.quantity></Point><Point><position>12806</position><in_Quantity.quantity>0.000000</in_Quantity.quantity><out_Quantity.quantity>675.063409</out_Quantity.quantity></Point><Point><position>12807</position><in_Quantity.quantity>0.000000</in_Quantity.quantity><out_Quantity.quantity>199.507493</out_Quantity.quantity></Point><Point><position>12808</position><in_Quantity.quantity>0.000000</in_Quantity.quantity><out_Quantity.quantity>70.068097</out_Quantity.quantity></Point><Point><position>12809</position><in_Quantity.quantity>0.000000</in_Quantity.quantity><out_Quantity.quantity>161.549922</out_Quantity.quantity></Point><Point><position>12810</position><in_Quantity.quantity>0.000000</in_Quantity.quantity><out_Quantity.quantity>96.430189</out_Quantity.quantity></Point><Point><position>12811</position><in_Quantity.quantity>0.000000</in_Quantity.quantity><out_Quantity.quantity>575.522215</out_Quantity.quantity></Point><Point><position>12812</position><in_Quantity.quantity>0.000000</in_Quantity.quantity><out_Quantity.quantity>396.240916</out_Quantity.quantity></Point><Point><position>12813</position><in_Quantity.quantity>0.000000</in_Quantity.quantity><out_Quantity.quantity>983.863766</out_Quantity.quantity></Point><Point><position>12814</position><in_Quantity.quantity>0.000000</in_Quantity.quantity><out_Quantity.quantity>231.111157</out_Quantity.quantity></Point><Point><position>12815</position><in_Quantity.quantity>0.000000</in_Quantity.quantity><out_Quantity.quantity>208.459511</out_Quantity.quantity></Point><Point><position>12816</position><in_Quantity.quantity>0.000000</in_Quantity.quantity><out_Quantity.quantity>8.878149</out_Quantity.quantity></Point><Point><position>12817</position><in_Quantity.quantity>0.000000</in_Quantity.quantity><out_Quantity.quantity>332.268466</out_Quantity.quantity></Point><Point><position>12818</position><in_Quantity.quantity>0.000000</in_Quantity.quantity><out_Quantity.quantity>979.019283</out_Quantity.quantity></Point><Point><position>12819</position><in_Quantity.quantity>0.000000</in_Quantity.quantity><out_Quantity.quantity>37.919485</out_Quantity.quantity></Point><Point><position>12820</position><in_Quantity.quantity>0.000000</in_Quantity.quantity><out_Quantity.quantity>93.070527</out_Quantity.quantity></Point><Point><position>12821</position><in_Quantity.quantity>0.000000</in_Quantity.quantity><out_Quantity.quantity>996.354089</out_Quantity.quantity></Point><Point><position>12822</position><in_Quantity.quantity>0.000000</in_Quantity.quantity><out_Quantity.quantity>74.813498</out_Quantity.quantity></Point><Point><position>12823</position><in_Quantity.quantity>0.000000</in_Quantity.quantity><out_Quantity.quantity>118.620951</out_Quantity.quantity></Point><Point><position>12824</position><in_Quantity.quantity>0.000000</in_Quantity.quantity><out_Quantity.quantity>466.720048</out_Quantity.quantity></Point><Point><position>12825</position><in_Quantity.quantity>0.000000</in_Quantity.quantity><out_Quantity.quantity>392.276780</out_Quantity.quantity></Point><Point><position>12826</position><in_Quantity.quantity>0.000000</in_Quantity.quantity><out_Quantity.quantity>289.305617</out_Quantity.quantity></Point><Point><position>12827</position><in_Quantity.quantity>0.000000</in_Quantity.quantity><out_Quantity.quantity>526.805752</out_Quantity.quantity></Point><Point><position>12828</position><in_Quantity.quantity>0.000000</in_Quantity.quantity><out_Quantity.quantity>248.867957</out_Quantity.quantity></Point><Point><position>12829</position><in_Quantity.quantity>0.000000</in_Quantity.quantity><out_Quantity.quantity>575.697472</out_Quantity.quantity></Point><Point><position>12830</position><in_Quantity.quantity>0.000000</in_Quantity.quantity><out_Quantity.quantity>799.388941</out_Quantity.quantity></Point><Point><position>12831</position><in_Quantity.quantity>0.000000</in_Quantity.quantity><out_Quantity.quantity>813.736180</out_Quantity.quantity></Point><Point><position>12832</position><in_Quantity.quantity>0.000000</in_Quantity.quantity><out_Quantity.quantity>317.397786</out_Quantity.quantity></Point><Point><position>12833</position><in_Quantity.quantity>0.000000</in_Quantity.quantity><out_Quantity.quantity>727.549714</out_Quantity.quantity></Point><Point><position>12834</position><in_Quantity.quantity>0.000000</in_Quantity.quantity><out_Quantity.quantity>11.691664</out_Quantity.quantity></Point><Point><position>12835</position><in_Quantity.quantity>0.000000</in_Quantity.quantity><out_Quantity.quantity>767.910317</out_Quantity.quantity></Point><Point><position>12836</position><in_Quantity.quantity>0.000000</in_Quantity.quantity><out_Quantity.quantity>845.367652</out_Quantity.quantity></Point><Point><position>12837</position><in_Quantity.quantity>0.000000</in_Quantity.quantity><out_Quantity.quantity>642.037756</out_Quantity.quantity></Point><Point><position>12838</position><in_Quantity.quantity>0.000000</in_Quantity.quantity><out_Quantity.quantity>555.775381</out_Quantity.quantity></Point><Point><position>12839</position><in_Quantity.quantity>0.000000</in_Quantity.quantity><out_Quantity.quantity>960.129972</out_Quantity.quantity></Point><Point><position>12840</position><in_Quantity.quantity>0.000000</in_Quantity.quantity><out_Quantity.quantity>544.923425</out_Quantity.quantity></Point><Point><position>12841</position><in_Quantity.quantity>0.000000</in_Quantity.quantity><out_Quantity.quantity>959.466807</out_Quantity.quantity></Point><Point><position>12842</position><in_Quantity.quantity>0.000000</in_Quantity.quantity><out_Quantity.quantity>841.769153</out_Quantity.quantity></Point><Point><position>12843</position><in_Quantity.quantity>0.000000</in_Quantity.quantity><out_Quantity.quantity>667.963192</out_Quantity.quantity></Point><Point><position>12844</position><in_Quantity.quantity>0.000000</in_Quantity.quantity><out_Quantity.quantity>815.085726</out_Quantity.quantity></Point><Point><position>12845</position><in_Quantity.quantity>0.000000</in_Quantity.quantity><out_Quantity.quantity>104.236356</out_Quantity.quantity></Point><Point><position>12846</position><in_Quantity.quantity>0.000000</in_Quantity.quantity><out_Quantity.quantity>6.631620</out_Quantity.quantity></Point><Point><position>12847</position><in_Quantity.quantity>0.000000</in_Quantity.quantity><out_Quantity.quantity>289.009911</out_Quantity.quantity></Point><Point><position>12848</position><in_Quantity.quantity>0.000000</in_Quantity.quantity><out_Quantity.quantity>100.447965</out_Quantity.quantity></Point><Point><position>12849</position><in_Quantity.quantity>0.000000</in_Quantity.quantity><out_Quantity.quantity>950.722594</out_Quantity.quantity></Point><Point><position>12850</position><in_Quantity.quantity>0.000000</in_Quantity.quantity><out_Quantity.quantity>417.732982</out_Quantity.quantity></Point><Point><position>12851</position><in_Quantity.quantity>0.000000</in_Quantity.quantity><out_Quantity.quantity>761.980712</out_Quantity.quantity></Point><Point><position>12852</position><in_Quantity.quantity>0.000000</in_Quantity.quantity><out_Quantity.quantity>920.444786</out_Quantity.quantity></Point><Point><position>12853</position><in_Quantity.quantity>0.000000</in_Quantity.quantity><out_Quantity.quantity>384.153261</out_Quantity.quantity></Point><Point><position>12854</position><in_Quantity.quantity>0.000000</in_Quantity.quantity><out_Quantity.quantity>611.751865</out_Quantity.quantity></Point><Point><position>12855</position><in_Quantity.quantity>0.000000</in_Quantity.quantity><out_Quantity.quantity>103.597753</out_Quantity.quantity></Point><Point><position>12856</position><in_Quantity.quantity>0.000000</in_Quantity.quantity><out_Quantity.quantity>461.251581</out_Quantity.quantity></Point><Point><position>12857</position><in_Quantity.quantity>0.000000</in_Quantity.quantity><out_Quantity.quantity>533.416673</out_Quantity.quantity></Point><Point><position>12858</position><in_Quantity.quantity>0.000000</in_Quantity.quantity><out_Quantity.quantity>389.361944</out_Quantity.quantity></Point><Point><position>12859</position><in_Quantity.quantity>0.000000</in_Quantity.quantity><out_Quantity.quantity>477.580399</out_Quantity.quantity></Point><Point><position>12860</position><in_Quantity.quantity>0.000000</in_Quantity.quantity><out_Quantity.quantity>408.032748</out_Quantity.quantity></Point><Point><position>12861</position><in_Quantity.quantity>0.000000</in_Quantity.quantity><out_Quantity.quantity>134.009336</out_Quantity.quantity></Point><Point><position>12862</position><in_Quantity.quantity>0.000000</in_Quantity.quantity><out_Quantity.quantity>838.483437</out_Quantity.quantity></Point><Point><position>12863</position><in_Quantity.quantity>0.000000</in_Quantity.quantity><out_Quantity.quantity>767.184156</out_Quantity.quantity></Point><Point><position>12864</position><in_Quantity.quantity>0.000000</in_Quantity.quantity><out_Quantity.quantity>597.291651</out_Quantity.quantity></Point><Point><position>12865</position><in_Quantity.quantity>0.000000</in_Quantity.quantity><out_Quantity.quantity>242.777980</out_Quantity.quantity></Point><Point><position>12866</position><in_Quantity.quantity>0.000000</in_Quantity.quantity><out_Quantity.quantity>556.048002</out_Quantity.quantity></Point><Point><position>12867</position><in_Quantity.quantity>0.000000</in_Quantity.quantity><out_Quantity.quantity>95.223401</out_Quantity.quantity></Point><Point><position>12868</position><in_Quantity.quantity>0.000000</in_Quantity.quantity><out_Quantity.quantity>459.186338</out_Quantity.quantity></Point><Point><position>12869</position><in_Quantity.quantity>0.000000</in_Quantity.quantity><out_Quantity.quantity>850.264234</out_Quantity.quantity></Point><Point><position>12870</position><in_Quantity.quantity>0.000000</in_Quantity.quantity><out_Quantity.quantity>706.073940</out_Quantity.quantity></Point><Point><position>12871</position><in_Quantity.quantity>0.000000</in_Quantity.quantity><out_Quantity.quantity>391.666878</out_Quantity.quantity></Point><Point><position>12872</position><in_Quantity.quantity>0.000000</in_Quantity.quantity><out_Quantity.quantity>258.331274</out_Quantity.quantity></Point><Point><position>12873</position><in_Quantity.quantity>0.000000</in_Quantity.quantity><out_Quantity.quantity>226.146252</out_Quantity.quantity></Point><Point><position>12874</position><in_Quantity.quantity>0.000000</in_Quantity.quantity><out_Quantity.quantity>873.881052</out_Quantity.quantity></Point><Point><position>12875</position><in_Quantity.quantity>0.000000</in_Quantity.quantity><out_Quantity.quantity>496.746116</out_Quantity.quantity></Point><Point><position>12876</position><in_Quantity.quantity>0.000000</in_Quantity.quantity><out_Quantity.quantity>671.064519</out_Quantity.quantity></Point><Point><position>12877</position><in_Quantity.quantity>0.000000</in_Quantity.quantity><out_Quantity.quantity>211.732826</out_Quantity.quantity></Point><Point><position>12878</position><in_Quantity.quantity>0.000000</in_Quantity.quantity><out_Quantity.quantity>825.385943</out_Quantity.quantity></Point><Point><position>12879</position><in_Quantity.quantity>0.000000</in_Quantity.quantity><out_Quantity.quantity>553.408352</out_Quantity.quantity></Point><Point><position>12880</position><in_Quantity.quantity>0.000000</in_Quantity.quantity><out_Quantity.quantity>552.377735</out_Quantity.quantity></Point><Point><position>12881</position><in_Quantity.quantity>0.000000</in_Quantity.quantity><out_Quantity.quantity>893.170836</out_Quantity.quantity></Point><Point><position>12882</position><in_Quantity.quantity>0.000000</in_Quantity.quantity><out_Quantity.quantity>856.950312</out_Quantity.quantity></Point><Point><position>12883</position><in_Quantity.quantity>0.000000</in_Quantity.quantity><out_Quantity.quantity>690.543321</out_Quantity.quantity></Point><Point><position>12884</position><in_Quantity.quantity>0.000000</in_Quantity.quantity><out_Quantity.quantity>136.981254</out_Quantity.quantity></Point><Point><position>12885</position><in_Quantity.quantity>0.000000</in_Quantity.quantity><out_Quantity.quantity>439.067065</out_Quantity.quantity></Point><Point><position>12886</position><in_Quantity.quantity>0.000000</in_Quantity.quantity><out_Quantity.quantity>755.515671</out_Quantity.quantity></Point><Point><position>12887</position><in_Quantity.quantity>0.000000</in_Quantity.quantity><out_Quantity.quantity>169.464649</out_Quantity.quantity></Point><Point><position>12888</position><in_Quantity.quantity>0.000000</in_Quantity.quantity><out_Quantity.quantity>969.739899</out_Quantity.quantity></Point><Point><position>12889</position><in_Quantity.quantity>0.000000</in_Quantity.quantity><out_Quantity.quantity>720.509798</out_Quantity.quantity></Point><Point><position>12890</position><in_Quantity.quantity>0.000000</in_Quantity.quantity><out_Quantity.quantity>486.554984</out_Quantity.quantity></Point><Point><position>12891</position><in_Quantity.quantity>0.000000</in_Quantity.quantity><out_Quantity.quantity>943.177966</out_Quantity.quantity></Point><Point><position>12892</position><in_Quantity.quantity>0.000000</in_Quantity.quantity><out_Quantity.quantity>704.821705</out_Quantity.quantity></Point><Point><position>12893</position><in_Quantity.quantity>0.000000</in_Quantity.quantity><out_Quantity.quantity>574.410958</out_Quantity.quantity></Point><Point><position>12894</position><in_Quantity.quantity>0.000000</in_Quantity.quantity><out_Quantity.quantity>750.267364</out_Quantity.quantity></Point><Point><position>12895</position><in_Quantity.quantity>0.000000</in_Quantity.quantity><out_Quantity.quantity>545.155781</out_Quantity.quantity></Point><Point><position>12896</position><in_Quantity.quantity>0.000000</in_Quantity.quantity><out_Quantity.quantity>417.074462</out_Quantity.quantity></Point><Point><position>12897</position><in_Quantity.quantity>0.000000</in_Quantity.quantity><out_Quantity.quantity>118.727010</out_Quantity.quantity></Point><Point><position>12898</position><in_Quantity.quantity>0.000000</in_Quantity.quantity><out_Quantity.quantity>151.107652</out_Quantity.quantity></Point><Point><position>12899</position><in_Quantity.quantity>0.000000</in_Quantity.quantity><out_Quantity.quantity>263.633212</out_Quantity.quantity></Point><Point><position>12900</position><in_Quantity.quantity>0.000000</in_Quantity.quantity><out_Quantity.quantity>117.179458</out_Quantity.quantity></Point><Point><position>12901</position><in_Quantity.quantity>0.000000</in_Quantity.quantity><out_Quantity.quantity>203.915708</out_Quantity.quantity></Point><Point><position>12902</position><in_Quantity.quantity>0.000000</in_Quantity.quantity><out_Quantity.quantity>72.970820</out_Quantity.quantity></Point><Point><position>12903</position><in_Quantity.quantity>0.000000</in_Quantity.quantity><out_Quantity.quantity>347.651164</out_Quantity.quantity></Point><Point><position>12904</position><in_Quantity.quantity>0.000000</in_Quantity.quantity><out_Quantity.quantity>794.989519</out_Quantity.quantity></Point><Point><position>12905</position><in_Quantity.quantity>0.000000</in_Quantity.quantity><out_Quantity.quantity>857.448982</out_Quantity.quantity></Point><Point><position>12906</position><in_Quantity.quantity>0.000000</in_Quantity.quantity><out_Quantity.quantity>633.426951</out_Quantity.quantity></Point><Point><position>12907</position><in_Quantity.quantity>0.000000</in_Quantity.quantity><out_Quantity.quantity>13.668294</out_Quantity.quantity></Point><Point><position>12908</position><in_Quantity.quantity>0.000000</in_Quantity.quantity><out_Quantity.quantity>697.892053</out_Quantity.quantity></Point><Point><position>12909</position><in_Quantity.quantity>0.000000</in_Quantity.quantity><out_Quantity.quantity>851.862348</out_Quantity.quantity></Point><Point><position>12910</position><in_Quantity.quantity>0.000000</in_Quantity.quantity><out_Quantity.quantity>659.632292</out_Quantity.quantity></Point><Point><position>12911</position><in_Quantity.quantity>0.000000</in_Quantity.quantity><out_Quantity.quantity>148.374094</out_Quantity.quantity></Point><Point><position>12912</position><in_Quantity.quantity>0.000000</in_Quantity.quantity><out_Quantity.quantity>690.764261</out_Quantity.quantity></Point><Point><position>12913</position><in_Quantity.quantity>0.000000</in_Quantity.quantity><out_Quantity.quantity>683.462864</out_Quantity.quantity></Point><Point><position>12914</position><in_Quantity.quantity>0.000000</in_Quantity.quantity><out_Quantity.quantity>914.227834</out_Quantity.quantity></Point><Point><position>12915</position><in_Quantity.quantity>0.000000</in_Quantity.quantity><out_Quantity.quantity>628.541015</out_Quantity.quantity></Point><Point><position>12916</position><in_Quantity.quantity>0.000000</in_Quantity.quantity><out_Quantity.quantity>198.564125</out_Quantity.quantity></Point><Point><position>12917</position><in_Quantity.quantity>0.000000</in_Quantity.quantity><out_Quantity.quantity>329.850008</out_Quantity.quantity></Point><Point><position>12918</position><in_Quantity.quantity>0.000000</in_Quantity.quantity><out_Quantity.quantity>310.155749</out_Quantity.quantity></Point><Point><position>12919</position><in_Quantity.quantity>0.000000</in_Quantity.quantity><out_Quantity.quantity>548.740321</out_Quantity.quantity></Point><Point><position>12920</position><in_Quantity.quantity>0.000000</in_Quantity.quantity><out_Quantity.quantity>521.239870</out_Quantity.quantity></Point><Point><position>12921</position><in_Quantity.quantity>0.000000</in_Quantity.quantity><out_Quantity.quantity>641.145758</out_Quantity.quantity></Point><Point><position>12922</position><in_Quantity.quantity>0.000000</in_Quantity.quantity><out_Quantity.quantity>262.711994</out_Quantity.quantity></Point><Point><position>12923</position><in_Quantity.quantity>0.000000</in_Quantity.quantity><out_Quantity.quantity>809.322071</out_Quantity.quantity></Point><Point><position>12924</position><in_Quantity.quantity>0.000000</in_Quantity.quantity><out_Quantity.quantity>751.724175</out_Quantity.quantity></Point><Point><position>12925</position><in_Quantity.quantity>0.000000</in_Quantity.quantity><out_Quantity.quantity>520.827542</out_Quantity.quantity></Point><Point><position>12926</position><in_Quantity.quantity>0.000000</in_Quantity.quantity><out_Quantity.quantity>12.583785</out_Quantity.quantity></Point><Point><position>12927</position><in_Quantity.quantity>0.000000</in_Quantity.quantity><out_Quantity.quantity>343.268970</out_Quantity.quantity></Point><Point><position>12928</position><in_Quantity.quantity>0.000000</in_Quantity.quantity><out_Quantity.quantity>673.478706</out_Quantity.quantity></Point><Point><position>12929</position><in_Quantity.quantity>0.000000</in_Quantity.quantity><out_Quantity.quantity>329.780661</out_Quantity.quantity></Point><Point><position>12930</position><in_Quantity.quantity>0.000000</in_Quantity.quantity><out_Quantity.quantity>125.434693</out_Quantity.quantity></Point><Point><position>12931</position><in_Quantity.quantity>0.000000</in_Quantity.quantity><out_Quantity.quantity>750.937284</out_Quantity.quantity></Point><Point><position>12932</position><in_Quantity.quantity>0.000000</in_Quantity.quantity><out_Quantity.quantity>280.954097</out_Quantity.quantity></Point><Point><position>12933</position><in_Quantity.quantity>0.000000</in_Quantity.quantity><out_Quantity.quantity>70.862953</out_Quantity.quantity></Point><Point><position>12934</position><in_Quantity.quantity>0.000000</in_Quantity.quantity><out_Quantity.quantity>958.010696</out_Quantity.quantity></Point><Point><position>12935</position><in_Quantity.quantity>0.000000</in_Quantity.quantity><out_Quantity.quantity>710.944023</out_Quantity.quantity></Point><Point><position>12936</position><in_Quantity.quantity>0.000000</in_Quantity.quantity><out_Quantity.quantity>264.258796</out_Quantity.quantity></Point><Point><position>12937</position><in_Quantity.quantity>0.000000</in_Quantity.quantity><out_Quantity.quantity>8.294674</out_Quantity.quantity></Point><Point><position>12938</position><in_Quantity.quantity>0.000000</in_Quantity.quantity><out_Quantity.quantity>778.216770</out_Quantity.quantity></Point><Point><position>12939</position><in_Quantity.quantity>0.000000</in_Quantity.quantity><out_Quantity.quantity>978.648162</out_Quantity.quantity></Point><Point><position>12940</position><in_Quantity.quantity>0.000000</in_Quantity.quantity><out_Quantity.quantity>979.721491</out_Quantity.quantity></Point><Point><position>12941</position><in_Quantity.quantity>0.000000</in_Quantity.quantity><out_Quantity.quantity>32.131299</out_Quantity.quantity></Point><Point><position>12942</position><in_Quantity.quantity>0.000000</in_Quantity.quantity><out_Quantity.quantity>989.023701</out_Quantity.quantity></Point><Point><position>12943</position><in_Quantity.quantity>0.000000</in_Quantity.quantity><out_Quantity.quantity>705.369370</out_Quantity.quantity></Point><Point><position>12944</position><in_Quantity.quantity>0.000000</in_Quantity.quantity><out_Quantity.quantity>149.479664</out_Quantity.quantity></Point><Point><position>12945</position><in_Quantity.quantity>0.000000</in_Quantity.quantity><out_Quantity.quantity>422.191402</out_Quantity.quantity></Point><Point><position>12946</position><in_Quantity.quantity>0.000000</in_Quantity.quantity><out_Quantity.quantity>685.160584</out_Quantity.quantity></Point><Point><position>12947</position><in_Quantity.quantity>0.000000</in_Quantity.quantity><out_Quantity.quantity>388.081507</out_Quantity.quantity></Point><Point><position>12948</position><in_Quantity.quantity>0.000000</in_Quantity.quantity><out_Quantity.quantity>643.832297</out_Quantity.quantity></Point><Point><position>12949</position><in_Quantity.quantity>0.000000</in_Quantity.quantity><out_Quantity.quantity>847.587226</out_Quantity.quantity></Point><Point><position>12950</position><in_Quantity.quantity>0.000000</in_Quantity.quantity><out_Quantity.quantity>741.841250</out_Quantity.quantity></Point><Point><position>12951</position><in_Quantity.quantity>0.000000</in_Quantity.quantity><out_Quantity.quantity>372.974546</out_Quantity.quantity></Point><Point><position>12952</position><in_Quantity.quantity>0.000000</in_Quantity.quantity><out_Quantity.quantity>310.538456</out_Quantity.quantity></Point><Point><position>12953</position><in_Quantity.quantity>0.000000</in_Quantity.quantity><out_Quantity.quantity>142.368513</out_Quantity.quantity></Point><Point><position>12954</position><in_Quantity.quantity>0.000000</in_Quantity.quantity><out_Quantity.quantity>314.233794</out_Quantity.quantity></Point><Point><position>12955</position><in_Quantity.quantity>0.000000</in_Quantity.quantity><out_Quantity.quantity>792.452669</out_Quantity.quantity></Point><Point><position>12956</position><in_Quantity.quantity>0.000000</in_Quantity.quantity><out_Quantity.quantity>423.400560</out_Quantity.quantity></Point><Point><position>12957</position><in_Quantity.quantity>0.000000</in_Quantity.quantity><out_Quantity.quantity>36.759353</out_Quantity.quantity></Point><Point><position>12958</position><in_Quantity.quantity>0.000000</in_Quantity.quantity><out_Quantity.quantity>910.484906</out_Quantity.quantity></Point><Point><position>12959</position><in_Quantity.quantity>0.000000</in_Quantity.quantity><out_Quantity.quantity>12.022825</out_Quantity.quantity></Point><Point><position>12960</position><in_Quantity.quantity>0.000000</in_Quantity.quantity><out_Quantity.quantity>501.893739</out_Quantity.quantity></Point><Point><position>12961</position><in_Quantity.quantity>0.000000</in_Quantity.quantity><out_Quantity.quantity>376.989600</out_Quantity.quantity></Point><Point><position>12962</position><in_Quantity.quantity>0.000000</in_Quantity.quantity><out_Quantity.quantity>85.054181</out_Quantity.quantity></Point><Point><position>12963</position><in_Quantity.quantity>0.000000</in_Quantity.quantity><out_Quantity.quantity>547.067278</out_Quantity.quantity></Point><Point><position>12964</position><in_Quantity.quantity>0.000000</in_Quantity.quantity><out_Quantity.quantity>494.727901</out_Quantity.quantity></Point><Point><position>12965</position><in_Quantity.quantity>0.000000</in_Quantity.quantity><out_Quantity.quantity>215.377902</out_Quantity.quantity></Point><Point><position>12966</position><in_Quantity.quantity>0.000000</in_Quantity.quantity><out_Quantity.quantity>71.449931</out_Quantity.quantity></Point><Point><position>12967</position><in_Quantity.quantity>0.000000</in_Quantity.quantity><out_Quantity.quantity>386.923127</out_Quantity.quantity></Point><Point><position>12968</position><in_Quantity.quantity>0.000000</in_Quantity.quantity><out_Quantity.quantity>485.213120</out_Quantity.quantity></Point><Point><position>12969</position><in_Quantity.quantity>0.000000</in_Quantity.quantity><out_Quantity.quantity>49.372173</out_Quantity.quantity></Point><Point><position>12970</position><in_Quantity.quantity>0.000000</in_Quantity.quantity><out_Quantity.quantity>766.633044</out_Quantity.quantity></Point><Point><position>12971</position><in_Quantity.quantity>0.000000</in_Quantity.quantity><out_Quantity.quantity>493.751560</out_Quantity.quantity></Point><Point><position>12972</position><in_Quantity.quantity>0.000000</in_Quantity.quantity><out_Quantity.quantity>153.519530</out_Quantity.quantity></Point><Point><position>12973</position><in_Quantity.quantity>0.000000</in_Quantity.quantity><out_Quantity.quantity>135.339221</out_Quantity.quantity></Point><Point><position>12974</position><in_Quantity.quantity>0.000000</in_Quantity.quantity><out_Quantity.quantity>440.588470</out_Quantity.quantity></Point><Point><position>12975</position><in_Quantity.quantity>0.000000</in_Quantity.quantity><out_Quantity.quantity>601.035272</out_Quantity.quantity></Point><Point><position>12976</position><in_Quantity.quantity>0.000000</in_Quantity.quantity><out_Quantity.quantity>487.513002</out_Quantity.quantity></Point><Point><position>12977</position><in_Quantity.quantity>0.000000</in_Quantity.quantity><out_Quantity.quantity>577.130686</out_Quantity.quantity></Point><Point><position>12978</position><in_Quantity.quantity>0.000000</in_Quantity.quantity><out_Quantity.quantity>671.123134</out_Quantity.quantity></Point><Point><position>12979</position><in_Quantity.quantity>0.000000</in_Quantity.quantity><out_Quantity.quantity>398.957385</out_Quantity.quantity></Point><Point><position>12980</position><in_Quantity.quantity>0.000000</in_Quantity.quantity><out_Quantity.quantity>1.741105</out_Quantity.quantity></Point><Point><position>12981</position><in_Quantity.quantity>0.000000</in_Quantity.quantity><out_Quantity.quantity>768.291673</out_Quantity.quantity></Point><Point><position>12982</position><in_Quantity.quantity>0.000000</in_Quantity.quantity><out_Quantity.quantity>62.755071</out_Quantity.quantity></Point><Point><position>12983</position><in_Quantity.quantity>0.000000</in_Quantity.quantity><out_Quantity.quantity>939.918246</out_Quantity.quantity></Point><Point><position>12984</position><in_Quantity.quantity>0.000000</in_Quantity.quantity><out_Quantity.quantity>30.570625</out_Quantity.quantity></Point><Point><position>12985</position><in_Quantity.quantity>0.000000</in_Quantity.quantity><out_Quantity.quantity>22.892462</out_Quantity.quantity></Point><Point><position>12986</position><in_Quantity.quantity>0.000000</in_Quantity.quantity><out_Quantity.quantity>773.892377</out_Quantity.quantity></Point><Point><position>12987</position><in_Quantity.quantity>0.000000</in_Quantity.quantity><out_Quantity.quantity>43.960247</out_Quantity.quantity></Point><Point><position>12988</position><in_Quantity.quantity>0.000000</in_Quantity.quantity><out_Quantity.quantity>391.688338</out_Quantity.quantity></Point><Point><position>12989</position><in_Quantity.quantity>0.000000</in_Quantity.quantity><out_Quantity.quantity>416.103285</out_Quantity.quantity></Point><Point><position>12990</position><in_Quantity.quantity>0.000000</in_Quantity.quantity><out_Quantity.quantity>730.967299</out_Quantity.quantity></Point><Point><position>12991</position><in_Quantity.quantity>0.000000</in_Quantity.quantity><out_Quantity.quantity>684.984417</out_Quantity.quantity></Point><Point><position>12992</position><in_Quantity.quantity>0.000000</in_Quantity.quantity><out_Quantity.quantity>94.390734</out_Quantity.quantity></Point><Point><position>12993</position><in_Quantity.quantity>0.000000</in_Quantity.quantity><out_Quantity.quantity>820.209591</out_Quantity.quantity></Point><Point><position>12994</position><in_Quantity.quantity>0.000000</in_Quantity.quantity><out_Quantity.quantity>265.778431</out_Quantity.quantity></Point><Point><position>12995</position><in_Quantity.quantity>0.000000</in_Quantity.quantity><out_Quantity.quantity>640.746914</out_Quantity.quantity></Point><Point><position>12996</position><in_Quantity.quantity>0.000000</in_Quantity.quantity><out_Quantity.quantity>75.451224</out_Quantity.quantity></Point><Point><position>12997</position><in_Quantity.quantity>0.000000</in_Quantity.quantity><out_Quantity.quantity>670.393883</out_Quantity.quantity></Point><Point><position>12998</position><in_Quantity.quantity>0.000000</in_Quantity.quantity><out_Quantity.quantity>862.627484</out_Quantity.quantity></Point><Point><position>12999</position><in_Quantity.quantity>0.000000</in_Quantity.quantity><out_Quantity.quantity>184.258741</out_Quantity.quantity></Point><Point><position>13000</position><in_Quantity.quantity>0.000000</in_Quantity.quantity><out_Quantity.quantity>99.691544</out_Quantity.quantity></Point><Point><position>13001</position><in_Quantity.quantity>0.000000</in_Quantity.quantity><out_Quantity.quantity>150.169469</out_Quantity.quantity></Point><Point><position>13002</position><in_Quantity.quantity>0.000000</in_Quantity.quantity><out_Quantity.quantity>769.441079</out_Quantity.quantity></Point><Point><position>13003</position><in_Quantity.quantity>0.000000</in_Quantity.quantity><out_Quantity.quantity>552.735188</out_Quantity.quantity></Point><Point><position>13004</position><in_Quantity.quantity>0.000000</in_Quantity.quantity><out_Quantity.quantity>379.556613</out_Quantity.quantity></Point><Point><position>13005</position><in_Quantity.quantity>0.000000</in_Quantity.quantity><out_Quantity.quantity>896.863979</out_Quantity.quantity></Point><Point><position>13006</position><in_Quantity.quantity>0.000000</in_Quantity.quantity><out_Quantity.quantity>603.526749</out_Quantity.quantity></Point><Point><position>13007</position><in_Quantity.quantity>0.000000</in_Quantity.quantity><out_Quantity.quantity>264.790432</out_Quantity.quantity></Point><Point><position>13008</position><in_Quantity.quantity>0.000000</in_Quantity.quantity><out_Quantity.quantity>566.963196</out_Quantity.quantity></Point><Point><position>13009</position><in_Quantity.quantity>0.000000</in_Quantity.quantity><out_Quantity.quantity>340.691517</out_Quantity.quantity></Point><Point><position>13010</position><in_Quantity.quantity>0.000000</in_Quantity.quantity><out_Quantity.quantity>245.489303</out_Quantity.quantity></Point><Point><position>13011</position><in_Quantity.quantity>0.000000</in_Quantity.quantity><out_Quantity.quantity>971.259913</out_Quantity.quantity></Point><Point><position>13012</position><in_Quantity.quantity>0.000000</in_Quantity.quantity><out_Quantity.quantity>419.706912</out_Quantity.quantity></Point><Point><position>13013</position><in_Quantity.quantity>0.000000</in_Quantity.quantity><out_Quantity.quantity>75.106337</out_Quantity.quantity></Point><Point><position>13014</position><in_Quantity.quantity>0.000000</in_Quantity.quantity><out_Quantity.quantity>598.020793</out_Quantity.quantity></Point><Point><position>13015</position><in_Quantity.quantity>0.000000</in_Quantity.quantity><out_Quantity.quantity>147.557198</out_Quantity.quantity></Point><Point><position>13016</position><in_Quantity.quantity>0.000000</in_Quantity.quantity><out_Quantity.quantity>109.098341</out_Quantity.quantity></Point><Point><position>13017</position><in_Quantity.quantity>0.000000</in_Quantity.quantity><out_Quantity.quantity>236.682232</out_Quantity.quantity></Point><Point><position>13018</position><in_Quantity.quantity>0.000000</in_Quantity.quantity><out_Quantity.quantity>133.497604</out_Quantity.quantity></Point><Point><position>13019</position><in_Quantity.quantity>0.000000</in_Quantity.quantity><out_Quantity.quantity>563.327465</out_Quantity.quantity></Point><Point><position>13020</position><in_Quantity.quantity>0.000000</in_Quantity.quantity><out_Quantity.quantity>265.202488</out_Quantity.quantity></Point><Point><position>13021</position><in_Quantity.quantity>0.000000</in_Quantity.quantity><out_Quantity.quantity>636.097124</out_Quantity.quantity></Point><Point><position>13022</position><in_Quantity.quantity>0.000000</in_Quantity.quantity><out_Quantity.quantity>574.834208</out_Quantity.quantity></Point><Point><position>13023</position><in_Quantity.quantity>0.000000</in_Quantity.quantity><out_Quantity.quantity>131.160455</out_Quantity.quantity></Point><Point><position>13024</position><in_Quantity.quantity>0.000000</in_Quantity.quantity><out_Quantity.quantity>197.860280</out_Quantity.quantity></Point><Point><position>13025</position><in_Quantity.quantity>0.000000</in_Quantity.quantity><out_Quantity.quantity>311.885449</out_Quantity.quantity></Point><Point><position>13026</position><in_Quantity.quantity>0.000000</in_Quantity.quantity><out_Quantity.quantity>87.569047</out_Quantity.quantity></Point><Point><position>13027</position><in_Quantity.quantity>0.000000</in_Quantity.quantity><out_Quantity.quantity>78.944298</out_Quantity.quantity></Point><Point><position>13028</position><in_Quantity.quantity>0.000000</in_Quantity.quantity><out_Quantity.quantity>803.743889</out_Quantity.quantity></Point><Point><position>13029</position><in_Quantity.quantity>0.000000</in_Quantity.quantity><out_Quantity.quantity>404.376852</out_Quantity.quantity></Point><Point><position>13030</position><in_Quantity.quantity>0.000000</in_Quantity.quantity><out_Quantity.quantity>31.929786</out_Quantity.quantity></Point><Point><position>13031</position><in_Quantity.quantity>0.000000</in_Quantity.quantity><out_Quantity.quantity>173.786666</out_Quantity.quantity></Point><Point><position>13032</position><in_Quantity.quantity>0.000000</in_Quantity.quantity><out_Quantity.quantity>911.733490</out_Quantity.quantity></Point><Point><position>13033</position><in_Quantity.quantity>0.000000</in_Quantity.quantity><out_Quantity.quantity>173.255184</out_Quantity.quantity></Point><Point><position>13034</position><in_Quantity.quantity>0.000000</in_Quantity.quantity><out_Quantity.quantity>485.556311</out_Quantity.quantity></Point><Point><position>13035</position><in_Quantity.quantity>0.000000</in_Quantity.quantity><out_Quantity.quantity>691.638157</out_Quantity.quantity></Point><Point><position>13036</position><in_Quantity.quantity>0.000000</in_Quantity.quantity><out_Quantity.quantity>123.754018</out_Quantity.quantity></Point><Point><position>13037</position><in_Quantity.quantity>0.000000</in_Quantity.quantity><out_Quantity.quantity>910.352397</out_Quantity.quantity></Point><Point><position>13038</position><in_Quantity.quantity>0.000000</in_Quantity.quantity><out_Quantity.quantity>594.554005</out_Quantity.quantity></Point><Point><position>13039</position><in_Quantity.quantity>0.000000</in_Quantity.quantity><out_Quantity.quantity>671.250185</out_Quantity.quantity></Point><Point><position>13040</position><in_Quantity.quantity>0.000000</in_Quantity.quantity><out_Quantity.quantity>174.099238</out_Quantity.quantity></Point><Point><position>13041</position><in_Quantity.quantity>0.000000</in_Quantity.quantity><out_Quantity.quantity>735.710503</out_Quantity.quantity></Point><Point><position>13042</position><in_Quantity.quantity>0.000000</in_Quantity.quantity><out_Quantity.quantity>306.745771</out_Quantity.quantity></Point><Point><position>13043</position><in_Quantity.quantity>0.000000</in_Quantity.quantity><out_Quantity.quantity>86.908841</out_Quantity.quantity></Point><Point><position>13044</position><in_Quantity.quantity>0.000000</in_Quantity.quantity><out_Quantity.quantity>37.322077</out_Quantity.quantity></Point><Point><position>13045</position><in_Quantity.quantity>0.000000</in_Quantity.quantity><out_Quantity.quantity>842.896618</out_Quantity.quantity></Point><Point><position>13046</position><in_Quantity.quantity>0.000000</in_Quantity.quantity><out_Quantity.quantity>997.860466</out_Quantity.quantity></Point><Point><position>13047</position><in_Quantity.quantity>0.000000</in_Quantity.quantity><out_Quantity.quantity>224.995592</out_Quantity.quantity></Point><Point><position>13048</position><in_Quantity.quantity>0.000000</in_Quantity.quantity><out_Quantity.quantity>734.242064</out_Quantity.quantity></Point><Point><position>13049</position><in_Quantity.quantity>0.000000</in_Quantity.quantity><out_Quantity.quantity>871.372126</out_Quantity.quantity></Point><Point><position>13050</position><in_Quantity.quantity>0.000000</in_Quantity.quantity><out_Quantity.quantity>855.928620</out_Quantity.quantity></Point><Point><position>13051</position><in_Quantity.quantity>0.000000</in_Quantity.quantity><out_Quantity.quantity>393.499380</out_Quantity.quantity></Point><Point><position>13052</position><in_Quantity.quantity>0.000000</in_Quantity.quantity><out_Quantity.quantity>831.507629</out_Quantity.quantity></Point><Point><position>13053</position><in_Quantity.quantity>0.000000</in_Quantity.quantity><out_Quantity.quantity>802.373507</out_Quantity.quantity></Point><Point><position>13054</position><in_Quantity.quantity>0.000000</in_Quantity.quantity><out_Quantity.quantity>644.883994</out_Quantity.quantity></Point><Point><position>13055</position><in_Quantity.quantity>0.000000</in_Quantity.quantity><out_Quantity.quantity>622.895829</out_Quantity.quantity></Point><Point><position>13056</position><in_Quantity.quantity>0.000000</in_Quantity.quantity><out_Quantity.quantity>366.986313</out_Quantity.quantity></Point><Point><position>13057</position><in_Quantity.quantity>0.000000</in_Quantity.quantity><out_Quantity.quantity>446.875474</out_Quantity.quantity></Point><Point><position>13058</position><in_Quantity.quantity>0.000000</in_Quantity.quantity><out_Quantity.quantity>658.890261</out_Quantity.quantity></Point><Point><position>13059</position><in_Quantity.quantity>0.000000</in_Quantity.quantity><out_Quantity.quantity>380.567392</out_Quantity.quantity></Point><Point><position>13060</position><in_Quantity.quantity>0.000000</in_Quantity.quantity><out_Quantity.quantity>205.234456</out_Quantity.quantity></Point><Point><position>13061</position><in_Quantity.quantity>0.000000</in_Quantity.quantity><out_Quantity.quantity>432.873299</out_Quantity.quantity></Point><Point><position>13062</position><in_Quantity.quantity>0.000000</in_Quantity.quantity><out_Quantity.quantity>574.222114</out_Quantity.quantity></Point><Point><position>13063</position><in_Quantity.quantity>0.000000</in_Quantity.quantity><out_Quantity.quantity>926.980146</out_Quantity.quantity></Point><Point><position>13064</position><in_Quantity.quantity>0.000000</in_Quantity.quantity><out_Quantity.quantity>398.433587</out_Quantity.quantity></Point><Point><position>13065</position><in_Quantity.quantity>0.000000</in_Quantity.quantity><out_Quantity.quantity>638.023065</out_Quantity.quantity></Point><Point><position>13066</position><in_Quantity.quantity>0.000000</in_Quantity.quantity><out_Quantity.quantity>303.722140</out_Quantity.quantity></Point><Point><position>13067</position><in_Quantity.quantity>0.000000</in_Quantity.quantity><out_Quantity.quantity>406.354417</out_Quantity.quantity></Point><Point><position>13068</position><in_Quantity.quantity>0.000000</in_Quantity.quantity><out_Quantity.quantity>527.788955</out_Quantity.quantity></Point><Point><position>13069</position><in_Quantity.quantity>0.000000</in_Quantity.quantity><out_Quantity.quantity>763.902550</out_Quantity.quantity></Point><Point><position>13070</position><in_Quantity.quantity>0.000000</in_Quantity.quantity><out_Quantity.quantity>474.339418</out_Quantity.quantity></Point><Point><position>13071</position><in_Quantity.quantity>0.000000</in_Quantity.quantity><out_Quantity.quantity>707.283099</out_Quantity.quantity></Point><Point><position>13072</position><in_Quantity.quantity>0.000000</in_Quantity.quantity><out_Quantity.quantity>908.283656</out_Quantity.quantity></Point><Point><position>13073</position><in_Quantity.quantity>0.000000</in_Quantity.quantity><out_Quantity.quantity>660.169611</out_Quantity.quantity></Point><Point><position>13074</position><in_Quantity.quantity>0.000000</in_Quantity.quantity><out_Quantity.quantity>253.646046</out_Quantity.quantity></Point><Point><position>13075</position><in_Quantity.quantity>0.000000</in_Quantity.quantity><out_Quantity.quantity>870.844501</out_Quantity.quantity></Point><Point><position>13076</position><in_Quantity.quantity>0.000000</in_Quantity.quantity><out_Quantity.quantity>434.318130</out_Quantity.quantity></Point><Point><position>13077</position><in_Quantity.quantity>0.000000</in_Quantity.quantity><out_Quantity.quantity>205.505717</out_Quantity.quantity></Point><Point><position>13078</position><in_Quantity.quantity>0.000000</in_Quantity.quantity><out_Quantity.quantity>887.516390</out_Quantity.quantity></Point><Point><position>13079</position><in_Quantity.quantity>0.000000</in_Quantity.quantity><out_Quantity.quantity>170.527943</out_Quantity.quantity></Point><Point><position>13080</position><in_Quantity.quantity>0.000000</in_Quantity.quantity><out_Quantity.quantity>481.020724</out_Quantity.quantity></Point><Point><position>13081</position><in_Quantity.quantity>0.000000</in_Quantity.quantity><out_Quantity.quantity>254.520045</out_Quantity.quantity></Point><Point><position>13082</position><in_Quantity.quantity>0.000000</in_Quantity.quantity><out_Quantity.quantity>159.618243</out_Quantity.quantity></Point><Point><position>13083</position><in_Quantity.quantity>0.000000</in_Quantity.quantity><out_Quantity.quantity>59.108653</out_Quantity.quantity></Point><Point><position>13084</position><in_Quantity.quantity>0.000000</in_Quantity.quantity><out_Quantity.quantity>503.559994</out_Quantity.quantity></Point><Point><position>13085</position><in_Quantity.quantity>0.000000</in_Quantity.quantity><out_Quantity.quantity>773.419248</out_Quantity.quantity></Point><Point><position>13086</position><in_Quantity.quantity>0.000000</in_Quantity.quantity><out_Quantity.quantity>168.962239</out_Quantity.quantity></Point><Point><position>13087</position><in_Quantity.quantity>0.000000</in_Quantity.quantity><out_Quantity.quantity>650.184026</out_Quantity.quantity></Point><Point><position>13088</position><in_Quantity.quantity>0.000000</in_Quantity.quantity><out_Quantity.quantity>245.571382</out_Quantity.quantity></Point><Point><position>13089</position><in_Quantity.quantity>0.000000</in_Quantity.quantity><out_Quantity.quantity>762.386027</out_Quantity.quantity></Point><Point><position>13090</position><in_Quantity.quantity>0.000000</in_Quantity.quantity><out_Quantity.quantity>702.168646</out_Quantity.quantity></Point><Point><position>13091</position><in_Quantity.quantity>0.000000</in_Quantity.quantity><out_Quantity.quantity>115.784366</out_Quantity.quantity></Point><Point><position>13092</position><in_Quantity.quantity>0.000000</in_Quantity.quantity><out_Quantity.quantity>688.126244</out_Quantity.quantity></Point><Point><position>13093</position><in_Quantity.quantity>0.000000</in_Quantity.quantity><out_Quantity.quantity>306.270966</out_Quantity.quantity></Point><Point><position>13094</position><in_Quantity.quantity>0.000000</in_Quantity.quantity><out_Quantity.quantity>384.350611</out_Quantity.quantity></Point><Point><position>13095</position><in_Quantity.quantity>0.000000</in_Quantity.quantity><out_Quantity.quantity>263.958059</out_Quantity.quantity></Point><Point><position>13096</position><in_Quantity.quantity>0.000000</in_Quantity.quantity><out_Quantity.quantity>340.791771</out_Quantity.quantity></Point><Point><position>13097</position><in_Quantity.quantity>0.000000</in_Quantity.quantity><out_Quantity.quantity>6.196347</out_Quantity.quantity></Point><Point><position>13098</position><in_Quantity.quantity>0.000000</in_Quantity.quantity><out_Quantity.quantity>521.177298</out_Quantity.quantity></Point><Point><position>13099</position><in_Quantity.quantity>0.000000</in_Quantity.quantity><out_Quantity.quantity>972.513468</out_Quantity.quantity></Point><Point><position>13100</position><in_Quantity.quantity>0.000000</in_Quantity.quantity><out_Quantity.quantity>479.080381</out_Quantity.quantity></Point><Point><position>13101</position><in_Quantity.quantity>0.000000</in_Quantity.quantity><out_Quantity.quantity>276.111431</out_Quantity.quantity></Point><Point><position>13102</position><in_Quantity.quantity>0.000000</in_Quantity.quantity><out_Quantity.quantity>666.360109</out_Quantity.quantity></Point><Point><position>13103</position><in_Quantity.quantity>0.000000</in_Quantity.quantity><out_Quantity.quantity>249.769470</out_Quantity.quantity></Point><Point><position>13104</position><in_Quantity.quantity>0.000000</in_Quantity.quantity><out_Quantity.quantity>385.233829</out_Quantity.quantity></Point><Point><position>13105</position><in_Quantity.quantity>0.000000</in_Quantity.quantity><out_Quantity.quantity>553.146485</out_Quantity.quantity></Point><Point><position>13106</position><in_Quantity.quantity>0.000000</in_Quantity.quantity><out_Quantity.quantity>749.013771</out_Quantity.quantity></Point><Point><position>13107</position><in_Quantity.quantity>0.000000</in_Quantity.quantity><out_Quantity.quantity>847.217137</out_Quantity.quantity></Point><Point><position>13108</position><in_Quantity.quantity>0.000000</in_Quantity.quantity><out_Quantity.quantity>816.565761</out_Quantity.quantity></Point><Point><position>13109</position><in_Quantity.quantity>0.000000</in_Quantity.quantity><out_Quantity.quantity>746.675602</out_Quantity.quantity></Point><Point><position>13110</position><in_Quantity.quantity>0.000000</in_Quantity.quantity><out_Quantity.quantity>931.181939</out_Quantity.quantity></Point><Point><position>13111</position><in_Quantity.quantity>0.000000</in_Quantity.quantity><out_Quantity.quantity>474.170425</out_Quantity.quantity></Point><Point><position>13112</position><in_Quantity.quantity>0.000000</in_Quantity.quantity><out_Quantity.quantity>694.767429</out_Quantity.quantity></Point><Point><position>13113</position><in_Quantity.quantity>0.000000</in_Quantity.quantity><out_Quantity.quantity>694.681121</out_Quantity.quantity></Point><Point><position>13114</position><in_Quantity.quantity>0.000000</in_Quantity.quantity><out_Quantity.quantity>830.463546</out_Quantity.quantity></Point><Point><position>13115</position><in_Quantity.quantity>0.000000</in_Quantity.quantity><out_Quantity.quantity>47.369636</out_Quantity.quantity></Point><Point><position>13116</position><in_Quantity.quantity>0.000000</in_Quantity.quantity><out_Quantity.quantity>182.033928</out_Quantity.quantity></Point><Point><position>13117</position><in_Quantity.quantity>0.000000</in_Quantity.quantity><out_Quantity.quantity>281.355747</out_Quantity.quantity></Point><Point><position>13118</position><in_Quantity.quantity>0.000000</in_Quantity.quantity><out_Quantity.quantity>495.282599</out_Quantity.quantity></Point><Point><position>13119</position><in_Quantity.quantity>0.000000</in_Quantity.quantity><out_Quantity.quantity>366.112271</out_Quantity.quantity></Point><Point><position>13120</position><in_Quantity.quantity>0.000000</in_Quantity.quantity><out_Quantity.quantity>923.994841</out_Quantity.quantity></Point><Point><position>13121</position><in_Quantity.quantity>0.000000</in_Quantity.quantity><out_Quantity.quantity>943.904180</out_Quantity.quantity></Point><Point><position>13122</position><in_Quantity.quantity>0.000000</in_Quantity.quantity><out_Quantity.quantity>260.282600</out_Quantity.quantity></Point><Point><position>13123</position><in_Quantity.quantity>0.000000</in_Quantity.quantity><out_Quantity.quantity>834.365999</out_Quantity.quantity></Point><Point><position>13124</position><in_Quantity.quantity>0.000000</in_Quantity.quantity><out_Quantity.quantity>478.411100</out_Quantity.quantity></Point><Point><position>13125</position><in_Quantity.quantity>0.000000</in_Quantity.quantity><out_Quantity.quantity>245.619607</out_Quantity.quantity></Point><Point><position>13126</position><in_Quantity.quantity>0.000000</in_Quantity.quantity><out_Quantity.quantity>338.106946</out_Quantity.quantity></Point><Point><position>13127</position><in_Quantity.quantity>0.000000</in_Quantity.quantity><out_Quantity.quantity>393.362927</out_Quantity.quantity></Point><Point><position>13128</position><in_Quantity.quantity>0.000000</in_Quantity.quantity><out_Quantity.quantity>742.754249</out_Quantity.quantity></Point><Point><position>13129</position><in_Quantity.quantity>0.000000</in_Quantity.quantity><out_Quantity.quantity>212.105983</out_Quantity.quantity></Point><Point><position>13130</position><in_Quantity.quantity>0.000000</in_Quantity.quantity><out_Quantity.quantity>210.466316</out_Quantity.quantity></Point><Point><position>13131</position><in_Quantity.quantity>0.000000</in_Quantity.quantity><out_Quantity.quantity>435.720356</out_Quantity.quantity></Point><Point><position>13132</position><in_Quantity.quantity>0.000000</in_Quantity.quantity><out_Quantity.quantity>328.619190</out_Quantity.quantity></Point><Point><position>13133</position><in_Quantity.quantity>0.000000</in_Quantity.quantity><out_Quantity.quantity>315.371884</out_Quantity.quantity></Point><Point><position>13134</position><in_Quantity.quantity>0.000000</in_Quantity.quantity><out_Quantity.quantity>338.518023</out_Quantity.quantity></Point><Point><position>13135</position><in_Quantity.quantity>0.000000</in_Quantity.quantity><out_Quantity.quantity>369.531283</out_Quantity.quantity></Point><Point><position>13136</position><in_Quantity.quantity>0.000000</in_Quantity.quantity><out_Quantity.quantity>321.039323</out_Quantity.quantity></Point><Point><position>13137</position><in_Quantity.quantity>0.000000</in_Quantity.quantity><out_Quantity.quantity>451.027027</out_Quantity.quantity></Point><Point><position>13138</position><in_Quantity.quantity>0.000000</in_Quantity.quantity><out_Quantity.quantity>462.814577</out_Quantity.quantity></Point><Point><position>13139</position><in_Quantity.quantity>0.000000</in_Quantity.quantity><out_Quantity.quantity>224.836471</out_Quantity.quantity></Point><Point><position>13140</position><in_Quantity.quantity>0.000000</in_Quantity.quantity><out_Quantity.quantity>471.135219</out_Quantity.quantity></Point><Point><position>13141</position><in_Quantity.quantity>0.000000</in_Quantity.quantity><out_Quantity.quantity>535.433483</out_Quantity.quantity></Point><Point><position>13142</position><in_Quantity.quantity>0.000000</in_Quantity.quantity><out_Quantity.quantity>195.908919</out_Quantity.quantity></Point><Point><position>13143</position><in_Quantity.quantity>0.000000</in_Quantity.quantity><out_Quantity.quantity>833.938510</out_Quantity.quantity></Point><Point><position>13144</position><in_Quantity.quantity>0.000000</in_Quantity.quantity><out_Quantity.quantity>311.090581</out_Quantity.quantity></Point><Point><position>13145</position><in_Quantity.quantity>0.000000</in_Quantity.quantity><out_Quantity.quantity>598.681061</out_Quantity.quantity></Point><Point><position>13146</position><in_Quantity.quantity>0.000000</in_Quantity.quantity><out_Quantity.quantity>419.570579</out_Quantity.quantity></Point><Point><position>13147</position><in_Quantity.quantity>0.000000</in_Quantity.quantity><out_Quantity.quantity>172.520833</out_Quantity.quantity></Point><Point><position>13148</position><in_Quantity.quantity>0.000000</in_Quantity.quantity><out_Quantity.quantity>105.678004</out_Quantity.quantity></Point><Point><position>13149</position><in_Quantity.quantity>0.000000</in_Quantity.quantity><out_Quantity.quantity>823.392341</out_Quantity.quantity></Point><Point><position>13150</position><in_Quantity.quantity>0.000000</in_Quantity.quantity><out_Quantity.quantity>784.299946</out_Quantity.quantity></Point><Point><position>13151</position><in_Quantity.quantity>0.000000</in_Quantity.quantity><out_Quantity.quantity>352.879228</out_Quantity.quantity></Point><Point><position>13152</position><in_Quantity.quantity>0.000000</in_Quantity.quantity><out_Quantity.quantity>674.872373</out_Quantity.quantity></Point><Point><position>13153</position><in_Quantity.quantity>0.000000</in_Quantity.quantity><out_Quantity.quantity>286.327833</out_Quantity.quantity></Point><Point><position>13154</position><in_Quantity.quantity>0.000000</in_Quantity.quantity><out_Quantity.quantity>653.754266</out_Quantity.quantity></Point><Point><position>13155</position><in_Quantity.quantity>0.000000</in_Quantity.quantity><out_Quantity.quantity>22.726152</out_Quantity.quantity></Point><Point><position>13156</position><in_Quantity.quantity>0.000000</in_Quantity.quantity><out_Quantity.quantity>198.945139</out_Quantity.quantity></Point><Point><position>13157</position><in_Quantity.quantity>0.000000</in_Quantity.quantity><out_Quantity.quantity>154.316916</out_Quantity.quantity></Point><Point><position>13158</position><in_Quantity.quantity>0.000000</in_Quantity.quantity><out_Quantity.quantity>603.675859</out_Quantity.quantity></Point><Point><position>13159</position><in_Quantity.quantity>0.000000</in_Quantity.quantity><out_Quantity.quantity>811.159411</out_Quantity.quantity></Point><Point><position>13160</position><in_Quantity.quantity>0.000000</in_Quantity.quantity><out_Quantity.quantity>987.495970</out_Quantity.quantity></Point><Point><position>13161</position><in_Quantity.quantity>0.000000</in_Quantity.quantity><out_Quantity.quantity>542.064366</out_Quantity.quantity></Point><Point><position>13162</position><in_Quantity.quantity>0.000000</in_Quantity.quantity><out_Quantity.quantity>165.552158</out_Quantity.quantity></Point><Point><position>13163</position><in_Quantity.quantity>0.000000</in_Quantity.quantity><out_Quantity.quantity>459.082542</out_Quantity.quantity></Point><Point><position>13164</position><in_Quantity.quantity>0.000000</in_Quantity.quantity><out_Quantity.quantity>869.503771</out_Quantity.quantity></Point><Point><position>13165</position><in_Quantity.quantity>0.000000</in_Quantity.quantity><out_Quantity.quantity>696.688719</out_Quantity.quantity></Point><Point><position>13166</position><in_Quantity.quantity>0.000000</in_Quantity.quantity><out_Quantity.quantity>254.323054</out_Quantity.quantity></Point><Point><position>13167</position><in_Quantity.quantity>0.000000</in_Quantity.quantity><out_Quantity.quantity>99.756234</out_Quantity.quantity></Point><Point><position>13168</position><in_Quantity.quantity>0.000000</in_Quantity.quantity><out_Quantity.quantity>190.333275</out_Quantity.quantity></Point><Point><position>13169</position><in_Quantity.quantity>0.000000</in_Quantity.quantity><out_Quantity.quantity>945.665648</out_Quantity.quantity></Point><Point><position>13170</position><in_Quantity.quantity>0.000000</in_Quantity.quantity><out_Quantity.quantity>141.867146</out_Quantity.quantity></Point><Point><position>13171</position><in_Quantity.quantity>0.000000</in_Quantity.quantity><out_Quantity.quantity>220.693870</out_Quantity.quantity></Point><Point><position>13172</position><in_Quantity.quantity>0.000000</in_Quantity.quantity><out_Quantity.quantity>972.285349</out_Quantity.quantity></Point><Point><position>13173</position><in_Quantity.quantity>0.000000</in_Quantity.quantity><out_Quantity.quantity>862.401949</out_Quantity.quantity></Point><Point><position>13174</position><in_Quantity.quantity>0.000000</in_Quantity.quantity><out_Quantity.quantity>781.082868</out_Quantity.quantity></Point><Point><position>13175</position><in_Quantity.quantity>0.000000</in_Quantity.quantity><out_Quantity.quantity>828.481526</out_Quantity.quantity></Point><Point><position>13176</position><in_Quantity.quantity>0.000000</in_Quantity.quantity><out_Quantity.quantity>558.466556</out_Quantity.quantity></Point><Point><position>13177</position><in_Quantity.quantity>0.000000</in_Quantity.quantity><out_Quantity.quantity>24.324596</out_Quantity.quantity></Point><Point><position>13178</position><in_Quantity.quantity>0.000000</in_Quantity.quantity><out_Quantity.quantity>434.304341</out_Quantity.quantity></Point><Point><position>13179</position><in_Quantity.quantity>0.000000</in_Quantity.quantity><out_Quantity.quantity>259.849356</out_Quantity.quantity></Point><Point><position>13180</position><in_Quantity.quantity>0.000000</in_Quantity.quantity><out_Quantity.quantity>669.234850</out_Quantity.quantity></Point><Point><position>13181</position><in_Quantity.quantity>0.000000</in_Quantity.quantity><out_Quantity.quantity>254.915534</out_Quantity.quantity></Point><Point><position>13182</position><in_Quantity.quantity>0.000000</in_Quantity.quantity><out_Quantity.quantity>193.939009</out_Quantity.quantity></Point><Point><position>13183</position><in_Quantity.quantity>0.000000</in_Quantity.quantity><out_Quantity.quantity>765.721339</out_Quantity.quantity></Point><Point><position>13184</position><in_Quantity.quantity>0.000000</in_Quantity.quantity><out_Quantity.quantity>408.801033</out_Quantity.quantity></Point><Point><position>13185</position><in_Quantity.quantity>0.000000</in_Quantity.quantity><out_Quantity.quantity>744.738529</out_Quantity.quantity></Point><Point><position>13186</position><in_Quantity.quantity>0.000000</in_Quantity.quantity><out_Quantity.quantity>442.076672</out_Quantity.quantity></Point><Point><position>13187</position><in_Quantity.quantity>0.000000</in_Quantity.quantity><out_Quantity.quantity>690.228269</out_Quantity.quantity></Point><Point><position>13188</position><in_Quantity.quantity>0.000000</in_Quantity.quantity><out_Quantity.quantity>818.409834</out_Quantity.quantity></Point><Point><position>13189</position><in_Quantity.quantity>0.000000</in_Quantity.quantity><out_Quantity.quantity>836.155690</out_Quantity.quantity></Point><Point><position>13190</position><in_Quantity.quantity>0.000000</in_Quantity.quantity><out_Quantity.quantity>888.625601</out_Quantity.quantity></Point><Point><position>13191</position><in_Quantity.quantity>0.000000</in_Quantity.quantity><out_Quantity.quantity>803.583376</out_Quantity.quantity></Point><Point><position>13192</position><in_Quantity.quantity>0.000000</in_Quantity.quantity><out_Quantity.quantity>894.085134</out_Quantity.quantity></Point><Point><position>13193</position><in_Quantity.quantity>0.000000</in_Quantity.quantity><out_Quantity.quantity>321.589402</out_Quantity.quantity></Point><Point><position>13194</position><in_Quantity.quantity>0.000000</in_Quantity.quantity><out_Quantity.quantity>794.460751</out_Quantity.quantity></Point><Point><position>13195</position><in_Quantity.quantity>0.000000</in_Quantity.quantity><out_Quantity.quantity>379.962511</out_Quantity.quantity></Point><Point><position>13196</position><in_Quantity.quantity>0.000000</in_Quantity.quantity><out_Quantity.quantity>742.543443</out_Quantity.quantity></Point><Point><position>13197</position><in_Quantity.quantity>0.000000</in_Quantity.quantity><out_Quantity.quantity>583.291613</out_Quantity.quantity></Point><Point><position>13198</position><in_Quantity.quantity>0.000000</in_Quantity.quantity><out_Quantity.quantity>346.723849</out_Quantity.quantity></Point><Point><position>13199</position><in_Quantity.quantity>0.000000</in_Quantity.quantity><out_Quantity.quantity>535.650699</out_Quantity.quantity></Point><Point><position>13200</position><in_Quantity.quantity>0.000000</in_Quantity.quantity><out_Quantity.quantity>376.796929</out_Quantity.quantity></Point><Point><position>13201</position><in_Quantity.quantity>0.000000</in_Quantity.quantity><out_Quantity.quantity>781.924638</out_Quantity.quantity></Point><Point><position>13202</position><in_Quantity.quantity>0.000000</in_Quantity.quantity><out_Quantity.quantity>23.792578</out_Quantity.quantity></Point><Point><position>13203</position><in_Quantity.quantity>0.000000</in_Quantity.quantity><out_Quantity.quantity>963.962049</out_Quantity.quantity></Point><Point><position>13204</position><in_Quantity.quantity>0.000000</in_Quantity.quantity><out_Quantity.quantity>606.699956</out_Quantity.quantity></Point><Point><position>13205</position><in_Quantity.quantity>0.000000</in_Quantity.quantity><out_Quantity.quantity>50.530966</out_Quantity.quantity></Point><Point><position>13206</position><in_Quantity.quantity>0.000000</in_Quantity.quantity><out_Quantity.quantity>667.685748</out_Quantity.quantity></Point><Point><position>13207</position><in_Quantity.quantity>0.000000</in_Quantity.quantity><out_Quantity.quantity>116.007637</out_Quantity.quantity></Point><Point><position>13208</position><in_Quantity.quantity>0.000000</in_Quantity.quantity><out_Quantity.quantity>680.337512</out_Quantity.quantity></Point><Point><position>13209</position><in_Quantity.quantity>0.000000</in_Quantity.quantity><out_Quantity.quantity>636.009172</out_Quantity.quantity></Point><Point><position>13210</position><in_Quantity.quantity>0.000000</in_Quantity.quantity><out_Quantity.quantity>621.564129</out_Quantity.quantity></Point><Point><position>13211</position><in_Quantity.quantity>0.000000</in_Quantity.quantity><out_Quantity.quantity>682.533142</out_Quantity.quantity></Point><Point><position>13212</position><in_Quantity.quantity>0.000000</in_Quantity.quantity><out_Quantity.quantity>784.953638</out_Quantity.quantity></Point><Point><position>13213</position><in_Quantity.quantity>0.000000</in_Quantity.quantity><out_Quantity.quantity>386.926349</out_Quantity.quantity></Point><Point><position>13214</position><in_Quantity.quantity>0.000000</in_Quantity.quantity><out_Quantity.quantity>925.123801</out_Quantity.quantity></Point><Point><position>13215</position><in_Quantity.quantity>0.000000</in_Quantity.quantity><out_Quantity.quantity>180.663503</out_Quantity.quantity></Point><Point><position>13216</position><in_Quantity.quantity>0.000000</in_Quantity.quantity><out_Quantity.quantity>646.665973</out_Quantity.quantity></Point><Point><position>13217</position><in_Quantity.quantity>0.000000</in_Quantity.quantity><out_Quantity.quantity>676.966552</out_Quantity.quantity></Point><Point><position>13218</position><in_Quantity.quantity>0.000000</in_Quantity.quantity><out_Quantity.quantity>780.403979</out_Quantity.quantity></Point><Point><position>13219</position><in_Quantity.quantity>0.000000</in_Quantity.quantity><out_Quantity.quantity>870.229986</out_Quantity.quantity></Point><Point><position>13220</position><in_Quantity.quantity>0.000000</in_Quantity.quantity><out_Quantity.quantity>873.113688</out_Quantity.quantity></Point><Point><position>13221</position><in_Quantity.quantity>0.000000</in_Quantity.quantity><out_Quantity.quantity>576.984810</out_Quantity.quantity></Point><Point><position>13222</position><in_Quantity.quantity>0.000000</in_Quantity.quantity><out_Quantity.quantity>830.483720</out_Quantity.quantity></Point><Point><position>13223</position><in_Quantity.quantity>0.000000</in_Quantity.quantity><out_Quantity.quantity>298.666275</out_Quantity.quantity></Point><Point><position>13224</position><in_Quantity.quantity>0.000000</in_Quantity.quantity><out_Quantity.quantity>49.506584</out_Quantity.quantity></Point><Point><position>13225</position><in_Quantity.quantity>0.000000</in_Quantity.quantity><out_Quantity.quantity>154.293253</out_Quantity.quantity></Point><Point><position>13226</position><in_Quantity.quantity>0.000000</in_Quantity.quantity><out_Quantity.quantity>709.249265</out_Quantity.quantity></Point><Point><position>13227</position><in_Quantity.quantity>0.000000</in_Quantity.quantity><out_Quantity.quantity>191.666190</out_Quantity.quantity></Point><Point><position>13228</position><in_Quantity.quantity>0.000000</in_Quantity.quantity><out_Quantity.quantity>489.513430</out_Quantity.quantity></Point><Point><position>13229</position><in_Quantity.quantity>0.000000</in_Quantity.quantity><out_Quantity.quantity>772.305926</out_Quantity.quantity></Point><Point><position>13230</position><in_Quantity.quantity>0.000000</in_Quantity.quantity><out_Quantity.quantity>265.749576</out_Quantity.quantity></Point><Point><position>13231</position><in_Quantity.quantity>0.000000</in_Quantity.quantity><out_Quantity.quantity>476.164154</out_Quantity.quantity></Point><Point><position>13232</position><in_Quantity.quantity>0.000000</in_Quantity.quantity><out_Quantity.quantity>215.015954</out_Quantity.quantity></Point><Point><position>13233</position><in_Quantity.quantity>0.000000</in_Quantity.quantity><out_Quantity.quantity>277.672678</out_Quantity.quantity></Point><Point><position>13234</position><in_Quantity.quantity>0.000000</in_Quantity.quantity><out_Quantity.quantity>446.472291</out_Quantity.quantity></Point><Point><position>13235</position><in_Quantity.quantity>0.000000</in_Quantity.quantity><out_Quantity.quantity>490.445609</out_Quantity.quantity></Point><Point><position>13236</position><in_Quantity.quantity>0.000000</in_Quantity.quantity><out_Quantity.quantity>654.927157</out_Quantity.quantity></Point><Point><position>13237</position><in_Quantity.quantity>0.000000</in_Quantity.quantity><out_Quantity.quantity>441.785881</out_Quantity.quantity></Point><Point><position>13238</position><in_Quantity.quantity>0.000000</in_Quantity.quantity><out_Quantity.quantity>22.612841</out_Quantity.quantity></Point><Point><position>13239</position><in_Quantity.quantity>0.000000</in_Quantity.quantity><out_Quantity.quantity>879.504807</out_Quantity.quantity></Point><Point><position>13240</position><in_Quantity.quantity>0.000000</in_Quantity.quantity><out_Quantity.quantity>286.087486</out_Quantity.quantity></Point><Point><position>13241</position><in_Quantity.quantity>0.000000</in_Quantity.quantity><out_Quantity.quantity>133.510184</out_Quantity.quantity></Point><Point><position>13242</position><in_Quantity.quantity>0.000000</in_Quantity.quantity><out_Quantity.quantity>87.664475</out_Quantity.quantity></Point><Point><position>13243</position><in_Quantity.quantity>0.000000</in_Quantity.quantity><out_Quantity.quantity>195.811205</out_Quantity.quantity></Point><Point><position>13244</position><in_Quantity.quantity>0.000000</in_Quantity.quantity><out_Quantity.quantity>795.398679</out_Quantity.quantity></Point><Point><position>13245</position><in_Quantity.quantity>0.000000</in_Quantity.quantity><out_Quantity.quantity>713.464219</out_Quantity.quantity></Point><Point><position>13246</position><in_Quantity.quantity>0.000000</in_Quantity.quantity><out_Quantity.quantity>656.979416</out_Quantity.quantity></Point><Point><position>13247</position><in_Quantity.quantity>0.000000</in_Quantity.quantity><out_Quantity.quantity>819.445988</out_Quantity.quantity></Point><Point><position>13248</position><in_Quantity.quantity>0.000000</in_Quantity.quantity><out_Quantity.quantity>194.048024</out_Quantity.quantity></Point><Point><position>13249</position><in_Quantity.quantity>0.000000</in_Quantity.quantity><out_Quantity.quantity>724.489137</out_Quantity.quantity></Point><Point><position>13250</position><in_Quantity.quantity>0.000000</in_Quantity.quantity><out_Quantity.quantity>604.518541</out_Quantity.quantity></Point><Point><position>13251</position><in_Quantity.quantity>0.000000</in_Quantity.quantity><out_Quantity.quantity>301.498451</out_Quantity.quantity></Point><Point><position>13252</position><in_Quantity.quantity>0.000000</in_Quantity.quantity><out_Quantity.quantity>662.844866</out_Quantity.quantity></Point><Point><position>13253</position><in_Quantity.quantity>0.000000</in_Quantity.quantity><out_Quantity.quantity>358.659900</out_Quantity.quantity></Point><Point><position>13254</position><in_Quantity.quantity>0.000000</in_Quantity.quantity><out_Quantity.quantity>581.260724</out_Quantity.quantity></Point><Point><position>13255</position><in_Quantity.quantity>0.000000</in_Quantity.quantity><out_Quantity.quantity>488.147624</out_Quantity.quantity></Point><Point><position>13256</position><in_Quantity.quantity>0.000000</in_Quantity.quantity><out_Quantity.quantity>877.560671</out_Quantity.quantity></Point><Point><position>13257</position><in_Quantity.quantity>0.000000</in_Quantity.quantity><out_Quantity.quantity>2.013611</out_Quantity.quantity></Point><Point><position>13258</position><in_Quantity.quantity>0.000000</in_Quantity.quantity><out_Quantity.quantity>389.311609</out_Quantity.quantity></Point><Point><position>13259</position><in_Quantity.quantity>0.000000</in_Quantity.quantity><out_Quantity.quantity>556.326640</out_Quantity.quantity></Point><Point><position>13260</position><in_Quantity.quantity>0.000000</in_Quantity.quantity><out_Quantity.quantity>728.119369</out_Quantity.quantity></Point><Point><position>13261</position><in_Quantity.quantity>0.000000</in_Quantity.quantity><out_Quantity.quantity>685.140980</out_Quantity.quantity></Point><Point><position>13262</position><in_Quantity.quantity>0.000000</in_Quantity.quantity><out_Quantity.quantity>369.246566</out_Quantity.quantity></Point><Point><position>13263</position><in_Quantity.quantity>0.000000</in_Quantity.quantity><out_Quantity.quantity>168.309913</out_Quantity.quantity></Point><Point><position>13264</position><in_Quantity.quantity>0.000000</in_Quantity.quantity><out_Quantity.quantity>812.013629</out_Quantity.quantity></Point><Point><position>13265</position><in_Quantity.quantity>0.000000</in_Quantity.quantity><out_Quantity.quantity>820.884817</out_Quantity.quantity></Point><Point><position>13266</position><in_Quantity.quantity>0.000000</in_Quantity.quantity><out_Quantity.quantity>407.034776</out_Quantity.quantity></Point><Point><position>13267</position><in_Quantity.quantity>0.000000</in_Quantity.quantity><out_Quantity.quantity>110.462779</out_Quantity.quantity></Point><Point><position>13268</position><in_Quantity.quantity>0.000000</in_Quantity.quantity><out_Quantity.quantity>918.113401</out_Quantity.quantity></Point><Point><position>13269</position><in_Quantity.quantity>0.000000</in_Quantity.quantity><out_Quantity.quantity>687.570536</out_Quantity.quantity></Point><Point><position>13270</position><in_Quantity.quantity>0.000000</in_Quantity.quantity><out_Quantity.quantity>77.912446</out_Quantity.quantity></Point><Point><position>13271</position><in_Quantity.quantity>0.000000</in_Quantity.quantity><out_Quantity.quantity>144.829999</out_Quantity.quantity></Point><Point><position>13272</position><in_Quantity.quantity>0.000000</in_Quantity.quantity><out_Quantity.quantity>566.624876</out_Quantity.quantity></Point><Point><position>13273</position><in_Quantity.quantity>0.000000</in_Quantity.quantity><out_Quantity.quantity>384.049371</out_Quantity.quantity></Point><Point><position>13274</position><in_Quantity.quantity>0.000000</in_Quantity.quantity><out_Quantity.quantity>554.002610</out_Quantity.quantity></Point><Point><position>13275</position><in_Quantity.quantity>0.000000</in_Quantity.quantity><out_Quantity.quantity>557.137767</out_Quantity.quantity></Point><Point><position>13276</position><in_Quantity.quantity>0.000000</in_Quantity.quantity><out_Quantity.quantity>544.425927</out_Quantity.quantity></Point><Point><position>13277</position><in_Quantity.quantity>0.000000</in_Quantity.quantity><out_Quantity.quantity>554.210980</out_Quantity.quantity></Point><Point><position>13278</position><in_Quantity.quantity>0.000000</in_Quantity.quantity><out_Quantity.quantity>368.269051</out_Quantity.quantity></Point><Point><position>13279</position><in_Quantity.quantity>0.000000</in_Quantity.quantity><out_Quantity.quantity>326.458813</out_Quantity.quantity></Point><Point><position>13280</position><in_Quantity.quantity>0.000000</in_Quantity.quantity><out_Quantity.quantity>445.666716</out_Quantity.quantity></Point><Point><position>13281</position><in_Quantity.quantity>0.000000</in_Quantity.quantity><out_Quantity.quantity>259.222512</out_Quantity.quantity></Point><Point><position>13282</position><in_Quantity.quantity>0.000000</in_Quantity.quantity><out_Quantity.quantity>28.101479</out_Quantity.quantity></Point><Point><position>13283</position><in_Quantity.quantity>0.000000</in_Quantity.quantity><out_Quantity.quantity>192.703682</out_Quantity.quantity></Point><Point><position>13284</position><in_Quantity.quantity>0.000000</in_Quantity.quantity><out_Quantity.quantity>338.419323</out_Quantity.quantity></Point><Point><position>13285</position><in_Quantity.quantity>0.000000</in_Quantity.quantity><out_Quantity.quantity>96.744305</out_Quantity.quantity></Point><Point><position>13286</position><in_Quantity.quantity>0.000000</in_Quantity.quantity><out_Quantity.quantity>983.016450</out_Quantity.quantity></Point><Point><position>13287</position><in_Quantity.quantity>0.000000</in_Quantity.quantity><out_Quantity.quantity>599.564713</out_Quantity.quantity></Point><Point><position>13288</position><in_Quantity.quantity>0.000000</in_Quantity.quantity><out_Quantity.quantity>864.897873</out_Quantity.quantity></Point><Point><position>13289</position><in_Quantity.quantity>0.000000</in_Quantity.quantity><out_Quantity.quantity>898.302834</out_Quantity.quantity></Point><Point><position>13290</position><in_Quantity.quantity>0.000000</in_Quantity.quantity><out_Quantity.quantity>293.139939</out_Quantity.quantity></Point><Point><position>13291</position><in_Quantity.quantity>0.000000</in_Quantity.quantity><out_Quantity.quantity>71.260713</out_Quantity.quantity></Point><Point><position>13292</position><in_Quantity.quantity>0.000000</in_Quantity.quantity><out_Quantity.quantity>124.464677</out_Quantity.quantity></Point><Point><position>13293</position><in_Quantity.quantity>0.000000</in_Quantity.quantity><out_Quantity.quantity>984.037277</out_Quantity.quantity></Point><Point><position>13294</position><in_Quantity.quantity>0.000000</in_Quantity.quantity><out_Quantity.quantity>685.430627</out_Quantity.quantity></Point><Point><position>13295</position><in_Quantity.quantity>0.000000</in_Quantity.quantity><out_Quantity.quantity>16.917738</out_Quantity.quantity></Point><Point><position>13296</position><in_Quantity.quantity>0.000000</in_Quantity.quantity><out_Quantity.quantity>525.362777</out_Quantity.quantity></Point><Point><position>13297</position><in_Quantity.quantity>0.000000</in_Quantity.quantity><out_Quantity.quantity>821.182639</out_Quantity.quantity></Point><Point><position>13298</position><in_Quantity.quantity>0.000000</in_Quantity.quantity><out_Quantity.quantity>230.665422</out_Quantity.quantity></Point><Point><position>13299</position><in_Quantity.quantity>0.000000</in_Quantity.quantity><out_Quantity.quantity>209.322913</out_Quantity.quantity></Point><Point><position>13300</position><in_Quantity.quantity>0.000000</in_Quantity.quantity><out_Quantity.quantity>775.325029</out_Quantity.quantity></Point><Point><position>13301</position><in_Quantity.quantity>0.000000</in_Quantity.quantity><out_Quantity.quantity>925.136839</out_Quantity.quantity></Point><Point><position>13302</position><in_Quantity.quantity>0.000000</in_Quantity.quantity><out_Quantity.quantity>236.986355</out_Quantity.quantity></Point><Point><position>13303</position><in_Quantity.quantity>0.000000</in_Quantity.quantity><out_Quantity.quantity>86.591154</out_Quantity.quantity></Point><Point><position>13304</position><in_Quantity.quantity>0.000000</in_Quantity.quantity><out_Quantity.quantity>909.460658</out_Quantity.quantity></Point><Point><position>13305</position><in_Quantity.quantity>0.000000</in_Quantity.quantity><out_Quantity.quantity>87.285063</out_Quantity.quantity></Point><Point><position>13306</position><in_Quantity.quantity>0.000000</in_Quantity.quantity><out_Quantity.quantity>381.206306</out_Quantity.quantity></Point><Point><position>13307</position><in_Quantity.quantity>0.000000</in_Quantity.quantity><out_Quantity.quantity>595.169237</out_Quantity.quantity></Point><Point><position>13308</position><in_Quantity.quantity>0.000000</in_Quantity.quantity><out_Quantity.quantity>217.482176</out_Quantity.quantity></Point><Point><position>13309</position><in_Quantity.quantity>0.000000</in_Quantity.quantity><out_Quantity.quantity>900.515546</out_Quantity.quantity></Point><Point><position>13310</position><in_Quantity.quantity>0.000000</in_Quantity.quantity><out_Quantity.quantity>494.939593</out_Quantity.quantity></Point><Point><position>13311</position><in_Quantity.quantity>0.000000</in_Quantity.quantity><out_Quantity.quantity>364.129764</out_Quantity.quantity></Point><Point><position>13312</position><in_Quantity.quantity>0.000000</in_Quantity.quantity><out_Quantity.quantity>166.438130</out_Quantity.quantity></Point><Point><position>13313</position><in_Quantity.quantity>0.000000</in_Quantity.quantity><out_Quantity.quantity>657.885719</out_Quantity.quantity></Point><Point><position>13314</position><in_Quantity.quantity>0.000000</in_Quantity.quantity><out_Quantity.quantity>561.240671</out_Quantity.quantity></Point><Point><position>13315</position><in_Quantity.quantity>0.000000</in_Quantity.quantity><out_Quantity.quantity>445.352161</out_Quantity.quantity></Point><Point><position>13316</position><in_Quantity.quantity>0.000000</in_Quantity.quantity><out_Quantity.quantity>748.298972</out_Quantity.quantity></Point><Point><position>13317</position><in_Quantity.quantity>0.000000</in_Quantity.quantity><out_Quantity.quantity>550.585728</out_Quantity.quantity></Point><Point><position>13318</position><in_Quantity.quantity>0.000000</in_Quantity.quantity><out_Quantity.quantity>244.069407</out_Quantity.quantity></Point><Point><position>13319</position><in_Quantity.quantity>0.000000</in_Quantity.quantity><out_Quantity.quantity>691.701074</out_Quantity.quantity></Point><Point><position>13320</position><in_Quantity.quantity>0.000000</in_Quantity.quantity><out_Quantity.quantity>389.325008</out_Quantity.quantity></Point><Point><position>13321</position><in_Quantity.quantity>0.000000</in_Quantity.quantity><out_Quantity.quantity>89.988139</out_Quantity.quantity></Point><Point><position>13322</position><in_Quantity.quantity>0.000000</in_Quantity.quantity><out_Quantity.quantity>318.419260</out_Quantity.quantity></Point><Point><position>13323</position><in_Quantity.quantity>0.000000</in_Quantity.quantity><out_Quantity.quantity>599.253388</out_Quantity.quantity></Point><Point><position>13324</position><in_Quantity.quantity>0.000000</in_Quantity.quantity><out_Quantity.quantity>656.702144</out_Quantity.quantity></Point><Point><position>13325</position><in_Quantity.quantity>0.000000</in_Quantity.quantity><out_Quantity.quantity>591.359956</out_Quantity.quantity></Point><Point><position>13326</position><in_Quantity.quantity>0.000000</in_Quantity.quantity><out_Quantity.quantity>950.506123</out_Quantity.quantity></Point><Point><position>13327</position><in_Quantity.quantity>0.000000</in_Quantity.quantity><out_Quantity.quantity>856.282777</out_Quantity.quantity></Point><Point><position>13328</position><in_Quantity.quantity>0.000000</in_Quantity.quantity><out_Quantity.quantity>816.839814</out_Quantity.quantity></Point><Point><position>13329</position><in_Quantity.quantity>0.000000</in_Quantity.quantity><out_Quantity.quantity>693.055755</out_Quantity.quantity></Point><Point><position>13330</position><in_Quantity.quantity>0.000000</in_Quantity.quantity><out_Quantity.quantity>387.316758</out_Quantity.quantity></Point><Point><position>13331</position><in_Quantity.quantity>0.000000</in_Quantity.quantity><out_Quantity.quantity>288.629019</out_Quantity.quantity></Point><Point><position>13332</position><in_Quantity.quantity>0.000000</in_Quantity.quantity><out_Quantity.quantity>205.759841</out_Quantity.quantity></Point><Point><position>13333</position><in_Quantity.quantity>0.000000</in_Quantity.quantity><out_Quantity.quantity>736.965965</out_Quantity.quantity></Point><Point><position>13334</position><in_Quantity.quantity>0.000000</in_Quantity.quantity><out_Quantity.quantity>635.833702</out_Quantity.quantity></Point><Point><position>13335</position><in_Quantity.quantity>0.000000</in_Quantity.quantity><out_Quantity.quantity>228.774511</out_Quantity.quantity></Point><Point><position>13336</position><in_Quantity.quantity>0.000000</in_Quantity.quantity><out_Quantity.quantity>489.857950</out_Quantity.quantity></Point><Point><position>13337</position><in_Quantity.quantity>0.000000</in_Quantity.quantity><out_Quantity.quantity>546.375840</out_Quantity.quantity></Point><Point><position>13338</position><in_Quantity.quantity>0.000000</in_Quantity.quantity><out_Quantity.quantity>985.819072</out_Quantity.quantity></Point><Point><position>13339</position><in_Quantity.quantity>0.000000</in_Quantity.quantity><out_Quantity.quantity>744.081584</out_Quantity.quantity></Point><Point><position>13340</position><in_Quantity.quantity>0.000000</in_Quantity.quantity><out_Quantity.quantity>256.308875</out_Quantity.quantity></Point><Point><position>13341</position><in_Quantity.quantity>0.000000</in_Quantity.quantity><out_Quantity.quantity>633.017082</out_Quantity.quantity></Point><Point><position>13342</position><in_Quantity.quantity>0.000000</in_Quantity.quantity><out_Quantity.quantity>559.926348</out_Quantity.quantity></Point><Point><position>13343</position><in_Quantity.quantity>0.000000</in_Quantity.quantity><out_Quantity.quantity>934.346612</out_Quantity.quantity></Point><Point><position>13344</position><in_Quantity.quantity>0.000000</in_Quantity.quantity><out_Quantity.quantity>667.484250</out_Quantity.quantity></Point><Point><position>13345</position><in_Quantity.quantity>0.000000</in_Quantity.quantity><out_Quantity.quantity>118.916935</out_Quantity.quantity></Point><Point><position>13346</position><in_Quantity.quantity>0.000000</in_Quantity.quantity><out_Quantity.quantity>211.100585</out_Quantity.quantity></Point><Point><position>13347</position><in_Quantity.quantity>0.000000</in_Quantity.quantity><out_Quantity.quantity>842.453395</out_Quantity.quantity></Point><Point><position>13348</position><in_Quantity.quantity>0.000000</in_Quantity.quantity><out_Quantity.quantity>343.664920</out_Quantity.quantity></Point><Point><position>13349</position><in_Quantity.quantity>0.000000</in_Quantity.quantity><out_Quantity.quantity>365.288993</out_Quantity.quantity></Point><Point><position>13350</position><in_Quantity.quantity>0.000000</in_Quantity.quantity><out_Quantity.quantity>163.603057</out_Quantity.quantity></Point><Point><position>13351</position><in_Quantity.quantity>0.000000</in_Quantity.quantity><out_Quantity.quantity>171.604761</out_Quantity.quantity></Point><Point><position>13352</position><in_Quantity.quantity>0.000000</in_Quantity.quantity><out_Quantity.quantity>508.287044</out_Quantity.quantity></Point><Point><position>13353</position><in_Quantity.quantity>0.000000</in_Quantity.quantity><out_Quantity.quantity>584.307744</out_Quantity.quantity></Point><Point><position>13354</position><in_Quantity.quantity>0.000000</in_Quantity.quantity><out_Quantity.quantity>568.322912</out_Quantity.quantity></Point><Point><position>13355</position><in_Quantity.quantity>0.000000</in_Quantity.quantity><out_Quantity.quantity>709.136729</out_Quantity.quantity></Point><Point><position>13356</position><in_Quantity.quantity>0.000000</in_Quantity.quantity><out_Quantity.quantity>825.777054</out_Quantity.quantity></Point><Point><position>13357</position><in_Quantity.quantity>0.000000</in_Quantity.quantity><out_Quantity.quantity>662.230312</out_Quantity.quantity></Point><Point><position>13358</position><in_Quantity.quantity>0.000000</in_Quantity.quantity><out_Quantity.quantity>818.370032</out_Quantity.quantity></Point><Point><position>13359</position><in_Quantity.quantity>0.000000</in_Quantity.quantity><out_Quantity.quantity>869.601264</out_Quantity.quantity></Point><Point><position>13360</position><in_Quantity.quantity>0.000000</in_Quantity.quantity><out_Quantity.quantity>714.435253</out_Quantity.quantity></Point><Point><position>13361</position><in_Quantity.quantity>0.000000</in_Quantity.quantity><out_Quantity.quantity>330.931140</out_Quantity.quantity></Point><Point><position>13362</position><in_Quantity.quantity>0.000000</in_Quantity.quantity><out_Quantity.quantity>336.765352</out_Quantity.quantity></Point><Point><position>13363</position><in_Quantity.quantity>0.000000</in_Quantity.quantity><out_Quantity.quantity>652.661583</out_Quantity.quantity></Point><Point><position>13364</position><in_Quantity.quantity>0.000000</in_Quantity.quantity><out_Quantity.quantity>990.876251</out_Quantity.quantity></Point><Point><position>13365</position><in_Quantity.quantity>0.000000</in_Quantity.quantity><out_Quantity.quantity>177.505413</out_Quantity.quantity></Point><Point><position>13366</position><in_Quantity.quantity>0.000000</in_Quantity.quantity><out_Quantity.quantity>906.170338</out_Quantity.quantity></Point><Point><position>13367</position><in_Quantity.quantity>0.000000</in_Quantity.quantity><out_Quantity.quantity>438.694040</out_Quantity.quantity></Point><Point><position>13368</position><in_Quantity.quantity>0.000000</in_Quantity.quantity><out_Quantity.quantity>519.379617</out_Quantity.quantity></Point><Point><position>13369</position><in_Quantity.quantity>0.000000</in_Quantity.quantity><out_Quantity.quantity>719.001808</out_Quantity.quantity></Point><Point><position>13370</position><in_Quantity.quantity>0.000000</in_Quantity.quantity><out_Quantity.quantity>584.025973</out_Quantity.quantity></Point><Point><position>13371</position><in_Quantity.quantity>0.000000</in_Quantity.quantity><out_Quantity.quantity>616.604277</out_Quantity.quantity></Point><Point><position>13372</position><in_Quantity.quantity>0.000000</in_Quantity.quantity><out_Quantity.quantity>114.910491</out_Quantity.quantity></Point><Point><position>13373</position><in_Quantity.quantity>0.000000</in_Quantity.quantity><out_Quantity.quantity>47.978328</out_Quantity.quantity></Point><Point><position>13374</position><in_Quantity.quantity>0.000000</in_Quantity.quantity><out_Quantity.quantity>575.247074</out_Quantity.quantity></Point><Point><position>13375</position><in_Quantity.quantity>0.000000</in_Quantity.quantity><out_Quantity.quantity>61.345279</out_Quantity.quantity></Point><Point><position>13376</position><in_Quantity.quantity>0.000000</in_Quantity.quantity><out_Quantity.quantity>874.176143</out_Quantity.quantity></Point><Point><position>13377</position><in_Quantity.quantity>0.000000</in_Quantity.quantity><out_Quantity.quantity>941.103766</out_Quantity.quantity></Point><Point><position>13378</position><in_Quantity.quantity>0.000000</in_Quantity.quantity><out_Quantity.quantity>445.443196</out_Quantity.quantity></Point><Point><position>13379</position><in_Quantity.quantity>0.000000</in_Quantity.quantity><out_Quantity.quantity>935.212190</out_Quantity.quantity></Point><Point><position>13380</position><in_Quantity.quantity>0.000000</in_Quantity.quantity><out_Quantity.quantity>663.688512</out_Quantity.quantity></Point><Point><position>13381</position><in_Quantity.quantity>0.000000</in_Quantity.quantity><out_Quantity.quantity>365.365886</out_Quantity.quantity></Point><Point><position>13382</position><in_Quantity.quantity>0.000000</in_Quantity.quantity><out_Quantity.quantity>32.108723</out_Quantity.quantity></Point><Point><position>13383</position><in_Quantity.quantity>0.000000</in_Quantity.quantity><out_Quantity.quantity>284.662717</out_Quantity.quantity></Point><Point><position>13384</position><in_Quantity.quantity>0.000000</in_Quantity.quantity><out_Quantity.quantity>46.938091</out_Quantity.quantity></Point><Point><position>13385</position><in_Quantity.quantity>0.000000</in_Quantity.quantity><out_Quantity.quantity>824.319648</out_Quantity.quantity></Point><Point><position>13386</position><in_Quantity.quantity>0.000000</in_Quantity.quantity><out_Quantity.quantity>709.369323</out_Quantity.quantity></Point><Point><position>13387</position><in_Quantity.quantity>0.000000</in_Quantity.quantity><out_Quantity.quantity>659.780988</out_Quantity.quantity></Point><Point><position>13388</position><in_Quantity.quantity>0.000000</in_Quantity.quantity><out_Quantity.quantity>868.804376</out_Quantity.quantity></Point><Point><position>13389</position><in_Quantity.quantity>0.000000</in_Quantity.quantity><out_Quantity.quantity>201.325993</out_Quantity.quantity></Point><Point><position>13390</position><in_Quantity.quantity>0.000000</in_Quantity.quantity><out_Quantity.quantity>191.838434</out_Quantity.quantity></Point><Point><position>13391</position><in_Quantity.quantity>0.000000</in_Quantity.quantity><out_Quantity.quantity>396.458612</out_Quantity.quantity></Point><Point><position>13392</position><in_Quantity.quantity>0.000000</in_Quantity.quantity><out_Quantity.quantity>290.198341</out_Quantity.quantity></Point><Point><position>13393</position><in_Quantity.quantity>0.000000</in_Quantity.quantity><out_Quantity.quantity>67.081138</out_Quantity.quantity></Point><Point><position>13394</position><in_Quantity.quantity>0.000000</in_Quantity.quantity><out_Quantity.quantity>868.313601</out_Quantity.quantity></Point><Point><position>13395</position><in_Quantity.quantity>0.000000</in_Quantity.quantity><out_Quantity.quantity>563.193617</out_Quantity.quantity></Point><Point><position>13396</position><in_Quantity.quantity>0.000000</in_Quantity.quantity><out_Quantity.quantity>328.052823</out_Quantity.quantity></Point><Point><position>13397</position><in_Quantity.quantity>0.000000</in_Quantity.quantity><out_Quantity.quantity>249.047883</out_Quantity.quantity></Point><Point><position>13398</position><in_Quantity.quantity>0.000000</in_Quantity.quantity><out_Quantity.quantity>527.598072</out_Quantity.quantity></Point><Point><position>13399</position><in_Quantity.quantity>0.000000</in_Quantity.quantity><out_Quantity.quantity>549.943000</out_Quantity.quantity></Point><Point><position>13400</position><in_Quantity.quantity>0.000000</in_Quantity.quantity><out_Quantity.quantity>139.827191</out_Quantity.quantity></Point><Point><position>13401</position><in_Quantity.quantity>0.000000</in_Quantity.quantity><out_Quantity.quantity>446.830443</out_Quantity.quantity></Point><Point><position>13402</position><in_Quantity.quantity>0.000000</in_Quantity.quantity><out_Quantity.quantity>478.097719</out_Quantity.quantity></Point><Point><position>13403</position><in_Quantity.quantity>0.000000</in_Quantity.quantity><out_Quantity.quantity>891.954110</out_Quantity.quantity></Point><Point><position>13404</position><in_Quantity.quantity>0.000000</in_Quantity.quantity><out_Quantity.quantity>322.373573</out_Quantity.quantity></Point><Point><position>13405</position><in_Quantity.quantity>0.000000</in_Quantity.quantity><out_Quantity.quantity>725.328469</out_Quantity.quantity></Point><Point><position>13406</position><in_Quantity.quantity>0.000000</in_Quantity.quantity><out_Quantity.quantity>132.793295</out_Quantity.quantity></Point><Point><position>13407</position><in_Quantity.quantity>0.000000</in_Quantity.quantity><out_Quantity.quantity>407.245296</out_Quantity.quantity></Point><Point><position>13408</position><in_Quantity.quantity>0.000000</in_Quantity.quantity><out_Quantity.quantity>332.459044</out_Quantity.quantity></Point><Point><position>13409</position><in_Quantity.quantity>0.000000</in_Quantity.quantity><out_Quantity.quantity>147.902940</out_Quantity.quantity></Point><Point><position>13410</position><in_Quantity.quantity>0.000000</in_Quantity.quantity><out_Quantity.quantity>9.466493</out_Quantity.quantity></Point><Point><position>13411</position><in_Quantity.quantity>0.000000</in_Quantity.quantity><out_Quantity.quantity>795.902790</out_Quantity.quantity></Point><Point><position>13412</position><in_Quantity.quantity>0.000000</in_Quantity.quantity><out_Quantity.quantity>108.599491</out_Quantity.quantity></Point><Point><position>13413</position><in_Quantity.quantity>0.000000</in_Quantity.quantity><out_Quantity.quantity>851.032812</out_Quantity.quantity></Point><Point><position>13414</position><in_Quantity.quantity>0.000000</in_Quantity.quantity><out_Quantity.quantity>15.962769</out_Quantity.quantity></Point><Point><position>13415</position><in_Quantity.quantity>0.000000</in_Quantity.quantity><out_Quantity.quantity>686.671729</out_Quantity.quantity></Point><Point><position>13416</position><in_Quantity.quantity>0.000000</in_Quantity.quantity><out_Quantity.quantity>671.579275</out_Quantity.quantity></Point><Point><position>13417</position><in_Quantity.quantity>0.000000</in_Quantity.quantity><out_Quantity.quantity>98.273409</out_Quantity.quantity></Point><Point><position>13418</position><in_Quantity.quantity>0.000000</in_Quantity.quantity><out_Quantity.quantity>14.935506</out_Quantity.quantity></Point><Point><position>13419</position><in_Quantity.quantity>0.000000</in_Quantity.quantity><out_Quantity.quantity>667.871057</out_Quantity.quantity></Point><Point><position>13420</position><in_Quantity.quantity>0.000000</in_Quantity.quantity><out_Quantity.quantity>796.201147</out_Quantity.quantity></Point><Point><position>13421</position><in_Quantity.quantity>0.000000</in_Quantity.quantity><out_Quantity.quantity>170.688004</out_Quantity.quantity></Point><Point><position>13422</position><in_Quantity.quantity>0.000000</in_Quantity.quantity><out_Quantity.quantity>308.748369</out_Quantity.quantity></Point><Point><position>13423</position><in_Quantity.quantity>0.000000</in_Quantity.quantity><out_Quantity.quantity>693.500961</out_Quantity.quantity></Point><Point><position>13424</position><in_Quantity.quantity>0.000000</in_Quantity.quantity><out_Quantity.quantity>794.475844</out_Quantity.quantity></Point><Point><position>13425</position><in_Quantity.quantity>0.000000</in_Quantity.quantity><out_Quantity.quantity>151.373584</out_Quantity.quantity></Point><Point><position>13426</position><in_Quantity.quantity>0.000000</in_Quantity.quantity><out_Quantity.quantity>438.639672</out_Quantity.quantity></Point><Point><position>13427</position><in_Quantity.quantity>0.000000</in_Quantity.quantity><out_Quantity.quantity>349.470158</out_Quantity.quantity></Point><Point><position>13428</position><in_Quantity.quantity>0.000000</in_Quantity.quantity><out_Quantity.quantity>411.471442</out_Quantity.quantity></Point><Point><position>13429</position><in_Quantity.quantity>0.000000</in_Quantity.quantity><out_Quantity.quantity>739.379348</out_Quantity.quantity></Point><Point><position>13430</position><in_Quantity.quantity>0.000000</in_Quantity.quantity><out_Quantity.quantity>808.084196</out_Quantity.quantity></Point><Point><position>13431</position><in_Quantity.quantity>0.000000</in_Quantity.quantity><out_Quantity.quantity>601.681345</out_Quantity.quantity></Point><Point><position>13432</position><in_Quantity.quantity>0.000000</in_Quantity.quantity><out_Quantity.quantity>246.300290</out_Quantity.quantity></Point><Point><position>13433</position><in_Quantity.quantity>0.000000</in_Quantity.quantity><out_Quantity.quantity>203.854147</out_Quantity.quantity></Point><Point><position>13434</position><in_Quantity.quantity>0.000000</in_Quantity.quantity><out_Quantity.quantity>731.869126</out_Quantity.quantity></Point><Point><position>13435</position><in_Quantity.quantity>0.000000</in_Quantity.quantity><out_Quantity.quantity>702.084726</out_Quantity.quantity></Point><Point><position>13436</position><in_Quantity.quantity>0.000000</in_Quantity.quantity><out_Quantity.quantity>463.725455</out_Quantity.quantity></Point><Point><position>13437</position><in_Quantity.quantity>0.000000</in_Quantity.quantity><out_Quantity.quantity>222.265240</out_Quantity.quantity></Point><Point><position>13438</position><in_Quantity.quantity>0.000000</in_Quantity.quantity><out_Quantity.quantity>275.919744</out_Quantity.quantity></Point><Point><position>13439</position><in_Quantity.quantity>0.000000</in_Quantity.quantity><out_Quantity.quantity>782.509263</out_Quantity.quantity></Point><Point><position>13440</position><in_Quantity.quantity>0.000000</in_Quantity.quantity><out_Quantity.quantity>694.899204</out_Quantity.quantity></Point><Point><position>13441</position><in_Quantity.quantity>0.000000</in_Quantity.quantity><out_Quantity.quantity>292.357954</out_Quantity.quantity></Point><Point><position>13442</position><in_Quantity.quantity>0.000000</in_Quantity.quantity><out_Quantity.quantity>758.553090</out_Quantity.quantity></Point><Point><position>13443</position><in_Quantity.quantity>0.000000</in_Quantity.quantity><out_Quantity.quantity>619.554245</out_Quantity.quantity></Point><Point><position>13444</position><in_Quantity.quantity>0.000000</in_Quantity.quantity><out_Quantity.quantity>896.327623</out_Quantity.quantity></Point><Point><position>13445</position><in_Quantity.quantity>0.000000</in_Quantity.quantity><out_Quantity.quantity>489.530541</out_Quantity.quantity></Point><Point><position>13446</position><in_Quantity.quantity>0.000000</in_Quantity.quantity><out_Quantity.quantity>814.198226</out_Quantity.quantity></Point><Point><position>13447</position><in_Quantity.quantity>0.000000</in_Quantity.quantity><out_Quantity.quantity>382.292064</out_Quantity.quantity></Point><Point><position>13448</position><in_Quantity.quantity>0.000000</in_Quantity.quantity><out_Quantity.quantity>754.514565</out_Quantity.quantity></Point><Point><position>13449</position><in_Quantity.quantity>0.000000</in_Quantity.quantity><out_Quantity.quantity>509.421740</out_Quantity.quantity></Point><Point><position>13450</position><in_Quantity.quantity>0.000000</in_Quantity.quantity><out_Quantity.quantity>20.026365</out_Quantity.quantity></Point><Point><position>13451</position><in_Quantity.quantity>0.000000</in_Quantity.quantity><out_Quantity.quantity>168.403507</out_Quantity.quantity></Point><Point><position>13452</position><in_Quantity.quantity>0.000000</in_Quantity.quantity><out_Quantity.quantity>679.390330</out_Quantity.quantity></Point><Point><position>13453</position><in_Quantity.quantity>0.000000</in_Quantity.quantity><out_Quantity.quantity>386.484894</out_Quantity.quantity></Point><Point><position>13454</position><in_Quantity.quantity>0.000000</in_Quantity.quantity><out_Quantity.quantity>643.168928</out_Quantity.quantity></Point><Point><position>13455</position><in_Quantity.quantity>0.000000</in_Quantity.quantity><out_Quantity.quantity>62.312352</out_Quantity.quantity></Point><Point><position>13456</position><in_Quantity.quantity>0.000000</in_Quantity.quantity><out_Quantity.quantity>207.457984</out_Quantity.quantity></Point><Point><position>13457</position><in_Quantity.quantity>0.000000</in_Quantity.quantity><out_Quantity.quantity>306.726666</out_Quantity.quantity></Point><Point><position>13458</position><in_Quantity.quantity>0.000000</in_Quantity.quantity><out_Quantity.quantity>628.007921</out_Quantity.quantity></Point><Point><position>13459</position><in_Quantity.quantity>0.000000</in_Quantity.quantity><out_Quantity.quantity>438.013424</out_Quantity.quantity></Point><Point><position>13460</position><in_Quantity.quantity>0.000000</in_Quantity.quantity><out_Quantity.quantity>565.261366</out_Quantity.quantity></Point><Point><position>13461</position><in_Quantity.quantity>0.000000</in_Quantity.quantity><out_Quantity.quantity>894.119702</out_Quantity.quantity></Point><Point><position>13462</position><in_Quantity.quantity>0.000000</in_Quantity.quantity><out_Quantity.quantity>709.383905</out_Quantity.quantity></Point><Point><position>13463</position><in_Quantity.quantity>0.000000</in_Quantity.quantity><out_Quantity.quantity>888.022020</out_Quantity.quantity></Point><Point><position>13464</position><in_Quantity.quantity>0.000000</in_Quantity.quantity><out_Quantity.quantity>775.600637</out_Quantity.quantity></Point><Point><position>13465</position><in_Quantity.quantity>0.000000</in_Quantity.quantity><out_Quantity.quantity>685.135769</out_Quantity.quantity></Point><Point><position>13466</position><in_Quantity.quantity>0.000000</in_Quantity.quantity><out_Quantity.quantity>464.493930</out_Quantity.quantity></Point><Point><position>13467</position><in_Quantity.quantity>0.000000</in_Quantity.quantity><out_Quantity.quantity>546.547847</out_Quantity.quantity></Point><Point><position>13468</position><in_Quantity.quantity>0.000000</in_Quantity.quantity><out_Quantity.quantity>580.101109</out_Quantity.quantity></Point><Point><position>13469</position><in_Quantity.quantity>0.000000</in_Quantity.quantity><out_Quantity.quantity>374.030565</out_Quantity.quantity></Point><Point><position>13470</position><in_Quantity.quantity>0.000000</in_Quantity.quantity><out_Quantity.quantity>198.916339</out_Quantity.quantity></Point><Point><position>13471</position><in_Quantity.quantity>0.000000</in_Quantity.quantity><out_Quantity.quantity>346.365795</out_Quantity.quantity></Point><Point><position>13472</position><in_Quantity.quantity>0.000000</in_Quantity.quantity><out_Quantity.quantity>799.280931</out_Quantity.quantity></Point><Point><position>13473</position><in_Quantity.quantity>0.000000</in_Quantity.quantity><out_Quantity.quantity>722.864418</out_Quantity.quantity></Point><Point><position>13474</position><in_Quantity.quantity>0.000000</in_Quantity.quantity><out_Quantity.quantity>814.988394</out_Quantity.quantity></Point><Point><position>13475</position><in_Quantity.quantity>0.000000</in_Quantity.quantity><out_Quantity.quantity>632.370551</out_Quantity.quantity></Point><Point><position>13476</position><in_Quantity.quantity>0.000000</in_Quantity.quantity><out_Quantity.quantity>213.711933</out_Quantity.quantity></Point><Point><position>13477</position><in_Quantity.quantity>0.000000</in_Quantity.quantity><out_Quantity.quantity>77.523507</out_Quantity.quantity></Point><Point><position>13478</position><in_Quantity.quantity>0.000000</in_Quantity.quantity><out_Quantity.quantity>293.481126</out_Quantity.quantity></Point><Point><position>13479</position><in_Quantity.quantity>0.000000</in_Quantity.quantity><out_Quantity.quantity>406.390427</out_Quantity.quantity></Point><Point><position>13480</position><in_Quantity.quantity>0.000000</in_Quantity.quantity><out_Quantity.quantity>858.021393</out_Quantity.quantity></Point><Point><position>13481</position><in_Quantity.quantity>0.000000</in_Quantity.quantity><out_Quantity.quantity>397.215084</out_Quantity.quantity></Point><Point><position>13482</position><in_Quantity.quantity>0.000000</in_Quantity.quantity><out_Quantity.quantity>678.101789</out_Quantity.quantity></Point><Point><position>13483</position><in_Quantity.quantity>0.000000</in_Quantity.quantity><out_Quantity.quantity>233.621319</out_Quantity.quantity></Point><Point><position>13484</position><in_Quantity.quantity>0.000000</in_Quantity.quantity><out_Quantity.quantity>939.210964</out_Quantity.quantity></Point><Point><position>13485</position><in_Quantity.quantity>0.000000</in_Quantity.quantity><out_Quantity.quantity>890.356312</out_Quantity.quantity></Point><Point><position>13486</position><in_Quantity.quantity>0.000000</in_Quantity.quantity><out_Quantity.quantity>64.355894</out_Quantity.quantity></Point><Point><position>13487</position><in_Quantity.quantity>0.000000</in_Quantity.quantity><out_Quantity.quantity>622.618323</out_Quantity.quantity></Point><Point><position>13488</position><in_Quantity.quantity>0.000000</in_Quantity.quantity><out_Quantity.quantity>162.658548</out_Quantity.quantity></Point><Point><position>13489</position><in_Quantity.quantity>0.000000</in_Quantity.quantity><out_Quantity.quantity>659.402761</out_Quantity.quantity></Point><Point><position>13490</position><in_Quantity.quantity>0.000000</in_Quantity.quantity><out_Quantity.quantity>900.849586</out_Quantity.quantity></Point><Point><position>13491</position><in_Quantity.quantity>0.000000</in_Quantity.quantity><out_Quantity.quantity>177.265592</out_Quantity.quantity></Point><Point><position>13492</position><in_Quantity.quantity>0.000000</in_Quantity.quantity><out_Quantity.quantity>702.815585</out_Quantity.quantity></Point><Point><position>13493</position><in_Quantity.quantity>0.000000</in_Quantity.quantity><out_Quantity.quantity>305.308167</out_Quantity.quantity></Point><Point><position>13494</position><in_Quantity.quantity>0.000000</in_Quantity.quantity><out_Quantity.quantity>501.153471</out_Quantity.quantity></Point><Point><position>13495</position><in_Quantity.quantity>0.000000</in_Quantity.quantity><out_Quantity.quantity>494.301278</out_Quantity.quantity></Point><Point><position>13496</position><in_Quantity.quantity>0.000000</in_Quantity.quantity><out_Quantity.quantity>135.514059</out_Quantity.quantity></Point><Point><position>13497</position><in_Quantity.quantity>0.000000</in_Quantity.quantity><out_Quantity.quantity>299.489179</out_Quantity.quantity></Point><Point><position>13498</position><in_Quantity.quantity>0.000000</in_Quantity.quantity><out_Quantity.quantity>743.093187</out_Quantity.quantity></Point><Point><position>13499</position><in_Quantity.quantity>0.000000</in_Quantity.quantity><out_Quantity.quantity>780.762027</out_Quantity.quantity></Point><Point><position>13500</position><in_Quantity.quantity>0.000000</in_Quantity.quantity><out_Quantity.quantity>399.463342</out_Quantity.quantity></Point><Point><position>13501</position><in_Quantity.quantity>0.000000</in_Quantity.quantity><out_Quantity.quantity>8.709320</out_Quantity.quantity></Point><Point><position>13502</position><in_Quantity.quantity>0.000000</in_Quantity.quantity><out_Quantity.quantity>727.202985</out_Quantity.quantity></Point><Point><position>13503</position><in_Quantity.quantity>0.000000</in_Quantity.quantity><out_Quantity.quantity>898.271744</out_Quantity.quantity></Point><Point><position>13504</position><in_Quantity.quantity>0.000000</in_Quantity.quantity><out_Quantity.quantity>972.136165</out_Quantity.quantity></Point><Point><position>13505</position><in_Quantity.quantity>0.000000</in_Quantity.quantity><out_Quantity.quantity>744.404392</out_Quantity.quantity></Point><Point><position>13506</position><in_Quantity.quantity>0.000000</in_Quantity.quantity><out_Quantity.quantity>724.734126</out_Quantity.quantity></Point><Point><position>13507</position><in_Quantity.quantity>0.000000</in_Quantity.quantity><out_Quantity.quantity>743.926599</out_Quantity.quantity></Point><Point><position>13508</position><in_Quantity.quantity>0.000000</in_Quantity.quantity><out_Quantity.quantity>295.742152</out_Quantity.quantity></Point><Point><position>13509</position><in_Quantity.quantity>0.000000</in_Quantity.quantity><out_Quantity.quantity>852.679137</out_Quantity.quantity></Point><Point><position>13510</position><in_Quantity.quantity>0.000000</in_Quantity.quantity><out_Quantity.quantity>980.430538</out_Quantity.quantity></Point><Point><position>13511</position><in_Quantity.quantity>0.000000</in_Quantity.quantity><out_Quantity.quantity>594.985795</out_Quantity.quantity></Point><Point><position>13512</position><in_Quantity.quantity>0.000000</in_Quantity.quantity><out_Quantity.quantity>657.500889</out_Quantity.quantity></Point><Point><position>13513</position><in_Quantity.quantity>0.000000</in_Quantity.quantity><out_Quantity.quantity>108.237278</out_Quantity.quantity></Point><Point><position>13514</position><in_Quantity.quantity>0.000000</in_Quantity.quantity><out_Quantity.quantity>247.786279</out_Quantity.quantity></Point><Point><position>13515</position><in_Quantity.quantity>0.000000</in_Quantity.quantity><out_Quantity.quantity>240.351475</out_Quantity.quantity></Point><Point><position>13516</position><in_Quantity.quantity>0.000000</in_Quantity.quantity><out_Quantity.quantity>641.307216</out_Quantity.quantity></Point><Point><position>13517</position><in_Quantity.quantity>0.000000</in_Quantity.quantity><out_Quantity.quantity>76.772089</out_Quantity.quantity></Point><Point><position>13518</position><in_Quantity.quantity>0.000000</in_Quantity.quantity><out_Quantity.quantity>971.232189</out_Quantity.quantity></Point><Point><position>13519</position><in_Quantity.quantity>0.000000</in_Quantity.quantity><out_Quantity.quantity>411.594973</out_Quantity.quantity></Point><Point><position>13520</position><in_Quantity.quantity>0.000000</in_Quantity.quantity><out_Quantity.quantity>986.280255</out_Quantity.quantity></Point><Point><position>13521</position><in_Quantity.quantity>0.000000</in_Quantity.quantity><out_Quantity.quantity>142.278048</out_Quantity.quantity></Point><Point><position>13522</position><in_Quantity.quantity>0.000000</in_Quantity.quantity><out_Quantity.quantity>736.897421</out_Quantity.quantity></Point><Point><position>13523</position><in_Quantity.quantity>0.000000</in_Quantity.quantity><out_Quantity.quantity>0.527278</out_Quantity.quantity></Point><Point><position>13524</position><in_Quantity.quantity>0.000000</in_Quantity.quantity><out_Quantity.quantity>906.309935</out_Quantity.quantity></Point><Point><position>13525</position><in_Quantity.quantity>0.000000</in_Quantity.quantity><out_Quantity.quantity>246.574400</out_Quantity.quantity></Point><Point><position>13526</position><in_Quantity.quantity>0.000000</in_Quantity.quantity><out_Quantity.quantity>651.987919</out_Quantity.quantity></Point><Point><position>13527</position><in_Quantity.quantity>0.000000</in_Quantity.quantity><out_Quantity.quantity>283.059192</out_Quantity.quantity></Point><Point><position>13528</position><in_Quantity.quantity>0.000000</in_Quantity.quantity><out_Quantity.quantity>94.666199</out_Quantity.quantity></Point><Point><position>13529</position><in_Quantity.quantity>0.000000</in_Quantity.quantity><out_Quantity.quantity>209.521575</out_Quantity.quantity></Point><Point><position>13530</position><in_Quantity.quantity>0.000000</in_Quantity.quantity><out_Quantity.quantity>469.479100</out_Quantity.quantity></Point><Point><position>13531</position><in_Quantity.quantity>0.000000</in_Quantity.quantity><out_Quantity.quantity>228.960160</out_Quantity.quantity></Point><Point><position>13532</position><in_Quantity.quantity>0.000000</in_Quantity.quantity><out_Quantity.quantity>954.125475</out_Quantity.quantity></Point><Point><position>13533</position><in_Quantity.quantity>0.000000</in_Quantity.quantity><out_Quantity.quantity>891.901399</out_Quantity.quantity></Point><Point><position>13534</position><in_Quantity.quantity>0.000000</in_Quantity.quantity><out_Quantity.quantity>9.030574</out_Quantity.quantity></Point><Point><position>13535</position><in_Quantity.quantity>0.000000</in_Quantity.quantity><out_Quantity.quantity>346.705839</out_Quantity.quantity></Point><Point><position>13536</position><in_Quantity.quantity>0.000000</in_Quantity.quantity><out_Quantity.quantity>425.607448</out_Quantity.quantity></Point><Point><position>13537</position><in_Quantity.quantity>0.000000</in_Quantity.quantity><out_Quantity.quantity>567.077765</out_Quantity.quantity></Point><Point><position>13538</position><in_Quantity.quantity>0.000000</in_Quantity.quantity><out_Quantity.quantity>320.823371</out_Quantity.quantity></Point><Point><position>13539</position><in_Quantity.quantity>0.000000</in_Quantity.quantity><out_Quantity.quantity>133.118242</out_Quantity.quantity></Point><Point><position>13540</position><in_Quantity.quantity>0.000000</in_Quantity.quantity><out_Quantity.quantity>44.476623</out_Quantity.quantity></Point><Point><position>13541</position><in_Quantity.quantity>0.000000</in_Quantity.quantity><out_Quantity.quantity>383.074421</out_Quantity.quantity></Point><Point><position>13542</position><in_Quantity.quantity>0.000000</in_Quantity.quantity><out_Quantity.quantity>192.601983</out_Quantity.quantity></Point><Point><position>13543</position><in_Quantity.quantity>0.000000</in_Quantity.quantity><out_Quantity.quantity>779.591696</out_Quantity.quantity></Point><Point><position>13544</position><in_Quantity.quantity>0.000000</in_Quantity.quantity><out_Quantity.quantity>849.174966</out_Quantity.quantity></Point><Point><position>13545</position><in_Quantity.quantity>0.000000</in_Quantity.quantity><out_Quantity.quantity>357.457391</out_Quantity.quantity></Point><Point><position>13546</position><in_Quantity.quantity>0.000000</in_Quantity.quantity><out_Quantity.quantity>53.279992</out_Quantity.quantity></Point><Point><position>13547</position><in_Quantity.quantity>0.000000</in_Quantity.quantity><out_Quantity.quantity>972.058548</out_Quantity.quantity></Point><Point><position>13548</position><in_Quantity.quantity>0.000000</in_Quantity.quantity><out_Quantity.quantity>747.386909</out_Quantity.quantity></Point><Point><position>13549</position><in_Quantity.quantity>0.000000</in_Quantity.quantity><out_Quantity.quantity>126.292852</out_Quantity.quantity></Point><Point><position>13550</position><in_Quantity.quantity>0.000000</in_Quantity.quantity><out_Quantity.quantity>903.651338</out_Quantity.quantity></Point><Point><position>13551</position><in_Quantity.quantity>0.000000</in_Quantity.quantity><out_Quantity.quantity>591.267500</out_Quantity.quantity></Point><Point><position>13552</position><in_Quantity.quantity>0.000000</in_Quantity.quantity><out_Quantity.quantity>60.982035</out_Quantity.quantity></Point><Point><position>13553</position><in_Quantity.quantity>0.000000</in_Quantity.quantity><out_Quantity.quantity>14.392376</out_Quantity.quantity></Point><Point><position>13554</position><in_Quantity.quantity>0.000000</in_Quantity.quantity><out_Quantity.quantity>271.530737</out_Quantity.quantity></Point><Point><position>13555</position><in_Quantity.quantity>0.000000</in_Quantity.quantity><out_Quantity.quantity>702.439101</out_Quantity.quantity></Point><Point><position>13556</position><in_Quantity.quantity>0.000000</in_Quantity.quantity><out_Quantity.quantity>840.273324</out_Quantity.quantity></Point><Point><position>13557</position><in_Quantity.quantity>0.000000</in_Quantity.quantity><out_Quantity.quantity>600.182256</out_Quantity.quantity></Point><Point><position>13558</position><in_Quantity.quantity>0.000000</in_Quantity.quantity><out_Quantity.quantity>523.132144</out_Quantity.quantity></Point><Point><position>13559</position><in_Quantity.quantity>0.000000</in_Quantity.quantity><out_Quantity.quantity>12.688194</out_Quantity.quantity></Point><Point><position>13560</position><in_Quantity.quantity>0.000000</in_Quantity.quantity><out_Quantity.quantity>891.923156</out_Quantity.quantity></Point><Point><position>13561</position><in_Quantity.quantity>0.000000</in_Quantity.quantity><out_Quantity.quantity>703.742752</out_Quantity.quantity></Point><Point><position>13562</position><in_Quantity.quantity>0.000000</in_Quantity.quantity><out_Quantity.quantity>362.461733</out_Quantity.quantity></Point><Point><position>13563</position><in_Quantity.quantity>0.000000</in_Quantity.quantity><out_Quantity.quantity>603.284844</out_Quantity.quantity></Point><Point><position>13564</position><in_Quantity.quantity>0.000000</in_Quantity.quantity><out_Quantity.quantity>616.501867</out_Quantity.quantity></Point><Point><position>13565</position><in_Quantity.quantity>0.000000</in_Quantity.quantity><out_Quantity.quantity>532.659231</out_Quantity.quantity></Point><Point><position>13566</position><in_Quantity.quantity>0.000000</in_Quantity.quantity><out_Quantity.quantity>380.161356</out_Quantity.quantity></Point><Point><position>13567</position><in_Quantity.quantity>0.000000</in_Quantity.quantity><out_Quantity.quantity>954.889179</out_Quantity.quantity></Point><Point><position>13568</position><in_Quantity.quantity>0.000000</in_Quantity.quantity><out_Quantity.quantity>85.715822</out_Quantity.quantity></Point><Point><position>13569</position><in_Quantity.quantity>0.000000</in_Quantity.quantity><out_Quantity.quantity>413.087119</out_Quantity.quantity></Point><Point><position>13570</position><in_Quantity.quantity>0.000000</in_Quantity.quantity><out_Quantity.quantity>676.148553</out_Quantity.quantity></Point><Point><position>13571</position><in_Quantity.quantity>0.000000</in_Quantity.quantity><out_Quantity.quantity>355.778761</out_Quantity.quantity></Point><Point><position>13572</position><in_Quantity.quantity>0.000000</in_Quantity.quantity><out_Quantity.quantity>601.388714</out_Quantity.quantity></Point><Point><position>13573</position><in_Quantity.quantity>0.000000</in_Quantity.quantity><out_Quantity.quantity>408.716444</out_Quantity.quantity></Point><Point><position>13574</position><in_Quantity.quantity>0.000000</in_Quantity.quantity><out_Quantity.quantity>778.447999</out_Quantity.quantity></Point><Point><position>13575</position><in_Quantity.quantity>0.000000</in_Quantity.quantity><out_Quantity.quantity>511.641269</out_Quantity.quantity></Point><Point><position>13576</position><in_Quantity.quantity>0.000000</in_Quantity.quantity><out_Quantity.quantity>714.725073</out_Quantity.quantity></Point><Point><position>13577</position><in_Quantity.quantity>0.000000</in_Quantity.quantity><out_Quantity.quantity>523.823265</out_Quantity.quantity></Point><Point><position>13578</position><in_Quantity.quantity>0.000000</in_Quantity.quantity><out_Quantity.quantity>348.151145</out_Quantity.quantity></Point><Point><position>13579</position><in_Quantity.quantity>0.000000</in_Quantity.quantity><out_Quantity.quantity>700.229177</out_Quantity.quantity></Point><Point><position>13580</position><in_Quantity.quantity>0.000000</in_Quantity.quantity><out_Quantity.quantity>319.442843</out_Quantity.quantity></Point><Point><position>13581</position><in_Quantity.quantity>0.000000</in_Quantity.quantity><out_Quantity.quantity>251.616836</out_Quantity.quantity></Point><Point><position>13582</position><in_Quantity.quantity>0.000000</in_Quantity.quantity><out_Quantity.quantity>493.033307</out_Quantity.quantity></Point><Point><position>13583</position><in_Quantity.quantity>0.000000</in_Quantity.quantity><out_Quantity.quantity>702.863298</out_Quantity.quantity></Point><Point><position>13584</position><in_Quantity.quantity>0.000000</in_Quantity.quantity><out_Quantity.quantity>585.048125</out_Quantity.quantity></Point><Point><position>13585</position><in_Quantity.quantity>0.000000</in_Quantity.quantity><out_Quantity.quantity>611.279313</out_Quantity.quantity></Point><Point><position>13586</position><in_Quantity.quantity>0.000000</in_Quantity.quantity><out_Quantity.quantity>246.095584</out_Quantity.quantity></Point><Point><position>13587</position><in_Quantity.quantity>0.000000</in_Quantity.quantity><out_Quantity.quantity>16.165171</out_Quantity.quantity></Point><Point><position>13588</position><in_Quantity.quantity>0.000000</in_Quantity.quantity><out_Quantity.quantity>436.565827</out_Quantity.quantity></Point><Point><position>13589</position><in_Quantity.quantity>0.000000</in_Quantity.quantity><out_Quantity.quantity>911.991039</out_Quantity.quantity></Point><Point><position>13590</position><in_Quantity.quantity>0.000000</in_Quantity.quantity><out_Quantity.quantity>156.128061</out_Quantity.quantity></Point><Point><position>13591</position><in_Quantity.quantity>0.000000</in_Quantity.quantity><out_Quantity.quantity>45.111356</out_Quantity.quantity></Point><Point><position>13592</position><in_Quantity.quantity>0.000000</in_Quantity.quantity><out_Quantity.quantity>714.697473</out_Quantity.quantity></Point><Point><position>13593</position><in_Quantity.quantity>0.000000</in_Quantity.quantity><out_Quantity.quantity>335.157892</out_Quantity.quantity></Point><Point><position>13594</position><in_Quantity.quantity>0.000000</in_Quantity.quantity><out_Quantity.quantity>625.763781</out_Quantity.quantity></Point><Point><position>13595</position><in_Quantity.quantity>0.000000</in_Quantity.quantity><out_Quantity.quantity>859.322901</out_Quantity.quantity></Point><Point><position>13596</position><in_Quantity.quantity>0.000000</in_Quantity.quantity><out_Quantity.quantity>891.156017</out_Quantity.quantity></Point><Point><position>13597</position><in_Quantity.quantity>0.000000</in_Quantity.quantity><out_Quantity.quantity>760.540855</out_Quantity.quantity></Point><Point><position>13598</position><in_Quantity.quantity>0.000000</in_Quantity.quantity><out_Quantity.quantity>262.545749</out_Quantity.quantity></Point><Point><position>13599</position><in_Quantity.quantity>0.000000</in_Quantity.quantity><out_Quantity.quantity>781.361581</out_Quantity.quantity></Point><Point><position>13600</position><in_Quantity.quantity>0.000000</in_Quantity.quantity><out_Quantity.quantity>959.001200</out_Quantity.quantity></Point><Point><position>13601</position><in_Quantity.quantity>0.000000</in_Quantity.quantity><out_Quantity.quantity>498.977770</out_Quantity.quantity></Point><Point><position>13602</position><in_Quantity.quantity>0.000000</in_Quantity.quantity><out_Quantity.quantity>183.948318</out_Quantity.quantity></Point><Point><position>13603</position><in_Quantity.quantity>0.000000</in_Quantity.quantity><out_Quantity.quantity>728.133004</out_Quantity.quantity></Point><Point><position>13604</position><in_Quantity.quantity>0.000000</in_Quantity.quantity><out_Quantity.quantity>526.247613</out_Quantity.quantity></Point><Point><position>13605</position><in_Quantity.quantity>0.000000</in_Quantity.quantity><out_Quantity.quantity>488.561104</out_Quantity.quantity></Point><Point><position>13606</position><in_Quantity.quantity>0.000000</in_Quantity.quantity><out_Quantity.quantity>463.053221</out_Quantity.quantity></Point><Point><position>13607</position><in_Quantity.quantity>0.000000</in_Quantity.quantity><out_Quantity.quantity>99.207477</out_Quantity.quantity></Point><Point><position>13608</position><in_Quantity.quantity>0.000000</in_Quantity.quantity><out_Quantity.quantity>122.382087</out_Quantity.quantity></Point><Point><position>13609</position><in_Quantity.quantity>0.000000</in_Quantity.quantity><out_Quantity.quantity>214.702193</out_Quantity.quantity></Point><Point><position>13610</position><in_Quantity.quantity>0.000000</in_Quantity.quantity><out_Quantity.quantity>898.982336</out_Quantity.quantity></Point><Point><position>13611</position><in_Quantity.quantity>0.000000</in_Quantity.quantity><out_Quantity.quantity>28.565367</out_Quantity.quantity></Point><Point><position>13612</position><in_Quantity.quantity>0.000000</in_Quantity.quantity><out_Quantity.quantity>572.688790</out_Quantity.quantity></Point><Point><position>13613</position><in_Quantity.quantity>0.000000</in_Quantity.quantity><out_Quantity.quantity>181.027614</out_Quantity.quantity></Point><Point><position>13614</position><in_Quantity.quantity>0.000000</in_Quantity.quantity><out_Quantity.quantity>112.735029</out_Quantity.quantity></Point><Point><position>13615</position><in_Quantity.quantity>0.000000</in_Quantity.quantity><out_Quantity.quantity>198.111263</out_Quantity.quantity></Point><Point><position>13616</position><in_Quantity.quantity>0.000000</in_Quantity.quantity><out_Quantity.quantity>871.582294</out_Quantity.quantity></Point><Point><position>13617</position><in_Quantity.quantity>0.000000</in_Quantity.quantity><out_Quantity.quantity>306.925292</out_Quantity.quantity></Point><Point><position>13618</position><in_Quantity.quantity>0.000000</in_Quantity.quantity><out_Quantity.quantity>334.013132</out_Quantity.quantity></Point><Point><position>13619</position><in_Quantity.quantity>0.000000</in_Quantity.quantity><out_Quantity.quantity>486.154466</out_Quantity.quantity></Point><Point><position>13620</position><in_Quantity.quantity>0.000000</in_Quantity.quantity><out_Quantity.quantity>820.258023</out_Quantity.quantity></Point><Point><position>13621</position><in_Quantity.quantity>0.000000</in_Quantity.quantity><out_Quantity.quantity>62.883878</out_Quantity.quantity></Point><Point><position>13622</position><in_Quantity.quantity>0.000000</in_Quantity.quantity><out_Quantity.quantity>300.456455</out_Quantity.quantity></Point><Point><position>13623</position><in_Quantity.quantity>0.000000</in_Quantity.quantity><out_Quantity.quantity>487.421419</out_Quantity.quantity></Point><Point><position>13624</position><in_Quantity.quantity>0.000000</in_Quantity.quantity><out_Quantity.quantity>442.841522</out_Quantity.quantity></Point><Point><position>13625</position><in_Quantity.quantity>0.000000</in_Quantity.quantity><out_Quantity.quantity>250.062778</out_Quantity.quantity></Point><Point><position>13626</position><in_Quantity.quantity>0.000000</in_Quantity.quantity><out_Quantity.quantity>404.260384</out_Quantity.quantity></Point><Point><position>13627</position><in_Quantity.quantity>0.000000</in_Quantity.quantity><out_Quantity.quantity>278.618566</out_Quantity.quantity></Point><Point><position>13628</position><in_Quantity.quantity>0.000000</in_Quantity.quantity><out_Quantity.quantity>443.389667</out_Quantity.quantity></Point><Point><position>13629</position><in_Quantity.quantity>0.000000</in_Quantity.quantity><out_Quantity.quantity>909.455038</out_Quantity.quantity></Point><Point><position>13630</position><in_Quantity.quantity>0.000000</in_Quantity.quantity><out_Quantity.quantity>9.287740</out_Quantity.quantity></Point><Point><position>13631</position><in_Quantity.quantity>0.000000</in_Quantity.quantity><out_Quantity.quantity>197.752871</out_Quantity.quantity></Point><Point><position>13632</position><in_Quantity.quantity>0.000000</in_Quantity.quantity><out_Quantity.quantity>629.353994</out_Quantity.quantity></Point><Point><position>13633</position><in_Quantity.quantity>0.000000</in_Quantity.quantity><out_Quantity.quantity>11.933440</out_Quantity.quantity></Point><Point><position>13634</position><in_Quantity.quantity>0.000000</in_Quantity.quantity><out_Quantity.quantity>796.573036</out_Quantity.quantity></Point><Point><position>13635</position><in_Quantity.quantity>0.000000</in_Quantity.quantity><out_Quantity.quantity>863.041706</out_Quantity.quantity></Point><Point><position>13636</position><in_Quantity.quantity>0.000000</in_Quantity.quantity><out_Quantity.quantity>49.345737</out_Quantity.quantity></Point><Point><position>13637</position><in_Quantity.quantity>0.000000</in_Quantity.quantity><out_Quantity.quantity>740.559812</out_Quantity.quantity></Point><Point><position>13638</position><in_Quantity.quantity>0.000000</in_Quantity.quantity><out_Quantity.quantity>641.293228</out_Quantity.quantity></Point><Point><position>13639</position><in_Quantity.quantity>0.000000</in_Quantity.quantity><out_Quantity.quantity>976.947687</out_Quantity.quantity></Point><Point><position>13640</position><in_Quantity.quantity>0.000000</in_Quantity.quantity><out_Quantity.quantity>32.671851</out_Quantity.quantity></Point><Point><position>13641</position><in_Quantity.quantity>0.000000</in_Quantity.quantity><out_Quantity.quantity>0.360495</out_Quantity.quantity></Point><Point><position>13642</position><in_Quantity.quantity>0.000000</in_Quantity.quantity><out_Quantity.quantity>343.493623</out_Quantity.quantity></Point><Point><position>13643</position><in_Quantity.quantity>0.000000</in_Quantity.quantity><out_Quantity.quantity>587.222780</out_Quantity.quantity></Point><Point><position>13644</position><in_Quantity.quantity>0.000000</in_Quantity.quantity><out_Quantity.quantity>544.768772</out_Quantity.quantity></Point><Point><position>13645</position><in_Quantity.quantity>0.000000</in_Quantity.quantity><out_Quantity.quantity>578.529718</out_Quantity.quantity></Point><Point><position>13646</position><in_Quantity.quantity>0.000000</in_Quantity.quantity><out_Quantity.quantity>233.629865</out_Quantity.quantity></Point><Point><position>13647</position><in_Quantity.quantity>0.000000</in_Quantity.quantity><out_Quantity.quantity>595.988947</out_Quantity.quantity></Point><Point><position>13648</position><in_Quantity.quantity>0.000000</in_Quantity.quantity><out_Quantity.quantity>880.534375</out_Quantity.quantity></Point><Point><position>13649</position><in_Quantity.quantity>0.000000</in_Quantity.quantity><out_Quantity.quantity>841.292346</out_Quantity.quantity></Point><Point><position>13650</position><in_Quantity.quantity>0.000000</in_Quantity.quantity><out_Quantity.quantity>23.693632</out_Quantity.quantity></Point><Point><position>13651</position><in_Quantity.quantity>0.000000</in_Quantity.quantity><out_Quantity.quantity>764.017238</out_Quantity.quantity></Point><Point><position>13652</position><in_Quantity.quantity>0.000000</in_Quantity.quantity><out_Quantity.quantity>997.409675</out_Quantity.quantity></Point><Point><position>13653</position><in_Quantity.quantity>0.000000</in_Quantity.quantity><out_Quantity.quantity>247.423480</out_Quantity.quantity></Point><Point><position>13654</position><in_Quantity.quantity>0.000000</in_Quantity.quantity><out_Quantity.quantity>563.748679</out_Quantity.quantity></Point><Point><position>13655</position><in_Quantity.quantity>0.000000</in_Quantity.quantity><out_Quantity.quantity>578.651333</out_Quantity.quantity></Point><Point><position>13656</position><in_Quantity.quantity>0.000000</in_Quantity.quantity><out_Quantity.quantity>817.731340</out_Quantity.quantity></Point><Point><position>13657</position><in_Quantity.quantity>0.000000</in_Quantity.quantity><out_Quantity.quantity>594.229310</out_Quantity.quantity></Point><Point><position>13658</position><in_Quantity.quantity>0.000000</in_Quantity.quantity><out_Quantity.quantity>700.617835</out_Quantity.quantity></Point><Point><position>13659</position><in_Quantity.quantity>0.000000</in_Quantity.quantity><out_Quantity.quantity>958.617947</out_Quantity.quantity></Point><Point><position>13660</position><in_Quantity.quantity>0.000000</in_Quantity.quantity><out_Quantity.quantity>784.116438</out_Quantity.quantity></Point><Point><position>13661</position><in_Quantity.quantity>0.000000</in_Quantity.quantity><out_Quantity.quantity>896.846271</out_Quantity.quantity></Point><Point><position>13662</position><in_Quantity.quantity>0.000000</in_Quantity.quantity><out_Quantity.quantity>492.034264</out_Quantity.quantity></Point><Point><position>13663</position><in_Quantity.quantity>0.000000</in_Quantity.quantity><out_Quantity.quantity>988.976225</out_Quantity.quantity></Point><Point><position>13664</position><in_Quantity.quantity>0.000000</in_Quantity.quantity><out_Quantity.quantity>422.251452</out_Quantity.quantity></Point><Point><position>13665</position><in_Quantity.quantity>0.000000</in_Quantity.quantity><out_Quantity.quantity>443.664194</out_Quantity.quantity></Point><Point><position>13666</position><in_Quantity.quantity>0.000000</in_Quantity.quantity><out_Quantity.quantity>419.861616</out_Quantity.quantity></Point><Point><position>13667</position><in_Quantity.quantity>0.000000</in_Quantity.quantity><out_Quantity.quantity>920.821697</out_Quantity.quantity></Point><Point><position>13668</position><in_Quantity.quantity>0.000000</in_Quantity.quantity><out_Quantity.quantity>96.209612</out_Quantity.quantity></Point><Point><position>13669</position><in_Quantity.quantity>0.000000</in_Quantity.quantity><out_Quantity.quantity>864.202278</out_Quantity.quantity></Point><Point><position>13670</position><in_Quantity.quantity>0.000000</in_Quantity.quantity><out_Quantity.quantity>585.972558</out_Quantity.quantity></Point><Point><position>13671</position><in_Quantity.quantity>0.000000</in_Quantity.quantity><out_Quantity.quantity>18.402397</out_Quantity.quantity></Point><Point><position>13672</position><in_Quantity.quantity>0.000000</in_Quantity.quantity><out_Quantity.quantity>227.136594</out_Quantity.quantity></Point><Point><position>13673</position><in_Quantity.quantity>0.000000</in_Quantity.quantity><out_Quantity.quantity>164.372982</out_Quantity.quantity></Point><Point><position>13674</position><in_Quantity.quantity>0.000000</in_Quantity.quantity><out_Quantity.quantity>701.911090</out_Quantity.quantity></Point><Point><position>13675</position><in_Quantity.quantity>0.000000</in_Quantity.quantity><out_Quantity.quantity>507.592425</out_Quantity.quantity></Point><Point><position>13676</position><in_Quantity.quantity>0.000000</in_Quantity.quantity><out_Quantity.quantity>609.227957</out_Quantity.quantity></Point><Point><position>13677</position><in_Quantity.quantity>0.000000</in_Quantity.quantity><out_Quantity.quantity>441.804401</out_Quantity.quantity></Point><Point><position>13678</position><in_Quantity.quantity>0.000000</in_Quantity.quantity><out_Quantity.quantity>539.119770</out_Quantity.quantity></Point><Point><position>13679</position><in_Quantity.quantity>0.000000</in_Quantity.quantity><out_Quantity.quantity>913.565785</out_Quantity.quantity></Point><Point><position>13680</position><in_Quantity.quantity>0.000000</in_Quantity.quantity><out_Quantity.quantity>457.575409</out_Quantity.quantity></Point><Point><position>13681</position><in_Quantity.quantity>0.000000</in_Quantity.quantity><out_Quantity.quantity>59.159867</out_Quantity.quantity></Point><Point><position>13682</position><in_Quantity.quantity>0.000000</in_Quantity.quantity><out_Quantity.quantity>642.399267</out_Quantity.quantity></Point><Point><position>13683</position><in_Quantity.quantity>0.000000</in_Quantity.quantity><out_Quantity.quantity>118.899798</out_Quantity.quantity></Point><Point><position>13684</position><in_Quantity.quantity>0.000000</in_Quantity.quantity><out_Quantity.quantity>977.610815</out_Quantity.quantity></Point><Point><position>13685</position><in_Quantity.quantity>0.000000</in_Quantity.quantity><out_Quantity.quantity>398.179753</out_Quantity.quantity></Point><Point><position>13686</position><in_Quantity.quantity>0.000000</in_Quantity.quantity><out_Quantity.quantity>75.733263</out_Quantity.quantity></Point><Point><position>13687</position><in_Quantity.quantity>0.000000</in_Quantity.quantity><out_Quantity.quantity>468.104722</out_Quantity.quantity></Point><Point><position>13688</position><in_Quantity.quantity>0.000000</in_Quantity.quantity><out_Quantity.quantity>145.217394</out_Quantity.quantity></Point><Point><position>13689</position><in_Quantity.quantity>0.000000</in_Quantity.quantity><out_Quantity.quantity>59.596410</out_Quantity.quantity></Point><Point><position>13690</position><in_Quantity.quantity>0.000000</in_Quantity.quantity><out_Quantity.quantity>736.526883</out_Quantity.quantity></Point><Point><position>13691</position><in_Quantity.quantity>0.000000</in_Quantity.quantity><out_Quantity.quantity>267.934390</out_Quantity.quantity></Point><Point><position>13692</position><in_Quantity.quantity>0.000000</in_Quantity.quantity><out_Quantity.quantity>510.796944</out_Quantity.quantity></Point><Point><position>13693</position><in_Quantity.quantity>0.000000</in_Quantity.quantity><out_Quantity.quantity>764.257412</out_Quantity.quantity></Point><Point><position>13694</position><in_Quantity.quantity>0.000000</in_Quantity.quantity><out_Quantity.quantity>389.510127</out_Quantity.quantity></Point><Point><position>13695</position><in_Quantity.quantity>0.000000</in_Quantity.quantity><out_Quantity.quantity>313.785954</out_Quantity.quantity></Point><Point><position>13696</position><in_Quantity.quantity>0.000000</in_Quantity.quantity><out_Quantity.quantity>781.320640</out_Quantity.quantity></Point><Point><position>13697</position><in_Quantity.quantity>0.000000</in_Quantity.quantity><out_Quantity.quantity>601.618005</out_Quantity.quantity></Point><Point><position>13698</position><in_Quantity.quantity>0.000000</in_Quantity.quantity><out_Quantity.quantity>327.763511</out_Quantity.quantity></Point><Point><position>13699</position><in_Quantity.quantity>0.000000</in_Quantity.quantity><out_Quantity.quantity>914.872335</out_Quantity.quantity></Point><Point><position>13700</position><in_Quantity.quantity>0.000000</in_Quantity.quantity><out_Quantity.quantity>414.857034</out_Quantity.quantity></Point><Point><position>13701</position><in_Quantity.quantity>0.000000</in_Quantity.quantity><out_Quantity.quantity>264.454661</out_Quantity.quantity></Point><Point><position>13702</position><in_Quantity.quantity>0.000000</in_Quantity.quantity><out_Quantity.quantity>90.929916</out_Quantity.quantity></Point><Point><position>13703</position><in_Quantity.quantity>0.000000</in_Quantity.quantity><out_Quantity.quantity>321.744904</out_Quantity.quantity></Point><Point><position>13704</position><in_Quantity.quantity>0.000000</in_Quantity.quantity><out_Quantity.quantity>520.258596</out_Quantity.quantity></Point><Point><position>13705</position><in_Quantity.quantity>0.000000</in_Quantity.quantity><out_Quantity.quantity>849.951990</out_Quantity.quantity></Point><Point><position>13706</position><in_Quantity.quantity>0.000000</in_Quantity.quantity><out_Quantity.quantity>177.343091</out_Quantity.quantity></Point><Point><position>13707</position><in_Quantity.quantity>0.000000</in_Quantity.quantity><out_Quantity.quantity>222.695818</out_Quantity.quantity></Point><Point><position>13708</position><in_Quantity.quantity>0.000000</in_Quantity.quantity><out_Quantity.quantity>909.723797</out_Quantity.quantity></Point><Point><position>13709</position><in_Quantity.quantity>0.000000</in_Quantity.quantity><out_Quantity.quantity>556.589870</out_Quantity.quantity></Point><Point><position>13710</position><in_Quantity.quantity>0.000000</in_Quantity.quantity><out_Quantity.quantity>271.875280</out_Quantity.quantity></Point><Point><position>13711</position><in_Quantity.quantity>0.000000</in_Quantity.quantity><out_Quantity.quantity>972.264773</out_Quantity.quantity></Point><Point><position>13712</position><in_Quantity.quantity>0.000000</in_Quantity.quantity><out_Quantity.quantity>941.533680</out_Quantity.quantity></Point><Point><position>13713</position><in_Quantity.quantity>0.000000</in_Quantity.quantity><out_Quantity.quantity>985.321450</out_Quantity.quantity></Point><Point><position>13714</position><in_Quantity.quantity>0.000000</in_Quantity.quantity><out_Quantity.quantity>376.149758</out_Quantity.quantity></Point><Point><position>13715</position><in_Quantity.quantity>0.000000</in_Quantity.quantity><out_Quantity.quantity>360.973139</out_Quantity.quantity></Point><Point><position>13716</position><in_Quantity.quantity>0.000000</in_Quantity.quantity><out_Quantity.quantity>920.291968</out_Quantity.quantity></Point><Point><position>13717</position><in_Quantity.quantity>0.000000</in_Quantity.quantity><out_Quantity.quantity>192.660385</out_Quantity.quantity></Point><Point><position>13718</position><in_Quantity.quantity>0.000000</in_Quantity.quantity><out_Quantity.quantity>797.132121</out_Quantity.quantity></Point><Point><position>13719</position><in_Quantity.quantity>0.000000</in_Quantity.quantity><out_Quantity.quantity>771.679150</out_Quantity.quantity></Point><Point><position>13720</position><in_Quantity.quantity>0.000000</in_Quantity.quantity><out_Quantity.quantity>257.079087</out_Quantity.quantity></Point><Point><position>13721</position><in_Quantity.quantity>0.000000</in_Quantity.quantity><out_Quantity.quantity>251.893995</out_Quantity.quantity></Point><Point><position>13722</position><in_Quantity.quantity>0.000000</in_Quantity.quantity><out_Quantity.quantity>685.771884</out_Quantity.quantity></Point><Point><position>13723</position><in_Quantity.quantity>0.000000</in_Quantity.quantity><out_Quantity.quantity>788.875332</out_Quantity.quantity></Point><Point><position>13724</position><in_Quantity.quantity>0.000000</in_Quantity.quantity><out_Quantity.quantity>990.719503</out_Quantity.quantity></Point><Point><position>13725</position><in_Quantity.quantity>0.000000</in_Quantity.quantity><out_Quantity.quantity>727.173749</out_Quantity.quantity></Point><Point><position>13726</position><in_Quantity.quantity>0.000000</in_Quantity.quantity><out_Quantity.quantity>153.678976</out_Quantity.quantity></Point><Point><position>13727</position><in_Quantity.quantity>0.000000</in_Quantity.quantity><out_Quantity.quantity>520.269347</out_Quantity.quantity></Point><Point><position>13728</position><in_Quantity.quantity>0.000000</in_Quantity.quantity><out_Quantity.quantity>291.945858</out_Quantity.quantity></Point><Point><position>13729</position><in_Quantity.quantity>0.000000</in_Quantity.quantity><out_Quantity.quantity>794.900857</out_Quantity.quantity></Point><Point><position>13730</position><in_Quantity.quantity>0.000000</in_Quantity.quantity><out_Quantity.quantity>937.551084</out_Quantity.quantity></Point><Point><position>13731</position><in_Quantity.quantity>0.000000</in_Quantity.quantity><out_Quantity.quantity>18.082794</out_Quantity.quantity></Point><Point><position>13732</position><in_Quantity.quantity>0.000000</in_Quantity.quantity><out_Quantity.quantity>561.781084</out_Quantity.quantity></Point><Point><position>13733</position><in_Quantity.quantity>0.000000</in_Quantity.quantity><out_Quantity.quantity>698.607090</out_Quantity.quantity></Point><Point><position>13734</position><in_Quantity.quantity>0.000000</in_Quantity.quantity><out_Quantity.quantity>840.048732</out_Quantity.quantity></Point><Point><position>13735</position><in_Quantity.quantity>0.000000</in_Quantity.quantity><out_Quantity.quantity>244.664468</out_Quantity.quantity></Point><Point><position>13736</position><in_Quantity.quantity>0.000000</in_Quantity.quantity><out_Quantity.quantity>807.956464</out_Quantity.quantity></Point><Point><position>13737</position><in_Quantity.quantity>0.000000</in_Quantity.quantity><out_Quantity.quantity>82.333540</out_Quantity.quantity></Point><Point><position>13738</position><in_Quantity.quantity>0.000000</in_Quantity.quantity><out_Quantity.quantity>187.863418</out_Quantity.quantity></Point><Point><position>13739</position><in_Quantity.quantity>0.000000</in_Quantity.quantity><out_Quantity.quantity>669.153157</out_Quantity.quantity></Point><Point><position>13740</position><in_Quantity.quantity>0.000000</in_Quantity.quantity><out_Quantity.quantity>167.425360</out_Quantity.quantity></Point><Point><position>13741</position><in_Quantity.quantity>0.000000</in_Quantity.quantity><out_Quantity.quantity>378.014317</out_Quantity.quantity></Point><Point><position>13742</position><in_Quantity.quantity>0.000000</in_Quantity.quantity><out_Quantity.quantity>7.513615</out_Quantity.quantity></Point><Point><position>13743</position><in_Quantity.quantity>0.000000</in_Quantity.quantity><out_Quantity.quantity>927.494446</out_Quantity.quantity></Point><Point><position>13744</position><in_Quantity.quantity>0.000000</in_Quantity.quantity><out_Quantity.quantity>467.851886</out_Quantity.quantity></Point><Point><position>13745</position><in_Quantity.quantity>0.000000</in_Quantity.quantity><out_Quantity.quantity>837.397294</out_Quantity.quantity></Point><Point><position>13746</position><in_Quantity.quantity>0.000000</in_Quantity.quantity><out_Quantity.quantity>602.693278</out_Quantity.quantity></Point><Point><position>13747</position><in_Quantity.quantity>0.000000</in_Quantity.quantity><out_Quantity.quantity>640.433311</out_Quantity.quantity></Point><Point><position>13748</position><in_Quantity.quantity>0.000000</in_Quantity.quantity><out_Quantity.quantity>146.500305</out_Quantity.quantity></Point><Point><position>13749</position><in_Quantity.quantity>0.000000</in_Quantity.quantity><out_Quantity.quantity>167.494290</out_Quantity.quantity></Point><Point><position>13750</position><in_Quantity.quantity>0.000000</in_Quantity.quantity><out_Quantity.quantity>511.477396</out_Quantity.quantity></Point><Point><position>13751</position><in_Quantity.quantity>0.000000</in_Quantity.quantity><out_Quantity.quantity>374.826292</out_Quantity.quantity></Point><Point><position>13752</position><in_Quantity.quantity>0.000000</in_Quantity.quantity><out_Quantity.quantity>466.469542</out_Quantity.quantity></Point><Point><position>13753</position><in_Quantity.quantity>0.000000</in_Quantity.quantity><out_Quantity.quantity>741.364248</out_Quantity.quantity></Point><Point><position>13754</position><in_Quantity.quantity>0.000000</in_Quantity.quantity><out_Quantity.quantity>546.504264</out_Quantity.quantity></Point><Point><position>13755</position><in_Quantity.quantity>0.000000</in_Quantity.quantity><out_Quantity.quantity>810.140712</out_Quantity.quantity></Point><Point><position>13756</position><in_Quantity.quantity>0.000000</in_Quantity.quantity><out_Quantity.quantity>238.758555</out_Quantity.quantity></Point><Point><position>13757</position><in_Quantity.quantity>0.000000</in_Quantity.quantity><out_Quantity.quantity>780.296376</out_Quantity.quantity></Point><Point><position>13758</position><in_Quantity.quantity>0.000000</in_Quantity.quantity><out_Quantity.quantity>95.304254</out_Quantity.quantity></Point><Point><position>13759</position><in_Quantity.quantity>0.000000</in_Quantity.quantity><out_Quantity.quantity>387.482752</out_Quantity.quantity></Point><Point><position>13760</position><in_Quantity.quantity>0.000000</in_Quantity.quantity><out_Quantity.quantity>604.899642</out_Quantity.quantity></Point><Point><position>13761</position><in_Quantity.quantity>0.000000</in_Quantity.quantity><out_Quantity.quantity>694.922815</out_Quantity.quantity></Point><Point><position>13762</position><in_Quantity.quantity>0.000000</in_Quantity.quantity><out_Quantity.quantity>359.404295</out_Quantity.quantity></Point><Point><position>13763</position><in_Quantity.quantity>0.000000</in_Quantity.quantity><out_Quantity.quantity>375.377562</out_Quantity.quantity></Point><Point><position>13764</position><in_Quantity.quantity>0.000000</in_Quantity.quantity><out_Quantity.quantity>241.849365</out_Quantity.quantity></Point><Point><position>13765</position><in_Quantity.quantity>0.000000</in_Quantity.quantity><out_Quantity.quantity>404.947277</out_Quantity.quantity></Point><Point><position>13766</position><in_Quantity.quantity>0.000000</in_Quantity.quantity><out_Quantity.quantity>622.799003</out_Quantity.quantity></Point><Point><position>13767</position><in_Quantity.quantity>0.000000</in_Quantity.quantity><out_Quantity.quantity>204.936860</out_Quantity.quantity></Point><Point><position>13768</position><in_Quantity.quantity>0.000000</in_Quantity.quantity><out_Quantity.quantity>849.083196</out_Quantity.quantity></Point><Point><position>13769</position><in_Quantity.quantity>0.000000</in_Quantity.quantity><out_Quantity.quantity>476.804623</out_Quantity.quantity></Point><Point><position>13770</position><in_Quantity.quantity>0.000000</in_Quantity.quantity><out_Quantity.quantity>280.289114</out_Quantity.quantity></Point><Point><position>13771</position><in_Quantity.quantity>0.000000</in_Quantity.quantity><out_Quantity.quantity>185.343731</out_Quantity.quantity></Point><Point><position>13772</position><in_Quantity.quantity>0.000000</in_Quantity.quantity><out_Quantity.quantity>299.596665</out_Quantity.quantity></Point><Point><position>13773</position><in_Quantity.quantity>0.000000</in_Quantity.quantity><out_Quantity.quantity>27.873017</out_Quantity.quantity></Point><Point><position>13774</position><in_Quantity.quantity>0.000000</in_Quantity.quantity><out_Quantity.quantity>801.442689</out_Quantity.quantity></Point><Point><position>13775</position><in_Quantity.quantity>0.000000</in_Quantity.quantity><out_Quantity.quantity>176.252799</out_Quantity.quantity></Point><Point><position>13776</position><in_Quantity.quantity>0.000000</in_Quantity.quantity><out_Quantity.quantity>496.959297</out_Quantity.quantity></Point><Point><position>13777</position><in_Quantity.quantity>0.000000</in_Quantity.quantity><out_Quantity.quantity>501.575473</out_Quantity.quantity></Point><Point><position>13778</position><in_Quantity.quantity>0.000000</in_Quantity.quantity><out_Quantity.quantity>554.740963</out_Quantity.quantity></Point><Point><position>13779</position><in_Quantity.quantity>0.000000</in_Quantity.quantity><out_Quantity.quantity>46.545367</out_Quantity.quantity></Point><Point><position>13780</position><in_Quantity.quantity>0.000000</in_Quantity.quantity><out_Quantity.quantity>656.073675</out_Quantity.quantity></Point><Point><position>13781</position><in_Quantity.quantity>0.000000</in_Quantity.quantity><out_Quantity.quantity>101.742508</out_Quantity.quantity></Point><Point><position>13782</position><in_Quantity.quantity>0.000000</in_Quantity.quantity><out_Quantity.quantity>253.198774</out_Quantity.quantity></Point><Point><position>13783</position><in_Quantity.quantity>0.000000</in_Quantity.quantity><out_Quantity.quantity>115.011715</out_Quantity.quantity></Point><Point><position>13784</position><in_Quantity.quantity>0.000000</in_Quantity.quantity><out_Quantity.quantity>181.943596</out_Quantity.quantity></Point><Point><position>13785</position><in_Quantity.quantity>0.000000</in_Quantity.quantity><out_Quantity.quantity>890.795284</out_Quantity.quantity></Point><Point><position>13786</position><in_Quantity.quantity>0.000000</in_Quantity.quantity><out_Quantity.quantity>875.652813</out_Quantity.quantity></Point><Point><position>13787</position><in_Quantity.quantity>0.000000</in_Quantity.quantity><out_Quantity.quantity>95.591220</out_Quantity.quantity></Point><Point><position>13788</position><in_Quantity.quantity>0.000000</in_Quantity.quantity><out_Quantity.quantity>796.402470</out_Quantity.quantity></Point><Point><position>13789</position><in_Quantity.quantity>0.000000</in_Quantity.quantity><out_Quantity.quantity>498.257823</out_Quantity.quantity></Point><Point><position>13790</position><in_Quantity.quantity>0.000000</in_Quantity.quantity><out_Quantity.quantity>426.110957</out_Quantity.quantity></Point><Point><position>13791</position><in_Quantity.quantity>0.000000</in_Quantity.quantity><out_Quantity.quantity>598.913392</out_Quantity.quantity></Point><Point><position>13792</position><in_Quantity.quantity>0.000000</in_Quantity.quantity><out_Quantity.quantity>963.615673</out_Quantity.quantity></Point><Point><position>13793</position><in_Quantity.quantity>0.000000</in_Quantity.quantity><out_Quantity.quantity>284.740950</out_Quantity.quantity></Point><Point><position>13794</position><in_Quantity.quantity>0.000000</in_Quantity.quantity><out_Quantity.quantity>600.900786</out_Quantity.quantity></Point><Point><position>13795</position><in_Quantity.quantity>0.000000</in_Quantity.quantity><out_Quantity.quantity>573.051716</out_Quantity.quantity></Point><Point><position>13796</position><in_Quantity.quantity>0.000000</in_Quantity.quantity><out_Quantity.quantity>232.769091</out_Quantity.quantity></Point><Point><position>13797</position><in_Quantity.quantity>0.000000</in_Quantity.quantity><out_Quantity.quantity>534.176709</out_Quantity.quantity></Point><Point><position>13798</position><in_Quantity.quantity>0.000000</in_Quantity.quantity><out_Quantity.quantity>913.256759</out_Quantity.quantity></Point><Point><position>13799</position><in_Quantity.quantity>0.000000</in_Quantity.quantity><out_Quantity.quantity>215.714580</out_Quantity.quantity></Point><Point><position>13800</position><in_Quantity.quantity>0.000000</in_Quantity.quantity><out_Quantity.quantity>101.567554</out_Quantity.quantity></Point><Point><position>13801</position><in_Quantity.quantity>0.000000</in_Quantity.quantity><out_Quantity.quantity>7.593606</out_Quantity.quantity></Point><Point><position>13802</position><in_Quantity.quantity>0.000000</in_Quantity.quantity><out_Quantity.quantity>240.323146</out_Quantity.quantity></Point><Point><position>13803</position><in_Quantity.quantity>0.000000</in_Quantity.quantity><out_Quantity.quantity>211.386610</out_Quantity.quantity></Point><Point><position>13804</position><in_Quantity.quantity>0.000000</in_Quantity.quantity><out_Quantity.quantity>759.170688</out_Quantity.quantity></Point><Point><position>13805</position><in_Quantity.quantity>0.000000</in_Quantity.quantity><out_Quantity.quantity>85.301239</out_Quantity.quantity></Point><Point><position>13806</position><in_Quantity.quantity>0.000000</in_Quantity.quantity><out_Quantity.quantity>599.134906</out_Quantity.quantity></Point><Point><position>13807</position><in_Quantity.quantity>0.000000</in_Quantity.quantity><out_Quantity.quantity>635.361145</out_Quantity.quantity></Point><Point><position>13808</position><in_Quantity.quantity>0.000000</in_Quantity.quantity><out_Quantity.quantity>471.049590</out_Quantity.quantity></Point><Point><position>13809</position><in_Quantity.quantity>0.000000</in_Quantity.quantity><out_Quantity.quantity>500.879748</out_Quantity.quantity></Point><Point><position>13810</position><in_Quantity.quantity>0.000000</in_Quantity.quantity><out_Quantity.quantity>92.610985</out_Quantity.quantity></Point><Point><position>13811</position><in_Quantity.quantity>0.000000</in_Quantity.quantity><out_Quantity.quantity>161.219833</out_Quantity.quantity></Point><Point><position>13812</position><in_Quantity.quantity>0.000000</in_Quantity.quantity><out_Quantity.quantity>952.724726</out_Quantity.quantity></Point><Point><position>13813</position><in_Quantity.quantity>0.000000</in_Quantity.quantity><out_Quantity.quantity>309.183367</out_Quantity.quantity></Point><Point><position>13814</position><in_Quantity.quantity>0.000000</in_Quantity.quantity><out_Quantity.quantity>550.385844</out_Quantity.quantity></Point><Point><position>13815</position><in_Quantity.quantity>0.000000</in_Quantity.quantity><out_Quantity.quantity>884.428506</out_Quantity.quantity></Point><Point><position>13816</position><in_Quantity.quantity>0.000000</in_Quantity.quantity><out_Quantity.quantity>650.829006</out_Quantity.quantity></Point><Point><position>13817</position><in_Quantity.quantity>0.000000</in_Quantity.quantity><out_Quantity.quantity>748.566681</out_Quantity.quantity></Point><Point><position>13818</position><in_Quantity.quantity>0.000000</in_Quantity.quantity><out_Quantity.quantity>556.599450</out_Quantity.quantity></Point><Point><position>13819</position><in_Quantity.quantity>0.000000</in_Quantity.quantity><out_Quantity.quantity>812.658380</out_Quantity.quantity></Point><Point><position>13820</position><in_Quantity.quantity>0.000000</in_Quantity.quantity><out_Quantity.quantity>450.003417</out_Quantity.quantity></Point><Point><position>13821</position><in_Quantity.quantity>0.000000</in_Quantity.quantity><out_Quantity.quantity>343.384104</out_Quantity.quantity></Point><Point><position>13822</position><in_Quantity.quantity>0.000000</in_Quantity.quantity><out_Quantity.quantity>709.801627</out_Quantity.quantity></Point><Point><position>13823</position><in_Quantity.quantity>0.000000</in_Quantity.quantity><out_Quantity.quantity>941.958653</out_Quantity.quantity></Point><Point><position>13824</position><in_Quantity.quantity>0.000000</in_Quantity.quantity><out_Quantity.quantity>604.126356</out_Quantity.quantity></Point><Point><position>13825</position><in_Quantity.quantity>0.000000</in_Quantity.quantity><out_Quantity.quantity>579.155157</out_Quantity.quantity></Point><Point><position>13826</position><in_Quantity.quantity>0.000000</in_Quantity.quantity><out_Quantity.quantity>80.947447</out_Quantity.quantity></Point><Point><position>13827</position><in_Quantity.quantity>0.000000</in_Quantity.quantity><out_Quantity.quantity>231.259263</out_Quantity.quantity></Point><Point><position>13828</position><in_Quantity.quantity>0.000000</in_Quantity.quantity><out_Quantity.quantity>24.042164</out_Quantity.quantity></Point><Point><position>13829</position><in_Quantity.quantity>0.000000</in_Quantity.quantity><out_Quantity.quantity>89.340430</out_Quantity.quantity></Point><Point><position>13830</position><in_Quantity.quantity>0.000000</in_Quantity.quantity><out_Quantity.quantity>439.661271</out_Quantity.quantity></Point><Point><position>13831</position><in_Quantity.quantity>0.000000</in_Quantity.quantity><out_Quantity.quantity>941.636838</out_Quantity.quantity></Point><Point><position>13832</position><in_Quantity.quantity>0.000000</in_Quantity.quantity><out_Quantity.quantity>597.692673</out_Quantity.quantity></Point><Point><position>13833</position><in_Quantity.quantity>0.000000</in_Quantity.quantity><out_Quantity.quantity>119.213858</out_Quantity.quantity></Point><Point><position>13834</position><in_Quantity.quantity>0.000000</in_Quantity.quantity><out_Quantity.quantity>991.297798</out_Quantity.quantity></Point><Point><position>13835</position><in_Quantity.quantity>0.000000</in_Quantity.quantity><out_Quantity.quantity>698.682271</out_Quantity.quantity></Point><Point><position>13836</position><in_Quantity.quantity>0.000000</in_Quantity.quantity><out_Quantity.quantity>746.951589</out_Quantity.quantity></Point><Point><position>13837</position><in_Quantity.quantity>0.000000</in_Quantity.quantity><out_Quantity.quantity>447.126009</out_Quantity.quantity></Point><Point><position>13838</position><in_Quantity.quantity>0.000000</in_Quantity.quantity><out_Quantity.quantity>911.381755</out_Quantity.quantity></Point><Point><position>13839</position><in_Quantity.quantity>0.000000</in_Quantity.quantity><out_Quantity.quantity>681.384572</out_Quantity.quantity></Point><Point><position>13840</position><in_Quantity.quantity>0.000000</in_Quantity.quantity><out_Quantity.quantity>480.480480</out_Quantity.quantity></Point><Point><position>13841</position><in_Quantity.quantity>0.000000</in_Quantity.quantity><out_Quantity.quantity>525.217549</out_Quantity.quantity></Point><Point><position>13842</position><in_Quantity.quantity>0.000000</in_Quantity.quantity><out_Quantity.quantity>985.373602</out_Quantity.quantity></Point><Point><position>13843</position><in_Quantity.quantity>0.000000</in_Quantity.quantity><out_Quantity.quantity>474.291630</out_Quantity.quantity></Point><Point><position>13844</position><in_Quantity.quantity>0.000000</in_Quantity.quantity><out_Quantity.quantity>692.245707</out_Quantity.quantity></Point><Point><position>13845</position><in_Quantity.quantity>0.000000</in_Quantity.quantity><out_Quantity.quantity>312.994063</out_Quantity.quantity></Point><Point><position>13846</position><in_Quantity.quantity>0.000000</in_Quantity.quantity><out_Quantity.quantity>253.622997</out_Quantity.quantity></Point><Point><position>13847</position><in_Quantity.quantity>0.000000</in_Quantity.quantity><out_Quantity.quantity>400.762879</out_Quantity.quantity></Point><Point><position>13848</position><in_Quantity.quantity>0.000000</in_Quantity.quantity><out_Quantity.quantity>394.729849</out_Quantity.quantity></Point><Point><position>13849</position><in_Quantity.quantity>0.000000</in_Quantity.quantity><out_Quantity.quantity>632.074101</out_Quantity.quantity></Point><Point><position>13850</position><in_Quantity.quantity>0.000000</in_Quantity.quantity><out_Quantity.quantity>376.090639</out_Quantity.quantity></Point><Point><position>13851</position><in_Quantity.quantity>0.000000</in_Quantity.quantity><out_Quantity.quantity>342.747705</out_Quantity.quantity></Point><Point><position>13852</position><in_Quantity.quantity>0.000000</in_Quantity.quantity><out_Quantity.quantity>396.311490</out_Quantity.quantity></Point><Point><position>13853</position><in_Quantity.quantity>0.000000</in_Quantity.quantity><out_Quantity.quantity>340.876578</out_Quantity.quantity></Point><Point><position>13854</position><in_Quantity.quantity>0.000000</in_Quantity.quantity><out_Quantity.quantity>544.609807</out_Quantity.quantity></Point><Point><position>13855</position><in_Quantity.quantity>0.000000</in_Quantity.quantity><out_Quantity.quantity>918.678781</out_Quantity.quantity></Point><Point><position>13856</position><in_Quantity.quantity>0.000000</in_Quantity.quantity><out_Quantity.quantity>167.253493</out_Quantity.quantity></Point><Point><position>13857</position><in_Quantity.quantity>0.000000</in_Quantity.quantity><out_Quantity.quantity>861.683777</out_Quantity.quantity></Point><Point><position>13858</position><in_Quantity.quantity>0.000000</in_Quantity.quantity><out_Quantity.quantity>608.827931</out_Quantity.quantity></Point><Point><position>13859</position><in_Quantity.quantity>0.000000</in_Quantity.quantity><out_Quantity.quantity>693.829252</out_Quantity.quantity></Point><Point><position>13860</position><in_Quantity.quantity>0.000000</in_Quantity.quantity><out_Quantity.quantity>113.044284</out_Quantity.quantity></Point><Point><position>13861</position><in_Quantity.quantity>0.000000</in_Quantity.quantity><out_Quantity.quantity>591.314518</out_Quantity.quantity></Point><Point><position>13862</position><in_Quantity.quantity>0.000000</in_Quantity.quantity><out_Quantity.quantity>357.987724</out_Quantity.quantity></Point><Point><position>13863</position><in_Quantity.quantity>0.000000</in_Quantity.quantity><out_Quantity.quantity>343.744898</out_Quantity.quantity></Point><Point><position>13864</position><in_Quantity.quantity>0.000000</in_Quantity.quantity><out_Quantity.quantity>642.348019</out_Quantity.quantity></Point><Point><position>13865</position><in_Quantity.quantity>0.000000</in_Quantity.quantity><out_Quantity.quantity>340.658902</out_Quantity.quantity></Point><Point><position>13866</position><in_Quantity.quantity>0.000000</in_Quantity.quantity><out_Quantity.quantity>836.450558</out_Quantity.quantity></Point><Point><position>13867</position><in_Quantity.quantity>0.000000</in_Quantity.quantity><out_Quantity.quantity>272.668440</out_Quantity.quantity></Point><Point><position>13868</position><in_Quantity.quantity>0.000000</in_Quantity.quantity><out_Quantity.quantity>595.982768</out_Quantity.quantity></Point><Point><position>13869</position><in_Quantity.quantity>0.000000</in_Quantity.quantity><out_Quantity.quantity>368.849752</out_Quantity.quantity></Point><Point><position>13870</position><in_Quantity.quantity>0.000000</in_Quantity.quantity><out_Quantity.quantity>237.909887</out_Quantity.quantity></Point><Point><position>13871</position><in_Quantity.quantity>0.000000</in_Quantity.quantity><out_Quantity.quantity>883.985158</out_Quantity.quantity></Point><Point><position>13872</position><in_Quantity.quantity>0.000000</in_Quantity.quantity><out_Quantity.quantity>373.297345</out_Quantity.quantity></Point><Point><position>13873</position><in_Quantity.quantity>0.000000</in_Quantity.quantity><out_Quantity.quantity>660.510065</out_Quantity.quantity></Point><Point><position>13874</position><in_Quantity.quantity>0.000000</in_Quantity.quantity><out_Quantity.quantity>56.207328</out_Quantity.quantity></Point><Point><position>13875</position><in_Quantity.quantity>0.000000</in_Quantity.quantity><out_Quantity.quantity>8.646624</out_Quantity.quantity></Point><Point><position>13876</position><in_Quantity.quantity>0.000000</in_Quantity.quantity><out_Quantity.quantity>556.828327</out_Quantity.quantity></Point><Point><position>13877</position><in_Quantity.quantity>0.000000</in_Quantity.quantity><out_Quantity.quantity>505.764080</out_Quantity.quantity></Point><Point><position>13878</position><in_Quantity.quantity>0.000000</in_Quantity.quantity><out_Quantity.quantity>24.475945</out_Quantity.quantity></Point><Point><position>13879</position><in_Quantity.quantity>0.000000</in_Quantity.quantity><out_Quantity.quantity>149.215381</out_Quantity.quantity></Point><Point><position>13880</position><in_Quantity.quantity>0.000000</in_Quantity.quantity><out_Quantity.quantity>998.342442</out_Quantity.quantity></Point><Point><position>13881</position><in_Quantity.quantity>0.000000</in_Quantity.quantity><out_Quantity.quantity>96.798748</out_Quantity.quantity></Point><Point><position>13882</position><in_Quantity.quantity>0.000000</in_Quantity.quantity><out_Quantity.quantity>153.167317</out_Quantity.quantity></Point><Point><position>13883</position><in_Quantity.quantity>0.000000</in_Quantity.quantity><out_Quantity.quantity>524.050122</out_Quantity.quantity></Point><Point><position>13884</position><in_Quantity.quantity>0.000000</in_Quantity.quantity><out_Quantity.quantity>649.328812</out_Quantity.quantity></Point><Point><position>13885</position><in_Quantity.quantity>0.000000</in_Quantity.quantity><out_Quantity.quantity>636.201589</out_Quantity.quantity></Point><Point><position>13886</position><in_Quantity.quantity>0.000000</in_Quantity.quantity><out_Quantity.quantity>95.432295</out_Quantity.quantity></Point><Point><position>13887</position><in_Quantity.quantity>0.000000</in_Quantity.quantity><out_Quantity.quantity>554.676597</out_Quantity.quantity></Point><Point><position>13888</position><in_Quantity.quantity>0.000000</in_Quantity.quantity><out_Quantity.quantity>891.086797</out_Quantity.quantity></Point><Point><position>13889</position><in_Quantity.quantity>0.000000</in_Quantity.quantity><out_Quantity.quantity>931.443488</out_Quantity.quantity></Point><Point><position>13890</position><in_Quantity.quantity>0.000000</in_Quantity.quantity><out_Quantity.quantity>684.268594</out_Quantity.quantity></Point><Point><position>13891</position><in_Quantity.quantity>0.000000</in_Quantity.quantity><out_Quantity.quantity>241.596542</out_Quantity.quantity></Point><Point><position>13892</position><in_Quantity.quantity>0.000000</in_Quantity.quantity><out_Quantity.quantity>438.442529</out_Quantity.quantity></Point><Point><position>13893</position><in_Quantity.quantity>0.000000</in_Quantity.quantity><out_Quantity.quantity>627.503896</out_Quantity.quantity></Point><Point><position>13894</position><in_Quantity.quantity>0.000000</in_Quantity.quantity><out_Quantity.quantity>437.387339</out_Quantity.quantity></Point><Point><position>13895</position><in_Quantity.quantity>0.000000</in_Quantity.quantity><out_Quantity.quantity>429.452676</out_Quantity.quantity></Point><Point><position>13896</position><in_Quantity.quantity>0.000000</in_Quantity.quantity><out_Quantity.quantity>53.579961</out_Quantity.quantity></Point><Point><position>13897</position><in_Quantity.quantity>0.000000</in_Quantity.quantity><out_Quantity.quantity>786.470338</out_Quantity.quantity></Point><Point><position>13898</position><in_Quantity.quantity>0.000000</in_Quantity.quantity><out_Quantity.quantity>923.084855</out_Quantity.quantity></Point><Point><position>13899</position><in_Quantity.quantity>0.000000</in_Quantity.quantity><out_Quantity.quantity>287.053173</out_Quantity.quantity></Point><Point><position>13900</position><in_Quantity.quantity>0.000000</in_Quantity.quantity><out_Quantity.quantity>583.284171</out_Quantity.quantity></Point><Point><position>13901</position><in_Quantity.quantity>0.000000</in_Quantity.quantity><out_Quantity.quantity>447.599169</out_Quantity.quantity></Point><Point><position>13902</position><in_Quantity.quantity>0.000000</in_Quantity.quantity><out_Quantity.quantity>694.680962</out_Quantity.quantity></Point><Point><position>13903</position><in_Quantity.quantity>0.000000</in_Quantity.quantity><out_Quantity.quantity>136.540005</out_Quantity.quantity></Point><Point><position>13904</position><in_Quantity.quantity>0.000000</in_Quantity.quantity><out_Quantity.quantity>560.920815</out_Quantity.quantity></Point><Point><position>13905</position><in_Quantity.quantity>0.000000</in_Quantity.quantity><out_Quantity.quantity>62.710742</out_Quantity.quantity></Point><Point><position>13906</position><in_Quantity.quantity>0.000000</in_Quantity.quantity><out_Quantity.quantity>992.701560</out_Quantity.quantity></Point><Point><position>13907</position><in_Quantity.quantity>0.000000</in_Quantity.quantity><out_Quantity.quantity>712.583985</out_Quantity.quantity></Point><Point><position>13908</position><in_Quantity.quantity>0.000000</in_Quantity.quantity><out_Quantity.quantity>218.587873</out_Quantity.quantity></Point><Point><position>13909</position><in_Quantity.quantity>0.000000</in_Quantity.quantity><out_Quantity.quantity>137.470972</out_Quantity.quantity></Point><Point><position>13910</position><in_Quantity.quantity>0.000000</in_Quantity.quantity><out_Quantity.quantity>726.511206</out_Quantity.quantity></Point><Point><position>13911</position><in_Quantity.quantity>0.000000</in_Quantity.quantity><out_Quantity.quantity>582.122903</out_Quantity.quantity></Point><Point><position>13912</position><in_Quantity.quantity>0.000000</in_Quantity.quantity><out_Quantity.quantity>238.768861</out_Quantity.quantity></Point><Point><position>13913</position><in_Quantity.quantity>0.000000</in_Quantity.quantity><out_Quantity.quantity>292.113319</out_Quantity.quantity></Point><Point><position>13914</position><in_Quantity.quantity>0.000000</in_Quantity.quantity><out_Quantity.quantity>496.769078</out_Quantity.quantity></Point><Point><position>13915</position><in_Quantity.quantity>0.000000</in_Quantity.quantity><out_Quantity.quantity>351.550128</out_Quantity.quantity></Point><Point><position>13916</position><in_Quantity.quantity>0.000000</in_Quantity.quantity><out_Quantity.quantity>561.031502</out_Quantity.quantity></Point><Point><position>13917</position><in_Quantity.quantity>0.000000</in_Quantity.quantity><out_Quantity.quantity>823.215940</out_Quantity.quantity></Point><Point><position>13918</position><in_Quantity.quantity>0.000000</in_Quantity.quantity><out_Quantity.quantity>663.049644</out_Quantity.quantity></Point><Point><position>13919</position><in_Quantity.quantity>0.000000</in_Quantity.quantity><out_Quantity.quantity>382.365305</out_Quantity.quantity></Point><Point><position>13920</position><in_Quantity.quantity>0.000000</in_Quantity.quantity><out_Quantity.quantity>749.984081</out_Quantity.quantity></Point><Point><position>13921</position><in_Quantity.quantity>0.000000</in_Quantity.quantity><out_Quantity.quantity>383.484514</out_Quantity.quantity></Point><Point><position>13922</position><in_Quantity.quantity>0.000000</in_Quantity.quantity><out_Quantity.quantity>591.285218</out_Quantity.quantity></Point><Point><position>13923</position><in_Quantity.quantity>0.000000</in_Quantity.quantity><out_Quantity.quantity>556.505738</out_Quantity.quantity></Point><Point><position>13924</position><in_Quantity.quantity>0.000000</in_Quantity.quantity><out_Quantity.quantity>29.529158</out_Quantity.quantity></Point><Point><position>13925</position><in_Quantity.quantity>0.000000</in_Quantity.quantity><out_Quantity.quantity>67.168077</out_Quantity.quantity></Point><Point><position>13926</position><in_Quantity.quantity>0.000000</in_Quantity.quantity><out_Quantity.quantity>367.139694</out_Quantity.quantity></Point><Point><position>13927</position><in_Quantity.quantity>0.000000</in_Quantity.quantity><out_Quantity.quantity>305.155655</out_Quantity.quantity></Point><Point><position>13928</position><in_Quantity.quantity>0.000000</in_Quantity.quantity><out_Quantity.quantity>934.542465</out_Quantity.quantity></Point><Point><position>13929</position><in_Quantity.quantity>0.000000</in_Quantity.quantity><out_Quantity.quantity>696.363536</out_Quantity.quantity></Point><Point><position>13930</position><in_Quantity.quantity>0.000000</in_Quantity.quantity><out_Quantity.quantity>296.768601</out_Quantity.quantity></Point><Point><position>13931</position><in_Quantity.quantity>0.000000</in_Quantity.quantity><out_Quantity.quantity>716.984147</out_Quantity.quantity></Point><Point><position>13932</position><in_Quantity.quantity>0.000000</in_Quantity.quantity><out_Quantity.quantity>335.061619</out_Quantity.quantity></Point><Point><position>13933</position><in_Quantity.quantity>0.000000</in_Quantity.quantity><out_Quantity.quantity>348.752524</out_Quantity.quantity></Point><Point><position>13934</position><in_Quantity.quantity>0.000000</in_Quantity.quantity><out_Quantity.quantity>449.801660</out_Quantity.quantity></Point><Point><position>13935</position><in_Quantity.quantity>0.000000</in_Quantity.quantity><out_Quantity.quantity>427.421457</out_Quantity.quantity></Point><Point><position>13936</position><in_Quantity.quantity>0.000000</in_Quantity.quantity><out_Quantity.quantity>361.004632</out_Quantity.quantity></Point><Point><position>13937</position><in_Quantity.quantity>0.000000</in_Quantity.quantity><out_Quantity.quantity>749.115838</out_Quantity.quantity></Point><Point><position>13938</position><in_Quantity.quantity>0.000000</in_Quantity.quantity><out_Quantity.quantity>594.772647</out_Quantity.quantity></Point><Point><position>13939</position><in_Quantity.quantity>0.000000</in_Quantity.quantity><out_Quantity.quantity>808.711935</out_Quantity.quantity></Point><Point><position>13940</position><in_Quantity.quantity>0.000000</in_Quantity.quantity><out_Quantity.quantity>63.533192</out_Quantity.quantity></Point><Point><position>13941</position><in_Quantity.quantity>0.000000</in_Quantity.quantity><out_Quantity.quantity>259.231980</out_Quantity.quantity></Point><Point><position>13942</position><in_Quantity.quantity>0.000000</in_Quantity.quantity><out_Quantity.quantity>395.446347</out_Quantity.quantity></Point><Point><position>13943</position><in_Quantity.quantity>0.000000</in_Quantity.quantity><out_Quantity.quantity>538.995670</out_Quantity.quantity></Point><Point><position>13944</position><in_Quantity.quantity>0.000000</in_Quantity.quantity><out_Quantity.quantity>652.401758</out_Quantity.quantity></Point><Point><position>13945</position><in_Quantity.quantity>0.000000</in_Quantity.quantity><out_Quantity.quantity>619.489122</out_Quantity.quantity></Point><Point><position>13946</position><in_Quantity.quantity>0.000000</in_Quantity.quantity><out_Quantity.quantity>274.421138</out_Quantity.quantity></Point><Point><position>13947</position><in_Quantity.quantity>0.000000</in_Quantity.quantity><out_Quantity.quantity>300.136543</out_Quantity.quantity></Point><Point><position>13948</position><in_Quantity.quantity>0.000000</in_Quantity.quantity><out_Quantity.quantity>224.035538</out_Quantity.quantity></Point><Point><position>13949</position><in_Quantity.quantity>0.000000</in_Quantity.quantity><out_Quantity.quantity>447.455151</out_Quantity.quantity></Point><Point><position>13950</position><in_Quantity.quantity>0.000000</in_Quantity.quantity><out_Quantity.quantity>983.312973</out_Quantity.quantity></Point><Point><position>13951</position><in_Quantity.quantity>0.000000</in_Quantity.quantity><out_Quantity.quantity>77.033131</out_Quantity.quantity></Point><Point><position>13952</position><in_Quantity.quantity>0.000000</in_Quantity.quantity><out_Quantity.quantity>161.392679</out_Quantity.quantity></Point><Point><position>13953</position><in_Quantity.quantity>0.000000</in_Quantity.quantity><out_Quantity.quantity>90.671413</out_Quantity.quantity></Point><Point><position>13954</position><in_Quantity.quantity>0.000000</in_Quantity.quantity><out_Quantity.quantity>789.972763</out_Quantity.quantity></Point><Point><position>13955</position><in_Quantity.quantity>0.000000</in_Quantity.quantity><out_Quantity.quantity>287.518861</out_Quantity.quantity></Point><Point><position>13956</position><in_Quantity.quantity>0.000000</in_Quantity.quantity><out_Quantity.quantity>631.904454</out_Quantity.quantity></Point><Point><position>13957</position><in_Quantity.quantity>0.000000</in_Quantity.quantity><out_Quantity.quantity>822.909704</out_Quantity.quantity></Point><Point><position>13958</position><in_Quantity.quantity>0.000000</in_Quantity.quantity><out_Quantity.quantity>916.156569</out_Quantity.quantity></Point><Point><position>13959</position><in_Quantity.quantity>0.000000</in_Quantity.quantity><out_Quantity.quantity>371.977419</out_Quantity.quantity></Point><Point><position>13960</position><in_Quantity.quantity>0.000000</in_Quantity.quantity><out_Quantity.quantity>892.598442</out_Quantity.quantity></Point><Point><position>13961</position><in_Quantity.quantity>0.000000</in_Quantity.quantity><out_Quantity.quantity>379.408417</out_Quantity.quantity></Point><Point><position>13962</position><in_Quantity.quantity>0.000000</in_Quantity.quantity><out_Quantity.quantity>362.523030</out_Quantity.quantity></Point><Point><position>13963</position><in_Quantity.quantity>0.000000</in_Quantity.quantity><out_Quantity.quantity>119.082302</out_Quantity.quantity></Point><Point><position>13964</position><in_Quantity.quantity>0.000000</in_Quantity.quantity><out_Quantity.quantity>374.383965</out_Quantity.quantity></Point><Point><position>13965</position><in_Quantity.quantity>0.000000</in_Quantity.quantity><out_Quantity.quantity>657.265834</out_Quantity.quantity></Point><Point><position>13966</position><in_Quantity.quantity>0.000000</in_Quantity.quantity><out_Quantity.quantity>274.121500</out_Quantity.quantity></Point><Point><position>13967</position><in_Quantity.quantity>0.000000</in_Quantity.quantity><out_Quantity.quantity>235.355900</out_Quantity.quantity></Point><Point><position>13968</position><in_Quantity.quantity>0.000000</in_Quantity.quantity><out_Quantity.quantity>242.841796</out_Quantity.quantity></Point><Point><position>13969</position><in_Quantity.quantity>0.000000</in_Quantity.quantity><out_Quantity.quantity>503.429032</out_Quantity.quantity></Point><Point><position>13970</position><in_Quantity.quantity>0.000000</in_Quantity.quantity><out_Quantity.quantity>598.714650</out_Quantity.quantity></Point><Point><position>13971</position><in_Quantity.quantity>0.000000</in_Quantity.quantity><out_Quantity.quantity>684.118630</out_Quantity.quantity></Point><Point><position>13972</position><in_Quantity.quantity>0.000000</in_Quantity.quantity><out_Quantity.quantity>408.062317</out_Quantity.quantity></Point><Point><position>13973</position><in_Quantity.quantity>0.000000</in_Quantity.quantity><out_Quantity.quantity>345.122631</out_Quantity.quantity></Point><Point><position>13974</position><in_Quantity.quantity>0.000000</in_Quantity.quantity><out_Quantity.quantity>742.215415</out_Quantity.quantity></Point><Point><position>13975</position><in_Quantity.quantity>0.000000</in_Quantity.quantity><out_Quantity.quantity>349.127757</out_Quantity.quantity></Point><Point><position>13976</position><in_Quantity.quantity>0.000000</in_Quantity.quantity><out_Quantity.quantity>224.204230</out_Quantity.quantity></Point><Point><position>13977</position><in_Quantity.quantity>0.000000</in_Quantity.quantity><out_Quantity.quantity>551.165170</out_Quantity.quantity></Point><Point><position>13978</position><in_Quantity.quantity>0.000000</in_Quantity.quantity><out_Quantity.quantity>442.106709</out_Quantity.quantity></Point><Point><position>13979</position><in_Quantity.quantity>0.000000</in_Quantity.quantity><out_Quantity.quantity>628.206575</out_Quantity.quantity></Point><Point><position>13980</position><in_Quantity.quantity>0.000000</in_Quantity.quantity><out_Quantity.quantity>393.792545</out_Quantity.quantity></Point><Point><position>13981</position><in_Quantity.quantity>0.000000</in_Quantity.quantity><out_Quantity.quantity>839.206023</out_Quantity.quantity></Point><Point><position>13982</position><in_Quantity.quantity>0.000000</in_Quantity.quantity><out_Quantity.quantity>369.088310</out_Quantity.quantity></Point><Point><position>13983</position><in_Quantity.quantity>0.000000</in_Quantity.quantity><out_Quantity.quantity>398.777244</out_Quantity.quantity></Point><Point><position>13984</position><in_Quantity.quantity>0.000000</in_Quantity.quantity><out_Quantity.quantity>381.784877</out_Quantity.quantity></Point><Point><position>13985</position><in_Quantity.quantity>0.000000</in_Quantity.quantity><out_Quantity.quantity>517.217494</out_Quantity.quantity></Point><Point><position>13986</position><in_Quantity.quantity>0.000000</in_Quantity.quantity><out_Quantity.quantity>27.897626</out_Quantity.quantity></Point><Point><position>13987</position><in_Quantity.quantity>0.000000</in_Quantity.quantity><out_Quantity.quantity>578.920622</out_Quantity.quantity></Point><Point><position>13988</position><in_Quantity.quantity>0.000000</in_Quantity.quantity><out_Quantity.quantity>635.703080</out_Quantity.quantity></Point><Point><position>13989</position><in_Quantity.quantity>0.000000</in_Quantity.quantity><out_Quantity.quantity>728.292602</out_Quantity.quantity></Point><Point><position>13990</position><in_Quantity.quantity>0.000000</in_Quantity.quantity><out_Quantity.quantity>873.826785</out_Quantity.quantity></Point><Point><position>13991</position><in_Quantity.quantity>0.000000</in_Quantity.quantity><out_Quantity.quantity>710.489850</out_Quantity.quantity></Point><Point><position>13992</position><in_Quantity.quantity>0.000000</in_Quantity.quantity><out_Quantity.quantity>826.265109</out_Quantity.quantity></Point><Point><position>13993</position><in_Quantity.quantity>0.000000</in_Quantity.quantity><out_Quantity.quantity>270.740815</out_Quantity.quantity></Point><Point><position>13994</position><in_Quantity.quantity>0.000000</in_Quantity.quantity><out_Quantity.quantity>444.267879</out_Quantity.quantity></Point><Point><position>13995</position><in_Quantity.quantity>0.000000</in_Quantity.quantity><out_Quantity.quantity>802.863128</out_Quantity.quantity></Point><Point><position>13996</position><in_Quantity.quantity>0.000000</in_Quantity.quantity><out_Quantity.quantity>768.020468</out_Quantity.quantity></Point><Point><position>13997</position><in_Quantity.quantity>0.000000</in_Quantity.quantity><out_Quantity.quantity>96.837789</out_Quantity.quantity></Point><Point><position>13998</position><in_Quantity.quantity>0.000000</in_Quantity.quantity><out_Quantity.quantity>392.549030</out_Quantity.quantity></Point><Point><position>13999</position><in_Quantity.quantity>0.000000</in_Quantity.quantity><out_Quantity.quantity>677.993378</out_Quantity.quantity></Point><Point><position>14000</position><in_Quantity.quantity>0.000000</in_Quantity.quantity><out_Quantity.quantity>463.976434</out_Quantity.quantity></Point><Point><position>14001</position><in_Quantity.quantity>0.000000</in_Quantity.quantity><out_Quantity.quantity>279.811189</out_Quantity.quantity></Point><Point><position>14002</position><in_Quantity.quantity>0.000000</in_Quantity.quantity><out_Quantity.quantity>754.798405</out_Quantity.quantity></Point><Point><position>14003</position><in_Quantity.quantity>0.000000</in_Quantity.quantity><out_Quantity.quantity>6.892993</out_Quantity.quantity></Point><Point><position>14004</position><in_Quantity.quantity>0.000000</in_Quantity.quantity><out_Quantity.quantity>771.499627</out_Quantity.quantity></Point><Point><position>14005</position><in_Quantity.quantity>0.000000</in_Quantity.quantity><out_Quantity.quantity>915.681314</out_Quantity.quantity></Point><Point><position>14006</position><in_Quantity.quantity>0.000000</in_Quantity.quantity><out_Quantity.quantity>481.503910</out_Quantity.quantity></Point><Point><position>14007</position><in_Quantity.quantity>0.000000</in_Quantity.quantity><out_Quantity.quantity>478.843579</out_Quantity.quantity></Point><Point><position>14008</position><in_Quantity.quantity>0.000000</in_Quantity.quantity><out_Quantity.quantity>480.901061</out_Quantity.quantity></Point><Point><position>14009</position><in_Quantity.quantity>0.000000</in_Quantity.quantity><out_Quantity.quantity>966.975022</out_Quantity.quantity></Point><Point><position>14010</position><in_Quantity.quantity>0.000000</in_Quantity.quantity><out_Quantity.quantity>70.282550</out_Quantity.quantity></Point><Point><position>14011</position><in_Quantity.quantity>0.000000</in_Quantity.quantity><out_Quantity.quantity>823.670786</out_Quantity.quantity></Point><Point><position>14012</position><in_Quantity.quantity>0.000000</in_Quantity.quantity><out_Quantity.quantity>536.774651</out_Quantity.quantity></Point><Point><position>14013</position><in_Quantity.quantity>0.000000</in_Quantity.quantity><out_Quantity.quantity>452.422549</out_Quantity.quantity></Point><Point><position>14014</position><in_Quantity.quantity>0.000000</in_Quantity.quantity><out_Quantity.quantity>32.789708</out_Quantity.quantity></Point><Point><position>14015</position><in_Quantity.quantity>0.000000</in_Quantity.quantity><out_Quantity.quantity>929.269245</out_Quantity.quantity></Point><Point><position>14016</position><in_Quantity.quantity>0.000000</in_Quantity.quantity><out_Quantity.quantity>149.446725</out_Quantity.quantity></Point><Point><position>14017</position><in_Quantity.quantity>0.000000</in_Quantity.quantity><out_Quantity.quantity>356.599154</out_Quantity.quantity></Point><Point><position>14018</position><in_Quantity.quantity>0.000000</in_Quantity.quantity><out_Quantity.quantity>325.228730</out_Quantity.quantity></Point><Point><position>14019</position><in_Quantity.quantity>0.000000</in_Quantity.quantity><out_Quantity.quantity>727.406226</out_Quantity.quantity></Point><Point><position>14020</position><in_Quantity.quantity>0.000000</in_Quantity.quantity><out_Quantity.quantity>516.185994</out_Quantity.quantity></Point><Point><position>14021</position><in_Quantity.quantity>0.000000</in_Quantity.quantity><out_Quantity.quantity>974.588627</out_Quantity.quantity></Point><Point><position>14022</position><in_Quantity.quantity>0.000000</in_Quantity.quantity><out_Quantity.quantity>271.884637</out_Quantity.quantity></Point><Point><position>14023</position><in_Quantity.quantity>0.000000</in_Quantity.quantity><out_Quantity.quantity>542.723810</out_Quantity.quantity></Point><Point><position>14024</position><in_Quantity.quantity>0.000000</in_Quantity.quantity><out_Quantity.quantity>337.858697</out_Quantity.quantity></Point><Point><position>14025</position><in_Quantity.quantity>0.000000</in_Quantity.quantity><out_Quantity.quantity>286.378296</out_Quantity.quantity></Point><Point><position>14026</position><in_Quantity.quantity>0.000000</in_Quantity.quantity><out_Quantity.quantity>673.090335</out_Quantity.quantity></Point><Point><position>14027</position><in_Quantity.quantity>0.000000</in_Quantity.quantity><out_Quantity.quantity>455.550605</out_Quantity.quantity></Point><Point><position>14028</position><in_Quantity.quantity>0.000000</in_Quantity.quantity><out_Quantity.quantity>534.806823</out_Quantity.quantity></Point><Point><position>14029</position><in_Quantity.quantity>0.000000</in_Quantity.quantity><out_Quantity.quantity>141.001092</out_Quantity.quantity></Point><Point><position>14030</position><in_Quantity.quantity>0.000000</in_Quantity.quantity><out_Quantity.quantity>725.183921</out_Quantity.quantity></Point><Point><position>14031</position><in_Quantity.quantity>0.000000</in_Quantity.quantity><out_Quantity.quantity>527.423505</out_Quantity.quantity></Point><Point><position>14032</position><in_Quantity.quantity>0.000000</in_Quantity.quantity><out_Quantity.quantity>896.275571</out_Quantity.quantity></Point><Point><position>14033</position><in_Quantity.quantity>0.000000</in_Quantity.quantity><out_Quantity.quantity>470.557661</out_Quantity.quantity></Point><Point><position>14034</position><in_Quantity.quantity>0.000000</in_Quantity.quantity><out_Quantity.quantity>904.032166</out_Quantity.quantity></Point><Point><position>14035</position><in_Quantity.quantity>0.000000</in_Quantity.quantity><out_Quantity.quantity>93.469942</out_Quantity.quantity></Point><Point><position>14036</position><in_Quantity.quantity>0.000000</in_Quantity.quantity><out_Quantity.quantity>800.026958</out_Quantity.quantity></Point><Point><position>14037</position><in_Quantity.quantity>0.000000</in_Quantity.quantity><out_Quantity.quantity>978.871566</out_Quantity.quantity></Point><Point><position>14038</position><in_Quantity.quantity>0.000000</in_Quantity.quantity><out_Quantity.quantity>305.573475</out_Quantity.quantity></Point><Point><position>14039</position><in_Quantity.quantity>0.000000</in_Quantity.quantity><out_Quantity.quantity>746.010173</out_Quantity.quantity></Point><Point><position>14040</position><in_Quantity.quantity>0.000000</in_Quantity.quantity><out_Quantity.quantity>658.487898</out_Quantity.quantity></Point><Point><position>14041</position><in_Quantity.quantity>0.000000</in_Quantity.quantity><out_Quantity.quantity>5.266046</out_Quantity.quantity></Point><Point><position>14042</position><in_Quantity.quantity>0.000000</in_Quantity.quantity><out_Quantity.quantity>9.296723</out_Quantity.quantity></Point><Point><position>14043</position><in_Quantity.quantity>0.000000</in_Quantity.quantity><out_Quantity.quantity>594.199321</out_Quantity.quantity></Point><Point><position>14044</position><in_Quantity.quantity>0.000000</in_Quantity.quantity><out_Quantity.quantity>218.947340</out_Quantity.quantity></Point><Point><position>14045</position><in_Quantity.quantity>0.000000</in_Quantity.quantity><out_Quantity.quantity>819.357187</out_Quantity.quantity></Point><Point><position>14046</position><in_Quantity.quantity>0.000000</in_Quantity.quantity><out_Quantity.quantity>104.497968</out_Quantity.quantity></Point><Point><position>14047</position><in_Quantity.quantity>0.000000</in_Quantity.quantity><out_Quantity.quantity>97.124425</out_Quantity.quantity></Point><Point><position>14048</position><in_Quantity.quantity>0.000000</in_Quantity.quantity><out_Quantity.quantity>139.247730</out_Quantity.quantity></Point><Point><position>14049</position><in_Quantity.quantity>0.000000</in_Quantity.quantity><out_Quantity.quantity>462.885713</out_Quantity.quantity></Point><Point><position>14050</position><in_Quantity.quantity>0.000000</in_Quantity.quantity><out_Quantity.quantity>164.141732</out_Quantity.quantity></Point><Point><position>14051</position><in_Quantity.quantity>0.000000</in_Quantity.quantity><out_Quantity.quantity>659.373679</out_Quantity.quantity></Point><Point><position>14052</position><in_Quantity.quantity>0.000000</in_Quantity.quantity><out_Quantity.quantity>788.137853</out_Quantity.quantity></Point><Point><position>14053</position><in_Quantity.quantity>0.000000</in_Quantity.quantity><out_Quantity.quantity>243.537272</out_Quantity.quantity></Point><Point><position>14054</position><in_Quantity.quantity>0.000000</in_Quantity.quantity><out_Quantity.quantity>265.328048</out_Quantity.quantity></Point><Point><position>14055</position><in_Quantity.quantity>0.000000</in_Quantity.quantity><out_Quantity.quantity>713.999109</out_Quantity.quantity></Point><Point><position>14056</position><in_Quantity.quantity>0.000000</in_Quantity.quantity><out_Quantity.quantity>811.230334</out_Quantity.quantity></Point><Point><position>14057</position><in_Quantity.quantity>0.000000</in_Quantity.quantity><out_Quantity.quantity>381.517780</out_Quantity.quantity></Point><Point><position>14058</position><in_Quantity.quantity>0.000000</in_Quantity.quantity><out_Quantity.quantity>431.377270</out_Quantity.quantity></Point><Point><position>14059</position><in_Quantity.quantity>0.000000</in_Quantity.quantity><out_Quantity.quantity>675.967354</out_Quantity.quantity></Point><Point><position>14060</position><in_Quantity.quantity>0.000000</in_Quantity.quantity><out_Quantity.quantity>932.837176</out_Quantity.quantity></Point><Point><position>14061</position><in_Quantity.quantity>0.000000</in_Quantity.quantity><out_Quantity.quantity>277.812206</out_Quantity.quantity></Point><Point><position>14062</position><in_Quantity.quantity>0.000000</in_Quantity.quantity><out_Quantity.quantity>561.504138</out_Quantity.quantity></Point><Point><position>14063</position><in_Quantity.quantity>0.000000</in_Quantity.quantity><out_Quantity.quantity>952.421204</out_Quantity.quantity></Point><Point><position>14064</position><in_Quantity.quantity>0.000000</in_Quantity.quantity><out_Quantity.quantity>848.014751</out_Quantity.quantity></Point><Point><position>14065</position><in_Quantity.quantity>0.000000</in_Quantity.quantity><out_Quantity.quantity>736.281239</out_Quantity.quantity></Point><Point><position>14066</position><in_Quantity.quantity>0.000000</in_Quantity.quantity><out_Quantity.quantity>828.447782</out_Quantity.quantity></Point><Point><position>14067</position><in_Quantity.quantity>0.000000</in_Quantity.quantity><out_Quantity.quantity>556.461919</out_Quantity.quantity></Point><Point><position>14068</position><in_Quantity.quantity>0.000000</in_Quantity.quantity><out_Quantity.quantity>307.973205</out_Quantity.quantity></Point><Point><position>14069</position><in_Quantity.quantity>0.000000</in_Quantity.quantity><out_Quantity.quantity>440.271703</out_Quantity.quantity></Point><Point><position>14070</position><in_Quantity.quantity>0.000000</in_Quantity.quantity><out_Quantity.quantity>445.439249</out_Quantity.quantity></Point><Point><position>14071</position><in_Quantity.quantity>0.000000</in_Quantity.quantity><out_Quantity.quantity>701.911422</out_Quantity.quantity></Point><Point><position>14072</position><in_Quantity.quantity>0.000000</in_Quantity.quantity><out_Quantity.quantity>379.807556</out_Quantity.quantity></Point><Point><position>14073</position><in_Quantity.quantity>0.000000</in_Quantity.quantity><out_Quantity.quantity>441.942047</out_Quantity.quantity></Point><Point><position>14074</position><in_Quantity.quantity>0.000000</in_Quantity.quantity><out_Quantity.quantity>13.833199</out_Quantity.quantity></Point><Point><position>14075</position><in_Quantity.quantity>0.000000</in_Quantity.quantity><out_Quantity.quantity>328.283311</out_Quantity.quantity></Point><Point><position>14076</position><in_Quantity.quantity>0.000000</in_Quantity.quantity><out_Quantity.quantity>298.150913</out_Quantity.quantity></Point><Point><position>14077</position><in_Quantity.quantity>0.000000</in_Quantity.quantity><out_Quantity.quantity>501.400103</out_Quantity.quantity></Point><Point><position>14078</position><in_Quantity.quantity>0.000000</in_Quantity.quantity><out_Quantity.quantity>184.144920</out_Quantity.quantity></Point><Point><position>14079</position><in_Quantity.quantity>0.000000</in_Quantity.quantity><out_Quantity.quantity>761.822312</out_Quantity.quantity></Point><Point><position>14080</position><in_Quantity.quantity>0.000000</in_Quantity.quantity><out_Quantity.quantity>235.574431</out_Quantity.quantity></Point><Point><position>14081</position><in_Quantity.quantity>0.000000</in_Quantity.quantity><out_Quantity.quantity>524.447672</out_Quantity.quantity></Point><Point><position>14082</position><in_Quantity.quantity>0.000000</in_Quantity.quantity><out_Quantity.quantity>507.677297</out_Quantity.quantity></Point><Point><position>14083</position><in_Quantity.quantity>0.000000</in_Quantity.quantity><out_Quantity.quantity>452.831491</out_Quantity.quantity></Point><Point><position>14084</position><in_Quantity.quantity>0.000000</in_Quantity.quantity><out_Quantity.quantity>8.592009</out_Quantity.quantity></Point><Point><position>14085</position><in_Quantity.quantity>0.000000</in_Quantity.quantity><out_Quantity.quantity>638.122720</out_Quantity.quantity></Point><Point><position>14086</position><in_Quantity.quantity>0.000000</in_Quantity.quantity><out_Quantity.quantity>891.286398</out_Quantity.quantity></Point><Point><position>14087</position><in_Quantity.quantity>0.000000</in_Quantity.quantity><out_Quantity.quantity>492.877513</out_Quantity.quantity></Point><Point><position>14088</position><in_Quantity.quantity>0.000000</in_Quantity.quantity><out_Quantity.quantity>289.773618</out_Quantity.quantity></Point><Point><position>14089</position><in_Quantity.quantity>0.000000</in_Quantity.quantity><out_Quantity.quantity>367.481306</out_Quantity.quantity></Point><Point><position>14090</position><in_Quantity.quantity>0.000000</in_Quantity.quantity><out_Quantity.quantity>95.928144</out_Quantity.quantity></Point><Point><position>14091</position><in_Quantity.quantity>0.000000</in_Quantity.quantity><out_Quantity.quantity>150.577619</out_Quantity.quantity></Point><Point><position>14092</position><in_Quantity.quantity>0.000000</in_Quantity.quantity><out_Quantity.quantity>915.906349</out_Quantity.quantity></Point><Point><position>14093</position><in_Quantity.quantity>0.000000</in_Quantity.quantity><out_Quantity.quantity>658.437751</out_Quantity.quantity></Point><Point><position>14094</position><in_Quantity.quantity>0.000000</in_Quantity.quantity><out_Quantity.quantity>205.113061</out_Quantity.quantity></Point><Point><position>14095</position><in_Quantity.quantity>0.000000</in_Quantity.quantity><out_Quantity.quantity>688.859703</out_Quantity.quantity></Point><Point><position>14096</position><in_Quantity.quantity>0.000000</in_Quantity.quantity><out_Quantity.quantity>129.246793</out_Quantity.quantity></Point><Point><position>14097</position><in_Quantity.quantity>0.000000</in_Quantity.quantity><out_Quantity.quantity>348.128751</out_Quantity.quantity></Point><Point><position>14098</position><in_Quantity.quantity>0.000000</in_Quantity.quantity><out_Quantity.quantity>77.662989</out_Quantity.quantity></Point><Point><position>14099</position><in_Quantity.quantity>0.000000</in_Quantity.quantity><out_Quantity.quantity>540.152398</out_Quantity.quantity></Point><Point><position>14100</position><in_Quantity.quantity>0.000000</in_Quantity.quantity><out_Quantity.quantity>659.288488</out_Quantity.quantity></Point><Point><position>14101</position><in_Quantity.quantity>0.000000</in_Quantity.quantity><out_Quantity.quantity>561.693470</out_Quantity.quantity></Point><Point><position>14102</position><in_Quantity.quantity>0.000000</in_Quantity.quantity><out_Quantity.quantity>970.977711</out_Quantity.quantity></Point><Point><position>14103</position><in_Quantity.quantity>0.000000</in_Quantity.quantity><out_Quantity.quantity>920.232003</out_Quantity.quantity></Point><Point><position>14104</position><in_Quantity.quantity>0.000000</in_Quantity.quantity><out_Quantity.quantity>873.689577</out_Quantity.quantity></Point><Point><position>14105</position><in_Quantity.quantity>0.000000</in_Quantity.quantity><out_Quantity.quantity>142.016327</out_Quantity.quantity></Point><Point><position>14106</position><in_Quantity.quantity>0.000000</in_Quantity.quantity><out_Quantity.quantity>949.582580</out_Quantity.quantity></Point><Point><position>14107</position><in_Quantity.quantity>0.000000</in_Quantity.quantity><out_Quantity.quantity>381.384602</out_Quantity.quantity></Point><Point><position>14108</position><in_Quantity.quantity>0.000000</in_Quantity.quantity><out_Quantity.quantity>244.201763</out_Quantity.quantity></Point><Point><position>14109</position><in_Quantity.quantity>0.000000</in_Quantity.quantity><out_Quantity.quantity>734.789191</out_Quantity.quantity></Point><Point><position>14110</position><in_Quantity.quantity>0.000000</in_Quantity.quantity><out_Quantity.quantity>253.761865</out_Quantity.quantity></Point><Point><position>14111</position><in_Quantity.quantity>0.000000</in_Quantity.quantity><out_Quantity.quantity>214.573721</out_Quantity.quantity></Point><Point><position>14112</position><in_Quantity.quantity>0.000000</in_Quantity.quantity><out_Quantity.quantity>520.293692</out_Quantity.quantity></Point><Point><position>14113</position><in_Quantity.quantity>0.000000</in_Quantity.quantity><out_Quantity.quantity>86.832899</out_Quantity.quantity></Point><Point><position>14114</position><in_Quantity.quantity>0.000000</in_Quantity.quantity><out_Quantity.quantity>878.673764</out_Quantity.quantity></Point><Point><position>14115</position><in_Quantity.quantity>0.000000</in_Quantity.quantity><out_Quantity.quantity>924.287129</out_Quantity.quantity></Point><Point><position>14116</position><in_Quantity.quantity>0.000000</in_Quantity.quantity><out_Quantity.quantity>229.457032</out_Quantity.quantity></Point><Point><position>14117</position><in_Quantity.quantity>0.000000</in_Quantity.quantity><out_Quantity.quantity>70.065830</out_Quantity.quantity></Point><Point><position>14118</position><in_Quantity.quantity>0.000000</in_Quantity.quantity><out_Quantity.quantity>961.096339</out_Quantity.quantity></Point><Point><position>14119</position><in_Quantity.quantity>0.000000</in_Quantity.quantity><out_Quantity.quantity>418.595509</out_Quantity.quantity></Point><Point><position>14120</position><in_Quantity.quantity>0.000000</in_Quantity.quantity><out_Quantity.quantity>382.901210</out_Quantity.quantity></Point><Point><position>14121</position><in_Quantity.quantity>0.000000</in_Quantity.quantity><out_Quantity.quantity>357.253723</out_Quantity.quantity></Point><Point><position>14122</position><in_Quantity.quantity>0.000000</in_Quantity.quantity><out_Quantity.quantity>943.369549</out_Quantity.quantity></Point><Point><position>14123</position><in_Quantity.quantity>0.000000</in_Quantity.quantity><out_Quantity.quantity>97.129260</out_Quantity.quantity></Point><Point><position>14124</position><in_Quantity.quantity>0.000000</in_Quantity.quantity><out_Quantity.quantity>142.433008</out_Quantity.quantity></Point><Point><position>14125</position><in_Quantity.quantity>0.000000</in_Quantity.quantity><out_Quantity.quantity>370.266654</out_Quantity.quantity></Point><Point><position>14126</position><in_Quantity.quantity>0.000000</in_Quantity.quantity><out_Quantity.quantity>353.174812</out_Quantity.quantity></Point><Point><position>14127</position><in_Quantity.quantity>0.000000</in_Quantity.quantity><out_Quantity.quantity>535.872480</out_Quantity.quantity></Point><Point><position>14128</position><in_Quantity.quantity>0.000000</in_Quantity.quantity><out_Quantity.quantity>507.661479</out_Quantity.quantity></Point><Point><position>14129</position><in_Quantity.quantity>0.000000</in_Quantity.quantity><out_Quantity.quantity>601.111254</out_Quantity.quantity></Point><Point><position>14130</position><in_Quantity.quantity>0.000000</in_Quantity.quantity><out_Quantity.quantity>658.924601</out_Quantity.quantity></Point><Point><position>14131</position><in_Quantity.quantity>0.000000</in_Quantity.quantity><out_Quantity.quantity>910.120892</out_Quantity.quantity></Point><Point><position>14132</position><in_Quantity.quantity>0.000000</in_Quantity.quantity><out_Quantity.quantity>814.211575</out_Quantity.quantity></Point><Point><position>14133</position><in_Quantity.quantity>0.000000</in_Quantity.quantity><out_Quantity.quantity>541.698997</out_Quantity.quantity></Point><Point><position>14134</position><in_Quantity.quantity>0.000000</in_Quantity.quantity><out_Quantity.quantity>327.089814</out_Quantity.quantity></Point><Point><position>14135</position><in_Quantity.quantity>0.000000</in_Quantity.quantity><out_Quantity.quantity>846.590524</out_Quantity.quantity></Point><Point><position>14136</position><in_Quantity.quantity>0.000000</in_Quantity.quantity><out_Quantity.quantity>351.460136</out_Quantity.quantity></Point><Point><position>14137</position><in_Quantity.quantity>0.000000</in_Quantity.quantity><out_Quantity.quantity>456.367884</out_Quantity.quantity></Point><Point><position>14138</position><in_Quantity.quantity>0.000000</in_Quantity.quantity><out_Quantity.quantity>76.885687</out_Quantity.quantity></Point><Point><position>14139</position><in_Quantity.quantity>0.000000</in_Quantity.quantity><out_Quantity.quantity>306.679122</out_Quantity.quantity></Point><Point><position>14140</position><in_Quantity.quantity>0.000000</in_Quantity.quantity><out_Quantity.quantity>866.481778</out_Quantity.quantity></Point><Point><position>14141</position><in_Quantity.quantity>0.000000</in_Quantity.quantity><out_Quantity.quantity>608.337916</out_Quantity.quantity></Point><Point><position>14142</position><in_Quantity.quantity>0.000000</in_Quantity.quantity><out_Quantity.quantity>430.601512</out_Quantity.quantity></Point><Point><position>14143</position><in_Quantity.quantity>0.000000</in_Quantity.quantity><out_Quantity.quantity>193.863477</out_Quantity.quantity></Point><Point><position>14144</position><in_Quantity.quantity>0.000000</in_Quantity.quantity><out_Quantity.quantity>942.610600</out_Quantity.quantity></Point><Point><position>14145</position><in_Quantity.quantity>0.000000</in_Quantity.quantity><out_Quantity.quantity>702.733193</out_Quantity.quantity></Point><Point><position>14146</position><in_Quantity.quantity>0.000000</in_Quantity.quantity><out_Quantity.quantity>749.213876</out_Quantity.quantity></Point><Point><position>14147</position><in_Quantity.quantity>0.000000</in_Quantity.quantity><out_Quantity.quantity>497.623039</out_Quantity.quantity></Point><Point><position>14148</position><in_Quantity.quantity>0.000000</in_Quantity.quantity><out_Quantity.quantity>681.452629</out_Quantity.quantity></Point><Point><position>14149</position><in_Quantity.quantity>0.000000</in_Quantity.quantity><out_Quantity.quantity>499.543252</out_Quantity.quantity></Point><Point><position>14150</position><in_Quantity.quantity>0.000000</in_Quantity.quantity><out_Quantity.quantity>17.307409</out_Quantity.quantity></Point><Point><position>14151</position><in_Quantity.quantity>0.000000</in_Quantity.quantity><out_Quantity.quantity>109.858896</out_Quantity.quantity></Point><Point><position>14152</position><in_Quantity.quantity>0.000000</in_Quantity.quantity><out_Quantity.quantity>744.161363</out_Quantity.quantity></Point><Point><position>14153</position><in_Quantity.quantity>0.000000</in_Quantity.quantity><out_Quantity.quantity>213.502494</out_Quantity.quantity></Point><Point><position>14154</position><in_Quantity.quantity>0.000000</in_Quantity.quantity><out_Quantity.quantity>823.987469</out_Quantity.quantity></Point><Point><position>14155</position><in_Quantity.quantity>0.000000</in_Quantity.quantity><out_Quantity.quantity>399.777014</out_Quantity.quantity></Point><Point><position>14156</position><in_Quantity.quantity>0.000000</in_Quantity.quantity><out_Quantity.quantity>359.521522</out_Quantity.quantity></Point><Point><position>14157</position><in_Quantity.quantity>0.000000</in_Quantity.quantity><out_Quantity.quantity>972.482707</out_Quantity.quantity></Point><Point><position>14158</position><in_Quantity.quantity>0.000000</in_Quantity.quantity><out_Quantity.quantity>942.339119</out_Quantity.quantity></Point><Point><position>14159</position><in_Quantity.quantity>0.000000</in_Quantity.quantity><out_Quantity.quantity>717.138875</out_Quantity.quantity></Point><Point><position>14160</position><in_Quantity.quantity>0.000000</in_Quantity.quantity><out_Quantity.quantity>505.956383</out_Quantity.quantity></Point><Point><position>14161</position><in_Quantity.quantity>0.000000</in_Quantity.quantity><out_Quantity.quantity>400.901330</out_Quantity.quantity></Point><Point><position>14162</position><in_Quantity.quantity>0.000000</in_Quantity.quantity><out_Quantity.quantity>707.695216</out_Quantity.quantity></Point><Point><position>14163</position><in_Quantity.quantity>0.000000</in_Quantity.quantity><out_Quantity.quantity>795.333843</out_Quantity.quantity></Point><Point><position>14164</position><in_Quantity.quantity>0.000000</in_Quantity.quantity><out_Quantity.quantity>353.250928</out_Quantity.quantity></Point><Point><position>14165</position><in_Quantity.quantity>0.000000</in_Quantity.quantity><out_Quantity.quantity>430.281084</out_Quantity.quantity></Point><Point><position>14166</position><in_Quantity.quantity>0.000000</in_Quantity.quantity><out_Quantity.quantity>955.028408</out_Quantity.quantity></Point><Point><position>14167</position><in_Quantity.quantity>0.000000</in_Quantity.quantity><out_Quantity.quantity>484.239527</out_Quantity.quantity></Point><Point><position>14168</position><in_Quantity.quantity>0.000000</in_Quantity.quantity><out_Quantity.quantity>698.917847</out_Quantity.quantity></Point><Point><position>14169</position><in_Quantity.quantity>0.000000</in_Quantity.quantity><out_Quantity.quantity>880.417223</out_Quantity.quantity></Point><Point><position>14170</position><in_Quantity.quantity>0.000000</in_Quantity.quantity><out_Quantity.quantity>592.011951</out_Quantity.quantity></Point><Point><position>14171</position><in_Quantity.quantity>0.000000</in_Quantity.quantity><out_Quantity.quantity>787.006404</out_Quantity.quantity></Point><Point><position>14172</position><in_Quantity.quantity>0.000000</in_Quantity.quantity><out_Quantity.quantity>975.457480</out_Quantity.quantity></Point><Point><position>14173</position><in_Quantity.quantity>0.000000</in_Quantity.quantity><out_Quantity.quantity>255.410187</out_Quantity.quantity></Point><Point><position>14174</position><in_Quantity.quantity>0.000000</in_Quantity.quantity><out_Quantity.quantity>648.016513</out_Quantity.quantity></Point><Point><position>14175</position><in_Quantity.quantity>0.000000</in_Quantity.quantity><out_Quantity.quantity>212.421512</out_Quantity.quantity></Point><Point><position>14176</position><in_Quantity.quantity>0.000000</in_Quantity.quantity><out_Quantity.quantity>54.001245</out_Quantity.quantity></Point><Point><position>14177</position><in_Quantity.quantity>0.000000</in_Quantity.quantity><out_Quantity.quantity>557.166325</out_Quantity.quantity></Point><Point><position>14178</position><in_Quantity.quantity>0.000000</in_Quantity.quantity><out_Quantity.quantity>451.143719</out_Quantity.quantity></Point><Point><position>14179</position><in_Quantity.quantity>0.000000</in_Quantity.quantity><out_Quantity.quantity>660.552121</out_Quantity.quantity></Point><Point><position>14180</position><in_Quantity.quantity>0.000000</in_Quantity.quantity><out_Quantity.quantity>428.918561</out_Quantity.quantity></Point><Point><position>14181</position><in_Quantity.quantity>0.000000</in_Quantity.quantity><out_Quantity.quantity>228.214800</out_Quantity.quantity></Point><Point><position>14182</position><in_Quantity.quantity>0.000000</in_Quantity.quantity><out_Quantity.quantity>783.601369</out_Quantity.quantity></Point><Point><position>14183</position><in_Quantity.quantity>0.000000</in_Quantity.quantity><out_Quantity.quantity>11.898226</out_Quantity.quantity></Point><Point><position>14184</position><in_Quantity.quantity>0.000000</in_Quantity.quantity><out_Quantity.quantity>587.526677</out_Quantity.quantity></Point><Point><position>14185</position><in_Quantity.quantity>0.000000</in_Quantity.quantity><out_Quantity.quantity>480.720317</out_Quantity.quantity></Point><Point><position>14186</position><in_Quantity.quantity>0.000000</in_Quantity.quantity><out_Quantity.quantity>888.846896</out_Quantity.quantity></Point><Point><position>14187</position><in_Quantity.quantity>0.000000</in_Quantity.quantity><out_Quantity.quantity>906.388538</out_Quantity.quantity></Point><Point><position>14188</position><in_Quantity.quantity>0.000000</in_Quantity.quantity><out_Quantity.quantity>422.275384</out_Quantity.quantity></Point><Point><position>14189</position><in_Quantity.quantity>0.000000</in_Quantity.quantity><out_Quantity.quantity>758.633609</out_Quantity.quantity></Point><Point><position>14190</position><in_Quantity.quantity>0.000000</in_Quantity.quantity><out_Quantity.quantity>336.353349</out_Quantity.quantity></Point><Point><position>14191</position><in_Quantity.quantity>0.000000</in_Quantity.quantity><out_Quantity.quantity>771.448366</out_Quantity.quantity></Point><Point><position>14192</position><in_Quantity.quantity>0.000000</in_Quantity.quantity><out_Quantity.quantity>661.472487</out_Quantity.quantity></Point><Point><position>14193</position><in_Quantity.quantity>0.000000</in_Quantity.quantity><out_Quantity.quantity>573.160338</out_Quantity.quantity></Point><Point><position>14194</position><in_Quantity.quantity>0.000000</in_Quantity.quantity><out_Quantity.quantity>64.529234</out_Quantity.quantity></Point><Point><position>14195</position><in_Quantity.quantity>0.000000</in_Quantity.quantity><out_Quantity.quantity>115.955882</out_Quantity.quantity></Point><Point><position>14196</position><in_Quantity.quantity>0.000000</in_Quantity.quantity><out_Quantity.quantity>370.699624</out_Quantity.quantity></Point><Point><position>14197</position><in_Quantity.quantity>0.000000</in_Quantity.quantity><out_Quantity.quantity>181.633641</out_Quantity.quantity></Point><Point><position>14198</position><in_Quantity.quantity>0.000000</in_Quantity.quantity><out_Quantity.quantity>534.552688</out_Quantity.quantity></Point><Point><position>14199</position><in_Quantity.quantity>0.000000</in_Quantity.quantity><out_Quantity.quantity>641.253183</out_Quantity.quantity></Point><Point><position>14200</position><in_Quantity.quantity>0.000000</in_Quantity.quantity><out_Quantity.quantity>282.790986</out_Quantity.quantity></Point><Point><position>14201</position><in_Quantity.quantity>0.000000</in_Quantity.quantity><out_Quantity.quantity>499.379716</out_Quantity.quantity></Point><Point><position>14202</position><in_Quantity.quantity>0.000000</in_Quantity.quantity><out_Quantity.quantity>347.436137</out_Quantity.quantity></Point><Point><position>14203</position><in_Quantity.quantity>0.000000</in_Quantity.quantity><out_Quantity.quantity>844.974777</out_Quantity.quantity></Point><Point><position>14204</position><in_Quantity.quantity>0.000000</in_Quantity.quantity><out_Quantity.quantity>166.315336</out_Quantity.quantity></Point><Point><position>14205</position><in_Quantity.quantity>0.000000</in_Quantity.quantity><out_Quantity.quantity>895.335189</out_Quantity.quantity></Point><Point><position>14206</position><in_Quantity.quantity>0.000000</in_Quantity.quantity><out_Quantity.quantity>744.249710</out_Quantity.quantity></Point><Point><position>14207</position><in_Quantity.quantity>0.000000</in_Quantity.quantity><out_Quantity.quantity>332.923333</out_Quantity.quantity></Point><Point><position>14208</position><in_Quantity.quantity>0.000000</in_Quantity.quantity><out_Quantity.quantity>972.195326</out_Quantity.quantity></Point><Point><position>14209</position><in_Quantity.quantity>0.000000</in_Quantity.quantity><out_Quantity.quantity>498.063489</out_Quantity.quantity></Point><Point><position>14210</position><in_Quantity.quantity>0.000000</in_Quantity.quantity><out_Quantity.quantity>34.166419</out_Quantity.quantity></Point><Point><position>14211</position><in_Quantity.quantity>0.000000</in_Quantity.quantity><out_Quantity.quantity>454.542941</out_Quantity.quantity></Point><Point><position>14212</position><in_Quantity.quantity>0.000000</in_Quantity.quantity><out_Quantity.quantity>538.900832</out_Quantity.quantity></Point><Point><position>14213</position><in_Quantity.quantity>0.000000</in_Quantity.quantity><out_Quantity.quantity>595.806061</out_Quantity.quantity></Point><Point><position>14214</position><in_Quantity.quantity>0.000000</in_Quantity.quantity><out_Quantity.quantity>729.203452</out_Quantity.quantity></Point><Point><position>14215</position><in_Quantity.quantity>0.000000</in_Quantity.quantity><out_Quantity.quantity>873.579628</out_Quantity.quantity></Point><Point><position>14216</position><in_Quantity.quantity>0.000000</in_Quantity.quantity><out_Quantity.quantity>246.649204</out_Quantity.quantity></Point><Point><position>14217</position><in_Quantity.quantity>0.000000</in_Quantity.quantity><out_Quantity.quantity>800.696950</out_Quantity.quantity></Point><Point><position>14218</position><in_Quantity.quantity>0.000000</in_Quantity.quantity><out_Quantity.quantity>918.361913</out_Quantity.quantity></Point><Point><position>14219</position><in_Quantity.quantity>0.000000</in_Quantity.quantity><out_Quantity.quantity>248.676196</out_Quantity.quantity></Point><Point><position>14220</position><in_Quantity.quantity>0.000000</in_Quantity.quantity><out_Quantity.quantity>537.422389</out_Quantity.quantity></Point><Point><position>14221</position><in_Quantity.quantity>0.000000</in_Quantity.quantity><out_Quantity.quantity>488.615431</out_Quantity.quantity></Point><Point><position>14222</position><in_Quantity.quantity>0.000000</in_Quantity.quantity><out_Quantity.quantity>165.003319</out_Quantity.quantity></Point><Point><position>14223</position><in_Quantity.quantity>0.000000</in_Quantity.quantity><out_Quantity.quantity>8.452732</out_Quantity.quantity></Point><Point><position>14224</position><in_Quantity.quantity>0.000000</in_Quantity.quantity><out_Quantity.quantity>962.355817</out_Quantity.quantity></Point><Point><position>14225</position><in_Quantity.quantity>0.000000</in_Quantity.quantity><out_Quantity.quantity>643.000325</out_Quantity.quantity></Point><Point><position>14226</position><in_Quantity.quantity>0.000000</in_Quantity.quantity><out_Quantity.quantity>194.454020</out_Quantity.quantity></Point><Point><position>14227</position><in_Quantity.quantity>0.000000</in_Quantity.quantity><out_Quantity.quantity>119.559970</out_Quantity.quantity></Point><Point><position>14228</position><in_Quantity.quantity>0.000000</in_Quantity.quantity><out_Quantity.quantity>635.068880</out_Quantity.quantity></Point><Point><position>14229</position><in_Quantity.quantity>0.000000</in_Quantity.quantity><out_Quantity.quantity>102.179931</out_Quantity.quantity></Point><Point><position>14230</position><in_Quantity.quantity>0.000000</in_Quantity.quantity><out_Quantity.quantity>310.076743</out_Quantity.quantity></Point><Point><position>14231</position><in_Quantity.quantity>0.000000</in_Quantity.quantity><out_Quantity.quantity>797.740136</out_Quantity.quantity></Point><Point><position>14232</position><in_Quantity.quantity>0.000000</in_Quantity.quantity><out_Quantity.quantity>432.877611</out_Quantity.quantity></Point><Point><position>14233</position><in_Quantity.quantity>0.000000</in_Quantity.quantity><out_Quantity.quantity>377.806841</out_Quantity.quantity></Point><Point><position>14234</position><in_Quantity.quantity>0.000000</in_Quantity.quantity><out_Quantity.quantity>366.701606</out_Quantity.quantity></Point><Point><position>14235</position><in_Quantity.quantity>0.000000</in_Quantity.quantity><out_Quantity.quantity>385.206667</out_Quantity.quantity></Point><Point><position>14236</position><in_Quantity.quantity>0.000000</in_Quantity.quantity><out_Quantity.quantity>739.960513</out_Quantity.quantity></Point><Point><position>14237</position><in_Quantity.quantity>0.000000</in_Quantity.quantity><out_Quantity.quantity>711.763377</out_Quantity.quantity></Point><Point><position>14238</position><in_Quantity.quantity>0.000000</in_Quantity.quantity><out_Quantity.quantity>529.958230</out_Quantity.quantity></Point><Point><position>14239</position><in_Quantity.quantity>0.000000</in_Quantity.quantity><out_Quantity.quantity>836.035222</out_Quantity.quantity></Point><Point><position>14240</position><in_Quantity.quantity>0.000000</in_Quantity.quantity><out_Quantity.quantity>201.810644</out_Quantity.quantity></Point><Point><position>14241</position><in_Quantity.quantity>0.000000</in_Quantity.quantity><out_Quantity.quantity>395.356050</out_Quantity.quantity></Point><Point><position>14242</position><in_Quantity.quantity>0.000000</in_Quantity.quantity><out_Quantity.quantity>376.063149</out_Quantity.quantity></Point><Point><position>14243</position><in_Quantity.quantity>0.000000</in_Quantity.quantity><out_Quantity.quantity>663.526258</out_Quantity.quantity></Point><Point><position>14244</position><in_Quantity.quantity>0.000000</in_Quantity.quantity><out_Quantity.quantity>726.870802</out_Quantity.quantity></Point><Point><position>14245</position><in_Quantity.quantity>0.000000</in_Quantity.quantity><out_Quantity.quantity>46.893377</out_Quantity.quantity></Point><Point><position>14246</position><in_Quantity.quantity>0.000000</in_Quantity.quantity><out_Quantity.quantity>139.633681</out_Quantity.quantity></Point><Point><position>14247</position><in_Quantity.quantity>0.000000</in_Quantity.quantity><out_Quantity.quantity>935.729996</out_Quantity.quantity></Point><Point><position>14248</position><in_Quantity.quantity>0.000000</in_Quantity.quantity><out_Quantity.quantity>240.681200</out_Quantity.quantity></Point><Point><position>14249</position><in_Quantity.quantity>0.000000</in_Quantity.quantity><out_Quantity.quantity>102.425741</out_Quantity.quantity></Point><Point><position>14250</position><in_Quantity.quantity>0.000000</in_Quantity.quantity><out_Quantity.quantity>659.058315</out_Quantity.quantity></Point><Point><position>14251</position><in_Quantity.quantity>0.000000</in_Quantity.quantity><out_Quantity.quantity>795.681108</out_Quantity.quantity></Point><Point><position>14252</position><in_Quantity.quantity>0.000000</in_Quantity.quantity><out_Quantity.quantity>901.892503</out_Quantity.quantity></Point><Point><position>14253</position><in_Quantity.quantity>0.000000</in_Quantity.quantity><out_Quantity.quantity>136.908052</out_Quantity.quantity></Point><Point><position>14254</position><in_Quantity.quantity>0.000000</in_Quantity.quantity><out_Quantity.quantity>210.016802</out_Quantity.quantity></Point><Point><position>14255</position><in_Quantity.quantity>0.000000</in_Quantity.quantity><out_Quantity.quantity>881.673787</out_Quantity.quantity></Point><Point><position>14256</position><in_Quantity.quantity>0.000000</in_Quantity.quantity><out_Quantity.quantity>929.190116</out_Quantity.quantity></Point><Point><position>14257</position><in_Quantity.quantity>0.000000</in_Quantity.quantity><out_Quantity.quantity>566.375424</out_Quantity.quantity></Point><Point><position>14258</position><in_Quantity.quantity>0.000000</in_Quantity.quantity><out_Quantity.quantity>239.401373</out_Quantity.quantity></Point><Point><position>14259</position><in_Quantity.quantity>0.000000</in_Quantity.quantity><out_Quantity.quantity>300.573680</out_Quantity.quantity></Point><Point><position>14260</position><in_Quantity.quantity>0.000000</in_Quantity.quantity><out_Quantity.quantity>374.669793</out_Quantity.quantity></Point><Point><position>14261</position><in_Quantity.quantity>0.000000</in_Quantity.quantity><out_Quantity.quantity>623.062124</out_Quantity.quantity></Point><Point><position>14262</position><in_Quantity.quantity>0.000000</in_Quantity.quantity><out_Quantity.quantity>620.969139</out_Quantity.quantity></Point><Point><position>14263</position><in_Quantity.quantity>0.000000</in_Quantity.quantity><out_Quantity.quantity>834.226576</out_Quantity.quantity></Point><Point><position>14264</position><in_Quantity.quantity>0.000000</in_Quantity.quantity><out_Quantity.quantity>653.285924</out_Quantity.quantity></Point><Point><position>14265</position><in_Quantity.quantity>0.000000</in_Quantity.quantity><out_Quantity.quantity>419.926939</out_Quantity.quantity></Point><Point><position>14266</position><in_Quantity.quantity>0.000000</in_Quantity.quantity><out_Quantity.quantity>824.289643</out_Quantity.quantity></Point><Point><position>14267</position><in_Quantity.quantity>0.000000</in_Quantity.quantity><out_Quantity.quantity>836.228005</out_Quantity.quantity></Point><Point><position>14268</position><in_Quantity.quantity>0.000000</in_Quantity.quantity><out_Quantity.quantity>895.899966</out_Quantity.quantity></Point><Point><position>14269</position><in_Quantity.quantity>0.000000</in_Quantity.quantity><out_Quantity.quantity>465.194861</out_Quantity.quantity></Point><Point><position>14270</position><in_Quantity.quantity>0.000000</in_Quantity.quantity><out_Quantity.quantity>607.664721</out_Quantity.quantity></Point><Point><position>14271</position><in_Quantity.quantity>0.000000</in_Quantity.quantity><out_Quantity.quantity>984.685511</out_Quantity.quantity></Point><Point><position>14272</position><in_Quantity.quantity>0.000000</in_Quantity.quantity><out_Quantity.quantity>132.412593</out_Quantity.quantity></Point><Point><position>14273</position><in_Quantity.quantity>0.000000</in_Quantity.quantity><out_Quantity.quantity>785.016202</out_Quantity.quantity></Point><Point><position>14274</position><in_Quantity.quantity>0.000000</in_Quantity.quantity><out_Quantity.quantity>286.186671</out_Quantity.quantity></Point><Point><position>14275</position><in_Quantity.quantity>0.000000</in_Quantity.quantity><out_Quantity.quantity>47.651922</out_Quantity.quantity></Point><Point><position>14276</position><in_Quantity.quantity>0.000000</in_Quantity.quantity><out_Quantity.quantity>336.234105</out_Quantity.quantity></Point><Point><position>14277</position><in_Quantity.quantity>0.000000</in_Quantity.quantity><out_Quantity.quantity>629.123733</out_Quantity.quantity></Point><Point><position>14278</position><in_Quantity.quantity>0.000000</in_Quantity.quantity><out_Quantity.quantity>260.380440</out_Quantity.quantity></Point><Point><position>14279</position><in_Quantity.quantity>0.000000</in_Quantity.quantity><out_Quantity.quantity>485.341327</out_Quantity.quantity></Point><Point><position>14280</position><in_Quantity.quantity>0.000000</in_Quantity.quantity><out_Quantity.quantity>472.001342</out_Quantity.quantity></Point><Point><position>14281</position><in_Quantity.quantity>0.000000</in_Quantity.quantity><out_Quantity.quantity>868.411251</out_Quantity.quantity></Point><Point><position>14282</position><in_Quantity.quantity>0.000000</in_Quantity.quantity><out_Quantity.quantity>232.077325</out_Quantity.quantity></Point><Point><position>14283</position><in_Quantity.quantity>0.000000</in_Quantity.quantity><out_Quantity.quantity>401.132178</out_Quantity.quantity></Point><Point><position>14284</position><in_Quantity.quantity>0.000000</in_Quantity.quantity><out_Quantity.quantity>591.621585</out_Quantity.quantity></Point><Point><position>14285</position><in_Quantity.quantity>0.000000</in_Quantity.quantity><out_Quantity.quantity>852.483635</out_Quantity.quantity></Point><Point><position>14286</position><in_Quantity.quantity>0.000000</in_Quantity.quantity><out_Quantity.quantity>969.010725</out_Quantity.quantity></Point><Point><position>14287</position><in_Quantity.quantity>0.000000</in_Quantity.quantity><out_Quantity.quantity>770.806144</out_Quantity.quantity></Point><Point><position>14288</position><in_Quantity.quantity>0.000000</in_Quantity.quantity><out_Quantity.quantity>640.921598</out_Quantity.quantity></Point><Point><position>14289</position><in_Quantity.quantity>0.000000</in_Quantity.quantity><out_Quantity.quantity>558.172822</out_Quantity.quantity></Point><Point><position>14290</position><in_Quantity.quantity>0.000000</in_Quantity.quantity><out_Quantity.quantity>127.148380</out_Quantity.quantity></Point><Point><position>14291</position><in_Quantity.quantity>0.000000</in_Quantity.quantity><out_Quantity.quantity>892.698788</out_Quantity.quantity></Point><Point><position>14292</position><in_Quantity.quantity>0.000000</in_Quantity.quantity><out_Quantity.quantity>220.423118</out_Quantity.quantity></Point><Point><position>14293</position><in_Quantity.quantity>0.000000</in_Quantity.quantity><out_Quantity.quantity>673.699100</out_Quantity.quantity></Point><Point><position>14294</position><in_Quantity.quantity>0.000000</in_Quantity.quantity><out_Quantity.quantity>111.909729</out_Quantity.quantity></Point><Point><position>14295</position><in_Quantity.quantity>0.000000</in_Quantity.quantity><out_Quantity.quantity>811.193725</out_Quantity.quantity></Point><Point><position>14296</position><in_Quantity.quantity>0.000000</in_Quantity.quantity><out_Quantity.quantity>813.391366</out_Quantity.quantity></Point><Point><position>14297</position><in_Quantity.quantity>0.000000</in_Quantity.quantity><out_Quantity.quantity>558.473309</out_Quantity.quantity></Point><Point><position>14298</position><in_Quantity.quantity>0.000000</in_Quantity.quantity><out_Quantity.quantity>281.303604</out_Quantity.quantity></Point><Point><position>14299</position><in_Quantity.quantity>0.000000</in_Quantity.quantity><out_Quantity.quantity>184.590311</out_Quantity.quantity></Point><Point><position>14300</position><in_Quantity.quantity>0.000000</in_Quantity.quantity><out_Quantity.quantity>539.653190</out_Quantity.quantity></Point><Point><position>14301</position><in_Quantity.quantity>0.000000</in_Quantity.quantity><out_Quantity.quantity>14.085956</out_Quantity.quantity></Point><Point><position>14302</position><in_Quantity.quantity>0.000000</in_Quantity.quantity><out_Quantity.quantity>61.812464</out_Quantity.quantity></Point><Point><position>14303</position><in_Quantity.quantity>0.000000</in_Quantity.quantity><out_Quantity.quantity>527.308925</out_Quantity.quantity></Point><Point><position>14304</position><in_Quantity.quantity>0.000000</in_Quantity.quantity><out_Quantity.quantity>60.161110</out_Quantity.quantity></Point><Point><position>14305</position><in_Quantity.quantity>0.000000</in_Quantity.quantity><out_Quantity.quantity>125.856850</out_Quantity.quantity></Point><Point><position>14306</position><in_Quantity.quantity>0.000000</in_Quantity.quantity><out_Quantity.quantity>745.771296</out_Quantity.quantity></Point><Point><position>14307</position><in_Quantity.quantity>0.000000</in_Quantity.quantity><out_Quantity.quantity>203.471321</out_Quantity.quantity></Point><Point><position>14308</position><in_Quantity.quantity>0.000000</in_Quantity.quantity><out_Quantity.quantity>445.531271</out_Quantity.quantity></Point><Point><position>14309</position><in_Quantity.quantity>0.000000</in_Quantity.quantity><out_Quantity.quantity>262.670739</out_Quantity.quantity></Point><Point><position>14310</position><in_Quantity.quantity>0.000000</in_Quantity.quantity><out_Quantity.quantity>781.087161</out_Quantity.quantity></Point><Point><position>14311</position><in_Quantity.quantity>0.000000</in_Quantity.quantity><out_Quantity.quantity>790.490276</out_Quantity.quantity></Point><Point><position>14312</position><in_Quantity.quantity>0.000000</in_Quantity.quantity><out_Quantity.quantity>831.056619</out_Quantity.quantity></Point><Point><position>14313</position><in_Quantity.quantity>0.000000</in_Quantity.quantity><out_Quantity.quantity>316.165876</out_Quantity.quantity></Point><Point><position>14314</position><in_Quantity.quantity>0.000000</in_Quantity.quantity><out_Quantity.quantity>594.927324</out_Quantity.quantity></Point><Point><position>14315</position><in_Quantity.quantity>0.000000</in_Quantity.quantity><out_Quantity.quantity>244.230002</out_Quantity.quantity></Point><Point><position>14316</position><in_Quantity.quantity>0.000000</in_Quantity.quantity><out_Quantity.quantity>983.704494</out_Quantity.quantity></Point><Point><position>14317</position><in_Quantity.quantity>0.000000</in_Quantity.quantity><out_Quantity.quantity>225.838656</out_Quantity.quantity></Point><Point><position>14318</position><in_Quantity.quantity>0.000000</in_Quantity.quantity><out_Quantity.quantity>639.698874</out_Quantity.quantity></Point><Point><position>14319</position><in_Quantity.quantity>0.000000</in_Quantity.quantity><out_Quantity.quantity>174.612338</out_Quantity.quantity></Point><Point><position>14320</position><in_Quantity.quantity>0.000000</in_Quantity.quantity><out_Quantity.quantity>950.137339</out_Quantity.quantity></Point><Point><position>14321</position><in_Quantity.quantity>0.000000</in_Quantity.quantity><out_Quantity.quantity>884.088916</out_Quantity.quantity></Point><Point><position>14322</position><in_Quantity.quantity>0.000000</in_Quantity.quantity><out_Quantity.quantity>335.590781</out_Quantity.quantity></Point><Point><position>14323</position><in_Quantity.quantity>0.000000</in_Quantity.quantity><out_Quantity.quantity>283.569826</out_Quantity.quantity></Point><Point><position>14324</position><in_Quantity.quantity>0.000000</in_Quantity.quantity><out_Quantity.quantity>171.630482</out_Quantity.quantity></Point><Point><position>14325</position><in_Quantity.quantity>0.000000</in_Quantity.quantity><out_Quantity.quantity>320.834832</out_Quantity.quantity></Point><Point><position>14326</position><in_Quantity.quantity>0.000000</in_Quantity.quantity><out_Quantity.quantity>219.982198</out_Quantity.quantity></Point><Point><position>14327</position><in_Quantity.quantity>0.000000</in_Quantity.quantity><out_Quantity.quantity>397.798975</out_Quantity.quantity></Point><Point><position>14328</position><in_Quantity.quantity>0.000000</in_Quantity.quantity><out_Quantity.quantity>6.120882</out_Quantity.quantity></Point><Point><position>14329</position><in_Quantity.quantity>0.000000</in_Quantity.quantity><out_Quantity.quantity>226.006035</out_Quantity.quantity></Point><Point><position>14330</position><in_Quantity.quantity>0.000000</in_Quantity.quantity><out_Quantity.quantity>126.527668</out_Quantity.quantity></Point><Point><position>14331</position><in_Quantity.quantity>0.000000</in_Quantity.quantity><out_Quantity.quantity>286.040691</out_Quantity.quantity></Point><Point><position>14332</position><in_Quantity.quantity>0.000000</in_Quantity.quantity><out_Quantity.quantity>154.173479</out_Quantity.quantity></Point><Point><position>14333</position><in_Quantity.quantity>0.000000</in_Quantity.quantity><out_Quantity.quantity>282.740269</out_Quantity.quantity></Point><Point><position>14334</position><in_Quantity.quantity>0.000000</in_Quantity.quantity><out_Quantity.quantity>721.606470</out_Quantity.quantity></Point><Point><position>14335</position><in_Quantity.quantity>0.000000</in_Quantity.quantity><out_Quantity.quantity>548.008818</out_Quantity.quantity></Point><Point><position>14336</position><in_Quantity.quantity>0.000000</in_Quantity.quantity><out_Quantity.quantity>207.429333</out_Quantity.quantity></Point><Point><position>14337</position><in_Quantity.quantity>0.000000</in_Quantity.quantity><out_Quantity.quantity>422.672510</out_Quantity.quantity></Point><Point><position>14338</position><in_Quantity.quantity>0.000000</in_Quantity.quantity><out_Quantity.quantity>918.827395</out_Quantity.quantity></Point><Point><position>14339</position><in_Quantity.quantity>0.000000</in_Quantity.quantity><out_Quantity.quantity>25.314814</out_Quantity.quantity></Point><Point><position>14340</position><in_Quantity.quantity>0.000000</in_Quantity.quantity><out_Quantity.quantity>947.139941</out_Quantity.quantity></Point><Point><position>14341</position><in_Quantity.quantity>0.000000</in_Quantity.quantity><out_Quantity.quantity>37.452211</out_Quantity.quantity></Point><Point><position>14342</position><in_Quantity.quantity>0.000000</in_Quantity.quantity><out_Quantity.quantity>962.122044</out_Quantity.quantity></Point><Point><position>14343</position><in_Quantity.quantity>0.000000</in_Quantity.quantity><out_Quantity.quantity>29.503577</out_Quantity.quantity></Point><Point><position>14344</position><in_Quantity.quantity>0.000000</in_Quantity.quantity><out_Quantity.quantity>339.225362</out_Quantity.quantity></Point><Point><position>14345</position><in_Quantity.quantity>0.000000</in_Quantity.quantity><out_Quantity.quantity>824.204351</out_Quantity.quantity></Point><Point><position>14346</position><in_Quantity.quantity>0.000000</in_Quantity.quantity><out_Quantity.quantity>70.082756</out_Quantity.quantity></Point><Point><position>14347</position><in_Quantity.quantity>0.000000</in_Quantity.quantity><out_Quantity.quantity>149.489269</out_Quantity.quantity></Point><Point><position>14348</position><in_Quantity.quantity>0.000000</in_Quantity.quantity><out_Quantity.quantity>863.625372</out_Quantity.quantity></Point><Point><position>14349</position><in_Quantity.quantity>0.000000</in_Quantity.quantity><out_Quantity.quantity>539.656279</out_Quantity.quantity></Point><Point><position>14350</position><in_Quantity.quantity>0.000000</in_Quantity.quantity><out_Quantity.quantity>76.622569</out_Quantity.quantity></Point><Point><position>14351</position><in_Quantity.quantity>0.000000</in_Quantity.quantity><out_Quantity.quantity>588.276762</out_Quantity.quantity></Point><Point><position>14352</position><in_Quantity.quantity>0.000000</in_Quantity.quantity><out_Quantity.quantity>964.851953</out_Quantity.quantity></Point><Point><position>14353</position><in_Quantity.quantity>0.000000</in_Quantity.quantity><out_Quantity.quantity>333.706821</out_Quantity.quantity></Point><Point><position>14354</position><in_Quantity.quantity>0.000000</in_Quantity.quantity><out_Quantity.quantity>792.819710</out_Quantity.quantity></Point><Point><position>14355</position><in_Quantity.quantity>0.000000</in_Quantity.quantity><out_Quantity.quantity>585.071734</out_Quantity.quantity></Point><Point><position>14356</position><in_Quantity.quantity>0.000000</in_Quantity.quantity><out_Quantity.quantity>559.179917</out_Quantity.quantity></Point><Point><position>14357</position><in_Quantity.quantity>0.000000</in_Quantity.quantity><out_Quantity.quantity>989.725470</out_Quantity.quantity></Point><Point><position>14358</position><in_Quantity.quantity>0.000000</in_Quantity.quantity><out_Quantity.quantity>901.612068</out_Quantity.quantity></Point><Point><position>14359</position><in_Quantity.quantity>0.000000</in_Quantity.quantity><out_Quantity.quantity>867.914000</out_Quantity.quantity></Point><Point><position>14360</position><in_Quantity.quantity>0.000000</in_Quantity.quantity><out_Quantity.quantity>586.131315</out_Quantity.quantity></Point><Point><position>14361</position><in_Quantity.quantity>0.000000</in_Quantity.quantity><out_Quantity.quantity>834.680938</out_Quantity.quantity></Point><Point><position>14362</position><in_Quantity.quantity>0.000000</in_Quantity.quantity><out_Quantity.quantity>446.219336</out_Quantity.quantity></Point><Point><position>14363</position><in_Quantity.quantity>0.000000</in_Quantity.quantity><out_Quantity.quantity>430.127478</out_Quantity.quantity></Point><Point><position>14364</position><in_Quantity.quantity>0.000000</in_Quantity.quantity><out_Quantity.quantity>619.856590</out_Quantity.quantity></Point><Point><position>14365</position><in_Quantity.quantity>0.000000</in_Quantity.quantity><out_Quantity.quantity>660.120853</out_Quantity.quantity></Point><Point><position>14366</position><in_Quantity.quantity>0.000000</in_Quantity.quantity><out_Quantity.quantity>350.216688</out_Quantity.quantity></Point><Point><position>14367</position><in_Quantity.quantity>0.000000</in_Quantity.quantity><out_Quantity.quantity>547.153312</out_Quantity.quantity></Point><Point><position>14368</position><in_Quantity.quantity>0.000000</in_Quantity.quantity><out_Quantity.quantity>778.697357</out_Quantity.quantity></Point><Point><position>14369</position><in_Quantity.quantity>0.000000</in_Quantity.quantity><out_Quantity.quantity>222.824434</out_Quantity.quantity></Point><Point><position>14370</position><in_Quantity.quantity>0.000000</in_Quantity.quantity><out_Quantity.quantity>907.417837</out_Quantity.quantity></Point><Point><position>14371</position><in_Quantity.quantity>0.000000</in_Quantity.quantity><out_Quantity.quantity>725.878814</out_Quantity.quantity></Point><Point><position>14372</position><in_Quantity.quantity>0.000000</in_Quantity.quantity><out_Quantity.quantity>460.830038</out_Quantity.quantity></Point><Point><position>14373</position><in_Quantity.quantity>0.000000</in_Quantity.quantity><out_Quantity.quantity>463.682650</out_Quantity.quantity></Point><Point><position>14374</position><in_Quantity.quantity>0.000000</in_Quantity.quantity><out_Quantity.quantity>269.166982</out_Quantity.quantity></Point><Point><position>14375</position><in_Quantity.quantity>0.000000</in_Quantity.quantity><out_Quantity.quantity>701.792683</out_Quantity.quantity></Point><Point><position>14376</position><in_Quantity.quantity>0.000000</in_Quantity.quantity><out_Quantity.quantity>432.885174</out_Quantity.quantity></Point><Point><position>14377</position><in_Quantity.quantity>0.000000</in_Quantity.quantity><out_Quantity.quantity>96.265308</out_Quantity.quantity></Point><Point><position>14378</position><in_Quantity.quantity>0.000000</in_Quantity.quantity><out_Quantity.quantity>821.475113</out_Quantity.quantity></Point><Point><position>14379</position><in_Quantity.quantity>0.000000</in_Quantity.quantity><out_Quantity.quantity>406.414631</out_Quantity.quantity></Point><Point><position>14380</position><in_Quantity.quantity>0.000000</in_Quantity.quantity><out_Quantity.quantity>736.793227</out_Quantity.quantity></Point><Point><position>14381</position><in_Quantity.quantity>0.000000</in_Quantity.quantity><out_Quantity.quantity>350.049360</out_Quantity.quantity></Point><Point><position>14382</position><in_Quantity.quantity>0.000000</in_Quantity.quantity><out_Quantity.quantity>631.263712</out_Quantity.quantity></Point><Point><position>14383</position><in_Quantity.quantity>0.000000</in_Quantity.quantity><out_Quantity.quantity>253.182581</out_Quantity.quantity></Point><Point><position>14384</position><in_Quantity.quantity>0.000000</in_Quantity.quantity><out_Quantity.quantity>500.842399</out_Quantity.quantity></Point><Point><position>14385</position><in_Quantity.quantity>0.000000</in_Quantity.quantity><out_Quantity.quantity>836.103352</out_Quantity.quantity></Point><Point><position>14386</position><in_Quantity.quantity>0.000000</in_Quantity.quantity><out_Quantity.quantity>868.533097</out_Quantity.quantity></Point><Point><position>14387</position><in_Quantity.quantity>0.000000</in_Quantity.quantity><out_Quantity.quantity>535.109851</out_Quantity.quantity></Point><Point><position>14388</position><in_Quantity.quantity>0.000000</in_Quantity.quantity><out_Quantity.quantity>884.479156</out_Quantity.quantity></Point><Point><position>14389</position><in_Quantity.quantity>0.000000</in_Quantity.quantity><out_Quantity.quantity>59.749077</out_Quantity.quantity></Point><Point><position>14390</position><in_Quantity.quantity>0.000000</in_Quantity.quantity><out_Quantity.quantity>428.824028</out_Quantity.quantity></Point><Point><position>14391</position><in_Quantity.quantity>0.000000</in_Quantity.quantity><out_Quantity.quantity>32.183547</out_Quantity.quantity></Point><Point><position>14392</position><in_Quantity.quantity>0.000000</in_Quantity.quantity><out_Quantity.quantity>37.995851</out_Quantity.quantity></Point><Point><position>14393</position><in_Quantity.quantity>0.000000</in_Quantity.quantity><out_Quantity.quantity>604.282502</out_Quantity.quantity></Point><Point><position>14394</position><in_Quantity.quantity>0.000000</in_Quantity.quantity><out_Quantity.quantity>893.930380</out_Quantity.quantity></Point><Point><position>14395</position><in_Quantity.quantity>0.000000</in_Quantity.quantity><out_Quantity.quantity>465.825271</out_Quantity.quantity></Point><Point><position>14396</position><in_Quantity.quantity>0.000000</in_Quantity.quantity><out_Quantity.quantity>395.604177</out_Quantity.quantity></Point><Point><position>14397</position><in_Quantity.quantity>0.000000</in_Quantity.quantity><out_Quantity.quantity>102.695086</out_Quantity.quantity></Point><Point><position>14398</position><in_Quantity.quantity>0.000000</in_Quantity.quantity><out_Quantity.quantity>737.204690</out_Quantity.quantity></Point><Point><position>14399</position><in_Quantity.quantity>0.000000</in_Quantity.quantity><out_Quantity.quantity>865.048208</out_Quantity.quantity></Point><Point><position>14400</position><in_Quantity.quantity>0.000000</in_Quantity.quantity><out_Quantity.quantity>774.034697</out_Quantity.quantity></Point></Period></TimeSeries></EnergyAccount_MarketDocument></soapenv:Body>
</soapenv:Envelope>
